----------------------------------------
Begin Torque Prologue on nid25337
at Mon Apr 30 11:28:12 CDT 2018
Job Id:			8564564.bw
Username:		bienz
Group:			ILL_jq7
Job name:		nodecomm
Requested resources:	neednodes=1:ppn=32:xe,nodes=1:ppn=32:xe,walltime=00:20:00
Queue:			normal
Account:		jq7
End Torque Prologue:  0.112 elapsed
----------------------------------------




Pingpong for
master:  0, 1, 2, 3, 4, 5, 6, 7
partner: 8, 9, 10, 11, 12, 13, 14, 15

Num Msgs 1
SizeMsgs 1
1.91e-06	1.90e-06	1.90e-06	1.90e-06	

Num Msgs 1
SizeMsgs 2
1.91e-06	1.91e-06	1.91e-06	1.91e-06	
Num Msgs 2
SizeMsgs 2
3.13e-06	3.10e-06	3.10e-06	3.10e-06	

Num Msgs 1
SizeMsgs 4
1.92e-06	1.91e-06	1.92e-06	1.91e-06	
Num Msgs 2
SizeMsgs 4
3.10e-06	3.11e-06	3.12e-06	3.12e-06	
Num Msgs 4
SizeMsgs 4
5.33e-06	5.33e-06	5.36e-06	5.36e-06	

Num Msgs 1
SizeMsgs 8
1.92e-06	1.92e-06	1.92e-06	1.92e-06	
Num Msgs 2
SizeMsgs 8
3.11e-06	3.11e-06	3.11e-06	3.12e-06	
Num Msgs 4
SizeMsgs 8
5.33e-06	5.33e-06	5.34e-06	5.35e-06	
Num Msgs 8
SizeMsgs 8
1.01e-05	1.01e-05	1.01e-05	1.01e-05	

Num Msgs 1
SizeMsgs 16
2.27e-06	2.27e-06	2.27e-06	2.27e-06	
Num Msgs 2
SizeMsgs 16
3.11e-06	3.11e-06	3.10e-06	3.11e-06	
Num Msgs 4
SizeMsgs 16
5.22e-06	5.22e-06	5.24e-06	5.32e-06	
Num Msgs 8
SizeMsgs 16
1.00e-05	9.99e-06	9.96e-06	9.92e-06	
Num Msgs 16
SizeMsgs 16
2.75e-05	1.93e-05	1.93e-05	1.93e-05	

Num Msgs 1
SizeMsgs 32
2.38e-06	2.38e-06	2.38e-06	2.38e-06	
Num Msgs 2
SizeMsgs 32
3.51e-06	3.49e-06	3.50e-06	3.50e-06	
Num Msgs 4
SizeMsgs 32
5.29e-06	5.30e-06	5.31e-06	5.30e-06	
Num Msgs 8
SizeMsgs 32
9.90e-06	9.89e-06	9.91e-06	9.86e-06	
Num Msgs 16
SizeMsgs 32
1.93e-05	1.93e-05	1.93e-05	1.92e-05	
Num Msgs 32
SizeMsgs 32
3.61e-05	3.61e-05	3.60e-05	3.61e-05	

Num Msgs 1
SizeMsgs 64
2.82e-06	2.78e-06	2.79e-06	2.79e-06	
Num Msgs 2
SizeMsgs 64
3.65e-06	3.65e-06	3.72e-06	3.64e-06	
Num Msgs 4
SizeMsgs 64
6.14e-06	6.16e-06	6.19e-06	6.16e-06	
Num Msgs 8
SizeMsgs 64
9.92e-06	9.93e-06	9.93e-06	9.93e-06	
Num Msgs 16
SizeMsgs 64
1.93e-05	1.93e-05	1.92e-05	1.94e-05	
Num Msgs 32
SizeMsgs 64
3.60e-05	3.61e-05	3.60e-05	3.61e-05	
Num Msgs 64
SizeMsgs 64
7.68e-05	7.68e-05	7.68e-05	7.68e-05	

Num Msgs 1
SizeMsgs 128
3.72e-06	3.73e-06	3.72e-06	3.72e-06	
Num Msgs 2
SizeMsgs 128
4.75e-06	4.73e-06	4.76e-06	4.74e-06	
Num Msgs 4
SizeMsgs 128
6.67e-06	6.67e-06	6.67e-06	6.67e-06	
Num Msgs 8
SizeMsgs 128
1.07e-05	1.07e-05	1.07e-05	1.07e-05	
Num Msgs 16
SizeMsgs 128
1.93e-05	1.93e-05	1.93e-05	1.93e-05	
Num Msgs 32
SizeMsgs 128
3.62e-05	3.61e-05	3.63e-05	3.62e-05	
Num Msgs 64
SizeMsgs 128
7.70e-05	7.69e-05	7.69e-05	7.67e-05	
Num Msgs 128
SizeMsgs 128
2.19e-04	2.18e-04	2.18e-04	2.18e-04	

Num Msgs 1
SizeMsgs 256
4.76e-06	4.81e-06	4.77e-06	4.77e-06	
Num Msgs 2
SizeMsgs 256
6.08e-06	6.08e-06	6.09e-06	6.07e-06	
Num Msgs 4
SizeMsgs 256
8.43e-06	8.42e-06	8.42e-06	8.41e-06	
Num Msgs 8
SizeMsgs 256
1.16e-05	1.16e-05	1.16e-05	1.17e-05	
Num Msgs 16
SizeMsgs 256
2.05e-05	2.05e-05	2.05e-05	2.06e-05	
Num Msgs 32
SizeMsgs 256
3.63e-05	3.60e-05	3.60e-05	3.62e-05	
Num Msgs 64
SizeMsgs 256
7.64e-05	7.63e-05	7.63e-05	7.66e-05	
Num Msgs 128
SizeMsgs 256
2.18e-04	2.19e-04	2.19e-04	2.19e-04	
Num Msgs 256
SizeMsgs 256
9.83e-04	9.83e-04	1.01e-03	9.84e-04	

Num Msgs 1
SizeMsgs 512
7.54e-06	7.45e-06	7.52e-06	7.42e-06	
Num Msgs 2
SizeMsgs 512
8.69e-06	8.60e-06	8.60e-06	8.59e-06	
Num Msgs 4
SizeMsgs 512
1.17e-05	1.17e-05	1.17e-05	1.17e-05	
Num Msgs 8
SizeMsgs 512
1.56e-05	1.56e-05	1.56e-05	1.56e-05	
Num Msgs 16
SizeMsgs 512
2.26e-05	2.24e-05	2.24e-05	2.22e-05	
Num Msgs 32
SizeMsgs 512
3.83e-05	3.83e-05	3.83e-05	3.83e-05	
Num Msgs 64
SizeMsgs 512
7.72e-05	7.74e-05	7.73e-05	7.79e-05	
Num Msgs 128
SizeMsgs 512
2.19e-04	2.19e-04	2.19e-04	2.19e-04	
Num Msgs 256
SizeMsgs 512
9.84e-04	9.85e-04	1.01e-03	9.88e-04	
Num Msgs 512
SizeMsgs 512
3.88e-03	3.85e-03	3.87e-03	3.87e-03	

Num Msgs 1
SizeMsgs 1024
1.19e-05	1.19e-05	1.19e-05	1.19e-05	
Num Msgs 2
SizeMsgs 1024
1.35e-05	1.35e-05	1.35e-05	1.35e-05	
Num Msgs 4
SizeMsgs 1024
1.64e-05	1.64e-05	1.64e-05	1.65e-05	
Num Msgs 8
SizeMsgs 1024
2.23e-05	2.23e-05	2.23e-05	2.24e-05	
Num Msgs 16
SizeMsgs 1024
2.91e-05	2.94e-05	2.92e-05	2.92e-05	
Num Msgs 32
SizeMsgs 1024
4.22e-05	4.16e-05	4.17e-05	4.16e-05	
Num Msgs 64
SizeMsgs 1024
8.25e-05	8.22e-05	8.24e-05	8.26e-05	
Num Msgs 128
SizeMsgs 1024
2.20e-04	2.21e-04	2.20e-04	2.20e-04	
Num Msgs 256
SizeMsgs 1024
9.85e-04	9.85e-04	1.01e-03	9.85e-04	
Num Msgs 512
SizeMsgs 1024
3.88e-03	3.85e-03	3.86e-03	3.88e-03	
Num Msgs 1024
SizeMsgs 1024
1.44e-02	1.46e-02	1.44e-02	1.44e-02	

Num Msgs 1
SizeMsgs 2048
5.59e-06	5.58e-06	5.59e-06	5.58e-06	
Num Msgs 2
SizeMsgs 2048
2.21e-05	2.21e-05	2.21e-05	2.21e-05	
Num Msgs 4
SizeMsgs 2048
2.63e-05	2.63e-05	2.63e-05	2.64e-05	
Num Msgs 8
SizeMsgs 2048
3.25e-05	3.25e-05	3.25e-05	3.25e-05	
Num Msgs 16
SizeMsgs 2048
4.47e-05	4.47e-05	4.49e-05	4.49e-05	
Num Msgs 32
SizeMsgs 2048
5.56e-05	5.53e-05	5.57e-05	5.52e-05	
Num Msgs 64
SizeMsgs 2048
8.81e-05	8.78e-05	8.80e-05	8.79e-05	
Num Msgs 128
SizeMsgs 2048
2.25e-04	2.25e-04	2.24e-04	2.25e-04	
Num Msgs 256
SizeMsgs 2048
9.86e-04	9.86e-04	1.01e-03	9.86e-04	
Num Msgs 512
SizeMsgs 2048
3.87e-03	3.85e-03	3.86e-03	3.87e-03	
Num Msgs 1024
SizeMsgs 2048
1.44e-02	1.45e-02	1.44e-02	1.44e-02	
Num Msgs 2048
SizeMsgs 2048
5.58e-02	5.51e-02	5.50e-02	5.50e-02	

Num Msgs 1
SizeMsgs 4096
7.23e-06	7.21e-06	7.22e-06	7.20e-06	
Num Msgs 2
SizeMsgs 4096
8.99e-06	8.99e-06	8.98e-06	8.97e-06	
Num Msgs 4
SizeMsgs 4096
4.34e-05	4.34e-05	4.34e-05	4.34e-05	
Num Msgs 8
SizeMsgs 4096
5.23e-05	5.24e-05	5.23e-05	5.22e-05	
Num Msgs 16
SizeMsgs 4096
6.44e-05	6.45e-05	6.45e-05	6.40e-05	
Num Msgs 32
SizeMsgs 4096
8.37e-05	8.37e-05	8.36e-05	8.38e-05	
Num Msgs 64
SizeMsgs 4096
1.10e-04	1.10e-04	1.11e-04	1.12e-04	
Num Msgs 128
SizeMsgs 4096
2.36e-04	2.36e-04	2.35e-04	2.36e-04	
Num Msgs 256
SizeMsgs 4096
9.98e-04	9.97e-04	9.98e-04	1.02e-03	
Num Msgs 512
SizeMsgs 4096
3.86e-03	3.87e-03	3.88e-03	3.86e-03	
Num Msgs 1024
SizeMsgs 4096
1.46e-02	1.45e-02	1.44e-02	1.45e-02	
Num Msgs 2048
SizeMsgs 4096
5.51e-02	5.50e-02	5.50e-02	5.50e-02	
Num Msgs 4096
SizeMsgs 4096
2.16e-01	2.14e-01	2.14e-01	2.14e-01	

Num Msgs 1
SizeMsgs 8192
1.08e-05	1.07e-05	1.07e-05	1.07e-05	
Num Msgs 2
SizeMsgs 8192
1.32e-05	1.32e-05	1.32e-05	1.32e-05	
Num Msgs 4
SizeMsgs 8192
1.66e-05	1.65e-05	1.65e-05	1.64e-05	
Num Msgs 8
SizeMsgs 8192
8.67e-05	8.67e-05	8.67e-05	8.67e-05	
Num Msgs 16
SizeMsgs 8192
1.05e-04	1.06e-04	1.05e-04	1.05e-04	
Num Msgs 32
SizeMsgs 8192
1.25e-04	1.25e-04	1.26e-04	1.26e-04	
Num Msgs 64
SizeMsgs 8192
1.58e-04	1.59e-04	1.60e-04	1.59e-04	
Num Msgs 128
SizeMsgs 8192
2.79e-04	2.83e-04	2.80e-04	2.79e-04	
Num Msgs 256
SizeMsgs 8192
1.01e-03	1.01e-03	1.01e-03	1.02e-03	
Num Msgs 512
SizeMsgs 8192
3.88e-03	3.88e-03	3.89e-03	3.88e-03	
Num Msgs 1024
SizeMsgs 8192
1.46e-02	1.46e-02	1.43e-02	1.44e-02	
Num Msgs 2048
SizeMsgs 8192
5.52e-02	5.51e-02	5.50e-02	5.50e-02	
Num Msgs 4096
SizeMsgs 8192
2.14e-01	2.14e-01	2.14e-01	2.14e-01	
Num Msgs 8192
SizeMsgs 8192
9.56e-01	9.53e-01	9.53e-01	9.53e-01	

Num Msgs 1
SizeMsgs 16384
1.92e-05	1.70e-05	1.86e-05	1.80e-05	
Num Msgs 2
SizeMsgs 16384
1.96e-05	1.93e-05	1.96e-05	2.16e-05	
Num Msgs 4
SizeMsgs 16384
2.50e-05	2.47e-05	2.48e-05	2.48e-05	
Num Msgs 8
SizeMsgs 16384
3.19e-05	3.15e-05	3.16e-05	3.15e-05	
Num Msgs 16
SizeMsgs 16384
1.73e-04	1.76e-04	1.81e-04	1.76e-04	
Num Msgs 32
SizeMsgs 16384
2.08e-04	2.08e-04	2.09e-04	2.06e-04	
Num Msgs 64
SizeMsgs 16384
2.43e-04	2.44e-04	2.44e-04	2.43e-04	
Num Msgs 128
SizeMsgs 16384
3.25e-04	3.24e-04	3.25e-04	3.25e-04	
Num Msgs 256
SizeMsgs 16384
1.11e-03	1.11e-03	1.11e-03	1.11e-03	
Num Msgs 512
SizeMsgs 16384
3.91e-03	3.91e-03	3.92e-03	3.92e-03	
Num Msgs 1024
SizeMsgs 16384
1.43e-02	1.46e-02	1.47e-02	1.44e-02	
Num Msgs 2048
SizeMsgs 16384
5.51e-02	5.51e-02	5.51e-02	5.52e-02	
Num Msgs 4096
SizeMsgs 16384
2.14e-01	2.14e-01	2.14e-01	2.14e-01	
Num Msgs 8192
SizeMsgs 16384
9.53e-01	9.53e-01	9.53e-01	9.53e-01	
Num Msgs 16384
SizeMsgs 16384
4.57e+00	4.56e+00	4.56e+00	4.56e+00	

Num Msgs 1
SizeMsgs 32768
3.32e-05	3.27e-05	2.99e-05	3.24e-05	
Num Msgs 2
SizeMsgs 32768
3.33e-05	3.46e-05	3.33e-05	3.41e-05	
Num Msgs 4
SizeMsgs 32768
3.83e-05	3.77e-05	3.91e-05	3.70e-05	
Num Msgs 8
SizeMsgs 32768
5.14e-05	4.86e-05	5.10e-05	4.86e-05	
Num Msgs 16
SizeMsgs 32768
6.55e-05	6.52e-05	6.52e-05	6.52e-05	
Num Msgs 32
SizeMsgs 32768
3.50e-04	3.52e-04	3.53e-04	3.56e-04	
Num Msgs 64
SizeMsgs 32768
4.05e-04	4.08e-04	4.04e-04	4.05e-04	
Num Msgs 128
SizeMsgs 32768
4.74e-04	4.73e-04	4.74e-04	4.67e-04	
Num Msgs 256
SizeMsgs 32768
1.17e-03	1.17e-03	1.17e-03	1.17e-03	
Num Msgs 512
SizeMsgs 32768
4.09e-03	4.10e-03	4.09e-03	4.08e-03	
Num Msgs 1024
SizeMsgs 32768
1.47e-02	1.47e-02	1.42e-02	1.47e-02	
Num Msgs 2048
SizeMsgs 32768
5.52e-02	5.52e-02	5.52e-02	5.52e-02	
Num Msgs 4096
SizeMsgs 32768
2.14e-01	2.14e-01	2.14e-01	2.14e-01	
Num Msgs 8192
SizeMsgs 32768
9.53e-01	9.53e-01	9.53e-01	9.53e-01	
Num Msgs 16384
SizeMsgs 32768
4.56e+00	4.56e+00	4.56e+00	4.56e+00	

Num Msgs 1
SizeMsgs 65536
6.44e-05	5.88e-05	5.86e-05	5.86e-05	
Num Msgs 2
SizeMsgs 65536
6.13e-05	6.11e-05	6.11e-05	6.09e-05	
Num Msgs 4
SizeMsgs 65536
6.62e-05	6.60e-05	6.61e-05	6.61e-05	
Num Msgs 8
SizeMsgs 65536
7.51e-05	7.52e-05	7.53e-05	7.55e-05	
Num Msgs 16
SizeMsgs 65536
1.01e-04	1.00e-04	1.01e-04	1.01e-04	
Num Msgs 32
SizeMsgs 65536
1.37e-04	1.36e-04	1.38e-04	1.36e-04	
Num Msgs 64
SizeMsgs 65536
6.89e-04	7.05e-04	7.01e-04	7.01e-04	
Num Msgs 128
SizeMsgs 65536
7.95e-04	8.18e-04	8.21e-04	8.42e-04	
Num Msgs 256
SizeMsgs 65536
1.37e-03	1.37e-03	1.37e-03	1.38e-03	
Num Msgs 512
SizeMsgs 65536
4.14e-03	4.19e-03	4.20e-03	4.17e-03	
Num Msgs 1024
SizeMsgs 65536
1.48e-02	1.48e-02	1.50e-02	1.48e-02	
Num Msgs 2048
SizeMsgs 65536
5.53e-02	5.53e-02	5.53e-02	5.53e-02	
Num Msgs 4096
SizeMsgs 65536
2.15e-01	2.14e-01	2.14e-01	2.14e-01	
Num Msgs 8192
SizeMsgs 65536
9.53e-01	9.53e-01	9.53e-01	9.53e-01	
Num Msgs 16384
SizeMsgs 65536
4.56e+00	4.56e+00	4.56e+00	4.56e+00	
Pingpong for
master:  0, 1, 2, 3, 4, 5, 6, 7
partner: 8, 9, 10, 11, 12, 13, 14, 15

Num Msgs 1
SizeMsgs 1
1.90e-06	1.90e-06	1.90e-06	1.90e-06	

Num Msgs 1
SizeMsgs 2
1.90e-06	1.90e-06	1.91e-06	1.91e-06	
Num Msgs 2
SizeMsgs 2
3.09e-06	3.08e-06	3.08e-06	3.08e-06	

Num Msgs 1
SizeMsgs 4
1.91e-06	1.92e-06	1.92e-06	1.92e-06	
Num Msgs 2
SizeMsgs 4
3.12e-06	3.12e-06	3.12e-06	3.12e-06	
Num Msgs 4
SizeMsgs 4
5.18e-06	5.31e-06	5.33e-06	5.31e-06	

Num Msgs 1
SizeMsgs 8
1.92e-06	1.92e-06	1.92e-06	1.92e-06	
Num Msgs 2
SizeMsgs 8
3.13e-06	3.12e-06	3.12e-06	3.13e-06	
Num Msgs 4
SizeMsgs 8
5.32e-06	5.33e-06	5.33e-06	5.33e-06	
Num Msgs 8
SizeMsgs 8
9.88e-06	9.89e-06	9.88e-06	9.87e-06	

Num Msgs 1
SizeMsgs 16
2.28e-06	2.27e-06	2.28e-06	2.27e-06	
Num Msgs 2
SizeMsgs 16
3.13e-06	3.13e-06	3.13e-06	3.13e-06	
Num Msgs 4
SizeMsgs 16
5.28e-06	5.29e-06	5.28e-06	5.27e-06	
Num Msgs 8
SizeMsgs 16
9.81e-06	9.82e-06	9.81e-06	9.85e-06	
Num Msgs 16
SizeMsgs 16
1.92e-05	1.92e-05	1.92e-05	1.92e-05	

Num Msgs 1
SizeMsgs 32
2.36e-06	2.36e-06	2.36e-06	2.37e-06	
Num Msgs 2
SizeMsgs 32
3.49e-06	3.50e-06	3.50e-06	3.50e-06	
Num Msgs 4
SizeMsgs 32
5.32e-06	5.32e-06	5.32e-06	5.33e-06	
Num Msgs 8
SizeMsgs 32
9.81e-06	9.79e-06	9.77e-06	9.80e-06	
Num Msgs 16
SizeMsgs 32
1.92e-05	1.91e-05	1.91e-05	1.91e-05	
Num Msgs 32
SizeMsgs 32
3.63e-05	3.62e-05	3.63e-05	3.61e-05	

Num Msgs 1
SizeMsgs 64
2.82e-06	2.82e-06	2.82e-06	2.83e-06	
Num Msgs 2
SizeMsgs 64
3.72e-06	3.70e-06	3.69e-06	3.68e-06	
Num Msgs 4
SizeMsgs 64
6.30e-06	6.29e-06	6.28e-06	6.29e-06	
Num Msgs 8
SizeMsgs 64
9.78e-06	9.80e-06	9.79e-06	9.79e-06	
Num Msgs 16
SizeMsgs 64
1.92e-05	1.94e-05	1.93e-05	1.93e-05	
Num Msgs 32
SizeMsgs 64
3.64e-05	3.63e-05	3.63e-05	3.63e-05	
Num Msgs 64
SizeMsgs 64
8.14e-05	8.20e-05	8.20e-05	8.23e-05	

Num Msgs 1
SizeMsgs 128
3.77e-06	3.78e-06	3.79e-06	3.78e-06	
Num Msgs 2
SizeMsgs 128
4.67e-06	4.67e-06	4.67e-06	4.61e-06	
Num Msgs 4
SizeMsgs 128
6.69e-06	6.68e-06	6.68e-06	6.68e-06	
Num Msgs 8
SizeMsgs 128
1.08e-05	1.07e-05	1.08e-05	1.07e-05	
Num Msgs 16
SizeMsgs 128
1.94e-05	1.94e-05	1.94e-05	1.94e-05	
Num Msgs 32
SizeMsgs 128
3.63e-05	3.64e-05	3.63e-05	3.63e-05	
Num Msgs 64
SizeMsgs 128
8.21e-05	8.21e-05	8.20e-05	8.20e-05	
Num Msgs 128
SizeMsgs 128
2.20e-04	2.19e-04	2.20e-04	2.20e-04	

Num Msgs 1
SizeMsgs 256
4.74e-06	4.75e-06	4.76e-06	4.75e-06	
Num Msgs 2
SizeMsgs 256
6.10e-06	6.10e-06	6.09e-06	6.08e-06	
Num Msgs 4
SizeMsgs 256
8.51e-06	8.48e-06	8.49e-06	8.48e-06	
Num Msgs 8
SizeMsgs 256
1.16e-05	1.17e-05	1.16e-05	1.16e-05	
Num Msgs 16
SizeMsgs 256
2.07e-05	2.07e-05	2.06e-05	2.07e-05	
Num Msgs 32
SizeMsgs 256
3.66e-05	3.64e-05	3.64e-05	3.64e-05	
Num Msgs 64
SizeMsgs 256
8.12e-05	8.11e-05	8.11e-05	8.11e-05	
Num Msgs 128
SizeMsgs 256
2.19e-04	2.18e-04	2.19e-04	2.19e-04	
Num Msgs 256
SizeMsgs 256
9.88e-04	9.88e-04	1.01e-03	9.87e-04	

Num Msgs 1
SizeMsgs 512
7.40e-06	7.41e-06	7.42e-06	7.39e-06	
Num Msgs 2
SizeMsgs 512
8.59e-06	8.59e-06	8.59e-06	8.60e-06	
Num Msgs 4
SizeMsgs 512
1.15e-05	1.15e-05	1.15e-05	1.15e-05	
Num Msgs 8
SizeMsgs 512
1.58e-05	1.57e-05	1.58e-05	1.58e-05	
Num Msgs 16
SizeMsgs 512
2.26e-05	2.25e-05	2.25e-05	2.24e-05	
Num Msgs 32
SizeMsgs 512
3.87e-05	3.86e-05	3.86e-05	3.87e-05	
Num Msgs 64
SizeMsgs 512
8.16e-05	8.16e-05	8.14e-05	8.15e-05	
Num Msgs 128
SizeMsgs 512
2.20e-04	2.20e-04	2.20e-04	2.19e-04	
Num Msgs 256
SizeMsgs 512
9.89e-04	9.88e-04	1.01e-03	9.89e-04	
Num Msgs 512
SizeMsgs 512
3.89e-03	3.86e-03	3.87e-03	3.87e-03	

Num Msgs 1
SizeMsgs 1024
1.19e-05	1.19e-05	1.18e-05	1.18e-05	
Num Msgs 2
SizeMsgs 1024
1.36e-05	1.36e-05	1.36e-05	1.36e-05	
Num Msgs 4
SizeMsgs 1024
1.63e-05	1.63e-05	1.63e-05	1.63e-05	
Num Msgs 8
SizeMsgs 1024
2.22e-05	2.22e-05	2.22e-05	2.22e-05	
Num Msgs 16
SizeMsgs 1024
3.14e-05	3.16e-05	3.14e-05	3.11e-05	
Num Msgs 32
SizeMsgs 1024
4.28e-05	4.23e-05	4.24e-05	4.24e-05	
Num Msgs 64
SizeMsgs 1024
8.61e-05	8.60e-05	8.64e-05	8.64e-05	
Num Msgs 128
SizeMsgs 1024
2.20e-04	2.20e-04	2.21e-04	2.20e-04	
Num Msgs 256
SizeMsgs 1024
9.90e-04	9.89e-04	1.01e-03	9.89e-04	
Num Msgs 512
SizeMsgs 1024
3.89e-03	3.88e-03	3.87e-03	3.88e-03	
Num Msgs 1024
SizeMsgs 1024
1.44e-02	1.44e-02	1.47e-02	1.46e-02	

Num Msgs 1
SizeMsgs 2048
7.32e-06	7.31e-06	7.29e-06	7.31e-06	
Num Msgs 2
SizeMsgs 2048
2.22e-05	2.22e-05	2.22e-05	2.22e-05	
Num Msgs 4
SizeMsgs 2048
2.65e-05	2.64e-05	2.64e-05	2.64e-05	
Num Msgs 8
SizeMsgs 2048
3.25e-05	3.23e-05	3.23e-05	3.23e-05	
Num Msgs 16
SizeMsgs 2048
4.47e-05	4.42e-05	4.41e-05	4.41e-05	
Num Msgs 32
SizeMsgs 2048
5.68e-05	5.68e-05	5.64e-05	5.65e-05	
Num Msgs 64
SizeMsgs 2048
9.34e-05	9.33e-05	9.34e-05	9.33e-05	
Num Msgs 128
SizeMsgs 2048
2.25e-04	2.26e-04	2.25e-04	2.25e-04	
Num Msgs 256
SizeMsgs 2048
9.89e-04	9.89e-04	1.02e-03	9.89e-04	
Num Msgs 512
SizeMsgs 2048
3.91e-03	3.88e-03	3.87e-03	3.88e-03	
Num Msgs 1024
SizeMsgs 2048
1.45e-02	1.43e-02	1.47e-02	1.47e-02	
Num Msgs 2048
SizeMsgs 2048
5.52e-02	5.51e-02	5.52e-02	5.52e-02	

Num Msgs 1
SizeMsgs 4096
8.14e-06	8.16e-06	8.16e-06	8.16e-06	
Num Msgs 2
SizeMsgs 4096
1.11e-05	1.12e-05	1.11e-05	1.11e-05	
Num Msgs 4
SizeMsgs 4096
4.35e-05	4.35e-05	4.35e-05	4.35e-05	
Num Msgs 8
SizeMsgs 4096
5.27e-05	5.27e-05	5.28e-05	5.29e-05	
Num Msgs 16
SizeMsgs 4096
6.41e-05	6.39e-05	6.42e-05	6.43e-05	
Num Msgs 32
SizeMsgs 4096
8.32e-05	8.26e-05	8.29e-05	8.30e-05	
Num Msgs 64
SizeMsgs 4096
1.12e-04	1.13e-04	1.12e-04	1.13e-04	
Num Msgs 128
SizeMsgs 4096
2.46e-04	2.45e-04	2.45e-04	2.46e-04	
Num Msgs 256
SizeMsgs 4096
1.00e-03	1.00e-03	1.01e-03	1.02e-03	
Num Msgs 512
SizeMsgs 4096
3.88e-03	3.90e-03	3.91e-03	3.87e-03	
Num Msgs 1024
SizeMsgs 4096
1.44e-02	1.47e-02	1.46e-02	1.44e-02	
Num Msgs 2048
SizeMsgs 4096
5.53e-02	5.52e-02	5.53e-02	5.52e-02	
Num Msgs 4096
SizeMsgs 4096
2.15e-01	2.15e-01	2.14e-01	2.15e-01	

Num Msgs 1
SizeMsgs 8192
1.18e-05	1.18e-05	1.18e-05	1.18e-05	
Num Msgs 2
SizeMsgs 8192
1.48e-05	1.47e-05	1.47e-05	1.47e-05	
Num Msgs 4
SizeMsgs 8192
2.03e-05	2.03e-05	2.03e-05	2.01e-05	
Num Msgs 8
SizeMsgs 8192
8.70e-05	8.70e-05	8.70e-05	8.69e-05	
Num Msgs 16
SizeMsgs 8192
1.03e-04	1.05e-04	1.05e-04	1.05e-04	
Num Msgs 32
SizeMsgs 8192
1.26e-04	1.26e-04	1.26e-04	1.27e-04	
Num Msgs 64
SizeMsgs 8192
1.58e-04	1.56e-04	1.58e-04	1.57e-04	
Num Msgs 128
SizeMsgs 8192
2.79e-04	2.79e-04	2.80e-04	2.82e-04	
Num Msgs 256
SizeMsgs 8192
1.02e-03	1.02e-03	1.02e-03	1.03e-03	
Num Msgs 512
SizeMsgs 8192
3.93e-03	3.91e-03	3.90e-03	3.91e-03	
Num Msgs 1024
SizeMsgs 8192
1.47e-02	1.43e-02	1.47e-02	1.47e-02	
Num Msgs 2048
SizeMsgs 8192
5.53e-02	5.53e-02	5.54e-02	5.53e-02	
Num Msgs 4096
SizeMsgs 8192
2.15e-01	2.14e-01	2.15e-01	2.15e-01	
Num Msgs 8192
SizeMsgs 8192
9.54e-01	9.54e-01	9.54e-01	9.54e-01	

Num Msgs 1
SizeMsgs 16384
2.08e-05	1.92e-05	2.07e-05	1.95e-05	
Num Msgs 2
SizeMsgs 16384
2.16e-05	2.12e-05	2.29e-05	2.22e-05	
Num Msgs 4
SizeMsgs 16384
2.78e-05	2.78e-05	2.78e-05	2.83e-05	
Num Msgs 8
SizeMsgs 16384
4.00e-05	3.93e-05	3.95e-05	3.93e-05	
Num Msgs 16
SizeMsgs 16384
1.74e-04	1.77e-04	1.77e-04	1.80e-04	
Num Msgs 32
SizeMsgs 16384
2.09e-04	2.08e-04	2.06e-04	2.10e-04	
Num Msgs 64
SizeMsgs 16384
2.43e-04	2.43e-04	2.44e-04	2.43e-04	
Num Msgs 128
SizeMsgs 16384
3.28e-04	3.27e-04	3.28e-04	3.28e-04	
Num Msgs 256
SizeMsgs 16384
1.11e-03	1.11e-03	1.11e-03	1.11e-03	
Num Msgs 512
SizeMsgs 16384
3.93e-03	3.92e-03	3.93e-03	3.93e-03	
Num Msgs 1024
SizeMsgs 16384
1.47e-02	1.45e-02	1.45e-02	1.48e-02	
Num Msgs 2048
SizeMsgs 16384
5.53e-02	5.53e-02	5.53e-02	5.54e-02	
Num Msgs 4096
SizeMsgs 16384
2.15e-01	2.15e-01	2.15e-01	2.15e-01	
Num Msgs 8192
SizeMsgs 16384
9.55e-01	9.54e-01	9.54e-01	9.55e-01	
Num Msgs 16384
SizeMsgs 16384
4.56e+00	4.56e+00	4.56e+00	4.56e+00	

Num Msgs 1
SizeMsgs 32768
3.64e-05	3.62e-05	3.34e-05	3.60e-05	
Num Msgs 2
SizeMsgs 32768
3.46e-05	3.73e-05	3.49e-05	3.71e-05	
Num Msgs 4
SizeMsgs 32768
4.12e-05	4.33e-05	4.15e-05	4.34e-05	
Num Msgs 8
SizeMsgs 32768
5.47e-05	5.49e-05	5.63e-05	5.43e-05	
Num Msgs 16
SizeMsgs 32768
7.94e-05	7.92e-05	7.91e-05	7.90e-05	
Num Msgs 32
SizeMsgs 32768
3.56e-04	3.52e-04	3.51e-04	3.51e-04	
Num Msgs 64
SizeMsgs 32768
4.06e-04	4.06e-04	4.05e-04	4.08e-04	
Num Msgs 128
SizeMsgs 32768
4.77e-04	4.77e-04	4.77e-04	4.76e-04	
Num Msgs 256
SizeMsgs 32768
1.17e-03	1.17e-03	1.17e-03	1.17e-03	
Num Msgs 512
SizeMsgs 32768
4.09e-03	4.11e-03	4.10e-03	4.09e-03	
Num Msgs 1024
SizeMsgs 32768
1.48e-02	1.46e-02	1.46e-02	1.48e-02	
Num Msgs 2048
SizeMsgs 32768
5.55e-02	5.54e-02	5.55e-02	5.56e-02	
Num Msgs 4096
SizeMsgs 32768
2.15e-01	2.15e-01	2.15e-01	2.15e-01	
Num Msgs 8192
SizeMsgs 32768
9.54e-01	9.54e-01	9.54e-01	9.54e-01	
Num Msgs 16384
SizeMsgs 32768
4.56e+00	4.56e+00	4.56e+00	4.56e+00	

Num Msgs 1
SizeMsgs 65536
7.16e-05	6.63e-05	6.64e-05	6.61e-05	
Num Msgs 2
SizeMsgs 65536
6.73e-05	6.73e-05	6.69e-05	6.77e-05	
Num Msgs 4
SizeMsgs 65536
7.20e-05	7.21e-05	7.22e-05	7.18e-05	
Num Msgs 8
SizeMsgs 65536
8.46e-05	8.47e-05	8.47e-05	8.47e-05	
Num Msgs 16
SizeMsgs 65536
1.12e-04	1.12e-04	1.11e-04	1.12e-04	
Num Msgs 32
SizeMsgs 65536
1.67e-04	1.67e-04	1.67e-04	1.67e-04	
Num Msgs 64
SizeMsgs 65536
6.95e-04	6.93e-04	6.98e-04	6.93e-04	
Num Msgs 128
SizeMsgs 65536
8.09e-04	7.95e-04	7.97e-04	8.05e-04	
Num Msgs 256
SizeMsgs 65536
1.38e-03	1.38e-03	1.39e-03	1.38e-03	
Num Msgs 512
SizeMsgs 65536
4.15e-03	4.19e-03	4.21e-03	4.18e-03	
Num Msgs 1024
SizeMsgs 65536
1.52e-02	1.48e-02	1.52e-02	1.52e-02	
Num Msgs 2048
SizeMsgs 65536
5.56e-02	5.55e-02	5.55e-02	5.55e-02	
Num Msgs 4096
SizeMsgs 65536
2.16e-01	2.15e-01	2.15e-01	2.15e-01	
Num Msgs 8192
SizeMsgs 65536
9.55e-01	9.54e-01	9.55e-01	9.54e-01	
Num Msgs 16384
SizeMsgs 65536
4.56e+00	4.56e+00	4.56e+00	4.56e+00	
Application 66661807 resources: utime ~3310s, stime ~12s, Rss ~22628, inblocks ~7000, outblocks ~16463
