----------------------------------------
Begin Torque Prologue on nid25337
at Fri Apr  6 15:21:57 CDT 2018
Job Id:			8488442.bw
Username:		bienz
Group:			ILL_jq7
Job name:		nodecomm
Requested resources:	neednodes=1:ppn=32:xe,nodes=1:ppn=32:xe,walltime=00:15:00
Queue:			normal
Account:		jq7
End Torque Prologue:  0.111 elapsed
----------------------------------------




Pingpong for
master:  0, 1, 2, 3, 4, 5, 6, 7
partner: 8, 9, 10, 11, 12, 13, 14, 15
1	1.28e-06	1.28e-06	1.31e-06	1.32e-06	1.32e-06	1.31e-06	1.32e-06	1.32e-06	
2	1.29e-06	1.29e-06	1.32e-06	1.33e-06	1.33e-06	1.33e-06	1.33e-06	1.33e-06	
4	1.63e-06	1.65e-06	1.78e-06	1.80e-06	1.79e-06	1.80e-06	1.79e-06	1.79e-06	
8	1.81e-06	1.82e-06	1.85e-06	1.87e-06	1.87e-06	1.87e-06	1.88e-06	1.88e-06	
16	2.14e-06	2.17e-06	2.22e-06	2.25e-06	2.25e-06	2.25e-06	2.26e-06	2.26e-06	
32	2.18e-06	2.21e-06	2.30e-06	2.34e-06	2.33e-06	2.33e-06	2.34e-06	2.34e-06	
64	2.33e-06	2.39e-06	2.47e-06	2.57e-06	2.56e-06	2.59e-06	2.60e-06	2.62e-06	
128	2.62e-06	2.84e-06	3.26e-06	3.51e-06	3.51e-06	3.52e-06	3.51e-06	3.52e-06	
256	3.44e-06	3.82e-06	4.31e-06	4.72e-06	4.73e-06	4.73e-06	4.73e-06	4.92e-06	
512	4.69e-06	5.25e-06	6.42e-06	7.33e-06	7.34e-06	7.34e-06	7.34e-06	7.38e-06	
1024	7.35e-06	8.16e-06	1.01e-05	1.18e-05	1.18e-05	1.18e-05	1.18e-05	1.19e-05	
2048	5.44e-06	5.58e-06	5.59e-06	5.62e-06	5.63e-06	5.64e-06	5.64e-06	5.64e-06	
4096	6.93e-06	7.32e-06	7.33e-06	7.44e-06	7.44e-06	7.45e-06	7.46e-06	7.46e-06	
8192	1.02e-05	1.06e-05	1.06e-05	1.09e-05	1.09e-05	1.09e-05	1.09e-05	1.09e-05	
16384	1.67e-05	1.71e-05	1.71e-05	1.71e-05	1.83e-05	1.85e-05	1.71e-05	1.71e-05	
32768	2.97e-05	3.01e-05	3.01e-05	3.28e-05	3.01e-05	3.28e-05	3.01e-05	3.26e-05	
65536	5.57e-05	5.61e-05	5.80e-05	5.87e-05	5.87e-05	5.86e-05	5.88e-05	5.88e-05	
Pingpong for
master:  0, 1, 2, 3, 4, 5, 6, 7
partner: 8, 9, 10, 11, 12, 13, 14, 15
1	1.28e-06	1.28e-06	1.29e-06	1.30e-06	1.30e-06	1.30e-06	1.30e-06	1.30e-06	
2	1.29e-06	1.29e-06	1.30e-06	1.31e-06	1.31e-06	1.31e-06	1.31e-06	1.32e-06	
4	1.63e-06	1.64e-06	1.66e-06	1.68e-06	1.68e-06	1.68e-06	1.68e-06	1.68e-06	
8	1.80e-06	1.82e-06	1.84e-06	1.87e-06	1.87e-06	1.87e-06	1.87e-06	1.87e-06	
16	2.14e-06	2.18e-06	2.20e-06	2.24e-06	2.24e-06	2.24e-06	2.24e-06	2.25e-06	
32	2.18e-06	2.21e-06	2.24e-06	2.29e-06	2.29e-06	2.29e-06	2.30e-06	2.30e-06	
64	2.28e-06	2.38e-06	2.44e-06	2.61e-06	2.62e-06	2.62e-06	2.63e-06	2.64e-06	
128	2.63e-06	2.85e-06	3.13e-06	3.43e-06	3.43e-06	3.44e-06	3.44e-06	3.61e-06	
256	3.47e-06	3.85e-06	4.37e-06	4.79e-06	4.79e-06	4.79e-06	4.79e-06	4.89e-06	
512	4.59e-06	5.10e-06	6.35e-06	7.30e-06	7.30e-06	7.30e-06	7.31e-06	7.35e-06	
1024	7.36e-06	8.19e-06	1.00e-05	1.18e-05	1.18e-05	1.18e-05	1.18e-05	1.19e-05	
2048	4.92e-06	7.32e-06	7.34e-06	7.38e-06	7.38e-06	7.38e-06	7.38e-06	7.39e-06	
4096	7.10e-06	7.94e-06	7.97e-06	8.04e-06	8.06e-06	8.07e-06	8.06e-06	8.29e-06	
8192	1.11e-05	1.12e-05	1.13e-05	1.16e-05	1.15e-05	1.16e-05	1.16e-05	1.18e-05	
16384	1.91e-05	1.91e-05	1.91e-05	1.92e-05	2.00e-05	2.04e-05	1.97e-05	1.92e-05	
32768	3.56e-05	3.55e-05	3.55e-05	3.74e-05	3.60e-05	3.74e-05	3.68e-05	3.67e-05	
65536	6.95e-05	6.90e-05	7.03e-05	7.18e-05	7.19e-05	7.19e-05	7.20e-05	7.22e-05	
Application 66151768 resources: utime ~164s, stime ~9s, Rss ~22628, inblocks ~6994, outblocks ~16423
