----------------------------------------
Begin Torque Prologue on nid25339
at Fri Apr  6 15:21:59 CDT 2018
Job Id:			8488444.bw
Username:		bienz
Group:			ILL_jq7
Job name:		nodecomm
Requested resources:	neednodes=1:ppn=32:xe,nodes=1:ppn=32:xe,walltime=00:15:00
Queue:			normal
Account:		jq7
End Torque Prologue:  0.121 elapsed
----------------------------------------




Pingpong for
master:  0, 1, 2, 3, 4, 5, 6, 7
partner: 8, 9, 10, 11, 12, 13, 14, 15
1	1.27e-06	1.28e-06	1.29e-06	1.29e-06	1.30e-06	1.29e-06	1.29e-06	1.30e-06	
2	1.28e-06	1.30e-06	1.30e-06	1.31e-06	1.31e-06	1.31e-06	1.31e-06	1.32e-06	
4	1.62e-06	1.65e-06	1.66e-06	1.68e-06	1.68e-06	1.70e-06	1.72e-06	1.75e-06	
8	1.80e-06	1.83e-06	1.85e-06	1.87e-06	1.87e-06	1.87e-06	1.87e-06	1.87e-06	
16	2.13e-06	2.18e-06	2.21e-06	2.24e-06	2.24e-06	2.24e-06	2.24e-06	2.24e-06	
32	2.17e-06	2.21e-06	2.24e-06	2.29e-06	2.29e-06	2.29e-06	2.29e-06	2.30e-06	
64	2.32e-06	2.39e-06	2.48e-06	2.58e-06	2.60e-06	2.61e-06	2.62e-06	2.66e-06	
128	2.63e-06	2.84e-06	3.12e-06	3.42e-06	3.42e-06	3.43e-06	3.43e-06	3.62e-06	
256	3.47e-06	3.84e-06	4.40e-06	4.82e-06	4.82e-06	4.82e-06	4.81e-06	4.83e-06	
512	4.69e-06	5.21e-06	6.41e-06	7.31e-06	7.33e-06	7.33e-06	7.35e-06	7.39e-06	
1024	7.39e-06	8.27e-06	1.00e-05	1.18e-05	1.18e-05	1.18e-05	1.18e-05	1.19e-05	
2048	5.46e-06	5.55e-06	5.55e-06	5.58e-06	5.59e-06	5.59e-06	5.60e-06	5.60e-06	
4096	6.91e-06	6.99e-06	7.11e-06	7.35e-06	7.35e-06	7.35e-06	7.37e-06	7.37e-06	
8192	1.02e-05	1.03e-05	1.04e-05	1.09e-05	1.09e-05	1.09e-05	1.09e-05	1.09e-05	
16384	1.71e-05	1.68e-05	1.69e-05	1.72e-05	1.77e-05	1.89e-05	1.72e-05	1.72e-05	
32768	3.01e-05	2.98e-05	2.99e-05	3.29e-05	3.01e-05	3.27e-05	3.01e-05	3.26e-05	
65536	5.60e-05	5.60e-05	5.80e-05	5.89e-05	5.89e-05	5.88e-05	5.88e-05	5.88e-05	
Pingpong for
master:  0, 1, 2, 3, 4, 5, 6, 7
partner: 8, 9, 10, 11, 12, 13, 14, 15
1	1.28e-06	1.29e-06	1.30e-06	1.30e-06	1.30e-06	1.30e-06	1.30e-06	1.31e-06	
2	1.29e-06	1.30e-06	1.31e-06	1.32e-06	1.32e-06	1.32e-06	1.31e-06	1.31e-06	
4	1.64e-06	1.66e-06	1.67e-06	1.69e-06	1.76e-06	1.71e-06	1.78e-06	1.73e-06	
8	1.81e-06	1.83e-06	1.85e-06	1.87e-06	1.87e-06	1.87e-06	1.87e-06	1.88e-06	
16	2.15e-06	2.18e-06	2.21e-06	2.24e-06	2.24e-06	2.24e-06	2.25e-06	2.25e-06	
32	2.19e-06	2.22e-06	2.24e-06	2.29e-06	2.30e-06	2.30e-06	2.30e-06	2.30e-06	
64	2.35e-06	2.43e-06	2.54e-06	2.61e-06	2.61e-06	2.63e-06	2.62e-06	2.61e-06	
128	2.95e-06	3.16e-06	3.41e-06	3.67e-06	3.66e-06	3.67e-06	3.67e-06	3.67e-06	
256	3.46e-06	3.83e-06	4.37e-06	4.78e-06	4.79e-06	4.79e-06	4.80e-06	4.80e-06	
512	4.59e-06	5.08e-06	6.38e-06	7.30e-06	7.31e-06	7.30e-06	7.32e-06	7.35e-06	
1024	7.34e-06	8.23e-06	1.00e-05	1.18e-05	1.18e-05	1.18e-05	1.18e-05	1.19e-05	
2048	4.92e-06	7.26e-06	7.29e-06	7.32e-06	7.32e-06	7.33e-06	7.33e-06	7.34e-06	
4096	7.12e-06	7.73e-06	7.79e-06	7.89e-06	7.90e-06	7.90e-06	8.12e-06	8.16e-06	
8192	1.11e-05	1.11e-05	1.12e-05	1.15e-05	1.15e-05	1.15e-05	1.17e-05	1.17e-05	
16384	1.96e-05	1.91e-05	1.92e-05	1.91e-05	2.02e-05	2.06e-05	1.98e-05	1.95e-05	
32768	3.65e-05	3.56e-05	3.56e-05	3.75e-05	3.61e-05	3.73e-05	3.64e-05	3.71e-05	
65536	6.98e-05	6.90e-05	7.03e-05	7.21e-05	7.18e-05	7.21e-05	7.20e-05	7.20e-05	
Application 66151770 resources: utime ~164s, stime ~9s, Rss ~22628, inblocks ~6994, outblocks ~16423
