----------------------------------------
Begin Torque Prologue on nid25338
at Fri Apr  6 15:21:58 CDT 2018
Job Id:			8488443.bw
Username:		bienz
Group:			ILL_jq7
Job name:		nodecomm
Requested resources:	neednodes=1:ppn=32:xe,nodes=1:ppn=32:xe,walltime=00:15:00
Queue:			normal
Account:		jq7
End Torque Prologue:  0.104 elapsed
----------------------------------------




Pingpong for
master:  0, 1, 2, 3, 4, 5, 6, 7
partner: 8, 9, 10, 11, 12, 13, 14, 15
1	1.28e-06	1.29e-06	1.29e-06	1.31e-06	1.31e-06	1.30e-06	1.31e-06	1.31e-06	
2	1.29e-06	1.30e-06	1.31e-06	1.31e-06	1.31e-06	1.31e-06	1.32e-06	1.32e-06	
4	1.64e-06	1.65e-06	1.67e-06	1.69e-06	1.69e-06	1.70e-06	1.70e-06	1.70e-06	
8	1.82e-06	1.82e-06	1.84e-06	1.87e-06	1.87e-06	1.88e-06	1.88e-06	1.88e-06	
16	2.16e-06	2.18e-06	2.22e-06	2.25e-06	2.25e-06	2.25e-06	2.25e-06	2.25e-06	
32	2.19e-06	2.21e-06	2.24e-06	2.29e-06	2.29e-06	2.30e-06	2.30e-06	2.31e-06	
64	2.34e-06	2.39e-06	2.46e-06	2.56e-06	2.56e-06	2.57e-06	2.57e-06	2.61e-06	
128	2.62e-06	2.85e-06	3.23e-06	3.44e-06	3.45e-06	3.44e-06	3.45e-06	3.60e-06	
256	3.44e-06	3.82e-06	4.41e-06	4.81e-06	4.82e-06	4.82e-06	4.83e-06	4.93e-06	
512	4.67e-06	5.21e-06	6.43e-06	7.33e-06	7.35e-06	7.34e-06	7.36e-06	7.42e-06	
1024	7.35e-06	8.17e-06	1.01e-05	1.18e-05	1.18e-05	1.18e-05	1.18e-05	1.19e-05	
2048	5.44e-06	5.50e-06	5.50e-06	5.53e-06	5.52e-06	5.52e-06	5.52e-06	5.60e-06	
4096	6.92e-06	7.00e-06	7.06e-06	7.16e-06	7.16e-06	7.17e-06	7.19e-06	7.36e-06	
8192	1.02e-05	1.03e-05	1.04e-05	1.07e-05	1.07e-05	1.07e-05	1.07e-05	1.09e-05	
16384	1.68e-05	1.68e-05	1.69e-05	1.69e-05	1.77e-05	1.87e-05	1.70e-05	1.71e-05	
32768	2.99e-05	2.99e-05	3.01e-05	3.29e-05	3.01e-05	3.28e-05	3.01e-05	3.28e-05	
65536	5.59e-05	5.60e-05	5.84e-05	5.85e-05	5.88e-05	5.88e-05	5.89e-05	5.88e-05	
Pingpong for
master:  0, 1, 2, 3, 4, 5, 6, 7
partner: 8, 9, 10, 11, 12, 13, 14, 15
1	1.29e-06	1.30e-06	1.30e-06	1.31e-06	1.31e-06	1.31e-06	1.31e-06	1.31e-06	
2	1.30e-06	1.31e-06	1.32e-06	1.32e-06	1.32e-06	1.33e-06	1.32e-06	1.33e-06	
4	1.65e-06	1.66e-06	1.68e-06	1.70e-06	1.70e-06	1.70e-06	1.70e-06	1.70e-06	
8	1.81e-06	1.82e-06	1.83e-06	1.87e-06	1.87e-06	1.87e-06	1.87e-06	1.88e-06	
16	2.16e-06	2.18e-06	2.21e-06	2.24e-06	2.25e-06	2.25e-06	2.25e-06	2.25e-06	
32	2.21e-06	2.23e-06	2.26e-06	2.30e-06	2.31e-06	2.30e-06	2.31e-06	2.31e-06	
64	2.35e-06	2.41e-06	2.49e-06	2.58e-06	2.58e-06	2.58e-06	2.58e-06	2.59e-06	
128	2.95e-06	3.16e-06	3.42e-06	3.70e-06	3.70e-06	3.70e-06	3.70e-06	3.71e-06	
256	3.50e-06	3.87e-06	4.38e-06	4.78e-06	4.77e-06	4.78e-06	4.78e-06	4.92e-06	
512	4.64e-06	5.13e-06	6.40e-06	7.30e-06	7.31e-06	7.32e-06	7.33e-06	7.37e-06	
1024	7.40e-06	8.29e-06	1.00e-05	1.18e-05	1.18e-05	1.18e-05	1.19e-05	1.19e-05	
2048	4.94e-06	7.29e-06	7.31e-06	7.34e-06	7.35e-06	7.36e-06	7.36e-06	7.36e-06	
4096	7.11e-06	7.72e-06	7.80e-06	7.90e-06	7.92e-06	7.92e-06	7.92e-06	7.93e-06	
8192	1.11e-05	1.11e-05	1.11e-05	1.14e-05	1.14e-05	1.14e-05	1.14e-05	1.14e-05	
16384	1.92e-05	1.91e-05	1.92e-05	1.94e-05	2.02e-05	2.07e-05	1.92e-05	1.97e-05	
32768	3.61e-05	3.57e-05	3.55e-05	3.78e-05	3.61e-05	3.73e-05	3.62e-05	3.73e-05	
65536	6.96e-05	6.91e-05	7.03e-05	7.20e-05	7.18e-05	7.19e-05	7.21e-05	7.22e-05	
Application 66151769 resources: utime ~164s, stime ~9s, Rss ~22628, inblocks ~6994, outblocks ~16423
