Pingpong for
master:  0, 1, 2, 3, 4, 5, 6, 7
partner: 8, 9, 10, 11, 12, 13, 14, 15
1	1.43e-06	1.42e-06	1.42e-06	1.43e-06	1.45e-06	1.44e-06	1.49e-06	1.49e-06	
2	1.38e-06	1.45e-06	1.45e-06	1.49e-06	1.47e-06	1.50e-06	1.51e-06	1.51e-06	
4	1.73e-06	1.77e-06	1.79e-06	1.80e-06	1.83e-06	1.84e-06	1.86e-06	1.92e-06	
8	1.81e-06	1.79e-06	1.87e-06	1.84e-06	1.86e-06	1.88e-06	1.94e-06	1.96e-06	
16	2.22e-06	2.11e-06	2.28e-06	2.18e-06	2.34e-06	2.23e-06	2.46e-06	2.35e-06	
32	2.18e-06	2.14e-06	2.24e-06	2.21e-06	2.38e-06	2.30e-06	2.52e-06	2.44e-06	
64	2.21e-06	2.28e-06	2.40e-06	2.47e-06	2.61e-06	2.76e-06	2.98e-06	3.12e-06	
128	2.58e-06	2.74e-06	2.92e-06	3.08e-06	3.45e-06	3.66e-06	3.99e-06	4.28e-06	
256	3.40e-06	3.55e-06	3.86e-06	4.05e-06	4.70e-06	5.24e-06	5.87e-06	6.42e-06	
512	4.39e-06	4.70e-06	5.25e-06	5.80e-06	7.03e-06	7.96e-06	9.03e-06	1.00e-05	
1024	6.86e-06	7.30e-06	8.32e-06	9.07e-06	1.11e-05	1.29e-05	1.48e-05	1.65e-05	
2048	6.37e-06	8.78e-06	8.80e-06	8.89e-06	8.90e-06	9.13e-06	9.10e-06	9.17e-06	
4096	8.82e-06	9.75e-06	9.86e-06	1.03e-05	1.04e-05	1.09e-05	1.10e-05	1.11e-05	
8192	1.31e-05	1.47e-05	1.48e-05	1.51e-05	1.53e-05	1.58e-05	1.59e-05	1.60e-05	
16384	2.38e-05	2.62e-05	2.43e-05	2.68e-05	2.47e-05	2.73e-05	2.57e-05	2.57e-05	
32768	4.40e-05	4.65e-05	4.62e-05	4.70e-05	4.62e-05	4.82e-05	4.72e-05	4.86e-05	
65536	8.28e-05	8.86e-05	8.76e-05	9.13e-05	9.25e-05	9.15e-05	9.27e-05	9.42e-05	

Pingpong for
master:  0, 1, 2, 3, 4, 5, 6, 7
partner: 8, 9, 10, 11, 12, 13, 14, 15
1	1.43e-06	1.42e-06	1.42e-06	1.44e-06	1.46e-06	1.46e-06	1.47e-06	1.49e-06	
2	1.37e-06	1.43e-06	1.45e-06	1.48e-06	1.47e-06	1.50e-06	1.50e-06	1.51e-06	
4	1.72e-06	1.78e-06	1.80e-06	1.81e-06	1.83e-06	1.85e-06	1.86e-06	1.90e-06	
8	1.77e-06	1.79e-06	1.83e-06	1.84e-06	1.85e-06	1.86e-06	1.91e-06	1.92e-06	
16	2.25e-06	2.22e-06	2.27e-06	2.25e-06	2.32e-06	2.34e-06	2.34e-06	2.40e-06	
32	2.20e-06	2.13e-06	2.20e-06	2.17e-06	2.39e-06	2.30e-06	2.42e-06	2.40e-06	
64	2.17e-06	2.27e-06	2.36e-06	2.46e-06	2.66e-06	2.73e-06	2.92e-06	3.07e-06	
128	2.63e-06	2.73e-06	2.93e-06	3.06e-06	3.46e-06	3.61e-06	3.92e-06	4.24e-06	
256	3.44e-06	3.60e-06	3.90e-06	4.09e-06	4.67e-06	5.18e-06	5.79e-06	6.37e-06	
512	4.45e-06	4.78e-06	5.27e-06	5.81e-06	6.89e-06	7.92e-06	9.00e-06	9.97e-06	
1024	6.90e-06	7.40e-06	8.35e-06	9.07e-06	1.11e-05	1.29e-05	1.48e-05	1.64e-05	
2048	6.32e-06	8.93e-06	8.96e-06	9.03e-06	9.07e-06	9.16e-06	9.19e-06	9.26e-06	
4096	8.84e-06	9.77e-06	9.87e-06	1.03e-05	1.03e-05	1.05e-05	1.06e-05	1.09e-05	
8192	1.32e-05	1.46e-05	1.48e-05	1.51e-05	1.53e-05	1.54e-05	1.56e-05	1.59e-05	
16384	2.57e-05	2.42e-05	2.60e-05	2.51e-05	2.67e-05	2.53e-05	2.69e-05	2.64e-05	
32768	4.32e-05	4.64e-05	4.59e-05	4.74e-05	4.69e-05	4.71e-05	4.73e-05	4.87e-05	
65536	8.33e-05	8.75e-05	8.94e-05	8.98e-05	9.05e-05	9.54e-05	9.22e-05	9.29e-05	

Pingpong for
master:  0, 1, 2, 3, 4, 5, 6, 7
partner: 8, 9, 10, 11, 12, 13, 14, 15
1	1.34e-06	1.40e-06	1.41e-06	1.43e-06	1.44e-06	1.44e-06	1.46e-06	1.48e-06	
2	1.38e-06	1.43e-06	1.43e-06	1.47e-06	1.47e-06	1.49e-06	1.50e-06	1.52e-06	
4	1.70e-06	1.76e-06	1.78e-06	1.79e-06	1.81e-06	1.83e-06	1.85e-06	1.95e-06	
8	1.77e-06	1.80e-06	1.81e-06	1.84e-06	1.86e-06	1.85e-06	1.87e-06	1.90e-06	
16	2.22e-06	2.19e-06	2.25e-06	2.23e-06	2.34e-06	2.27e-06	2.34e-06	2.33e-06	
32	2.17e-06	2.12e-06	2.19e-06	2.20e-06	2.39e-06	2.30e-06	2.40e-06	2.41e-06	
64	2.18e-06	2.28e-06	2.39e-06	2.49e-06	2.68e-06	2.79e-06	2.97e-06	3.12e-06	
128	2.57e-06	2.73e-06	2.91e-06	3.07e-06	3.51e-06	3.66e-06	3.97e-06	4.27e-06	
256	3.37e-06	3.56e-06	3.85e-06	4.11e-06	4.72e-06	5.22e-06	5.86e-06	6.37e-06	
512	4.42e-06	4.70e-06	5.25e-06	5.82e-06	7.09e-06	7.95e-06	9.03e-06	1.00e-05	
1024	6.82e-06	7.30e-06	8.27e-06	9.07e-06	1.11e-05	1.30e-05	1.48e-05	1.65e-05	
2048	6.54e-06	8.77e-06	8.79e-06	8.88e-06	8.93e-06	8.96e-06	9.02e-06	9.11e-06	
4096	8.84e-06	9.75e-06	9.83e-06	1.03e-05	1.04e-05	1.05e-05	1.06e-05	1.07e-05	
8192	1.32e-05	1.47e-05	1.48e-05	1.52e-05	1.54e-05	1.55e-05	1.56e-05	1.57e-05	
16384	2.35e-05	2.63e-05	2.44e-05	2.70e-05	2.49e-05	2.68e-05	2.58e-05	2.79e-05	
32768	4.23e-05	4.67e-05	4.60e-05	4.73e-05	4.72e-05	4.83e-05	4.66e-05	4.83e-05	
65536	8.32e-05	8.72e-05	8.90e-05	9.06e-05	9.04e-05	9.18e-05	9.25e-05	9.39e-05	
