Pingpong for
master:  0, 2, 4, 6, 8, 10, 12, 14
partner: 1, 3, 5, 7, 9, 11, 13, 15
1	7.99e-07	8.25e-07	8.30e-07	8.34e-07	8.41e-07	8.57e-07	8.54e-07	8.50e-07	
2	8.40e-07	8.48e-07	8.57e-07	8.59e-07	8.63e-07	8.81e-07	8.50e-07	8.80e-07	
4	9.18e-07	9.58e-07	9.65e-07	1.01e-06	9.75e-07	1.01e-06	9.73e-07	1.01e-06	
8	8.66e-07	9.03e-07	8.97e-07	9.09e-07	9.14e-07	9.10e-07	9.30e-07	9.21e-07	
16	9.01e-07	9.36e-07	9.55e-07	9.59e-07	9.51e-07	9.57e-07	9.51e-07	9.56e-07	
32	9.60e-07	9.86e-07	9.92e-07	1.00e-06	1.01e-06	1.03e-06	1.04e-06	1.02e-06	
64	1.04e-06	1.09e-06	1.10e-06	1.13e-06	1.12e-06	1.12e-06	1.12e-06	1.13e-06	
128	1.27e-06	1.29e-06	1.32e-06	1.32e-06	1.32e-06	1.34e-06	1.33e-06	1.34e-06	
256	1.61e-06	1.65e-06	1.70e-06	1.70e-06	1.70e-06	1.69e-06	1.72e-06	1.70e-06	
512	2.30e-06	2.38e-06	2.38e-06	2.41e-06	2.41e-06	2.42e-06	2.46e-06	2.46e-06	
1024	3.33e-06	3.38e-06	3.45e-06	3.53e-06	3.52e-06	3.51e-06	3.52e-06	3.51e-06	
2048	5.56e-06	5.72e-06	5.81e-06	5.92e-06	5.96e-06	5.99e-06	5.97e-06	5.99e-06	
4096	8.15e-06	8.39e-06	8.77e-06	8.93e-06	8.91e-06	8.90e-06	8.91e-06	8.94e-06	
8192	1.30e-05	1.33e-05	1.36e-05	1.38e-05	1.38e-05	1.39e-05	1.39e-05	1.39e-05	
16384	2.25e-05	2.40e-05	2.32e-05	2.55e-05	2.45e-05	2.48e-05	2.54e-05	2.35e-05	
32768	4.42e-05	4.48e-05	4.57e-05	4.57e-05	4.54e-05	4.69e-05	4.64e-05	4.54e-05	
65536	8.44e-05	8.55e-05	8.61e-05	8.89e-05	8.86e-05	8.81e-05	8.88e-05	8.89e-05	

Pingpong for
master:  0, 2, 4, 6, 8, 10, 12, 14
partner: 1, 3, 5, 7, 9, 11, 13, 15
1	7.83e-07	8.17e-07	8.10e-07	8.39e-07	8.42e-07	8.59e-07	8.42e-07	8.44e-07	
2	8.29e-07	8.53e-07	8.59e-07	8.68e-07	8.64e-07	8.67e-07	8.54e-07	8.93e-07	
4	9.25e-07	9.50e-07	9.78e-07	9.69e-07	9.73e-07	9.95e-07	9.72e-07	1.01e-06	
8	8.57e-07	9.13e-07	9.07e-07	9.16e-07	9.17e-07	9.31e-07	9.21e-07	9.21e-07	
16	9.30e-07	9.42e-07	9.56e-07	9.75e-07	9.73e-07	9.81e-07	9.71e-07	9.92e-07	
32	9.47e-07	9.93e-07	1.01e-06	1.04e-06	1.03e-06	1.02e-06	1.01e-06	1.03e-06	
64	1.07e-06	1.07e-06	1.09e-06	1.14e-06	1.12e-06	1.12e-06	1.13e-06	1.12e-06	
128	1.26e-06	1.26e-06	1.31e-06	1.31e-06	1.32e-06	1.31e-06	1.32e-06	1.32e-06	
256	1.59e-06	1.61e-06	1.65e-06	1.67e-06	1.68e-06	1.69e-06	1.70e-06	1.69e-06	
512	2.24e-06	2.30e-06	2.38e-06	2.41e-06	2.40e-06	2.42e-06	2.42e-06	2.42e-06	
1024	3.25e-06	3.33e-06	3.43e-06	3.48e-06	3.48e-06	3.47e-06	3.48e-06	3.48e-06	
2048	5.58e-06	5.66e-06	5.84e-06	6.08e-06	6.04e-06	6.07e-06	6.04e-06	6.06e-06	
4096	8.14e-06	8.37e-06	8.83e-06	8.95e-06	8.97e-06	8.98e-06	8.96e-06	8.98e-06	
8192	1.30e-05	1.33e-05	1.36e-05	1.38e-05	1.38e-05	1.38e-05	1.38e-05	1.39e-05	
16384	2.29e-05	2.52e-05	2.33e-05	2.55e-05	2.43e-05	2.47e-05	2.54e-05	2.34e-05	
32768	4.44e-05	4.50e-05	4.53e-05	4.57e-05	4.52e-05	4.68e-05	4.54e-05	4.54e-05	
65536	8.44e-05	8.59e-05	8.61e-05	8.69e-05	8.89e-05	8.77e-05	8.84e-05	8.88e-05	


Pingpong for
master:  0, 2, 4, 6, 8, 10, 12, 14
partner: 1, 3, 5, 7, 9, 11, 13, 15
1	7.99e-07	8.13e-07	8.31e-07	8.59e-07	8.49e-07	8.49e-07	8.61e-07	8.42e-07	
2	8.45e-07	8.47e-07	8.58e-07	8.85e-07	8.48e-07	8.73e-07	8.76e-07	8.67e-07	
4	9.31e-07	9.64e-07	9.68e-07	9.78e-07	9.75e-07	9.99e-07	9.77e-07	1.00e-06	
8	8.68e-07	9.00e-07	9.04e-07	9.22e-07	9.29e-07	9.17e-07	9.34e-07	9.36e-07	
16	9.27e-07	9.56e-07	9.57e-07	9.72e-07	9.71e-07	9.79e-07	9.62e-07	9.76e-07	
32	9.73e-07	1.00e-06	1.02e-06	1.02e-06	1.02e-06	1.02e-06	1.03e-06	1.02e-06	
64	1.05e-06	1.10e-06	1.09e-06	1.13e-06	1.12e-06	1.14e-06	1.13e-06	1.12e-06	
128	1.27e-06	1.30e-06	1.34e-06	1.33e-06	1.35e-06	1.40e-06	1.36e-06	1.40e-06	
256	1.68e-06	1.75e-06	1.78e-06	1.76e-06	1.77e-06	1.83e-06	1.78e-06	1.82e-06	
512	2.48e-06	2.50e-06	2.54e-06	2.57e-06	2.57e-06	2.58e-06	2.58e-06	2.58e-06	
1024	3.68e-06	3.71e-06	3.80e-06	3.83e-06	3.86e-06	3.91e-06	3.85e-06	3.80e-06	
2048	5.54e-06	5.78e-06	5.87e-06	6.00e-06	5.99e-06	5.98e-06	6.00e-06	6.00e-06	
4096	8.10e-06	8.36e-06	8.78e-06	8.92e-06	8.90e-06	8.89e-06	8.95e-06	8.95e-06	
8192	1.30e-05	1.33e-05	1.36e-05	1.38e-05	1.38e-05	1.38e-05	1.38e-05	1.38e-05	
16384	2.32e-05	2.39e-05	2.45e-05	2.47e-05	2.54e-05	2.35e-05	2.53e-05	2.56e-05	
32768	4.23e-05	4.41e-05	4.57e-05	4.67e-05	4.50e-05	4.54e-05	4.66e-05	4.51e-05	
65536	8.40e-05	8.56e-05	8.61e-05	8.89e-05	8.86e-05	8.74e-05	8.85e-05	8.74e-05	

