Pingpong for
master:  0, 2, 4, 6, 8, 10, 12, 14
partner: 1, 3, 5, 7, 9, 11, 13, 15
1	1.13e-06	1.12e-06	1.12e-06	1.12e-06	1.12e-06	1.13e-06	1.15e-06	1.15e-06	
2	1.16e-06	1.16e-06	1.17e-06	1.17e-06	1.18e-06	1.19e-06	1.19e-06	1.19e-06	
4	1.41e-06	1.42e-06	1.42e-06	1.43e-06	1.44e-06	1.51e-06	1.45e-06	1.45e-06	
8	1.50e-06	1.50e-06	1.50e-06	1.51e-06	1.52e-06	1.52e-06	1.52e-06	1.53e-06	
16	1.51e-06	1.53e-06	1.53e-06	1.53e-06	1.53e-06	1.54e-06	1.54e-06	1.55e-06	
32	1.60e-06	1.61e-06	1.61e-06	1.61e-06	1.62e-06	1.62e-06	1.63e-06	1.63e-06	
64	1.79e-06	1.79e-06	1.81e-06	1.80e-06	1.80e-06	1.82e-06	1.82e-06	1.83e-06	
128	1.86e-06	1.90e-06	1.92e-06	1.96e-06	1.97e-06	2.00e-06	2.01e-06	2.03e-06	
256	2.52e-06	2.73e-06	2.74e-06	2.77e-06	2.78e-06	2.82e-06	2.85e-06	2.87e-06	
512	3.39e-06	3.53e-06	3.57e-06	3.64e-06	3.69e-06	3.78e-06	3.82e-06	3.91e-06	
1024	5.49e-06	5.70e-06	5.78e-06	5.90e-06	5.99e-06	6.14e-06	6.22e-06	6.35e-06	
2048	4.75e-06	4.78e-06	4.74e-06	4.75e-06	4.75e-06	4.76e-06	4.76e-06	4.77e-06	
4096	6.20e-06	6.48e-06	6.48e-06	6.50e-06	6.50e-06	6.52e-06	6.52e-06	6.52e-06	
8192	9.53e-06	9.88e-06	9.91e-06	9.89e-06	9.92e-06	9.91e-06	9.95e-06	9.94e-06	
16384	1.61e-05	1.62e-05	1.84e-05	1.66e-05	1.64e-05	1.62e-05	1.84e-05	1.80e-05	
32768	2.91e-05	3.03e-05	3.09e-05	3.04e-05	3.08e-05	3.06e-05	3.14e-05	3.05e-05	
65536	5.60e-05	5.81e-05	5.81e-05	5.82e-05	5.81e-05	5.82e-05	5.82e-05	5.82e-05	
Pingpong for
master:  0, 2, 4, 6, 8, 10, 12, 14
partner: 1, 3, 5, 7, 9, 11, 13, 15
1	1.15e-06	1.15e-06	1.16e-06	1.15e-06	1.16e-06	1.16e-06	1.16e-06	1.17e-06	
2	1.16e-06	1.16e-06	1.16e-06	1.17e-06	1.17e-06	1.18e-06	1.18e-06	1.18e-06	
4	1.42e-06	1.42e-06	1.43e-06	1.43e-06	1.44e-06	1.44e-06	1.45e-06	1.45e-06	
8	1.50e-06	1.51e-06	1.51e-06	1.51e-06	1.53e-06	1.59e-06	1.60e-06	1.59e-06	
16	1.52e-06	1.53e-06	1.53e-06	1.54e-06	1.54e-06	1.55e-06	1.55e-06	1.56e-06	
32	1.59e-06	1.61e-06	1.61e-06	1.62e-06	1.62e-06	1.63e-06	1.62e-06	1.62e-06	
64	1.69e-06	1.73e-06	1.73e-06	1.75e-06	1.75e-06	1.77e-06	1.78e-06	1.86e-06	
128	1.92e-06	1.97e-06	1.98e-06	2.00e-06	2.02e-06	2.05e-06	2.06e-06	2.17e-06	
256	2.48e-06	2.68e-06	2.72e-06	2.77e-06	2.79e-06	2.82e-06	2.83e-06	2.94e-06	
512	3.37e-06	3.60e-06	3.63e-06	3.70e-06	3.74e-06	3.83e-06	3.87e-06	4.07e-06	
1024	5.37e-06	5.64e-06	5.71e-06	5.82e-06	5.91e-06	6.07e-06	6.15e-06	6.44e-06	
2048	4.18e-06	6.39e-06	6.39e-06	6.47e-06	6.47e-06	6.47e-06	6.48e-06	6.62e-06	
4096	6.14e-06	7.11e-06	7.11e-06	7.43e-06	7.43e-06	7.44e-06	7.44e-06	7.45e-06	
8192	9.61e-06	1.05e-05	1.06e-05	1.09e-05	1.09e-05	1.09e-05	1.09e-05	1.10e-05	
16384	1.67e-05	1.69e-05	1.68e-05	1.92e-05	1.77e-05	1.75e-05	1.73e-05	1.96e-05	
32768	3.07e-05	3.10e-05	3.29e-05	3.15e-05	3.23e-05	3.20e-05	3.29e-05	3.23e-05	
65536	5.97e-05	6.19e-05	6.18e-05	6.19e-05	6.20e-05	6.21e-05	6.20e-05	6.22e-05	

Pingpong for
master:  0, 2, 4, 6, 8, 10, 12, 14
partner: 1, 3, 5, 7, 9, 11, 13, 15
1	9.78e-07	9.91e-07	9.89e-07	1.00e-06	1.00e-06	1.02e-06	1.02e-06	1.03e-06	
2	9.84e-07	9.98e-07	1.00e-06	1.01e-06	1.06e-06	1.06e-06	1.09e-06	1.07e-06	
4	1.39e-06	1.48e-06	1.47e-06	1.47e-06	1.49e-06	1.49e-06	1.52e-06	1.52e-06	
8	1.52e-06	1.52e-06	1.52e-06	1.52e-06	1.52e-06	1.52e-06	1.52e-06	1.53e-06	
16	1.53e-06	1.54e-06	1.54e-06	1.54e-06	1.55e-06	1.55e-06	1.55e-06	1.55e-06	
32	1.62e-06	1.63e-06	1.64e-06	1.64e-06	1.64e-06	1.64e-06	1.65e-06	1.65e-06	
64	1.78e-06	1.80e-06	1.80e-06	1.82e-06	1.81e-06	1.83e-06	1.83e-06	1.82e-06	
128	1.96e-06	2.01e-06	2.02e-06	2.04e-06	2.06e-06	2.08e-06	2.10e-06	2.11e-06	
256	2.60e-06	2.72e-06	2.71e-06	2.74e-06	2.78e-06	2.81e-06	2.84e-06	2.88e-06	
512	3.40e-06	3.54e-06	3.58e-06	3.64e-06	3.69e-06	3.77e-06	3.81e-06	3.89e-06	
1024	5.50e-06	5.72e-06	5.80e-06	5.90e-06	5.99e-06	6.13e-06	6.21e-06	6.33e-06	
2048	4.78e-06	4.74e-06	4.75e-06	4.75e-06	4.75e-06	4.77e-06	4.77e-06	4.77e-06	
4096	6.22e-06	6.40e-06	6.57e-06	6.61e-06	6.62e-06	6.64e-06	6.66e-06	6.65e-06	
8192	9.52e-06	9.85e-06	1.02e-05	1.02e-05	1.02e-05	1.02e-05	1.02e-05	1.02e-05	
16384	1.61e-05	1.61e-05	1.68e-05	1.87e-05	1.66e-05	1.64e-05	1.69e-05	1.88e-05	
32768	2.91e-05	2.95e-05	3.15e-05	2.99e-05	3.15e-05	3.02e-05	3.16e-05	3.01e-05	
65536	5.63e-05	5.79e-05	5.80e-05	5.81e-05	5.81e-05	5.82e-05	5.84e-05	5.83e-05	
Pingpong for
master:  0, 2, 4, 6, 8, 10, 12, 14
partner: 1, 3, 5, 7, 9, 11, 13, 15
1	9.72e-07	9.90e-07	9.94e-07	9.99e-07	1.00e-06	1.01e-06	1.02e-06	1.03e-06	
2	9.83e-07	1.00e-06	1.00e-06	1.01e-06	1.02e-06	1.03e-06	1.03e-06	1.04e-06	
4	1.45e-06	1.47e-06	1.47e-06	1.48e-06	1.48e-06	1.50e-06	1.50e-06	1.51e-06	
8	1.56e-06	1.57e-06	1.56e-06	1.57e-06	1.56e-06	1.60e-06	1.57e-06	1.62e-06	
16	1.53e-06	1.54e-06	1.54e-06	1.54e-06	1.55e-06	1.55e-06	1.55e-06	1.55e-06	
32	1.56e-06	1.56e-06	1.56e-06	1.57e-06	1.57e-06	1.57e-06	1.57e-06	1.57e-06	
64	1.70e-06	1.74e-06	1.74e-06	1.75e-06	1.76e-06	1.76e-06	1.76e-06	1.81e-06	
128	1.87e-06	1.90e-06	1.91e-06	1.93e-06	1.94e-06	1.96e-06	1.97e-06	2.06e-06	
256	2.54e-06	2.72e-06	2.73e-06	2.76e-06	2.78e-06	2.83e-06	2.84e-06	2.91e-06	
512	3.35e-06	3.62e-06	3.65e-06	3.70e-06	3.75e-06	3.83e-06	3.87e-06	4.03e-06	
1024	5.35e-06	5.67e-06	5.72e-06	5.82e-06	5.91e-06	6.04e-06	6.12e-06	6.36e-06	
2048	4.17e-06	6.27e-06	6.27e-06	6.28e-06	6.28e-06	6.41e-06	6.42e-06	6.57e-06	
4096	6.12e-06	7.14e-06	7.15e-06	7.17e-06	7.18e-06	7.23e-06	7.24e-06	7.44e-06	
8192	9.55e-06	1.06e-05	1.06e-05	1.06e-05	1.06e-05	1.06e-05	1.07e-05	1.09e-05	
16384	1.66e-05	1.71e-05	1.70e-05	1.92e-05	1.73e-05	1.70e-05	1.74e-05	1.93e-05	
32768	3.06e-05	3.09e-05	3.27e-05	3.13e-05	3.23e-05	3.19e-05	3.24e-05	3.21e-05	
65536	5.94e-05	6.20e-05	6.20e-05	6.18e-05	6.19e-05	6.19e-05	6.21e-05	6.21e-05	

Pingpong for
master:  0, 2, 4, 6, 8, 10, 12, 14
partner: 1, 3, 5, 7, 9, 11, 13, 15
1	9.60e-07	9.77e-07	9.70e-07	9.77e-07	9.99e-07	1.01e-06	1.00e-06	1.02e-06	
2	9.73e-07	9.86e-07	9.86e-07	9.92e-07	1.02e-06	1.03e-06	1.04e-06	1.07e-06	
4	1.36e-06	1.34e-06	1.34e-06	1.36e-06	1.37e-06	1.39e-06	1.39e-06	1.40e-06	
8	1.51e-06	1.51e-06	1.52e-06	1.52e-06	1.52e-06	1.53e-06	1.53e-06	1.53e-06	
16	1.53e-06	1.54e-06	1.54e-06	1.54e-06	1.55e-06	1.55e-06	1.55e-06	1.55e-06	
32	1.60e-06	1.62e-06	1.62e-06	1.62e-06	1.63e-06	1.63e-06	1.64e-06	1.64e-06	
64	1.83e-06	1.84e-06	1.83e-06	1.82e-06	1.84e-06	1.84e-06	1.85e-06	1.86e-06	
128	1.94e-06	2.00e-06	2.02e-06	2.04e-06	2.06e-06	2.08e-06	2.09e-06	2.11e-06	
256	2.62e-06	2.70e-06	2.73e-06	2.76e-06	2.78e-06	2.84e-06	2.85e-06	2.88e-06	
512	3.33e-06	3.54e-06	3.58e-06	3.64e-06	3.69e-06	3.78e-06	3.82e-06	3.88e-06	
1024	5.49e-06	5.72e-06	5.79e-06	5.92e-06	6.00e-06	6.14e-06	6.22e-06	6.35e-06	
2048	4.73e-06	4.71e-06	4.72e-06	4.79e-06	4.77e-06	4.77e-06	4.87e-06	4.86e-06	
4096	6.27e-06	6.42e-06	6.41e-06	6.68e-06	6.68e-06	6.70e-06	6.69e-06	6.71e-06	
8192	9.65e-06	9.95e-06	9.98e-06	1.01e-05	1.01e-05	1.01e-05	1.01e-05	1.01e-05	
16384	1.61e-05	1.63e-05	1.72e-05	1.78e-05	1.63e-05	1.63e-05	1.74e-05	1.78e-05	
32768	2.92e-05	2.98e-05	3.12e-05	3.01e-05	3.12e-05	3.03e-05	3.17e-05	3.03e-05	
65536	5.67e-05	5.83e-05	5.83e-05	5.83e-05	5.83e-05	5.84e-05	5.84e-05	5.85e-05	
Pingpong for
master:  0, 2, 4, 6, 8, 10, 12, 14
partner: 1, 3, 5, 7, 9, 11, 13, 15
1	1.14e-06	1.14e-06	1.15e-06	1.15e-06	1.15e-06	1.16e-06	1.16e-06	1.17e-06	
2	1.15e-06	1.16e-06	1.16e-06	1.16e-06	1.17e-06	1.17e-06	1.18e-06	1.18e-06	
4	1.41e-06	1.42e-06	1.42e-06	1.43e-06	1.44e-06	1.45e-06	1.45e-06	1.46e-06	
8	1.50e-06	1.53e-06	1.54e-06	1.55e-06	1.53e-06	1.53e-06	1.53e-06	1.53e-06	
16	1.51e-06	1.53e-06	1.53e-06	1.53e-06	1.54e-06	1.55e-06	1.55e-06	1.55e-06	
32	1.59e-06	1.61e-06	1.61e-06	1.61e-06	1.62e-06	1.62e-06	1.62e-06	1.62e-06	
64	1.69e-06	1.71e-06	1.73e-06	1.73e-06	1.74e-06	1.75e-06	1.76e-06	1.79e-06	
128	1.92e-06	1.97e-06	1.98e-06	2.00e-06	2.01e-06	2.04e-06	2.05e-06	2.15e-06	
256	2.49e-06	2.70e-06	2.76e-06	2.78e-06	2.79e-06	2.85e-06	2.85e-06	2.93e-06	
512	3.36e-06	3.60e-06	3.65e-06	3.72e-06	3.76e-06	3.84e-06	3.88e-06	4.04e-06	
1024	5.36e-06	5.66e-06	5.74e-06	5.85e-06	5.93e-06	6.07e-06	6.15e-06	6.39e-06	
2048	4.16e-06	6.37e-06	6.37e-06	6.37e-06	6.37e-06	6.49e-06	6.49e-06	6.49e-06	
4096	6.13e-06	7.11e-06	7.12e-06	7.17e-06	7.17e-06	7.20e-06	7.22e-06	7.22e-06	
8192	9.59e-06	1.05e-05	1.05e-05	1.06e-05	1.06e-05	1.06e-05	1.06e-05	1.07e-05	
16384	1.66e-05	1.70e-05	1.76e-05	1.89e-05	1.69e-05	1.70e-05	1.80e-05	1.91e-05	
32768	3.07e-05	3.11e-05	3.25e-05	3.16e-05	3.22e-05	3.19e-05	3.22e-05	3.25e-05	
65536	5.96e-05	6.20e-05	6.20e-05	6.20e-05	6.19e-05	6.23e-05	6.21e-05	6.22e-05	

