----------------------------------------
Begin Torque Prologue on nid25350
at Fri Apr  6 15:22:00 CDT 2018
Job Id:			8488447.bw
Username:		bienz
Group:			ILL_jq7
Job name:		nodecomm
Requested resources:	neednodes=1:ppn=32:xe,nodes=1:ppn=32:xe,walltime=00:15:00
Queue:			normal
Account:		jq7
End Torque Prologue:  0.115 elapsed
----------------------------------------




Pingpong for
master:  0, 2, 4, 6, 8, 10, 12, 14
partner: 1, 3, 5, 7, 9, 11, 13, 15
1	9.60e-07	9.77e-07	9.70e-07	9.77e-07	9.99e-07	1.01e-06	1.00e-06	1.02e-06	
2	9.73e-07	9.86e-07	9.86e-07	9.92e-07	1.02e-06	1.03e-06	1.04e-06	1.07e-06	
4	1.36e-06	1.34e-06	1.34e-06	1.36e-06	1.37e-06	1.39e-06	1.39e-06	1.40e-06	
8	1.51e-06	1.51e-06	1.52e-06	1.52e-06	1.52e-06	1.53e-06	1.53e-06	1.53e-06	
16	1.53e-06	1.54e-06	1.54e-06	1.54e-06	1.55e-06	1.55e-06	1.55e-06	1.55e-06	
32	1.60e-06	1.62e-06	1.62e-06	1.62e-06	1.63e-06	1.63e-06	1.64e-06	1.64e-06	
64	1.83e-06	1.84e-06	1.83e-06	1.82e-06	1.84e-06	1.84e-06	1.85e-06	1.86e-06	
128	1.94e-06	2.00e-06	2.02e-06	2.04e-06	2.06e-06	2.08e-06	2.09e-06	2.11e-06	
256	2.62e-06	2.70e-06	2.73e-06	2.76e-06	2.78e-06	2.84e-06	2.85e-06	2.88e-06	
512	3.33e-06	3.54e-06	3.58e-06	3.64e-06	3.69e-06	3.78e-06	3.82e-06	3.88e-06	
1024	5.49e-06	5.72e-06	5.79e-06	5.92e-06	6.00e-06	6.14e-06	6.22e-06	6.35e-06	
2048	4.73e-06	4.71e-06	4.72e-06	4.79e-06	4.77e-06	4.77e-06	4.87e-06	4.86e-06	
4096	6.27e-06	6.42e-06	6.41e-06	6.68e-06	6.68e-06	6.70e-06	6.69e-06	6.71e-06	
8192	9.65e-06	9.95e-06	9.98e-06	1.01e-05	1.01e-05	1.01e-05	1.01e-05	1.01e-05	
16384	1.61e-05	1.63e-05	1.72e-05	1.78e-05	1.63e-05	1.63e-05	1.74e-05	1.78e-05	
32768	2.92e-05	2.98e-05	3.12e-05	3.01e-05	3.12e-05	3.03e-05	3.17e-05	3.03e-05	
65536	5.67e-05	5.83e-05	5.83e-05	5.83e-05	5.83e-05	5.84e-05	5.84e-05	5.85e-05	
Pingpong for
master:  0, 2, 4, 6, 8, 10, 12, 14
partner: 1, 3, 5, 7, 9, 11, 13, 15
1	1.14e-06	1.14e-06	1.15e-06	1.15e-06	1.15e-06	1.16e-06	1.16e-06	1.17e-06	
2	1.15e-06	1.16e-06	1.16e-06	1.16e-06	1.17e-06	1.17e-06	1.18e-06	1.18e-06	
4	1.41e-06	1.42e-06	1.42e-06	1.43e-06	1.44e-06	1.45e-06	1.45e-06	1.46e-06	
8	1.50e-06	1.53e-06	1.54e-06	1.55e-06	1.53e-06	1.53e-06	1.53e-06	1.53e-06	
16	1.51e-06	1.53e-06	1.53e-06	1.53e-06	1.54e-06	1.55e-06	1.55e-06	1.55e-06	
32	1.59e-06	1.61e-06	1.61e-06	1.61e-06	1.62e-06	1.62e-06	1.62e-06	1.62e-06	
64	1.69e-06	1.71e-06	1.73e-06	1.73e-06	1.74e-06	1.75e-06	1.76e-06	1.79e-06	
128	1.92e-06	1.97e-06	1.98e-06	2.00e-06	2.01e-06	2.04e-06	2.05e-06	2.15e-06	
256	2.49e-06	2.70e-06	2.76e-06	2.78e-06	2.79e-06	2.85e-06	2.85e-06	2.93e-06	
512	3.36e-06	3.60e-06	3.65e-06	3.72e-06	3.76e-06	3.84e-06	3.88e-06	4.04e-06	
1024	5.36e-06	5.66e-06	5.74e-06	5.85e-06	5.93e-06	6.07e-06	6.15e-06	6.39e-06	
2048	4.16e-06	6.37e-06	6.37e-06	6.37e-06	6.37e-06	6.49e-06	6.49e-06	6.49e-06	
4096	6.13e-06	7.11e-06	7.12e-06	7.17e-06	7.17e-06	7.20e-06	7.22e-06	7.22e-06	
8192	9.59e-06	1.05e-05	1.05e-05	1.06e-05	1.06e-05	1.06e-05	1.06e-05	1.07e-05	
16384	1.66e-05	1.70e-05	1.76e-05	1.89e-05	1.69e-05	1.70e-05	1.80e-05	1.91e-05	
32768	3.07e-05	3.11e-05	3.25e-05	3.16e-05	3.22e-05	3.19e-05	3.22e-05	3.25e-05	
65536	5.96e-05	6.20e-05	6.20e-05	6.20e-05	6.19e-05	6.23e-05	6.21e-05	6.22e-05	
Application 66151773 resources: utime ~123s, stime ~8s, Rss ~22628, inblocks ~6994, outblocks ~16423
