----------------------------------------
Begin Torque Prologue on nid25348
at Fri Apr  6 15:21:59 CDT 2018
Job Id:			8488445.bw
Username:		bienz
Group:			ILL_jq7
Job name:		nodecomm
Requested resources:	neednodes=1:ppn=32:xe,nodes=1:ppn=32:xe,walltime=00:15:00
Queue:			normal
Account:		jq7
End Torque Prologue:  0.111 elapsed
----------------------------------------




Pingpong for
master:  0, 2, 4, 6, 8, 10, 12, 14
partner: 1, 3, 5, 7, 9, 11, 13, 15
1	1.13e-06	1.12e-06	1.12e-06	1.12e-06	1.12e-06	1.13e-06	1.15e-06	1.15e-06	
2	1.16e-06	1.16e-06	1.17e-06	1.17e-06	1.18e-06	1.19e-06	1.19e-06	1.19e-06	
4	1.41e-06	1.42e-06	1.42e-06	1.43e-06	1.44e-06	1.51e-06	1.45e-06	1.45e-06	
8	1.50e-06	1.50e-06	1.50e-06	1.51e-06	1.52e-06	1.52e-06	1.52e-06	1.53e-06	
16	1.51e-06	1.53e-06	1.53e-06	1.53e-06	1.53e-06	1.54e-06	1.54e-06	1.55e-06	
32	1.60e-06	1.61e-06	1.61e-06	1.61e-06	1.62e-06	1.62e-06	1.63e-06	1.63e-06	
64	1.79e-06	1.79e-06	1.81e-06	1.80e-06	1.80e-06	1.82e-06	1.82e-06	1.83e-06	
128	1.86e-06	1.90e-06	1.92e-06	1.96e-06	1.97e-06	2.00e-06	2.01e-06	2.03e-06	
256	2.52e-06	2.73e-06	2.74e-06	2.77e-06	2.78e-06	2.82e-06	2.85e-06	2.87e-06	
512	3.39e-06	3.53e-06	3.57e-06	3.64e-06	3.69e-06	3.78e-06	3.82e-06	3.91e-06	
1024	5.49e-06	5.70e-06	5.78e-06	5.90e-06	5.99e-06	6.14e-06	6.22e-06	6.35e-06	
2048	4.75e-06	4.78e-06	4.74e-06	4.75e-06	4.75e-06	4.76e-06	4.76e-06	4.77e-06	
4096	6.20e-06	6.48e-06	6.48e-06	6.50e-06	6.50e-06	6.52e-06	6.52e-06	6.52e-06	
8192	9.53e-06	9.88e-06	9.91e-06	9.89e-06	9.92e-06	9.91e-06	9.95e-06	9.94e-06	
16384	1.61e-05	1.62e-05	1.84e-05	1.66e-05	1.64e-05	1.62e-05	1.84e-05	1.80e-05	
32768	2.91e-05	3.03e-05	3.09e-05	3.04e-05	3.08e-05	3.06e-05	3.14e-05	3.05e-05	
65536	5.60e-05	5.81e-05	5.81e-05	5.82e-05	5.81e-05	5.82e-05	5.82e-05	5.82e-05	
Pingpong for
master:  0, 2, 4, 6, 8, 10, 12, 14
partner: 1, 3, 5, 7, 9, 11, 13, 15
1	1.15e-06	1.15e-06	1.16e-06	1.15e-06	1.16e-06	1.16e-06	1.16e-06	1.17e-06	
2	1.16e-06	1.16e-06	1.16e-06	1.17e-06	1.17e-06	1.18e-06	1.18e-06	1.18e-06	
4	1.42e-06	1.42e-06	1.43e-06	1.43e-06	1.44e-06	1.44e-06	1.45e-06	1.45e-06	
8	1.50e-06	1.51e-06	1.51e-06	1.51e-06	1.53e-06	1.59e-06	1.60e-06	1.59e-06	
16	1.52e-06	1.53e-06	1.53e-06	1.54e-06	1.54e-06	1.55e-06	1.55e-06	1.56e-06	
32	1.59e-06	1.61e-06	1.61e-06	1.62e-06	1.62e-06	1.63e-06	1.62e-06	1.62e-06	
64	1.69e-06	1.73e-06	1.73e-06	1.75e-06	1.75e-06	1.77e-06	1.78e-06	1.86e-06	
128	1.92e-06	1.97e-06	1.98e-06	2.00e-06	2.02e-06	2.05e-06	2.06e-06	2.17e-06	
256	2.48e-06	2.68e-06	2.72e-06	2.77e-06	2.79e-06	2.82e-06	2.83e-06	2.94e-06	
512	3.37e-06	3.60e-06	3.63e-06	3.70e-06	3.74e-06	3.83e-06	3.87e-06	4.07e-06	
1024	5.37e-06	5.64e-06	5.71e-06	5.82e-06	5.91e-06	6.07e-06	6.15e-06	6.44e-06	
2048	4.18e-06	6.39e-06	6.39e-06	6.47e-06	6.47e-06	6.47e-06	6.48e-06	6.62e-06	
4096	6.14e-06	7.11e-06	7.11e-06	7.43e-06	7.43e-06	7.44e-06	7.44e-06	7.45e-06	
8192	9.61e-06	1.05e-05	1.06e-05	1.09e-05	1.09e-05	1.09e-05	1.09e-05	1.10e-05	
16384	1.67e-05	1.69e-05	1.68e-05	1.92e-05	1.77e-05	1.75e-05	1.73e-05	1.96e-05	
32768	3.07e-05	3.10e-05	3.29e-05	3.15e-05	3.23e-05	3.20e-05	3.29e-05	3.23e-05	
65536	5.97e-05	6.19e-05	6.18e-05	6.19e-05	6.20e-05	6.21e-05	6.20e-05	6.22e-05	
Application 66151771 resources: utime ~123s, stime ~8s, Rss ~22628, inblocks ~6994, outblocks ~16423
