----------------------------------------
Begin Torque Prologue on nid27635
at Fri Apr  6 15:21:31 CDT 2018
Job Id:			8488452.bw
Username:		bienz
Group:			ILL_jq7
Job name:		nodecomm
Requested resources:	neednodes=4:ppn=32:xe,nodes=4:ppn=32:xe,walltime=00:15:00
Queue:			normal
Account:		jq7
End Torque Prologue:  0.142 elapsed
----------------------------------------




Pingpong for
master:  0, 1, 2, 3, 4, 5, 6, 7, 8, 9, 10, 11, 12, 13, 14, 15
partner: 32, 33, 34, 35, 36, 37, 38, 39, 40, 41, 42, 43, 44, 45, 46, 47
1	2.91e-06	2.96e-06	2.96e-06	3.02e-06	3.37e-06	3.40e-06	3.43e-06	3.43e-06	3.45e-06	3.46e-06	3.51e-06	3.52e-06	3.55e-06	3.58e-06	3.63e-06	3.65e-06	
2	2.91e-06	2.98e-06	3.00e-06	3.05e-06	3.40e-06	3.41e-06	3.46e-06	3.46e-06	3.47e-06	3.48e-06	3.51e-06	3.54e-06	3.57e-06	3.59e-06	3.63e-06	3.67e-06	
4	2.94e-06	3.02e-06	3.03e-06	3.07e-06	3.43e-06	3.47e-06	3.48e-06	3.50e-06	3.51e-06	3.54e-06	3.54e-06	3.57e-06	3.60e-06	3.64e-06	3.68e-06	3.70e-06	
8	2.98e-06	3.07e-06	3.07e-06	3.10e-06	3.47e-06	3.49e-06	3.53e-06	3.56e-06	3.57e-06	3.61e-06	3.65e-06	3.66e-06	3.73e-06	3.77e-06	3.83e-06	3.84e-06	
16	3.02e-06	3.09e-06	3.11e-06	3.16e-06	3.50e-06	3.52e-06	3.56e-06	3.55e-06	3.60e-06	3.64e-06	3.66e-06	3.69e-06	3.73e-06	3.78e-06	3.83e-06	3.87e-06	
32	3.07e-06	3.13e-06	3.15e-06	3.22e-06	3.58e-06	3.61e-06	3.66e-06	3.67e-06	3.70e-06	3.75e-06	3.79e-06	3.83e-06	3.89e-06	3.93e-06	3.97e-06	4.03e-06	
64	3.18e-06	3.27e-06	3.29e-06	3.33e-06	3.75e-06	3.80e-06	3.85e-06	3.90e-06	3.93e-06	3.97e-06	4.03e-06	4.12e-06	4.18e-06	4.26e-06	4.32e-06	4.40e-06	
128	3.46e-06	3.51e-06	3.57e-06	3.63e-06	4.02e-06	4.16e-06	4.32e-06	4.42e-06	4.47e-06	4.57e-06	4.70e-06	4.87e-06	4.95e-06	5.09e-06	5.21e-06	5.37e-06	
256	3.92e-06	4.00e-06	4.13e-06	4.24e-06	4.77e-06	5.00e-06	5.22e-06	5.47e-06	5.69e-06	5.95e-06	6.20e-06	6.57e-06	6.94e-06	7.69e-06	9.88e-06	1.15e-05	
512	4.77e-06	5.00e-06	5.15e-06	5.40e-06	6.27e-06	7.07e-06	7.90e-06	8.44e-06	9.15e-06	9.93e-06	1.17e-05	1.48e-05	1.88e-05	2.22e-05	2.54e-05	2.86e-05	
1024	6.48e-06	7.35e-06	7.75e-06	8.06e-06	9.22e-06	1.13e-05	1.22e-05	1.29e-05	1.55e-05	2.07e-05	2.63e-05	2.99e-05	3.45e-05	3.98e-05	4.69e-05	5.51e-05	
2048	1.54e-05	1.64e-05	1.68e-05	1.74e-05	1.91e-05	2.05e-05	2.14e-05	2.17e-05	2.24e-05	2.31e-05	2.41e-05	2.55e-05	2.65e-05	2.80e-05	2.99e-05	3.18e-05	
4096	1.78e-05	1.93e-05	2.10e-05	2.49e-05	2.70e-05	2.94e-05	3.10e-05	3.14e-05	3.26e-05	3.57e-05	3.98e-05	4.40e-05	4.71e-05	5.03e-05	5.36e-05	5.74e-05	
8192	2.31e-05	2.59e-05	2.88e-05	3.32e-05	3.71e-05	4.07e-05	4.47e-05	5.13e-05	5.83e-05	6.64e-05	7.37e-05	8.11e-05	8.77e-05	9.41e-05	1.01e-04	1.07e-04	
16384	3.29e-05	4.65e-05	5.58e-05	6.15e-05	6.07e-05	7.35e-05	8.59e-05	9.87e-05	1.13e-04	1.26e-04	1.41e-04	1.55e-04	1.69e-04	1.85e-04	1.95e-04	2.08e-04	
32768	5.20e-05	8.45e-05	7.66e-05	1.03e-04	1.18e-04	1.44e-04	1.70e-04	1.95e-04	2.21e-04	2.49e-04	2.78e-04	3.04e-04	3.32e-04	3.61e-04	3.82e-04	4.09e-04	
65536	9.10e-05	1.50e-04	1.66e-04	1.99e-04	2.35e-04	2.87e-04	3.36e-04	3.88e-04	4.39e-04	4.95e-04	5.50e-04	6.06e-04	6.57e-04	7.34e-04	7.57e-04	8.30e-04	
Pingpong for
master:  0, 1, 2, 3, 4, 5, 6, 7, 8, 9, 10, 11, 12, 13, 14, 15
partner: 16, 17, 18, 19, 20, 21, 22, 23, 24, 25, 26, 27, 28, 29, 30, 31
1	2.72e-06	2.78e-06	2.85e-06	2.87e-06	3.19e-06	3.22e-06	3.24e-06	3.25e-06	3.27e-06	3.30e-06	3.32e-06	3.36e-06	3.39e-06	3.42e-06	3.45e-06	3.49e-06	
2	2.75e-06	2.82e-06	2.85e-06	2.88e-06	3.22e-06	3.23e-06	3.26e-06	3.27e-06	3.29e-06	3.33e-06	3.34e-06	3.37e-06	3.40e-06	3.44e-06	3.47e-06	3.50e-06	
4	2.79e-06	2.87e-06	2.91e-06	2.91e-06	3.26e-06	3.27e-06	3.31e-06	3.32e-06	3.34e-06	3.38e-06	3.40e-06	3.42e-06	3.45e-06	3.48e-06	3.51e-06	3.55e-06	
8	2.75e-06	2.90e-06	2.94e-06	2.98e-06	3.31e-06	3.35e-06	3.35e-06	3.37e-06	3.39e-06	3.45e-06	3.48e-06	3.52e-06	3.56e-06	3.59e-06	3.64e-06	3.67e-06	
16	2.78e-06	2.91e-06	2.95e-06	3.04e-06	3.35e-06	3.35e-06	3.36e-06	3.40e-06	3.40e-06	3.48e-06	3.51e-06	3.54e-06	3.58e-06	3.62e-06	3.66e-06	3.71e-06	
32	2.91e-06	3.00e-06	3.06e-06	3.11e-06	3.38e-06	3.42e-06	3.49e-06	3.51e-06	3.57e-06	3.62e-06	3.67e-06	3.71e-06	3.77e-06	3.81e-06	3.86e-06	3.93e-06	
64	2.98e-06	3.14e-06	3.20e-06	3.26e-06	3.47e-06	3.69e-06	3.69e-06	3.74e-06	3.80e-06	3.90e-06	3.98e-06	4.05e-06	4.12e-06	4.22e-06	4.30e-06	4.41e-06	
128	3.26e-06	3.57e-06	3.65e-06	3.71e-06	3.79e-06	4.15e-06	4.22e-06	4.34e-06	4.38e-06	4.58e-06	4.76e-06	4.95e-06	5.09e-06	5.30e-06	5.57e-06	5.91e-06	
256	3.61e-06	4.12e-06	4.34e-06	4.43e-06	5.34e-06	5.67e-06	5.94e-06	6.18e-06	6.65e-06	7.25e-06	8.00e-06	9.15e-06	1.07e-05	1.23e-05	1.39e-05	1.58e-05	
512	4.29e-06	5.41e-06	5.76e-06	5.90e-06	6.45e-06	7.93e-06	8.41e-06	8.85e-06	9.76e-06	1.10e-05	1.24e-05	1.48e-05	1.88e-05	2.28e-05	2.67e-05	3.07e-05	
1024	5.98e-06	8.04e-06	8.63e-06	8.83e-06	1.00e-05	1.22e-05	1.33e-05	1.47e-05	1.77e-05	2.25e-05	2.80e-05	3.22e-05	4.03e-05	5.22e-05	6.36e-05	7.37e-05	
2048	1.55e-05	1.64e-05	1.77e-05	1.85e-05	2.02e-05	2.07e-05	2.18e-05	2.33e-05	2.56e-05	2.90e-05	3.25e-05	3.62e-05	3.82e-05	4.17e-05	4.45e-05	4.75e-05	
4096	1.86e-05	2.13e-05	2.26e-05	2.44e-05	2.73e-05	3.07e-05	3.67e-05	4.35e-05	4.76e-05	5.36e-05	6.04e-05	6.69e-05	7.04e-05	7.64e-05	8.26e-05	8.89e-05	
8192	2.61e-05	2.94e-05	3.36e-05	4.04e-05	4.71e-05	5.91e-05	7.06e-05	8.23e-05	8.95e-05	1.03e-04	1.16e-04	1.30e-04	1.37e-04	1.48e-04	1.60e-04	1.72e-04	
16384	3.94e-05	4.52e-05	5.90e-05	8.00e-05	9.13e-05	1.14e-04	1.36e-04	1.60e-04	1.77e-04	1.97e-04	2.23e-04	2.58e-04	2.69e-04	2.93e-04	3.19e-04	3.33e-04	
32768	6.58e-05	7.85e-05	1.20e-04	1.60e-04	1.82e-04	2.25e-04	2.67e-04	3.14e-04	3.37e-04	3.94e-04	4.38e-04	5.07e-04	5.18e-04	5.58e-04	6.01e-04	6.53e-04	
65536	1.20e-04	1.57e-04	2.36e-04	3.16e-04	3.58e-04	4.35e-04	5.30e-04	6.19e-04	6.76e-04	7.67e-04	8.65e-04	9.68e-04	1.04e-03	1.10e-03	1.21e-03	1.31e-03	
Application 66151759 resources: utime ~4537s, stime ~78s, Rss ~22628, inblocks ~37011, outblocks ~65758
