----------------------------------------
Begin Torque Prologue on nid27634
at Fri Apr  6 15:21:30 CDT 2018
Job Id:			8488451.bw
Username:		bienz
Group:			ILL_jq7
Job name:		nodecomm
Requested resources:	neednodes=4:ppn=32:xe,nodes=4:ppn=32:xe,walltime=00:15:00
Queue:			normal
Account:		jq7
End Torque Prologue:  0.116 elapsed
----------------------------------------




Pingpong for
master:  0, 1, 2, 3, 4, 5, 6, 7, 8, 9, 10, 11, 12, 13, 14, 15
partner: 32, 33, 34, 35, 36, 37, 38, 39, 40, 41, 42, 43, 44, 45, 46, 47
1	2.91e-06	2.96e-06	2.98e-06	3.01e-06	3.39e-06	3.38e-06	3.40e-06	3.42e-06	3.47e-06	3.47e-06	3.50e-06	3.53e-06	3.57e-06	3.60e-06	3.63e-06	3.66e-06	
2	2.95e-06	2.98e-06	3.00e-06	3.03e-06	3.41e-06	3.42e-06	3.42e-06	3.44e-06	3.49e-06	3.52e-06	3.52e-06	3.54e-06	3.58e-06	3.63e-06	3.64e-06	3.68e-06	
4	2.99e-06	3.01e-06	3.05e-06	3.07e-06	3.44e-06	3.44e-06	3.45e-06	3.47e-06	3.52e-06	3.53e-06	3.56e-06	3.60e-06	3.62e-06	3.70e-06	3.69e-06	3.72e-06	
8	3.00e-06	3.05e-06	3.08e-06	3.11e-06	3.49e-06	3.50e-06	3.51e-06	3.54e-06	3.55e-06	3.61e-06	3.63e-06	3.74e-06	3.73e-06	3.77e-06	3.82e-06	3.86e-06	
16	3.06e-06	3.10e-06	3.12e-06	3.12e-06	3.52e-06	3.53e-06	3.52e-06	3.55e-06	3.60e-06	3.65e-06	3.69e-06	3.73e-06	3.78e-06	3.83e-06	3.86e-06	3.89e-06	
32	3.12e-06	3.13e-06	3.17e-06	3.21e-06	3.57e-06	3.59e-06	3.62e-06	3.64e-06	3.70e-06	3.74e-06	3.80e-06	3.83e-06	3.90e-06	3.94e-06	4.00e-06	4.03e-06	
64	3.21e-06	3.29e-06	3.31e-06	3.32e-06	3.76e-06	3.80e-06	3.82e-06	3.87e-06	3.91e-06	3.96e-06	4.05e-06	4.10e-06	4.18e-06	4.25e-06	4.34e-06	4.39e-06	
128	3.49e-06	3.55e-06	3.60e-06	3.63e-06	4.06e-06	4.16e-06	4.28e-06	4.41e-06	4.46e-06	4.55e-06	4.69e-06	4.85e-06	4.96e-06	5.08e-06	5.20e-06	5.34e-06	
256	3.91e-06	3.97e-06	4.05e-06	4.14e-06	4.85e-06	4.98e-06	5.18e-06	5.41e-06	5.64e-06	5.90e-06	6.18e-06	6.58e-06	6.92e-06	7.78e-06	1.00e-05	1.15e-05	
512	4.77e-06	4.97e-06	5.03e-06	5.21e-06	6.55e-06	7.09e-06	7.84e-06	8.35e-06	9.09e-06	9.94e-06	1.18e-05	1.50e-05	1.90e-05	2.23e-05	2.55e-05	2.87e-05	
1024	6.44e-06	7.28e-06	7.58e-06	7.97e-06	9.30e-06	1.12e-05	1.19e-05	1.28e-05	1.55e-05	2.08e-05	2.64e-05	3.02e-05	3.48e-05	3.99e-05	4.69e-05	5.52e-05	
2048	1.53e-05	1.63e-05	1.67e-05	1.72e-05	1.91e-05	2.05e-05	2.15e-05	2.18e-05	2.21e-05	2.27e-05	2.39e-05	2.52e-05	2.65e-05	2.81e-05	3.00e-05	3.20e-05	
4096	1.76e-05	1.92e-05	2.04e-05	2.46e-05	2.68e-05	2.86e-05	3.03e-05	3.04e-05	3.20e-05	3.58e-05	4.01e-05	4.42e-05	4.73e-05	5.05e-05	5.38e-05	5.75e-05	
8192	2.32e-05	2.61e-05	3.01e-05	3.21e-05	3.59e-05	3.95e-05	4.60e-05	5.21e-05	5.91e-05	6.71e-05	7.48e-05	8.21e-05	8.92e-05	9.52e-05	1.01e-04	1.08e-04	
16384	3.30e-05	4.28e-05	5.13e-05	5.03e-05	6.19e-05	7.40e-05	8.74e-05	1.01e-04	1.13e-04	1.27e-04	1.44e-04	1.55e-04	1.74e-04	1.82e-04	1.95e-04	2.10e-04	
32768	5.21e-05	7.80e-05	7.31e-05	9.72e-05	1.20e-04	1.44e-04	1.70e-04	1.96e-04	2.24e-04	2.51e-04	2.78e-04	3.08e-04	3.38e-04	3.60e-04	3.87e-04	4.12e-04	
65536	9.06e-05	1.48e-04	1.47e-04	1.93e-04	2.37e-04	2.86e-04	3.39e-04	3.94e-04	4.41e-04	4.98e-04	5.54e-04	6.37e-04	6.68e-04	7.14e-04	7.58e-04	8.28e-04	
Pingpong for
master:  0, 1, 2, 3, 4, 5, 6, 7, 8, 9, 10, 11, 12, 13, 14, 15
partner: 16, 17, 18, 19, 20, 21, 22, 23, 24, 25, 26, 27, 28, 29, 30, 31
1	2.75e-06	2.82e-06	2.83e-06	2.86e-06	3.20e-06	3.22e-06	3.22e-06	3.24e-06	3.28e-06	3.30e-06	3.32e-06	3.34e-06	3.37e-06	3.41e-06	3.45e-06	3.48e-06	
2	2.73e-06	2.81e-06	2.83e-06	2.88e-06	3.21e-06	3.23e-06	3.25e-06	3.26e-06	3.31e-06	3.33e-06	3.34e-06	3.44e-06	3.39e-06	3.43e-06	3.46e-06	3.50e-06	
4	2.76e-06	2.86e-06	2.86e-06	2.90e-06	3.27e-06	3.27e-06	3.28e-06	3.31e-06	3.34e-06	3.36e-06	3.38e-06	3.40e-06	3.43e-06	3.46e-06	3.49e-06	3.53e-06	
8	2.79e-06	2.89e-06	2.93e-06	2.98e-06	3.29e-06	3.34e-06	3.35e-06	3.36e-06	3.40e-06	3.46e-06	3.48e-06	3.51e-06	3.54e-06	3.58e-06	3.62e-06	3.66e-06	
16	2.80e-06	2.92e-06	2.93e-06	2.99e-06	3.34e-06	3.35e-06	3.35e-06	3.36e-06	3.43e-06	3.49e-06	3.48e-06	3.51e-06	3.55e-06	3.61e-06	3.65e-06	3.71e-06	
32	2.88e-06	2.99e-06	3.06e-06	3.05e-06	3.36e-06	3.44e-06	3.47e-06	3.50e-06	3.53e-06	3.59e-06	3.69e-06	3.73e-06	3.75e-06	3.81e-06	3.86e-06	3.92e-06	
64	2.99e-06	3.14e-06	3.20e-06	3.23e-06	3.50e-06	3.68e-06	3.71e-06	3.77e-06	3.81e-06	3.87e-06	3.96e-06	4.03e-06	4.11e-06	4.19e-06	4.27e-06	4.37e-06	
128	3.23e-06	3.53e-06	3.54e-06	3.60e-06	3.82e-06	4.13e-06	4.21e-06	4.30e-06	4.38e-06	4.55e-06	4.74e-06	4.94e-06	5.08e-06	5.29e-06	5.57e-06	5.84e-06	
256	3.60e-06	4.14e-06	4.22e-06	4.27e-06	5.38e-06	5.67e-06	5.88e-06	6.13e-06	6.63e-06	7.23e-06	8.01e-06	9.18e-06	1.08e-05	1.23e-05	1.40e-05	1.59e-05	
512	4.27e-06	5.37e-06	5.49e-06	5.66e-06	6.75e-06	7.95e-06	8.39e-06	8.80e-06	9.74e-06	1.10e-05	1.23e-05	1.49e-05	1.90e-05	2.29e-05	2.67e-05	3.09e-05	
1024	5.93e-06	8.03e-06	8.20e-06	8.45e-06	1.03e-05	1.22e-05	1.32e-05	1.45e-05	1.77e-05	2.27e-05	2.82e-05	3.23e-05	4.06e-05	5.23e-05	6.37e-05	7.35e-05	
2048	1.55e-05	1.65e-05	1.75e-05	1.82e-05	1.98e-05	2.06e-05	2.15e-05	2.26e-05	2.46e-05	2.80e-05	3.15e-05	3.52e-05	3.72e-05	4.06e-05	4.35e-05	4.64e-05	
4096	1.88e-05	2.10e-05	2.23e-05	2.38e-05	2.69e-05	2.94e-05	3.51e-05	4.15e-05	4.57e-05	5.18e-05	5.85e-05	6.50e-05	6.85e-05	7.45e-05	8.08e-05	8.70e-05	
8192	2.61e-05	2.93e-05	3.30e-05	3.76e-05	4.40e-05	5.55e-05	6.63e-05	7.81e-05	8.52e-05	9.85e-05	1.12e-04	1.25e-04	1.32e-04	1.44e-04	1.56e-04	1.69e-04	
16384	3.96e-05	4.64e-05	5.33e-05	7.23e-05	8.38e-05	1.06e-04	1.29e-04	1.54e-04	1.69e-04	1.93e-04	2.19e-04	2.47e-04	2.59e-04	2.84e-04	2.97e-04	3.19e-04	
32768	6.63e-05	7.88e-05	1.06e-04	1.45e-04	1.69e-04	2.08e-04	2.58e-04	2.97e-04	3.34e-04	3.75e-04	4.23e-04	4.87e-04	5.01e-04	5.56e-04	5.98e-04	6.49e-04	
65536	1.21e-04	1.42e-04	2.06e-04	2.86e-04	3.27e-04	4.08e-04	5.00e-04	5.89e-04	6.37e-04	7.33e-04	8.37e-04	9.58e-04	9.79e-04	1.08e-03	1.18e-03	1.25e-03	
Application 66151758 resources: utime ~4481s, stime ~79s, Rss ~22840, inblocks ~36975, outblocks ~65758
