----------------------------------------
Begin Torque Prologue on nid27565
at Fri Apr  6 15:21:29 CDT 2018
Job Id:			8488450.bw
Username:		bienz
Group:			ILL_jq7
Job name:		nodecomm
Requested resources:	neednodes=4:ppn=32:xe,nodes=4:ppn=32:xe,walltime=00:15:00
Queue:			normal
Account:		jq7
End Torque Prologue:  0.089 elapsed
----------------------------------------




Pingpong for
master:  0, 1, 2, 3, 4, 5, 6, 7, 8, 9, 10, 11, 12, 13, 14, 15
partner: 32, 33, 34, 35, 36, 37, 38, 39, 40, 41, 42, 43, 44, 45, 46, 47
1	2.95e-06	2.96e-06	3.03e-06	3.05e-06	3.35e-06	3.38e-06	3.39e-06	3.41e-06	3.44e-06	3.48e-06	3.51e-06	3.53e-06	3.55e-06	3.59e-06	3.63e-06	3.66e-06	
2	2.97e-06	2.99e-06	3.05e-06	3.07e-06	3.37e-06	3.40e-06	3.41e-06	3.43e-06	3.48e-06	3.51e-06	3.54e-06	3.56e-06	3.58e-06	3.62e-06	3.65e-06	3.68e-06	
4	3.02e-06	3.03e-06	3.10e-06	3.10e-06	3.41e-06	3.43e-06	3.45e-06	3.46e-06	3.50e-06	3.54e-06	3.55e-06	3.59e-06	3.61e-06	3.65e-06	3.68e-06	3.70e-06	
8	3.04e-06	3.06e-06	3.10e-06	3.12e-06	3.45e-06	3.49e-06	3.50e-06	3.53e-06	3.59e-06	3.60e-06	3.65e-06	3.68e-06	3.73e-06	3.75e-06	3.80e-06	3.84e-06	
16	3.04e-06	3.08e-06	3.15e-06	3.17e-06	3.48e-06	3.53e-06	3.54e-06	3.54e-06	3.60e-06	3.63e-06	3.68e-06	3.72e-06	3.77e-06	3.80e-06	3.83e-06	3.88e-06	
32	3.11e-06	3.14e-06	3.26e-06	3.26e-06	3.56e-06	3.62e-06	3.64e-06	3.66e-06	3.72e-06	3.75e-06	3.82e-06	3.86e-06	3.92e-06	3.95e-06	4.00e-06	4.05e-06	
64	3.21e-06	3.26e-06	3.34e-06	3.34e-06	3.70e-06	3.78e-06	3.83e-06	3.85e-06	3.93e-06	4.00e-06	4.08e-06	4.15e-06	4.20e-06	4.28e-06	4.35e-06	4.41e-06	
128	3.50e-06	3.53e-06	3.59e-06	3.67e-06	4.03e-06	4.19e-06	4.29e-06	4.36e-06	4.44e-06	4.54e-06	4.71e-06	4.86e-06	4.96e-06	5.07e-06	5.22e-06	5.34e-06	
256	3.94e-06	4.00e-06	4.08e-06	4.16e-06	4.80e-06	4.98e-06	5.17e-06	5.39e-06	5.62e-06	5.91e-06	6.21e-06	6.60e-06	6.93e-06	7.69e-06	9.88e-06	1.14e-05	
512	4.85e-06	4.95e-06	5.19e-06	5.27e-06	6.34e-06	7.09e-06	7.74e-06	8.22e-06	9.03e-06	9.90e-06	1.17e-05	1.48e-05	1.88e-05	2.22e-05	2.53e-05	2.85e-05	
1024	6.50e-06	7.30e-06	8.02e-06	8.08e-06	9.23e-06	1.12e-05	1.20e-05	1.26e-05	1.54e-05	2.06e-05	2.62e-05	3.01e-05	3.45e-05	3.97e-05	4.67e-05	5.46e-05	
2048	1.56e-05	1.66e-05	1.69e-05	1.75e-05	1.92e-05	2.09e-05	2.18e-05	2.21e-05	2.28e-05	2.33e-05	2.45e-05	2.58e-05	2.68e-05	2.82e-05	2.99e-05	3.18e-05	
4096	1.81e-05	1.95e-05	2.17e-05	2.57e-05	2.74e-05	3.00e-05	3.15e-05	3.19e-05	3.31e-05	3.60e-05	4.00e-05	4.43e-05	4.73e-05	5.07e-05	5.39e-05	5.74e-05	
8192	2.37e-05	2.64e-05	2.93e-05	3.38e-05	3.83e-05	4.10e-05	4.59e-05	5.21e-05	5.89e-05	6.70e-05	7.44e-05	8.17e-05	8.90e-05	9.44e-05	1.02e-04	1.07e-04	
16384	3.36e-05	4.53e-05	5.61e-05	5.19e-05	6.35e-05	7.46e-05	8.76e-05	9.96e-05	1.13e-04	1.26e-04	1.40e-04	1.56e-04	1.68e-04	1.82e-04	2.06e-04	2.07e-04	
32768	5.26e-05	8.02e-05	7.49e-05	9.89e-05	1.21e-04	1.46e-04	1.72e-04	1.96e-04	2.21e-04	2.49e-04	2.79e-04	3.27e-04	3.35e-04	3.58e-04	3.82e-04	4.09e-04	
65536	9.24e-05	1.52e-04	1.49e-04	1.95e-04	2.39e-04	2.90e-04	3.37e-04	3.88e-04	4.39e-04	4.97e-04	5.55e-04	6.36e-04	6.60e-04	7.19e-04	7.82e-04	8.19e-04	
Pingpong for
master:  0, 1, 2, 3, 4, 5, 6, 7, 8, 9, 10, 11, 12, 13, 14, 15
partner: 16, 17, 18, 19, 20, 21, 22, 23, 24, 25, 26, 27, 28, 29, 30, 31
1	2.71e-06	2.80e-06	2.83e-06	2.83e-06	3.17e-06	3.21e-06	3.22e-06	3.23e-06	3.28e-06	3.32e-06	3.31e-06	3.34e-06	3.37e-06	3.41e-06	3.44e-06	3.47e-06	
2	2.73e-06	2.81e-06	2.83e-06	2.85e-06	3.21e-06	3.24e-06	3.25e-06	3.25e-06	3.30e-06	3.32e-06	3.33e-06	3.37e-06	3.38e-06	3.42e-06	3.46e-06	3.50e-06	
4	2.76e-06	2.86e-06	2.88e-06	2.89e-06	3.24e-06	3.28e-06	3.29e-06	3.30e-06	3.33e-06	3.35e-06	3.36e-06	3.39e-06	3.43e-06	3.46e-06	3.50e-06	3.53e-06	
8	2.82e-06	2.89e-06	2.93e-06	2.97e-06	3.31e-06	3.34e-06	3.38e-06	3.39e-06	3.45e-06	3.49e-06	3.50e-06	3.54e-06	3.56e-06	3.61e-06	3.65e-06	3.69e-06	
16	2.85e-06	2.93e-06	2.94e-06	2.97e-06	3.32e-06	3.35e-06	3.36e-06	3.38e-06	3.44e-06	3.49e-06	3.51e-06	3.55e-06	3.57e-06	3.63e-06	3.67e-06	3.73e-06	
32	2.87e-06	3.00e-06	3.06e-06	3.10e-06	3.36e-06	3.43e-06	3.48e-06	3.49e-06	3.51e-06	3.62e-06	3.65e-06	3.72e-06	3.78e-06	3.81e-06	3.87e-06	3.92e-06	
64	2.98e-06	3.16e-06	3.24e-06	3.24e-06	3.51e-06	3.63e-06	3.68e-06	3.71e-06	3.75e-06	3.91e-06	3.95e-06	4.04e-06	4.12e-06	4.22e-06	4.29e-06	4.39e-06	
128	3.23e-06	3.54e-06	3.58e-06	3.62e-06	3.81e-06	4.16e-06	4.22e-06	4.31e-06	4.39e-06	4.56e-06	4.75e-06	4.94e-06	5.08e-06	5.34e-06	5.57e-06	5.89e-06	
256	3.59e-06	4.14e-06	4.22e-06	4.29e-06	5.36e-06	5.71e-06	5.93e-06	6.13e-06	6.61e-06	7.20e-06	7.99e-06	9.17e-06	1.07e-05	1.23e-05	1.39e-05	1.58e-05	
512	4.30e-06	5.36e-06	5.54e-06	5.66e-06	6.62e-06	7.99e-06	8.40e-06	8.78e-06	9.73e-06	1.10e-05	1.24e-05	1.49e-05	1.88e-05	2.29e-05	2.66e-05	3.07e-05	
1024	5.99e-06	8.00e-06	8.30e-06	8.48e-06	1.02e-05	1.22e-05	1.32e-05	1.45e-05	1.76e-05	2.25e-05	2.80e-05	3.22e-05	4.04e-05	5.20e-05	6.33e-05	7.32e-05	
2048	1.62e-05	1.76e-05	1.85e-05	1.98e-05	2.04e-05	2.14e-05	2.23e-05	2.38e-05	2.60e-05	2.94e-05	3.30e-05	3.67e-05	3.87e-05	4.21e-05	4.48e-05	4.77e-05	
4096	2.05e-05	2.25e-05	2.35e-05	2.57e-05	2.75e-05	3.16e-05	3.77e-05	4.42e-05	4.76e-05	5.37e-05	6.06e-05	6.71e-05	7.06e-05	7.66e-05	8.27e-05	8.89e-05	
8192	2.99e-05	3.28e-05	3.54e-05	4.21e-05	4.80e-05	5.98e-05	7.12e-05	8.30e-05	9.02e-05	1.04e-04	1.17e-04	1.31e-04	1.37e-04	1.49e-04	1.62e-04	1.74e-04	
16384	4.78e-05	5.23e-05	6.06e-05	8.33e-05	9.51e-05	1.16e-04	1.39e-04	1.62e-04	1.80e-04	2.02e-04	2.28e-04	2.54e-04	2.67e-04	2.86e-04	3.21e-04	3.44e-04	
32768	8.28e-05	9.05e-05	1.20e-04	1.67e-04	1.92e-04	2.30e-04	2.69e-04	3.19e-04	3.43e-04	3.96e-04	4.48e-04	5.03e-04	5.16e-04	5.70e-04	6.12e-04	6.55e-04	
65536	1.54e-04	1.82e-04	2.38e-04	3.30e-04	3.77e-04	4.52e-04	5.39e-04	6.32e-04	6.93e-04	7.83e-04	8.87e-04	9.79e-04	1.03e-03	1.13e-03	1.24e-03	1.32e-03	
Application 66151756 resources: utime ~4574s, stime ~78s, Rss ~22628, inblocks ~38223, outblocks ~65758
