----------------------------------------
Begin Torque Prologue on nid25338
at Thu Apr 12 12:24:42 CDT 2018
Job Id:			8501449.bw
Username:		bienz
Group:			ILL_jq7
Job name:		nodecomm
Requested resources:	neednodes=8:ppn=32:xe,nodes=8:ppn=32:xe,walltime=00:20:00
Queue:			normal
Account:		jq7
End Torque Prologue:  0.114 elapsed
----------------------------------------




Pingpong for
master:  0, 1, 2, 3, 4, 5, 6, 7, 8, 9, 10, 11, 12, 13, 14, 15, 16, 17, 18, 19, 20, 21, 22, 23, 24, 25, 26, 27, 28, 29, 30, 31, 32, 33, 34, 35, 36, 37, 38, 39, 40, 41, 42, 43, 44, 45, 46, 47, 48, 49, 50, 51, 52, 53, 54, 55, 56, 57, 58, 59, 60, 61, 62, 63
partner: 64, 65, 66, 67, 68, 69, 70, 71, 72, 73, 74, 75, 76, 77, 78, 79, 80, 81, 82, 83, 84, 85, 86, 87, 88, 89, 90, 91, 92, 93, 94, 95, 96, 97, 98, 99, 100, 101, 102, 103, 104, 105, 106, 107, 108, 109, 110, 111, 112, 113, 114, 115, 116, 117, 118, 119, 120, 121, 122, 123, 124, 125, 126, 127

Num Msgs 1
SizeMsgs 1
4.00e-06	3.98e-06	3.98e-06	3.98e-06	

Num Msgs 1
SizeMsgs 2
4.01e-06	3.99e-06	3.99e-06	4.01e-06	
Num Msgs 2
SizeMsgs 2
8.79e-06	8.81e-06	8.82e-06	8.84e-06	

Num Msgs 1
SizeMsgs 4
4.05e-06	4.04e-06	4.05e-06	4.04e-06	
Num Msgs 2
SizeMsgs 4
8.84e-06	8.84e-06	8.83e-06	8.85e-06	
Num Msgs 4
SizeMsgs 4
1.82e-05	1.82e-05	1.82e-05	1.82e-05	

Num Msgs 1
SizeMsgs 8
4.12e-06	4.11e-06	4.11e-06	4.11e-06	
Num Msgs 2
SizeMsgs 8
8.92e-06	8.91e-06	8.91e-06	8.90e-06	
Num Msgs 4
SizeMsgs 8
1.83e-05	1.82e-05	1.82e-05	1.82e-05	
Num Msgs 8
SizeMsgs 8
3.70e-05	3.71e-05	3.71e-05	3.71e-05	

Num Msgs 1
SizeMsgs 16
4.19e-06	4.21e-06	4.21e-06	4.22e-06	
Num Msgs 2
SizeMsgs 16
9.04e-06	9.04e-06	9.04e-06	9.03e-06	
Num Msgs 4
SizeMsgs 16
1.84e-05	1.84e-05	1.84e-05	1.84e-05	
Num Msgs 8
SizeMsgs 16
3.72e-05	3.72e-05	3.72e-05	3.72e-05	
Num Msgs 16
SizeMsgs 16
8.29e-05	7.47e-05	7.46e-05	7.48e-05	

Num Msgs 1
SizeMsgs 32
4.37e-06	4.35e-06	4.36e-06	4.36e-06	
Num Msgs 2
SizeMsgs 32
9.12e-06	9.10e-06	9.10e-06	9.09e-06	
Num Msgs 4
SizeMsgs 32
1.85e-05	1.85e-05	1.85e-05	1.85e-05	
Num Msgs 8
SizeMsgs 32
3.75e-05	3.75e-05	3.75e-05	3.74e-05	
Num Msgs 16
SizeMsgs 32
7.48e-05	7.49e-05	7.48e-05	7.49e-05	
Num Msgs 32
SizeMsgs 32
1.51e-04	1.50e-04	1.50e-04	1.50e-04	

Num Msgs 1
SizeMsgs 64
4.73e-06	4.75e-06	4.74e-06	4.74e-06	
Num Msgs 2
SizeMsgs 64
9.47e-06	9.46e-06	9.47e-06	9.48e-06	
Num Msgs 4
SizeMsgs 64
1.87e-05	1.86e-05	1.87e-05	1.87e-05	
Num Msgs 8
SizeMsgs 64
3.77e-05	3.78e-05	3.77e-05	3.77e-05	
Num Msgs 16
SizeMsgs 64
7.49e-05	7.52e-05	7.54e-05	7.53e-05	
Num Msgs 32
SizeMsgs 64
1.50e-04	1.50e-04	1.49e-04	1.50e-04	
Num Msgs 64
SizeMsgs 64
3.05e-04	3.03e-04	3.04e-04	3.05e-04	

Num Msgs 1
SizeMsgs 128
5.84e-06	5.84e-06	5.86e-06	5.85e-06	
Num Msgs 2
SizeMsgs 128
1.12e-05	1.12e-05	1.12e-05	1.12e-05	
Num Msgs 4
SizeMsgs 128
1.91e-05	1.91e-05	1.91e-05	1.91e-05	
Num Msgs 8
SizeMsgs 128
3.79e-05	3.80e-05	3.80e-05	3.80e-05	
Num Msgs 16
SizeMsgs 128
7.63e-05	7.54e-05	7.59e-05	7.60e-05	
Num Msgs 32
SizeMsgs 128
1.51e-04	1.51e-04	1.51e-04	1.51e-04	
Num Msgs 64
SizeMsgs 128
3.03e-04	3.04e-04	3.04e-04	3.04e-04	
Num Msgs 128
SizeMsgs 128
5.97e-04	5.95e-04	5.96e-04	5.96e-04	

Num Msgs 1
SizeMsgs 256
1.28e-05	1.27e-05	1.28e-05	1.28e-05	
Num Msgs 2
SizeMsgs 256
1.79e-05	1.79e-05	1.78e-05	1.79e-05	
Num Msgs 4
SizeMsgs 256
2.52e-05	2.52e-05	2.52e-05	2.52e-05	
Num Msgs 8
SizeMsgs 256
3.86e-05	3.87e-05	3.87e-05	3.87e-05	
Num Msgs 16
SizeMsgs 256
7.67e-05	7.63e-05	7.63e-05	7.60e-05	
Num Msgs 32
SizeMsgs 256
1.53e-04	1.52e-04	1.54e-04	1.52e-04	
Num Msgs 64
SizeMsgs 256
3.04e-04	3.05e-04	3.05e-04	3.05e-04	
Num Msgs 128
SizeMsgs 256
5.96e-04	5.96e-04	5.95e-04	5.96e-04	
Num Msgs 256
SizeMsgs 256
1.30e-03	1.29e-03	1.31e-03	1.31e-03	

Num Msgs 1
SizeMsgs 512
3.05e-05	3.05e-05	3.06e-05	3.02e-05	
Num Msgs 2
SizeMsgs 512
3.79e-05	3.79e-05	3.78e-05	3.79e-05	
Num Msgs 4
SizeMsgs 512
4.64e-05	4.64e-05	4.64e-05	4.64e-05	
Num Msgs 8
SizeMsgs 512
5.65e-05	5.66e-05	5.66e-05	5.66e-05	
Num Msgs 16
SizeMsgs 512
7.87e-05	7.85e-05	7.84e-05	7.91e-05	
Num Msgs 32
SizeMsgs 512
1.55e-04	1.54e-04	1.54e-04	1.54e-04	
Num Msgs 64
SizeMsgs 512
3.09e-04	3.10e-04	3.08e-04	3.11e-04	
Num Msgs 128
SizeMsgs 512
6.03e-04	6.03e-04	6.03e-04	6.03e-04	
Num Msgs 256
SizeMsgs 512
1.31e-03	1.30e-03	1.31e-03	1.31e-03	
Num Msgs 512
SizeMsgs 512
4.00e-03	3.99e-03	4.00e-03	4.00e-03	

Num Msgs 1
SizeMsgs 1024
7.98e-05	8.00e-05	8.00e-05	7.97e-05	
Num Msgs 2
SizeMsgs 1024
6.33e-05	6.34e-05	6.33e-05	6.33e-05	
Num Msgs 4
SizeMsgs 1024
1.00e-04	1.00e-04	1.00e-04	1.00e-04	
Num Msgs 8
SizeMsgs 1024
9.98e-05	9.98e-05	9.97e-05	9.97e-05	
Num Msgs 16
SizeMsgs 1024
1.22e-04	1.22e-04	1.22e-04	1.21e-04	
Num Msgs 32
SizeMsgs 1024
1.61e-04	1.62e-04	1.61e-04	1.63e-04	
Num Msgs 64
SizeMsgs 1024
3.16e-04	3.13e-04	3.14e-04	3.14e-04	
Num Msgs 128
SizeMsgs 1024
6.07e-04	6.42e-04	6.36e-04	6.06e-04	
Num Msgs 256
SizeMsgs 1024
1.32e-03	1.31e-03	1.32e-03	1.32e-03	
Num Msgs 512
SizeMsgs 1024
3.99e-03	4.00e-03	4.01e-03	4.06e-03	
Num Msgs 1024
SizeMsgs 1024
1.49e-02	1.36e-02	1.49e-02	1.38e-02	

Num Msgs 1
SizeMsgs 2048
8.96e-05	8.95e-05	8.96e-05	8.95e-05	
Num Msgs 2
SizeMsgs 2048
1.60e-04	1.61e-04	1.60e-04	1.61e-04	
Num Msgs 4
SizeMsgs 2048
1.36e-04	1.37e-04	1.36e-04	1.36e-04	
Num Msgs 8
SizeMsgs 2048
2.04e-04	2.04e-04	2.17e-04	2.30e-04	
Num Msgs 16
SizeMsgs 2048
2.07e-04	2.08e-04	2.07e-04	2.08e-04	
Num Msgs 32
SizeMsgs 2048
2.53e-04	2.51e-04	2.58e-04	2.50e-04	
Num Msgs 64
SizeMsgs 2048
3.29e-04	3.30e-04	3.28e-04	3.26e-04	
Num Msgs 128
SizeMsgs 2048
6.09e-04	6.09e-04	6.09e-04	6.12e-04	
Num Msgs 256
SizeMsgs 2048
1.33e-03	1.31e-03	1.34e-03	1.33e-03	
Num Msgs 512
SizeMsgs 2048
4.02e-03	4.03e-03	4.02e-03	4.03e-03	
Num Msgs 1024
SizeMsgs 2048
1.47e-02	1.39e-02	1.49e-02	1.38e-02	
Num Msgs 2048
SizeMsgs 2048
5.78e-02	5.19e-02	5.63e-02	5.18e-02	

Num Msgs 1
SizeMsgs 4096
1.94e-04	1.89e-04	1.84e-04	1.81e-04	
Num Msgs 2
SizeMsgs 4096
1.84e-04	1.84e-04	1.84e-04	1.84e-04	
Num Msgs 4
SizeMsgs 4096
3.21e-04	3.20e-04	3.20e-04	3.20e-04	
Num Msgs 8
SizeMsgs 4096
2.79e-04	2.79e-04	2.79e-04	2.79e-04	
Num Msgs 16
SizeMsgs 4096
4.22e-04	4.19e-04	4.20e-04	4.18e-04	
Num Msgs 32
SizeMsgs 4096
4.15e-04	4.16e-04	4.10e-04	4.16e-04	
Num Msgs 64
SizeMsgs 4096
4.67e-04	4.33e-04	4.56e-04	4.82e-04	
Num Msgs 128
SizeMsgs 4096
6.43e-04	6.46e-04	6.38e-04	6.41e-04	
Num Msgs 256
SizeMsgs 4096
1.34e-03	1.33e-03	1.34e-03	1.34e-03	
Num Msgs 512
SizeMsgs 4096
4.02e-03	4.03e-03	4.02e-03	4.02e-03	
Num Msgs 1024
SizeMsgs 4096
1.50e-02	1.39e-02	1.49e-02	1.39e-02	
Num Msgs 2048
SizeMsgs 4096
5.65e-02	5.19e-02	5.65e-02	5.20e-02	
Num Msgs 4096
SizeMsgs 4096
2.24e-01	2.03e-01	2.21e-01	2.03e-01	

Num Msgs 1
SizeMsgs 8192
3.65e-04	3.65e-04	3.65e-04	3.65e-04	
Num Msgs 2
SizeMsgs 8192
3.68e-04	3.68e-04	3.68e-04	3.68e-04	
Num Msgs 4
SizeMsgs 8192
3.74e-04	3.75e-04	3.75e-04	3.74e-04	
Num Msgs 8
SizeMsgs 8192
6.58e-04	6.60e-04	6.59e-04	6.60e-04	
Num Msgs 16
SizeMsgs 8192
5.85e-04	5.89e-04	5.88e-04	5.87e-04	
Num Msgs 32
SizeMsgs 8192
8.19e-04	7.64e-04	8.07e-04	8.26e-04	
Num Msgs 64
SizeMsgs 8192
7.89e-04	8.03e-04	8.02e-04	7.95e-04	
Num Msgs 128
SizeMsgs 8192
1.03e-03	1.03e-03	1.03e-03	1.04e-03	
Num Msgs 256
SizeMsgs 8192
1.38e-03	1.37e-03	1.38e-03	1.37e-03	
Num Msgs 512
SizeMsgs 8192
4.07e-03	4.04e-03	4.04e-03	4.03e-03	
Num Msgs 1024
SizeMsgs 8192
1.51e-02	1.39e-02	1.50e-02	1.39e-02	
Num Msgs 2048
SizeMsgs 8192
5.66e-02	5.21e-02	5.65e-02	5.21e-02	
Num Msgs 4096
SizeMsgs 8192
2.21e-01	2.03e-01	2.21e-01	2.03e-01	
Num Msgs 8192
SizeMsgs 8192
9.97e-01	9.07e-01	9.91e-01	9.07e-01	

Num Msgs 1
SizeMsgs 16384
7.36e-04	7.34e-04	7.34e-04	7.34e-04	
Num Msgs 2
SizeMsgs 16384
7.38e-04	7.38e-04	7.38e-04	7.39e-04	
Num Msgs 4
SizeMsgs 16384
7.44e-04	7.45e-04	7.44e-04	7.44e-04	
Num Msgs 8
SizeMsgs 16384
7.63e-04	7.58e-04	7.59e-04	7.58e-04	
Num Msgs 16
SizeMsgs 16384
1.31e-03	1.28e-03	1.27e-03	1.31e-03	
Num Msgs 32
SizeMsgs 16384
1.20e-03	1.20e-03	1.18e-03	1.19e-03	
Num Msgs 64
SizeMsgs 16384
1.53e-03	1.48e-03	1.59e-03	1.56e-03	
Num Msgs 128
SizeMsgs 16384
1.73e-03	1.74e-03	1.67e-03	1.83e-03	
Num Msgs 256
SizeMsgs 16384
2.07e-03	2.05e-03	2.06e-03	2.06e-03	
Num Msgs 512
SizeMsgs 16384
4.08e-03	4.07e-03	4.09e-03	4.10e-03	
Num Msgs 1024
SizeMsgs 16384
1.50e-02	1.38e-02	1.50e-02	1.39e-02	
Num Msgs 2048
SizeMsgs 16384
5.67e-02	5.21e-02	5.66e-02	5.22e-02	
Num Msgs 4096
SizeMsgs 16384
2.21e-01	2.04e-01	2.21e-01	2.03e-01	
Num Msgs 8192
SizeMsgs 16384
9.91e-01	9.07e-01	9.92e-01	9.07e-01	
Num Msgs 16384
SizeMsgs 16384
4.84e+00	4.42e+00	4.83e+00	4.42e+00	

Num Msgs 1
SizeMsgs 32768
1.47e-03	1.47e-03	1.47e-03	1.47e-03	
Num Msgs 2
SizeMsgs 32768
1.48e-03	1.48e-03	1.48e-03	1.48e-03	
Num Msgs 4
SizeMsgs 32768
1.48e-03	1.48e-03	1.48e-03	1.48e-03	
Num Msgs 8
SizeMsgs 32768
1.50e-03	1.50e-03	1.50e-03	1.50e-03	
Num Msgs 16
SizeMsgs 32768
1.53e-03	1.53e-03	1.53e-03	1.54e-03	
Num Msgs 32
SizeMsgs 32768
2.49e-03	2.51e-03	2.56e-03	2.52e-03	
Num Msgs 64
SizeMsgs 32768
2.41e-03	2.40e-03	2.41e-03	2.38e-03	
Num Msgs 128
SizeMsgs 32768
3.59e-03	3.85e-03	3.78e-03	3.84e-03	
Num Msgs 256
SizeMsgs 32768
3.58e-03	3.39e-03	3.40e-03	3.48e-03	
Num Msgs 512
SizeMsgs 32768
4.74e-03	4.68e-03	4.69e-03	4.72e-03	
Num Msgs 1024
SizeMsgs 32768
1.51e-02	1.40e-02	1.50e-02	1.40e-02	
Num Msgs 2048
SizeMsgs 32768
5.66e-02	5.21e-02	5.64e-02	5.20e-02	
Num Msgs 4096
SizeMsgs 32768
2.21e-01	2.03e-01	2.21e-01	2.03e-01	
Num Msgs 8192
SizeMsgs 32768
9.92e-01	9.07e-01	9.92e-01	9.07e-01	
Num Msgs 16384
SizeMsgs 32768
4.83e+00	4.42e+00	4.83e+00	4.42e+00	

Num Msgs 1
SizeMsgs 65536
2.95e-03	2.95e-03	2.95e-03	2.94e-03	
Num Msgs 2
SizeMsgs 65536
2.95e-03	2.95e-03	2.95e-03	2.95e-03	
Num Msgs 4
SizeMsgs 65536
2.96e-03	2.96e-03	2.96e-03	2.96e-03	
Num Msgs 8
SizeMsgs 65536
2.98e-03	2.98e-03	2.98e-03	2.98e-03	
Num Msgs 16
SizeMsgs 65536
3.04e-03	3.02e-03	3.02e-03	3.02e-03	
Num Msgs 32
SizeMsgs 65536
3.10e-03	3.07e-03	3.09e-03	3.10e-03	
Num Msgs 64
SizeMsgs 65536
5.09e-03	4.83e-03	5.02e-03	5.02e-03	
Num Msgs 128
SizeMsgs 65536
6.15e-03	6.05e-03	5.98e-03	6.08e-03	
Num Msgs 256
SizeMsgs 65536
7.38e-03	7.64e-03	7.79e-03	7.60e-03	
Num Msgs 512
SizeMsgs 65536
7.53e-03	7.61e-03	7.59e-03	7.56e-03	
Num Msgs 1024
SizeMsgs 65536
1.59e-02	1.47e-02	1.57e-02	1.46e-02	
Num Msgs 2048
SizeMsgs 65536
5.71e-02	5.22e-02	5.67e-02	5.22e-02	
Num Msgs 4096
SizeMsgs 65536
2.22e-01	2.03e-01	2.21e-01	2.03e-01	
Num Msgs 8192
SizeMsgs 65536
9.92e-01	9.07e-01	9.92e-01	9.08e-01	
Num Msgs 16384
SizeMsgs 65536
4.83e+00	4.42e+00	4.83e+00	4.42e+00	
Pingpong for
master:  0, 1, 2, 3, 4, 5, 6, 7, 8, 9, 10, 11, 12, 13, 14, 15, 16, 17, 18, 19, 20, 21, 22, 23, 24, 25, 26, 27, 28, 29, 30, 31, 32, 33, 34, 35, 36, 37, 38, 39, 40, 41, 42, 43, 44, 45, 46, 47, 48, 49, 50, 51, 52, 53, 54, 55, 56, 57, 58, 59, 60, 61, 62, 63
partner: 64, 65, 66, 67, 68, 69, 70, 71, 72, 73, 74, 75, 76, 77, 78, 79, 80, 81, 82, 83, 84, 85, 86, 87, 88, 89, 90, 91, 92, 93, 94, 95, 96, 97, 98, 99, 100, 101, 102, 103, 104, 105, 106, 107, 108, 109, 110, 111, 112, 113, 114, 115, 116, 117, 118, 119, 120, 121, 122, 123, 124, 125, 126, 127

Num Msgs 1
SizeMsgs 1
3.99e-06	3.99e-06	3.97e-06	3.98e-06	

Num Msgs 1
SizeMsgs 2
4.00e-06	3.99e-06	4.00e-06	3.99e-06	
Num Msgs 2
SizeMsgs 2
8.83e-06	8.83e-06	8.84e-06	8.82e-06	

Num Msgs 1
SizeMsgs 4
4.06e-06	4.06e-06	4.06e-06	4.05e-06	
Num Msgs 2
SizeMsgs 4
8.86e-06	8.87e-06	8.86e-06	8.87e-06	
Num Msgs 4
SizeMsgs 4
1.83e-05	1.83e-05	1.83e-05	1.83e-05	

Num Msgs 1
SizeMsgs 8
4.14e-06	4.16e-06	4.16e-06	4.19e-06	
Num Msgs 2
SizeMsgs 8
8.95e-06	8.99e-06	8.95e-06	8.95e-06	
Num Msgs 4
SizeMsgs 8
1.84e-05	1.83e-05	1.84e-05	1.84e-05	
Num Msgs 8
SizeMsgs 8
3.74e-05	3.74e-05	3.74e-05	3.74e-05	

Num Msgs 1
SizeMsgs 16
4.22e-06	4.22e-06	4.21e-06	4.23e-06	
Num Msgs 2
SizeMsgs 16
9.10e-06	9.07e-06	9.10e-06	9.09e-06	
Num Msgs 4
SizeMsgs 16
1.86e-05	1.86e-05	1.85e-05	1.86e-05	
Num Msgs 8
SizeMsgs 16
3.74e-05	3.74e-05	3.74e-05	3.74e-05	
Num Msgs 16
SizeMsgs 16
7.45e-05	7.49e-05	7.49e-05	7.50e-05	

Num Msgs 1
SizeMsgs 32
4.36e-06	4.37e-06	4.37e-06	4.37e-06	
Num Msgs 2
SizeMsgs 32
9.14e-06	9.16e-06	9.18e-06	9.20e-06	
Num Msgs 4
SizeMsgs 32
1.86e-05	1.87e-05	1.87e-05	1.87e-05	
Num Msgs 8
SizeMsgs 32
3.78e-05	3.77e-05	3.77e-05	3.78e-05	
Num Msgs 16
SizeMsgs 32
7.51e-05	7.50e-05	7.51e-05	7.51e-05	
Num Msgs 32
SizeMsgs 32
1.51e-04	1.50e-04	1.51e-04	1.50e-04	

Num Msgs 1
SizeMsgs 64
4.74e-06	4.76e-06	4.76e-06	4.76e-06	
Num Msgs 2
SizeMsgs 64
9.47e-06	9.47e-06	9.47e-06	9.48e-06	
Num Msgs 4
SizeMsgs 64
1.88e-05	1.87e-05	1.88e-05	1.88e-05	
Num Msgs 8
SizeMsgs 64
3.80e-05	3.80e-05	3.80e-05	3.80e-05	
Num Msgs 16
SizeMsgs 64
7.59e-05	7.50e-05	7.57e-05	7.54e-05	
Num Msgs 32
SizeMsgs 64
1.51e-04	1.50e-04	1.50e-04	1.51e-04	
Num Msgs 64
SizeMsgs 64
3.06e-04	3.05e-04	3.06e-04	3.05e-04	

Num Msgs 1
SizeMsgs 128
5.95e-06	5.95e-06	5.94e-06	5.95e-06	
Num Msgs 2
SizeMsgs 128
1.12e-05	1.12e-05	1.12e-05	1.12e-05	
Num Msgs 4
SizeMsgs 128
1.92e-05	1.92e-05	1.92e-05	1.92e-05	
Num Msgs 8
SizeMsgs 128
3.83e-05	3.83e-05	3.84e-05	3.84e-05	
Num Msgs 16
SizeMsgs 128
7.62e-05	7.62e-05	7.59e-05	7.61e-05	
Num Msgs 32
SizeMsgs 128
1.52e-04	1.52e-04	1.52e-04	1.52e-04	
Num Msgs 64
SizeMsgs 128
3.04e-04	3.04e-04	3.04e-04	3.04e-04	
Num Msgs 128
SizeMsgs 128
6.00e-04	6.01e-04	6.00e-04	6.03e-04	

Num Msgs 1
SizeMsgs 256
1.79e-05	1.77e-05	1.81e-05	1.77e-05	
Num Msgs 2
SizeMsgs 256
1.80e-05	1.80e-05	1.80e-05	1.80e-05	
Num Msgs 4
SizeMsgs 256
2.52e-05	2.52e-05	2.53e-05	2.53e-05	
Num Msgs 8
SizeMsgs 256
3.92e-05	3.91e-05	3.92e-05	3.91e-05	
Num Msgs 16
SizeMsgs 256
7.70e-05	7.67e-05	7.66e-05	7.71e-05	
Num Msgs 32
SizeMsgs 256
1.54e-04	1.53e-04	1.53e-04	1.53e-04	
Num Msgs 64
SizeMsgs 256
3.06e-04	3.07e-04	3.08e-04	3.07e-04	
Num Msgs 128
SizeMsgs 256
6.00e-04	6.00e-04	5.99e-04	6.00e-04	
Num Msgs 256
SizeMsgs 256
1.31e-03	1.30e-03	1.31e-03	1.31e-03	

Num Msgs 1
SizeMsgs 512
3.07e-05	3.09e-05	3.08e-05	3.09e-05	
Num Msgs 2
SizeMsgs 512
4.39e-05	4.38e-05	4.39e-05	4.38e-05	
Num Msgs 4
SizeMsgs 512
4.64e-05	4.65e-05	4.65e-05	4.65e-05	
Num Msgs 8
SizeMsgs 512
5.66e-05	5.67e-05	5.68e-05	5.68e-05	
Num Msgs 16
SizeMsgs 512
7.89e-05	7.89e-05	7.89e-05	7.89e-05	
Num Msgs 32
SizeMsgs 512
1.54e-04	1.55e-04	1.55e-04	1.55e-04	
Num Msgs 64
SizeMsgs 512
3.13e-04	3.13e-04	3.12e-04	3.12e-04	
Num Msgs 128
SizeMsgs 512
6.07e-04	6.05e-04	6.06e-04	6.05e-04	
Num Msgs 256
SizeMsgs 512
1.32e-03	1.31e-03	1.32e-03	1.31e-03	
Num Msgs 512
SizeMsgs 512
3.99e-03	3.99e-03	3.99e-03	4.00e-03	

Num Msgs 1
SizeMsgs 1024
8.17e-05	8.20e-05	8.18e-05	8.18e-05	
Num Msgs 2
SizeMsgs 1024
6.55e-05	6.54e-05	6.56e-05	6.54e-05	
Num Msgs 4
SizeMsgs 1024
1.03e-04	1.03e-04	1.03e-04	1.03e-04	
Num Msgs 8
SizeMsgs 1024
9.98e-05	9.99e-05	1.00e-04	9.99e-05	
Num Msgs 16
SizeMsgs 1024
1.22e-04	1.23e-04	1.22e-04	1.22e-04	
Num Msgs 32
SizeMsgs 1024
1.62e-04	1.62e-04	1.62e-04	1.61e-04	
Num Msgs 64
SizeMsgs 1024
3.15e-04	3.15e-04	3.15e-04	3.17e-04	
Num Msgs 128
SizeMsgs 1024
6.09e-04	6.10e-04	6.10e-04	6.08e-04	
Num Msgs 256
SizeMsgs 1024
1.32e-03	1.31e-03	1.33e-03	1.32e-03	
Num Msgs 512
SizeMsgs 1024
4.00e-03	4.00e-03	4.02e-03	4.05e-03	
Num Msgs 1024
SizeMsgs 1024
1.50e-02	1.38e-02	1.49e-02	1.39e-02	

Num Msgs 1
SizeMsgs 2048
8.99e-05	9.00e-05	8.96e-05	8.97e-05	
Num Msgs 2
SizeMsgs 2048
1.64e-04	1.64e-04	1.64e-04	1.64e-04	
Num Msgs 4
SizeMsgs 2048
1.40e-04	1.40e-04	1.40e-04	1.40e-04	
Num Msgs 8
SizeMsgs 2048
2.11e-04	2.11e-04	2.11e-04	2.11e-04	
Num Msgs 16
SizeMsgs 2048
2.05e-04	2.06e-04	2.06e-04	2.07e-04	
Num Msgs 32
SizeMsgs 2048
2.47e-04	2.50e-04	2.45e-04	2.48e-04	
Num Msgs 64
SizeMsgs 2048
3.31e-04	3.31e-04	3.31e-04	3.31e-04	
Num Msgs 128
SizeMsgs 2048
6.17e-04	6.18e-04	6.14e-04	6.19e-04	
Num Msgs 256
SizeMsgs 2048
1.33e-03	1.32e-03	1.34e-03	1.32e-03	
Num Msgs 512
SizeMsgs 2048
4.02e-03	4.04e-03	4.02e-03	4.05e-03	
Num Msgs 1024
SizeMsgs 2048
1.50e-02	1.39e-02	1.49e-02	1.38e-02	
Num Msgs 2048
SizeMsgs 2048
5.66e-02	5.21e-02	5.62e-02	5.18e-02	

Num Msgs 1
SizeMsgs 4096
1.82e-04	1.81e-04	1.82e-04	1.82e-04	
Num Msgs 2
SizeMsgs 4096
1.84e-04	1.84e-04	1.84e-04	1.85e-04	
Num Msgs 4
SizeMsgs 4096
3.28e-04	3.28e-04	3.28e-04	3.28e-04	
Num Msgs 8
SizeMsgs 4096
2.87e-04	2.86e-04	2.86e-04	2.86e-04	
Num Msgs 16
SizeMsgs 4096
4.33e-04	4.36e-04	4.29e-04	4.34e-04	
Num Msgs 32
SizeMsgs 4096
4.17e-04	4.17e-04	4.14e-04	4.13e-04	
Num Msgs 64
SizeMsgs 4096
4.26e-04	4.67e-04	4.20e-04	4.15e-04	
Num Msgs 128
SizeMsgs 4096
6.45e-04	6.40e-04	6.43e-04	6.41e-04	
Num Msgs 256
SizeMsgs 4096
1.34e-03	1.33e-03	1.34e-03	1.34e-03	
Num Msgs 512
SizeMsgs 4096
4.03e-03	4.02e-03	4.02e-03	4.02e-03	
Num Msgs 1024
SizeMsgs 4096
1.48e-02	1.39e-02	1.50e-02	1.38e-02	
Num Msgs 2048
SizeMsgs 4096
5.66e-02	5.19e-02	5.64e-02	5.19e-02	
Num Msgs 4096
SizeMsgs 4096
2.21e-01	2.03e-01	2.21e-01	2.03e-01	

Num Msgs 1
SizeMsgs 8192
3.65e-04	3.65e-04	3.65e-04	3.65e-04	
Num Msgs 2
SizeMsgs 8192
3.68e-04	3.68e-04	3.68e-04	3.68e-04	
Num Msgs 4
SizeMsgs 8192
3.74e-04	3.73e-04	3.74e-04	3.73e-04	
Num Msgs 8
SizeMsgs 8192
6.73e-04	6.72e-04	6.73e-04	6.72e-04	
Num Msgs 16
SizeMsgs 8192
6.00e-04	5.99e-04	5.94e-04	5.99e-04	
Num Msgs 32
SizeMsgs 8192
8.58e-04	8.41e-04	8.22e-04	8.28e-04	
Num Msgs 64
SizeMsgs 8192
7.71e-04	7.58e-04	7.73e-04	7.95e-04	
Num Msgs 128
SizeMsgs 8192
1.03e-03	1.04e-03	1.04e-03	1.04e-03	
Num Msgs 256
SizeMsgs 8192
1.38e-03	1.37e-03	1.39e-03	1.38e-03	
Num Msgs 512
SizeMsgs 8192
4.04e-03	4.03e-03	4.03e-03	4.06e-03	
Num Msgs 1024
SizeMsgs 8192
1.49e-02	1.39e-02	1.50e-02	1.39e-02	
Num Msgs 2048
SizeMsgs 8192
5.67e-02	5.20e-02	5.64e-02	5.19e-02	
Num Msgs 4096
SizeMsgs 8192
2.21e-01	2.03e-01	2.21e-01	2.03e-01	
Num Msgs 8192
SizeMsgs 8192
9.91e-01	9.06e-01	9.90e-01	9.06e-01	

Num Msgs 1
SizeMsgs 16384
7.36e-04	7.34e-04	7.35e-04	7.34e-04	
Num Msgs 2
SizeMsgs 16384
7.38e-04	7.38e-04	7.38e-04	7.38e-04	
Num Msgs 4
SizeMsgs 16384
7.44e-04	7.44e-04	7.44e-04	7.44e-04	
Num Msgs 8
SizeMsgs 16384
7.59e-04	7.59e-04	7.64e-04	7.58e-04	
Num Msgs 16
SizeMsgs 16384
1.34e-03	1.31e-03	1.29e-03	1.30e-03	
Num Msgs 32
SizeMsgs 16384
1.22e-03	1.22e-03	1.21e-03	1.22e-03	
Num Msgs 64
SizeMsgs 16384
1.66e-03	1.67e-03	1.55e-03	1.62e-03	
Num Msgs 128
SizeMsgs 16384
1.75e-03	1.74e-03	1.74e-03	1.74e-03	
Num Msgs 256
SizeMsgs 16384
2.07e-03	2.07e-03	2.06e-03	2.07e-03	
Num Msgs 512
SizeMsgs 16384
4.07e-03	4.09e-03	4.10e-03	4.12e-03	
Num Msgs 1024
SizeMsgs 16384
1.50e-02	1.37e-02	1.50e-02	1.39e-02	
Num Msgs 2048
SizeMsgs 16384
5.66e-02	5.21e-02	5.65e-02	5.22e-02	
Num Msgs 4096
SizeMsgs 16384
2.22e-01	2.03e-01	2.21e-01	2.03e-01	
Num Msgs 8192
SizeMsgs 16384
9.91e-01	9.06e-01	9.91e-01	9.06e-01	
Num Msgs 16384
SizeMsgs 16384
4.83e+00	4.42e+00	4.83e+00	4.42e+00	

Num Msgs 1
SizeMsgs 32768
1.47e-03	1.47e-03	1.47e-03	1.47e-03	
Num Msgs 2
SizeMsgs 32768
1.48e-03	1.48e-03	1.48e-03	1.48e-03	
Num Msgs 4
SizeMsgs 32768
1.48e-03	1.48e-03	1.48e-03	1.48e-03	
Num Msgs 8
SizeMsgs 32768
1.50e-03	1.50e-03	1.50e-03	1.50e-03	
Num Msgs 16
SizeMsgs 32768
1.53e-03	1.53e-03	1.54e-03	1.54e-03	
Num Msgs 32
SizeMsgs 32768
2.54e-03	2.48e-03	2.54e-03	2.50e-03	
Num Msgs 64
SizeMsgs 32768
2.44e-03	2.43e-03	2.46e-03	2.44e-03	
Num Msgs 128
SizeMsgs 32768
3.83e-03	3.76e-03	4.16e-03	3.91e-03	
Num Msgs 256
SizeMsgs 32768
3.62e-03	3.60e-03	3.52e-03	3.50e-03	
Num Msgs 512
SizeMsgs 32768
4.69e-03	4.63e-03	4.72e-03	4.68e-03	
Num Msgs 1024
SizeMsgs 32768
1.52e-02	1.39e-02	1.50e-02	1.40e-02	
Num Msgs 2048
SizeMsgs 32768
5.71e-02	5.20e-02	5.66e-02	5.20e-02	
Num Msgs 4096
SizeMsgs 32768
2.22e-01	2.03e-01	2.21e-01	2.03e-01	
Num Msgs 8192
SizeMsgs 32768
9.91e-01	9.07e-01	9.91e-01	9.07e-01	
Num Msgs 16384
SizeMsgs 32768
4.83e+00	4.42e+00	4.83e+00	4.42e+00	

Num Msgs 1
SizeMsgs 65536
2.95e-03	2.95e-03	2.95e-03	2.95e-03	
Num Msgs 2
SizeMsgs 65536
2.95e-03	2.95e-03	2.95e-03	2.95e-03	
Num Msgs 4
SizeMsgs 65536
2.96e-03	2.96e-03	2.96e-03	2.96e-03	
Num Msgs 8
SizeMsgs 65536
2.98e-03	2.98e-03	2.98e-03	2.98e-03	
Num Msgs 16
SizeMsgs 65536
3.01e-03	3.02e-03	3.01e-03	3.02e-03	
Num Msgs 32
SizeMsgs 65536
3.08e-03	3.09e-03	3.10e-03	3.10e-03	
Num Msgs 64
SizeMsgs 65536
5.02e-03	4.92e-03	5.01e-03	4.96e-03	
Num Msgs 128
SizeMsgs 65536
6.15e-03	6.11e-03	5.74e-03	6.08e-03	
Num Msgs 256
SizeMsgs 65536
7.42e-03	8.00e-03	7.54e-03	7.87e-03	
Num Msgs 512
SizeMsgs 65536
7.52e-03	7.63e-03	7.53e-03	7.64e-03	
Num Msgs 1024
SizeMsgs 65536
1.57e-02	1.46e-02	1.57e-02	1.47e-02	
Num Msgs 2048
SizeMsgs 65536
5.68e-02	5.24e-02	5.67e-02	5.22e-02	
Num Msgs 4096
SizeMsgs 65536
2.22e-01	2.03e-01	2.22e-01	2.03e-01	
Num Msgs 8192
SizeMsgs 65536
9.92e-01	9.07e-01	9.92e-01	9.08e-01	
Num Msgs 16384
SizeMsgs 65536
4.83e+00	4.42e+00	4.83e+00	4.42e+00	
Pingpong for
master:  0, 1, 2, 3, 4, 5, 6, 7, 8, 9, 10, 11, 12, 13, 14, 15, 16, 17, 18, 19, 20, 21, 22, 23, 24, 25, 26, 27, 28, 29, 30, 31, 32, 33, 34, 35, 36, 37, 38, 39, 40, 41, 42, 43, 44, 45, 46, 47, 48, 49, 50, 51, 52, 53, 54, 55, 56, 57, 58, 59, 60, 61, 62, 63
partner: 64, 65, 66, 67, 68, 69, 70, 71, 72, 73, 74, 75, 76, 77, 78, 79, 80, 81, 82, 83, 84, 85, 86, 87, 88, 89, 90, 91, 92, 93, 94, 95, 96, 97, 98, 99, 100, 101, 102, 103, 104, 105, 106, 107, 108, 109, 110, 111, 112, 113, 114, 115, 116, 117, 118, 119, 120, 121, 122, 123, 124, 125, 126, 127

Num Msgs 1
SizeMsgs 1
4.00e-06	4.01e-06	4.00e-06	4.01e-06	

Num Msgs 1
SizeMsgs 2
4.01e-06	4.01e-06	4.02e-06	4.03e-06	
Num Msgs 2
SizeMsgs 2
8.90e-06	8.88e-06	8.85e-06	8.87e-06	

Num Msgs 1
SizeMsgs 4
4.06e-06	4.05e-06	4.05e-06	4.06e-06	
Num Msgs 2
SizeMsgs 4
8.88e-06	8.90e-06	8.91e-06	8.90e-06	
Num Msgs 4
SizeMsgs 4
1.84e-05	1.84e-05	1.84e-05	1.83e-05	

Num Msgs 1
SizeMsgs 8
4.17e-06	4.17e-06	4.16e-06	4.17e-06	
Num Msgs 2
SizeMsgs 8
8.96e-06	8.96e-06	8.96e-06	8.96e-06	
Num Msgs 4
SizeMsgs 8
1.84e-05	1.84e-05	1.84e-05	1.84e-05	
Num Msgs 8
SizeMsgs 8
3.74e-05	3.74e-05	3.74e-05	3.74e-05	

Num Msgs 1
SizeMsgs 16
4.20e-06	4.21e-06	4.20e-06	4.22e-06	
Num Msgs 2
SizeMsgs 16
9.08e-06	9.08e-06	9.08e-06	9.09e-06	
Num Msgs 4
SizeMsgs 16
1.85e-05	1.86e-05	1.86e-05	1.86e-05	
Num Msgs 8
SizeMsgs 16
3.75e-05	3.74e-05	3.74e-05	3.75e-05	
Num Msgs 16
SizeMsgs 16
7.49e-05	7.51e-05	7.51e-05	7.49e-05	

Num Msgs 1
SizeMsgs 32
4.36e-06	4.36e-06	4.37e-06	4.37e-06	
Num Msgs 2
SizeMsgs 32
9.13e-06	9.13e-06	9.14e-06	9.12e-06	
Num Msgs 4
SizeMsgs 32
1.86e-05	1.86e-05	1.86e-05	1.86e-05	
Num Msgs 8
SizeMsgs 32
3.77e-05	3.77e-05	3.77e-05	3.77e-05	
Num Msgs 16
SizeMsgs 32
7.48e-05	7.51e-05	7.48e-05	7.53e-05	
Num Msgs 32
SizeMsgs 32
1.51e-04	1.51e-04	1.51e-04	1.51e-04	

Num Msgs 1
SizeMsgs 64
4.75e-06	4.75e-06	4.75e-06	4.74e-06	
Num Msgs 2
SizeMsgs 64
9.47e-06	9.48e-06	9.49e-06	9.51e-06	
Num Msgs 4
SizeMsgs 64
1.88e-05	1.89e-05	1.88e-05	1.88e-05	
Num Msgs 8
SizeMsgs 64
3.80e-05	3.80e-05	3.80e-05	3.80e-05	
Num Msgs 16
SizeMsgs 64
7.58e-05	7.57e-05	7.56e-05	7.58e-05	
Num Msgs 32
SizeMsgs 64
1.51e-04	1.51e-04	1.50e-04	1.51e-04	
Num Msgs 64
SizeMsgs 64
3.05e-04	3.06e-04	3.06e-04	3.06e-04	

Num Msgs 1
SizeMsgs 128
5.95e-06	5.95e-06	5.96e-06	5.95e-06	
Num Msgs 2
SizeMsgs 128
1.14e-05	1.14e-05	1.14e-05	1.14e-05	
Num Msgs 4
SizeMsgs 128
1.93e-05	1.92e-05	1.92e-05	1.92e-05	
Num Msgs 8
SizeMsgs 128
3.83e-05	3.83e-05	3.83e-05	3.84e-05	
Num Msgs 16
SizeMsgs 128
7.63e-05	7.65e-05	7.69e-05	7.65e-05	
Num Msgs 32
SizeMsgs 128
1.52e-04	1.52e-04	1.52e-04	1.51e-04	
Num Msgs 64
SizeMsgs 128
3.07e-04	3.05e-04	3.06e-04	3.06e-04	
Num Msgs 128
SizeMsgs 128
6.02e-04	5.99e-04	5.99e-04	6.00e-04	

Num Msgs 1
SizeMsgs 256
1.78e-05	1.79e-05	1.78e-05	1.77e-05	
Num Msgs 2
SizeMsgs 256
1.80e-05	1.80e-05	1.85e-05	1.86e-05	
Num Msgs 4
SizeMsgs 256
2.61e-05	2.55e-05	2.56e-05	2.54e-05	
Num Msgs 8
SizeMsgs 256
3.97e-05	3.90e-05	3.91e-05	3.89e-05	
Num Msgs 16
SizeMsgs 256
7.73e-05	7.68e-05	7.73e-05	7.68e-05	
Num Msgs 32
SizeMsgs 256
1.53e-04	1.54e-04	1.54e-04	1.53e-04	
Num Msgs 64
SizeMsgs 256
3.08e-04	3.07e-04	3.08e-04	3.08e-04	
Num Msgs 128
SizeMsgs 256
6.01e-04	6.01e-04	6.01e-04	5.99e-04	
Num Msgs 256
SizeMsgs 256
1.32e-03	1.31e-03	1.31e-03	1.31e-03	

Num Msgs 1
SizeMsgs 512
3.09e-05	3.09e-05	3.09e-05	3.09e-05	
Num Msgs 2
SizeMsgs 512
4.38e-05	4.38e-05	4.39e-05	4.37e-05	
Num Msgs 4
SizeMsgs 512
4.64e-05	4.65e-05	4.65e-05	4.65e-05	
Num Msgs 8
SizeMsgs 512
5.68e-05	5.68e-05	5.68e-05	5.68e-05	
Num Msgs 16
SizeMsgs 512
7.94e-05	7.90e-05	7.91e-05	7.89e-05	
Num Msgs 32
SizeMsgs 512
1.55e-04	1.56e-04	1.55e-04	1.56e-04	
Num Msgs 64
SizeMsgs 512
3.13e-04	3.12e-04	3.11e-04	3.12e-04	
Num Msgs 128
SizeMsgs 512
6.07e-04	6.04e-04	6.05e-04	6.05e-04	
Num Msgs 256
SizeMsgs 512
1.31e-03	1.30e-03	1.32e-03	1.31e-03	
Num Msgs 512
SizeMsgs 512
3.99e-03	4.01e-03	4.00e-03	4.02e-03	

Num Msgs 1
SizeMsgs 1024
8.19e-05	8.19e-05	8.19e-05	8.18e-05	
Num Msgs 2
SizeMsgs 1024
6.56e-05	6.56e-05	6.56e-05	6.55e-05	
Num Msgs 4
SizeMsgs 1024
1.03e-04	1.03e-04	1.03e-04	1.03e-04	
Num Msgs 8
SizeMsgs 1024
1.00e-04	9.98e-05	9.98e-05	9.99e-05	
Num Msgs 16
SizeMsgs 1024
1.22e-04	1.22e-04	1.22e-04	1.22e-04	
Num Msgs 32
SizeMsgs 1024
1.63e-04	1.63e-04	1.62e-04	1.62e-04	
Num Msgs 64
SizeMsgs 1024
3.14e-04	3.18e-04	3.16e-04	3.17e-04	
Num Msgs 128
SizeMsgs 1024
6.07e-04	6.08e-04	6.09e-04	6.09e-04	
Num Msgs 256
SizeMsgs 1024
1.32e-03	1.31e-03	1.33e-03	1.32e-03	
Num Msgs 512
SizeMsgs 1024
4.00e-03	4.01e-03	4.00e-03	4.04e-03	
Num Msgs 1024
SizeMsgs 1024
1.48e-02	1.38e-02	1.49e-02	1.38e-02	

Num Msgs 1
SizeMsgs 2048
8.96e-05	8.95e-05	8.95e-05	8.99e-05	
Num Msgs 2
SizeMsgs 2048
1.65e-04	1.64e-04	1.64e-04	1.64e-04	
Num Msgs 4
SizeMsgs 2048
1.41e-04	1.41e-04	1.40e-04	1.40e-04	
Num Msgs 8
SizeMsgs 2048
2.11e-04	2.11e-04	2.11e-04	2.11e-04	
Num Msgs 16
SizeMsgs 2048
2.05e-04	2.04e-04	2.06e-04	2.06e-04	
Num Msgs 32
SizeMsgs 2048
2.50e-04	2.52e-04	2.52e-04	2.49e-04	
Num Msgs 64
SizeMsgs 2048
3.30e-04	3.32e-04	3.28e-04	3.32e-04	
Num Msgs 128
SizeMsgs 2048
6.15e-04	6.15e-04	6.14e-04	6.16e-04	
Num Msgs 256
SizeMsgs 2048
1.33e-03	1.31e-03	1.34e-03	1.33e-03	
Num Msgs 512
SizeMsgs 2048
4.02e-03	4.04e-03	4.02e-03	4.05e-03	
Num Msgs 1024
SizeMsgs 2048
1.49e-02	1.38e-02	1.49e-02	1.39e-02	
Num Msgs 2048
SizeMsgs 2048
5.68e-02	5.20e-02	5.64e-02	5.18e-02	

Num Msgs 1
SizeMsgs 4096
1.82e-04	1.82e-04	1.81e-04	1.82e-04	
Num Msgs 2
SizeMsgs 4096
1.84e-04	1.84e-04	1.84e-04	1.84e-04	
Num Msgs 4
SizeMsgs 4096
3.28e-04	3.28e-04	3.28e-04	3.29e-04	
Num Msgs 8
SizeMsgs 4096
2.86e-04	2.86e-04	2.86e-04	2.86e-04	
Num Msgs 16
SizeMsgs 4096
4.32e-04	4.38e-04	4.28e-04	4.34e-04	
Num Msgs 32
SizeMsgs 4096
4.17e-04	4.12e-04	4.18e-04	4.06e-04	
Num Msgs 64
SizeMsgs 4096
4.45e-04	4.24e-04	4.35e-04	4.40e-04	
Num Msgs 128
SizeMsgs 4096
6.45e-04	6.44e-04	6.44e-04	6.45e-04	
Num Msgs 256
SizeMsgs 4096
1.34e-03	1.34e-03	1.34e-03	1.33e-03	
Num Msgs 512
SizeMsgs 4096
4.03e-03	4.02e-03	4.03e-03	4.02e-03	
Num Msgs 1024
SizeMsgs 4096
1.50e-02	1.39e-02	1.49e-02	1.39e-02	
Num Msgs 2048
SizeMsgs 4096
5.68e-02	5.20e-02	5.64e-02	5.19e-02	
Num Msgs 4096
SizeMsgs 4096
2.22e-01	2.03e-01	2.21e-01	2.03e-01	

Num Msgs 1
SizeMsgs 8192
3.65e-04	3.65e-04	3.67e-04	3.76e-04	
Num Msgs 2
SizeMsgs 8192
3.72e-04	3.79e-04	3.70e-04	3.68e-04	
Num Msgs 4
SizeMsgs 8192
3.75e-04	3.77e-04	3.74e-04	3.73e-04	
Num Msgs 8
SizeMsgs 8192
6.74e-04	6.75e-04	6.74e-04	6.74e-04	
Num Msgs 16
SizeMsgs 8192
5.97e-04	5.90e-04	6.01e-04	5.97e-04	
Num Msgs 32
SizeMsgs 8192
8.80e-04	8.70e-04	8.59e-04	8.57e-04	
Num Msgs 64
SizeMsgs 8192
7.73e-04	7.66e-04	7.75e-04	7.81e-04	
Num Msgs 128
SizeMsgs 8192
1.03e-03	1.03e-03	1.03e-03	1.03e-03	
Num Msgs 256
SizeMsgs 8192
1.38e-03	1.39e-03	1.38e-03	1.38e-03	
Num Msgs 512
SizeMsgs 8192
4.03e-03	4.04e-03	4.04e-03	4.02e-03	
Num Msgs 1024
SizeMsgs 8192
1.50e-02	1.39e-02	1.50e-02	1.39e-02	
Num Msgs 2048
SizeMsgs 8192
5.71e-02	5.20e-02	5.66e-02	5.21e-02	
Num Msgs 4096
SizeMsgs 8192
2.22e-01	2.03e-01	2.21e-01	2.03e-01	
Num Msgs 8192
SizeMsgs 8192
9.91e-01	9.06e-01	9.91e-01	9.06e-01	

Num Msgs 1
SizeMsgs 16384
7.36e-04	7.35e-04	7.35e-04	7.35e-04	
Num Msgs 2
SizeMsgs 16384
7.38e-04	7.39e-04	7.39e-04	7.44e-04	
Num Msgs 4
SizeMsgs 16384
7.48e-04	7.49e-04	7.50e-04	7.47e-04	
Num Msgs 8
SizeMsgs 16384
7.58e-04	7.61e-04	7.61e-04	7.59e-04	
Num Msgs 16
SizeMsgs 16384
1.35e-03	1.31e-03	1.26e-03	1.31e-03	
Num Msgs 32
SizeMsgs 16384
1.21e-03	1.22e-03	1.23e-03	1.22e-03	
Num Msgs 64
SizeMsgs 16384
1.68e-03	1.59e-03	1.57e-03	1.60e-03	
Num Msgs 128
SizeMsgs 16384
1.78e-03	1.80e-03	1.78e-03	1.73e-03	
Num Msgs 256
SizeMsgs 16384
2.07e-03	2.07e-03	2.07e-03	2.04e-03	
Num Msgs 512
SizeMsgs 16384
4.08e-03	4.07e-03	4.08e-03	4.08e-03	
Num Msgs 1024
SizeMsgs 16384
1.51e-02	1.38e-02	1.50e-02	1.39e-02	
Num Msgs 2048
SizeMsgs 16384
5.68e-02	5.21e-02	5.66e-02	5.20e-02	
Num Msgs 4096
SizeMsgs 16384
2.22e-01	2.03e-01	2.21e-01	2.03e-01	
Num Msgs 8192
SizeMsgs 16384
9.91e-01	9.07e-01	9.91e-01	9.06e-01	
Num Msgs 16384
SizeMsgs 16384
4.83e+00	4.42e+00	4.83e+00	4.42e+00	

Num Msgs 1
SizeMsgs 32768
1.47e-03	1.47e-03	1.48e-03	1.47e-03	
Num Msgs 2
SizeMsgs 32768
1.48e-03	1.48e-03	1.48e-03	1.48e-03	
Num Msgs 4
SizeMsgs 32768
1.48e-03	1.49e-03	1.48e-03	1.48e-03	
Num Msgs 8
SizeMsgs 32768
1.50e-03	1.50e-03	1.50e-03	1.50e-03	
Num Msgs 16
SizeMsgs 32768
1.54e-03	1.54e-03	1.55e-03	1.53e-03	
Num Msgs 32
SizeMsgs 32768
2.47e-03	2.56e-03	2.50e-03	2.59e-03	
Num Msgs 64
SizeMsgs 32768
2.43e-03	2.45e-03	2.54e-03	2.45e-03	
Num Msgs 128
SizeMsgs 32768
4.09e-03	3.69e-03	3.97e-03	3.79e-03	
Num Msgs 256
SizeMsgs 32768
3.50e-03	3.42e-03	3.49e-03	3.62e-03	
Num Msgs 512
SizeMsgs 32768
4.62e-03	4.61e-03	4.70e-03	4.63e-03	
Num Msgs 1024
SizeMsgs 32768
1.52e-02	1.40e-02	1.50e-02	1.40e-02	
Num Msgs 2048
SizeMsgs 32768
5.68e-02	5.21e-02	5.67e-02	5.21e-02	
Num Msgs 4096
SizeMsgs 32768
2.22e-01	2.03e-01	2.22e-01	2.03e-01	
Num Msgs 8192
SizeMsgs 32768
9.91e-01	9.07e-01	9.91e-01	9.07e-01	
Num Msgs 16384
SizeMsgs 32768
4.83e+00	4.42e+00	4.83e+00	4.42e+00	

Num Msgs 1
SizeMsgs 65536
2.95e-03	2.95e-03	2.95e-03	2.95e-03	
Num Msgs 2
SizeMsgs 65536
2.95e-03	2.95e-03	2.96e-03	2.96e-03	
Num Msgs 4
SizeMsgs 65536
2.96e-03	2.96e-03	2.97e-03	2.98e-03	
Num Msgs 8
SizeMsgs 65536
3.00e-03	3.01e-03	3.01e-03	3.01e-03	
Num Msgs 16
SizeMsgs 65536
3.04e-03	3.04e-03	3.02e-03	3.01e-03	
Num Msgs 32
SizeMsgs 65536
3.12e-03	3.10e-03	3.09e-03	3.12e-03	
Num Msgs 64
SizeMsgs 65536
4.99e-03	5.11e-03	5.04e-03	5.03e-03	
Num Msgs 128
SizeMsgs 65536
5.97e-03	5.72e-03	6.19e-03	6.01e-03	
Num Msgs 256
SizeMsgs 65536
7.60e-03	7.62e-03	7.86e-03	7.91e-03	
Num Msgs 512
SizeMsgs 65536
7.59e-03	7.58e-03	7.65e-03	7.40e-03	
Num Msgs 1024
SizeMsgs 65536
1.57e-02	1.46e-02	1.57e-02	1.47e-02	
Num Msgs 2048
SizeMsgs 65536
5.70e-02	5.23e-02	5.70e-02	5.23e-02	
Num Msgs 4096
SizeMsgs 65536
2.22e-01	2.03e-01	2.22e-01	2.03e-01	
Num Msgs 8192
SizeMsgs 65536
9.92e-01	9.07e-01	9.93e-01	9.07e-01	
Num Msgs 16384
SizeMsgs 65536
4.83e+00	4.42e+00	4.83e+00	4.42e+00	
Application 66229269 resources: utime ~104836s, stime ~815s, Rss ~26372, inblocks ~87058, outblocks ~131648
