----------------------------------------
Begin Torque Prologue on nid27562
at Thu Apr 12 12:40:20 CDT 2018
Job Id:			8501597.bw
Username:		bienz
Group:			ILL_jq7
Job name:		nodecomm
Requested resources:	neednodes=8:ppn=32:xe,nodes=8:ppn=32:xe,walltime=00:20:00
Queue:			normal
Account:		jq7
End Torque Prologue:  0.125 elapsed
----------------------------------------




Pingpong for
master:  0, 1, 2, 3, 4, 5, 6, 7, 8, 9, 10, 11, 12, 13, 14, 15, 16, 17, 18, 19, 20, 21, 22, 23, 24, 25, 26, 27, 28, 29, 30, 31, 32, 33, 34, 35, 36, 37, 38, 39, 40, 41, 42, 43, 44, 45, 46, 47, 48, 49, 50, 51, 52, 53, 54, 55, 56, 57, 58, 59, 60, 61, 62, 63
partner: 64, 65, 66, 67, 68, 69, 70, 71, 72, 73, 74, 75, 76, 77, 78, 79, 80, 81, 82, 83, 84, 85, 86, 87, 88, 89, 90, 91, 92, 93, 94, 95, 96, 97, 98, 99, 100, 101, 102, 103, 104, 105, 106, 107, 108, 109, 110, 111, 112, 113, 114, 115, 116, 117, 118, 119, 120, 121, 122, 123, 124, 125, 126, 127

Num Msgs 1
SizeMsgs 1
3.88e-06	3.87e-06	3.87e-06	3.88e-06	

Num Msgs 1
SizeMsgs 2
3.87e-06	3.88e-06	3.87e-06	3.88e-06	
Num Msgs 2
SizeMsgs 2
8.41e-06	8.41e-06	8.43e-06	8.41e-06	

Num Msgs 1
SizeMsgs 4
3.91e-06	3.92e-06	3.91e-06	3.91e-06	
Num Msgs 2
SizeMsgs 4
8.44e-06	8.44e-06	8.44e-06	8.42e-06	
Num Msgs 4
SizeMsgs 4
1.73e-05	1.73e-05	1.73e-05	1.73e-05	

Num Msgs 1
SizeMsgs 8
3.99e-06	3.98e-06	3.98e-06	3.99e-06	
Num Msgs 2
SizeMsgs 8
8.52e-06	8.52e-06	8.52e-06	8.51e-06	
Num Msgs 4
SizeMsgs 8
1.73e-05	1.73e-05	1.73e-05	1.73e-05	
Num Msgs 8
SizeMsgs 8
3.49e-05	3.49e-05	3.49e-05	3.49e-05	

Num Msgs 1
SizeMsgs 16
4.08e-06	4.09e-06	4.08e-06	4.08e-06	
Num Msgs 2
SizeMsgs 16
8.65e-06	8.65e-06	8.64e-06	8.66e-06	
Num Msgs 4
SizeMsgs 16
1.75e-05	1.75e-05	1.75e-05	1.75e-05	
Num Msgs 8
SizeMsgs 16
3.50e-05	3.50e-05	3.51e-05	3.51e-05	
Num Msgs 16
SizeMsgs 16
7.86e-05	7.04e-05	7.03e-05	7.06e-05	

Num Msgs 1
SizeMsgs 32
4.23e-06	4.22e-06	4.23e-06	4.23e-06	
Num Msgs 2
SizeMsgs 32
8.70e-06	8.70e-06	8.70e-06	8.71e-06	
Num Msgs 4
SizeMsgs 32
1.76e-05	1.76e-05	1.75e-05	1.75e-05	
Num Msgs 8
SizeMsgs 32
3.53e-05	3.53e-05	3.53e-05	3.53e-05	
Num Msgs 16
SizeMsgs 32
7.04e-05	7.07e-05	7.04e-05	7.04e-05	
Num Msgs 32
SizeMsgs 32
1.42e-04	1.41e-04	1.41e-04	1.42e-04	

Num Msgs 1
SizeMsgs 64
4.58e-06	4.58e-06	4.59e-06	4.59e-06	
Num Msgs 2
SizeMsgs 64
9.15e-06	9.14e-06	9.13e-06	9.14e-06	
Num Msgs 4
SizeMsgs 64
1.76e-05	1.76e-05	1.76e-05	1.76e-05	
Num Msgs 8
SizeMsgs 64
3.54e-05	3.54e-05	3.54e-05	3.54e-05	
Num Msgs 16
SizeMsgs 64
7.09e-05	7.10e-05	7.09e-05	7.07e-05	
Num Msgs 32
SizeMsgs 64
1.42e-04	1.42e-04	1.42e-04	1.41e-04	
Num Msgs 64
SizeMsgs 64
2.87e-04	2.87e-04	2.86e-04	2.86e-04	

Num Msgs 1
SizeMsgs 128
5.57e-06	5.59e-06	5.58e-06	5.56e-06	
Num Msgs 2
SizeMsgs 128
1.11e-05	1.11e-05	1.11e-05	1.11e-05	
Num Msgs 4
SizeMsgs 128
1.82e-05	1.82e-05	1.82e-05	1.82e-05	
Num Msgs 8
SizeMsgs 128
3.55e-05	3.55e-05	3.55e-05	3.54e-05	
Num Msgs 16
SizeMsgs 128
7.16e-05	7.13e-05	7.13e-05	7.15e-05	
Num Msgs 32
SizeMsgs 128
1.42e-04	1.43e-04	1.42e-04	1.43e-04	
Num Msgs 64
SizeMsgs 128
2.87e-04	2.87e-04	2.88e-04	2.87e-04	
Num Msgs 128
SizeMsgs 128
5.67e-04	5.62e-04	5.65e-04	5.63e-04	

Num Msgs 1
SizeMsgs 256
1.38e-05	1.41e-05	1.40e-05	1.39e-05	
Num Msgs 2
SizeMsgs 256
1.77e-05	1.76e-05	1.77e-05	1.77e-05	
Num Msgs 4
SizeMsgs 256
2.54e-05	2.54e-05	2.54e-05	2.53e-05	
Num Msgs 8
SizeMsgs 256
3.64e-05	3.64e-05	3.64e-05	3.65e-05	
Num Msgs 16
SizeMsgs 256
7.18e-05	7.17e-05	7.18e-05	7.17e-05	
Num Msgs 32
SizeMsgs 256
1.44e-04	1.44e-04	1.44e-04	1.44e-04	
Num Msgs 64
SizeMsgs 256
2.89e-04	2.89e-04	2.89e-04	2.90e-04	
Num Msgs 128
SizeMsgs 256
5.68e-04	5.65e-04	5.64e-04	5.64e-04	
Num Msgs 256
SizeMsgs 256
1.26e-03	1.25e-03	1.27e-03	1.26e-03	

Num Msgs 1
SizeMsgs 512
3.03e-05	3.04e-05	3.04e-05	3.05e-05	
Num Msgs 2
SizeMsgs 512
3.91e-05	3.91e-05	3.92e-05	3.92e-05	
Num Msgs 4
SizeMsgs 512
4.62e-05	4.63e-05	4.63e-05	4.62e-05	
Num Msgs 8
SizeMsgs 512
5.68e-05	5.68e-05	5.69e-05	5.68e-05	
Num Msgs 16
SizeMsgs 512
7.54e-05	7.44e-05	7.48e-05	7.39e-05	
Num Msgs 32
SizeMsgs 512
1.46e-04	1.45e-04	1.45e-04	1.45e-04	
Num Msgs 64
SizeMsgs 512
2.92e-04	2.91e-04	2.91e-04	2.92e-04	
Num Msgs 128
SizeMsgs 512
5.71e-04	5.68e-04	5.68e-04	5.69e-04	
Num Msgs 256
SizeMsgs 512
1.27e-03	1.25e-03	1.27e-03	1.26e-03	
Num Msgs 512
SizeMsgs 512
3.94e-03	3.94e-03	3.95e-03	3.98e-03	

Num Msgs 1
SizeMsgs 1024
8.85e-05	8.85e-05	8.81e-05	8.90e-05	
Num Msgs 2
SizeMsgs 1024
6.72e-05	6.71e-05	6.73e-05	6.73e-05	
Num Msgs 4
SizeMsgs 1024
1.03e-04	1.03e-04	1.03e-04	1.03e-04	
Num Msgs 8
SizeMsgs 1024
9.90e-05	9.90e-05	9.89e-05	9.90e-05	
Num Msgs 16
SizeMsgs 1024
1.22e-04	1.22e-04	1.23e-04	1.22e-04	
Num Msgs 32
SizeMsgs 1024
1.51e-04	1.52e-04	1.52e-04	1.51e-04	
Num Msgs 64
SizeMsgs 1024
2.93e-04	2.94e-04	2.94e-04	2.95e-04	
Num Msgs 128
SizeMsgs 1024
5.73e-04	5.70e-04	5.69e-04	5.71e-04	
Num Msgs 256
SizeMsgs 1024
1.28e-03	1.26e-03	1.29e-03	1.27e-03	
Num Msgs 512
SizeMsgs 1024
3.96e-03	3.95e-03	3.95e-03	3.97e-03	
Num Msgs 1024
SizeMsgs 1024
1.48e-02	1.38e-02	1.48e-02	1.38e-02	

Num Msgs 1
SizeMsgs 2048
5.65e-05	5.64e-05	5.64e-05	5.64e-05	
Num Msgs 2
SizeMsgs 2048
1.70e-04	1.70e-04	1.70e-04	1.69e-04	
Num Msgs 4
SizeMsgs 2048
1.41e-04	1.41e-04	1.40e-04	1.41e-04	
Num Msgs 8
SizeMsgs 2048
2.26e-04	2.27e-04	2.28e-04	2.30e-04	
Num Msgs 16
SizeMsgs 2048
2.03e-04	2.03e-04	2.05e-04	2.03e-04	
Num Msgs 32
SizeMsgs 2048
2.53e-04	2.49e-04	2.48e-04	2.52e-04	
Num Msgs 64
SizeMsgs 2048
3.05e-04	3.04e-04	3.03e-04	3.06e-04	
Num Msgs 128
SizeMsgs 2048
5.78e-04	5.74e-04	5.73e-04	5.72e-04	
Num Msgs 256
SizeMsgs 2048
1.27e-03	1.28e-03	1.28e-03	1.28e-03	
Num Msgs 512
SizeMsgs 2048
3.99e-03	4.00e-03	3.98e-03	3.97e-03	
Num Msgs 1024
SizeMsgs 2048
1.49e-02	1.38e-02	1.48e-02	1.38e-02	
Num Msgs 2048
SizeMsgs 2048
5.77e-02	5.18e-02	5.62e-02	5.18e-02	

Num Msgs 1
SizeMsgs 4096
1.14e-04	1.14e-04	1.14e-04	1.14e-04	
Num Msgs 2
SizeMsgs 4096
1.17e-04	1.17e-04	1.17e-04	1.17e-04	
Num Msgs 4
SizeMsgs 4096
3.27e-04	3.27e-04	3.27e-04	3.28e-04	
Num Msgs 8
SizeMsgs 4096
2.82e-04	2.82e-04	2.83e-04	2.82e-04	
Num Msgs 16
SizeMsgs 4096
4.59e-04	4.95e-04	4.70e-04	4.83e-04	
Num Msgs 32
SizeMsgs 4096
4.12e-04	4.14e-04	4.13e-04	4.07e-04	
Num Msgs 64
SizeMsgs 4096
4.95e-04	4.75e-04	5.11e-04	4.75e-04	
Num Msgs 128
SizeMsgs 4096
6.60e-04	6.60e-04	6.59e-04	6.57e-04	
Num Msgs 256
SizeMsgs 4096
1.29e-03	1.28e-03	1.29e-03	1.29e-03	
Num Msgs 512
SizeMsgs 4096
3.98e-03	3.97e-03	3.97e-03	3.98e-03	
Num Msgs 1024
SizeMsgs 4096
1.50e-02	1.38e-02	1.49e-02	1.38e-02	
Num Msgs 2048
SizeMsgs 4096
5.67e-02	5.20e-02	5.63e-02	5.19e-02	
Num Msgs 4096
SizeMsgs 4096
2.24e-01	2.03e-01	2.21e-01	2.03e-01	

Num Msgs 1
SizeMsgs 8192
2.29e-04	2.29e-04	2.28e-04	2.29e-04	
Num Msgs 2
SizeMsgs 8192
2.30e-04	2.30e-04	2.30e-04	2.30e-04	
Num Msgs 4
SizeMsgs 8192
2.37e-04	2.36e-04	2.36e-04	2.37e-04	
Num Msgs 8
SizeMsgs 8192
6.45e-04	6.49e-04	6.48e-04	6.47e-04	
Num Msgs 16
SizeMsgs 8192
5.83e-04	5.73e-04	5.93e-04	5.92e-04	
Num Msgs 32
SizeMsgs 8192
1.01e-03	9.54e-04	1.00e-03	9.91e-04	
Num Msgs 64
SizeMsgs 8192
8.13e-04	8.04e-04	8.07e-04	7.65e-04	
Num Msgs 128
SizeMsgs 8192
1.03e-03	1.04e-03	1.04e-03	1.03e-03	
Num Msgs 256
SizeMsgs 8192
1.35e-03	1.34e-03	1.36e-03	1.36e-03	
Num Msgs 512
SizeMsgs 8192
3.98e-03	3.99e-03	3.98e-03	3.99e-03	
Num Msgs 1024
SizeMsgs 8192
1.50e-02	1.38e-02	1.49e-02	1.38e-02	
Num Msgs 2048
SizeMsgs 8192
5.66e-02	5.21e-02	5.63e-02	5.21e-02	
Num Msgs 4096
SizeMsgs 8192
2.21e-01	2.03e-01	2.21e-01	2.03e-01	
Num Msgs 8192
SizeMsgs 8192
9.98e-01	9.08e-01	9.92e-01	9.08e-01	

Num Msgs 1
SizeMsgs 16384
4.61e-04	4.59e-04	4.60e-04	4.60e-04	
Num Msgs 2
SizeMsgs 16384
4.62e-04	4.62e-04	4.62e-04	4.62e-04	
Num Msgs 4
SizeMsgs 16384
4.67e-04	4.67e-04	4.67e-04	4.67e-04	
Num Msgs 8
SizeMsgs 16384
4.88e-04	4.89e-04	4.83e-04	4.86e-04	
Num Msgs 16
SizeMsgs 16384
1.25e-03	1.25e-03	1.23e-03	1.23e-03	
Num Msgs 32
SizeMsgs 16384
1.18e-03	1.17e-03	1.17e-03	1.16e-03	
Num Msgs 64
SizeMsgs 16384
1.73e-03	1.92e-03	1.90e-03	1.72e-03	
Num Msgs 128
SizeMsgs 16384
1.80e-03	1.71e-03	1.89e-03	1.65e-03	
Num Msgs 256
SizeMsgs 16384
2.06e-03	2.08e-03	2.06e-03	2.07e-03	
Num Msgs 512
SizeMsgs 16384
4.07e-03	4.06e-03	4.05e-03	4.06e-03	
Num Msgs 1024
SizeMsgs 16384
1.50e-02	1.38e-02	1.49e-02	1.39e-02	
Num Msgs 2048
SizeMsgs 16384
5.64e-02	5.20e-02	5.63e-02	5.20e-02	
Num Msgs 4096
SizeMsgs 16384
2.21e-01	2.03e-01	2.21e-01	2.03e-01	
Num Msgs 8192
SizeMsgs 16384
9.92e-01	9.09e-01	9.92e-01	9.09e-01	
Num Msgs 16384
SizeMsgs 16384
4.89e+00	4.37e+00	4.88e+00	4.37e+00	

Num Msgs 1
SizeMsgs 32768
9.23e-04	9.21e-04	9.20e-04	9.21e-04	
Num Msgs 2
SizeMsgs 32768
9.24e-04	9.24e-04	9.25e-04	9.24e-04	
Num Msgs 4
SizeMsgs 32768
9.29e-04	9.29e-04	9.29e-04	9.29e-04	
Num Msgs 8
SizeMsgs 32768
9.40e-04	9.40e-04	9.41e-04	9.41e-04	
Num Msgs 16
SizeMsgs 32768
9.90e-04	9.97e-04	9.84e-04	9.77e-04	
Num Msgs 32
SizeMsgs 32768
2.40e-03	2.46e-03	2.34e-03	2.40e-03	
Num Msgs 64
SizeMsgs 32768
2.41e-03	2.37e-03	2.46e-03	2.32e-03	
Num Msgs 128
SizeMsgs 32768
3.97e-03	3.82e-03	3.76e-03	3.73e-03	
Num Msgs 256
SizeMsgs 32768
3.71e-03	3.33e-03	3.41e-03	3.48e-03	
Num Msgs 512
SizeMsgs 32768
4.66e-03	4.63e-03	4.68e-03	4.74e-03	
Num Msgs 1024
SizeMsgs 32768
1.51e-02	1.40e-02	1.51e-02	1.40e-02	
Num Msgs 2048
SizeMsgs 32768
5.65e-02	5.21e-02	5.64e-02	5.23e-02	
Num Msgs 4096
SizeMsgs 32768
2.21e-01	2.03e-01	2.21e-01	2.04e-01	
Num Msgs 8192
SizeMsgs 32768
9.92e-01	9.09e-01	9.92e-01	9.09e-01	
Num Msgs 16384
SizeMsgs 32768
4.88e+00	4.37e+00	4.88e+00	4.37e+00	

Num Msgs 1
SizeMsgs 65536
1.84e-03	1.84e-03	1.84e-03	1.84e-03	
Num Msgs 2
SizeMsgs 65536
1.85e-03	1.85e-03	1.85e-03	1.85e-03	
Num Msgs 4
SizeMsgs 65536
1.85e-03	1.85e-03	1.85e-03	1.85e-03	
Num Msgs 8
SizeMsgs 65536
1.87e-03	1.87e-03	1.87e-03	1.87e-03	
Num Msgs 16
SizeMsgs 65536
1.89e-03	1.89e-03	1.89e-03	1.89e-03	
Num Msgs 32
SizeMsgs 65536
1.99e-03	1.97e-03	1.98e-03	1.97e-03	
Num Msgs 64
SizeMsgs 65536
4.71e-03	4.79e-03	4.70e-03	4.56e-03	
Num Msgs 128
SizeMsgs 65536
5.76e-03	5.81e-03	5.86e-03	5.94e-03	
Num Msgs 256
SizeMsgs 65536
7.87e-03	7.86e-03	7.75e-03	7.85e-03	
Num Msgs 512
SizeMsgs 65536
7.39e-03	7.58e-03	7.40e-03	7.28e-03	
Num Msgs 1024
SizeMsgs 65536
1.58e-02	1.47e-02	1.58e-02	1.48e-02	
Num Msgs 2048
SizeMsgs 65536
5.68e-02	5.23e-02	5.66e-02	5.23e-02	
Num Msgs 4096
SizeMsgs 65536
2.21e-01	2.03e-01	2.21e-01	2.03e-01	
Num Msgs 8192
SizeMsgs 65536
9.92e-01	9.09e-01	9.93e-01	9.10e-01	
Num Msgs 16384
SizeMsgs 65536
4.88e+00	4.37e+00	4.88e+00	4.37e+00	
Pingpong for
master:  0, 1, 2, 3, 4, 5, 6, 7, 8, 9, 10, 11, 12, 13, 14, 15, 16, 17, 18, 19, 20, 21, 22, 23, 24, 25, 26, 27, 28, 29, 30, 31, 32, 33, 34, 35, 36, 37, 38, 39, 40, 41, 42, 43, 44, 45, 46, 47, 48, 49, 50, 51, 52, 53, 54, 55, 56, 57, 58, 59, 60, 61, 62, 63
partner: 64, 65, 66, 67, 68, 69, 70, 71, 72, 73, 74, 75, 76, 77, 78, 79, 80, 81, 82, 83, 84, 85, 86, 87, 88, 89, 90, 91, 92, 93, 94, 95, 96, 97, 98, 99, 100, 101, 102, 103, 104, 105, 106, 107, 108, 109, 110, 111, 112, 113, 114, 115, 116, 117, 118, 119, 120, 121, 122, 123, 124, 125, 126, 127

Num Msgs 1
SizeMsgs 1
3.87e-06	3.87e-06	3.87e-06	3.87e-06	

Num Msgs 1
SizeMsgs 2
3.88e-06	3.88e-06	3.88e-06	3.88e-06	
Num Msgs 2
SizeMsgs 2
8.44e-06	8.45e-06	8.45e-06	8.45e-06	

Num Msgs 1
SizeMsgs 4
3.93e-06	3.93e-06	3.93e-06	3.93e-06	
Num Msgs 2
SizeMsgs 4
8.44e-06	8.45e-06	8.44e-06	8.44e-06	
Num Msgs 4
SizeMsgs 4
1.74e-05	1.74e-05	1.74e-05	1.74e-05	

Num Msgs 1
SizeMsgs 8
4.01e-06	4.03e-06	4.03e-06	4.03e-06	
Num Msgs 2
SizeMsgs 8
8.55e-06	8.54e-06	8.55e-06	8.55e-06	
Num Msgs 4
SizeMsgs 8
1.75e-05	1.75e-05	1.75e-05	1.75e-05	
Num Msgs 8
SizeMsgs 8
3.52e-05	3.53e-05	3.53e-05	3.53e-05	

Num Msgs 1
SizeMsgs 16
4.07e-06	4.06e-06	4.08e-06	4.09e-06	
Num Msgs 2
SizeMsgs 16
8.71e-06	8.72e-06	8.72e-06	8.71e-06	
Num Msgs 4
SizeMsgs 16
1.76e-05	1.76e-05	1.76e-05	1.75e-05	
Num Msgs 8
SizeMsgs 16
3.54e-05	3.53e-05	3.53e-05	3.53e-05	
Num Msgs 16
SizeMsgs 16
7.06e-05	7.04e-05	7.06e-05	7.05e-05	

Num Msgs 1
SizeMsgs 32
4.24e-06	4.24e-06	4.27e-06	4.28e-06	
Num Msgs 2
SizeMsgs 32
8.71e-06	8.71e-06	8.71e-06	8.71e-06	
Num Msgs 4
SizeMsgs 32
1.76e-05	1.76e-05	1.76e-05	1.76e-05	
Num Msgs 8
SizeMsgs 32
3.56e-05	3.56e-05	3.56e-05	3.56e-05	
Num Msgs 16
SizeMsgs 32
7.07e-05	7.07e-05	7.08e-05	7.06e-05	
Num Msgs 32
SizeMsgs 32
1.42e-04	1.42e-04	1.42e-04	1.42e-04	

Num Msgs 1
SizeMsgs 64
4.57e-06	4.56e-06	4.58e-06	4.58e-06	
Num Msgs 2
SizeMsgs 64
9.14e-06	9.14e-06	9.14e-06	9.14e-06	
Num Msgs 4
SizeMsgs 64
1.77e-05	1.77e-05	1.77e-05	1.78e-05	
Num Msgs 8
SizeMsgs 64
3.57e-05	3.57e-05	3.56e-05	3.57e-05	
Num Msgs 16
SizeMsgs 64
7.14e-05	7.10e-05	7.12e-05	7.11e-05	
Num Msgs 32
SizeMsgs 64
1.42e-04	1.42e-04	1.46e-04	1.42e-04	
Num Msgs 64
SizeMsgs 64
2.87e-04	2.87e-04	2.87e-04	2.87e-04	

Num Msgs 1
SizeMsgs 128
5.67e-06	5.66e-06	5.65e-06	5.65e-06	
Num Msgs 2
SizeMsgs 128
1.11e-05	1.11e-05	1.12e-05	1.11e-05	
Num Msgs 4
SizeMsgs 128
1.83e-05	1.83e-05	1.83e-05	1.83e-05	
Num Msgs 8
SizeMsgs 128
3.58e-05	3.58e-05	3.59e-05	3.57e-05	
Num Msgs 16
SizeMsgs 128
7.14e-05	7.13e-05	7.14e-05	7.11e-05	
Num Msgs 32
SizeMsgs 128
1.43e-04	1.43e-04	1.43e-04	1.43e-04	
Num Msgs 64
SizeMsgs 128
2.87e-04	2.87e-04	2.88e-04	2.88e-04	
Num Msgs 128
SizeMsgs 128
5.68e-04	5.66e-04	5.68e-04	5.67e-04	

Num Msgs 1
SizeMsgs 256
1.94e-05	1.96e-05	1.95e-05	1.99e-05	
Num Msgs 2
SizeMsgs 256
1.78e-05	1.78e-05	1.78e-05	1.78e-05	
Num Msgs 4
SizeMsgs 256
2.56e-05	2.55e-05	2.55e-05	2.55e-05	
Num Msgs 8
SizeMsgs 256
3.67e-05	3.68e-05	3.68e-05	3.68e-05	
Num Msgs 16
SizeMsgs 256
7.18e-05	7.18e-05	7.18e-05	7.16e-05	
Num Msgs 32
SizeMsgs 256
1.45e-04	1.44e-04	1.44e-04	1.45e-04	
Num Msgs 64
SizeMsgs 256
2.90e-04	2.91e-04	2.90e-04	2.90e-04	
Num Msgs 128
SizeMsgs 256
5.70e-04	5.68e-04	5.68e-04	5.67e-04	
Num Msgs 256
SizeMsgs 256
1.27e-03	1.26e-03	1.28e-03	1.27e-03	

Num Msgs 1
SizeMsgs 512
3.49e-05	3.51e-05	3.48e-05	3.48e-05	
Num Msgs 2
SizeMsgs 512
4.38e-05	4.39e-05	4.41e-05	4.40e-05	
Num Msgs 4
SizeMsgs 512
4.64e-05	4.64e-05	4.64e-05	4.64e-05	
Num Msgs 8
SizeMsgs 512
5.71e-05	5.71e-05	5.72e-05	5.71e-05	
Num Msgs 16
SizeMsgs 512
7.56e-05	7.60e-05	7.38e-05	7.85e-05	
Num Msgs 32
SizeMsgs 512
1.45e-04	1.46e-04	1.46e-04	1.46e-04	
Num Msgs 64
SizeMsgs 512
2.92e-04	2.91e-04	2.92e-04	2.92e-04	
Num Msgs 128
SizeMsgs 512
5.73e-04	5.72e-04	5.73e-04	5.72e-04	
Num Msgs 256
SizeMsgs 512
1.27e-03	1.26e-03	1.28e-03	1.27e-03	
Num Msgs 512
SizeMsgs 512
3.95e-03	3.94e-03	3.94e-03	3.94e-03	

Num Msgs 1
SizeMsgs 1024
9.15e-05	9.18e-05	9.15e-05	9.21e-05	
Num Msgs 2
SizeMsgs 1024
7.08e-05	7.06e-05	7.05e-05	7.05e-05	
Num Msgs 4
SizeMsgs 1024
1.07e-04	1.07e-04	1.06e-04	1.06e-04	
Num Msgs 8
SizeMsgs 1024
9.90e-05	9.91e-05	9.91e-05	9.90e-05	
Num Msgs 16
SizeMsgs 1024
1.23e-04	1.23e-04	1.23e-04	1.22e-04	
Num Msgs 32
SizeMsgs 1024
1.50e-04	1.51e-04	1.52e-04	1.51e-04	
Num Msgs 64
SizeMsgs 1024
2.96e-04	2.95e-04	2.98e-04	2.94e-04	
Num Msgs 128
SizeMsgs 1024
5.77e-04	5.73e-04	5.75e-04	5.76e-04	
Num Msgs 256
SizeMsgs 1024
1.28e-03	1.27e-03	1.29e-03	1.27e-03	
Num Msgs 512
SizeMsgs 1024
3.95e-03	3.95e-03	3.95e-03	3.96e-03	
Num Msgs 1024
SizeMsgs 1024
1.49e-02	1.38e-02	1.48e-02	1.38e-02	

Num Msgs 1
SizeMsgs 2048
5.69e-05	5.68e-05	5.68e-05	5.67e-05	
Num Msgs 2
SizeMsgs 2048
1.75e-04	1.75e-04	1.75e-04	1.76e-04	
Num Msgs 4
SizeMsgs 2048
1.47e-04	1.46e-04	1.46e-04	1.46e-04	
Num Msgs 8
SizeMsgs 2048
2.32e-04	2.31e-04	2.35e-04	2.33e-04	
Num Msgs 16
SizeMsgs 2048
2.06e-04	2.02e-04	2.05e-04	2.05e-04	
Num Msgs 32
SizeMsgs 2048
2.49e-04	2.52e-04	2.48e-04	2.49e-04	
Num Msgs 64
SizeMsgs 2048
3.05e-04	3.04e-04	3.04e-04	3.05e-04	
Num Msgs 128
SizeMsgs 2048
5.80e-04	5.75e-04	5.76e-04	5.76e-04	
Num Msgs 256
SizeMsgs 2048
1.27e-03	1.29e-03	1.28e-03	1.29e-03	
Num Msgs 512
SizeMsgs 2048
3.98e-03	3.97e-03	3.98e-03	3.98e-03	
Num Msgs 1024
SizeMsgs 2048
1.49e-02	1.37e-02	1.49e-02	1.38e-02	
Num Msgs 2048
SizeMsgs 2048
5.67e-02	5.19e-02	5.66e-02	5.19e-02	

Num Msgs 1
SizeMsgs 4096
1.14e-04	1.14e-04	1.14e-04	1.14e-04	
Num Msgs 2
SizeMsgs 4096
1.16e-04	1.17e-04	1.16e-04	1.16e-04	
Num Msgs 4
SizeMsgs 4096
3.38e-04	3.39e-04	3.38e-04	3.38e-04	
Num Msgs 8
SizeMsgs 4096
2.94e-04	2.93e-04	2.94e-04	2.95e-04	
Num Msgs 16
SizeMsgs 4096
5.12e-04	5.23e-04	5.17e-04	4.79e-04	
Num Msgs 32
SizeMsgs 4096
4.12e-04	4.10e-04	4.10e-04	4.13e-04	
Num Msgs 64
SizeMsgs 4096
4.83e-04	5.12e-04	4.90e-04	4.76e-04	
Num Msgs 128
SizeMsgs 4096
6.58e-04	6.57e-04	6.65e-04	6.68e-04	
Num Msgs 256
SizeMsgs 4096
1.29e-03	1.27e-03	1.29e-03	1.29e-03	
Num Msgs 512
SizeMsgs 4096
3.99e-03	3.98e-03	3.98e-03	3.98e-03	
Num Msgs 1024
SizeMsgs 4096
1.49e-02	1.40e-02	1.49e-02	1.39e-02	
Num Msgs 2048
SizeMsgs 4096
5.65e-02	5.19e-02	5.64e-02	5.18e-02	
Num Msgs 4096
SizeMsgs 4096
2.21e-01	2.03e-01	2.21e-01	2.03e-01	

Num Msgs 1
SizeMsgs 8192
2.30e-04	2.30e-04	2.30e-04	2.30e-04	
Num Msgs 2
SizeMsgs 8192
2.32e-04	2.32e-04	2.32e-04	2.32e-04	
Num Msgs 4
SizeMsgs 8192
2.36e-04	2.36e-04	2.36e-04	2.36e-04	
Num Msgs 8
SizeMsgs 8192
6.67e-04	6.69e-04	6.69e-04	6.70e-04	
Num Msgs 16
SizeMsgs 8192
5.92e-04	6.19e-04	6.06e-04	6.12e-04	
Num Msgs 32
SizeMsgs 8192
9.05e-04	1.00e-03	1.00e-03	9.71e-04	
Num Msgs 64
SizeMsgs 8192
8.05e-04	8.16e-04	7.98e-04	8.10e-04	
Num Msgs 128
SizeMsgs 8192
1.04e-03	1.04e-03	1.02e-03	1.05e-03	
Num Msgs 256
SizeMsgs 8192
1.35e-03	1.35e-03	1.36e-03	1.36e-03	
Num Msgs 512
SizeMsgs 8192
4.00e-03	3.99e-03	3.98e-03	3.98e-03	
Num Msgs 1024
SizeMsgs 8192
1.50e-02	1.39e-02	1.49e-02	1.38e-02	
Num Msgs 2048
SizeMsgs 8192
5.68e-02	5.20e-02	5.65e-02	5.21e-02	
Num Msgs 4096
SizeMsgs 8192
2.21e-01	2.03e-01	2.21e-01	2.03e-01	
Num Msgs 8192
SizeMsgs 8192
9.92e-01	9.08e-01	9.91e-01	9.08e-01	

Num Msgs 1
SizeMsgs 16384
4.62e-04	4.62e-04	4.62e-04	4.61e-04	
Num Msgs 2
SizeMsgs 16384
4.65e-04	4.64e-04	4.64e-04	4.65e-04	
Num Msgs 4
SizeMsgs 16384
4.69e-04	4.69e-04	4.69e-04	4.70e-04	
Num Msgs 8
SizeMsgs 16384
4.84e-04	4.83e-04	4.86e-04	4.84e-04	
Num Msgs 16
SizeMsgs 16384
1.25e-03	1.24e-03	1.24e-03	1.24e-03	
Num Msgs 32
SizeMsgs 16384
1.22e-03	1.19e-03	1.27e-03	1.22e-03	
Num Msgs 64
SizeMsgs 16384
1.76e-03	1.90e-03	1.76e-03	1.72e-03	
Num Msgs 128
SizeMsgs 16384
1.82e-03	1.66e-03	1.73e-03	1.73e-03	
Num Msgs 256
SizeMsgs 16384
2.09e-03	2.07e-03	2.08e-03	2.09e-03	
Num Msgs 512
SizeMsgs 16384
4.05e-03	4.05e-03	4.06e-03	4.06e-03	
Num Msgs 1024
SizeMsgs 16384
1.50e-02	1.39e-02	1.49e-02	1.39e-02	
Num Msgs 2048
SizeMsgs 16384
5.66e-02	5.21e-02	5.64e-02	5.21e-02	
Num Msgs 4096
SizeMsgs 16384
2.21e-01	2.03e-01	2.21e-01	2.03e-01	
Num Msgs 8192
SizeMsgs 16384
9.91e-01	9.09e-01	9.91e-01	9.09e-01	
Num Msgs 16384
SizeMsgs 16384
4.89e+00	4.37e+00	4.89e+00	4.37e+00	

Num Msgs 1
SizeMsgs 32768
9.24e-04	9.23e-04	9.23e-04	9.24e-04	
Num Msgs 2
SizeMsgs 32768
9.27e-04	9.29e-04	9.27e-04	9.27e-04	
Num Msgs 4
SizeMsgs 32768
9.33e-04	9.34e-04	9.33e-04	9.32e-04	
Num Msgs 8
SizeMsgs 32768
9.48e-04	9.47e-04	9.45e-04	9.46e-04	
Num Msgs 16
SizeMsgs 32768
9.82e-04	9.85e-04	9.83e-04	9.84e-04	
Num Msgs 32
SizeMsgs 32768
2.49e-03	2.47e-03	2.42e-03	2.35e-03	
Num Msgs 64
SizeMsgs 32768
2.42e-03	2.47e-03	2.42e-03	2.44e-03	
Num Msgs 128
SizeMsgs 32768
4.01e-03	4.03e-03	3.88e-03	4.21e-03	
Num Msgs 256
SizeMsgs 32768
3.42e-03	3.50e-03	3.35e-03	3.28e-03	
Num Msgs 512
SizeMsgs 32768
4.69e-03	4.67e-03	4.66e-03	4.66e-03	
Num Msgs 1024
SizeMsgs 32768
1.52e-02	1.40e-02	1.51e-02	1.41e-02	
Num Msgs 2048
SizeMsgs 32768
5.66e-02	5.21e-02	5.65e-02	5.21e-02	
Num Msgs 4096
SizeMsgs 32768
2.22e-01	2.03e-01	2.22e-01	2.03e-01	
Num Msgs 8192
SizeMsgs 32768
9.92e-01	9.09e-01	9.92e-01	9.09e-01	
Num Msgs 16384
SizeMsgs 32768
4.88e+00	4.37e+00	4.88e+00	4.37e+00	

Num Msgs 1
SizeMsgs 65536
1.85e-03	1.85e-03	1.85e-03	1.85e-03	
Num Msgs 2
SizeMsgs 65536
1.85e-03	1.86e-03	1.85e-03	1.85e-03	
Num Msgs 4
SizeMsgs 65536
1.86e-03	1.86e-03	1.86e-03	1.86e-03	
Num Msgs 8
SizeMsgs 65536
1.88e-03	1.87e-03	1.88e-03	1.88e-03	
Num Msgs 16
SizeMsgs 65536
1.90e-03	1.90e-03	1.90e-03	1.90e-03	
Num Msgs 32
SizeMsgs 65536
1.97e-03	1.99e-03	1.98e-03	1.99e-03	
Num Msgs 64
SizeMsgs 65536
4.70e-03	4.94e-03	4.89e-03	4.69e-03	
Num Msgs 128
SizeMsgs 65536
6.05e-03	5.66e-03	5.64e-03	5.72e-03	
Num Msgs 256
SizeMsgs 65536
8.19e-03	7.93e-03	8.04e-03	7.77e-03	
Num Msgs 512
SizeMsgs 65536
7.34e-03	7.26e-03	7.41e-03	7.36e-03	
Num Msgs 1024
SizeMsgs 65536
1.58e-02	1.48e-02	1.57e-02	1.48e-02	
Num Msgs 2048
SizeMsgs 65536
5.70e-02	5.24e-02	5.67e-02	5.23e-02	
Num Msgs 4096
SizeMsgs 65536
2.22e-01	2.03e-01	2.21e-01	2.03e-01	
Num Msgs 8192
SizeMsgs 65536
9.92e-01	9.09e-01	9.92e-01	9.09e-01	
Num Msgs 16384
SizeMsgs 65536
4.89e+00	4.37e+00	4.89e+00	4.37e+00	
Pingpong for
master:  0, 1, 2, 3, 4, 5, 6, 7, 8, 9, 10, 11, 12, 13, 14, 15, 16, 17, 18, 19, 20, 21, 22, 23, 24, 25, 26, 27, 28, 29, 30, 31, 32, 33, 34, 35, 36, 37, 38, 39, 40, 41, 42, 43, 44, 45, 46, 47, 48, 49, 50, 51, 52, 53, 54, 55, 56, 57, 58, 59, 60, 61, 62, 63
partner: 64, 65, 66, 67, 68, 69, 70, 71, 72, 73, 74, 75, 76, 77, 78, 79, 80, 81, 82, 83, 84, 85, 86, 87, 88, 89, 90, 91, 92, 93, 94, 95, 96, 97, 98, 99, 100, 101, 102, 103, 104, 105, 106, 107, 108, 109, 110, 111, 112, 113, 114, 115, 116, 117, 118, 119, 120, 121, 122, 123, 124, 125, 126, 127

Num Msgs 1
SizeMsgs 1
3.91e-06	3.90e-06	3.89e-06	3.90e-06	

Num Msgs 1
SizeMsgs 2
3.89e-06	3.90e-06	3.90e-06	3.89e-06	
Num Msgs 2
SizeMsgs 2
8.46e-06	8.46e-06	8.47e-06	8.45e-06	

Num Msgs 1
SizeMsgs 4
3.93e-06	3.93e-06	3.93e-06	3.94e-06	
Num Msgs 2
SizeMsgs 4
8.47e-06	8.47e-06	8.46e-06	8.47e-06	
Num Msgs 4
SizeMsgs 4
1.74e-05	1.74e-05	1.74e-05	1.74e-05	

Num Msgs 1
SizeMsgs 8
4.02e-06	4.03e-06	4.03e-06	4.04e-06	
Num Msgs 2
SizeMsgs 8
8.55e-06	8.57e-06	8.57e-06	8.56e-06	
Num Msgs 4
SizeMsgs 8
1.75e-05	1.75e-05	1.75e-05	1.75e-05	
Num Msgs 8
SizeMsgs 8
3.53e-05	3.53e-05	3.53e-05	3.53e-05	

Num Msgs 1
SizeMsgs 16
4.06e-06	4.06e-06	4.08e-06	4.08e-06	
Num Msgs 2
SizeMsgs 16
8.70e-06	8.69e-06	8.69e-06	8.69e-06	
Num Msgs 4
SizeMsgs 16
1.76e-05	1.76e-05	1.76e-05	1.76e-05	
Num Msgs 8
SizeMsgs 16
3.54e-05	3.54e-05	3.53e-05	3.53e-05	
Num Msgs 16
SizeMsgs 16
7.08e-05	7.09e-05	7.07e-05	7.08e-05	

Num Msgs 1
SizeMsgs 32
4.25e-06	4.25e-06	4.24e-06	4.26e-06	
Num Msgs 2
SizeMsgs 32
8.71e-06	8.72e-06	8.72e-06	8.71e-06	
Num Msgs 4
SizeMsgs 32
1.76e-05	1.76e-05	1.76e-05	1.76e-05	
Num Msgs 8
SizeMsgs 32
3.56e-05	3.56e-05	3.56e-05	3.55e-05	
Num Msgs 16
SizeMsgs 32
7.06e-05	7.05e-05	7.06e-05	7.05e-05	
Num Msgs 32
SizeMsgs 32
1.42e-04	1.42e-04	1.42e-04	1.42e-04	

Num Msgs 1
SizeMsgs 64
4.57e-06	4.56e-06	4.58e-06	4.56e-06	
Num Msgs 2
SizeMsgs 64
9.12e-06	9.13e-06	9.14e-06	9.14e-06	
Num Msgs 4
SizeMsgs 64
1.77e-05	1.77e-05	1.77e-05	1.77e-05	
Num Msgs 8
SizeMsgs 64
3.56e-05	3.57e-05	3.56e-05	3.56e-05	
Num Msgs 16
SizeMsgs 64
7.17e-05	7.12e-05	7.15e-05	7.13e-05	
Num Msgs 32
SizeMsgs 64
1.42e-04	1.42e-04	1.42e-04	1.43e-04	
Num Msgs 64
SizeMsgs 64
2.88e-04	2.88e-04	2.87e-04	2.88e-04	

Num Msgs 1
SizeMsgs 128
5.63e-06	5.62e-06	5.61e-06	5.61e-06	
Num Msgs 2
SizeMsgs 128
1.11e-05	1.11e-05	1.11e-05	1.11e-05	
Num Msgs 4
SizeMsgs 128
1.83e-05	1.83e-05	1.83e-05	1.84e-05	
Num Msgs 8
SizeMsgs 128
3.59e-05	3.59e-05	3.59e-05	3.59e-05	
Num Msgs 16
SizeMsgs 128
7.15e-05	7.15e-05	7.15e-05	7.15e-05	
Num Msgs 32
SizeMsgs 128
1.43e-04	1.43e-04	1.44e-04	1.43e-04	
Num Msgs 64
SizeMsgs 128
2.88e-04	2.88e-04	2.88e-04	2.88e-04	
Num Msgs 128
SizeMsgs 128
5.68e-04	5.67e-04	5.68e-04	5.68e-04	

Num Msgs 1
SizeMsgs 256
1.93e-05	1.96e-05	1.99e-05	1.99e-05	
Num Msgs 2
SizeMsgs 256
1.78e-05	1.78e-05	1.78e-05	1.77e-05	
Num Msgs 4
SizeMsgs 256
2.54e-05	2.55e-05	2.55e-05	2.55e-05	
Num Msgs 8
SizeMsgs 256
3.66e-05	3.66e-05	3.66e-05	3.65e-05	
Num Msgs 16
SizeMsgs 256
7.21e-05	7.18e-05	7.18e-05	7.17e-05	
Num Msgs 32
SizeMsgs 256
1.45e-04	1.44e-04	1.44e-04	1.44e-04	
Num Msgs 64
SizeMsgs 256
2.90e-04	2.90e-04	2.90e-04	2.90e-04	
Num Msgs 128
SizeMsgs 256
5.68e-04	5.66e-04	5.68e-04	5.67e-04	
Num Msgs 256
SizeMsgs 256
1.27e-03	1.25e-03	1.27e-03	1.26e-03	

Num Msgs 1
SizeMsgs 512
3.46e-05	3.47e-05	3.47e-05	3.47e-05	
Num Msgs 2
SizeMsgs 512
4.39e-05	4.39e-05	4.39e-05	4.40e-05	
Num Msgs 4
SizeMsgs 512
4.63e-05	4.64e-05	4.64e-05	4.63e-05	
Num Msgs 8
SizeMsgs 512
5.70e-05	5.69e-05	5.69e-05	5.70e-05	
Num Msgs 16
SizeMsgs 512
7.44e-05	7.50e-05	7.42e-05	7.45e-05	
Num Msgs 32
SizeMsgs 512
1.46e-04	1.46e-04	1.46e-04	1.45e-04	
Num Msgs 64
SizeMsgs 512
2.93e-04	2.92e-04	2.92e-04	2.92e-04	
Num Msgs 128
SizeMsgs 512
5.73e-04	5.74e-04	5.73e-04	5.75e-04	
Num Msgs 256
SizeMsgs 512
1.27e-03	1.26e-03	1.27e-03	1.27e-03	
Num Msgs 512
SizeMsgs 512
3.96e-03	3.94e-03	3.95e-03	3.95e-03	

Num Msgs 1
SizeMsgs 1024
9.17e-05	9.12e-05	9.14e-05	9.14e-05	
Num Msgs 2
SizeMsgs 1024
7.07e-05	7.05e-05	7.05e-05	7.07e-05	
Num Msgs 4
SizeMsgs 1024
1.06e-04	1.06e-04	1.06e-04	1.06e-04	
Num Msgs 8
SizeMsgs 1024
9.90e-05	9.89e-05	9.90e-05	9.89e-05	
Num Msgs 16
SizeMsgs 1024
1.22e-04	1.22e-04	1.23e-04	1.23e-04	
Num Msgs 32
SizeMsgs 1024
1.51e-04	1.51e-04	1.53e-04	1.51e-04	
Num Msgs 64
SizeMsgs 1024
2.96e-04	2.96e-04	2.95e-04	2.95e-04	
Num Msgs 128
SizeMsgs 1024
5.78e-04	5.73e-04	5.72e-04	5.73e-04	
Num Msgs 256
SizeMsgs 1024
1.27e-03	1.27e-03	1.28e-03	1.27e-03	
Num Msgs 512
SizeMsgs 1024
3.95e-03	3.95e-03	3.95e-03	3.97e-03	
Num Msgs 1024
SizeMsgs 1024
1.49e-02	1.38e-02	1.49e-02	1.38e-02	

Num Msgs 1
SizeMsgs 2048
5.68e-05	5.68e-05	5.67e-05	5.67e-05	
Num Msgs 2
SizeMsgs 2048
1.75e-04	1.75e-04	1.75e-04	1.75e-04	
Num Msgs 4
SizeMsgs 2048
1.47e-04	1.46e-04	1.46e-04	1.47e-04	
Num Msgs 8
SizeMsgs 2048
2.34e-04	2.34e-04	2.28e-04	2.33e-04	
Num Msgs 16
SizeMsgs 2048
2.02e-04	2.04e-04	2.04e-04	2.04e-04	
Num Msgs 32
SizeMsgs 2048
2.49e-04	2.49e-04	2.51e-04	2.51e-04	
Num Msgs 64
SizeMsgs 2048
3.05e-04	3.04e-04	3.04e-04	3.06e-04	
Num Msgs 128
SizeMsgs 2048
5.77e-04	5.75e-04	5.74e-04	5.73e-04	
Num Msgs 256
SizeMsgs 2048
1.27e-03	1.28e-03	1.28e-03	1.29e-03	
Num Msgs 512
SizeMsgs 2048
3.98e-03	3.98e-03	3.99e-03	3.99e-03	
Num Msgs 1024
SizeMsgs 2048
1.49e-02	1.37e-02	1.49e-02	1.38e-02	
Num Msgs 2048
SizeMsgs 2048
5.66e-02	5.19e-02	5.63e-02	5.18e-02	

Num Msgs 1
SizeMsgs 4096
1.15e-04	1.15e-04	1.14e-04	1.14e-04	
Num Msgs 2
SizeMsgs 4096
1.17e-04	1.17e-04	1.17e-04	1.17e-04	
Num Msgs 4
SizeMsgs 4096
3.39e-04	3.38e-04	3.39e-04	3.39e-04	
Num Msgs 8
SizeMsgs 4096
2.94e-04	2.93e-04	2.94e-04	2.94e-04	
Num Msgs 16
SizeMsgs 4096
5.13e-04	5.20e-04	4.68e-04	5.04e-04	
Num Msgs 32
SizeMsgs 4096
4.15e-04	4.09e-04	4.10e-04	4.13e-04	
Num Msgs 64
SizeMsgs 4096
4.71e-04	4.99e-04	5.08e-04	4.48e-04	
Num Msgs 128
SizeMsgs 4096
6.62e-04	6.57e-04	6.69e-04	6.72e-04	
Num Msgs 256
SizeMsgs 4096
1.29e-03	1.27e-03	1.29e-03	1.29e-03	
Num Msgs 512
SizeMsgs 4096
3.99e-03	3.99e-03	3.98e-03	3.98e-03	
Num Msgs 1024
SizeMsgs 4096
1.50e-02	1.39e-02	1.49e-02	1.38e-02	
Num Msgs 2048
SizeMsgs 4096
5.66e-02	5.20e-02	5.64e-02	5.20e-02	
Num Msgs 4096
SizeMsgs 4096
2.21e-01	2.03e-01	2.21e-01	2.03e-01	

Num Msgs 1
SizeMsgs 8192
2.30e-04	2.30e-04	2.30e-04	2.30e-04	
Num Msgs 2
SizeMsgs 8192
2.32e-04	2.32e-04	2.32e-04	2.32e-04	
Num Msgs 4
SizeMsgs 8192
2.36e-04	2.36e-04	2.36e-04	2.36e-04	
Num Msgs 8
SizeMsgs 8192
6.68e-04	6.71e-04	6.71e-04	6.68e-04	
Num Msgs 16
SizeMsgs 8192
5.98e-04	6.24e-04	6.07e-04	6.10e-04	
Num Msgs 32
SizeMsgs 8192
9.80e-04	1.01e-03	9.21e-04	1.02e-03	
Num Msgs 64
SizeMsgs 8192
8.03e-04	8.27e-04	7.93e-04	8.05e-04	
Num Msgs 128
SizeMsgs 8192
1.04e-03	1.04e-03	1.04e-03	1.05e-03	
Num Msgs 256
SizeMsgs 8192
1.35e-03	1.35e-03	1.36e-03	1.35e-03	
Num Msgs 512
SizeMsgs 8192
3.99e-03	3.99e-03	3.99e-03	3.98e-03	
Num Msgs 1024
SizeMsgs 8192
1.50e-02	1.39e-02	1.49e-02	1.39e-02	
Num Msgs 2048
SizeMsgs 8192
5.68e-02	5.21e-02	5.65e-02	5.20e-02	
Num Msgs 4096
SizeMsgs 8192
2.21e-01	2.03e-01	2.21e-01	2.03e-01	
Num Msgs 8192
SizeMsgs 8192
9.91e-01	9.08e-01	9.91e-01	9.08e-01	

Num Msgs 1
SizeMsgs 16384
4.61e-04	4.62e-04	4.61e-04	4.61e-04	
Num Msgs 2
SizeMsgs 16384
4.64e-04	4.64e-04	4.64e-04	4.65e-04	
Num Msgs 4
SizeMsgs 16384
4.69e-04	4.69e-04	4.69e-04	4.70e-04	
Num Msgs 8
SizeMsgs 16384
4.84e-04	4.85e-04	4.84e-04	4.82e-04	
Num Msgs 16
SizeMsgs 16384
1.28e-03	1.29e-03	1.28e-03	1.24e-03	
Num Msgs 32
SizeMsgs 16384
1.25e-03	1.24e-03	1.21e-03	1.25e-03	
Num Msgs 64
SizeMsgs 16384
1.78e-03	1.75e-03	1.78e-03	1.76e-03	
Num Msgs 128
SizeMsgs 16384
1.73e-03	1.75e-03	1.75e-03	1.73e-03	
Num Msgs 256
SizeMsgs 16384
2.08e-03	2.09e-03	2.07e-03	2.08e-03	
Num Msgs 512
SizeMsgs 16384
4.05e-03	4.07e-03	4.06e-03	4.06e-03	
Num Msgs 1024
SizeMsgs 16384
1.50e-02	1.39e-02	1.50e-02	1.39e-02	
Num Msgs 2048
SizeMsgs 16384
5.66e-02	5.21e-02	5.65e-02	5.21e-02	
Num Msgs 4096
SizeMsgs 16384
2.21e-01	2.03e-01	2.21e-01	2.03e-01	
Num Msgs 8192
SizeMsgs 16384
9.91e-01	9.09e-01	9.91e-01	9.08e-01	
Num Msgs 16384
SizeMsgs 16384
4.89e+00	4.37e+00	4.89e+00	4.37e+00	

Num Msgs 1
SizeMsgs 32768
9.24e-04	9.25e-04	9.23e-04	9.23e-04	
Num Msgs 2
SizeMsgs 32768
9.28e-04	9.27e-04	9.28e-04	9.27e-04	
Num Msgs 4
SizeMsgs 32768
9.33e-04	9.32e-04	9.33e-04	9.33e-04	
Num Msgs 8
SizeMsgs 32768
9.46e-04	9.48e-04	9.44e-04	9.45e-04	
Num Msgs 16
SizeMsgs 32768
9.87e-04	9.82e-04	9.81e-04	9.89e-04	
Num Msgs 32
SizeMsgs 32768
2.53e-03	2.54e-03	2.32e-03	2.50e-03	
Num Msgs 64
SizeMsgs 32768
2.51e-03	2.46e-03	2.49e-03	2.46e-03	
Num Msgs 128
SizeMsgs 32768
4.16e-03	3.99e-03	3.89e-03	3.85e-03	
Num Msgs 256
SizeMsgs 32768
3.37e-03	3.80e-03	3.43e-03	3.73e-03	
Num Msgs 512
SizeMsgs 32768
4.59e-03	4.67e-03	4.72e-03	4.71e-03	
Num Msgs 1024
SizeMsgs 32768
1.52e-02	1.40e-02	1.51e-02	1.41e-02	
Num Msgs 2048
SizeMsgs 32768
5.66e-02	5.21e-02	5.66e-02	5.20e-02	
Num Msgs 4096
SizeMsgs 32768
2.22e-01	2.03e-01	2.21e-01	2.03e-01	
Num Msgs 8192
SizeMsgs 32768
9.91e-01	9.09e-01	9.92e-01	9.09e-01	
Num Msgs 16384
SizeMsgs 32768
4.88e+00	4.37e+00	4.89e+00	4.37e+00	

Num Msgs 1
SizeMsgs 65536
1.85e-03	1.85e-03	1.85e-03	1.85e-03	
Num Msgs 2
SizeMsgs 65536
1.86e-03	1.86e-03	1.85e-03	1.86e-03	
Num Msgs 4
SizeMsgs 65536
1.86e-03	1.86e-03	1.86e-03	1.86e-03	
Num Msgs 8
SizeMsgs 65536
1.87e-03	1.88e-03	1.88e-03	1.88e-03	
Num Msgs 16
SizeMsgs 65536
1.90e-03	1.90e-03	1.90e-03	1.90e-03	
Num Msgs 32
SizeMsgs 65536
2.00e-03	2.01e-03	1.99e-03	1.99e-03	
Num Msgs 64
SizeMsgs 65536
4.69e-03	4.87e-03	4.80e-03	4.78e-03	
Num Msgs 128
SizeMsgs 65536
6.53e-03	6.10e-03	5.89e-03	5.84e-03	
Num Msgs 256
SizeMsgs 65536
7.89e-03	8.13e-03	8.54e-03	7.79e-03	
Num Msgs 512
SizeMsgs 65536
7.55e-03	7.35e-03	7.34e-03	7.42e-03	
Num Msgs 1024
SizeMsgs 65536
1.57e-02	1.45e-02	1.57e-02	1.48e-02	
Num Msgs 2048
SizeMsgs 65536
5.70e-02	5.23e-02	5.69e-02	5.23e-02	
Num Msgs 4096
SizeMsgs 65536
2.22e-01	2.03e-01	2.22e-01	2.03e-01	
Num Msgs 8192
SizeMsgs 65536
9.92e-01	9.09e-01	9.92e-01	9.09e-01	
Num Msgs 16384
SizeMsgs 65536
4.89e+00	4.37e+00	4.88e+00	4.37e+00	
Application 66229582 resources: utime ~94944s, stime ~765s, Rss ~26344, inblocks ~68626, outblocks ~131649
