----------------------------------------
Begin Torque Prologue on nid25349
at Thu Apr 12 16:38:33 CDT 2018
Job Id:			8502037.bw
Username:		bienz
Group:			ILL_jq7
Job name:		nodecomm
Requested resources:	neednodes=16:ppn=32:xe,nodes=16:ppn=32:xe,walltime=00:20:00
Queue:			normal
Account:		jq7
End Torque Prologue:  0.370 elapsed
----------------------------------------




Pingpong for
master:  0, 1, 2, 3, 4, 5, 6, 7, 8, 9, 10, 11, 12, 13, 14, 15, 16, 17, 18, 19, 20, 21, 22, 23, 24, 25, 26, 27, 28, 29, 30, 31, 32, 33, 34, 35, 36, 37, 38, 39, 40, 41, 42, 43, 44, 45, 46, 47, 48, 49, 50, 51, 52, 53, 54, 55, 56, 57, 58, 59, 60, 61, 62, 63, 64, 65, 66, 67, 68, 69, 70, 71, 72, 73, 74, 75, 76, 77, 78, 79, 80, 81, 82, 83, 84, 85, 86, 87, 88, 89, 90, 91, 92, 93, 94, 95, 96, 97, 98, 99, 100, 101, 102, 103, 104, 105, 106, 107, 108, 109, 110, 111, 112, 113, 114, 115, 116, 117, 118, 119, 120, 121, 122, 123, 124, 125, 126, 127
partner: 128, 129, 130, 131, 132, 133, 134, 135, 136, 137, 138, 139, 140, 141, 142, 143, 144, 145, 146, 147, 148, 149, 150, 151, 152, 153, 154, 155, 156, 157, 158, 159, 160, 161, 162, 163, 164, 165, 166, 167, 168, 169, 170, 171, 172, 173, 174, 175, 176, 177, 178, 179, 180, 181, 182, 183, 184, 185, 186, 187, 188, 189, 190, 191, 192, 193, 194, 195, 196, 197, 198, 199, 200, 201, 202, 203, 204, 205, 206, 207, 208, 209, 210, 211, 212, 213, 214, 215, 216, 217, 218, 219, 220, 221, 222, 223, 224, 225, 226, 227, 228, 229, 230, 231, 232, 233, 234, 235, 236, 237, 238, 239, 240, 241, 242, 243, 244, 245, 246, 247, 248, 249, 250, 251, 252, 253, 254, 255

Num Msgs 1
SizeMsgs 1
4.48e-06	4.47e-06	4.47e-06	4.47e-06	

Num Msgs 1
SizeMsgs 2
4.48e-06	4.49e-06	4.49e-06	4.48e-06	
Num Msgs 2
SizeMsgs 2
1.03e-05	1.03e-05	1.03e-05	1.03e-05	

Num Msgs 1
SizeMsgs 4
4.53e-06	4.53e-06	4.53e-06	4.53e-06	
Num Msgs 2
SizeMsgs 4
1.03e-05	1.03e-05	1.04e-05	1.03e-05	
Num Msgs 4
SizeMsgs 4
2.19e-05	2.19e-05	2.19e-05	2.19e-05	

Num Msgs 1
SizeMsgs 8
4.69e-06	4.72e-06	4.72e-06	4.73e-06	
Num Msgs 2
SizeMsgs 8
1.04e-05	1.04e-05	1.04e-05	1.04e-05	
Num Msgs 4
SizeMsgs 8
2.20e-05	2.20e-05	2.19e-05	2.20e-05	
Num Msgs 8
SizeMsgs 8
4.46e-05	4.46e-05	4.46e-05	4.47e-05	

Num Msgs 1
SizeMsgs 16
4.77e-06	4.79e-06	4.80e-06	4.80e-06	
Num Msgs 2
SizeMsgs 16
1.07e-05	1.07e-05	1.07e-05	1.07e-05	
Num Msgs 4
SizeMsgs 16
2.20e-05	2.21e-05	2.21e-05	2.21e-05	
Num Msgs 8
SizeMsgs 16
4.49e-05	4.49e-05	4.48e-05	4.49e-05	
Num Msgs 16
SizeMsgs 16
9.76e-05	8.98e-05	9.01e-05	9.00e-05	

Num Msgs 1
SizeMsgs 32
5.00e-06	5.01e-06	5.00e-06	5.00e-06	
Num Msgs 2
SizeMsgs 32
1.08e-05	1.08e-05	1.08e-05	1.08e-05	
Num Msgs 4
SizeMsgs 32
2.26e-05	2.26e-05	2.26e-05	2.26e-05	
Num Msgs 8
SizeMsgs 32
4.51e-05	4.51e-05	4.51e-05	4.51e-05	
Num Msgs 16
SizeMsgs 32
9.03e-05	9.02e-05	9.06e-05	9.06e-05	
Num Msgs 32
SizeMsgs 32
1.83e-04	1.81e-04	1.82e-04	1.82e-04	

Num Msgs 1
SizeMsgs 64
6.52e-06	6.50e-06	6.51e-06	6.48e-06	
Num Msgs 2
SizeMsgs 64
1.14e-05	1.14e-05	1.14e-05	1.14e-05	
Num Msgs 4
SizeMsgs 64
2.30e-05	2.30e-05	2.30e-05	2.30e-05	
Num Msgs 8
SizeMsgs 64
4.67e-05	4.67e-05	4.68e-05	4.67e-05	
Num Msgs 16
SizeMsgs 64
9.06e-05	9.07e-05	9.16e-05	9.07e-05	
Num Msgs 32
SizeMsgs 64
1.83e-04	1.83e-04	1.83e-04	1.82e-04	
Num Msgs 64
SizeMsgs 64
3.64e-04	3.64e-04	3.64e-04	3.65e-04	

Num Msgs 1
SizeMsgs 128
1.08e-05	1.10e-05	1.09e-05	1.10e-05	
Num Msgs 2
SizeMsgs 128
1.31e-05	1.31e-05	1.31e-05	1.31e-05	
Num Msgs 4
SizeMsgs 128
2.38e-05	2.39e-05	2.39e-05	2.38e-05	
Num Msgs 8
SizeMsgs 128
4.75e-05	4.74e-05	4.74e-05	4.75e-05	
Num Msgs 16
SizeMsgs 128
9.42e-05	9.47e-05	9.43e-05	9.43e-05	
Num Msgs 32
SizeMsgs 128
1.83e-04	1.83e-04	1.82e-04	1.84e-04	
Num Msgs 64
SizeMsgs 128
3.64e-04	3.65e-04	3.64e-04	3.65e-04	
Num Msgs 128
SizeMsgs 128
7.24e-04	7.23e-04	7.24e-04	7.28e-04	

Num Msgs 1
SizeMsgs 256
2.12e-05	2.10e-05	2.13e-05	2.11e-05	
Num Msgs 2
SizeMsgs 256
2.18e-05	2.18e-05	2.18e-05	2.18e-05	
Num Msgs 4
SizeMsgs 256
2.74e-05	2.74e-05	2.74e-05	2.74e-05	
Num Msgs 8
SizeMsgs 256
4.99e-05	4.99e-05	4.99e-05	4.98e-05	
Num Msgs 16
SizeMsgs 256
9.57e-05	9.58e-05	9.57e-05	9.52e-05	
Num Msgs 32
SizeMsgs 256
1.90e-04	1.90e-04	1.89e-04	1.90e-04	
Num Msgs 64
SizeMsgs 256
3.67e-04	3.66e-04	3.67e-04	3.66e-04	
Num Msgs 128
SizeMsgs 256
7.29e-04	7.28e-04	7.25e-04	7.32e-04	
Num Msgs 256
SizeMsgs 256
1.50e-03	1.49e-03	1.49e-03	1.49e-03	

Num Msgs 1
SizeMsgs 512
4.71e-05	4.82e-05	4.77e-05	4.70e-05	
Num Msgs 2
SizeMsgs 512
4.87e-05	4.86e-05	4.87e-05	4.87e-05	
Num Msgs 4
SizeMsgs 512
4.57e-05	4.57e-05	4.56e-05	4.56e-05	
Num Msgs 8
SizeMsgs 512
5.69e-05	5.69e-05	5.69e-05	5.70e-05	
Num Msgs 16
SizeMsgs 512
1.02e-04	1.02e-04	1.02e-04	1.03e-04	
Num Msgs 32
SizeMsgs 512
1.94e-04	1.94e-04	1.95e-04	1.95e-04	
Num Msgs 64
SizeMsgs 512
3.81e-04	3.80e-04	3.81e-04	3.80e-04	
Num Msgs 128
SizeMsgs 512
7.30e-04	7.31e-04	7.34e-04	7.37e-04	
Num Msgs 256
SizeMsgs 512
1.49e-03	1.49e-03	1.49e-03	1.49e-03	
Num Msgs 512
SizeMsgs 512
4.19e-03	4.19e-03	4.19e-03	4.21e-03	

Num Msgs 1
SizeMsgs 1024
1.31e-04	1.31e-04	1.31e-04	1.31e-04	
Num Msgs 2
SizeMsgs 1024
1.02e-04	1.02e-04	1.02e-04	1.02e-04	
Num Msgs 4
SizeMsgs 1024
1.24e-04	1.25e-04	1.25e-04	1.24e-04	
Num Msgs 8
SizeMsgs 1024
1.01e-04	1.01e-04	1.01e-04	1.00e-04	
Num Msgs 16
SizeMsgs 1024
1.20e-04	1.21e-04	1.21e-04	1.21e-04	
Num Msgs 32
SizeMsgs 1024
2.14e-04	2.15e-04	2.14e-04	2.13e-04	
Num Msgs 64
SizeMsgs 1024
3.94e-04	3.94e-04	3.95e-04	3.94e-04	
Num Msgs 128
SizeMsgs 1024
7.56e-04	7.57e-04	7.59e-04	7.56e-04	
Num Msgs 256
SizeMsgs 1024
1.50e-03	1.50e-03	1.50e-03	1.50e-03	
Num Msgs 512
SizeMsgs 1024
4.20e-03	4.18e-03	4.20e-03	4.17e-03	
Num Msgs 1024
SizeMsgs 1024
1.51e-02	1.40e-02	1.51e-02	1.41e-02	

Num Msgs 1
SizeMsgs 2048
1.79e-04	1.79e-04	1.79e-04	1.79e-04	
Num Msgs 2
SizeMsgs 2048
2.68e-04	2.68e-04	2.67e-04	2.68e-04	
Num Msgs 4
SizeMsgs 2048
2.21e-04	2.21e-04	2.22e-04	2.21e-04	
Num Msgs 8
SizeMsgs 2048
2.73e-04	2.69e-04	2.69e-04	2.68e-04	
Num Msgs 16
SizeMsgs 2048
2.19e-04	2.16e-04	2.16e-04	2.15e-04	
Num Msgs 32
SizeMsgs 2048
2.49e-04	2.51e-04	2.51e-04	2.51e-04	
Num Msgs 64
SizeMsgs 2048
4.28e-04	4.28e-04	4.28e-04	4.26e-04	
Num Msgs 128
SizeMsgs 2048
7.72e-04	7.74e-04	7.73e-04	7.76e-04	
Num Msgs 256
SizeMsgs 2048
1.54e-03	1.55e-03	1.54e-03	1.54e-03	
Num Msgs 512
SizeMsgs 2048
4.21e-03	4.22e-03	4.21e-03	4.20e-03	
Num Msgs 1024
SizeMsgs 2048
1.51e-02	1.40e-02	1.51e-02	1.40e-02	
Num Msgs 2048
SizeMsgs 2048
5.79e-02	5.21e-02	5.66e-02	5.20e-02	

Num Msgs 1
SizeMsgs 4096
3.62e-04	3.62e-04	3.62e-04	3.63e-04	
Num Msgs 2
SizeMsgs 4096
3.69e-04	3.69e-04	3.69e-04	3.69e-04	
Num Msgs 4
SizeMsgs 4096
5.40e-04	5.39e-04	5.39e-04	5.39e-04	
Num Msgs 8
SizeMsgs 4096
4.57e-04	4.56e-04	4.54e-04	4.55e-04	
Num Msgs 16
SizeMsgs 4096
5.15e-04	5.23e-04	5.35e-04	5.24e-04	
Num Msgs 32
SizeMsgs 4096
4.49e-04	4.44e-04	4.52e-04	4.48e-04	
Num Msgs 64
SizeMsgs 4096
5.14e-04	5.21e-04	5.16e-04	5.17e-04	
Num Msgs 128
SizeMsgs 4096
9.05e-04	9.04e-04	9.13e-04	9.12e-04	
Num Msgs 256
SizeMsgs 4096
1.59e-03	1.58e-03	1.59e-03	1.58e-03	
Num Msgs 512
SizeMsgs 4096
4.22e-03	4.22e-03	4.22e-03	4.22e-03	
Num Msgs 1024
SizeMsgs 4096
1.52e-02	1.41e-02	1.51e-02	1.41e-02	
Num Msgs 2048
SizeMsgs 4096
5.67e-02	5.21e-02	5.67e-02	5.21e-02	
Num Msgs 4096
SizeMsgs 4096
2.24e-01	2.03e-01	2.21e-01	2.03e-01	

Num Msgs 1
SizeMsgs 8192
7.30e-04	7.30e-04	7.30e-04	7.30e-04	
Num Msgs 2
SizeMsgs 8192
7.36e-04	7.36e-04	7.36e-04	7.36e-04	
Num Msgs 4
SizeMsgs 8192
7.54e-04	7.54e-04	7.54e-04	7.54e-04	
Num Msgs 8
SizeMsgs 8192
1.10e-03	1.10e-03	1.10e-03	1.10e-03	
Num Msgs 16
SizeMsgs 8192
9.70e-04	9.74e-04	9.86e-04	9.51e-04	
Num Msgs 32
SizeMsgs 8192
1.02e-03	1.03e-03	1.03e-03	1.07e-03	
Num Msgs 64
SizeMsgs 8192
8.98e-04	8.98e-04	9.00e-04	9.30e-04	
Num Msgs 128
SizeMsgs 8192
1.16e-03	1.15e-03	1.16e-03	1.15e-03	
Num Msgs 256
SizeMsgs 8192
1.85e-03	1.85e-03	1.83e-03	1.83e-03	
Num Msgs 512
SizeMsgs 8192
4.27e-03	4.26e-03	4.27e-03	4.27e-03	
Num Msgs 1024
SizeMsgs 8192
1.52e-02	1.41e-02	1.52e-02	1.41e-02	
Num Msgs 2048
SizeMsgs 8192
5.71e-02	5.23e-02	5.66e-02	5.23e-02	
Num Msgs 4096
SizeMsgs 8192
2.22e-01	2.03e-01	2.21e-01	2.03e-01	
Num Msgs 8192
SizeMsgs 8192
9.95e-01	9.08e-01	9.90e-01	9.08e-01	

Num Msgs 1
SizeMsgs 16384
1.47e-03	1.47e-03	1.47e-03	1.47e-03	
Num Msgs 2
SizeMsgs 16384
1.47e-03	1.47e-03	1.47e-03	1.47e-03	
Num Msgs 4
SizeMsgs 16384
1.49e-03	1.49e-03	1.49e-03	1.49e-03	
Num Msgs 8
SizeMsgs 16384
1.53e-03	1.52e-03	1.53e-03	1.52e-03	
Num Msgs 16
SizeMsgs 16384
2.21e-03	2.26e-03	2.25e-03	2.22e-03	
Num Msgs 32
SizeMsgs 16384
1.96e-03	2.02e-03	1.97e-03	1.99e-03	
Num Msgs 64
SizeMsgs 16384
2.19e-03	2.17e-03	2.17e-03	2.11e-03	
Num Msgs 128
SizeMsgs 16384
2.07e-03	2.04e-03	2.32e-03	2.07e-03	
Num Msgs 256
SizeMsgs 16384
2.43e-03	2.37e-03	2.37e-03	2.36e-03	
Num Msgs 512
SizeMsgs 16384
4.67e-03	4.67e-03	4.69e-03	4.72e-03	
Num Msgs 1024
SizeMsgs 16384
1.53e-02	1.42e-02	1.52e-02	1.42e-02	
Num Msgs 2048
SizeMsgs 16384
5.69e-02	5.24e-02	5.66e-02	5.24e-02	
Num Msgs 4096
SizeMsgs 16384
2.22e-01	2.03e-01	2.21e-01	2.03e-01	
Num Msgs 8192
SizeMsgs 16384
9.90e-01	9.08e-01	9.90e-01	9.08e-01	
Num Msgs 16384
SizeMsgs 16384
4.81e+00	4.33e+00	4.80e+00	4.33e+00	

Num Msgs 1
SizeMsgs 32768
2.94e-03	2.94e-03	2.94e-03	2.94e-03	
Num Msgs 2
SizeMsgs 32768
2.95e-03	2.95e-03	2.95e-03	2.95e-03	
Num Msgs 4
SizeMsgs 32768
2.96e-03	2.96e-03	2.96e-03	2.96e-03	
Num Msgs 8
SizeMsgs 32768
2.99e-03	2.99e-03	2.99e-03	2.99e-03	
Num Msgs 16
SizeMsgs 32768
3.06e-03	3.06e-03	3.07e-03	3.04e-03	
Num Msgs 32
SizeMsgs 32768
4.47e-03	4.40e-03	4.39e-03	4.40e-03	
Num Msgs 64
SizeMsgs 32768
4.11e-03	4.04e-03	4.11e-03	4.25e-03	
Num Msgs 128
SizeMsgs 32768
5.28e-03	5.73e-03	5.12e-03	5.41e-03	
Num Msgs 256
SizeMsgs 32768
4.20e-03	4.45e-03	4.12e-03	4.27e-03	
Num Msgs 512
SizeMsgs 32768
6.36e-03	6.35e-03	6.34e-03	6.34e-03	
Num Msgs 1024
SizeMsgs 32768
1.58e-02	1.47e-02	1.57e-02	1.47e-02	
Num Msgs 2048
SizeMsgs 32768
5.70e-02	5.24e-02	5.68e-02	5.24e-02	
Num Msgs 4096
SizeMsgs 32768
2.22e-01	2.03e-01	2.22e-01	2.04e-01	
Num Msgs 8192
SizeMsgs 32768
9.90e-01	9.09e-01	9.90e-01	9.09e-01	
Num Msgs 16384
SizeMsgs 32768
4.80e+00	4.33e+00	4.80e+00	4.33e+00	

Num Msgs 1
SizeMsgs 65536
5.89e-03	5.89e-03	5.88e-03	5.89e-03	
Num Msgs 2
SizeMsgs 65536
5.89e-03	5.90e-03	5.90e-03	5.89e-03	
Num Msgs 4
SizeMsgs 65536
5.91e-03	5.91e-03	5.91e-03	5.91e-03	
Num Msgs 8
SizeMsgs 65536
5.94e-03	5.93e-03	5.94e-03	5.94e-03	
Num Msgs 16
SizeMsgs 65536
6.01e-03	5.99e-03	6.01e-03	6.00e-03	
Num Msgs 32
SizeMsgs 65536
6.13e-03	6.17e-03	6.16e-03	6.16e-03	
Num Msgs 64
SizeMsgs 65536
8.99e-03	8.97e-03	8.67e-03	8.99e-03	
Num Msgs 128
SizeMsgs 65536
9.33e-03	9.39e-03	8.57e-03	9.33e-03	
Num Msgs 256
SizeMsgs 65536
1.05e-02	9.75e-03	9.73e-03	1.01e-02	
Num Msgs 512
SizeMsgs 65536
8.25e-03	8.26e-03	8.31e-03	8.37e-03	
Num Msgs 1024
SizeMsgs 65536
1.74e-02	1.66e-02	1.74e-02	1.65e-02	
Num Msgs 2048
SizeMsgs 65536
5.76e-02	5.30e-02	5.74e-02	5.30e-02	
Num Msgs 4096
SizeMsgs 65536
2.22e-01	2.04e-01	2.22e-01	2.04e-01	
Num Msgs 8192
SizeMsgs 65536
9.91e-01	9.09e-01	9.91e-01	9.09e-01	
Num Msgs 16384
SizeMsgs 65536
4.81e+00	4.33e+00	4.81e+00	4.33e+00	
Pingpong for
master:  0, 1, 2, 3, 4, 5, 6, 7, 8, 9, 10, 11, 12, 13, 14, 15, 16, 17, 18, 19, 20, 21, 22, 23, 24, 25, 26, 27, 28, 29, 30, 31, 32, 33, 34, 35, 36, 37, 38, 39, 40, 41, 42, 43, 44, 45, 46, 47, 48, 49, 50, 51, 52, 53, 54, 55, 56, 57, 58, 59, 60, 61, 62, 63, 64, 65, 66, 67, 68, 69, 70, 71, 72, 73, 74, 75, 76, 77, 78, 79, 80, 81, 82, 83, 84, 85, 86, 87, 88, 89, 90, 91, 92, 93, 94, 95, 96, 97, 98, 99, 100, 101, 102, 103, 104, 105, 106, 107, 108, 109, 110, 111, 112, 113, 114, 115, 116, 117, 118, 119, 120, 121, 122, 123, 124, 125, 126, 127
partner: 128, 129, 130, 131, 132, 133, 134, 135, 136, 137, 138, 139, 140, 141, 142, 143, 144, 145, 146, 147, 148, 149, 150, 151, 152, 153, 154, 155, 156, 157, 158, 159, 160, 161, 162, 163, 164, 165, 166, 167, 168, 169, 170, 171, 172, 173, 174, 175, 176, 177, 178, 179, 180, 181, 182, 183, 184, 185, 186, 187, 188, 189, 190, 191, 192, 193, 194, 195, 196, 197, 198, 199, 200, 201, 202, 203, 204, 205, 206, 207, 208, 209, 210, 211, 212, 213, 214, 215, 216, 217, 218, 219, 220, 221, 222, 223, 224, 225, 226, 227, 228, 229, 230, 231, 232, 233, 234, 235, 236, 237, 238, 239, 240, 241, 242, 243, 244, 245, 246, 247, 248, 249, 250, 251, 252, 253, 254, 255

Num Msgs 1
SizeMsgs 1
4.48e-06	4.47e-06	4.47e-06	4.48e-06	

Num Msgs 1
SizeMsgs 2
4.50e-06	4.49e-06	4.48e-06	4.50e-06	
Num Msgs 2
SizeMsgs 2
1.03e-05	1.03e-05	1.03e-05	1.03e-05	

Num Msgs 1
SizeMsgs 4
4.53e-06	4.53e-06	4.53e-06	4.53e-06	
Num Msgs 2
SizeMsgs 4
1.04e-05	1.04e-05	1.04e-05	1.04e-05	
Num Msgs 4
SizeMsgs 4
2.19e-05	2.19e-05	2.19e-05	2.19e-05	

Num Msgs 1
SizeMsgs 8
4.67e-06	4.70e-06	4.68e-06	4.69e-06	
Num Msgs 2
SizeMsgs 8
1.04e-05	1.04e-05	1.04e-05	1.04e-05	
Num Msgs 4
SizeMsgs 8
2.20e-05	2.20e-05	2.20e-05	2.20e-05	
Num Msgs 8
SizeMsgs 8
4.48e-05	4.48e-05	4.48e-05	4.48e-05	

Num Msgs 1
SizeMsgs 16
4.73e-06	4.74e-06	4.76e-06	4.76e-06	
Num Msgs 2
SizeMsgs 16
1.07e-05	1.07e-05	1.07e-05	1.07e-05	
Num Msgs 4
SizeMsgs 16
2.21e-05	2.21e-05	2.21e-05	2.21e-05	
Num Msgs 8
SizeMsgs 16
4.49e-05	4.49e-05	4.50e-05	4.50e-05	
Num Msgs 16
SizeMsgs 16
9.00e-05	8.99e-05	9.00e-05	9.04e-05	

Num Msgs 1
SizeMsgs 32
5.00e-06	5.00e-06	5.00e-06	4.99e-06	
Num Msgs 2
SizeMsgs 32
1.08e-05	1.08e-05	1.08e-05	1.08e-05	
Num Msgs 4
SizeMsgs 32
2.26e-05	2.26e-05	2.26e-05	2.26e-05	
Num Msgs 8
SizeMsgs 32
4.51e-05	4.51e-05	4.51e-05	4.51e-05	
Num Msgs 16
SizeMsgs 32
9.01e-05	9.02e-05	9.08e-05	9.06e-05	
Num Msgs 32
SizeMsgs 32
1.82e-04	1.81e-04	1.82e-04	1.81e-04	

Num Msgs 1
SizeMsgs 64
6.55e-06	6.53e-06	6.55e-06	6.55e-06	
Num Msgs 2
SizeMsgs 64
1.14e-05	1.14e-05	1.14e-05	1.13e-05	
Num Msgs 4
SizeMsgs 64
2.30e-05	2.30e-05	2.30e-05	2.30e-05	
Num Msgs 8
SizeMsgs 64
4.66e-05	4.65e-05	4.67e-05	4.67e-05	
Num Msgs 16
SizeMsgs 64
9.04e-05	9.05e-05	9.11e-05	9.03e-05	
Num Msgs 32
SizeMsgs 64
1.83e-04	1.82e-04	1.82e-04	1.85e-04	
Num Msgs 64
SizeMsgs 64
3.64e-04	3.65e-04	3.64e-04	3.64e-04	

Num Msgs 1
SizeMsgs 128
1.10e-05	1.12e-05	1.11e-05	1.12e-05	
Num Msgs 2
SizeMsgs 128
1.31e-05	1.31e-05	1.31e-05	1.31e-05	
Num Msgs 4
SizeMsgs 128
2.38e-05	2.38e-05	2.38e-05	2.39e-05	
Num Msgs 8
SizeMsgs 128
4.75e-05	4.75e-05	4.75e-05	4.75e-05	
Num Msgs 16
SizeMsgs 128
9.39e-05	9.39e-05	9.36e-05	9.40e-05	
Num Msgs 32
SizeMsgs 128
1.83e-04	1.84e-04	1.83e-04	1.83e-04	
Num Msgs 64
SizeMsgs 128
3.66e-04	3.66e-04	3.65e-04	3.66e-04	
Num Msgs 128
SizeMsgs 128
7.25e-04	7.30e-04	7.27e-04	7.31e-04	

Num Msgs 1
SizeMsgs 256
2.57e-05	2.59e-05	2.61e-05	2.62e-05	
Num Msgs 2
SizeMsgs 256
2.21e-05	2.20e-05	2.20e-05	2.20e-05	
Num Msgs 4
SizeMsgs 256
2.75e-05	2.75e-05	2.74e-05	2.75e-05	
Num Msgs 8
SizeMsgs 256
4.98e-05	4.99e-05	4.98e-05	5.00e-05	
Num Msgs 16
SizeMsgs 256
9.51e-05	9.52e-05	9.54e-05	9.52e-05	
Num Msgs 32
SizeMsgs 256
1.90e-04	1.90e-04	1.90e-04	1.89e-04	
Num Msgs 64
SizeMsgs 256
3.67e-04	3.67e-04	3.67e-04	3.68e-04	
Num Msgs 128
SizeMsgs 256
7.27e-04	7.27e-04	7.29e-04	7.29e-04	
Num Msgs 256
SizeMsgs 256
1.49e-03	1.49e-03	1.48e-03	1.49e-03	

Num Msgs 1
SizeMsgs 512
5.17e-05	5.13e-05	5.17e-05	5.22e-05	
Num Msgs 2
SizeMsgs 512
5.47e-05	5.45e-05	5.49e-05	5.46e-05	
Num Msgs 4
SizeMsgs 512
4.56e-05	4.56e-05	4.59e-05	4.58e-05	
Num Msgs 8
SizeMsgs 512
5.69e-05	5.69e-05	5.71e-05	5.69e-05	
Num Msgs 16
SizeMsgs 512
1.02e-04	1.03e-04	1.02e-04	1.02e-04	
Num Msgs 32
SizeMsgs 512
1.95e-04	1.95e-04	1.95e-04	1.95e-04	
Num Msgs 64
SizeMsgs 512
3.81e-04	3.82e-04	3.82e-04	3.82e-04	
Num Msgs 128
SizeMsgs 512
7.32e-04	7.36e-04	7.33e-04	7.34e-04	
Num Msgs 256
SizeMsgs 512
1.50e-03	1.49e-03	1.50e-03	1.49e-03	
Num Msgs 512
SizeMsgs 512
4.17e-03	4.20e-03	4.17e-03	4.17e-03	

Num Msgs 1
SizeMsgs 1024
1.35e-04	1.35e-04	1.35e-04	1.34e-04	
Num Msgs 2
SizeMsgs 1024
1.06e-04	1.06e-04	1.06e-04	1.06e-04	
Num Msgs 4
SizeMsgs 1024
1.30e-04	1.30e-04	1.30e-04	1.30e-04	
Num Msgs 8
SizeMsgs 1024
1.01e-04	1.01e-04	1.01e-04	1.01e-04	
Num Msgs 16
SizeMsgs 1024
1.19e-04	1.21e-04	1.20e-04	1.20e-04	
Num Msgs 32
SizeMsgs 1024
2.12e-04	2.13e-04	2.12e-04	2.13e-04	
Num Msgs 64
SizeMsgs 1024
3.94e-04	3.95e-04	3.95e-04	3.93e-04	
Num Msgs 128
SizeMsgs 1024
7.56e-04	7.56e-04	7.56e-04	7.61e-04	
Num Msgs 256
SizeMsgs 1024
1.50e-03	1.50e-03	1.50e-03	1.50e-03	
Num Msgs 512
SizeMsgs 1024
4.17e-03	4.20e-03	4.19e-03	4.18e-03	
Num Msgs 1024
SizeMsgs 1024
1.51e-02	1.40e-02	1.51e-02	1.40e-02	

Num Msgs 1
SizeMsgs 2048
1.79e-04	1.79e-04	1.79e-04	1.79e-04	
Num Msgs 2
SizeMsgs 2048
2.73e-04	2.74e-04	2.74e-04	2.73e-04	
Num Msgs 4
SizeMsgs 2048
2.33e-04	2.33e-04	2.33e-04	2.31e-04	
Num Msgs 8
SizeMsgs 2048
2.81e-04	2.78e-04	2.81e-04	2.78e-04	
Num Msgs 16
SizeMsgs 2048
2.16e-04	2.20e-04	2.20e-04	2.22e-04	
Num Msgs 32
SizeMsgs 2048
2.50e-04	2.52e-04	2.52e-04	2.50e-04	
Num Msgs 64
SizeMsgs 2048
4.30e-04	4.31e-04	4.29e-04	4.28e-04	
Num Msgs 128
SizeMsgs 2048
7.74e-04	7.75e-04	7.74e-04	7.82e-04	
Num Msgs 256
SizeMsgs 2048
1.54e-03	1.54e-03	1.54e-03	1.55e-03	
Num Msgs 512
SizeMsgs 2048
4.20e-03	4.19e-03	4.20e-03	4.20e-03	
Num Msgs 1024
SizeMsgs 2048
1.51e-02	1.40e-02	1.51e-02	1.40e-02	
Num Msgs 2048
SizeMsgs 2048
5.68e-02	5.22e-02	5.65e-02	5.21e-02	

Num Msgs 1
SizeMsgs 4096
3.63e-04	3.63e-04	3.62e-04	3.62e-04	
Num Msgs 2
SizeMsgs 4096
3.70e-04	3.69e-04	3.69e-04	3.70e-04	
Num Msgs 4
SizeMsgs 4096
5.52e-04	5.51e-04	5.51e-04	5.50e-04	
Num Msgs 8
SizeMsgs 4096
4.81e-04	4.76e-04	4.78e-04	4.78e-04	
Num Msgs 16
SizeMsgs 4096
5.29e-04	5.42e-04	6.06e-04	5.79e-04	
Num Msgs 32
SizeMsgs 4096
4.45e-04	4.39e-04	4.41e-04	4.40e-04	
Num Msgs 64
SizeMsgs 4096
5.18e-04	5.19e-04	5.22e-04	5.18e-04	
Num Msgs 128
SizeMsgs 4096
9.07e-04	9.07e-04	9.08e-04	9.08e-04	
Num Msgs 256
SizeMsgs 4096
1.59e-03	1.58e-03	1.59e-03	1.59e-03	
Num Msgs 512
SizeMsgs 4096
4.23e-03	4.22e-03	4.22e-03	4.23e-03	
Num Msgs 1024
SizeMsgs 4096
1.52e-02	1.41e-02	1.51e-02	1.41e-02	
Num Msgs 2048
SizeMsgs 4096
5.69e-02	5.23e-02	5.67e-02	5.22e-02	
Num Msgs 4096
SizeMsgs 4096
2.22e-01	2.03e-01	2.21e-01	2.03e-01	

Num Msgs 1
SizeMsgs 8192
7.30e-04	7.30e-04	7.30e-04	7.31e-04	
Num Msgs 2
SizeMsgs 8192
7.36e-04	7.36e-04	7.36e-04	7.36e-04	
Num Msgs 4
SizeMsgs 8192
7.50e-04	7.50e-04	7.50e-04	7.50e-04	
Num Msgs 8
SizeMsgs 8192
1.12e-03	1.12e-03	1.12e-03	1.12e-03	
Num Msgs 16
SizeMsgs 8192
9.86e-04	1.01e-03	1.04e-03	1.08e-03	
Num Msgs 32
SizeMsgs 8192
1.14e-03	1.16e-03	1.21e-03	1.10e-03	
Num Msgs 64
SizeMsgs 8192
8.96e-04	9.01e-04	8.96e-04	9.02e-04	
Num Msgs 128
SizeMsgs 8192
1.16e-03	1.15e-03	1.18e-03	1.16e-03	
Num Msgs 256
SizeMsgs 8192
1.86e-03	1.85e-03	1.83e-03	1.84e-03	
Num Msgs 512
SizeMsgs 8192
4.26e-03	4.25e-03	4.26e-03	4.29e-03	
Num Msgs 1024
SizeMsgs 8192
1.52e-02	1.41e-02	1.52e-02	1.41e-02	
Num Msgs 2048
SizeMsgs 8192
5.70e-02	5.22e-02	5.73e-02	5.23e-02	
Num Msgs 4096
SizeMsgs 8192
2.22e-01	2.04e-01	2.21e-01	2.03e-01	
Num Msgs 8192
SizeMsgs 8192
9.90e-01	9.08e-01	9.90e-01	9.08e-01	

Num Msgs 1
SizeMsgs 16384
1.47e-03	1.47e-03	1.47e-03	1.47e-03	
Num Msgs 2
SizeMsgs 16384
1.47e-03	1.47e-03	1.47e-03	1.47e-03	
Num Msgs 4
SizeMsgs 16384
1.49e-03	1.49e-03	1.49e-03	1.49e-03	
Num Msgs 8
SizeMsgs 16384
1.52e-03	1.52e-03	1.52e-03	1.52e-03	
Num Msgs 16
SizeMsgs 16384
2.24e-03	2.26e-03	2.24e-03	2.24e-03	
Num Msgs 32
SizeMsgs 16384
2.06e-03	2.09e-03	2.05e-03	2.05e-03	
Num Msgs 64
SizeMsgs 16384
2.33e-03	2.28e-03	2.20e-03	2.19e-03	
Num Msgs 128
SizeMsgs 16384
2.14e-03	2.23e-03	2.17e-03	2.09e-03	
Num Msgs 256
SizeMsgs 16384
2.41e-03	2.40e-03	2.34e-03	2.40e-03	
Num Msgs 512
SizeMsgs 16384
4.73e-03	4.66e-03	4.65e-03	4.67e-03	
Num Msgs 1024
SizeMsgs 16384
1.53e-02	1.42e-02	1.52e-02	1.42e-02	
Num Msgs 2048
SizeMsgs 16384
5.69e-02	5.23e-02	5.69e-02	5.23e-02	
Num Msgs 4096
SizeMsgs 16384
2.22e-01	2.03e-01	2.22e-01	2.03e-01	
Num Msgs 8192
SizeMsgs 16384
9.90e-01	9.08e-01	9.90e-01	9.08e-01	
Num Msgs 16384
SizeMsgs 16384
4.81e+00	4.33e+00	4.81e+00	4.33e+00	

Num Msgs 1
SizeMsgs 32768
2.94e-03	2.94e-03	2.94e-03	2.94e-03	
Num Msgs 2
SizeMsgs 32768
2.95e-03	2.95e-03	2.95e-03	2.95e-03	
Num Msgs 4
SizeMsgs 32768
2.96e-03	2.96e-03	2.96e-03	2.96e-03	
Num Msgs 8
SizeMsgs 32768
2.99e-03	2.99e-03	3.00e-03	2.99e-03	
Num Msgs 16
SizeMsgs 32768
3.06e-03	3.06e-03	3.07e-03	3.07e-03	
Num Msgs 32
SizeMsgs 32768
4.54e-03	4.46e-03	4.56e-03	4.60e-03	
Num Msgs 64
SizeMsgs 32768
4.26e-03	4.36e-03	4.32e-03	4.29e-03	
Num Msgs 128
SizeMsgs 32768
6.02e-03	5.22e-03	5.25e-03	5.82e-03	
Num Msgs 256
SizeMsgs 32768
4.18e-03	4.24e-03	4.12e-03	4.22e-03	
Num Msgs 512
SizeMsgs 32768
6.34e-03	6.32e-03	6.35e-03	6.32e-03	
Num Msgs 1024
SizeMsgs 32768
1.58e-02	1.48e-02	1.57e-02	1.47e-02	
Num Msgs 2048
SizeMsgs 32768
5.71e-02	5.24e-02	5.69e-02	5.24e-02	
Num Msgs 4096
SizeMsgs 32768
2.23e-01	2.03e-01	2.22e-01	2.03e-01	
Num Msgs 8192
SizeMsgs 32768
9.91e-01	9.09e-01	9.91e-01	9.09e-01	
Num Msgs 16384
SizeMsgs 32768
4.81e+00	4.33e+00	4.81e+00	4.33e+00	

Num Msgs 1
SizeMsgs 65536
5.89e-03	5.89e-03	5.89e-03	5.89e-03	
Num Msgs 2
SizeMsgs 65536
5.90e-03	5.90e-03	5.90e-03	5.90e-03	
Num Msgs 4
SizeMsgs 65536
5.91e-03	5.91e-03	5.91e-03	5.91e-03	
Num Msgs 8
SizeMsgs 65536
5.94e-03	5.94e-03	5.94e-03	5.94e-03	
Num Msgs 16
SizeMsgs 65536
6.01e-03	6.01e-03	6.01e-03	6.01e-03	
Num Msgs 32
SizeMsgs 65536
6.15e-03	6.16e-03	6.15e-03	6.15e-03	
Num Msgs 64
SizeMsgs 65536
9.12e-03	9.17e-03	9.08e-03	9.30e-03	
Num Msgs 128
SizeMsgs 65536
9.15e-03	9.71e-03	9.37e-03	9.19e-03	
Num Msgs 256
SizeMsgs 65536
1.02e-02	1.15e-02	1.02e-02	1.14e-02	
Num Msgs 512
SizeMsgs 65536
8.36e-03	8.57e-03	8.27e-03	8.26e-03	
Num Msgs 1024
SizeMsgs 65536
1.74e-02	1.65e-02	1.74e-02	1.65e-02	
Num Msgs 2048
SizeMsgs 65536
5.75e-02	5.31e-02	5.74e-02	5.30e-02	
Num Msgs 4096
SizeMsgs 65536
2.22e-01	2.04e-01	2.22e-01	2.04e-01	
Num Msgs 8192
SizeMsgs 65536
9.91e-01	9.09e-01	9.91e-01	9.10e-01	
Num Msgs 16384
SizeMsgs 65536
4.81e+00	4.33e+00	4.81e+00	4.33e+00	
Pingpong for
master:  0, 1, 2, 3, 4, 5, 6, 7, 8, 9, 10, 11, 12, 13, 14, 15, 16, 17, 18, 19, 20, 21, 22, 23, 24, 25, 26, 27, 28, 29, 30, 31, 32, 33, 34, 35, 36, 37, 38, 39, 40, 41, 42, 43, 44, 45, 46, 47, 48, 49, 50, 51, 52, 53, 54, 55, 56, 57, 58, 59, 60, 61, 62, 63, 64, 65, 66, 67, 68, 69, 70, 71, 72, 73, 74, 75, 76, 77, 78, 79, 80, 81, 82, 83, 84, 85, 86, 87, 88, 89, 90, 91, 92, 93, 94, 95, 96, 97, 98, 99, 100, 101, 102, 103, 104, 105, 106, 107, 108, 109, 110, 111, 112, 113, 114, 115, 116, 117, 118, 119, 120, 121, 122, 123, 124, 125, 126, 127
partner: 128, 129, 130, 131, 132, 133, 134, 135, 136, 137, 138, 139, 140, 141, 142, 143, 144, 145, 146, 147, 148, 149, 150, 151, 152, 153, 154, 155, 156, 157, 158, 159, 160, 161, 162, 163, 164, 165, 166, 167, 168, 169, 170, 171, 172, 173, 174, 175, 176, 177, 178, 179, 180, 181, 182, 183, 184, 185, 186, 187, 188, 189, 190, 191, 192, 193, 194, 195, 196, 197, 198, 199, 200, 201, 202, 203, 204, 205, 206, 207, 208, 209, 210, 211, 212, 213, 214, 215, 216, 217, 218, 219, 220, 221, 222, 223, 224, 225, 226, 227, 228, 229, 230, 231, 232, 233, 234, 235, 236, 237, 238, 239, 240, 241, 242, 243, 244, 245, 246, 247, 248, 249, 250, 251, 252, 253, 254, 255

Num Msgs 1
SizeMsgs 1
4.49e-06	4.49e-06	4.48e-06	4.48e-06	

Num Msgs 1
SizeMsgs 2
4.50e-06	4.51e-06	4.50e-06	4.51e-06	
Num Msgs 2
SizeMsgs 2
1.03e-05	1.03e-05	1.03e-05	1.03e-05	

Num Msgs 1
SizeMsgs 4
4.55e-06	4.55e-06	4.56e-06	4.55e-06	
Num Msgs 2
SizeMsgs 4
1.04e-05	1.04e-05	1.04e-05	1.03e-05	
Num Msgs 4
SizeMsgs 4
2.20e-05	2.20e-05	2.20e-05	2.20e-05	

Num Msgs 1
SizeMsgs 8
4.68e-06	4.69e-06	4.69e-06	4.70e-06	
Num Msgs 2
SizeMsgs 8
1.05e-05	1.05e-05	1.05e-05	1.05e-05	
Num Msgs 4
SizeMsgs 8
2.21e-05	2.21e-05	2.21e-05	2.20e-05	
Num Msgs 8
SizeMsgs 8
4.49e-05	4.48e-05	4.48e-05	4.49e-05	

Num Msgs 1
SizeMsgs 16
4.73e-06	4.77e-06	4.78e-06	4.77e-06	
Num Msgs 2
SizeMsgs 16
1.07e-05	1.07e-05	1.07e-05	1.07e-05	
Num Msgs 4
SizeMsgs 16
2.21e-05	2.21e-05	2.21e-05	2.21e-05	
Num Msgs 8
SizeMsgs 16
4.50e-05	4.50e-05	4.50e-05	4.50e-05	
Num Msgs 16
SizeMsgs 16
9.00e-05	8.98e-05	9.00e-05	8.99e-05	

Num Msgs 1
SizeMsgs 32
4.99e-06	4.99e-06	5.00e-06	5.01e-06	
Num Msgs 2
SizeMsgs 32
1.08e-05	1.08e-05	1.08e-05	1.08e-05	
Num Msgs 4
SizeMsgs 32
2.27e-05	2.27e-05	2.27e-05	2.27e-05	
Num Msgs 8
SizeMsgs 32
4.51e-05	4.52e-05	4.51e-05	4.52e-05	
Num Msgs 16
SizeMsgs 32
9.01e-05	9.01e-05	9.02e-05	9.03e-05	
Num Msgs 32
SizeMsgs 32
1.82e-04	1.82e-04	1.82e-04	1.82e-04	

Num Msgs 1
SizeMsgs 64
6.51e-06	6.53e-06	6.57e-06	6.56e-06	
Num Msgs 2
SizeMsgs 64
1.13e-05	1.13e-05	1.13e-05	1.14e-05	
Num Msgs 4
SizeMsgs 64
2.30e-05	2.30e-05	2.30e-05	2.30e-05	
Num Msgs 8
SizeMsgs 64
4.68e-05	4.68e-05	4.67e-05	4.67e-05	
Num Msgs 16
SizeMsgs 64
9.05e-05	9.04e-05	9.07e-05	9.04e-05	
Num Msgs 32
SizeMsgs 64
1.83e-04	1.82e-04	1.82e-04	1.82e-04	
Num Msgs 64
SizeMsgs 64
3.65e-04	3.71e-04	3.65e-04	3.65e-04	

Num Msgs 1
SizeMsgs 128
1.09e-05	1.09e-05	1.11e-05	1.12e-05	
Num Msgs 2
SizeMsgs 128
1.31e-05	1.31e-05	1.31e-05	1.31e-05	
Num Msgs 4
SizeMsgs 128
2.38e-05	2.38e-05	2.38e-05	2.38e-05	
Num Msgs 8
SizeMsgs 128
4.75e-05	4.75e-05	4.75e-05	4.75e-05	
Num Msgs 16
SizeMsgs 128
9.40e-05	9.40e-05	9.43e-05	9.41e-05	
Num Msgs 32
SizeMsgs 128
1.84e-04	1.84e-04	1.83e-04	1.83e-04	
Num Msgs 64
SizeMsgs 128
3.67e-04	3.65e-04	3.67e-04	3.65e-04	
Num Msgs 128
SizeMsgs 128
7.25e-04	7.27e-04	7.28e-04	7.28e-04	

Num Msgs 1
SizeMsgs 256
2.61e-05	2.57e-05	2.57e-05	2.58e-05	
Num Msgs 2
SizeMsgs 256
2.20e-05	2.20e-05	2.20e-05	2.19e-05	
Num Msgs 4
SizeMsgs 256
2.75e-05	2.74e-05	2.75e-05	2.74e-05	
Num Msgs 8
SizeMsgs 256
5.00e-05	5.00e-05	4.98e-05	4.99e-05	
Num Msgs 16
SizeMsgs 256
9.53e-05	9.57e-05	9.60e-05	9.55e-05	
Num Msgs 32
SizeMsgs 256
1.90e-04	1.90e-04	1.89e-04	1.90e-04	
Num Msgs 64
SizeMsgs 256
3.68e-04	3.67e-04	3.68e-04	3.68e-04	
Num Msgs 128
SizeMsgs 256
7.30e-04	7.29e-04	7.28e-04	7.33e-04	
Num Msgs 256
SizeMsgs 256
1.50e-03	1.49e-03	1.49e-03	1.49e-03	

Num Msgs 1
SizeMsgs 512
5.17e-05	5.22e-05	5.25e-05	5.12e-05	
Num Msgs 2
SizeMsgs 512
5.46e-05	5.45e-05	5.48e-05	5.47e-05	
Num Msgs 4
SizeMsgs 512
4.58e-05	4.58e-05	4.59e-05	4.58e-05	
Num Msgs 8
SizeMsgs 512
5.71e-05	5.70e-05	5.70e-05	5.71e-05	
Num Msgs 16
SizeMsgs 512
1.02e-04	1.02e-04	1.02e-04	1.03e-04	
Num Msgs 32
SizeMsgs 512
1.94e-04	1.94e-04	1.94e-04	1.95e-04	
Num Msgs 64
SizeMsgs 512
3.80e-04	3.81e-04	3.81e-04	3.81e-04	
Num Msgs 128
SizeMsgs 512
7.31e-04	7.32e-04	7.32e-04	7.35e-04	
Num Msgs 256
SizeMsgs 512
1.49e-03	1.52e-03	1.50e-03	1.50e-03	
Num Msgs 512
SizeMsgs 512
4.17e-03	4.17e-03	4.17e-03	4.20e-03	

Num Msgs 1
SizeMsgs 1024
1.35e-04	1.35e-04	1.34e-04	1.34e-04	
Num Msgs 2
SizeMsgs 1024
1.06e-04	1.06e-04	1.06e-04	1.06e-04	
Num Msgs 4
SizeMsgs 1024
1.30e-04	1.30e-04	1.33e-04	1.29e-04	
Num Msgs 8
SizeMsgs 1024
1.01e-04	1.01e-04	1.01e-04	1.01e-04	
Num Msgs 16
SizeMsgs 1024
1.20e-04	1.22e-04	1.21e-04	1.21e-04	
Num Msgs 32
SizeMsgs 1024
2.13e-04	2.13e-04	2.12e-04	2.14e-04	
Num Msgs 64
SizeMsgs 1024
3.93e-04	3.94e-04	3.94e-04	3.94e-04	
Num Msgs 128
SizeMsgs 1024
7.56e-04	7.57e-04	7.58e-04	7.55e-04	
Num Msgs 256
SizeMsgs 1024
1.50e-03	1.50e-03	1.50e-03	1.50e-03	
Num Msgs 512
SizeMsgs 1024
4.18e-03	4.20e-03	4.21e-03	4.18e-03	
Num Msgs 1024
SizeMsgs 1024
1.51e-02	1.41e-02	1.51e-02	1.40e-02	

Num Msgs 1
SizeMsgs 2048
1.79e-04	1.79e-04	1.79e-04	1.79e-04	
Num Msgs 2
SizeMsgs 2048
2.74e-04	2.74e-04	2.73e-04	2.73e-04	
Num Msgs 4
SizeMsgs 2048
2.31e-04	2.31e-04	2.33e-04	2.33e-04	
Num Msgs 8
SizeMsgs 2048
2.82e-04	2.81e-04	2.82e-04	2.79e-04	
Num Msgs 16
SizeMsgs 2048
2.20e-04	2.18e-04	2.19e-04	2.22e-04	
Num Msgs 32
SizeMsgs 2048
2.51e-04	2.52e-04	2.49e-04	2.50e-04	
Num Msgs 64
SizeMsgs 2048
4.25e-04	4.29e-04	4.29e-04	4.27e-04	
Num Msgs 128
SizeMsgs 2048
7.76e-04	7.73e-04	7.73e-04	7.79e-04	
Num Msgs 256
SizeMsgs 2048
1.53e-03	1.54e-03	1.54e-03	1.54e-03	
Num Msgs 512
SizeMsgs 2048
4.22e-03	4.20e-03	4.19e-03	4.21e-03	
Num Msgs 1024
SizeMsgs 2048
1.51e-02	1.40e-02	1.51e-02	1.40e-02	
Num Msgs 2048
SizeMsgs 2048
5.69e-02	5.21e-02	5.67e-02	5.21e-02	

Num Msgs 1
SizeMsgs 4096
3.63e-04	3.63e-04	3.63e-04	3.63e-04	
Num Msgs 2
SizeMsgs 4096
3.70e-04	3.70e-04	3.70e-04	3.69e-04	
Num Msgs 4
SizeMsgs 4096
5.53e-04	5.52e-04	5.51e-04	5.50e-04	
Num Msgs 8
SizeMsgs 4096
4.81e-04	4.75e-04	4.80e-04	4.82e-04	
Num Msgs 16
SizeMsgs 4096
5.85e-04	5.56e-04	6.22e-04	5.63e-04	
Num Msgs 32
SizeMsgs 4096
4.47e-04	4.52e-04	4.45e-04	4.50e-04	
Num Msgs 64
SizeMsgs 4096
5.20e-04	5.14e-04	5.16e-04	5.14e-04	
Num Msgs 128
SizeMsgs 4096
9.06e-04	9.07e-04	9.07e-04	9.03e-04	
Num Msgs 256
SizeMsgs 4096
1.63e-03	1.58e-03	1.58e-03	1.59e-03	
Num Msgs 512
SizeMsgs 4096
4.23e-03	4.23e-03	4.22e-03	4.23e-03	
Num Msgs 1024
SizeMsgs 4096
1.52e-02	1.41e-02	1.52e-02	1.41e-02	
Num Msgs 2048
SizeMsgs 4096
5.70e-02	5.22e-02	5.68e-02	5.22e-02	
Num Msgs 4096
SizeMsgs 4096
2.22e-01	2.03e-01	2.22e-01	2.04e-01	

Num Msgs 1
SizeMsgs 8192
7.30e-04	7.30e-04	7.31e-04	7.30e-04	
Num Msgs 2
SizeMsgs 8192
7.36e-04	7.36e-04	7.36e-04	7.36e-04	
Num Msgs 4
SizeMsgs 8192
7.50e-04	7.51e-04	7.50e-04	7.51e-04	
Num Msgs 8
SizeMsgs 8192
1.12e-03	1.12e-03	1.12e-03	1.12e-03	
Num Msgs 16
SizeMsgs 8192
9.97e-04	1.02e-03	1.03e-03	1.02e-03	
Num Msgs 32
SizeMsgs 8192
1.18e-03	1.12e-03	1.11e-03	1.10e-03	
Num Msgs 64
SizeMsgs 8192
8.95e-04	9.13e-04	9.15e-04	8.93e-04	
Num Msgs 128
SizeMsgs 8192
1.14e-03	1.15e-03	1.14e-03	1.15e-03	
Num Msgs 256
SizeMsgs 8192
1.85e-03	1.84e-03	1.84e-03	1.83e-03	
Num Msgs 512
SizeMsgs 8192
4.27e-03	4.26e-03	4.26e-03	4.26e-03	
Num Msgs 1024
SizeMsgs 8192
1.53e-02	1.41e-02	1.53e-02	1.41e-02	
Num Msgs 2048
SizeMsgs 8192
5.74e-02	5.24e-02	5.70e-02	5.23e-02	
Num Msgs 4096
SizeMsgs 8192
2.22e-01	2.03e-01	2.22e-01	2.03e-01	
Num Msgs 8192
SizeMsgs 8192
9.90e-01	9.08e-01	9.89e-01	9.08e-01	

Num Msgs 1
SizeMsgs 16384
1.47e-03	1.47e-03	1.47e-03	1.47e-03	
Num Msgs 2
SizeMsgs 16384
1.47e-03	1.47e-03	1.47e-03	1.47e-03	
Num Msgs 4
SizeMsgs 16384
1.49e-03	1.49e-03	1.49e-03	1.49e-03	
Num Msgs 8
SizeMsgs 16384
1.52e-03	1.53e-03	1.52e-03	1.52e-03	
Num Msgs 16
SizeMsgs 16384
2.23e-03	2.24e-03	2.23e-03	2.24e-03	
Num Msgs 32
SizeMsgs 16384
2.06e-03	2.10e-03	2.09e-03	2.08e-03	
Num Msgs 64
SizeMsgs 16384
2.17e-03	2.44e-03	2.31e-03	2.31e-03	
Num Msgs 128
SizeMsgs 16384
2.09e-03	2.25e-03	2.06e-03	2.27e-03	
Num Msgs 256
SizeMsgs 16384
2.36e-03	2.37e-03	2.34e-03	2.40e-03	
Num Msgs 512
SizeMsgs 16384
4.69e-03	4.68e-03	4.69e-03	4.67e-03	
Num Msgs 1024
SizeMsgs 16384
1.54e-02	1.42e-02	1.53e-02	1.42e-02	
Num Msgs 2048
SizeMsgs 16384
5.74e-02	5.24e-02	5.71e-02	5.24e-02	
Num Msgs 4096
SizeMsgs 16384
2.23e-01	2.03e-01	2.22e-01	2.03e-01	
Num Msgs 8192
SizeMsgs 16384
9.90e-01	9.08e-01	9.90e-01	9.08e-01	
Num Msgs 16384
SizeMsgs 16384
4.80e+00	4.33e+00	4.80e+00	4.33e+00	

Num Msgs 1
SizeMsgs 32768
2.94e-03	2.94e-03	2.94e-03	2.94e-03	
Num Msgs 2
SizeMsgs 32768
2.95e-03	2.95e-03	2.95e-03	2.95e-03	
Num Msgs 4
SizeMsgs 32768
2.96e-03	2.96e-03	2.96e-03	2.96e-03	
Num Msgs 8
SizeMsgs 32768
2.99e-03	2.99e-03	2.99e-03	2.99e-03	
Num Msgs 16
SizeMsgs 32768
3.07e-03	3.06e-03	3.07e-03	3.07e-03	
Num Msgs 32
SizeMsgs 32768
4.41e-03	4.57e-03	4.55e-03	4.54e-03	
Num Msgs 64
SizeMsgs 32768
4.28e-03	4.28e-03	4.23e-03	4.24e-03	
Num Msgs 128
SizeMsgs 32768
5.63e-03	5.90e-03	5.78e-03	5.53e-03	
Num Msgs 256
SizeMsgs 32768
4.27e-03	4.24e-03	4.11e-03	4.48e-03	
Num Msgs 512
SizeMsgs 32768
6.36e-03	6.33e-03	6.35e-03	6.34e-03	
Num Msgs 1024
SizeMsgs 32768
1.59e-02	1.48e-02	1.58e-02	1.48e-02	
Num Msgs 2048
SizeMsgs 32768
5.76e-02	5.25e-02	5.72e-02	5.24e-02	
Num Msgs 4096
SizeMsgs 32768
2.23e-01	2.04e-01	2.23e-01	2.04e-01	
Num Msgs 8192
SizeMsgs 32768
9.90e-01	9.09e-01	9.90e-01	9.09e-01	
Num Msgs 16384
SizeMsgs 32768
4.80e+00	4.33e+00	4.81e+00	4.33e+00	

Num Msgs 1
SizeMsgs 65536
5.89e-03	5.89e-03	5.89e-03	5.89e-03	
Num Msgs 2
SizeMsgs 65536
5.90e-03	5.90e-03	5.90e-03	5.90e-03	
Num Msgs 4
SizeMsgs 65536
5.91e-03	5.91e-03	5.91e-03	5.91e-03	
Num Msgs 8
SizeMsgs 65536
5.94e-03	5.94e-03	5.94e-03	5.94e-03	
Num Msgs 16
SizeMsgs 65536
6.03e-03	5.99e-03	6.02e-03	6.01e-03	
Num Msgs 32
SizeMsgs 65536
6.14e-03	6.14e-03	6.13e-03	6.16e-03	
Num Msgs 64
SizeMsgs 65536
9.08e-03	9.03e-03	9.12e-03	9.07e-03	
Num Msgs 128
SizeMsgs 65536
9.20e-03	9.34e-03	9.49e-03	9.77e-03	
Num Msgs 256
SizeMsgs 65536
1.09e-02	1.05e-02	1.11e-02	1.08e-02	
Num Msgs 512
SizeMsgs 65536
8.40e-03	8.42e-03	8.44e-03	8.38e-03	
Num Msgs 1024
SizeMsgs 65536
1.74e-02	1.65e-02	1.74e-02	1.65e-02	
Num Msgs 2048
SizeMsgs 65536
5.78e-02	5.31e-02	5.76e-02	5.31e-02	
Num Msgs 4096
SizeMsgs 65536
2.23e-01	2.04e-01	2.23e-01	2.04e-01	
Num Msgs 8192
SizeMsgs 65536
9.91e-01	9.09e-01	9.91e-01	9.09e-01	
Num Msgs 16384
SizeMsgs 65536
4.81e+00	4.33e+00	4.81e+00	4.33e+00	
Application 66236915 resources: utime ~311860s, stime ~2011s, Rss ~26516, inblocks ~145834, outblocks ~263243
