
Pingpong for
master:  0, 1, 2, 3, 4, 5, 6, 7, 8, 9, 10, 11, 12, 13, 14, 15, 16, 17, 18, 19, 20, 21, 22, 23, 24, 25, 26, 27, 28, 29, 30, 31, 32, 33, 34, 35, 36, 37, 38, 39, 40, 41, 42, 43, 44, 45, 46, 47, 48, 49, 50, 51, 52, 53, 54, 55, 56, 57, 58, 59, 60, 61, 62, 63, 64, 65, 66, 67, 68, 69, 70, 71, 72, 73, 74, 75, 76, 77, 78, 79, 80, 81, 82, 83, 84, 85, 86, 87, 88, 89, 90, 91, 92, 93, 94, 95, 96, 97, 98, 99, 100, 101, 102, 103, 104, 105, 106, 107, 108, 109, 110, 111, 112, 113, 114, 115, 116, 117, 118, 119, 120, 121, 122, 123, 124, 125, 126, 127
partner: 128, 129, 130, 131, 132, 133, 134, 135, 136, 137, 138, 139, 140, 141, 142, 143, 144, 145, 146, 147, 148, 149, 150, 151, 152, 153, 154, 155, 156, 157, 158, 159, 160, 161, 162, 163, 164, 165, 166, 167, 168, 169, 170, 171, 172, 173, 174, 175, 176, 177, 178, 179, 180, 181, 182, 183, 184, 185, 186, 187, 188, 189, 190, 191, 192, 193, 194, 195, 196, 197, 198, 199, 200, 201, 202, 203, 204, 205, 206, 207, 208, 209, 210, 211, 212, 213, 214, 215, 216, 217, 218, 219, 220, 221, 222, 223, 224, 225, 226, 227, 228, 229, 230, 231, 232, 233, 234, 235, 236, 237, 238, 239, 240, 241, 242, 243, 244, 245, 246, 247, 248, 249, 250, 251, 252, 253, 254, 255

Num Msgs 1
SizeMsgs 1
4.48e-06	4.47e-06	4.47e-06	4.47e-06	

Num Msgs 1
SizeMsgs 2
4.48e-06	4.49e-06	4.49e-06	4.48e-06	
Num Msgs 2
SizeMsgs 2
1.03e-05	1.03e-05	1.03e-05	1.03e-05	

Num Msgs 1
SizeMsgs 4
4.53e-06	4.53e-06	4.53e-06	4.53e-06	
Num Msgs 2
SizeMsgs 4
1.03e-05	1.03e-05	1.04e-05	1.03e-05	
Num Msgs 4
SizeMsgs 4
2.19e-05	2.19e-05	2.19e-05	2.19e-05	

Num Msgs 1
SizeMsgs 8
4.69e-06	4.72e-06	4.72e-06	4.73e-06	
Num Msgs 2
SizeMsgs 8
1.04e-05	1.04e-05	1.04e-05	1.04e-05	
Num Msgs 4
SizeMsgs 8
2.20e-05	2.20e-05	2.19e-05	2.20e-05	
Num Msgs 8
SizeMsgs 8
4.46e-05	4.46e-05	4.46e-05	4.47e-05	

Num Msgs 1
SizeMsgs 16
4.77e-06	4.79e-06	4.80e-06	4.80e-06	
Num Msgs 2
SizeMsgs 16
1.07e-05	1.07e-05	1.07e-05	1.07e-05	
Num Msgs 4
SizeMsgs 16
2.20e-05	2.21e-05	2.21e-05	2.21e-05	
Num Msgs 8
SizeMsgs 16
4.49e-05	4.49e-05	4.48e-05	4.49e-05	
Num Msgs 16
SizeMsgs 16
9.76e-05	8.98e-05	9.01e-05	9.00e-05	

Num Msgs 1
SizeMsgs 32
5.00e-06	5.01e-06	5.00e-06	5.00e-06	
Num Msgs 2
SizeMsgs 32
1.08e-05	1.08e-05	1.08e-05	1.08e-05	
Num Msgs 4
SizeMsgs 32
2.26e-05	2.26e-05	2.26e-05	2.26e-05	
Num Msgs 8
SizeMsgs 32
4.51e-05	4.51e-05	4.51e-05	4.51e-05	
Num Msgs 16
SizeMsgs 32
9.03e-05	9.02e-05	9.06e-05	9.06e-05	
Num Msgs 32
SizeMsgs 32
1.83e-04	1.81e-04	1.82e-04	1.82e-04	

Num Msgs 1
SizeMsgs 64
6.52e-06	6.50e-06	6.51e-06	6.48e-06	
Num Msgs 2
SizeMsgs 64
1.14e-05	1.14e-05	1.14e-05	1.14e-05	
Num Msgs 4
SizeMsgs 64
2.30e-05	2.30e-05	2.30e-05	2.30e-05	
Num Msgs 8
SizeMsgs 64
4.67e-05	4.67e-05	4.68e-05	4.67e-05	
Num Msgs 16
SizeMsgs 64
9.06e-05	9.07e-05	9.16e-05	9.07e-05	
Num Msgs 32
SizeMsgs 64
1.83e-04	1.83e-04	1.83e-04	1.82e-04	
Num Msgs 64
SizeMsgs 64
3.64e-04	3.64e-04	3.64e-04	3.65e-04	

Num Msgs 1
SizeMsgs 128
1.08e-05	1.10e-05	1.09e-05	1.10e-05	
Num Msgs 2
SizeMsgs 128
1.31e-05	1.31e-05	1.31e-05	1.31e-05	
Num Msgs 4
SizeMsgs 128
2.38e-05	2.39e-05	2.39e-05	2.38e-05	
Num Msgs 8
SizeMsgs 128
4.75e-05	4.74e-05	4.74e-05	4.75e-05	
Num Msgs 16
SizeMsgs 128
9.42e-05	9.47e-05	9.43e-05	9.43e-05	
Num Msgs 32
SizeMsgs 128
1.83e-04	1.83e-04	1.82e-04	1.84e-04	
Num Msgs 64
SizeMsgs 128
3.64e-04	3.65e-04	3.64e-04	3.65e-04	
Num Msgs 128
SizeMsgs 128
7.24e-04	7.23e-04	7.24e-04	7.28e-04	

Num Msgs 1
SizeMsgs 256
2.12e-05	2.10e-05	2.13e-05	2.11e-05	
Num Msgs 2
SizeMsgs 256
2.18e-05	2.18e-05	2.18e-05	2.18e-05	
Num Msgs 4
SizeMsgs 256
2.74e-05	2.74e-05	2.74e-05	2.74e-05	
Num Msgs 8
SizeMsgs 256
4.99e-05	4.99e-05	4.99e-05	4.98e-05	
Num Msgs 16
SizeMsgs 256
9.57e-05	9.58e-05	9.57e-05	9.52e-05	
Num Msgs 32
SizeMsgs 256
1.90e-04	1.90e-04	1.89e-04	1.90e-04	
Num Msgs 64
SizeMsgs 256
3.67e-04	3.66e-04	3.67e-04	3.66e-04	
Num Msgs 128
SizeMsgs 256
7.29e-04	7.28e-04	7.25e-04	7.32e-04	
Num Msgs 256
SizeMsgs 256
1.50e-03	1.49e-03	1.49e-03	1.49e-03	

Num Msgs 1
SizeMsgs 512
4.71e-05	4.82e-05	4.77e-05	4.70e-05	
Num Msgs 2
SizeMsgs 512
4.87e-05	4.86e-05	4.87e-05	4.87e-05	
Num Msgs 4
SizeMsgs 512
4.57e-05	4.57e-05	4.56e-05	4.56e-05	
Num Msgs 8
SizeMsgs 512
5.69e-05	5.69e-05	5.69e-05	5.70e-05	
Num Msgs 16
SizeMsgs 512
1.02e-04	1.02e-04	1.02e-04	1.03e-04	
Num Msgs 32
SizeMsgs 512
1.94e-04	1.94e-04	1.95e-04	1.95e-04	
Num Msgs 64
SizeMsgs 512
3.81e-04	3.80e-04	3.81e-04	3.80e-04	
Num Msgs 128
SizeMsgs 512
7.30e-04	7.31e-04	7.34e-04	7.37e-04	
Num Msgs 256
SizeMsgs 512
1.49e-03	1.49e-03	1.49e-03	1.49e-03	
Num Msgs 512
SizeMsgs 512
4.19e-03	4.19e-03	4.19e-03	4.21e-03	

Num Msgs 1
SizeMsgs 1024
1.31e-04	1.31e-04	1.31e-04	1.31e-04	
Num Msgs 2
SizeMsgs 1024
1.02e-04	1.02e-04	1.02e-04	1.02e-04	
Num Msgs 4
SizeMsgs 1024
1.24e-04	1.25e-04	1.25e-04	1.24e-04	
Num Msgs 8
SizeMsgs 1024
1.01e-04	1.01e-04	1.01e-04	1.00e-04	
Num Msgs 16
SizeMsgs 1024
1.20e-04	1.21e-04	1.21e-04	1.21e-04	
Num Msgs 32
SizeMsgs 1024
2.14e-04	2.15e-04	2.14e-04	2.13e-04	
Num Msgs 64
SizeMsgs 1024
3.94e-04	3.94e-04	3.95e-04	3.94e-04	
Num Msgs 128
SizeMsgs 1024
7.56e-04	7.57e-04	7.59e-04	7.56e-04	
Num Msgs 256
SizeMsgs 1024
1.50e-03	1.50e-03	1.50e-03	1.50e-03	
Num Msgs 512
SizeMsgs 1024
4.20e-03	4.18e-03	4.20e-03	4.17e-03	
Num Msgs 1024
SizeMsgs 1024
1.51e-02	1.40e-02	1.51e-02	1.41e-02	

Num Msgs 1
SizeMsgs 2048
1.79e-04	1.79e-04	1.79e-04	1.79e-04	
Num Msgs 2
SizeMsgs 2048
2.68e-04	2.68e-04	2.67e-04	2.68e-04	
Num Msgs 4
SizeMsgs 2048
2.21e-04	2.21e-04	2.22e-04	2.21e-04	
Num Msgs 8
SizeMsgs 2048
2.73e-04	2.69e-04	2.69e-04	2.68e-04	
Num Msgs 16
SizeMsgs 2048
2.19e-04	2.16e-04	2.16e-04	2.15e-04	
Num Msgs 32
SizeMsgs 2048
2.49e-04	2.51e-04	2.51e-04	2.51e-04	
Num Msgs 64
SizeMsgs 2048
4.28e-04	4.28e-04	4.28e-04	4.26e-04	
Num Msgs 128
SizeMsgs 2048
7.72e-04	7.74e-04	7.73e-04	7.76e-04	
Num Msgs 256
SizeMsgs 2048
1.54e-03	1.55e-03	1.54e-03	1.54e-03	
Num Msgs 512
SizeMsgs 2048
4.21e-03	4.22e-03	4.21e-03	4.20e-03	
Num Msgs 1024
SizeMsgs 2048
1.51e-02	1.40e-02	1.51e-02	1.40e-02	
Num Msgs 2048
SizeMsgs 2048
5.79e-02	5.21e-02	5.66e-02	5.20e-02	

Num Msgs 1
SizeMsgs 4096
3.62e-04	3.62e-04	3.62e-04	3.63e-04	
Num Msgs 2
SizeMsgs 4096
3.69e-04	3.69e-04	3.69e-04	3.69e-04	
Num Msgs 4
SizeMsgs 4096
5.40e-04	5.39e-04	5.39e-04	5.39e-04	
Num Msgs 8
SizeMsgs 4096
4.57e-04	4.56e-04	4.54e-04	4.55e-04	
Num Msgs 16
SizeMsgs 4096
5.15e-04	5.23e-04	5.35e-04	5.24e-04	
Num Msgs 32
SizeMsgs 4096
4.49e-04	4.44e-04	4.52e-04	4.48e-04	
Num Msgs 64
SizeMsgs 4096
5.14e-04	5.21e-04	5.16e-04	5.17e-04	
Num Msgs 128
SizeMsgs 4096
9.05e-04	9.04e-04	9.13e-04	9.12e-04	
Num Msgs 256
SizeMsgs 4096
1.59e-03	1.58e-03	1.59e-03	1.58e-03	
Num Msgs 512
SizeMsgs 4096
4.22e-03	4.22e-03	4.22e-03	4.22e-03	
Num Msgs 1024
SizeMsgs 4096
1.52e-02	1.41e-02	1.51e-02	1.41e-02	
Num Msgs 2048
SizeMsgs 4096
5.67e-02	5.21e-02	5.67e-02	5.21e-02	
Num Msgs 4096
SizeMsgs 4096
2.24e-01	2.03e-01	2.21e-01	2.03e-01	

Num Msgs 1
SizeMsgs 8192
7.30e-04	7.30e-04	7.30e-04	7.30e-04	
Num Msgs 2
SizeMsgs 8192
7.36e-04	7.36e-04	7.36e-04	7.36e-04	
Num Msgs 4
SizeMsgs 8192
7.54e-04	7.54e-04	7.54e-04	7.54e-04	
Num Msgs 8
SizeMsgs 8192
1.10e-03	1.10e-03	1.10e-03	1.10e-03	
Num Msgs 16
SizeMsgs 8192
9.70e-04	9.74e-04	9.86e-04	9.51e-04	
Num Msgs 32
SizeMsgs 8192
1.02e-03	1.03e-03	1.03e-03	1.07e-03	
Num Msgs 64
SizeMsgs 8192
8.98e-04	8.98e-04	9.00e-04	9.30e-04	
Num Msgs 128
SizeMsgs 8192
1.16e-03	1.15e-03	1.16e-03	1.15e-03	
Num Msgs 256
SizeMsgs 8192
1.85e-03	1.85e-03	1.83e-03	1.83e-03	
Num Msgs 512
SizeMsgs 8192
4.27e-03	4.26e-03	4.27e-03	4.27e-03	
Num Msgs 1024
SizeMsgs 8192
1.52e-02	1.41e-02	1.52e-02	1.41e-02	
Num Msgs 2048
SizeMsgs 8192
5.71e-02	5.23e-02	5.66e-02	5.23e-02	
Num Msgs 4096
SizeMsgs 8192
2.22e-01	2.03e-01	2.21e-01	2.03e-01	
Num Msgs 8192
SizeMsgs 8192
9.95e-01	9.08e-01	9.90e-01	9.08e-01	

Num Msgs 1
SizeMsgs 16384
1.47e-03	1.47e-03	1.47e-03	1.47e-03	
Num Msgs 2
SizeMsgs 16384
1.47e-03	1.47e-03	1.47e-03	1.47e-03	
Num Msgs 4
SizeMsgs 16384
1.49e-03	1.49e-03	1.49e-03	1.49e-03	
Num Msgs 8
SizeMsgs 16384
1.53e-03	1.52e-03	1.53e-03	1.52e-03	
Num Msgs 16
SizeMsgs 16384
2.21e-03	2.26e-03	2.25e-03	2.22e-03	
Num Msgs 32
SizeMsgs 16384
1.96e-03	2.02e-03	1.97e-03	1.99e-03	
Num Msgs 64
SizeMsgs 16384
2.19e-03	2.17e-03	2.17e-03	2.11e-03	
Num Msgs 128
SizeMsgs 16384
2.07e-03	2.04e-03	2.32e-03	2.07e-03	
Num Msgs 256
SizeMsgs 16384
2.43e-03	2.37e-03	2.37e-03	2.36e-03	
Num Msgs 512
SizeMsgs 16384
4.67e-03	4.67e-03	4.69e-03	4.72e-03	
Num Msgs 1024
SizeMsgs 16384
1.53e-02	1.42e-02	1.52e-02	1.42e-02	
Num Msgs 2048
SizeMsgs 16384
5.69e-02	5.24e-02	5.66e-02	5.24e-02	
Num Msgs 4096
SizeMsgs 16384
2.22e-01	2.03e-01	2.21e-01	2.03e-01	
Num Msgs 8192
SizeMsgs 16384
9.90e-01	9.08e-01	9.90e-01	9.08e-01	
Num Msgs 16384
SizeMsgs 16384
4.81e+00	4.33e+00	4.80e+00	4.33e+00	

Num Msgs 1
SizeMsgs 32768
2.94e-03	2.94e-03	2.94e-03	2.94e-03	
Num Msgs 2
SizeMsgs 32768
2.95e-03	2.95e-03	2.95e-03	2.95e-03	
Num Msgs 4
SizeMsgs 32768
2.96e-03	2.96e-03	2.96e-03	2.96e-03	
Num Msgs 8
SizeMsgs 32768
2.99e-03	2.99e-03	2.99e-03	2.99e-03	
Num Msgs 16
SizeMsgs 32768
3.06e-03	3.06e-03	3.07e-03	3.04e-03	
Num Msgs 32
SizeMsgs 32768
4.47e-03	4.40e-03	4.39e-03	4.40e-03	
Num Msgs 64
SizeMsgs 32768
4.11e-03	4.04e-03	4.11e-03	4.25e-03	
Num Msgs 128
SizeMsgs 32768
5.28e-03	5.73e-03	5.12e-03	5.41e-03	
Num Msgs 256
SizeMsgs 32768
4.20e-03	4.45e-03	4.12e-03	4.27e-03	
Num Msgs 512
SizeMsgs 32768
6.36e-03	6.35e-03	6.34e-03	6.34e-03	
Num Msgs 1024
SizeMsgs 32768
1.58e-02	1.47e-02	1.57e-02	1.47e-02	
Num Msgs 2048
SizeMsgs 32768
5.70e-02	5.24e-02	5.68e-02	5.24e-02	
Num Msgs 4096
SizeMsgs 32768
2.22e-01	2.03e-01	2.22e-01	2.04e-01	
Num Msgs 8192
SizeMsgs 32768
9.90e-01	9.09e-01	9.90e-01	9.09e-01	
Num Msgs 16384
SizeMsgs 32768
4.80e+00	4.33e+00	4.80e+00	4.33e+00	

Num Msgs 1
SizeMsgs 65536
5.89e-03	5.89e-03	5.88e-03	5.89e-03	
Num Msgs 2
SizeMsgs 65536
5.89e-03	5.90e-03	5.90e-03	5.89e-03	
Num Msgs 4
SizeMsgs 65536
5.91e-03	5.91e-03	5.91e-03	5.91e-03	
Num Msgs 8
SizeMsgs 65536
5.94e-03	5.93e-03	5.94e-03	5.94e-03	
Num Msgs 16
SizeMsgs 65536
6.01e-03	5.99e-03	6.01e-03	6.00e-03	
Num Msgs 32
SizeMsgs 65536
6.13e-03	6.17e-03	6.16e-03	6.16e-03	
Num Msgs 64
SizeMsgs 65536
8.99e-03	8.97e-03	8.67e-03	8.99e-03	
Num Msgs 128
SizeMsgs 65536
9.33e-03	9.39e-03	8.57e-03	9.33e-03	
Num Msgs 256
SizeMsgs 65536
1.05e-02	9.75e-03	9.73e-03	1.01e-02	
Num Msgs 512
SizeMsgs 65536
8.25e-03	8.26e-03	8.31e-03	8.37e-03	
Num Msgs 1024
SizeMsgs 65536
1.74e-02	1.66e-02	1.74e-02	1.65e-02	
Num Msgs 2048
SizeMsgs 65536
5.76e-02	5.30e-02	5.74e-02	5.30e-02	
Num Msgs 4096
SizeMsgs 65536
2.22e-01	2.04e-01	2.22e-01	2.04e-01	
Num Msgs 8192
SizeMsgs 65536
9.91e-01	9.09e-01	9.91e-01	9.09e-01	
Num Msgs 16384
SizeMsgs 65536
4.81e+00	4.33e+00	4.81e+00	4.33e+00	
Pingpong for
master:  0, 1, 2, 3, 4, 5, 6, 7, 8, 9, 10, 11, 12, 13, 14, 15, 16, 17, 18, 19, 20, 21, 22, 23, 24, 25, 26, 27, 28, 29, 30, 31, 32, 33, 34, 35, 36, 37, 38, 39, 40, 41, 42, 43, 44, 45, 46, 47, 48, 49, 50, 51, 52, 53, 54, 55, 56, 57, 58, 59, 60, 61, 62, 63, 64, 65, 66, 67, 68, 69, 70, 71, 72, 73, 74, 75, 76, 77, 78, 79, 80, 81, 82, 83, 84, 85, 86, 87, 88, 89, 90, 91, 92, 93, 94, 95, 96, 97, 98, 99, 100, 101, 102, 103, 104, 105, 106, 107, 108, 109, 110, 111, 112, 113, 114, 115, 116, 117, 118, 119, 120, 121, 122, 123, 124, 125, 126, 127
partner: 128, 129, 130, 131, 132, 133, 134, 135, 136, 137, 138, 139, 140, 141, 142, 143, 144, 145, 146, 147, 148, 149, 150, 151, 152, 153, 154, 155, 156, 157, 158, 159, 160, 161, 162, 163, 164, 165, 166, 167, 168, 169, 170, 171, 172, 173, 174, 175, 176, 177, 178, 179, 180, 181, 182, 183, 184, 185, 186, 187, 188, 189, 190, 191, 192, 193, 194, 195, 196, 197, 198, 199, 200, 201, 202, 203, 204, 205, 206, 207, 208, 209, 210, 211, 212, 213, 214, 215, 216, 217, 218, 219, 220, 221, 222, 223, 224, 225, 226, 227, 228, 229, 230, 231, 232, 233, 234, 235, 236, 237, 238, 239, 240, 241, 242, 243, 244, 245, 246, 247, 248, 249, 250, 251, 252, 253, 254, 255

Num Msgs 1
SizeMsgs 1
4.48e-06	4.47e-06	4.47e-06	4.48e-06	

Num Msgs 1
SizeMsgs 2
4.50e-06	4.49e-06	4.48e-06	4.50e-06	
Num Msgs 2
SizeMsgs 2
1.03e-05	1.03e-05	1.03e-05	1.03e-05	

Num Msgs 1
SizeMsgs 4
4.53e-06	4.53e-06	4.53e-06	4.53e-06	
Num Msgs 2
SizeMsgs 4
1.04e-05	1.04e-05	1.04e-05	1.04e-05	
Num Msgs 4
SizeMsgs 4
2.19e-05	2.19e-05	2.19e-05	2.19e-05	

Num Msgs 1
SizeMsgs 8
4.67e-06	4.70e-06	4.68e-06	4.69e-06	
Num Msgs 2
SizeMsgs 8
1.04e-05	1.04e-05	1.04e-05	1.04e-05	
Num Msgs 4
SizeMsgs 8
2.20e-05	2.20e-05	2.20e-05	2.20e-05	
Num Msgs 8
SizeMsgs 8
4.48e-05	4.48e-05	4.48e-05	4.48e-05	

Num Msgs 1
SizeMsgs 16
4.73e-06	4.74e-06	4.76e-06	4.76e-06	
Num Msgs 2
SizeMsgs 16
1.07e-05	1.07e-05	1.07e-05	1.07e-05	
Num Msgs 4
SizeMsgs 16
2.21e-05	2.21e-05	2.21e-05	2.21e-05	
Num Msgs 8
SizeMsgs 16
4.49e-05	4.49e-05	4.50e-05	4.50e-05	
Num Msgs 16
SizeMsgs 16
9.00e-05	8.99e-05	9.00e-05	9.04e-05	

Num Msgs 1
SizeMsgs 32
5.00e-06	5.00e-06	5.00e-06	4.99e-06	
Num Msgs 2
SizeMsgs 32
1.08e-05	1.08e-05	1.08e-05	1.08e-05	
Num Msgs 4
SizeMsgs 32
2.26e-05	2.26e-05	2.26e-05	2.26e-05	
Num Msgs 8
SizeMsgs 32
4.51e-05	4.51e-05	4.51e-05	4.51e-05	
Num Msgs 16
SizeMsgs 32
9.01e-05	9.02e-05	9.08e-05	9.06e-05	
Num Msgs 32
SizeMsgs 32
1.82e-04	1.81e-04	1.82e-04	1.81e-04	

Num Msgs 1
SizeMsgs 64
6.55e-06	6.53e-06	6.55e-06	6.55e-06	
Num Msgs 2
SizeMsgs 64
1.14e-05	1.14e-05	1.14e-05	1.13e-05	
Num Msgs 4
SizeMsgs 64
2.30e-05	2.30e-05	2.30e-05	2.30e-05	
Num Msgs 8
SizeMsgs 64
4.66e-05	4.65e-05	4.67e-05	4.67e-05	
Num Msgs 16
SizeMsgs 64
9.04e-05	9.05e-05	9.11e-05	9.03e-05	
Num Msgs 32
SizeMsgs 64
1.83e-04	1.82e-04	1.82e-04	1.85e-04	
Num Msgs 64
SizeMsgs 64
3.64e-04	3.65e-04	3.64e-04	3.64e-04	

Num Msgs 1
SizeMsgs 128
1.10e-05	1.12e-05	1.11e-05	1.12e-05	
Num Msgs 2
SizeMsgs 128
1.31e-05	1.31e-05	1.31e-05	1.31e-05	
Num Msgs 4
SizeMsgs 128
2.38e-05	2.38e-05	2.38e-05	2.39e-05	
Num Msgs 8
SizeMsgs 128
4.75e-05	4.75e-05	4.75e-05	4.75e-05	
Num Msgs 16
SizeMsgs 128
9.39e-05	9.39e-05	9.36e-05	9.40e-05	
Num Msgs 32
SizeMsgs 128
1.83e-04	1.84e-04	1.83e-04	1.83e-04	
Num Msgs 64
SizeMsgs 128
3.66e-04	3.66e-04	3.65e-04	3.66e-04	
Num Msgs 128
SizeMsgs 128
7.25e-04	7.30e-04	7.27e-04	7.31e-04	

Num Msgs 1
SizeMsgs 256
2.57e-05	2.59e-05	2.61e-05	2.62e-05	
Num Msgs 2
SizeMsgs 256
2.21e-05	2.20e-05	2.20e-05	2.20e-05	
Num Msgs 4
SizeMsgs 256
2.75e-05	2.75e-05	2.74e-05	2.75e-05	
Num Msgs 8
SizeMsgs 256
4.98e-05	4.99e-05	4.98e-05	5.00e-05	
Num Msgs 16
SizeMsgs 256
9.51e-05	9.52e-05	9.54e-05	9.52e-05	
Num Msgs 32
SizeMsgs 256
1.90e-04	1.90e-04	1.90e-04	1.89e-04	
Num Msgs 64
SizeMsgs 256
3.67e-04	3.67e-04	3.67e-04	3.68e-04	
Num Msgs 128
SizeMsgs 256
7.27e-04	7.27e-04	7.29e-04	7.29e-04	
Num Msgs 256
SizeMsgs 256
1.49e-03	1.49e-03	1.48e-03	1.49e-03	

Num Msgs 1
SizeMsgs 512
5.17e-05	5.13e-05	5.17e-05	5.22e-05	
Num Msgs 2
SizeMsgs 512
5.47e-05	5.45e-05	5.49e-05	5.46e-05	
Num Msgs 4
SizeMsgs 512
4.56e-05	4.56e-05	4.59e-05	4.58e-05	
Num Msgs 8
SizeMsgs 512
5.69e-05	5.69e-05	5.71e-05	5.69e-05	
Num Msgs 16
SizeMsgs 512
1.02e-04	1.03e-04	1.02e-04	1.02e-04	
Num Msgs 32
SizeMsgs 512
1.95e-04	1.95e-04	1.95e-04	1.95e-04	
Num Msgs 64
SizeMsgs 512
3.81e-04	3.82e-04	3.82e-04	3.82e-04	
Num Msgs 128
SizeMsgs 512
7.32e-04	7.36e-04	7.33e-04	7.34e-04	
Num Msgs 256
SizeMsgs 512
1.50e-03	1.49e-03	1.50e-03	1.49e-03	
Num Msgs 512
SizeMsgs 512
4.17e-03	4.20e-03	4.17e-03	4.17e-03	

Num Msgs 1
SizeMsgs 1024
1.35e-04	1.35e-04	1.35e-04	1.34e-04	
Num Msgs 2
SizeMsgs 1024
1.06e-04	1.06e-04	1.06e-04	1.06e-04	
Num Msgs 4
SizeMsgs 1024
1.30e-04	1.30e-04	1.30e-04	1.30e-04	
Num Msgs 8
SizeMsgs 1024
1.01e-04	1.01e-04	1.01e-04	1.01e-04	
Num Msgs 16
SizeMsgs 1024
1.19e-04	1.21e-04	1.20e-04	1.20e-04	
Num Msgs 32
SizeMsgs 1024
2.12e-04	2.13e-04	2.12e-04	2.13e-04	
Num Msgs 64
SizeMsgs 1024
3.94e-04	3.95e-04	3.95e-04	3.93e-04	
Num Msgs 128
SizeMsgs 1024
7.56e-04	7.56e-04	7.56e-04	7.61e-04	
Num Msgs 256
SizeMsgs 1024
1.50e-03	1.50e-03	1.50e-03	1.50e-03	
Num Msgs 512
SizeMsgs 1024
4.17e-03	4.20e-03	4.19e-03	4.18e-03	
Num Msgs 1024
SizeMsgs 1024
1.51e-02	1.40e-02	1.51e-02	1.40e-02	

Num Msgs 1
SizeMsgs 2048
1.79e-04	1.79e-04	1.79e-04	1.79e-04	
Num Msgs 2
SizeMsgs 2048
2.73e-04	2.74e-04	2.74e-04	2.73e-04	
Num Msgs 4
SizeMsgs 2048
2.33e-04	2.33e-04	2.33e-04	2.31e-04	
Num Msgs 8
SizeMsgs 2048
2.81e-04	2.78e-04	2.81e-04	2.78e-04	
Num Msgs 16
SizeMsgs 2048
2.16e-04	2.20e-04	2.20e-04	2.22e-04	
Num Msgs 32
SizeMsgs 2048
2.50e-04	2.52e-04	2.52e-04	2.50e-04	
Num Msgs 64
SizeMsgs 2048
4.30e-04	4.31e-04	4.29e-04	4.28e-04	
Num Msgs 128
SizeMsgs 2048
7.74e-04	7.75e-04	7.74e-04	7.82e-04	
Num Msgs 256
SizeMsgs 2048
1.54e-03	1.54e-03	1.54e-03	1.55e-03	
Num Msgs 512
SizeMsgs 2048
4.20e-03	4.19e-03	4.20e-03	4.20e-03	
Num Msgs 1024
SizeMsgs 2048
1.51e-02	1.40e-02	1.51e-02	1.40e-02	
Num Msgs 2048
SizeMsgs 2048
5.68e-02	5.22e-02	5.65e-02	5.21e-02	

Num Msgs 1
SizeMsgs 4096
3.63e-04	3.63e-04	3.62e-04	3.62e-04	
Num Msgs 2
SizeMsgs 4096
3.70e-04	3.69e-04	3.69e-04	3.70e-04	
Num Msgs 4
SizeMsgs 4096
5.52e-04	5.51e-04	5.51e-04	5.50e-04	
Num Msgs 8
SizeMsgs 4096
4.81e-04	4.76e-04	4.78e-04	4.78e-04	
Num Msgs 16
SizeMsgs 4096
5.29e-04	5.42e-04	6.06e-04	5.79e-04	
Num Msgs 32
SizeMsgs 4096
4.45e-04	4.39e-04	4.41e-04	4.40e-04	
Num Msgs 64
SizeMsgs 4096
5.18e-04	5.19e-04	5.22e-04	5.18e-04	
Num Msgs 128
SizeMsgs 4096
9.07e-04	9.07e-04	9.08e-04	9.08e-04	
Num Msgs 256
SizeMsgs 4096
1.59e-03	1.58e-03	1.59e-03	1.59e-03	
Num Msgs 512
SizeMsgs 4096
4.23e-03	4.22e-03	4.22e-03	4.23e-03	
Num Msgs 1024
SizeMsgs 4096
1.52e-02	1.41e-02	1.51e-02	1.41e-02	
Num Msgs 2048
SizeMsgs 4096
5.69e-02	5.23e-02	5.67e-02	5.22e-02	
Num Msgs 4096
SizeMsgs 4096
2.22e-01	2.03e-01	2.21e-01	2.03e-01	

Num Msgs 1
SizeMsgs 8192
7.30e-04	7.30e-04	7.30e-04	7.31e-04	
Num Msgs 2
SizeMsgs 8192
7.36e-04	7.36e-04	7.36e-04	7.36e-04	
Num Msgs 4
SizeMsgs 8192
7.50e-04	7.50e-04	7.50e-04	7.50e-04	
Num Msgs 8
SizeMsgs 8192
1.12e-03	1.12e-03	1.12e-03	1.12e-03	
Num Msgs 16
SizeMsgs 8192
9.86e-04	1.01e-03	1.04e-03	1.08e-03	
Num Msgs 32
SizeMsgs 8192
1.14e-03	1.16e-03	1.21e-03	1.10e-03	
Num Msgs 64
SizeMsgs 8192
8.96e-04	9.01e-04	8.96e-04	9.02e-04	
Num Msgs 128
SizeMsgs 8192
1.16e-03	1.15e-03	1.18e-03	1.16e-03	
Num Msgs 256
SizeMsgs 8192
1.86e-03	1.85e-03	1.83e-03	1.84e-03	
Num Msgs 512
SizeMsgs 8192
4.26e-03	4.25e-03	4.26e-03	4.29e-03	
Num Msgs 1024
SizeMsgs 8192
1.52e-02	1.41e-02	1.52e-02	1.41e-02	
Num Msgs 2048
SizeMsgs 8192
5.70e-02	5.22e-02	5.73e-02	5.23e-02	
Num Msgs 4096
SizeMsgs 8192
2.22e-01	2.04e-01	2.21e-01	2.03e-01	
Num Msgs 8192
SizeMsgs 8192
9.90e-01	9.08e-01	9.90e-01	9.08e-01	

Num Msgs 1
SizeMsgs 16384
1.47e-03	1.47e-03	1.47e-03	1.47e-03	
Num Msgs 2
SizeMsgs 16384
1.47e-03	1.47e-03	1.47e-03	1.47e-03	
Num Msgs 4
SizeMsgs 16384
1.49e-03	1.49e-03	1.49e-03	1.49e-03	
Num Msgs 8
SizeMsgs 16384
1.52e-03	1.52e-03	1.52e-03	1.52e-03	
Num Msgs 16
SizeMsgs 16384
2.24e-03	2.26e-03	2.24e-03	2.24e-03	
Num Msgs 32
SizeMsgs 16384
2.06e-03	2.09e-03	2.05e-03	2.05e-03	
Num Msgs 64
SizeMsgs 16384
2.33e-03	2.28e-03	2.20e-03	2.19e-03	
Num Msgs 128
SizeMsgs 16384
2.14e-03	2.23e-03	2.17e-03	2.09e-03	
Num Msgs 256
SizeMsgs 16384
2.41e-03	2.40e-03	2.34e-03	2.40e-03	
Num Msgs 512
SizeMsgs 16384
4.73e-03	4.66e-03	4.65e-03	4.67e-03	
Num Msgs 1024
SizeMsgs 16384
1.53e-02	1.42e-02	1.52e-02	1.42e-02	
Num Msgs 2048
SizeMsgs 16384
5.69e-02	5.23e-02	5.69e-02	5.23e-02	
Num Msgs 4096
SizeMsgs 16384
2.22e-01	2.03e-01	2.22e-01	2.03e-01	
Num Msgs 8192
SizeMsgs 16384
9.90e-01	9.08e-01	9.90e-01	9.08e-01	
Num Msgs 16384
SizeMsgs 16384
4.81e+00	4.33e+00	4.81e+00	4.33e+00	

Num Msgs 1
SizeMsgs 32768
2.94e-03	2.94e-03	2.94e-03	2.94e-03	
Num Msgs 2
SizeMsgs 32768
2.95e-03	2.95e-03	2.95e-03	2.95e-03	
Num Msgs 4
SizeMsgs 32768
2.96e-03	2.96e-03	2.96e-03	2.96e-03	
Num Msgs 8
SizeMsgs 32768
2.99e-03	2.99e-03	3.00e-03	2.99e-03	
Num Msgs 16
SizeMsgs 32768
3.06e-03	3.06e-03	3.07e-03	3.07e-03	
Num Msgs 32
SizeMsgs 32768
4.54e-03	4.46e-03	4.56e-03	4.60e-03	
Num Msgs 64
SizeMsgs 32768
4.26e-03	4.36e-03	4.32e-03	4.29e-03	
Num Msgs 128
SizeMsgs 32768
6.02e-03	5.22e-03	5.25e-03	5.82e-03	
Num Msgs 256
SizeMsgs 32768
4.18e-03	4.24e-03	4.12e-03	4.22e-03	
Num Msgs 512
SizeMsgs 32768
6.34e-03	6.32e-03	6.35e-03	6.32e-03	
Num Msgs 1024
SizeMsgs 32768
1.58e-02	1.48e-02	1.57e-02	1.47e-02	
Num Msgs 2048
SizeMsgs 32768
5.71e-02	5.24e-02	5.69e-02	5.24e-02	
Num Msgs 4096
SizeMsgs 32768
2.23e-01	2.03e-01	2.22e-01	2.03e-01	
Num Msgs 8192
SizeMsgs 32768
9.91e-01	9.09e-01	9.91e-01	9.09e-01	
Num Msgs 16384
SizeMsgs 32768
4.81e+00	4.33e+00	4.81e+00	4.33e+00	

Num Msgs 1
SizeMsgs 65536
5.89e-03	5.89e-03	5.89e-03	5.89e-03	
Num Msgs 2
SizeMsgs 65536
5.90e-03	5.90e-03	5.90e-03	5.90e-03	
Num Msgs 4
SizeMsgs 65536
5.91e-03	5.91e-03	5.91e-03	5.91e-03	
Num Msgs 8
SizeMsgs 65536
5.94e-03	5.94e-03	5.94e-03	5.94e-03	
Num Msgs 16
SizeMsgs 65536
6.01e-03	6.01e-03	6.01e-03	6.01e-03	
Num Msgs 32
SizeMsgs 65536
6.15e-03	6.16e-03	6.15e-03	6.15e-03	
Num Msgs 64
SizeMsgs 65536
9.12e-03	9.17e-03	9.08e-03	9.30e-03	
Num Msgs 128
SizeMsgs 65536
9.15e-03	9.71e-03	9.37e-03	9.19e-03	
Num Msgs 256
SizeMsgs 65536
1.02e-02	1.15e-02	1.02e-02	1.14e-02	
Num Msgs 512
SizeMsgs 65536
8.36e-03	8.57e-03	8.27e-03	8.26e-03	
Num Msgs 1024
SizeMsgs 65536
1.74e-02	1.65e-02	1.74e-02	1.65e-02	
Num Msgs 2048
SizeMsgs 65536
5.75e-02	5.31e-02	5.74e-02	5.30e-02	
Num Msgs 4096
SizeMsgs 65536
2.22e-01	2.04e-01	2.22e-01	2.04e-01	
Num Msgs 8192
SizeMsgs 65536
9.91e-01	9.09e-01	9.91e-01	9.10e-01	
Num Msgs 16384
SizeMsgs 65536
4.81e+00	4.33e+00	4.81e+00	4.33e+00	
Pingpong for
master:  0, 1, 2, 3, 4, 5, 6, 7, 8, 9, 10, 11, 12, 13, 14, 15, 16, 17, 18, 19, 20, 21, 22, 23, 24, 25, 26, 27, 28, 29, 30, 31, 32, 33, 34, 35, 36, 37, 38, 39, 40, 41, 42, 43, 44, 45, 46, 47, 48, 49, 50, 51, 52, 53, 54, 55, 56, 57, 58, 59, 60, 61, 62, 63, 64, 65, 66, 67, 68, 69, 70, 71, 72, 73, 74, 75, 76, 77, 78, 79, 80, 81, 82, 83, 84, 85, 86, 87, 88, 89, 90, 91, 92, 93, 94, 95, 96, 97, 98, 99, 100, 101, 102, 103, 104, 105, 106, 107, 108, 109, 110, 111, 112, 113, 114, 115, 116, 117, 118, 119, 120, 121, 122, 123, 124, 125, 126, 127
partner: 128, 129, 130, 131, 132, 133, 134, 135, 136, 137, 138, 139, 140, 141, 142, 143, 144, 145, 146, 147, 148, 149, 150, 151, 152, 153, 154, 155, 156, 157, 158, 159, 160, 161, 162, 163, 164, 165, 166, 167, 168, 169, 170, 171, 172, 173, 174, 175, 176, 177, 178, 179, 180, 181, 182, 183, 184, 185, 186, 187, 188, 189, 190, 191, 192, 193, 194, 195, 196, 197, 198, 199, 200, 201, 202, 203, 204, 205, 206, 207, 208, 209, 210, 211, 212, 213, 214, 215, 216, 217, 218, 219, 220, 221, 222, 223, 224, 225, 226, 227, 228, 229, 230, 231, 232, 233, 234, 235, 236, 237, 238, 239, 240, 241, 242, 243, 244, 245, 246, 247, 248, 249, 250, 251, 252, 253, 254, 255

Num Msgs 1
SizeMsgs 1
4.49e-06	4.49e-06	4.48e-06	4.48e-06	

Num Msgs 1
SizeMsgs 2
4.50e-06	4.51e-06	4.50e-06	4.51e-06	
Num Msgs 2
SizeMsgs 2
1.03e-05	1.03e-05	1.03e-05	1.03e-05	

Num Msgs 1
SizeMsgs 4
4.55e-06	4.55e-06	4.56e-06	4.55e-06	
Num Msgs 2
SizeMsgs 4
1.04e-05	1.04e-05	1.04e-05	1.03e-05	
Num Msgs 4
SizeMsgs 4
2.20e-05	2.20e-05	2.20e-05	2.20e-05	

Num Msgs 1
SizeMsgs 8
4.68e-06	4.69e-06	4.69e-06	4.70e-06	
Num Msgs 2
SizeMsgs 8
1.05e-05	1.05e-05	1.05e-05	1.05e-05	
Num Msgs 4
SizeMsgs 8
2.21e-05	2.21e-05	2.21e-05	2.20e-05	
Num Msgs 8
SizeMsgs 8
4.49e-05	4.48e-05	4.48e-05	4.49e-05	

Num Msgs 1
SizeMsgs 16
4.73e-06	4.77e-06	4.78e-06	4.77e-06	
Num Msgs 2
SizeMsgs 16
1.07e-05	1.07e-05	1.07e-05	1.07e-05	
Num Msgs 4
SizeMsgs 16
2.21e-05	2.21e-05	2.21e-05	2.21e-05	
Num Msgs 8
SizeMsgs 16
4.50e-05	4.50e-05	4.50e-05	4.50e-05	
Num Msgs 16
SizeMsgs 16
9.00e-05	8.98e-05	9.00e-05	8.99e-05	

Num Msgs 1
SizeMsgs 32
4.99e-06	4.99e-06	5.00e-06	5.01e-06	
Num Msgs 2
SizeMsgs 32
1.08e-05	1.08e-05	1.08e-05	1.08e-05	
Num Msgs 4
SizeMsgs 32
2.27e-05	2.27e-05	2.27e-05	2.27e-05	
Num Msgs 8
SizeMsgs 32
4.51e-05	4.52e-05	4.51e-05	4.52e-05	
Num Msgs 16
SizeMsgs 32
9.01e-05	9.01e-05	9.02e-05	9.03e-05	
Num Msgs 32
SizeMsgs 32
1.82e-04	1.82e-04	1.82e-04	1.82e-04	

Num Msgs 1
SizeMsgs 64
6.51e-06	6.53e-06	6.57e-06	6.56e-06	
Num Msgs 2
SizeMsgs 64
1.13e-05	1.13e-05	1.13e-05	1.14e-05	
Num Msgs 4
SizeMsgs 64
2.30e-05	2.30e-05	2.30e-05	2.30e-05	
Num Msgs 8
SizeMsgs 64
4.68e-05	4.68e-05	4.67e-05	4.67e-05	
Num Msgs 16
SizeMsgs 64
9.05e-05	9.04e-05	9.07e-05	9.04e-05	
Num Msgs 32
SizeMsgs 64
1.83e-04	1.82e-04	1.82e-04	1.82e-04	
Num Msgs 64
SizeMsgs 64
3.65e-04	3.71e-04	3.65e-04	3.65e-04	

Num Msgs 1
SizeMsgs 128
1.09e-05	1.09e-05	1.11e-05	1.12e-05	
Num Msgs 2
SizeMsgs 128
1.31e-05	1.31e-05	1.31e-05	1.31e-05	
Num Msgs 4
SizeMsgs 128
2.38e-05	2.38e-05	2.38e-05	2.38e-05	
Num Msgs 8
SizeMsgs 128
4.75e-05	4.75e-05	4.75e-05	4.75e-05	
Num Msgs 16
SizeMsgs 128
9.40e-05	9.40e-05	9.43e-05	9.41e-05	
Num Msgs 32
SizeMsgs 128
1.84e-04	1.84e-04	1.83e-04	1.83e-04	
Num Msgs 64
SizeMsgs 128
3.67e-04	3.65e-04	3.67e-04	3.65e-04	
Num Msgs 128
SizeMsgs 128
7.25e-04	7.27e-04	7.28e-04	7.28e-04	

Num Msgs 1
SizeMsgs 256
2.61e-05	2.57e-05	2.57e-05	2.58e-05	
Num Msgs 2
SizeMsgs 256
2.20e-05	2.20e-05	2.20e-05	2.19e-05	
Num Msgs 4
SizeMsgs 256
2.75e-05	2.74e-05	2.75e-05	2.74e-05	
Num Msgs 8
SizeMsgs 256
5.00e-05	5.00e-05	4.98e-05	4.99e-05	
Num Msgs 16
SizeMsgs 256
9.53e-05	9.57e-05	9.60e-05	9.55e-05	
Num Msgs 32
SizeMsgs 256
1.90e-04	1.90e-04	1.89e-04	1.90e-04	
Num Msgs 64
SizeMsgs 256
3.68e-04	3.67e-04	3.68e-04	3.68e-04	
Num Msgs 128
SizeMsgs 256
7.30e-04	7.29e-04	7.28e-04	7.33e-04	
Num Msgs 256
SizeMsgs 256
1.50e-03	1.49e-03	1.49e-03	1.49e-03	

Num Msgs 1
SizeMsgs 512
5.17e-05	5.22e-05	5.25e-05	5.12e-05	
Num Msgs 2
SizeMsgs 512
5.46e-05	5.45e-05	5.48e-05	5.47e-05	
Num Msgs 4
SizeMsgs 512
4.58e-05	4.58e-05	4.59e-05	4.58e-05	
Num Msgs 8
SizeMsgs 512
5.71e-05	5.70e-05	5.70e-05	5.71e-05	
Num Msgs 16
SizeMsgs 512
1.02e-04	1.02e-04	1.02e-04	1.03e-04	
Num Msgs 32
SizeMsgs 512
1.94e-04	1.94e-04	1.94e-04	1.95e-04	
Num Msgs 64
SizeMsgs 512
3.80e-04	3.81e-04	3.81e-04	3.81e-04	
Num Msgs 128
SizeMsgs 512
7.31e-04	7.32e-04	7.32e-04	7.35e-04	
Num Msgs 256
SizeMsgs 512
1.49e-03	1.52e-03	1.50e-03	1.50e-03	
Num Msgs 512
SizeMsgs 512
4.17e-03	4.17e-03	4.17e-03	4.20e-03	

Num Msgs 1
SizeMsgs 1024
1.35e-04	1.35e-04	1.34e-04	1.34e-04	
Num Msgs 2
SizeMsgs 1024
1.06e-04	1.06e-04	1.06e-04	1.06e-04	
Num Msgs 4
SizeMsgs 1024
1.30e-04	1.30e-04	1.33e-04	1.29e-04	
Num Msgs 8
SizeMsgs 1024
1.01e-04	1.01e-04	1.01e-04	1.01e-04	
Num Msgs 16
SizeMsgs 1024
1.20e-04	1.22e-04	1.21e-04	1.21e-04	
Num Msgs 32
SizeMsgs 1024
2.13e-04	2.13e-04	2.12e-04	2.14e-04	
Num Msgs 64
SizeMsgs 1024
3.93e-04	3.94e-04	3.94e-04	3.94e-04	
Num Msgs 128
SizeMsgs 1024
7.56e-04	7.57e-04	7.58e-04	7.55e-04	
Num Msgs 256
SizeMsgs 1024
1.50e-03	1.50e-03	1.50e-03	1.50e-03	
Num Msgs 512
SizeMsgs 1024
4.18e-03	4.20e-03	4.21e-03	4.18e-03	
Num Msgs 1024
SizeMsgs 1024
1.51e-02	1.41e-02	1.51e-02	1.40e-02	

Num Msgs 1
SizeMsgs 2048
1.79e-04	1.79e-04	1.79e-04	1.79e-04	
Num Msgs 2
SizeMsgs 2048
2.74e-04	2.74e-04	2.73e-04	2.73e-04	
Num Msgs 4
SizeMsgs 2048
2.31e-04	2.31e-04	2.33e-04	2.33e-04	
Num Msgs 8
SizeMsgs 2048
2.82e-04	2.81e-04	2.82e-04	2.79e-04	
Num Msgs 16
SizeMsgs 2048
2.20e-04	2.18e-04	2.19e-04	2.22e-04	
Num Msgs 32
SizeMsgs 2048
2.51e-04	2.52e-04	2.49e-04	2.50e-04	
Num Msgs 64
SizeMsgs 2048
4.25e-04	4.29e-04	4.29e-04	4.27e-04	
Num Msgs 128
SizeMsgs 2048
7.76e-04	7.73e-04	7.73e-04	7.79e-04	
Num Msgs 256
SizeMsgs 2048
1.53e-03	1.54e-03	1.54e-03	1.54e-03	
Num Msgs 512
SizeMsgs 2048
4.22e-03	4.20e-03	4.19e-03	4.21e-03	
Num Msgs 1024
SizeMsgs 2048
1.51e-02	1.40e-02	1.51e-02	1.40e-02	
Num Msgs 2048
SizeMsgs 2048
5.69e-02	5.21e-02	5.67e-02	5.21e-02	

Num Msgs 1
SizeMsgs 4096
3.63e-04	3.63e-04	3.63e-04	3.63e-04	
Num Msgs 2
SizeMsgs 4096
3.70e-04	3.70e-04	3.70e-04	3.69e-04	
Num Msgs 4
SizeMsgs 4096
5.53e-04	5.52e-04	5.51e-04	5.50e-04	
Num Msgs 8
SizeMsgs 4096
4.81e-04	4.75e-04	4.80e-04	4.82e-04	
Num Msgs 16
SizeMsgs 4096
5.85e-04	5.56e-04	6.22e-04	5.63e-04	
Num Msgs 32
SizeMsgs 4096
4.47e-04	4.52e-04	4.45e-04	4.50e-04	
Num Msgs 64
SizeMsgs 4096
5.20e-04	5.14e-04	5.16e-04	5.14e-04	
Num Msgs 128
SizeMsgs 4096
9.06e-04	9.07e-04	9.07e-04	9.03e-04	
Num Msgs 256
SizeMsgs 4096
1.63e-03	1.58e-03	1.58e-03	1.59e-03	
Num Msgs 512
SizeMsgs 4096
4.23e-03	4.23e-03	4.22e-03	4.23e-03	
Num Msgs 1024
SizeMsgs 4096
1.52e-02	1.41e-02	1.52e-02	1.41e-02	
Num Msgs 2048
SizeMsgs 4096
5.70e-02	5.22e-02	5.68e-02	5.22e-02	
Num Msgs 4096
SizeMsgs 4096
2.22e-01	2.03e-01	2.22e-01	2.04e-01	

Num Msgs 1
SizeMsgs 8192
7.30e-04	7.30e-04	7.31e-04	7.30e-04	
Num Msgs 2
SizeMsgs 8192
7.36e-04	7.36e-04	7.36e-04	7.36e-04	
Num Msgs 4
SizeMsgs 8192
7.50e-04	7.51e-04	7.50e-04	7.51e-04	
Num Msgs 8
SizeMsgs 8192
1.12e-03	1.12e-03	1.12e-03	1.12e-03	
Num Msgs 16
SizeMsgs 8192
9.97e-04	1.02e-03	1.03e-03	1.02e-03	
Num Msgs 32
SizeMsgs 8192
1.18e-03	1.12e-03	1.11e-03	1.10e-03	
Num Msgs 64
SizeMsgs 8192
8.95e-04	9.13e-04	9.15e-04	8.93e-04	
Num Msgs 128
SizeMsgs 8192
1.14e-03	1.15e-03	1.14e-03	1.15e-03	
Num Msgs 256
SizeMsgs 8192
1.85e-03	1.84e-03	1.84e-03	1.83e-03	
Num Msgs 512
SizeMsgs 8192
4.27e-03	4.26e-03	4.26e-03	4.26e-03	
Num Msgs 1024
SizeMsgs 8192
1.53e-02	1.41e-02	1.53e-02	1.41e-02	
Num Msgs 2048
SizeMsgs 8192
5.74e-02	5.24e-02	5.70e-02	5.23e-02	
Num Msgs 4096
SizeMsgs 8192
2.22e-01	2.03e-01	2.22e-01	2.03e-01	
Num Msgs 8192
SizeMsgs 8192
9.90e-01	9.08e-01	9.89e-01	9.08e-01	

Num Msgs 1
SizeMsgs 16384
1.47e-03	1.47e-03	1.47e-03	1.47e-03	
Num Msgs 2
SizeMsgs 16384
1.47e-03	1.47e-03	1.47e-03	1.47e-03	
Num Msgs 4
SizeMsgs 16384
1.49e-03	1.49e-03	1.49e-03	1.49e-03	
Num Msgs 8
SizeMsgs 16384
1.52e-03	1.53e-03	1.52e-03	1.52e-03	
Num Msgs 16
SizeMsgs 16384
2.23e-03	2.24e-03	2.23e-03	2.24e-03	
Num Msgs 32
SizeMsgs 16384
2.06e-03	2.10e-03	2.09e-03	2.08e-03	
Num Msgs 64
SizeMsgs 16384
2.17e-03	2.44e-03	2.31e-03	2.31e-03	
Num Msgs 128
SizeMsgs 16384
2.09e-03	2.25e-03	2.06e-03	2.27e-03	
Num Msgs 256
SizeMsgs 16384
2.36e-03	2.37e-03	2.34e-03	2.40e-03	
Num Msgs 512
SizeMsgs 16384
4.69e-03	4.68e-03	4.69e-03	4.67e-03	
Num Msgs 1024
SizeMsgs 16384
1.54e-02	1.42e-02	1.53e-02	1.42e-02	
Num Msgs 2048
SizeMsgs 16384
5.74e-02	5.24e-02	5.71e-02	5.24e-02	
Num Msgs 4096
SizeMsgs 16384
2.23e-01	2.03e-01	2.22e-01	2.03e-01	
Num Msgs 8192
SizeMsgs 16384
9.90e-01	9.08e-01	9.90e-01	9.08e-01	
Num Msgs 16384
SizeMsgs 16384
4.80e+00	4.33e+00	4.80e+00	4.33e+00	

Num Msgs 1
SizeMsgs 32768
2.94e-03	2.94e-03	2.94e-03	2.94e-03	
Num Msgs 2
SizeMsgs 32768
2.95e-03	2.95e-03	2.95e-03	2.95e-03	
Num Msgs 4
SizeMsgs 32768
2.96e-03	2.96e-03	2.96e-03	2.96e-03	
Num Msgs 8
SizeMsgs 32768
2.99e-03	2.99e-03	2.99e-03	2.99e-03	
Num Msgs 16
SizeMsgs 32768
3.07e-03	3.06e-03	3.07e-03	3.07e-03	
Num Msgs 32
SizeMsgs 32768
4.41e-03	4.57e-03	4.55e-03	4.54e-03	
Num Msgs 64
SizeMsgs 32768
4.28e-03	4.28e-03	4.23e-03	4.24e-03	
Num Msgs 128
SizeMsgs 32768
5.63e-03	5.90e-03	5.78e-03	5.53e-03	
Num Msgs 256
SizeMsgs 32768
4.27e-03	4.24e-03	4.11e-03	4.48e-03	
Num Msgs 512
SizeMsgs 32768
6.36e-03	6.33e-03	6.35e-03	6.34e-03	
Num Msgs 1024
SizeMsgs 32768
1.59e-02	1.48e-02	1.58e-02	1.48e-02	
Num Msgs 2048
SizeMsgs 32768
5.76e-02	5.25e-02	5.72e-02	5.24e-02	
Num Msgs 4096
SizeMsgs 32768
2.23e-01	2.04e-01	2.23e-01	2.04e-01	
Num Msgs 8192
SizeMsgs 32768
9.90e-01	9.09e-01	9.90e-01	9.09e-01	
Num Msgs 16384
SizeMsgs 32768
4.80e+00	4.33e+00	4.81e+00	4.33e+00	

Num Msgs 1
SizeMsgs 65536
5.89e-03	5.89e-03	5.89e-03	5.89e-03	
Num Msgs 2
SizeMsgs 65536
5.90e-03	5.90e-03	5.90e-03	5.90e-03	
Num Msgs 4
SizeMsgs 65536
5.91e-03	5.91e-03	5.91e-03	5.91e-03	
Num Msgs 8
SizeMsgs 65536
5.94e-03	5.94e-03	5.94e-03	5.94e-03	
Num Msgs 16
SizeMsgs 65536
6.03e-03	5.99e-03	6.02e-03	6.01e-03	
Num Msgs 32
SizeMsgs 65536
6.14e-03	6.14e-03	6.13e-03	6.16e-03	
Num Msgs 64
SizeMsgs 65536
9.08e-03	9.03e-03	9.12e-03	9.07e-03	
Num Msgs 128
SizeMsgs 65536
9.20e-03	9.34e-03	9.49e-03	9.77e-03	
Num Msgs 256
SizeMsgs 65536
1.09e-02	1.05e-02	1.11e-02	1.08e-02	
Num Msgs 512
SizeMsgs 65536
8.40e-03	8.42e-03	8.44e-03	8.38e-03	
Num Msgs 1024
SizeMsgs 65536
1.74e-02	1.65e-02	1.74e-02	1.65e-02	
Num Msgs 2048
SizeMsgs 65536
5.78e-02	5.31e-02	5.76e-02	5.31e-02	
Num Msgs 4096
SizeMsgs 65536
2.23e-01	2.04e-01	2.23e-01	2.04e-01	
Num Msgs 8192
SizeMsgs 65536
9.91e-01	9.09e-01	9.91e-01	9.09e-01	
Num Msgs 16384
SizeMsgs 65536
4.81e+00	4.33e+00	4.81e+00	4.33e+00	

Pingpong for
master:  0, 1, 2, 3, 4, 5, 6, 7, 8, 9, 10, 11, 12, 13, 14, 15, 16, 17, 18, 19, 20, 21, 22, 23, 24, 25, 26, 27, 28, 29, 30, 31, 32, 33, 34, 35, 36, 37, 38, 39, 40, 41, 42, 43, 44, 45, 46, 47, 48, 49, 50, 51, 52, 53, 54, 55, 56, 57, 58, 59, 60, 61, 62, 63, 64, 65, 66, 67, 68, 69, 70, 71, 72, 73, 74, 75, 76, 77, 78, 79, 80, 81, 82, 83, 84, 85, 86, 87, 88, 89, 90, 91, 92, 93, 94, 95, 96, 97, 98, 99, 100, 101, 102, 103, 104, 105, 106, 107, 108, 109, 110, 111, 112, 113, 114, 115, 116, 117, 118, 119, 120, 121, 122, 123, 124, 125, 126, 127
partner: 128, 129, 130, 131, 132, 133, 134, 135, 136, 137, 138, 139, 140, 141, 142, 143, 144, 145, 146, 147, 148, 149, 150, 151, 152, 153, 154, 155, 156, 157, 158, 159, 160, 161, 162, 163, 164, 165, 166, 167, 168, 169, 170, 171, 172, 173, 174, 175, 176, 177, 178, 179, 180, 181, 182, 183, 184, 185, 186, 187, 188, 189, 190, 191, 192, 193, 194, 195, 196, 197, 198, 199, 200, 201, 202, 203, 204, 205, 206, 207, 208, 209, 210, 211, 212, 213, 214, 215, 216, 217, 218, 219, 220, 221, 222, 223, 224, 225, 226, 227, 228, 229, 230, 231, 232, 233, 234, 235, 236, 237, 238, 239, 240, 241, 242, 243, 244, 245, 246, 247, 248, 249, 250, 251, 252, 253, 254, 255

Num Msgs 1
SizeMsgs 1
4.53e-06	4.51e-06	4.51e-06	4.51e-06	

Num Msgs 1
SizeMsgs 2
4.54e-06	4.54e-06	4.54e-06	4.54e-06	
Num Msgs 2
SizeMsgs 2
1.04e-05	1.04e-05	1.04e-05	1.04e-05	

Num Msgs 1
SizeMsgs 4
4.60e-06	4.60e-06	4.59e-06	4.59e-06	
Num Msgs 2
SizeMsgs 4
1.05e-05	1.05e-05	1.05e-05	1.05e-05	
Num Msgs 4
SizeMsgs 4
2.21e-05	2.21e-05	2.21e-05	2.21e-05	

Num Msgs 1
SizeMsgs 8
5.46e-06	5.47e-06	5.47e-06	5.46e-06	
Num Msgs 2
SizeMsgs 8
1.05e-05	1.05e-05	1.05e-05	1.05e-05	
Num Msgs 4
SizeMsgs 8
2.22e-05	2.22e-05	2.22e-05	2.22e-05	
Num Msgs 8
SizeMsgs 8
4.54e-05	4.54e-05	4.55e-05	4.55e-05	

Num Msgs 1
SizeMsgs 16
6.40e-06	6.49e-06	6.50e-06	6.56e-06	
Num Msgs 2
SizeMsgs 16
1.18e-05	1.18e-05	1.18e-05	1.18e-05	
Num Msgs 4
SizeMsgs 16
2.23e-05	2.23e-05	2.23e-05	2.23e-05	
Num Msgs 8
SizeMsgs 16
4.57e-05	4.57e-05	4.57e-05	4.56e-05	
Num Msgs 16
SizeMsgs 16
9.97e-05	9.11e-05	9.19e-05	9.14e-05	

Num Msgs 1
SizeMsgs 32
9.78e-06	9.90e-06	9.74e-06	9.83e-06	
Num Msgs 2
SizeMsgs 32
1.25e-05	1.25e-05	1.25e-05	1.25e-05	
Num Msgs 4
SizeMsgs 32
2.49e-05	2.49e-05	2.50e-05	2.49e-05	
Num Msgs 8
SizeMsgs 32
4.58e-05	4.59e-05	4.59e-05	4.59e-05	
Num Msgs 16
SizeMsgs 32
9.22e-05	9.22e-05	9.37e-05	9.24e-05	
Num Msgs 32
SizeMsgs 32
1.89e-04	1.88e-04	1.88e-04	1.87e-04	

Num Msgs 1
SizeMsgs 64
1.76e-05	1.76e-05	1.76e-05	1.75e-05	
Num Msgs 2
SizeMsgs 64
1.91e-05	1.90e-05	1.92e-05	1.90e-05	
Num Msgs 4
SizeMsgs 64
2.60e-05	2.60e-05	2.60e-05	2.60e-05	
Num Msgs 8
SizeMsgs 64
5.09e-05	5.08e-05	5.08e-05	5.08e-05	
Num Msgs 16
SizeMsgs 64
9.23e-05	9.26e-05	9.28e-05	9.26e-05	
Num Msgs 32
SizeMsgs 64
1.90e-04	1.89e-04	1.89e-04	1.89e-04	
Num Msgs 64
SizeMsgs 64
3.77e-04	3.78e-04	3.78e-04	3.78e-04	

Num Msgs 1
SizeMsgs 128
3.13e-05	3.13e-05	3.13e-05	3.12e-05	
Num Msgs 2
SizeMsgs 128
3.39e-05	3.34e-05	3.36e-05	3.38e-05	
Num Msgs 4
SizeMsgs 128
3.70e-05	3.71e-05	3.70e-05	3.72e-05	
Num Msgs 8
SizeMsgs 128
5.33e-05	5.32e-05	5.31e-05	5.33e-05	
Num Msgs 16
SizeMsgs 128
1.04e-04	1.04e-04	1.04e-04	1.04e-04	
Num Msgs 32
SizeMsgs 128
1.89e-04	1.89e-04	1.90e-04	1.90e-04	
Num Msgs 64
SizeMsgs 128
3.79e-04	3.79e-04	3.82e-04	3.81e-04	
Num Msgs 128
SizeMsgs 128
7.60e-04	7.62e-04	7.63e-04	7.63e-04	

Num Msgs 1
SizeMsgs 256
5.78e-05	5.69e-05	5.78e-05	5.83e-05	
Num Msgs 2
SizeMsgs 256
6.26e-05	6.26e-05	6.26e-05	6.25e-05	
Num Msgs 4
SizeMsgs 256
6.57e-05	6.57e-05	6.57e-05	6.56e-05	
Num Msgs 8
SizeMsgs 256
7.77e-05	7.75e-05	7.80e-05	7.79e-05	
Num Msgs 16
SizeMsgs 256
1.16e-04	1.19e-04	1.08e-04	1.19e-04	
Num Msgs 32
SizeMsgs 256
2.15e-04	2.12e-04	2.12e-04	2.12e-04	
Num Msgs 64
SizeMsgs 256
3.80e-04	3.79e-04	3.82e-04	3.79e-04	
Num Msgs 128
SizeMsgs 256
7.73e-04	7.77e-04	7.75e-04	7.73e-04	
Num Msgs 256
SizeMsgs 256
1.60e-03	1.61e-03	1.60e-03	1.60e-03	

Num Msgs 1
SizeMsgs 512
1.21e-04	1.22e-04	1.22e-04	1.21e-04	
Num Msgs 2
SizeMsgs 512
1.25e-04	1.25e-04	1.25e-04	1.25e-04	
Num Msgs 4
SizeMsgs 512
1.23e-04	1.24e-04	1.23e-04	1.23e-04	
Num Msgs 8
SizeMsgs 512
1.31e-04	1.31e-04	1.31e-04	1.31e-04	
Num Msgs 16
SizeMsgs 512
1.69e-04	1.77e-04	1.76e-04	1.73e-04	
Num Msgs 32
SizeMsgs 512
2.55e-04	2.41e-04	2.42e-04	2.45e-04	
Num Msgs 64
SizeMsgs 512
4.45e-04	4.40e-04	4.31e-04	4.47e-04	
Num Msgs 128
SizeMsgs 512
7.77e-04	7.75e-04	7.82e-04	7.75e-04	
Num Msgs 256
SizeMsgs 512
1.62e-03	1.61e-03	1.61e-03	1.62e-03	
Num Msgs 512
SizeMsgs 512
4.27e-03	4.27e-03	4.27e-03	4.28e-03	

Num Msgs 1
SizeMsgs 1024
2.70e-04	2.70e-04	2.70e-04	2.70e-04	
Num Msgs 2
SizeMsgs 1024
2.75e-04	2.75e-04	2.75e-04	2.75e-04	
Num Msgs 4
SizeMsgs 1024
3.23e-04	3.23e-04	3.22e-04	3.22e-04	
Num Msgs 8
SizeMsgs 1024
2.84e-04	2.84e-04	2.83e-04	2.84e-04	
Num Msgs 16
SizeMsgs 1024
3.02e-04	3.05e-04	3.11e-04	3.06e-04	
Num Msgs 32
SizeMsgs 1024
3.69e-04	3.75e-04	3.68e-04	3.74e-04	
Num Msgs 64
SizeMsgs 1024
4.77e-04	4.94e-04	4.94e-04	4.97e-04	
Num Msgs 128
SizeMsgs 1024
1.02e-03	1.05e-03	1.01e-03	1.05e-03	
Num Msgs 256
SizeMsgs 1024
1.62e-03	1.62e-03	1.62e-03	1.62e-03	
Num Msgs 512
SizeMsgs 1024
4.31e-03	4.31e-03	4.31e-03	4.31e-03	
Num Msgs 1024
SizeMsgs 1024
1.53e-02	1.41e-02	1.52e-02	1.42e-02	

Num Msgs 1
SizeMsgs 2048
5.00e-04	5.00e-04	5.00e-04	5.00e-04	
Num Msgs 2
SizeMsgs 2048
5.71e-04	5.71e-04	5.71e-04	5.71e-04	
Num Msgs 4
SizeMsgs 2048
5.88e-04	5.87e-04	5.87e-04	5.87e-04	
Num Msgs 8
SizeMsgs 2048
7.04e-04	7.03e-04	7.04e-04	7.03e-04	
Num Msgs 16
SizeMsgs 2048
6.01e-04	5.99e-04	5.99e-04	6.01e-04	
Num Msgs 32
SizeMsgs 2048
6.54e-04	6.44e-04	6.52e-04	6.54e-04	
Num Msgs 64
SizeMsgs 2048
7.74e-04	7.95e-04	7.98e-04	8.00e-04	
Num Msgs 128
SizeMsgs 2048
1.26e-03	1.25e-03	1.26e-03	1.26e-03	
Num Msgs 256
SizeMsgs 2048
2.14e-03	2.16e-03	2.14e-03	2.13e-03	
Num Msgs 512
SizeMsgs 2048
4.33e-03	4.34e-03	4.32e-03	4.32e-03	
Num Msgs 1024
SizeMsgs 2048
1.54e-02	1.42e-02	1.53e-02	1.44e-02	
Num Msgs 2048
SizeMsgs 2048
5.82e-02	5.23e-02	5.66e-02	5.23e-02	

Num Msgs 1
SizeMsgs 4096
9.68e-04	9.99e-04	9.72e-04	9.70e-04	
Num Msgs 2
SizeMsgs 4096
1.03e-03	1.03e-03	1.03e-03	1.03e-03	
Num Msgs 4
SizeMsgs 4096
1.18e-03	1.18e-03	1.18e-03	1.18e-03	
Num Msgs 8
SizeMsgs 4096
1.21e-03	1.22e-03	1.21e-03	1.21e-03	
Num Msgs 16
SizeMsgs 4096
1.42e-03	1.38e-03	1.43e-03	1.40e-03	
Num Msgs 32
SizeMsgs 4096
1.28e-03	1.25e-03	1.26e-03	1.26e-03	
Num Msgs 64
SizeMsgs 4096
1.37e-03	1.36e-03	1.36e-03	1.37e-03	
Num Msgs 128
SizeMsgs 4096
1.84e-03	1.85e-03	1.88e-03	2.02e-03	
Num Msgs 256
SizeMsgs 4096
2.66e-03	2.65e-03	2.60e-03	2.67e-03	
Num Msgs 512
SizeMsgs 4096
4.98e-03	4.97e-03	4.92e-03	4.99e-03	
Num Msgs 1024
SizeMsgs 4096
1.54e-02	1.43e-02	1.53e-02	1.44e-02	
Num Msgs 2048
SizeMsgs 4096
5.70e-02	5.25e-02	5.69e-02	5.25e-02	
Num Msgs 4096
SizeMsgs 4096
2.25e-01	2.03e-01	2.21e-01	2.03e-01	

Num Msgs 1
SizeMsgs 8192
1.89e-03	1.91e-03	1.92e-03	1.90e-03	
Num Msgs 2
SizeMsgs 8192
1.97e-03	2.05e-03	1.97e-03	2.02e-03	
Num Msgs 4
SizeMsgs 8192
2.10e-03	2.09e-03	2.10e-03	2.10e-03	
Num Msgs 8
SizeMsgs 8192
2.41e-03	2.41e-03	2.41e-03	2.41e-03	
Num Msgs 16
SizeMsgs 8192
2.47e-03	2.46e-03	2.47e-03	2.47e-03	
Num Msgs 32
SizeMsgs 8192
2.65e-03	2.73e-03	2.80e-03	2.85e-03	
Num Msgs 64
SizeMsgs 8192
2.57e-03	2.58e-03	2.62e-03	2.62e-03	
Num Msgs 128
SizeMsgs 8192
2.94e-03	3.06e-03	3.35e-03	3.09e-03	
Num Msgs 256
SizeMsgs 8192
3.96e-03	4.03e-03	3.98e-03	3.78e-03	
Num Msgs 512
SizeMsgs 8192
5.90e-03	6.01e-03	6.02e-03	6.01e-03	
Num Msgs 1024
SizeMsgs 8192
1.65e-02	1.56e-02	1.65e-02	1.56e-02	
Num Msgs 2048
SizeMsgs 8192
5.73e-02	5.26e-02	5.71e-02	5.25e-02	
Num Msgs 4096
SizeMsgs 8192
2.22e-01	2.04e-01	2.22e-01	2.03e-01	
Num Msgs 8192
SizeMsgs 8192
9.98e-01	9.06e-01	9.92e-01	9.06e-01	

Num Msgs 1
SizeMsgs 16384
4.28e-03	4.30e-03	4.31e-03	4.29e-03	
Num Msgs 2
SizeMsgs 16384
3.95e-03	3.87e-03	4.13e-03	3.94e-03	
Num Msgs 4
SizeMsgs 16384
3.98e-03	4.14e-03	4.00e-03	4.14e-03	
Num Msgs 8
SizeMsgs 16384
4.16e-03	4.22e-03	4.20e-03	4.22e-03	
Num Msgs 16
SizeMsgs 16384
4.92e-03	4.91e-03	4.92e-03	4.92e-03	
Num Msgs 32
SizeMsgs 16384
4.99e-03	4.98e-03	4.99e-03	4.97e-03	
Num Msgs 64
SizeMsgs 16384
5.44e-03	5.45e-03	5.44e-03	5.43e-03	
Num Msgs 128
SizeMsgs 16384
5.45e-03	5.63e-03	5.70e-03	5.55e-03	
Num Msgs 256
SizeMsgs 16384
6.46e-03	6.18e-03	6.32e-03	6.29e-03	
Num Msgs 512
SizeMsgs 16384
8.23e-03	8.21e-03	8.07e-03	8.35e-03	
Num Msgs 1024
SizeMsgs 16384
1.75e-02	1.66e-02	1.75e-02	1.66e-02	
Num Msgs 2048
SizeMsgs 16384
5.83e-02	5.38e-02	5.83e-02	5.38e-02	
Num Msgs 4096
SizeMsgs 16384
2.23e-01	2.04e-01	2.22e-01	2.04e-01	
Num Msgs 8192
SizeMsgs 16384
9.92e-01	9.05e-01	9.93e-01	9.06e-01	
Num Msgs 16384
SizeMsgs 16384
4.86e+00	4.42e+00	4.85e+00	4.42e+00	

Num Msgs 1
SizeMsgs 32768
8.46e-03	8.39e-03	8.41e-03	8.40e-03	
Num Msgs 2
SizeMsgs 32768
8.23e-03	8.25e-03	8.15e-03	8.19e-03	
Num Msgs 4
SizeMsgs 32768
8.22e-03	7.87e-03	7.85e-03	7.85e-03	
Num Msgs 8
SizeMsgs 32768
8.32e-03	7.97e-03	8.30e-03	8.32e-03	
Num Msgs 16
SizeMsgs 32768
8.43e-03	8.48e-03	8.47e-03	8.46e-03	
Num Msgs 32
SizeMsgs 32768
1.00e-02	9.89e-03	9.97e-03	9.83e-03	
Num Msgs 64
SizeMsgs 32768
1.02e-02	1.01e-02	1.01e-02	1.01e-02	
Num Msgs 128
SizeMsgs 32768
1.18e-02	1.22e-02	1.18e-02	1.15e-02	
Num Msgs 256
SizeMsgs 32768
1.12e-02	1.21e-02	1.12e-02	1.14e-02	
Num Msgs 512
SizeMsgs 32768
1.25e-02	1.29e-02	1.28e-02	1.22e-02	
Num Msgs 1024
SizeMsgs 32768
2.06e-02	2.02e-02	2.09e-02	2.02e-02	
Num Msgs 2048
SizeMsgs 32768
5.95e-02	5.49e-02	5.93e-02	5.49e-02	
Num Msgs 4096
SizeMsgs 32768
2.24e-01	2.05e-01	2.24e-01	2.05e-01	
Num Msgs 8192
SizeMsgs 32768
9.93e-01	9.06e-01	9.93e-01	9.06e-01	
Num Msgs 16384
SizeMsgs 32768
4.85e+00	4.42e+00	4.85e+00	4.42e+00	

Num Msgs 1
SizeMsgs 65536
1.70e-02	1.69e-02	1.69e-02	1.69e-02	
Num Msgs 2
SizeMsgs 65536
1.67e-02	1.66e-02	1.67e-02	1.67e-02	
Num Msgs 4
SizeMsgs 65536
1.63e-02	1.66e-02	1.68e-02	1.64e-02	
Num Msgs 8
SizeMsgs 65536
1.64e-02	1.61e-02	1.58e-02	1.68e-02	
Num Msgs 16
SizeMsgs 65536
1.69e-02	1.69e-02	1.68e-02	1.63e-02	
Num Msgs 32
SizeMsgs 65536
1.71e-02	1.69e-02	1.69e-02	1.68e-02	
Num Msgs 64
SizeMsgs 65536
2.00e-02	2.01e-02	1.99e-02	2.00e-02	
Num Msgs 128
SizeMsgs 65536
2.18e-02	2.13e-02	2.15e-02	2.10e-02	
Num Msgs 256
SizeMsgs 65536
2.39e-02	2.39e-02	2.40e-02	2.37e-02	
Num Msgs 512
SizeMsgs 65536
2.30e-02	2.46e-02	2.26e-02	2.47e-02	
Num Msgs 1024
SizeMsgs 65536
3.17e-02	3.11e-02	3.13e-02	3.12e-02	
Num Msgs 2048
SizeMsgs 65536
6.28e-02	5.88e-02	6.27e-02	5.89e-02	
Num Msgs 4096
SizeMsgs 65536
2.25e-01	2.06e-01	2.25e-01	2.06e-01	
Num Msgs 8192
SizeMsgs 65536
9.94e-01	9.07e-01	9.94e-01	9.07e-01	
Num Msgs 16384
SizeMsgs 65536
4.85e+00	4.42e+00	4.85e+00	4.42e+00	
Pingpong for
master:  0, 1, 2, 3, 4, 5, 6, 7, 8, 9, 10, 11, 12, 13, 14, 15, 16, 17, 18, 19, 20, 21, 22, 23, 24, 25, 26, 27, 28, 29, 30, 31, 32, 33, 34, 35, 36, 37, 38, 39, 40, 41, 42, 43, 44, 45, 46, 47, 48, 49, 50, 51, 52, 53, 54, 55, 56, 57, 58, 59, 60, 61, 62, 63, 64, 65, 66, 67, 68, 69, 70, 71, 72, 73, 74, 75, 76, 77, 78, 79, 80, 81, 82, 83, 84, 85, 86, 87, 88, 89, 90, 91, 92, 93, 94, 95, 96, 97, 98, 99, 100, 101, 102, 103, 104, 105, 106, 107, 108, 109, 110, 111, 112, 113, 114, 115, 116, 117, 118, 119, 120, 121, 122, 123, 124, 125, 126, 127
partner: 128, 129, 130, 131, 132, 133, 134, 135, 136, 137, 138, 139, 140, 141, 142, 143, 144, 145, 146, 147, 148, 149, 150, 151, 152, 153, 154, 155, 156, 157, 158, 159, 160, 161, 162, 163, 164, 165, 166, 167, 168, 169, 170, 171, 172, 173, 174, 175, 176, 177, 178, 179, 180, 181, 182, 183, 184, 185, 186, 187, 188, 189, 190, 191, 192, 193, 194, 195, 196, 197, 198, 199, 200, 201, 202, 203, 204, 205, 206, 207, 208, 209, 210, 211, 212, 213, 214, 215, 216, 217, 218, 219, 220, 221, 222, 223, 224, 225, 226, 227, 228, 229, 230, 231, 232, 233, 234, 235, 236, 237, 238, 239, 240, 241, 242, 243, 244, 245, 246, 247, 248, 249, 250, 251, 252, 253, 254, 255

Num Msgs 1
SizeMsgs 1
4.50e-06	4.50e-06	4.51e-06	4.51e-06	

Num Msgs 1
SizeMsgs 2
4.53e-06	4.68e-06	4.54e-06	4.53e-06	
Num Msgs 2
SizeMsgs 2
1.04e-05	1.04e-05	1.04e-05	1.04e-05	

Num Msgs 1
SizeMsgs 4
4.59e-06	4.59e-06	4.59e-06	4.60e-06	
Num Msgs 2
SizeMsgs 4
1.05e-05	1.05e-05	1.05e-05	1.05e-05	
Num Msgs 4
SizeMsgs 4
2.21e-05	2.22e-05	2.22e-05	2.22e-05	

Num Msgs 1
SizeMsgs 8
5.55e-06	5.54e-06	5.55e-06	5.55e-06	
Num Msgs 2
SizeMsgs 8
1.06e-05	1.06e-05	1.06e-05	1.06e-05	
Num Msgs 4
SizeMsgs 8
2.23e-05	2.23e-05	2.23e-05	2.23e-05	
Num Msgs 8
SizeMsgs 8
4.57e-05	4.57e-05	4.56e-05	4.57e-05	

Num Msgs 1
SizeMsgs 16
6.61e-06	6.65e-06	6.65e-06	6.53e-06	
Num Msgs 2
SizeMsgs 16
1.20e-05	1.18e-05	1.18e-05	1.18e-05	
Num Msgs 4
SizeMsgs 16
2.24e-05	2.24e-05	2.24e-05	2.24e-05	
Num Msgs 8
SizeMsgs 16
4.59e-05	4.59e-05	4.59e-05	4.59e-05	
Num Msgs 16
SizeMsgs 16
9.20e-05	9.21e-05	9.20e-05	9.22e-05	

Num Msgs 1
SizeMsgs 32
9.95e-06	9.95e-06	9.83e-06	9.88e-06	
Num Msgs 2
SizeMsgs 32
1.26e-05	1.26e-05	1.26e-05	1.26e-05	
Num Msgs 4
SizeMsgs 32
2.50e-05	2.50e-05	2.50e-05	2.50e-05	
Num Msgs 8
SizeMsgs 32
4.60e-05	4.61e-05	4.62e-05	4.61e-05	
Num Msgs 16
SizeMsgs 32
9.22e-05	9.22e-05	9.30e-05	9.25e-05	
Num Msgs 32
SizeMsgs 32
1.89e-04	1.88e-04	1.89e-04	1.89e-04	

Num Msgs 1
SizeMsgs 64
1.78e-05	1.78e-05	1.81e-05	1.78e-05	
Num Msgs 2
SizeMsgs 64
1.95e-05	1.92e-05	1.94e-05	1.94e-05	
Num Msgs 4
SizeMsgs 64
2.61e-05	2.61e-05	2.61e-05	2.61e-05	
Num Msgs 8
SizeMsgs 64
5.07e-05	5.09e-05	5.08e-05	5.09e-05	
Num Msgs 16
SizeMsgs 64
9.25e-05	9.21e-05	9.27e-05	9.26e-05	
Num Msgs 32
SizeMsgs 64
1.89e-04	1.89e-04	1.89e-04	1.89e-04	
Num Msgs 64
SizeMsgs 64
3.79e-04	3.79e-04	3.78e-04	3.77e-04	

Num Msgs 1
SizeMsgs 128
3.15e-05	3.16e-05	3.15e-05	3.16e-05	
Num Msgs 2
SizeMsgs 128
3.40e-05	3.36e-05	3.36e-05	3.39e-05	
Num Msgs 4
SizeMsgs 128
3.75e-05	3.76e-05	3.75e-05	3.75e-05	
Num Msgs 8
SizeMsgs 128
5.34e-05	5.34e-05	5.33e-05	5.35e-05	
Num Msgs 16
SizeMsgs 128
1.03e-04	1.06e-04	1.04e-04	1.03e-04	
Num Msgs 32
SizeMsgs 128
1.89e-04	1.89e-04	1.90e-04	1.91e-04	
Num Msgs 64
SizeMsgs 128
3.80e-04	3.81e-04	3.79e-04	3.79e-04	
Num Msgs 128
SizeMsgs 128
7.72e-04	7.68e-04	7.71e-04	7.70e-04	

Num Msgs 1
SizeMsgs 256
6.85e-05	6.90e-05	6.84e-05	6.85e-05	
Num Msgs 2
SizeMsgs 256
6.30e-05	6.32e-05	6.29e-05	6.30e-05	
Num Msgs 4
SizeMsgs 256
6.58e-05	6.58e-05	6.60e-05	6.59e-05	
Num Msgs 8
SizeMsgs 256
7.87e-05	7.89e-05	7.92e-05	7.87e-05	
Num Msgs 16
SizeMsgs 256
1.11e-04	1.21e-04	1.10e-04	1.17e-04	
Num Msgs 32
SizeMsgs 256
2.12e-04	2.26e-04	2.30e-04	2.16e-04	
Num Msgs 64
SizeMsgs 256
3.80e-04	3.81e-04	3.80e-04	3.79e-04	
Num Msgs 128
SizeMsgs 256
7.86e-04	7.83e-04	7.84e-04	7.80e-04	
Num Msgs 256
SizeMsgs 256
1.60e-03	1.60e-03	1.59e-03	1.60e-03	

Num Msgs 1
SizeMsgs 512
1.26e-04	1.28e-04	1.26e-04	1.26e-04	
Num Msgs 2
SizeMsgs 512
1.36e-04	1.34e-04	1.32e-04	1.31e-04	
Num Msgs 4
SizeMsgs 512
1.23e-04	1.23e-04	1.24e-04	1.23e-04	
Num Msgs 8
SizeMsgs 512
1.31e-04	1.31e-04	1.31e-04	1.31e-04	
Num Msgs 16
SizeMsgs 512
1.72e-04	1.71e-04	1.79e-04	1.72e-04	
Num Msgs 32
SizeMsgs 512
2.61e-04	2.60e-04	2.53e-04	2.60e-04	
Num Msgs 64
SizeMsgs 512
4.42e-04	4.32e-04	4.39e-04	4.25e-04	
Num Msgs 128
SizeMsgs 512
7.72e-04	7.73e-04	7.77e-04	7.75e-04	
Num Msgs 256
SizeMsgs 512
1.62e-03	1.61e-03	1.61e-03	1.61e-03	
Num Msgs 512
SizeMsgs 512
4.31e-03	4.29e-03	4.28e-03	4.29e-03	

Num Msgs 1
SizeMsgs 1024
2.73e-04	2.73e-04	2.73e-04	2.73e-04	
Num Msgs 2
SizeMsgs 1024
2.79e-04	2.79e-04	2.79e-04	2.79e-04	
Num Msgs 4
SizeMsgs 1024
3.34e-04	3.33e-04	3.32e-04	3.31e-04	
Num Msgs 8
SizeMsgs 1024
2.84e-04	2.84e-04	2.84e-04	2.84e-04	
Num Msgs 16
SizeMsgs 1024
3.10e-04	3.10e-04	3.06e-04	3.06e-04	
Num Msgs 32
SizeMsgs 1024
3.66e-04	3.73e-04	3.69e-04	3.71e-04	
Num Msgs 64
SizeMsgs 1024
4.81e-04	4.80e-04	4.74e-04	4.90e-04	
Num Msgs 128
SizeMsgs 1024
1.03e-03	1.04e-03	1.04e-03	1.03e-03	
Num Msgs 256
SizeMsgs 1024
1.63e-03	1.62e-03	1.63e-03	1.61e-03	
Num Msgs 512
SizeMsgs 1024
4.36e-03	4.36e-03	4.34e-03	4.34e-03	
Num Msgs 1024
SizeMsgs 1024
1.56e-02	1.41e-02	1.55e-02	1.42e-02	

Num Msgs 1
SizeMsgs 2048
5.00e-04	5.00e-04	5.00e-04	5.01e-04	
Num Msgs 2
SizeMsgs 2048
5.75e-04	5.75e-04	5.75e-04	5.75e-04	
Num Msgs 4
SizeMsgs 2048
5.96e-04	5.95e-04	5.96e-04	5.95e-04	
Num Msgs 8
SizeMsgs 2048
7.26e-04	7.22e-04	7.23e-04	7.26e-04	
Num Msgs 16
SizeMsgs 2048
5.98e-04	5.98e-04	6.03e-04	6.00e-04	
Num Msgs 32
SizeMsgs 2048
6.55e-04	6.48e-04	6.52e-04	6.47e-04	
Num Msgs 64
SizeMsgs 2048
7.95e-04	7.73e-04	7.87e-04	7.92e-04	
Num Msgs 128
SizeMsgs 2048
1.26e-03	1.24e-03	1.24e-03	1.26e-03	
Num Msgs 256
SizeMsgs 2048
2.14e-03	2.15e-03	2.15e-03	2.14e-03	
Num Msgs 512
SizeMsgs 2048
4.39e-03	4.38e-03	4.38e-03	4.38e-03	
Num Msgs 1024
SizeMsgs 2048
1.58e-02	1.42e-02	1.56e-02	1.45e-02	
Num Msgs 2048
SizeMsgs 2048
5.81e-02	5.24e-02	5.79e-02	5.24e-02	

Num Msgs 1
SizeMsgs 4096
9.76e-04	1.01e-03	9.72e-04	9.76e-04	
Num Msgs 2
SizeMsgs 4096
1.03e-03	1.03e-03	1.03e-03	1.03e-03	
Num Msgs 4
SizeMsgs 4096
1.20e-03	1.19e-03	1.19e-03	1.19e-03	
Num Msgs 8
SizeMsgs 4096
1.23e-03	1.23e-03	1.23e-03	1.23e-03	
Num Msgs 16
SizeMsgs 4096
1.45e-03	1.42e-03	1.45e-03	1.52e-03	
Num Msgs 32
SizeMsgs 4096
1.26e-03	1.25e-03	1.26e-03	1.26e-03	
Num Msgs 64
SizeMsgs 4096
1.39e-03	1.38e-03	1.35e-03	1.36e-03	
Num Msgs 128
SizeMsgs 4096
2.00e-03	2.00e-03	1.86e-03	1.83e-03	
Num Msgs 256
SizeMsgs 4096
2.70e-03	2.66e-03	2.65e-03	2.63e-03	
Num Msgs 512
SizeMsgs 4096
4.99e-03	5.00e-03	4.96e-03	5.04e-03	
Num Msgs 1024
SizeMsgs 4096
1.59e-02	1.43e-02	1.57e-02	1.45e-02	
Num Msgs 2048
SizeMsgs 4096
5.84e-02	5.26e-02	5.83e-02	5.26e-02	
Num Msgs 4096
SizeMsgs 4096
2.25e-01	2.03e-01	2.25e-01	2.03e-01	

Num Msgs 1
SizeMsgs 8192
1.90e-03	1.95e-03	1.91e-03	1.86e-03	
Num Msgs 2
SizeMsgs 8192


Pingpong for
master:  0, 1, 2, 3, 4, 5, 6, 7, 8, 9, 10, 11, 12, 13, 14, 15, 16, 17, 18, 19, 20, 21, 22, 23, 24, 25, 26, 27, 28, 29, 30, 31, 32, 33, 34, 35, 36, 37, 38, 39, 40, 41, 42, 43, 44, 45, 46, 47, 48, 49, 50, 51, 52, 53, 54, 55, 56, 57, 58, 59, 60, 61, 62, 63, 64, 65, 66, 67, 68, 69, 70, 71, 72, 73, 74, 75, 76, 77, 78, 79, 80, 81, 82, 83, 84, 85, 86, 87, 88, 89, 90, 91, 92, 93, 94, 95, 96, 97, 98, 99, 100, 101, 102, 103, 104, 105, 106, 107, 108, 109, 110, 111, 112, 113, 114, 115, 116, 117, 118, 119, 120, 121, 122, 123, 124, 125, 126, 127
partner: 128, 129, 130, 131, 132, 133, 134, 135, 136, 137, 138, 139, 140, 141, 142, 143, 144, 145, 146, 147, 148, 149, 150, 151, 152, 153, 154, 155, 156, 157, 158, 159, 160, 161, 162, 163, 164, 165, 166, 167, 168, 169, 170, 171, 172, 173, 174, 175, 176, 177, 178, 179, 180, 181, 182, 183, 184, 185, 186, 187, 188, 189, 190, 191, 192, 193, 194, 195, 196, 197, 198, 199, 200, 201, 202, 203, 204, 205, 206, 207, 208, 209, 210, 211, 212, 213, 214, 215, 216, 217, 218, 219, 220, 221, 222, 223, 224, 225, 226, 227, 228, 229, 230, 231, 232, 233, 234, 235, 236, 237, 238, 239, 240, 241, 242, 243, 244, 245, 246, 247, 248, 249, 250, 251, 252, 253, 254, 255

Num Msgs 1
SizeMsgs 1
4.24e-06	4.23e-06	4.23e-06	4.23e-06	

Num Msgs 1
SizeMsgs 2
4.26e-06	4.25e-06	4.24e-06	4.24e-06	
Num Msgs 2
SizeMsgs 2
9.56e-06	9.54e-06	9.53e-06	9.53e-06	

Num Msgs 1
SizeMsgs 4
4.29e-06	4.28e-06	4.28e-06	4.29e-06	
Num Msgs 2
SizeMsgs 4
9.57e-06	9.56e-06	9.57e-06	9.57e-06	
Num Msgs 4
SizeMsgs 4
2.01e-05	2.01e-05	2.01e-05	2.01e-05	

Num Msgs 1
SizeMsgs 8
4.40e-06	4.43e-06	4.44e-06	4.44e-06	
Num Msgs 2
SizeMsgs 8
9.64e-06	9.64e-06	9.64e-06	9.65e-06	
Num Msgs 4
SizeMsgs 8
2.01e-05	2.01e-05	2.01e-05	2.01e-05	
Num Msgs 8
SizeMsgs 8
4.10e-05	4.09e-05	4.10e-05	4.09e-05	

Num Msgs 1
SizeMsgs 16
4.45e-06	4.46e-06	4.48e-06	4.49e-06	
Num Msgs 2
SizeMsgs 16
9.90e-06	9.90e-06	9.89e-06	9.89e-06	
Num Msgs 4
SizeMsgs 16
2.03e-05	2.03e-05	2.02e-05	2.03e-05	
Num Msgs 8
SizeMsgs 16
4.11e-05	4.11e-05	4.11e-05	4.11e-05	
Num Msgs 16
SizeMsgs 16
9.07e-05	8.24e-05	8.24e-05	8.23e-05	

Num Msgs 1
SizeMsgs 32
4.64e-06	4.65e-06	4.64e-06	4.64e-06	
Num Msgs 2
SizeMsgs 32
9.88e-06	9.87e-06	9.89e-06	9.88e-06	
Num Msgs 4
SizeMsgs 32
2.06e-05	2.05e-05	2.06e-05	2.05e-05	
Num Msgs 8
SizeMsgs 32
4.13e-05	4.13e-05	4.14e-05	4.14e-05	
Num Msgs 16
SizeMsgs 32
8.29e-05	8.29e-05	8.27e-05	8.27e-05	
Num Msgs 32
SizeMsgs 32
1.66e-04	1.65e-04	1.65e-04	1.65e-04	

Num Msgs 1
SizeMsgs 64
5.00e-06	4.99e-06	5.01e-06	5.00e-06	
Num Msgs 2
SizeMsgs 64
1.02e-05	1.02e-05	1.02e-05	1.02e-05	
Num Msgs 4
SizeMsgs 64
2.08e-05	2.08e-05	2.08e-05	2.07e-05	
Num Msgs 8
SizeMsgs 64
4.25e-05	4.24e-05	4.25e-05	4.25e-05	
Num Msgs 16
SizeMsgs 64
8.32e-05	8.31e-05	8.31e-05	8.31e-05	
Num Msgs 32
SizeMsgs 64
1.66e-04	1.65e-04	1.65e-04	1.66e-04	
Num Msgs 64
SizeMsgs 64
3.32e-04	3.33e-04	3.33e-04	3.32e-04	

Num Msgs 1
SizeMsgs 128
6.91e-06	6.92e-06	6.92e-06	6.91e-06	
Num Msgs 2
SizeMsgs 128
1.15e-05	1.14e-05	1.14e-05	1.14e-05	
Num Msgs 4
SizeMsgs 128
2.11e-05	2.11e-05	2.11e-05	2.11e-05	
Num Msgs 8
SizeMsgs 128
4.28e-05	4.27e-05	4.27e-05	4.27e-05	
Num Msgs 16
SizeMsgs 128
8.54e-05	8.56e-05	8.60e-05	8.60e-05	
Num Msgs 32
SizeMsgs 128
1.66e-04	1.66e-04	1.66e-04	1.66e-04	
Num Msgs 64
SizeMsgs 128
3.33e-04	3.33e-04	3.33e-04	3.33e-04	
Num Msgs 128
SizeMsgs 128
6.62e-04	6.62e-04	6.64e-04	6.62e-04	

Num Msgs 1
SizeMsgs 256
1.51e-05	1.52e-05	1.52e-05	1.51e-05	
Num Msgs 2
SizeMsgs 256
1.80e-05	1.81e-05	1.81e-05	1.81e-05	
Num Msgs 4
SizeMsgs 256
2.40e-05	2.40e-05	2.40e-05	2.40e-05	
Num Msgs 8
SizeMsgs 256
4.34e-05	4.35e-05	4.35e-05	4.35e-05	
Num Msgs 16
SizeMsgs 256
8.60e-05	8.62e-05	8.60e-05	8.65e-05	
Num Msgs 32
SizeMsgs 256
1.71e-04	1.71e-04	1.71e-04	1.71e-04	
Num Msgs 64
SizeMsgs 256
3.35e-04	3.34e-04	3.34e-04	3.34e-04	
Num Msgs 128
SizeMsgs 256
6.62e-04	6.62e-04	6.62e-04	6.62e-04	
Num Msgs 256
SizeMsgs 256
1.39e-03	1.39e-03	1.40e-03	1.39e-03	

Num Msgs 1
SizeMsgs 512
4.32e-05	4.54e-05	4.43e-05	4.22e-05	
Num Msgs 2
SizeMsgs 512
4.51e-05	4.52e-05	4.50e-05	4.51e-05	
Num Msgs 4
SizeMsgs 512
4.74e-05	4.74e-05	4.74e-05	4.74e-05	
Num Msgs 8
SizeMsgs 512
5.21e-05	5.19e-05	5.20e-05	5.18e-05	
Num Msgs 16
SizeMsgs 512
8.88e-05	8.84e-05	8.92e-05	8.86e-05	
Num Msgs 32
SizeMsgs 512
1.73e-04	1.72e-04	1.73e-04	1.73e-04	
Num Msgs 64
SizeMsgs 512
3.45e-04	3.45e-04	3.44e-04	3.44e-04	
Num Msgs 128
SizeMsgs 512
6.69e-04	6.69e-04	6.69e-04	6.68e-04	
Num Msgs 256
SizeMsgs 512
1.39e-03	1.40e-03	1.39e-03	1.39e-03	
Num Msgs 512
SizeMsgs 512
4.10e-03	4.08e-03	4.16e-03	4.07e-03	

Num Msgs 1
SizeMsgs 1024
1.20e-04	1.19e-04	1.19e-04	1.20e-04	
Num Msgs 2
SizeMsgs 1024
9.17e-05	9.17e-05	9.23e-05	9.11e-05	
Num Msgs 4
SizeMsgs 1024
1.26e-04	1.27e-04	1.26e-04	1.26e-04	
Num Msgs 8
SizeMsgs 1024
1.02e-04	1.02e-04	1.02e-04	1.02e-04	
Num Msgs 16
SizeMsgs 1024
1.16e-04	1.15e-04	1.15e-04	1.16e-04	
Num Msgs 32
SizeMsgs 1024
1.81e-04	1.82e-04	1.80e-04	1.80e-04	
Num Msgs 64
SizeMsgs 1024
3.48e-04	3.48e-04	3.48e-04	3.49e-04	
Num Msgs 128
SizeMsgs 1024
6.82e-04	6.80e-04	6.80e-04	6.82e-04	
Num Msgs 256
SizeMsgs 1024
1.40e-03	1.40e-03	1.40e-03	1.40e-03	
Num Msgs 512
SizeMsgs 1024
4.11e-03	4.09e-03	4.09e-03	4.13e-03	
Num Msgs 1024
SizeMsgs 1024
1.50e-02	1.39e-02	1.50e-02	1.39e-02	

Num Msgs 1
SizeMsgs 2048
1.15e-04	1.15e-04	1.15e-04	1.15e-04	
Num Msgs 2
SizeMsgs 2048
2.45e-04	2.46e-04	2.45e-04	2.45e-04	
Num Msgs 4
SizeMsgs 2048
2.14e-04	2.16e-04	2.14e-04	2.15e-04	
Num Msgs 8
SizeMsgs 2048
3.10e-04	3.04e-04	3.05e-04	3.13e-04	
Num Msgs 16
SizeMsgs 2048
2.07e-04	2.08e-04	2.09e-04	2.07e-04	
Num Msgs 32
SizeMsgs 2048
2.31e-04	2.38e-04	2.35e-04	2.34e-04	
Num Msgs 64
SizeMsgs 2048
3.64e-04	3.65e-04	3.63e-04	3.63e-04	
Num Msgs 128
SizeMsgs 2048
6.87e-04	6.87e-04	6.87e-04	6.85e-04	
Num Msgs 256
SizeMsgs 2048
1.42e-03	1.41e-03	1.42e-03	1.43e-03	
Num Msgs 512
SizeMsgs 2048
4.10e-03	4.10e-03	4.12e-03	4.12e-03	
Num Msgs 1024
SizeMsgs 2048
1.50e-02	1.39e-02	1.50e-02	1.39e-02	
Num Msgs 2048
SizeMsgs 2048
5.79e-02	5.20e-02	5.63e-02	5.19e-02	

Num Msgs 1
SizeMsgs 4096
2.28e-04	2.28e-04	2.28e-04	2.28e-04	
Num Msgs 2
SizeMsgs 4096
2.34e-04	2.34e-04	2.34e-04	2.34e-04	
Num Msgs 4
SizeMsgs 4096
4.96e-04	4.94e-04	4.92e-04	4.94e-04	
Num Msgs 8
SizeMsgs 4096
4.44e-04	4.43e-04	4.43e-04	4.45e-04	
Num Msgs 16
SizeMsgs 4096
6.87e-04	5.76e-04	7.12e-04	6.95e-04	
Num Msgs 32
SizeMsgs 4096
4.11e-04	4.04e-04	4.04e-04	4.12e-04	
Num Msgs 64
SizeMsgs 4096
4.20e-04	4.17e-04	4.36e-04	4.25e-04	
Num Msgs 128
SizeMsgs 4096
7.16e-04	7.17e-04	7.19e-04	7.17e-04	
Num Msgs 256
SizeMsgs 4096
1.44e-03	1.43e-03	1.44e-03	1.44e-03	
Num Msgs 512
SizeMsgs 4096
4.12e-03	4.11e-03	4.18e-03	4.13e-03	
Num Msgs 1024
SizeMsgs 4096
1.51e-02	1.40e-02	1.50e-02	1.40e-02	
Num Msgs 2048
SizeMsgs 4096
5.67e-02	5.21e-02	5.65e-02	5.20e-02	
Num Msgs 4096
SizeMsgs 4096
2.24e-01	2.03e-01	2.21e-01	2.05e-01	

Num Msgs 1
SizeMsgs 8192
4.58e-04	4.58e-04	4.58e-04	4.58e-04	
Num Msgs 2
SizeMsgs 8192
4.64e-04	4.64e-04	4.64e-04	4.64e-04	
Num Msgs 4
SizeMsgs 8192
4.73e-04	4.73e-04	4.73e-04	4.73e-04	
Num Msgs 8
SizeMsgs 8192
1.00e-03	1.00e-03	1.00e-03	1.00e-03	
Num Msgs 16
SizeMsgs 8192
9.14e-04	9.17e-04	9.06e-04	8.98e-04	
Num Msgs 32
SizeMsgs 8192
1.17e-03	1.38e-03	1.30e-03	1.41e-03	
Num Msgs 64
SizeMsgs 8192
8.08e-04	7.83e-04	7.83e-04	7.84e-04	
Num Msgs 128
SizeMsgs 8192
1.04e-03	1.05e-03	1.03e-03	1.04e-03	
Num Msgs 256
SizeMsgs 8192
1.49e-03	1.49e-03	1.49e-03	1.49e-03	
Num Msgs 512
SizeMsgs 8192
4.14e-03	4.13e-03	4.14e-03	4.12e-03	
Num Msgs 1024
SizeMsgs 8192
1.51e-02	1.40e-02	1.51e-02	1.40e-02	
Num Msgs 2048
SizeMsgs 8192
5.68e-02	5.22e-02	5.66e-02	5.21e-02	
Num Msgs 4096
SizeMsgs 8192
2.21e-01	2.03e-01	2.21e-01	2.03e-01	
Num Msgs 8192
SizeMsgs 8192
9.97e-01	9.07e-01	9.90e-01	9.06e-01	

Num Msgs 1
SizeMsgs 16384
9.22e-04	9.21e-04	9.20e-04	9.20e-04	
Num Msgs 2
SizeMsgs 16384
9.23e-04	9.24e-04	9.24e-04	9.24e-04	
Num Msgs 4
SizeMsgs 16384
9.34e-04	9.35e-04	9.35e-04	9.34e-04	
Num Msgs 8
SizeMsgs 16384
9.60e-04	9.59e-04	9.57e-04	9.57e-04	
Num Msgs 16
SizeMsgs 16384
2.05e-03	1.95e-03	2.01e-03	2.04e-03	
Num Msgs 32
SizeMsgs 16384
1.83e-03	1.81e-03	1.89e-03	1.88e-03	
Num Msgs 64
SizeMsgs 16384
2.30e-03	2.22e-03	2.18e-03	2.25e-03	
Num Msgs 128
SizeMsgs 16384
1.89e-03	1.87e-03	1.92e-03	1.91e-03	
Num Msgs 256
SizeMsgs 16384
2.10e-03	2.08e-03	2.08e-03	2.09e-03	
Num Msgs 512
SizeMsgs 16384
4.18e-03	4.19e-03	4.18e-03	4.19e-03	
Num Msgs 1024
SizeMsgs 16384
1.51e-02	1.40e-02	1.51e-02	1.40e-02	
Num Msgs 2048
SizeMsgs 16384
5.70e-02	5.21e-02	5.69e-02	5.22e-02	
Num Msgs 4096
SizeMsgs 16384
2.21e-01	2.03e-01	2.21e-01	2.03e-01	
Num Msgs 8192
SizeMsgs 16384
9.91e-01	9.06e-01	9.91e-01	9.07e-01	
Num Msgs 16384
SizeMsgs 16384
4.85e+00	4.43e+00	4.84e+00	4.43e+00	

Num Msgs 1
SizeMsgs 32768
1.85e-03	1.84e-03	1.84e-03	1.84e-03	
Num Msgs 2
SizeMsgs 32768
1.85e-03	1.85e-03	1.85e-03	1.85e-03	
Num Msgs 4
SizeMsgs 32768
1.86e-03	1.86e-03	1.86e-03	1.86e-03	
Num Msgs 8
SizeMsgs 32768
1.89e-03	1.89e-03	1.89e-03	1.88e-03	
Num Msgs 16
SizeMsgs 32768
1.93e-03	1.92e-03	1.93e-03	1.93e-03	
Num Msgs 32
SizeMsgs 32768
3.95e-03	3.89e-03	3.96e-03	3.92e-03	
Num Msgs 64
SizeMsgs 32768
3.76e-03	3.65e-03	3.70e-03	3.70e-03	
Num Msgs 128
SizeMsgs 32768
4.87e-03	5.03e-03	5.02e-03	5.19e-03	
Num Msgs 256
SizeMsgs 32768
3.77e-03	3.83e-03	3.77e-03	3.83e-03	
Num Msgs 512
SizeMsgs 32768
4.89e-03	4.90e-03	4.89e-03	4.90e-03	
Num Msgs 1024
SizeMsgs 32768
1.53e-02	1.41e-02	1.52e-02	1.42e-02	
Num Msgs 2048
SizeMsgs 32768
5.68e-02	5.23e-02	5.67e-02	5.21e-02	
Num Msgs 4096
SizeMsgs 32768
2.22e-01	2.03e-01	2.21e-01	2.03e-01	
Num Msgs 8192
SizeMsgs 32768
9.91e-01	9.07e-01	9.91e-01	9.07e-01	
Num Msgs 16384
SizeMsgs 32768
4.84e+00	4.43e+00	4.84e+00	4.43e+00	

Num Msgs 1
SizeMsgs 65536
3.69e-03	3.69e-03	3.69e-03	3.69e-03	
Num Msgs 2
SizeMsgs 65536
3.69e-03	3.70e-03	3.69e-03	3.69e-03	
Num Msgs 4
SizeMsgs 65536
3.71e-03	3.71e-03	3.71e-03	3.71e-03	
Num Msgs 8
SizeMsgs 65536
3.73e-03	3.73e-03	3.73e-03	3.73e-03	
Num Msgs 16
SizeMsgs 65536
3.79e-03	3.80e-03	3.79e-03	3.79e-03	
Num Msgs 32
SizeMsgs 65536
3.88e-03	3.86e-03	3.86e-03	3.85e-03	
Num Msgs 64
SizeMsgs 65536
7.72e-03	7.95e-03	8.10e-03	7.91e-03	
Num Msgs 128
SizeMsgs 65536
8.51e-03	8.44e-03	8.86e-03	8.44e-03	
Num Msgs 256
SizeMsgs 65536
1.02e-02	1.07e-02	1.11e-02	9.90e-03	
Num Msgs 512
SizeMsgs 65536
7.76e-03	7.86e-03	8.11e-03	7.87e-03	
Num Msgs 1024
SizeMsgs 65536
1.60e-02	1.49e-02	1.60e-02	1.50e-02	
Num Msgs 2048
SizeMsgs 65536
5.72e-02	5.25e-02	5.67e-02	5.24e-02	
Num Msgs 4096
SizeMsgs 65536
2.22e-01	2.04e-01	2.22e-01	2.03e-01	
Num Msgs 8192
SizeMsgs 65536
9.92e-01	9.08e-01	9.92e-01	9.08e-01	
Num Msgs 16384
SizeMsgs 65536
4.85e+00	4.43e+00	4.85e+00	4.43e+00	
Pingpong for
master:  0, 1, 2, 3, 4, 5, 6, 7, 8, 9, 10, 11, 12, 13, 14, 15, 16, 17, 18, 19, 20, 21, 22, 23, 24, 25, 26, 27, 28, 29, 30, 31, 32, 33, 34, 35, 36, 37, 38, 39, 40, 41, 42, 43, 44, 45, 46, 47, 48, 49, 50, 51, 52, 53, 54, 55, 56, 57, 58, 59, 60, 61, 62, 63, 64, 65, 66, 67, 68, 69, 70, 71, 72, 73, 74, 75, 76, 77, 78, 79, 80, 81, 82, 83, 84, 85, 86, 87, 88, 89, 90, 91, 92, 93, 94, 95, 96, 97, 98, 99, 100, 101, 102, 103, 104, 105, 106, 107, 108, 109, 110, 111, 112, 113, 114, 115, 116, 117, 118, 119, 120, 121, 122, 123, 124, 125, 126, 127
partner: 128, 129, 130, 131, 132, 133, 134, 135, 136, 137, 138, 139, 140, 141, 142, 143, 144, 145, 146, 147, 148, 149, 150, 151, 152, 153, 154, 155, 156, 157, 158, 159, 160, 161, 162, 163, 164, 165, 166, 167, 168, 169, 170, 171, 172, 173, 174, 175, 176, 177, 178, 179, 180, 181, 182, 183, 184, 185, 186, 187, 188, 189, 190, 191, 192, 193, 194, 195, 196, 197, 198, 199, 200, 201, 202, 203, 204, 205, 206, 207, 208, 209, 210, 211, 212, 213, 214, 215, 216, 217, 218, 219, 220, 221, 222, 223, 224, 225, 226, 227, 228, 229, 230, 231, 232, 233, 234, 235, 236, 237, 238, 239, 240, 241, 242, 243, 244, 245, 246, 247, 248, 249, 250, 251, 252, 253, 254, 255

Num Msgs 1
SizeMsgs 1
4.23e-06	4.23e-06	4.23e-06	4.22e-06	

Num Msgs 1
SizeMsgs 2
4.24e-06	4.24e-06	4.24e-06	4.24e-06	
Num Msgs 2
SizeMsgs 2
9.54e-06	9.54e-06	9.53e-06	9.53e-06	

Num Msgs 1
SizeMsgs 4
4.29e-06	4.29e-06	4.28e-06	4.29e-06	
Num Msgs 2
SizeMsgs 4
9.58e-06	9.58e-06	9.59e-06	9.59e-06	
Num Msgs 4
SizeMsgs 4
2.01e-05	2.01e-05	2.01e-05	2.01e-05	

Num Msgs 1
SizeMsgs 8
4.41e-06	4.42e-06	4.41e-06	4.41e-06	
Num Msgs 2
SizeMsgs 8
9.64e-06	9.65e-06	9.66e-06	9.64e-06	
Num Msgs 4
SizeMsgs 8
2.02e-05	2.02e-05	2.02e-05	2.02e-05	
Num Msgs 8
SizeMsgs 8
4.10e-05	4.10e-05	4.10e-05	4.10e-05	

Num Msgs 1
SizeMsgs 16
4.44e-06	4.47e-06	4.47e-06	4.47e-06	
Num Msgs 2
SizeMsgs 16
9.82e-06	9.85e-06	9.85e-06	9.85e-06	
Num Msgs 4
SizeMsgs 16
2.03e-05	2.03e-05	2.03e-05	2.03e-05	
Num Msgs 8
SizeMsgs 16
4.10e-05	4.11e-05	4.11e-05	4.11e-05	
Num Msgs 16
SizeMsgs 16
8.20e-05	8.20e-05	8.21e-05	8.23e-05	

Num Msgs 1
SizeMsgs 32
4.59e-06	4.60e-06	4.60e-06	4.60e-06	
Num Msgs 2
SizeMsgs 32
9.83e-06	9.83e-06	9.83e-06	9.83e-06	
Num Msgs 4
SizeMsgs 32
2.07e-05	2.06e-05	2.06e-05	2.06e-05	
Num Msgs 8
SizeMsgs 32
4.13e-05	4.14e-05	4.14e-05	4.13e-05	
Num Msgs 16
SizeMsgs 32
8.21e-05	8.21e-05	8.23e-05	8.22e-05	
Num Msgs 32
SizeMsgs 32
1.65e-04	1.65e-04	1.65e-04	1.65e-04	

Num Msgs 1
SizeMsgs 64
4.96e-06	4.98e-06	5.00e-06	5.00e-06	
Num Msgs 2
SizeMsgs 64
1.01e-05	1.01e-05	1.01e-05	1.01e-05	
Num Msgs 4
SizeMsgs 64
2.07e-05	2.07e-05	2.07e-05	2.07e-05	
Num Msgs 8
SizeMsgs 64
4.24e-05	4.23e-05	4.24e-05	4.24e-05	
Num Msgs 16
SizeMsgs 64
8.25e-05	8.26e-05	8.27e-05	8.24e-05	
Num Msgs 32
SizeMsgs 64
1.65e-04	1.65e-04	1.65e-04	1.65e-04	
Num Msgs 64
SizeMsgs 64
3.31e-04	3.31e-04	3.31e-04	3.31e-04	

Num Msgs 1
SizeMsgs 128
7.03e-06	7.04e-06	7.04e-06	7.04e-06	
Num Msgs 2
SizeMsgs 128
1.14e-05	1.13e-05	1.13e-05	1.13e-05	
Num Msgs 4
SizeMsgs 128
2.11e-05	2.11e-05	2.10e-05	2.11e-05	
Num Msgs 8
SizeMsgs 128
4.27e-05	4.26e-05	4.27e-05	4.26e-05	
Num Msgs 16
SizeMsgs 128
8.57e-05	8.55e-05	8.52e-05	8.61e-05	
Num Msgs 32
SizeMsgs 128
1.66e-04	1.66e-04	1.66e-04	1.66e-04	
Num Msgs 64
SizeMsgs 128
3.32e-04	3.32e-04	3.31e-04	3.32e-04	
Num Msgs 128
SizeMsgs 128
6.63e-04	6.65e-04	6.64e-04	6.64e-04	

Num Msgs 1
SizeMsgs 256
2.55e-05	2.55e-05	2.58e-05	2.54e-05	
Num Msgs 2
SizeMsgs 256
1.84e-05	1.84e-05	1.84e-05	1.84e-05	
Num Msgs 4
SizeMsgs 256
2.39e-05	2.40e-05	2.40e-05	2.39e-05	
Num Msgs 8
SizeMsgs 256
4.36e-05	4.37e-05	4.37e-05	4.35e-05	
Num Msgs 16
SizeMsgs 256
8.64e-05	8.62e-05	8.65e-05	8.67e-05	
Num Msgs 32
SizeMsgs 256
1.71e-04	1.71e-04	1.71e-04	1.70e-04	
Num Msgs 64
SizeMsgs 256
3.34e-04	3.34e-04	3.34e-04	3.34e-04	
Num Msgs 128
SizeMsgs 256
6.66e-04	6.65e-04	6.65e-04	6.64e-04	
Num Msgs 256
SizeMsgs 256
1.39e-03	1.39e-03	1.39e-03	1.39e-03	

Num Msgs 1
SizeMsgs 512
4.32e-05	4.31e-05	4.37e-05	4.35e-05	
Num Msgs 2
SizeMsgs 512
5.27e-05	5.27e-05	5.28e-05	5.29e-05	
Num Msgs 4
SizeMsgs 512
4.76e-05	4.77e-05	4.77e-05	4.76e-05	
Num Msgs 8
SizeMsgs 512
5.24e-05	5.27e-05	5.28e-05	5.27e-05	
Num Msgs 16
SizeMsgs 512
8.85e-05	8.86e-05	8.93e-05	8.86e-05	
Num Msgs 32
SizeMsgs 512
1.73e-04	1.72e-04	1.72e-04	1.73e-04	
Num Msgs 64
SizeMsgs 512
3.42e-04	3.43e-04	3.44e-04	3.43e-04	
Num Msgs 128
SizeMsgs 512
6.66e-04	6.66e-04	6.67e-04	6.68e-04	
Num Msgs 256
SizeMsgs 512
1.39e-03	1.40e-03	1.39e-03	1.39e-03	
Num Msgs 512
SizeMsgs 512
4.12e-03	4.08e-03	4.08e-03	4.10e-03	

Num Msgs 1
SizeMsgs 1024
1.22e-04	1.22e-04	1.23e-04	1.23e-04	
Num Msgs 2
SizeMsgs 1024
9.80e-05	9.81e-05	9.76e-05	9.77e-05	
Num Msgs 4
SizeMsgs 1024
1.30e-04	1.30e-04	1.31e-04	1.29e-04	
Num Msgs 8
SizeMsgs 1024
1.02e-04	1.02e-04	1.02e-04	1.02e-04	
Num Msgs 16
SizeMsgs 1024
1.16e-04	1.16e-04	1.18e-04	1.16e-04	
Num Msgs 32
SizeMsgs 1024
1.82e-04	1.81e-04	1.81e-04	1.82e-04	
Num Msgs 64
SizeMsgs 1024
3.48e-04	3.48e-04	3.48e-04	3.48e-04	
Num Msgs 128
SizeMsgs 1024
6.85e-04	6.83e-04	6.83e-04	6.83e-04	
Num Msgs 256
SizeMsgs 1024
1.40e-03	1.41e-03	1.41e-03	1.41e-03	
Num Msgs 512
SizeMsgs 1024
4.12e-03	4.10e-03	4.08e-03	4.09e-03	
Num Msgs 1024
SizeMsgs 1024
1.50e-02	1.39e-02	1.50e-02	1.39e-02	

Num Msgs 1
SizeMsgs 2048
1.17e-04	1.15e-04	1.13e-04	1.16e-04	
Num Msgs 2
SizeMsgs 2048
2.52e-04	2.52e-04	2.51e-04	2.52e-04	
Num Msgs 4
SizeMsgs 2048
2.26e-04	2.24e-04	2.24e-04	2.24e-04	
Num Msgs 8
SizeMsgs 2048
3.09e-04	3.15e-04	3.14e-04	3.15e-04	
Num Msgs 16
SizeMsgs 2048
2.07e-04	2.07e-04	2.08e-04	2.09e-04	
Num Msgs 32
SizeMsgs 2048
2.39e-04	2.38e-04	2.25e-04	2.36e-04	
Num Msgs 64
SizeMsgs 2048
3.65e-04	3.63e-04	3.63e-04	3.63e-04	
Num Msgs 128
SizeMsgs 2048
6.86e-04	6.87e-04	6.89e-04	6.86e-04	
Num Msgs 256
SizeMsgs 2048
1.42e-03	1.41e-03	1.43e-03	1.43e-03	
Num Msgs 512
SizeMsgs 2048
4.10e-03	4.13e-03	4.11e-03	4.10e-03	
Num Msgs 1024
SizeMsgs 2048
1.50e-02	1.39e-02	1.50e-02	1.39e-02	
Num Msgs 2048
SizeMsgs 2048
5.68e-02	5.21e-02	5.64e-02	5.20e-02	

Num Msgs 1
SizeMsgs 4096
2.29e-04	2.28e-04	2.29e-04	2.30e-04	
Num Msgs 2
SizeMsgs 4096
2.34e-04	2.35e-04	2.33e-04	2.35e-04	
Num Msgs 4
SizeMsgs 4096
5.06e-04	5.03e-04	5.05e-04	5.04e-04	
Num Msgs 8
SizeMsgs 4096
4.66e-04	4.64e-04	4.65e-04	4.59e-04	
Num Msgs 16
SizeMsgs 4096
7.13e-04	6.83e-04	6.93e-04	7.11e-04	
Num Msgs 32
SizeMsgs 4096
4.04e-04	4.09e-04	4.08e-04	4.10e-04	
Num Msgs 64
SizeMsgs 4096
4.17e-04	4.20e-04	4.35e-04	4.18e-04	
Num Msgs 128
SizeMsgs 4096
7.16e-04	7.17e-04	7.18e-04	7.15e-04	
Num Msgs 256
SizeMsgs 4096
1.44e-03	1.43e-03	1.44e-03	1.44e-03	
Num Msgs 512
SizeMsgs 4096
4.13e-03	4.12e-03	4.13e-03	4.12e-03	
Num Msgs 1024
SizeMsgs 4096
1.51e-02	1.40e-02	1.50e-02	1.40e-02	
Num Msgs 2048
SizeMsgs 4096
5.66e-02	5.20e-02	5.64e-02	5.20e-02	
Num Msgs 4096
SizeMsgs 4096
2.21e-01	2.03e-01	2.21e-01	2.03e-01	

Num Msgs 1
SizeMsgs 8192
4.60e-04	4.66e-04	4.70e-04	4.69e-04	
Num Msgs 2
SizeMsgs 8192
4.75e-04	4.74e-04	4.76e-04	4.75e-04	
Num Msgs 4
SizeMsgs 8192
4.76e-04	4.76e-04	4.77e-04	4.76e-04	
Num Msgs 8
SizeMsgs 8192
1.03e-03	1.03e-03	1.03e-03	1.02e-03	
Num Msgs 16
SizeMsgs 8192
9.49e-04	9.71e-04	9.82e-04	9.53e-04	
Num Msgs 32
SizeMsgs 8192
1.33e-03	1.37e-03	1.33e-03	1.43e-03	
Num Msgs 64
SizeMsgs 8192
7.83e-04	7.93e-04	7.97e-04	8.00e-04	
Num Msgs 128
SizeMsgs 8192
1.03e-03	1.05e-03	1.03e-03	1.03e-03	
Num Msgs 256
SizeMsgs 8192
1.49e-03	1.48e-03	1.50e-03	1.49e-03	
Num Msgs 512
SizeMsgs 8192
4.14e-03	4.13e-03	4.14e-03	4.14e-03	
Num Msgs 1024
SizeMsgs 8192
1.51e-02	1.40e-02	1.51e-02	1.40e-02	
Num Msgs 2048
SizeMsgs 8192
5.69e-02	5.22e-02	5.67e-02	5.21e-02	
Num Msgs 4096
SizeMsgs 8192
2.21e-01	2.03e-01	2.21e-01	2.03e-01	
Num Msgs 8192
SizeMsgs 8192
9.92e-01	9.07e-01	9.91e-01	9.07e-01	

Num Msgs 1
SizeMsgs 16384
9.22e-04	9.22e-04	9.20e-04	9.24e-04	
Num Msgs 2
SizeMsgs 16384
9.37e-04	9.39e-04	9.38e-04	9.41e-04	
Num Msgs 4
SizeMsgs 16384
9.52e-04	9.47e-04	9.34e-04	9.48e-04	
Num Msgs 8
SizeMsgs 16384
9.63e-04	9.66e-04	9.63e-04	9.57e-04	
Num Msgs 16
SizeMsgs 16384
2.11e-03	2.01e-03	2.03e-03	2.04e-03	
Num Msgs 32
SizeMsgs 16384
1.87e-03	1.87e-03	1.89e-03	1.88e-03	
Num Msgs 64
SizeMsgs 16384
2.30e-03	2.61e-03	2.58e-03	2.34e-03	
Num Msgs 128
SizeMsgs 16384
1.91e-03	1.91e-03	1.87e-03	1.90e-03	
Num Msgs 256
SizeMsgs 16384
2.09e-03	2.09e-03	2.08e-03	2.08e-03	
Num Msgs 512
SizeMsgs 16384
4.19e-03	4.18e-03	4.19e-03	4.17e-03	
Num Msgs 1024
SizeMsgs 16384
1.51e-02	1.40e-02	1.66e-02	1.39e-02	
Num Msgs 2048
SizeMsgs 16384
5.70e-02	5.23e-02	5.67e-02	5.23e-02	
Num Msgs 4096
SizeMsgs 16384
2.22e-01	2.03e-01	2.21e-01	2.03e-01	
Num Msgs 8192
SizeMsgs 16384
9.91e-01	9.06e-01	9.91e-01	9.06e-01	
Num Msgs 16384
SizeMsgs 16384
4.85e+00	4.43e+00	4.85e+00	4.43e+00	

Num Msgs 1
SizeMsgs 32768
1.85e-03	1.85e-03	1.85e-03	1.85e-03	
Num Msgs 2
SizeMsgs 32768
1.88e-03	1.88e-03	1.88e-03	1.86e-03	
Num Msgs 4
SizeMsgs 32768
1.88e-03	1.89e-03	1.88e-03	1.89e-03	
Num Msgs 8
SizeMsgs 32768
1.93e-03	1.93e-03	1.91e-03	1.91e-03	
Num Msgs 16
SizeMsgs 32768
1.94e-03	1.94e-03	1.94e-03	1.94e-03	
Num Msgs 32
SizeMsgs 32768
4.05e-03	4.00e-03	4.07e-03	4.11e-03	
Num Msgs 64
SizeMsgs 32768
3.80e-03	3.73e-03	3.81e-03	3.79e-03	
Num Msgs 128
SizeMsgs 32768
5.35e-03	5.15e-03	5.48e-03	4.98e-03	
Num Msgs 256
SizeMsgs 32768
3.75e-03	3.81e-03	3.77e-03	3.70e-03	
Num Msgs 512
SizeMsgs 32768
4.88e-03	4.86e-03	4.88e-03	4.92e-03	
Num Msgs 1024
SizeMsgs 32768
1.53e-02	1.41e-02	1.52e-02	1.41e-02	
Num Msgs 2048
SizeMsgs 32768
5.69e-02	5.23e-02	5.67e-02	5.22e-02	
Num Msgs 4096
SizeMsgs 32768
2.23e-01	2.03e-01	2.22e-01	2.03e-01	
Num Msgs 8192
SizeMsgs 32768
9.92e-01	9.07e-01	9.92e-01	9.07e-01	
Num Msgs 16384
SizeMsgs 32768
4.85e+00	4.43e+00	4.85e+00	4.43e+00	

Num Msgs 1
SizeMsgs 65536
3.70e-03	3.70e-03	3.70e-03	3.71e-03	
Num Msgs 2
SizeMsgs 65536
3.76e-03	3.76e-03	3.76e-03	3.76e-03	
Num Msgs 4
SizeMsgs 65536
3.77e-03	3.79e-03	3.76e-03	3.77e-03	
Num Msgs 8
SizeMsgs 65536
3.83e-03	3.79e-03	3.83e-03	3.84e-03	
Num Msgs 16
SizeMsgs 65536
3.85e-03	3.83e-03	3.82e-03	3.87e-03	
Num Msgs 32
SizeMsgs 65536
3.90e-03	3.85e-03	3.89e-03	3.87e-03	
Num Msgs 64
SizeMsgs 65536
8.14e-03	8.17e-03	7.86e-03	7.96e-03	
Num Msgs 128
SizeMsgs 65536
8.25e-03	8.73e-03	8.41e-03	8.59e-03	
Num Msgs 256
SizeMsgs 65536
1.05e-02	1.01e-02	1.04e-02	1.01e-02	
Num Msgs 512
SizeMsgs 65536
8.20e-03	7.87e-03	7.65e-03	7.80e-03	
Num Msgs 1024
SizeMsgs 65536
1.60e-02	1.49e-02	1.60e-02	1.51e-02	
Num Msgs 2048
SizeMsgs 65536
5.70e-02	5.25e-02	5.68e-02	5.24e-02	
Num Msgs 4096
SizeMsgs 65536
2.22e-01	2.03e-01	2.22e-01	2.03e-01	
Num Msgs 8192
SizeMsgs 65536
9.93e-01	9.08e-01	9.95e-01	9.09e-01	
Num Msgs 16384
SizeMsgs 65536
4.85e+00	4.43e+00	4.85e+00	4.43e+00	
Pingpong for
master:  0, 1, 2, 3, 4, 5, 6, 7, 8, 9, 10, 11, 12, 13, 14, 15, 16, 17, 18, 19, 20, 21, 22, 23, 24, 25, 26, 27, 28, 29, 30, 31, 32, 33, 34, 35, 36, 37, 38, 39, 40, 41, 42, 43, 44, 45, 46, 47, 48, 49, 50, 51, 52, 53, 54, 55, 56, 57, 58, 59, 60, 61, 62, 63, 64, 65, 66, 67, 68, 69, 70, 71, 72, 73, 74, 75, 76, 77, 78, 79, 80, 81, 82, 83, 84, 85, 86, 87, 88, 89, 90, 91, 92, 93, 94, 95, 96, 97, 98, 99, 100, 101, 102, 103, 104, 105, 106, 107, 108, 109, 110, 111, 112, 113, 114, 115, 116, 117, 118, 119, 120, 121, 122, 123, 124, 125, 126, 127
partner: 128, 129, 130, 131, 132, 133, 134, 135, 136, 137, 138, 139, 140, 141, 142, 143, 144, 145, 146, 147, 148, 149, 150, 151, 152, 153, 154, 155, 156, 157, 158, 159, 160, 161, 162, 163, 164, 165, 166, 167, 168, 169, 170, 171, 172, 173, 174, 175, 176, 177, 178, 179, 180, 181, 182, 183, 184, 185, 186, 187, 188, 189, 190, 191, 192, 193, 194, 195, 196, 197, 198, 199, 200, 201, 202, 203, 204, 205, 206, 207, 208, 209, 210, 211, 212, 213, 214, 215, 216, 217, 218, 219, 220, 221, 222, 223, 224, 225, 226, 227, 228, 229, 230, 231, 232, 233, 234, 235, 236, 237, 238, 239, 240, 241, 242, 243, 244, 245, 246, 247, 248, 249, 250, 251, 252, 253, 254, 255

Num Msgs 1
SizeMsgs 1
4.22e-06	4.22e-06	4.22e-06	4.22e-06	

Num Msgs 1
SizeMsgs 2
4.24e-06	4.23e-06	4.23e-06	4.24e-06	
Num Msgs 2
SizeMsgs 2
9.53e-06	9.62e-06	9.51e-06	9.53e-06	

Num Msgs 1
SizeMsgs 4
4.28e-06	4.28e-06	4.28e-06	4.27e-06	
Num Msgs 2
SizeMsgs 4
9.56e-06	9.56e-06	9.55e-06	9.56e-06	
Num Msgs 4
SizeMsgs 4
2.01e-05	2.01e-05	2.01e-05	2.01e-05	

Num Msgs 1
SizeMsgs 8
4.38e-06	4.41e-06	4.42e-06	4.42e-06	
Num Msgs 2
SizeMsgs 8
9.62e-06	9.62e-06	9.61e-06	9.61e-06	
Num Msgs 4
SizeMsgs 8
2.01e-05	2.01e-05	2.01e-05	2.01e-05	
Num Msgs 8
SizeMsgs 8
4.10e-05	4.10e-05	4.09e-05	4.10e-05	

Num Msgs 1
SizeMsgs 16
4.46e-06	4.47e-06	4.47e-06	4.47e-06	
Num Msgs 2
SizeMsgs 16
9.85e-06	9.84e-06	9.84e-06	9.83e-06	
Num Msgs 4
SizeMsgs 16
2.02e-05	2.02e-05	2.02e-05	2.02e-05	
Num Msgs 8
SizeMsgs 16
4.11e-05	4.11e-05	4.11e-05	4.11e-05	
Num Msgs 16
SizeMsgs 16
8.21e-05	8.20e-05	8.22e-05	8.22e-05	

Num Msgs 1
SizeMsgs 32
4.60e-06	4.60e-06	4.61e-06	4.62e-06	
Num Msgs 2
SizeMsgs 32
9.89e-06	9.90e-06	9.91e-06	9.90e-06	
Num Msgs 4
SizeMsgs 32
2.06e-05	2.06e-05	2.06e-05	2.06e-05	
Num Msgs 8
SizeMsgs 32
4.13e-05	4.13e-05	4.13e-05	4.13e-05	
Num Msgs 16
SizeMsgs 32
8.25e-05	8.23e-05	8.21e-05	8.21e-05	
Num Msgs 32
SizeMsgs 32
1.65e-04	1.65e-04	1.65e-04	1.65e-04	

Num Msgs 1
SizeMsgs 64
4.99e-06	4.99e-06	4.99e-06	4.99e-06	
Num Msgs 2
SizeMsgs 64
1.01e-05	1.01e-05	1.01e-05	1.01e-05	
Num Msgs 4
SizeMsgs 64
2.07e-05	2.07e-05	2.07e-05	2.07e-05	
Num Msgs 8
SizeMsgs 64
4.25e-05	4.24e-05	4.24e-05	4.24e-05	
Num Msgs 16
SizeMsgs 64
8.33e-05	8.28e-05	8.26e-05	8.28e-05	
Num Msgs 32
SizeMsgs 64
1.65e-04	1.66e-04	1.65e-04	1.65e-04	
Num Msgs 64
SizeMsgs 64
3.31e-04	3.31e-04	3.31e-04	3.31e-04	

Num Msgs 1
SizeMsgs 128
7.04e-06	7.04e-06	7.07e-06	7.05e-06	
Num Msgs 2
SizeMsgs 128
1.14e-05	1.13e-05	1.14e-05	1.14e-05	
Num Msgs 4
SizeMsgs 128
2.10e-05	2.10e-05	2.10e-05	2.11e-05	
Num Msgs 8
SizeMsgs 128
4.26e-05	4.26e-05	4.26e-05	4.26e-05	
Num Msgs 16
SizeMsgs 128
8.55e-05	8.49e-05	8.62e-05	8.52e-05	
Num Msgs 32
SizeMsgs 128
1.66e-04	1.66e-04	1.66e-04	1.66e-04	
Num Msgs 64
SizeMsgs 128
3.32e-04	3.32e-04	3.32e-04	3.32e-04	
Num Msgs 128
SizeMsgs 128
6.61e-04	6.60e-04	6.60e-04	6.61e-04	

Num Msgs 1
SizeMsgs 256
2.55e-05	2.55e-05	2.56e-05	2.53e-05	
Num Msgs 2
SizeMsgs 256
1.84e-05	1.84e-05	1.84e-05	1.84e-05	
Num Msgs 4
SizeMsgs 256
2.39e-05	2.39e-05	2.39e-05	2.39e-05	
Num Msgs 8
SizeMsgs 256
4.34e-05	4.35e-05	4.35e-05	4.35e-05	
Num Msgs 16
SizeMsgs 256
8.63e-05	8.61e-05	8.62e-05	8.62e-05	
Num Msgs 32
SizeMsgs 256
1.72e-04	1.70e-04	1.71e-04	1.71e-04	
Num Msgs 64
SizeMsgs 256
3.34e-04	3.34e-04	3.34e-04	3.34e-04	
Num Msgs 128
SizeMsgs 256
6.60e-04	6.59e-04	6.60e-04	6.60e-04	
Num Msgs 256
SizeMsgs 256
1.39e-03	1.39e-03	1.39e-03	1.40e-03	

Num Msgs 1
SizeMsgs 512
4.33e-05	4.35e-05	4.36e-05	4.41e-05	
Num Msgs 2
SizeMsgs 512
5.28e-05	5.27e-05	5.26e-05	5.26e-05	
Num Msgs 4
SizeMsgs 512
4.75e-05	4.76e-05	4.76e-05	4.76e-05	
Num Msgs 8
SizeMsgs 512
5.25e-05	5.22e-05	5.23e-05	5.25e-05	
Num Msgs 16
SizeMsgs 512
8.84e-05	8.91e-05	8.86e-05	8.97e-05	
Num Msgs 32
SizeMsgs 512
1.74e-04	1.73e-04	1.74e-04	1.74e-04	
Num Msgs 64
SizeMsgs 512
3.44e-04	3.44e-04	3.44e-04	3.44e-04	
Num Msgs 128
SizeMsgs 512
6.70e-04	6.69e-04	6.69e-04	6.69e-04	
Num Msgs 256
SizeMsgs 512
1.40e-03	1.40e-03	1.40e-03	1.39e-03	
Num Msgs 512
SizeMsgs 512
4.13e-03	4.07e-03	4.07e-03	4.08e-03	

Num Msgs 1
SizeMsgs 1024
1.23e-04	1.23e-04	1.23e-04	1.23e-04	
Num Msgs 2
SizeMsgs 1024
9.81e-05	9.80e-05	9.76e-05	9.79e-05	
Num Msgs 4
SizeMsgs 1024
1.30e-04	1.30e-04	1.29e-04	1.30e-04	
Num Msgs 8
SizeMsgs 1024
1.02e-04	1.02e-04	1.02e-04	1.02e-04	
Num Msgs 16
SizeMsgs 1024
1.16e-04	1.16e-04	1.16e-04	1.17e-04	
Num Msgs 32
SizeMsgs 1024
1.81e-04	1.81e-04	1.82e-04	1.83e-04	
Num Msgs 64
SizeMsgs 1024
3.46e-04	3.48e-04	3.47e-04	3.47e-04	
Num Msgs 128
SizeMsgs 1024
6.80e-04	6.81e-04	6.80e-04	6.80e-04	
Num Msgs 256
SizeMsgs 1024
1.40e-03	1.40e-03	1.41e-03	1.40e-03	
Num Msgs 512
SizeMsgs 1024
4.13e-03	4.08e-03	4.09e-03	4.09e-03	
Num Msgs 1024
SizeMsgs 1024
1.50e-02	1.39e-02	1.50e-02	1.39e-02	

Num Msgs 1
SizeMsgs 2048
1.16e-04	1.16e-04	1.15e-04	1.16e-04	
Num Msgs 2
SizeMsgs 2048
2.51e-04	2.51e-04	2.50e-04	2.51e-04	
Num Msgs 4
SizeMsgs 2048
2.24e-04	2.23e-04	2.25e-04	2.26e-04	
Num Msgs 8
SizeMsgs 2048
3.09e-04	3.13e-04	3.15e-04	3.08e-04	
Num Msgs 16
SizeMsgs 2048
2.09e-04	2.09e-04	2.10e-04	2.09e-04	
Num Msgs 32
SizeMsgs 2048
2.32e-04	2.39e-04	2.29e-04	2.34e-04	
Num Msgs 64
SizeMsgs 2048
3.65e-04	3.62e-04	3.63e-04	3.63e-04	
Num Msgs 128
SizeMsgs 2048
6.86e-04	6.85e-04	6.87e-04	6.86e-04	
Num Msgs 256
SizeMsgs 2048
1.42e-03	1.41e-03	1.43e-03	1.43e-03	
Num Msgs 512
SizeMsgs 2048
4.10e-03	4.13e-03	4.13e-03	4.13e-03	
Num Msgs 1024
SizeMsgs 2048
1.50e-02	1.39e-02	1.50e-02	1.40e-02	
Num Msgs 2048
SizeMsgs 2048
5.68e-02	5.21e-02	5.66e-02	5.21e-02	

Num Msgs 1
SizeMsgs 4096
2.28e-04	2.30e-04	2.32e-04	2.28e-04	
Num Msgs 2
SizeMsgs 4096
2.36e-04	2.36e-04	2.36e-04	2.36e-04	
Num Msgs 4
SizeMsgs 4096
5.04e-04	5.06e-04	5.06e-04	5.05e-04	
Num Msgs 8
SizeMsgs 4096
4.69e-04	4.67e-04	4.66e-04	4.60e-04	
Num Msgs 16
SizeMsgs 4096
6.83e-04	6.69e-04	7.41e-04	6.56e-04	
Num Msgs 32
SizeMsgs 4096
3.99e-04	4.14e-04	4.14e-04	4.07e-04	
Num Msgs 64
SizeMsgs 4096
4.17e-04	4.19e-04	4.23e-04	4.33e-04	
Num Msgs 128
SizeMsgs 4096
7.16e-04	7.14e-04	7.17e-04	7.17e-04	
Num Msgs 256
SizeMsgs 4096
1.44e-03	1.43e-03	1.44e-03	1.44e-03	
Num Msgs 512
SizeMsgs 4096
4.12e-03	4.11e-03	4.12e-03	4.13e-03	
Num Msgs 1024
SizeMsgs 4096
1.51e-02	1.40e-02	1.51e-02	1.40e-02	
Num Msgs 2048
SizeMsgs 4096
5.67e-02	5.21e-02	5.66e-02	5.19e-02	
Num Msgs 4096
SizeMsgs 4096
2.22e-01	2.03e-01	2.21e-01	2.03e-01	

Num Msgs 1
SizeMsgs 8192
4.59e-04	4.63e-04	4.68e-04	4.70e-04	
Num Msgs 2
SizeMsgs 8192
4.75e-04	4.75e-04	4.75e-04	4.75e-04	
Num Msgs 4
SizeMsgs 8192
4.76e-04	4.76e-04	4.76e-04	4.76e-04	
Num Msgs 8
SizeMsgs 8192
1.02e-03	1.03e-03	1.02e-03	1.03e-03	
Num Msgs 16
SizeMsgs 8192
9.38e-04	9.35e-04	9.55e-04	9.73e-04	
Num Msgs 32
SizeMsgs 8192
1.40e-03	1.19e-03	1.37e-03	1.22e-03	
Num Msgs 64
SizeMsgs 8192
8.03e-04	8.03e-04	8.02e-04	7.97e-04	
Num Msgs 128
SizeMsgs 8192
1.03e-03	1.04e-03	1.05e-03	1.04e-03	
Num Msgs 256
SizeMsgs 8192
1.49e-03	1.50e-03	1.49e-03	1.49e-03	
Num Msgs 512
SizeMsgs 8192
4.14e-03	4.14e-03	4.12e-03	4.13e-03	
Num Msgs 1024
SizeMsgs 8192
1.52e-02	1.40e-02	1.51e-02	1.40e-02	
Num Msgs 2048
SizeMsgs 8192
5.70e-02	5.22e-02	5.68e-02	5.22e-02	
Num Msgs 4096
SizeMsgs 8192
2.22e-01	2.03e-01	2.22e-01	2.03e-01	
Num Msgs 8192
SizeMsgs 8192
9.91e-01	9.07e-01	9.91e-01	9.07e-01	

Num Msgs 1
SizeMsgs 16384
9.21e-04	9.22e-04	9.45e-04	9.21e-04	
Num Msgs 2
SizeMsgs 16384
9.41e-04	9.39e-04	9.38e-04	9.36e-04	
Num Msgs 4
SizeMsgs 16384
9.48e-04	9.64e-04	9.62e-04	9.45e-04	
Num Msgs 8
SizeMsgs 16384
9.63e-04	9.65e-04	9.69e-04	9.65e-04	
Num Msgs 16
SizeMsgs 16384
2.04e-03	2.01e-03	2.03e-03	2.02e-03	
Num Msgs 32
SizeMsgs 16384
1.91e-03	1.89e-03	1.86e-03	1.92e-03	
Num Msgs 64
SizeMsgs 16384
2.32e-03	2.29e-03	2.43e-03	2.99e-03	
Num Msgs 128
SizeMsgs 16384
1.90e-03	1.90e-03	1.90e-03	1.90e-03	
Num Msgs 256
SizeMsgs 16384
2.09e-03	2.10e-03	2.09e-03	2.09e-03	
Num Msgs 512
SizeMsgs 16384
4.19e-03	4.18e-03	4.19e-03	4.18e-03	
Num Msgs 1024
SizeMsgs 16384
1.53e-02	1.40e-02	1.68e-02	1.40e-02	
Num Msgs 2048
SizeMsgs 16384
5.71e-02	5.23e-02	5.69e-02	5.22e-02	
Num Msgs 4096
SizeMsgs 16384
2.22e-01	2.03e-01	2.22e-01	2.05e-01	
Num Msgs 8192
SizeMsgs 16384
9.92e-01	9.06e-01	9.91e-01	9.07e-01	
Num Msgs 16384
SizeMsgs 16384
4.85e+00	4.43e+00	4.85e+00	4.43e+00	

Num Msgs 1
SizeMsgs 32768
1.85e-03	1.85e-03	1.85e-03	1.85e-03	
Num Msgs 2
SizeMsgs 32768
1.86e-03	1.85e-03	1.86e-03	1.89e-03	
Num Msgs 4
SizeMsgs 32768
1.88e-03	1.88e-03	1.89e-03	1.89e-03	
Num Msgs 8
SizeMsgs 32768
1.91e-03	1.93e-03	1.93e-03	1.93e-03	
Num Msgs 16
SizeMsgs 32768
1.93e-03	1.91e-03	1.93e-03	1.94e-03	
Num Msgs 32
SizeMsgs 32768
4.16e-03	4.06e-03	4.08e-03	4.06e-03	
Num Msgs 64
SizeMsgs 32768
3.89e-03	3.88e-03	3.81e-03	3.71e-03	
Num Msgs 128
SizeMsgs 32768
5.17e-03	5.08e-03	5.61e-03	5.68e-03	
Num Msgs 256
SizeMsgs 32768
3.79e-03	3.82e-03	3.84e-03	3.81e-03	
Num Msgs 512
SizeMsgs 32768
4.88e-03	4.91e-03	4.89e-03	4.88e-03	
Num Msgs 1024
SizeMsgs 32768
1.53e-02	1.41e-02	1.53e-02	1.41e-02	
Num Msgs 2048
SizeMsgs 32768
5.70e-02	5.23e-02	5.69e-02	5.23e-02	
Num Msgs 4096
SizeMsgs 32768
2.22e-01	2.03e-01	2.22e-01	2.03e-01	
Num Msgs 8192
SizeMsgs 32768
9.92e-01	9.07e-01	9.92e-01	9.07e-01	
Num Msgs 16384
SizeMsgs 32768
4.85e+00	4.43e+00	4.85e+00	4.43e+00	

Num Msgs 1
SizeMsgs 65536
3.70e-03	3.70e-03	3.70e-03	3.70e-03	
Num Msgs 2
SizeMsgs 65536
3.73e-03	3.72e-03	3.70e-03	3.75e-03	
Num Msgs 4
SizeMsgs 65536
3.77e-03	3.77e-03	3.76e-03	3.77e-03	
Num Msgs 8
SizeMsgs 65536
3.82e-03	3.82e-03	3.78e-03	3.84e-03	
Num Msgs 16
SizeMsgs 65536
3.83e-03	3.87e-03	3.87e-03	3.86e-03	
Num Msgs 32
SizeMsgs 65536
3.91e-03	3.88e-03	3.86e-03	3.84e-03	
Num Msgs 64
SizeMsgs 65536
8.30e-03	8.30e-03	8.08e-03	8.00e-03	
Num Msgs 128
SizeMsgs 65536
9.50e-03	8.60e-03	9.02e-03	8.55e-03	
Num Msgs 256
SizeMsgs 65536
1.07e-02	1.01e-02	1.17e-02	1.05e-02	
Num Msgs 512
SizeMsgs 65536
7.80e-03	7.80e-03	8.00e-03	8.23e-03	
Num Msgs 1024
SizeMsgs 65536
1.60e-02	1.50e-02	1.61e-02	1.50e-02	
Num Msgs 2048
SizeMsgs 65536
5.73e-02	5.26e-02	5.70e-02	5.25e-02	
Num Msgs 4096
SizeMsgs 65536
2.23e-01	2.04e-01	2.22e-01	2.03e-01	
Num Msgs 8192
SizeMsgs 65536
9.93e-01	9.08e-01	9.93e-01	9.08e-01	
Num Msgs 16384
SizeMsgs 65536
4.85e+00	4.43e+00	4.85e+00	4.43e+00	
