----------------------------------------
Begin Torque Prologue on nid27565
at Fri Apr 13 00:42:13 CDT 2018
Job Id:			8502036.bw
Username:		bienz
Group:			ILL_jq7
Job name:		nodecomm
Requested resources:	neednodes=16:ppn=32:xe,nodes=16:ppn=32:xe,walltime=00:20:00
Queue:			normal
Account:		jq7
End Torque Prologue:  0.108 elapsed
----------------------------------------




Pingpong for
master:  0, 1, 2, 3, 4, 5, 6, 7, 8, 9, 10, 11, 12, 13, 14, 15, 16, 17, 18, 19, 20, 21, 22, 23, 24, 25, 26, 27, 28, 29, 30, 31, 32, 33, 34, 35, 36, 37, 38, 39, 40, 41, 42, 43, 44, 45, 46, 47, 48, 49, 50, 51, 52, 53, 54, 55, 56, 57, 58, 59, 60, 61, 62, 63, 64, 65, 66, 67, 68, 69, 70, 71, 72, 73, 74, 75, 76, 77, 78, 79, 80, 81, 82, 83, 84, 85, 86, 87, 88, 89, 90, 91, 92, 93, 94, 95, 96, 97, 98, 99, 100, 101, 102, 103, 104, 105, 106, 107, 108, 109, 110, 111, 112, 113, 114, 115, 116, 117, 118, 119, 120, 121, 122, 123, 124, 125, 126, 127
partner: 128, 129, 130, 131, 132, 133, 134, 135, 136, 137, 138, 139, 140, 141, 142, 143, 144, 145, 146, 147, 148, 149, 150, 151, 152, 153, 154, 155, 156, 157, 158, 159, 160, 161, 162, 163, 164, 165, 166, 167, 168, 169, 170, 171, 172, 173, 174, 175, 176, 177, 178, 179, 180, 181, 182, 183, 184, 185, 186, 187, 188, 189, 190, 191, 192, 193, 194, 195, 196, 197, 198, 199, 200, 201, 202, 203, 204, 205, 206, 207, 208, 209, 210, 211, 212, 213, 214, 215, 216, 217, 218, 219, 220, 221, 222, 223, 224, 225, 226, 227, 228, 229, 230, 231, 232, 233, 234, 235, 236, 237, 238, 239, 240, 241, 242, 243, 244, 245, 246, 247, 248, 249, 250, 251, 252, 253, 254, 255

Num Msgs 1
SizeMsgs 1
4.53e-06	4.51e-06	4.51e-06	4.51e-06	

Num Msgs 1
SizeMsgs 2
4.54e-06	4.54e-06	4.54e-06	4.54e-06	
Num Msgs 2
SizeMsgs 2
1.04e-05	1.04e-05	1.04e-05	1.04e-05	

Num Msgs 1
SizeMsgs 4
4.60e-06	4.60e-06	4.59e-06	4.59e-06	
Num Msgs 2
SizeMsgs 4
1.05e-05	1.05e-05	1.05e-05	1.05e-05	
Num Msgs 4
SizeMsgs 4
2.21e-05	2.21e-05	2.21e-05	2.21e-05	

Num Msgs 1
SizeMsgs 8
5.46e-06	5.47e-06	5.47e-06	5.46e-06	
Num Msgs 2
SizeMsgs 8
1.05e-05	1.05e-05	1.05e-05	1.05e-05	
Num Msgs 4
SizeMsgs 8
2.22e-05	2.22e-05	2.22e-05	2.22e-05	
Num Msgs 8
SizeMsgs 8
4.54e-05	4.54e-05	4.55e-05	4.55e-05	

Num Msgs 1
SizeMsgs 16
6.40e-06	6.49e-06	6.50e-06	6.56e-06	
Num Msgs 2
SizeMsgs 16
1.18e-05	1.18e-05	1.18e-05	1.18e-05	
Num Msgs 4
SizeMsgs 16
2.23e-05	2.23e-05	2.23e-05	2.23e-05	
Num Msgs 8
SizeMsgs 16
4.57e-05	4.57e-05	4.57e-05	4.56e-05	
Num Msgs 16
SizeMsgs 16
9.97e-05	9.11e-05	9.19e-05	9.14e-05	

Num Msgs 1
SizeMsgs 32
9.78e-06	9.90e-06	9.74e-06	9.83e-06	
Num Msgs 2
SizeMsgs 32
1.25e-05	1.25e-05	1.25e-05	1.25e-05	
Num Msgs 4
SizeMsgs 32
2.49e-05	2.49e-05	2.50e-05	2.49e-05	
Num Msgs 8
SizeMsgs 32
4.58e-05	4.59e-05	4.59e-05	4.59e-05	
Num Msgs 16
SizeMsgs 32
9.22e-05	9.22e-05	9.37e-05	9.24e-05	
Num Msgs 32
SizeMsgs 32
1.89e-04	1.88e-04	1.88e-04	1.87e-04	

Num Msgs 1
SizeMsgs 64
1.76e-05	1.76e-05	1.76e-05	1.75e-05	
Num Msgs 2
SizeMsgs 64
1.91e-05	1.90e-05	1.92e-05	1.90e-05	
Num Msgs 4
SizeMsgs 64
2.60e-05	2.60e-05	2.60e-05	2.60e-05	
Num Msgs 8
SizeMsgs 64
5.09e-05	5.08e-05	5.08e-05	5.08e-05	
Num Msgs 16
SizeMsgs 64
9.23e-05	9.26e-05	9.28e-05	9.26e-05	
Num Msgs 32
SizeMsgs 64
1.90e-04	1.89e-04	1.89e-04	1.89e-04	
Num Msgs 64
SizeMsgs 64
3.77e-04	3.78e-04	3.78e-04	3.78e-04	

Num Msgs 1
SizeMsgs 128
3.13e-05	3.13e-05	3.13e-05	3.12e-05	
Num Msgs 2
SizeMsgs 128
3.39e-05	3.34e-05	3.36e-05	3.38e-05	
Num Msgs 4
SizeMsgs 128
3.70e-05	3.71e-05	3.70e-05	3.72e-05	
Num Msgs 8
SizeMsgs 128
5.33e-05	5.32e-05	5.31e-05	5.33e-05	
Num Msgs 16
SizeMsgs 128
1.04e-04	1.04e-04	1.04e-04	1.04e-04	
Num Msgs 32
SizeMsgs 128
1.89e-04	1.89e-04	1.90e-04	1.90e-04	
Num Msgs 64
SizeMsgs 128
3.79e-04	3.79e-04	3.82e-04	3.81e-04	
Num Msgs 128
SizeMsgs 128
7.60e-04	7.62e-04	7.63e-04	7.63e-04	

Num Msgs 1
SizeMsgs 256
5.78e-05	5.69e-05	5.78e-05	5.83e-05	
Num Msgs 2
SizeMsgs 256
6.26e-05	6.26e-05	6.26e-05	6.25e-05	
Num Msgs 4
SizeMsgs 256
6.57e-05	6.57e-05	6.57e-05	6.56e-05	
Num Msgs 8
SizeMsgs 256
7.77e-05	7.75e-05	7.80e-05	7.79e-05	
Num Msgs 16
SizeMsgs 256
1.16e-04	1.19e-04	1.08e-04	1.19e-04	
Num Msgs 32
SizeMsgs 256
2.15e-04	2.12e-04	2.12e-04	2.12e-04	
Num Msgs 64
SizeMsgs 256
3.80e-04	3.79e-04	3.82e-04	3.79e-04	
Num Msgs 128
SizeMsgs 256
7.73e-04	7.77e-04	7.75e-04	7.73e-04	
Num Msgs 256
SizeMsgs 256
1.60e-03	1.61e-03	1.60e-03	1.60e-03	

Num Msgs 1
SizeMsgs 512
1.21e-04	1.22e-04	1.22e-04	1.21e-04	
Num Msgs 2
SizeMsgs 512
1.25e-04	1.25e-04	1.25e-04	1.25e-04	
Num Msgs 4
SizeMsgs 512
1.23e-04	1.24e-04	1.23e-04	1.23e-04	
Num Msgs 8
SizeMsgs 512
1.31e-04	1.31e-04	1.31e-04	1.31e-04	
Num Msgs 16
SizeMsgs 512
1.69e-04	1.77e-04	1.76e-04	1.73e-04	
Num Msgs 32
SizeMsgs 512
2.55e-04	2.41e-04	2.42e-04	2.45e-04	
Num Msgs 64
SizeMsgs 512
4.45e-04	4.40e-04	4.31e-04	4.47e-04	
Num Msgs 128
SizeMsgs 512
7.77e-04	7.75e-04	7.82e-04	7.75e-04	
Num Msgs 256
SizeMsgs 512
1.62e-03	1.61e-03	1.61e-03	1.62e-03	
Num Msgs 512
SizeMsgs 512
4.27e-03	4.27e-03	4.27e-03	4.28e-03	

Num Msgs 1
SizeMsgs 1024
2.70e-04	2.70e-04	2.70e-04	2.70e-04	
Num Msgs 2
SizeMsgs 1024
2.75e-04	2.75e-04	2.75e-04	2.75e-04	
Num Msgs 4
SizeMsgs 1024
3.23e-04	3.23e-04	3.22e-04	3.22e-04	
Num Msgs 8
SizeMsgs 1024
2.84e-04	2.84e-04	2.83e-04	2.84e-04	
Num Msgs 16
SizeMsgs 1024
3.02e-04	3.05e-04	3.11e-04	3.06e-04	
Num Msgs 32
SizeMsgs 1024
3.69e-04	3.75e-04	3.68e-04	3.74e-04	
Num Msgs 64
SizeMsgs 1024
4.77e-04	4.94e-04	4.94e-04	4.97e-04	
Num Msgs 128
SizeMsgs 1024
1.02e-03	1.05e-03	1.01e-03	1.05e-03	
Num Msgs 256
SizeMsgs 1024
1.62e-03	1.62e-03	1.62e-03	1.62e-03	
Num Msgs 512
SizeMsgs 1024
4.31e-03	4.31e-03	4.31e-03	4.31e-03	
Num Msgs 1024
SizeMsgs 1024
1.53e-02	1.41e-02	1.52e-02	1.42e-02	

Num Msgs 1
SizeMsgs 2048
5.00e-04	5.00e-04	5.00e-04	5.00e-04	
Num Msgs 2
SizeMsgs 2048
5.71e-04	5.71e-04	5.71e-04	5.71e-04	
Num Msgs 4
SizeMsgs 2048
5.88e-04	5.87e-04	5.87e-04	5.87e-04	
Num Msgs 8
SizeMsgs 2048
7.04e-04	7.03e-04	7.04e-04	7.03e-04	
Num Msgs 16
SizeMsgs 2048
6.01e-04	5.99e-04	5.99e-04	6.01e-04	
Num Msgs 32
SizeMsgs 2048
6.54e-04	6.44e-04	6.52e-04	6.54e-04	
Num Msgs 64
SizeMsgs 2048
7.74e-04	7.95e-04	7.98e-04	8.00e-04	
Num Msgs 128
SizeMsgs 2048
1.26e-03	1.25e-03	1.26e-03	1.26e-03	
Num Msgs 256
SizeMsgs 2048
2.14e-03	2.16e-03	2.14e-03	2.13e-03	
Num Msgs 512
SizeMsgs 2048
4.33e-03	4.34e-03	4.32e-03	4.32e-03	
Num Msgs 1024
SizeMsgs 2048
1.54e-02	1.42e-02	1.53e-02	1.44e-02	
Num Msgs 2048
SizeMsgs 2048
5.82e-02	5.23e-02	5.66e-02	5.23e-02	

Num Msgs 1
SizeMsgs 4096
9.68e-04	9.99e-04	9.72e-04	9.70e-04	
Num Msgs 2
SizeMsgs 4096
1.03e-03	1.03e-03	1.03e-03	1.03e-03	
Num Msgs 4
SizeMsgs 4096
1.18e-03	1.18e-03	1.18e-03	1.18e-03	
Num Msgs 8
SizeMsgs 4096
1.21e-03	1.22e-03	1.21e-03	1.21e-03	
Num Msgs 16
SizeMsgs 4096
1.42e-03	1.38e-03	1.43e-03	1.40e-03	
Num Msgs 32
SizeMsgs 4096
1.28e-03	1.25e-03	1.26e-03	1.26e-03	
Num Msgs 64
SizeMsgs 4096
1.37e-03	1.36e-03	1.36e-03	1.37e-03	
Num Msgs 128
SizeMsgs 4096
1.84e-03	1.85e-03	1.88e-03	2.02e-03	
Num Msgs 256
SizeMsgs 4096
2.66e-03	2.65e-03	2.60e-03	2.67e-03	
Num Msgs 512
SizeMsgs 4096
4.98e-03	4.97e-03	4.92e-03	4.99e-03	
Num Msgs 1024
SizeMsgs 4096
1.54e-02	1.43e-02	1.53e-02	1.44e-02	
Num Msgs 2048
SizeMsgs 4096
5.70e-02	5.25e-02	5.69e-02	5.25e-02	
Num Msgs 4096
SizeMsgs 4096
2.25e-01	2.03e-01	2.21e-01	2.03e-01	

Num Msgs 1
SizeMsgs 8192
1.89e-03	1.91e-03	1.92e-03	1.90e-03	
Num Msgs 2
SizeMsgs 8192
1.97e-03	2.05e-03	1.97e-03	2.02e-03	
Num Msgs 4
SizeMsgs 8192
2.10e-03	2.09e-03	2.10e-03	2.10e-03	
Num Msgs 8
SizeMsgs 8192
2.41e-03	2.41e-03	2.41e-03	2.41e-03	
Num Msgs 16
SizeMsgs 8192
2.47e-03	2.46e-03	2.47e-03	2.47e-03	
Num Msgs 32
SizeMsgs 8192
2.65e-03	2.73e-03	2.80e-03	2.85e-03	
Num Msgs 64
SizeMsgs 8192
2.57e-03	2.58e-03	2.62e-03	2.62e-03	
Num Msgs 128
SizeMsgs 8192
2.94e-03	3.06e-03	3.35e-03	3.09e-03	
Num Msgs 256
SizeMsgs 8192
3.96e-03	4.03e-03	3.98e-03	3.78e-03	
Num Msgs 512
SizeMsgs 8192
5.90e-03	6.01e-03	6.02e-03	6.01e-03	
Num Msgs 1024
SizeMsgs 8192
1.65e-02	1.56e-02	1.65e-02	1.56e-02	
Num Msgs 2048
SizeMsgs 8192
5.73e-02	5.26e-02	5.71e-02	5.25e-02	
Num Msgs 4096
SizeMsgs 8192
2.22e-01	2.04e-01	2.22e-01	2.03e-01	
Num Msgs 8192
SizeMsgs 8192
9.98e-01	9.06e-01	9.92e-01	9.06e-01	

Num Msgs 1
SizeMsgs 16384
4.28e-03	4.30e-03	4.31e-03	4.29e-03	
Num Msgs 2
SizeMsgs 16384
3.95e-03	3.87e-03	4.13e-03	3.94e-03	
Num Msgs 4
SizeMsgs 16384
3.98e-03	4.14e-03	4.00e-03	4.14e-03	
Num Msgs 8
SizeMsgs 16384
4.16e-03	4.22e-03	4.20e-03	4.22e-03	
Num Msgs 16
SizeMsgs 16384
4.92e-03	4.91e-03	4.92e-03	4.92e-03	
Num Msgs 32
SizeMsgs 16384
4.99e-03	4.98e-03	4.99e-03	4.97e-03	
Num Msgs 64
SizeMsgs 16384
5.44e-03	5.45e-03	5.44e-03	5.43e-03	
Num Msgs 128
SizeMsgs 16384
5.45e-03	5.63e-03	5.70e-03	5.55e-03	
Num Msgs 256
SizeMsgs 16384
6.46e-03	6.18e-03	6.32e-03	6.29e-03	
Num Msgs 512
SizeMsgs 16384
8.23e-03	8.21e-03	8.07e-03	8.35e-03	
Num Msgs 1024
SizeMsgs 16384
1.75e-02	1.66e-02	1.75e-02	1.66e-02	
Num Msgs 2048
SizeMsgs 16384
5.83e-02	5.38e-02	5.83e-02	5.38e-02	
Num Msgs 4096
SizeMsgs 16384
2.23e-01	2.04e-01	2.22e-01	2.04e-01	
Num Msgs 8192
SizeMsgs 16384
9.92e-01	9.05e-01	9.93e-01	9.06e-01	
Num Msgs 16384
SizeMsgs 16384
4.86e+00	4.42e+00	4.85e+00	4.42e+00	

Num Msgs 1
SizeMsgs 32768
8.46e-03	8.39e-03	8.41e-03	8.40e-03	
Num Msgs 2
SizeMsgs 32768
8.23e-03	8.25e-03	8.15e-03	8.19e-03	
Num Msgs 4
SizeMsgs 32768
8.22e-03	7.87e-03	7.85e-03	7.85e-03	
Num Msgs 8
SizeMsgs 32768
8.32e-03	7.97e-03	8.30e-03	8.32e-03	
Num Msgs 16
SizeMsgs 32768
8.43e-03	8.48e-03	8.47e-03	8.46e-03	
Num Msgs 32
SizeMsgs 32768
1.00e-02	9.89e-03	9.97e-03	9.83e-03	
Num Msgs 64
SizeMsgs 32768
1.02e-02	1.01e-02	1.01e-02	1.01e-02	
Num Msgs 128
SizeMsgs 32768
1.18e-02	1.22e-02	1.18e-02	1.15e-02	
Num Msgs 256
SizeMsgs 32768
1.12e-02	1.21e-02	1.12e-02	1.14e-02	
Num Msgs 512
SizeMsgs 32768
1.25e-02	1.29e-02	1.28e-02	1.22e-02	
Num Msgs 1024
SizeMsgs 32768
2.06e-02	2.02e-02	2.09e-02	2.02e-02	
Num Msgs 2048
SizeMsgs 32768
5.95e-02	5.49e-02	5.93e-02	5.49e-02	
Num Msgs 4096
SizeMsgs 32768
2.24e-01	2.05e-01	2.24e-01	2.05e-01	
Num Msgs 8192
SizeMsgs 32768
9.93e-01	9.06e-01	9.93e-01	9.06e-01	
Num Msgs 16384
SizeMsgs 32768
4.85e+00	4.42e+00	4.85e+00	4.42e+00	

Num Msgs 1
SizeMsgs 65536
1.70e-02	1.69e-02	1.69e-02	1.69e-02	
Num Msgs 2
SizeMsgs 65536
1.67e-02	1.66e-02	1.67e-02	1.67e-02	
Num Msgs 4
SizeMsgs 65536
1.63e-02	1.66e-02	1.68e-02	1.64e-02	
Num Msgs 8
SizeMsgs 65536
1.64e-02	1.61e-02	1.58e-02	1.68e-02	
Num Msgs 16
SizeMsgs 65536
1.69e-02	1.69e-02	1.68e-02	1.63e-02	
Num Msgs 32
SizeMsgs 65536
1.71e-02	1.69e-02	1.69e-02	1.68e-02	
Num Msgs 64
SizeMsgs 65536
2.00e-02	2.01e-02	1.99e-02	2.00e-02	
Num Msgs 128
SizeMsgs 65536
2.18e-02	2.13e-02	2.15e-02	2.10e-02	
Num Msgs 256
SizeMsgs 65536
2.39e-02	2.39e-02	2.40e-02	2.37e-02	
Num Msgs 512
SizeMsgs 65536
2.30e-02	2.46e-02	2.26e-02	2.47e-02	
Num Msgs 1024
SizeMsgs 65536
3.17e-02	3.11e-02	3.13e-02	3.12e-02	
Num Msgs 2048
SizeMsgs 65536
6.28e-02	5.88e-02	6.27e-02	5.89e-02	
Num Msgs 4096
SizeMsgs 65536
2.25e-01	2.06e-01	2.25e-01	2.06e-01	
Num Msgs 8192
SizeMsgs 65536
9.94e-01	9.07e-01	9.94e-01	9.07e-01	
Num Msgs 16384
SizeMsgs 65536
4.85e+00	4.42e+00	4.85e+00	4.42e+00	
Pingpong for
master:  0, 1, 2, 3, 4, 5, 6, 7, 8, 9, 10, 11, 12, 13, 14, 15, 16, 17, 18, 19, 20, 21, 22, 23, 24, 25, 26, 27, 28, 29, 30, 31, 32, 33, 34, 35, 36, 37, 38, 39, 40, 41, 42, 43, 44, 45, 46, 47, 48, 49, 50, 51, 52, 53, 54, 55, 56, 57, 58, 59, 60, 61, 62, 63, 64, 65, 66, 67, 68, 69, 70, 71, 72, 73, 74, 75, 76, 77, 78, 79, 80, 81, 82, 83, 84, 85, 86, 87, 88, 89, 90, 91, 92, 93, 94, 95, 96, 97, 98, 99, 100, 101, 102, 103, 104, 105, 106, 107, 108, 109, 110, 111, 112, 113, 114, 115, 116, 117, 118, 119, 120, 121, 122, 123, 124, 125, 126, 127
partner: 128, 129, 130, 131, 132, 133, 134, 135, 136, 137, 138, 139, 140, 141, 142, 143, 144, 145, 146, 147, 148, 149, 150, 151, 152, 153, 154, 155, 156, 157, 158, 159, 160, 161, 162, 163, 164, 165, 166, 167, 168, 169, 170, 171, 172, 173, 174, 175, 176, 177, 178, 179, 180, 181, 182, 183, 184, 185, 186, 187, 188, 189, 190, 191, 192, 193, 194, 195, 196, 197, 198, 199, 200, 201, 202, 203, 204, 205, 206, 207, 208, 209, 210, 211, 212, 213, 214, 215, 216, 217, 218, 219, 220, 221, 222, 223, 224, 225, 226, 227, 228, 229, 230, 231, 232, 233, 234, 235, 236, 237, 238, 239, 240, 241, 242, 243, 244, 245, 246, 247, 248, 249, 250, 251, 252, 253, 254, 255

Num Msgs 1
SizeMsgs 1
4.50e-06	4.50e-06	4.51e-06	4.51e-06	

Num Msgs 1
SizeMsgs 2
4.53e-06	4.68e-06	4.54e-06	4.53e-06	
Num Msgs 2
SizeMsgs 2
1.04e-05	1.04e-05	1.04e-05	1.04e-05	

Num Msgs 1
SizeMsgs 4
4.59e-06	4.59e-06	4.59e-06	4.60e-06	
Num Msgs 2
SizeMsgs 4
1.05e-05	1.05e-05	1.05e-05	1.05e-05	
Num Msgs 4
SizeMsgs 4
2.21e-05	2.22e-05	2.22e-05	2.22e-05	

Num Msgs 1
SizeMsgs 8
5.55e-06	5.54e-06	5.55e-06	5.55e-06	
Num Msgs 2
SizeMsgs 8
1.06e-05	1.06e-05	1.06e-05	1.06e-05	
Num Msgs 4
SizeMsgs 8
2.23e-05	2.23e-05	2.23e-05	2.23e-05	
Num Msgs 8
SizeMsgs 8
4.57e-05	4.57e-05	4.56e-05	4.57e-05	

Num Msgs 1
SizeMsgs 16
6.61e-06	6.65e-06	6.65e-06	6.53e-06	
Num Msgs 2
SizeMsgs 16
1.20e-05	1.18e-05	1.18e-05	1.18e-05	
Num Msgs 4
SizeMsgs 16
2.24e-05	2.24e-05	2.24e-05	2.24e-05	
Num Msgs 8
SizeMsgs 16
4.59e-05	4.59e-05	4.59e-05	4.59e-05	
Num Msgs 16
SizeMsgs 16
9.20e-05	9.21e-05	9.20e-05	9.22e-05	

Num Msgs 1
SizeMsgs 32
9.95e-06	9.95e-06	9.83e-06	9.88e-06	
Num Msgs 2
SizeMsgs 32
1.26e-05	1.26e-05	1.26e-05	1.26e-05	
Num Msgs 4
SizeMsgs 32
2.50e-05	2.50e-05	2.50e-05	2.50e-05	
Num Msgs 8
SizeMsgs 32
4.60e-05	4.61e-05	4.62e-05	4.61e-05	
Num Msgs 16
SizeMsgs 32
9.22e-05	9.22e-05	9.30e-05	9.25e-05	
Num Msgs 32
SizeMsgs 32
1.89e-04	1.88e-04	1.89e-04	1.89e-04	

Num Msgs 1
SizeMsgs 64
1.78e-05	1.78e-05	1.81e-05	1.78e-05	
Num Msgs 2
SizeMsgs 64
1.95e-05	1.92e-05	1.94e-05	1.94e-05	
Num Msgs 4
SizeMsgs 64
2.61e-05	2.61e-05	2.61e-05	2.61e-05	
Num Msgs 8
SizeMsgs 64
5.07e-05	5.09e-05	5.08e-05	5.09e-05	
Num Msgs 16
SizeMsgs 64
9.25e-05	9.21e-05	9.27e-05	9.26e-05	
Num Msgs 32
SizeMsgs 64
1.89e-04	1.89e-04	1.89e-04	1.89e-04	
Num Msgs 64
SizeMsgs 64
3.79e-04	3.79e-04	3.78e-04	3.77e-04	

Num Msgs 1
SizeMsgs 128
3.15e-05	3.16e-05	3.15e-05	3.16e-05	
Num Msgs 2
SizeMsgs 128
3.40e-05	3.36e-05	3.36e-05	3.39e-05	
Num Msgs 4
SizeMsgs 128
3.75e-05	3.76e-05	3.75e-05	3.75e-05	
Num Msgs 8
SizeMsgs 128
5.34e-05	5.34e-05	5.33e-05	5.35e-05	
Num Msgs 16
SizeMsgs 128
1.03e-04	1.06e-04	1.04e-04	1.03e-04	
Num Msgs 32
SizeMsgs 128
1.89e-04	1.89e-04	1.90e-04	1.91e-04	
Num Msgs 64
SizeMsgs 128
3.80e-04	3.81e-04	3.79e-04	3.79e-04	
Num Msgs 128
SizeMsgs 128
7.72e-04	7.68e-04	7.71e-04	7.70e-04	

Num Msgs 1
SizeMsgs 256
6.85e-05	6.90e-05	6.84e-05	6.85e-05	
Num Msgs 2
SizeMsgs 256
6.30e-05	6.32e-05	6.29e-05	6.30e-05	
Num Msgs 4
SizeMsgs 256
6.58e-05	6.58e-05	6.60e-05	6.59e-05	
Num Msgs 8
SizeMsgs 256
7.87e-05	7.89e-05	7.92e-05	7.87e-05	
Num Msgs 16
SizeMsgs 256
1.11e-04	1.21e-04	1.10e-04	1.17e-04	
Num Msgs 32
SizeMsgs 256
2.12e-04	2.26e-04	2.30e-04	2.16e-04	
Num Msgs 64
SizeMsgs 256
3.80e-04	3.81e-04	3.80e-04	3.79e-04	
Num Msgs 128
SizeMsgs 256
7.86e-04	7.83e-04	7.84e-04	7.80e-04	
Num Msgs 256
SizeMsgs 256
1.60e-03	1.60e-03	1.59e-03	1.60e-03	

Num Msgs 1
SizeMsgs 512
1.26e-04	1.28e-04	1.26e-04	1.26e-04	
Num Msgs 2
SizeMsgs 512
1.36e-04	1.34e-04	1.32e-04	1.31e-04	
Num Msgs 4
SizeMsgs 512
1.23e-04	1.23e-04	1.24e-04	1.23e-04	
Num Msgs 8
SizeMsgs 512
1.31e-04	1.31e-04	1.31e-04	1.31e-04	
Num Msgs 16
SizeMsgs 512
1.72e-04	1.71e-04	1.79e-04	1.72e-04	
Num Msgs 32
SizeMsgs 512
2.61e-04	2.60e-04	2.53e-04	2.60e-04	
Num Msgs 64
SizeMsgs 512
4.42e-04	4.32e-04	4.39e-04	4.25e-04	
Num Msgs 128
SizeMsgs 512
7.72e-04	7.73e-04	7.77e-04	7.75e-04	
Num Msgs 256
SizeMsgs 512
1.62e-03	1.61e-03	1.61e-03	1.61e-03	
Num Msgs 512
SizeMsgs 512
4.31e-03	4.29e-03	4.28e-03	4.29e-03	

Num Msgs 1
SizeMsgs 1024
2.73e-04	2.73e-04	2.73e-04	2.73e-04	
Num Msgs 2
SizeMsgs 1024
2.79e-04	2.79e-04	2.79e-04	2.79e-04	
Num Msgs 4
SizeMsgs 1024
3.34e-04	3.33e-04	3.32e-04	3.31e-04	
Num Msgs 8
SizeMsgs 1024
2.84e-04	2.84e-04	2.84e-04	2.84e-04	
Num Msgs 16
SizeMsgs 1024
3.10e-04	3.10e-04	3.06e-04	3.06e-04	
Num Msgs 32
SizeMsgs 1024
3.66e-04	3.73e-04	3.69e-04	3.71e-04	
Num Msgs 64
SizeMsgs 1024
4.81e-04	4.80e-04	4.74e-04	4.90e-04	
Num Msgs 128
SizeMsgs 1024
1.03e-03	1.04e-03	1.04e-03	1.03e-03	
Num Msgs 256
SizeMsgs 1024
1.63e-03	1.62e-03	1.63e-03	1.61e-03	
Num Msgs 512
SizeMsgs 1024
4.36e-03	4.36e-03	4.34e-03	4.34e-03	
Num Msgs 1024
SizeMsgs 1024
1.56e-02	1.41e-02	1.55e-02	1.42e-02	

Num Msgs 1
SizeMsgs 2048
5.00e-04	5.00e-04	5.00e-04	5.01e-04	
Num Msgs 2
SizeMsgs 2048
5.75e-04	5.75e-04	5.75e-04	5.75e-04	
Num Msgs 4
SizeMsgs 2048
5.96e-04	5.95e-04	5.96e-04	5.95e-04	
Num Msgs 8
SizeMsgs 2048
7.26e-04	7.22e-04	7.23e-04	7.26e-04	
Num Msgs 16
SizeMsgs 2048
5.98e-04	5.98e-04	6.03e-04	6.00e-04	
Num Msgs 32
SizeMsgs 2048
6.55e-04	6.48e-04	6.52e-04	6.47e-04	
Num Msgs 64
SizeMsgs 2048
7.95e-04	7.73e-04	7.87e-04	7.92e-04	
Num Msgs 128
SizeMsgs 2048
1.26e-03	1.24e-03	1.24e-03	1.26e-03	
Num Msgs 256
SizeMsgs 2048
2.14e-03	2.15e-03	2.15e-03	2.14e-03	
Num Msgs 512
SizeMsgs 2048
4.39e-03	4.38e-03	4.38e-03	4.38e-03	
Num Msgs 1024
SizeMsgs 2048
1.58e-02	1.42e-02	1.56e-02	1.45e-02	
Num Msgs 2048
SizeMsgs 2048
5.81e-02	5.24e-02	5.79e-02	5.24e-02	

Num Msgs 1
SizeMsgs 4096
9.76e-04	1.01e-03	9.72e-04	9.76e-04	
Num Msgs 2
SizeMsgs 4096
1.03e-03	1.03e-03	1.03e-03	1.03e-03	
Num Msgs 4
SizeMsgs 4096
1.20e-03	1.19e-03	1.19e-03	1.19e-03	
Num Msgs 8
SizeMsgs 4096
1.23e-03	1.23e-03	1.23e-03	1.23e-03	
Num Msgs 16
SizeMsgs 4096
1.45e-03	1.42e-03	1.45e-03	1.52e-03	
Num Msgs 32
SizeMsgs 4096
1.26e-03	1.25e-03	1.26e-03	1.26e-03	
Num Msgs 64
SizeMsgs 4096
1.39e-03	1.38e-03	1.35e-03	1.36e-03	
Num Msgs 128
SizeMsgs 4096
2.00e-03	2.00e-03	1.86e-03	1.83e-03	
Num Msgs 256
SizeMsgs 4096
2.70e-03	2.66e-03	2.65e-03	2.63e-03	
Num Msgs 512
SizeMsgs 4096
4.99e-03	5.00e-03	4.96e-03	5.04e-03	
Num Msgs 1024
SizeMsgs 4096
1.59e-02	1.43e-02	1.57e-02	1.45e-02	
Num Msgs 2048
SizeMsgs 4096
5.84e-02	5.26e-02	5.83e-02	5.26e-02	
Num Msgs 4096
SizeMsgs 4096
2.25e-01	2.03e-01	2.25e-01	2.03e-01	

Num Msgs 1
SizeMsgs 8192
1.90e-03	1.95e-03	1.91e-03	1.86e-03	
Num Msgs 2
SizeMsgs 8192
