----------------------------------------
Begin Torque Prologue on nid25331
at Thu Apr 12 12:35:02 CDT 2018
Job Id:			8501542.bw
Username:		bienz
Group:			ILL_jq7
Job name:		nodecomm
Requested resources:	neednodes=8:ppn=32:xe,nodes=8:ppn=32:xe,walltime=00:20:00
Queue:			normal
Account:		jq7
End Torque Prologue:  0.124 elapsed
----------------------------------------




Pingpong for
master:  0, 1, 2, 3, 4, 5, 6, 7, 8, 9, 10, 11, 12, 13, 14, 15, 16, 17, 18, 19, 20, 21, 22, 23, 24, 25, 26, 27, 28, 29, 30, 31, 32, 33, 34, 35, 36, 37, 38, 39, 40, 41, 42, 43, 44, 45, 46, 47, 48, 49, 50, 51, 52, 53, 54, 55, 56, 57, 58, 59, 60, 61, 62, 63
partner: 64, 65, 66, 67, 68, 69, 70, 71, 72, 73, 74, 75, 76, 77, 78, 79, 80, 81, 82, 83, 84, 85, 86, 87, 88, 89, 90, 91, 92, 93, 94, 95, 96, 97, 98, 99, 100, 101, 102, 103, 104, 105, 106, 107, 108, 109, 110, 111, 112, 113, 114, 115, 116, 117, 118, 119, 120, 121, 122, 123, 124, 125, 126, 127

Num Msgs 1
SizeMsgs 1
3.97e-06	3.98e-06	3.98e-06	3.96e-06	

Num Msgs 1
SizeMsgs 2
3.98e-06	3.98e-06	3.99e-06	3.97e-06	
Num Msgs 2
SizeMsgs 2
8.74e-06	8.75e-06	8.76e-06	8.76e-06	

Num Msgs 1
SizeMsgs 4
4.01e-06	4.01e-06	4.02e-06	4.02e-06	
Num Msgs 2
SizeMsgs 4
8.78e-06	8.77e-06	8.79e-06	8.78e-06	
Num Msgs 4
SizeMsgs 4
1.81e-05	1.81e-05	1.81e-05	1.81e-05	

Num Msgs 1
SizeMsgs 8
4.12e-06	4.12e-06	4.14e-06	4.13e-06	
Num Msgs 2
SizeMsgs 8
8.85e-06	8.85e-06	8.85e-06	8.85e-06	
Num Msgs 4
SizeMsgs 8
1.81e-05	1.81e-05	1.81e-05	1.82e-05	
Num Msgs 8
SizeMsgs 8
3.68e-05	3.67e-05	3.68e-05	3.68e-05	

Num Msgs 1
SizeMsgs 16
4.20e-06	4.21e-06	4.22e-06	4.21e-06	
Num Msgs 2
SizeMsgs 16
9.05e-06	9.06e-06	9.05e-06	9.05e-06	
Num Msgs 4
SizeMsgs 16
1.83e-05	1.83e-05	1.83e-05	1.83e-05	
Num Msgs 8
SizeMsgs 16
3.69e-05	3.69e-05	3.69e-05	3.69e-05	
Num Msgs 16
SizeMsgs 16
8.20e-05	7.39e-05	7.42e-05	7.40e-05	

Num Msgs 1
SizeMsgs 32
4.50e-06	4.49e-06	4.51e-06	4.52e-06	
Num Msgs 2
SizeMsgs 32
9.19e-06	9.20e-06	9.20e-06	9.19e-06	
Num Msgs 4
SizeMsgs 32
1.85e-05	1.85e-05	1.85e-05	1.85e-05	
Num Msgs 8
SizeMsgs 32
3.71e-05	3.71e-05	3.71e-05	3.71e-05	
Num Msgs 16
SizeMsgs 32
7.43e-05	7.41e-05	7.41e-05	7.40e-05	
Num Msgs 32
SizeMsgs 32
1.50e-04	1.49e-04	1.49e-04	1.49e-04	

Num Msgs 1
SizeMsgs 64
6.34e-06	6.33e-06	6.32e-06	6.33e-06	
Num Msgs 2
SizeMsgs 64
9.84e-06	9.86e-06	9.85e-06	9.86e-06	
Num Msgs 4
SizeMsgs 64
1.88e-05	1.88e-05	1.89e-05	1.89e-05	
Num Msgs 8
SizeMsgs 64
3.77e-05	3.77e-05	3.78e-05	3.78e-05	
Num Msgs 16
SizeMsgs 64
7.49e-05	7.46e-05	7.49e-05	7.46e-05	
Num Msgs 32
SizeMsgs 64
1.49e-04	1.49e-04	1.49e-04	1.49e-04	
Num Msgs 64
SizeMsgs 64
3.03e-04	3.02e-04	3.03e-04	3.03e-04	

Num Msgs 1
SizeMsgs 128
1.08e-05	1.10e-05	1.10e-05	1.08e-05	
Num Msgs 2
SizeMsgs 128
1.28e-05	1.27e-05	1.27e-05	1.27e-05	
Num Msgs 4
SizeMsgs 128
2.05e-05	2.06e-05	2.06e-05	2.06e-05	
Num Msgs 8
SizeMsgs 128
3.84e-05	3.84e-05	3.83e-05	3.84e-05	
Num Msgs 16
SizeMsgs 128
7.61e-05	7.64e-05	7.64e-05	7.65e-05	
Num Msgs 32
SizeMsgs 128
1.50e-04	1.50e-04	1.50e-04	1.50e-04	
Num Msgs 64
SizeMsgs 128
3.03e-04	3.02e-04	3.03e-04	3.03e-04	
Num Msgs 128
SizeMsgs 128
5.94e-04	5.92e-04	5.91e-04	5.92e-04	

Num Msgs 1
SizeMsgs 256
2.16e-05	2.16e-05	2.16e-05	2.16e-05	
Num Msgs 2
SizeMsgs 256
2.18e-05	2.18e-05	2.18e-05	2.19e-05	
Num Msgs 4
SizeMsgs 256
2.58e-05	2.58e-05	2.58e-05	2.58e-05	
Num Msgs 8
SizeMsgs 256
4.13e-05	4.13e-05	4.13e-05	4.13e-05	
Num Msgs 16
SizeMsgs 256
7.72e-05	7.74e-05	7.75e-05	7.74e-05	
Num Msgs 32
SizeMsgs 256
1.54e-04	1.54e-04	1.54e-04	1.53e-04	
Num Msgs 64
SizeMsgs 256
3.04e-04	3.04e-04	3.04e-04	3.04e-04	
Num Msgs 128
SizeMsgs 256
5.95e-04	5.92e-04	5.93e-04	5.91e-04	
Num Msgs 256
SizeMsgs 256
1.30e-03	1.29e-03	1.31e-03	1.31e-03	

Num Msgs 1
SizeMsgs 512
4.45e-05	4.39e-05	4.37e-05	4.36e-05	
Num Msgs 2
SizeMsgs 512
4.58e-05	4.58e-05	4.60e-05	4.57e-05	
Num Msgs 4
SizeMsgs 512
4.59e-05	4.59e-05	4.58e-05	4.59e-05	
Num Msgs 8
SizeMsgs 512
5.38e-05	5.37e-05	5.38e-05	5.36e-05	
Num Msgs 16
SizeMsgs 512
8.83e-05	9.05e-05	8.70e-05	8.79e-05	
Num Msgs 32
SizeMsgs 512
1.58e-04	1.58e-04	1.58e-04	1.58e-04	
Num Msgs 64
SizeMsgs 512
3.12e-04	3.13e-04	3.13e-04	3.13e-04	
Num Msgs 128
SizeMsgs 512
6.00e-04	5.99e-04	5.99e-04	5.98e-04	
Num Msgs 256
SizeMsgs 512
1.31e-03	1.30e-03	1.31e-03	1.30e-03	
Num Msgs 512
SizeMsgs 512
4.01e-03	3.99e-03	3.98e-03	4.02e-03	

Num Msgs 1
SizeMsgs 1024
1.04e-04	1.04e-04	1.04e-04	1.05e-04	
Num Msgs 2
SizeMsgs 1024
9.72e-05	9.72e-05	9.73e-05	9.73e-05	
Num Msgs 4
SizeMsgs 1024
1.21e-04	1.22e-04	1.22e-04	1.24e-04	
Num Msgs 8
SizeMsgs 1024
1.04e-04	1.04e-04	1.04e-04	1.04e-04	
Num Msgs 16
SizeMsgs 1024
1.14e-04	1.16e-04	1.16e-04	1.15e-04	
Num Msgs 32
SizeMsgs 1024
1.73e-04	1.75e-04	1.73e-04	1.74e-04	
Num Msgs 64
SizeMsgs 1024
3.22e-04	3.21e-04	3.21e-04	3.20e-04	
Num Msgs 128
SizeMsgs 1024
6.18e-04	6.16e-04	6.15e-04	6.15e-04	
Num Msgs 256
SizeMsgs 1024
1.31e-03	1.31e-03	1.32e-03	1.31e-03	
Num Msgs 512
SizeMsgs 1024
3.98e-03	3.99e-03	4.00e-03	4.01e-03	
Num Msgs 1024
SizeMsgs 1024
1.49e-02	1.36e-02	1.49e-02	1.38e-02	

Num Msgs 1
SizeMsgs 2048
1.79e-04	1.79e-04	1.79e-04	1.79e-04	
Num Msgs 2
SizeMsgs 2048
2.21e-04	2.21e-04	2.21e-04	2.22e-04	
Num Msgs 4
SizeMsgs 2048
2.09e-04	2.10e-04	2.09e-04	2.09e-04	
Num Msgs 8
SizeMsgs 2048
2.62e-04	2.68e-04	2.65e-04	2.70e-04	
Num Msgs 16
SizeMsgs 2048
2.58e-04	2.37e-04	2.60e-04	2.28e-04	
Num Msgs 32
SizeMsgs 2048
2.43e-04	2.41e-04	2.42e-04	2.41e-04	
Num Msgs 64
SizeMsgs 2048
3.53e-04	3.54e-04	3.54e-04	3.51e-04	
Num Msgs 128
SizeMsgs 2048
6.54e-04	6.54e-04	6.54e-04	6.56e-04	
Num Msgs 256
SizeMsgs 2048
1.35e-03	1.35e-03	1.34e-03	1.35e-03	
Num Msgs 512
SizeMsgs 2048
4.06e-03	4.01e-03	4.01e-03	4.03e-03	
Num Msgs 1024
SizeMsgs 2048
1.49e-02	1.37e-02	1.49e-02	1.38e-02	
Num Msgs 2048
SizeMsgs 2048
5.78e-02	5.20e-02	5.63e-02	5.20e-02	

Num Msgs 1
SizeMsgs 4096
3.62e-04	3.62e-04	3.62e-04	3.62e-04	
Num Msgs 2
SizeMsgs 4096
3.68e-04	3.68e-04	3.68e-04	3.68e-04	
Num Msgs 4
SizeMsgs 4096
4.56e-04	4.62e-04	4.57e-04	4.74e-04	
Num Msgs 8
SizeMsgs 4096
4.43e-04	4.28e-04	4.28e-04	4.28e-04	
Num Msgs 16
SizeMsgs 4096
5.45e-04	5.47e-04	5.74e-04	5.28e-04	
Num Msgs 32
SizeMsgs 4096
5.12e-04	4.88e-04	4.97e-04	4.64e-04	
Num Msgs 64
SizeMsgs 4096
5.05e-04	5.07e-04	5.04e-04	5.11e-04	
Num Msgs 128
SizeMsgs 4096
8.06e-04	7.88e-04	7.94e-04	8.07e-04	
Num Msgs 256
SizeMsgs 4096
1.45e-03	1.47e-03	1.45e-03	1.47e-03	
Num Msgs 512
SizeMsgs 4096
4.04e-03	4.02e-03	4.04e-03	4.04e-03	
Num Msgs 1024
SizeMsgs 4096
1.49e-02	1.39e-02	1.49e-02	1.39e-02	
Num Msgs 2048
SizeMsgs 4096
5.66e-02	5.20e-02	5.65e-02	5.21e-02	
Num Msgs 4096
SizeMsgs 4096
2.24e-01	2.03e-01	2.21e-01	2.03e-01	

Num Msgs 1
SizeMsgs 8192
7.44e-04	7.57e-04	7.58e-04	7.53e-04	
Num Msgs 2
SizeMsgs 8192
7.35e-04	7.35e-04	7.35e-04	7.35e-04	
Num Msgs 4
SizeMsgs 8192
7.46e-04	7.46e-04	7.46e-04	7.46e-04	
Num Msgs 8
SizeMsgs 8192
9.26e-04	9.24e-04	9.24e-04	9.25e-04	
Num Msgs 16
SizeMsgs 8192
9.08e-04	8.87e-04	9.00e-04	8.93e-04	
Num Msgs 32
SizeMsgs 8192
1.03e-03	1.11e-03	1.01e-03	1.06e-03	
Num Msgs 64
SizeMsgs 8192
9.06e-04	1.06e-03	9.37e-04	9.86e-04	
Num Msgs 128
SizeMsgs 8192
1.21e-03	1.17e-03	1.20e-03	1.18e-03	
Num Msgs 256
SizeMsgs 8192
1.91e-03	1.90e-03	1.92e-03	1.91e-03	
Num Msgs 512
SizeMsgs 8192
4.18e-03	4.16e-03	4.13e-03	4.12e-03	
Num Msgs 1024
SizeMsgs 8192
1.51e-02	1.38e-02	1.50e-02	1.39e-02	
Num Msgs 2048
SizeMsgs 8192
5.65e-02	5.21e-02	5.63e-02	5.20e-02	
Num Msgs 4096
SizeMsgs 8192
2.21e-01	2.03e-01	2.21e-01	2.03e-01	
Num Msgs 8192
SizeMsgs 8192
9.97e-01	9.04e-01	9.91e-01	9.04e-01	

Num Msgs 1
SizeMsgs 16384
1.47e-03	1.47e-03	1.47e-03	1.47e-03	
Num Msgs 2
SizeMsgs 16384
1.47e-03	1.47e-03	1.47e-03	1.47e-03	
Num Msgs 4
SizeMsgs 16384
1.49e-03	1.49e-03	1.49e-03	1.49e-03	
Num Msgs 8
SizeMsgs 16384
1.51e-03	1.51e-03	1.51e-03	1.51e-03	
Num Msgs 16
SizeMsgs 16384
1.90e-03	1.86e-03	1.87e-03	1.84e-03	
Num Msgs 32
SizeMsgs 16384
1.83e-03	1.82e-03	1.83e-03	1.82e-03	
Num Msgs 64
SizeMsgs 16384
2.03e-03	2.09e-03	2.07e-03	2.05e-03	
Num Msgs 128
SizeMsgs 16384
2.29e-03	2.34e-03	2.22e-03	2.24e-03	
Num Msgs 256
SizeMsgs 16384
2.44e-03	2.56e-03	2.32e-03	2.51e-03	
Num Msgs 512
SizeMsgs 16384
4.71e-03	4.71e-03	4.70e-03	4.71e-03	
Num Msgs 1024
SizeMsgs 16384
1.51e-02	1.40e-02	1.51e-02	1.40e-02	
Num Msgs 2048
SizeMsgs 16384
5.67e-02	5.22e-02	5.65e-02	5.21e-02	
Num Msgs 4096
SizeMsgs 16384
2.21e-01	2.03e-01	2.21e-01	2.03e-01	
Num Msgs 8192
SizeMsgs 16384
9.92e-01	9.05e-01	9.92e-01	9.05e-01	
Num Msgs 16384
SizeMsgs 16384
4.83e+00	4.39e+00	4.82e+00	4.39e+00	

Num Msgs 1
SizeMsgs 32768
2.94e-03	2.94e-03	2.94e-03	2.94e-03	
Num Msgs 2
SizeMsgs 32768
2.95e-03	2.95e-03	2.95e-03	2.95e-03	
Num Msgs 4
SizeMsgs 32768
2.96e-03	2.96e-03	2.96e-03	2.96e-03	
Num Msgs 8
SizeMsgs 32768
2.98e-03	2.99e-03	2.99e-03	2.99e-03	
Num Msgs 16
SizeMsgs 32768
3.05e-03	3.04e-03	3.04e-03	3.05e-03	
Num Msgs 32
SizeMsgs 32768
3.70e-03	3.71e-03	3.77e-03	3.70e-03	
Num Msgs 64
SizeMsgs 32768
3.72e-03	3.77e-03	3.75e-03	3.75e-03	
Num Msgs 128
SizeMsgs 32768
4.81e-03	4.84e-03	4.91e-03	4.91e-03	
Num Msgs 256
SizeMsgs 32768
4.54e-03	4.41e-03	4.48e-03	4.53e-03	
Num Msgs 512
SizeMsgs 32768
6.41e-03	6.40e-03	6.41e-03	6.40e-03	
Num Msgs 1024
SizeMsgs 32768
1.57e-02	1.46e-02	1.55e-02	1.47e-02	
Num Msgs 2048
SizeMsgs 32768
5.68e-02	5.23e-02	5.66e-02	5.23e-02	
Num Msgs 4096
SizeMsgs 32768
2.21e-01	2.03e-01	2.21e-01	2.03e-01	
Num Msgs 8192
SizeMsgs 32768
9.92e-01	9.05e-01	9.92e-01	9.05e-01	
Num Msgs 16384
SizeMsgs 32768
4.82e+00	4.39e+00	4.82e+00	4.39e+00	

Num Msgs 1
SizeMsgs 65536
5.88e-03	5.88e-03	5.88e-03	5.88e-03	
Num Msgs 2
SizeMsgs 65536
5.90e-03	5.90e-03	5.89e-03	5.90e-03	
Num Msgs 4
SizeMsgs 65536
5.91e-03	5.91e-03	5.91e-03	5.91e-03	
Num Msgs 8
SizeMsgs 65536
5.94e-03	5.94e-03	5.94e-03	5.94e-03	
Num Msgs 16
SizeMsgs 65536
6.00e-03	6.00e-03	6.00e-03	6.00e-03	
Num Msgs 32
SizeMsgs 65536
6.12e-03	6.12e-03	6.12e-03	6.11e-03	
Num Msgs 64
SizeMsgs 65536
7.34e-03	7.41e-03	7.33e-03	7.40e-03	
Num Msgs 128
SizeMsgs 65536
8.53e-03	8.20e-03	8.32e-03	8.01e-03	
Num Msgs 256
SizeMsgs 65536
1.06e-02	1.05e-02	1.03e-02	1.03e-02	
Num Msgs 512
SizeMsgs 65536
9.56e-03	1.01e-02	9.37e-03	1.05e-02	
Num Msgs 1024
SizeMsgs 65536
1.73e-02	1.65e-02	1.74e-02	1.65e-02	
Num Msgs 2048
SizeMsgs 65536
5.73e-02	5.29e-02	5.72e-02	5.29e-02	
Num Msgs 4096
SizeMsgs 65536
2.22e-01	2.03e-01	2.21e-01	2.03e-01	
Num Msgs 8192
SizeMsgs 65536
9.93e-01	9.05e-01	9.93e-01	9.05e-01	
Num Msgs 16384
SizeMsgs 65536
4.82e+00	4.39e+00	4.82e+00	4.39e+00	
Pingpong for
master:  0, 1, 2, 3, 4, 5, 6, 7, 8, 9, 10, 11, 12, 13, 14, 15, 16, 17, 18, 19, 20, 21, 22, 23, 24, 25, 26, 27, 28, 29, 30, 31, 32, 33, 34, 35, 36, 37, 38, 39, 40, 41, 42, 43, 44, 45, 46, 47, 48, 49, 50, 51, 52, 53, 54, 55, 56, 57, 58, 59, 60, 61, 62, 63
partner: 64, 65, 66, 67, 68, 69, 70, 71, 72, 73, 74, 75, 76, 77, 78, 79, 80, 81, 82, 83, 84, 85, 86, 87, 88, 89, 90, 91, 92, 93, 94, 95, 96, 97, 98, 99, 100, 101, 102, 103, 104, 105, 106, 107, 108, 109, 110, 111, 112, 113, 114, 115, 116, 117, 118, 119, 120, 121, 122, 123, 124, 125, 126, 127

Num Msgs 1
SizeMsgs 1
3.97e-06	3.97e-06	3.96e-06	3.96e-06	

Num Msgs 1
SizeMsgs 2
3.98e-06	3.97e-06	3.99e-06	3.98e-06	
Num Msgs 2
SizeMsgs 2
8.81e-06	8.78e-06	8.77e-06	8.76e-06	

Num Msgs 1
SizeMsgs 4
4.02e-06	4.01e-06	4.03e-06	4.02e-06	
Num Msgs 2
SizeMsgs 4
8.78e-06	8.81e-06	8.78e-06	8.79e-06	
Num Msgs 4
SizeMsgs 4
1.82e-05	1.82e-05	1.82e-05	1.82e-05	

Num Msgs 1
SizeMsgs 8
4.14e-06	4.14e-06	4.15e-06	4.17e-06	
Num Msgs 2
SizeMsgs 8
8.93e-06	8.91e-06	8.91e-06	8.90e-06	
Num Msgs 4
SizeMsgs 8
1.83e-05	1.83e-05	1.83e-05	1.83e-05	
Num Msgs 8
SizeMsgs 8
3.71e-05	3.71e-05	3.71e-05	3.71e-05	

Num Msgs 1
SizeMsgs 16
4.23e-06	4.22e-06	4.23e-06	4.22e-06	
Num Msgs 2
SizeMsgs 16
9.10e-06	9.10e-06	9.09e-06	9.11e-06	
Num Msgs 4
SizeMsgs 16
1.84e-05	1.84e-05	1.84e-05	1.83e-05	
Num Msgs 8
SizeMsgs 16
3.71e-05	3.71e-05	3.72e-05	3.71e-05	
Num Msgs 16
SizeMsgs 16
7.41e-05	7.42e-05	7.40e-05	7.42e-05	

Num Msgs 1
SizeMsgs 32
4.52e-06	4.51e-06	4.51e-06	4.53e-06	
Num Msgs 2
SizeMsgs 32
9.25e-06	9.25e-06	9.24e-06	9.24e-06	
Num Msgs 4
SizeMsgs 32
1.87e-05	1.87e-05	1.87e-05	1.87e-05	
Num Msgs 8
SizeMsgs 32
3.74e-05	3.74e-05	3.74e-05	3.74e-05	
Num Msgs 16
SizeMsgs 32
7.47e-05	7.44e-05	7.46e-05	7.46e-05	
Num Msgs 32
SizeMsgs 32
1.50e-04	1.49e-04	1.49e-04	1.50e-04	

Num Msgs 1
SizeMsgs 64
6.41e-06	6.39e-06	6.39e-06	6.37e-06	
Num Msgs 2
SizeMsgs 64
9.88e-06	9.89e-06	9.87e-06	9.88e-06	
Num Msgs 4
SizeMsgs 64
1.90e-05	1.89e-05	1.90e-05	1.90e-05	
Num Msgs 8
SizeMsgs 64
3.82e-05	3.81e-05	3.81e-05	3.81e-05	
Num Msgs 16
SizeMsgs 64
7.48e-05	7.49e-05	7.49e-05	7.46e-05	
Num Msgs 32
SizeMsgs 64
1.50e-04	1.50e-04	1.50e-04	1.50e-04	
Num Msgs 64
SizeMsgs 64
3.03e-04	3.04e-04	3.03e-04	3.03e-04	

Num Msgs 1
SizeMsgs 128
1.10e-05	1.10e-05	1.10e-05	1.10e-05	
Num Msgs 2
SizeMsgs 128
1.27e-05	1.27e-05	1.27e-05	1.27e-05	
Num Msgs 4
SizeMsgs 128
2.07e-05	2.07e-05	2.08e-05	2.07e-05	
Num Msgs 8
SizeMsgs 128
3.87e-05	3.87e-05	3.88e-05	3.87e-05	
Num Msgs 16
SizeMsgs 128
7.75e-05	7.64e-05	7.69e-05	7.65e-05	
Num Msgs 32
SizeMsgs 128
1.51e-04	1.51e-04	1.51e-04	1.51e-04	
Num Msgs 64
SizeMsgs 128
3.04e-04	3.04e-04	3.04e-04	3.04e-04	
Num Msgs 128
SizeMsgs 128
5.97e-04	5.97e-04	5.98e-04	5.95e-04	

Num Msgs 1
SizeMsgs 256
2.92e-05	2.95e-05	2.90e-05	2.77e-05	
Num Msgs 2
SizeMsgs 256
2.20e-05	2.20e-05	2.19e-05	2.20e-05	
Num Msgs 4
SizeMsgs 256
2.60e-05	2.60e-05	2.59e-05	2.59e-05	
Num Msgs 8
SizeMsgs 256
4.16e-05	4.16e-05	4.17e-05	4.16e-05	
Num Msgs 16
SizeMsgs 256
7.79e-05	7.79e-05	7.83e-05	7.80e-05	
Num Msgs 32
SizeMsgs 256
1.55e-04	1.54e-04	1.55e-04	1.55e-04	
Num Msgs 64
SizeMsgs 256
3.06e-04	3.05e-04	3.05e-04	3.06e-04	
Num Msgs 128
SizeMsgs 256
5.98e-04	5.98e-04	5.99e-04	5.97e-04	
Num Msgs 256
SizeMsgs 256
1.30e-03	1.30e-03	1.31e-03	1.31e-03	

Num Msgs 1
SizeMsgs 512
4.65e-05	4.61e-05	4.66e-05	4.68e-05	
Num Msgs 2
SizeMsgs 512
5.02e-05	4.98e-05	4.98e-05	4.99e-05	
Num Msgs 4
SizeMsgs 512
4.59e-05	4.59e-05	4.60e-05	4.59e-05	
Num Msgs 8
SizeMsgs 512
5.38e-05	5.36e-05	5.37e-05	5.38e-05	
Num Msgs 16
SizeMsgs 512
8.71e-05	8.76e-05	8.80e-05	8.49e-05	
Num Msgs 32
SizeMsgs 512
1.58e-04	1.58e-04	1.57e-04	1.58e-04	
Num Msgs 64
SizeMsgs 512
3.15e-04	3.12e-04	3.13e-04	3.12e-04	
Num Msgs 128
SizeMsgs 512
6.04e-04	6.01e-04	6.01e-04	6.02e-04	
Num Msgs 256
SizeMsgs 512
1.31e-03	1.30e-03	1.31e-03	1.31e-03	
Num Msgs 512
SizeMsgs 512
3.99e-03	3.98e-03	3.98e-03	4.00e-03	

Num Msgs 1
SizeMsgs 1024
1.05e-04	1.05e-04	1.05e-04	1.05e-04	
Num Msgs 2
SizeMsgs 1024
9.97e-05	1.00e-04	1.00e-04	9.97e-05	
Num Msgs 4
SizeMsgs 1024
1.27e-04	1.28e-04	1.28e-04	1.27e-04	
Num Msgs 8
SizeMsgs 1024
1.05e-04	1.04e-04	1.05e-04	1.04e-04	
Num Msgs 16
SizeMsgs 1024
1.15e-04	1.15e-04	1.15e-04	1.15e-04	
Num Msgs 32
SizeMsgs 1024
1.75e-04	1.75e-04	1.73e-04	1.77e-04	
Num Msgs 64
SizeMsgs 1024
3.22e-04	3.21e-04	3.21e-04	3.21e-04	
Num Msgs 128
SizeMsgs 1024
6.18e-04	6.15e-04	6.17e-04	6.18e-04	
Num Msgs 256
SizeMsgs 1024
1.32e-03	1.30e-03	1.33e-03	1.32e-03	
Num Msgs 512
SizeMsgs 1024
3.99e-03	3.99e-03	3.99e-03	3.99e-03	
Num Msgs 1024
SizeMsgs 1024
1.48e-02	1.38e-02	1.49e-02	1.37e-02	

Num Msgs 1
SizeMsgs 2048
1.79e-04	1.78e-04	1.79e-04	1.78e-04	
Num Msgs 2
SizeMsgs 2048
2.24e-04	2.24e-04	2.24e-04	2.24e-04	
Num Msgs 4
SizeMsgs 2048
2.15e-04	2.16e-04	2.15e-04	2.15e-04	
Num Msgs 8
SizeMsgs 2048
2.72e-04	2.73e-04	2.72e-04	2.72e-04	
Num Msgs 16
SizeMsgs 2048
2.49e-04	2.75e-04	2.45e-04	2.45e-04	
Num Msgs 32
SizeMsgs 2048
2.41e-04	2.43e-04	2.42e-04	2.47e-04	
Num Msgs 64
SizeMsgs 2048
3.50e-04	3.47e-04	3.52e-04	3.54e-04	
Num Msgs 128
SizeMsgs 2048
6.59e-04	6.58e-04	6.58e-04	6.57e-04	
Num Msgs 256
SizeMsgs 2048
1.35e-03	1.35e-03	1.35e-03	1.39e-03	
Num Msgs 512
SizeMsgs 2048
4.02e-03	4.01e-03	4.04e-03	4.04e-03	
Num Msgs 1024
SizeMsgs 2048
1.49e-02	1.38e-02	1.49e-02	1.38e-02	
Num Msgs 2048
SizeMsgs 2048
5.67e-02	5.18e-02	5.63e-02	5.18e-02	

Num Msgs 1
SizeMsgs 4096
3.62e-04	3.62e-04	3.62e-04	3.62e-04	
Num Msgs 2
SizeMsgs 4096
3.67e-04	3.68e-04	3.67e-04	3.67e-04	
Num Msgs 4
SizeMsgs 4096
4.61e-04	4.69e-04	4.64e-04	4.62e-04	
Num Msgs 8
SizeMsgs 4096
4.39e-04	4.38e-04	4.38e-04	4.38e-04	
Num Msgs 16
SizeMsgs 4096
5.32e-04	5.52e-04	5.85e-04	5.40e-04	
Num Msgs 32
SizeMsgs 4096
4.71e-04	5.56e-04	5.25e-04	4.67e-04	
Num Msgs 64
SizeMsgs 4096
5.10e-04	5.07e-04	5.06e-04	5.06e-04	
Num Msgs 128
SizeMsgs 4096
8.15e-04	8.18e-04	8.01e-04	7.95e-04	
Num Msgs 256
SizeMsgs 4096
1.45e-03	1.47e-03	1.47e-03	1.48e-03	
Num Msgs 512
SizeMsgs 4096
4.03e-03	4.04e-03	4.05e-03	4.04e-03	
Num Msgs 1024
SizeMsgs 4096
1.50e-02	1.39e-02	1.50e-02	1.39e-02	
Num Msgs 2048
SizeMsgs 4096
5.66e-02	5.20e-02	5.64e-02	5.20e-02	
Num Msgs 4096
SizeMsgs 4096
2.21e-01	2.03e-01	2.21e-01	2.03e-01	

Num Msgs 1
SizeMsgs 8192
7.30e-04	7.30e-04	7.30e-04	7.30e-04	
Num Msgs 2
SizeMsgs 8192
7.35e-04	7.35e-04	7.35e-04	7.35e-04	
Num Msgs 4
SizeMsgs 8192
7.45e-04	7.45e-04	7.45e-04	7.45e-04	
Num Msgs 8
SizeMsgs 8192
9.36e-04	9.39e-04	9.37e-04	9.35e-04	
Num Msgs 16
SizeMsgs 8192
9.15e-04	9.28e-04	9.11e-04	9.12e-04	
Num Msgs 32
SizeMsgs 8192
1.06e-03	1.08e-03	1.04e-03	1.10e-03	
Num Msgs 64
SizeMsgs 8192
9.31e-04	9.34e-04	9.38e-04	9.46e-04	
Num Msgs 128
SizeMsgs 8192
1.18e-03	1.20e-03	1.20e-03	1.21e-03	
Num Msgs 256
SizeMsgs 8192
1.92e-03	1.91e-03	1.91e-03	1.92e-03	
Num Msgs 512
SizeMsgs 8192
4.17e-03	4.14e-03	4.15e-03	4.15e-03	
Num Msgs 1024
SizeMsgs 8192
1.50e-02	1.38e-02	1.50e-02	1.40e-02	
Num Msgs 2048
SizeMsgs 8192
5.67e-02	5.21e-02	5.65e-02	5.21e-02	
Num Msgs 4096
SizeMsgs 8192
2.21e-01	2.03e-01	2.21e-01	2.03e-01	
Num Msgs 8192
SizeMsgs 8192
9.92e-01	9.04e-01	9.92e-01	9.04e-01	

Num Msgs 1
SizeMsgs 16384
1.47e-03	1.47e-03	1.47e-03	1.47e-03	
Num Msgs 2
SizeMsgs 16384
1.48e-03	1.47e-03	1.47e-03	1.48e-03	
Num Msgs 4
SizeMsgs 16384
1.49e-03	1.49e-03	1.49e-03	1.49e-03	
Num Msgs 8
SizeMsgs 16384
1.51e-03	1.51e-03	1.51e-03	1.51e-03	
Num Msgs 16
SizeMsgs 16384
1.86e-03	1.89e-03	1.91e-03	1.85e-03	
Num Msgs 32
SizeMsgs 16384
1.88e-03	1.85e-03	1.86e-03	1.89e-03	
Num Msgs 64
SizeMsgs 16384
2.20e-03	2.12e-03	2.14e-03	2.13e-03	
Num Msgs 128
SizeMsgs 16384
2.21e-03	2.17e-03	2.23e-03	2.33e-03	
Num Msgs 256
SizeMsgs 16384
2.73e-03	2.48e-03	2.48e-03	2.45e-03	
Num Msgs 512
SizeMsgs 16384
4.70e-03	4.71e-03	4.70e-03	4.68e-03	
Num Msgs 1024
SizeMsgs 16384
1.51e-02	1.40e-02	1.52e-02	1.41e-02	
Num Msgs 2048
SizeMsgs 16384
5.68e-02	5.22e-02	5.66e-02	5.20e-02	
Num Msgs 4096
SizeMsgs 16384
2.22e-01	2.03e-01	2.21e-01	2.03e-01	
Num Msgs 8192
SizeMsgs 16384
9.93e-01	9.05e-01	9.93e-01	9.04e-01	
Num Msgs 16384
SizeMsgs 16384
4.82e+00	4.39e+00	4.82e+00	4.39e+00	

Num Msgs 1
SizeMsgs 32768
2.94e-03	2.94e-03	2.94e-03	2.94e-03	
Num Msgs 2
SizeMsgs 32768
2.95e-03	2.95e-03	2.95e-03	2.95e-03	
Num Msgs 4
SizeMsgs 32768
2.96e-03	2.96e-03	2.96e-03	2.96e-03	
Num Msgs 8
SizeMsgs 32768
2.98e-03	2.98e-03	2.99e-03	2.98e-03	
Num Msgs 16
SizeMsgs 32768
3.04e-03	3.04e-03	3.05e-03	3.04e-03	
Num Msgs 32
SizeMsgs 32768
3.78e-03	3.78e-03	3.78e-03	3.79e-03	
Num Msgs 64
SizeMsgs 32768
3.78e-03	3.78e-03	3.80e-03	3.78e-03	
Num Msgs 128
SizeMsgs 32768
4.99e-03	5.02e-03	5.20e-03	4.95e-03	
Num Msgs 256
SizeMsgs 32768
4.69e-03	4.52e-03	4.48e-03	4.43e-03	
Num Msgs 512
SizeMsgs 32768
6.40e-03	6.41e-03	6.41e-03	6.41e-03	
Num Msgs 1024
SizeMsgs 32768
1.57e-02	1.46e-02	1.56e-02	1.46e-02	
Num Msgs 2048
SizeMsgs 32768
5.69e-02	5.23e-02	5.67e-02	5.22e-02	
Num Msgs 4096
SizeMsgs 32768
2.22e-01	2.03e-01	2.21e-01	2.03e-01	
Num Msgs 8192
SizeMsgs 32768
9.94e-01	9.05e-01	9.94e-01	9.05e-01	
Num Msgs 16384
SizeMsgs 32768
4.82e+00	4.39e+00	4.82e+00	4.39e+00	

Num Msgs 1
SizeMsgs 65536
5.88e-03	5.88e-03	5.88e-03	5.89e-03	
Num Msgs 2
SizeMsgs 65536
5.90e-03	5.89e-03	5.90e-03	5.90e-03	
Num Msgs 4
SizeMsgs 65536
5.91e-03	5.91e-03	5.91e-03	5.91e-03	
Num Msgs 8
SizeMsgs 65536
5.94e-03	5.94e-03	5.94e-03	5.95e-03	
Num Msgs 16
SizeMsgs 65536
5.99e-03	6.00e-03	6.00e-03	5.99e-03	
Num Msgs 32
SizeMsgs 65536
6.15e-03	6.13e-03	6.12e-03	6.17e-03	
Num Msgs 64
SizeMsgs 65536
7.51e-03	7.48e-03	7.58e-03	7.65e-03	
Num Msgs 128
SizeMsgs 65536
8.63e-03	8.21e-03	8.45e-03	8.41e-03	
Num Msgs 256
SizeMsgs 65536
9.99e-03	1.04e-02	9.77e-03	9.90e-03	
Num Msgs 512
SizeMsgs 65536
9.25e-03	1.01e-02	1.07e-02	1.02e-02	
Num Msgs 1024
SizeMsgs 65536
1.73e-02	1.66e-02	1.74e-02	1.66e-02	
Num Msgs 2048
SizeMsgs 65536
5.74e-02	5.29e-02	5.74e-02	5.29e-02	
Num Msgs 4096
SizeMsgs 65536
2.22e-01	2.03e-01	2.22e-01	2.03e-01	
Num Msgs 8192
SizeMsgs 65536
9.94e-01	9.06e-01	9.94e-01	9.06e-01	
Num Msgs 16384
SizeMsgs 65536
4.82e+00	4.39e+00	4.82e+00	4.39e+00	
Pingpong for
master:  0, 1, 2, 3, 4, 5, 6, 7, 8, 9, 10, 11, 12, 13, 14, 15, 16, 17, 18, 19, 20, 21, 22, 23, 24, 25, 26, 27, 28, 29, 30, 31, 32, 33, 34, 35, 36, 37, 38, 39, 40, 41, 42, 43, 44, 45, 46, 47, 48, 49, 50, 51, 52, 53, 54, 55, 56, 57, 58, 59, 60, 61, 62, 63
partner: 64, 65, 66, 67, 68, 69, 70, 71, 72, 73, 74, 75, 76, 77, 78, 79, 80, 81, 82, 83, 84, 85, 86, 87, 88, 89, 90, 91, 92, 93, 94, 95, 96, 97, 98, 99, 100, 101, 102, 103, 104, 105, 106, 107, 108, 109, 110, 111, 112, 113, 114, 115, 116, 117, 118, 119, 120, 121, 122, 123, 124, 125, 126, 127

Num Msgs 1
SizeMsgs 1
3.98e-06	3.97e-06	3.96e-06	3.96e-06	

Num Msgs 1
SizeMsgs 2
3.99e-06	3.98e-06	3.97e-06	3.98e-06	
Num Msgs 2
SizeMsgs 2
8.80e-06	8.77e-06	8.78e-06	8.78e-06	

Num Msgs 1
SizeMsgs 4
4.02e-06	4.04e-06	4.03e-06	4.02e-06	
Num Msgs 2
SizeMsgs 4
8.80e-06	8.79e-06	8.80e-06	8.79e-06	
Num Msgs 4
SizeMsgs 4
1.83e-05	1.83e-05	1.83e-05	1.83e-05	

Num Msgs 1
SizeMsgs 8
4.15e-06	4.17e-06	4.18e-06	4.21e-06	
Num Msgs 2
SizeMsgs 8
8.91e-06	8.93e-06	8.95e-06	8.92e-06	
Num Msgs 4
SizeMsgs 8
1.83e-05	1.83e-05	1.83e-05	1.83e-05	
Num Msgs 8
SizeMsgs 8
3.72e-05	3.72e-05	3.71e-05	3.72e-05	

Num Msgs 1
SizeMsgs 16
4.23e-06	4.22e-06	4.22e-06	4.22e-06	
Num Msgs 2
SizeMsgs 16
9.11e-06	9.12e-06	9.12e-06	9.11e-06	
Num Msgs 4
SizeMsgs 16
1.85e-05	1.85e-05	1.84e-05	1.85e-05	
Num Msgs 8
SizeMsgs 16
3.73e-05	3.74e-05	3.73e-05	3.73e-05	
Num Msgs 16
SizeMsgs 16
7.45e-05	7.45e-05	7.45e-05	7.44e-05	

Num Msgs 1
SizeMsgs 32
4.54e-06	4.54e-06	4.54e-06	4.52e-06	
Num Msgs 2
SizeMsgs 32
9.23e-06	9.24e-06	9.24e-06	9.25e-06	
Num Msgs 4
SizeMsgs 32
1.88e-05	1.88e-05	1.88e-05	1.88e-05	
Num Msgs 8
SizeMsgs 32
3.76e-05	3.75e-05	3.76e-05	3.75e-05	
Num Msgs 16
SizeMsgs 32
7.47e-05	7.46e-05	7.46e-05	7.45e-05	
Num Msgs 32
SizeMsgs 32
1.49e-04	1.50e-04	1.50e-04	1.50e-04	

Num Msgs 1
SizeMsgs 64
6.39e-06	6.39e-06	6.40e-06	6.40e-06	
Num Msgs 2
SizeMsgs 64
9.91e-06	9.95e-06	9.92e-06	9.91e-06	
Num Msgs 4
SizeMsgs 64
1.90e-05	1.91e-05	1.90e-05	1.90e-05	
Num Msgs 8
SizeMsgs 64
3.82e-05	3.82e-05	3.83e-05	3.82e-05	
Num Msgs 16
SizeMsgs 64
7.52e-05	7.51e-05	7.51e-05	7.50e-05	
Num Msgs 32
SizeMsgs 64
1.51e-04	1.50e-04	1.50e-04	1.50e-04	
Num Msgs 64
SizeMsgs 64
3.03e-04	3.03e-04	3.04e-04	3.04e-04	

Num Msgs 1
SizeMsgs 128
1.10e-05	1.10e-05	1.10e-05	1.10e-05	
Num Msgs 2
SizeMsgs 128
1.27e-05	1.27e-05	1.27e-05	1.27e-05	
Num Msgs 4
SizeMsgs 128
2.07e-05	2.07e-05	2.07e-05	2.08e-05	
Num Msgs 8
SizeMsgs 128
3.88e-05	3.88e-05	3.89e-05	3.89e-05	
Num Msgs 16
SizeMsgs 128
7.64e-05	7.63e-05	7.64e-05	7.65e-05	
Num Msgs 32
SizeMsgs 128
1.51e-04	1.51e-04	1.51e-04	1.51e-04	
Num Msgs 64
SizeMsgs 128
3.05e-04	3.05e-04	3.05e-04	3.05e-04	
Num Msgs 128
SizeMsgs 128
6.00e-04	6.01e-04	6.01e-04	6.00e-04	

Num Msgs 1
SizeMsgs 256
2.70e-05	2.95e-05	2.80e-05	2.95e-05	
Num Msgs 2
SizeMsgs 256
2.20e-05	2.20e-05	2.20e-05	2.20e-05	
Num Msgs 4
SizeMsgs 256
2.60e-05	2.59e-05	2.60e-05	2.60e-05	
Num Msgs 8
SizeMsgs 256
4.18e-05	4.17e-05	4.16e-05	4.16e-05	
Num Msgs 16
SizeMsgs 256
7.78e-05	7.79e-05	7.79e-05	7.82e-05	
Num Msgs 32
SizeMsgs 256
1.55e-04	1.55e-04	1.56e-04	1.55e-04	
Num Msgs 64
SizeMsgs 256
3.06e-04	3.07e-04	3.06e-04	3.06e-04	
Num Msgs 128
SizeMsgs 256
6.00e-04	6.00e-04	6.02e-04	6.00e-04	
Num Msgs 256
SizeMsgs 256
1.30e-03	1.30e-03	1.31e-03	1.31e-03	

Num Msgs 1
SizeMsgs 512
4.61e-05	4.63e-05	4.63e-05	4.61e-05	
Num Msgs 2
SizeMsgs 512
5.06e-05	5.04e-05	4.97e-05	4.96e-05	
Num Msgs 4
SizeMsgs 512
4.59e-05	4.59e-05	4.59e-05	4.59e-05	
Num Msgs 8
SizeMsgs 512
5.38e-05	5.38e-05	5.37e-05	5.38e-05	
Num Msgs 16
SizeMsgs 512
8.57e-05	8.44e-05	8.73e-05	8.43e-05	
Num Msgs 32
SizeMsgs 512
1.58e-04	1.58e-04	1.58e-04	1.57e-04	
Num Msgs 64
SizeMsgs 512
3.12e-04	3.14e-04	3.13e-04	3.14e-04	
Num Msgs 128
SizeMsgs 512
6.01e-04	6.00e-04	6.02e-04	6.00e-04	
Num Msgs 256
SizeMsgs 512
1.31e-03	1.30e-03	1.32e-03	1.31e-03	
Num Msgs 512
SizeMsgs 512
3.98e-03	3.97e-03	3.97e-03	3.98e-03	

Num Msgs 1
SizeMsgs 1024
1.05e-04	1.05e-04	1.06e-04	1.05e-04	
Num Msgs 2
SizeMsgs 1024
9.99e-05	9.97e-05	9.99e-05	9.99e-05	
Num Msgs 4
SizeMsgs 1024
1.26e-04	1.27e-04	1.26e-04	1.28e-04	
Num Msgs 8
SizeMsgs 1024
1.04e-04	1.04e-04	1.04e-04	1.04e-04	
Num Msgs 16
SizeMsgs 1024
1.15e-04	1.17e-04	1.16e-04	1.16e-04	
Num Msgs 32
SizeMsgs 1024
1.78e-04	1.75e-04	1.75e-04	1.75e-04	
Num Msgs 64
SizeMsgs 1024
3.23e-04	3.24e-04	3.24e-04	3.23e-04	
Num Msgs 128
SizeMsgs 1024
6.24e-04	6.21e-04	6.22e-04	6.20e-04	
Num Msgs 256
SizeMsgs 1024
1.32e-03	1.31e-03	1.33e-03	1.32e-03	
Num Msgs 512
SizeMsgs 1024
3.99e-03	3.98e-03	3.98e-03	4.00e-03	
Num Msgs 1024
SizeMsgs 1024
1.47e-02	1.38e-02	1.49e-02	1.37e-02	

Num Msgs 1
SizeMsgs 2048
1.78e-04	1.78e-04	1.91e-04	1.87e-04	
Num Msgs 2
SizeMsgs 2048
2.24e-04	2.24e-04	2.24e-04	2.24e-04	
Num Msgs 4
SizeMsgs 2048
2.15e-04	2.15e-04	2.14e-04	2.15e-04	
Num Msgs 8
SizeMsgs 2048
2.76e-04	2.72e-04	2.75e-04	2.75e-04	
Num Msgs 16
SizeMsgs 2048
2.48e-04	2.59e-04	2.66e-04	2.62e-04	
Num Msgs 32
SizeMsgs 2048
2.45e-04	2.43e-04	2.45e-04	2.43e-04	
Num Msgs 64
SizeMsgs 2048
3.50e-04	3.50e-04	3.50e-04	3.49e-04	
Num Msgs 128
SizeMsgs 2048
6.56e-04	6.57e-04	6.57e-04	6.59e-04	
Num Msgs 256
SizeMsgs 2048
1.36e-03	1.36e-03	1.35e-03	1.35e-03	
Num Msgs 512
SizeMsgs 2048
4.02e-03	4.03e-03	4.02e-03	4.01e-03	
Num Msgs 1024
SizeMsgs 2048
1.49e-02	1.38e-02	1.49e-02	1.38e-02	
Num Msgs 2048
SizeMsgs 2048
5.67e-02	5.19e-02	5.65e-02	5.18e-02	

Num Msgs 1
SizeMsgs 4096
3.62e-04	3.62e-04	3.62e-04	3.62e-04	
Num Msgs 2
SizeMsgs 4096
3.68e-04	3.67e-04	3.68e-04	3.68e-04	
Num Msgs 4
SizeMsgs 4096
4.61e-04	4.62e-04	4.61e-04	4.61e-04	
Num Msgs 8
SizeMsgs 4096
4.37e-04	4.38e-04	4.39e-04	4.37e-04	
Num Msgs 16
SizeMsgs 4096
5.82e-04	5.54e-04	5.65e-04	5.43e-04	
Num Msgs 32
SizeMsgs 4096
4.64e-04	4.78e-04	5.14e-04	5.57e-04	
Num Msgs 64
SizeMsgs 4096
5.01e-04	5.07e-04	5.11e-04	5.11e-04	
Num Msgs 128
SizeMsgs 4096
8.10e-04	8.06e-04	7.92e-04	8.10e-04	
Num Msgs 256
SizeMsgs 4096
1.45e-03	1.47e-03	1.46e-03	1.50e-03	
Num Msgs 512
SizeMsgs 4096
4.04e-03	4.04e-03	4.04e-03	4.04e-03	
Num Msgs 1024
SizeMsgs 4096
1.50e-02	1.39e-02	1.50e-02	1.39e-02	
Num Msgs 2048
SizeMsgs 4096
5.68e-02	5.20e-02	5.64e-02	5.19e-02	
Num Msgs 4096
SizeMsgs 4096
2.21e-01	2.03e-01	2.21e-01	2.03e-01	

Num Msgs 1
SizeMsgs 8192
7.30e-04	7.30e-04	7.30e-04	7.30e-04	
Num Msgs 2
SizeMsgs 8192
7.35e-04	7.35e-04	7.35e-04	7.35e-04	
Num Msgs 4
SizeMsgs 8192
7.45e-04	7.45e-04	7.45e-04	7.45e-04	
Num Msgs 8
SizeMsgs 8192
9.34e-04	9.34e-04	9.35e-04	9.35e-04	
Num Msgs 16
SizeMsgs 8192
9.18e-04	9.06e-04	9.30e-04	9.11e-04	
Num Msgs 32
SizeMsgs 8192
1.05e-03	1.11e-03	1.06e-03	1.07e-03	
Num Msgs 64
SizeMsgs 8192
9.32e-04	1.06e-03	9.20e-04	9.37e-04	
Num Msgs 128
SizeMsgs 8192
1.16e-03	1.18e-03	1.22e-03	1.15e-03	
Num Msgs 256
SizeMsgs 8192
1.92e-03	1.91e-03	1.92e-03	1.92e-03	
Num Msgs 512
SizeMsgs 8192
4.17e-03	4.14e-03	4.14e-03	4.14e-03	
Num Msgs 1024
SizeMsgs 8192
1.51e-02	1.38e-02	1.50e-02	1.39e-02	
Num Msgs 2048
SizeMsgs 8192
5.73e-02	5.21e-02	5.65e-02	5.21e-02	
Num Msgs 4096
SizeMsgs 8192
2.21e-01	2.03e-01	2.21e-01	2.03e-01	
Num Msgs 8192
SizeMsgs 8192
9.93e-01	9.05e-01	9.93e-01	9.04e-01	

Num Msgs 1
SizeMsgs 16384
1.47e-03	1.47e-03	1.47e-03	1.47e-03	
Num Msgs 2
SizeMsgs 16384
1.47e-03	1.47e-03	1.47e-03	1.47e-03	
Num Msgs 4
SizeMsgs 16384
1.49e-03	1.49e-03	1.49e-03	1.49e-03	
Num Msgs 8
SizeMsgs 16384
1.51e-03	1.51e-03	1.51e-03	1.51e-03	
Num Msgs 16
SizeMsgs 16384
1.88e-03	1.89e-03	1.89e-03	1.87e-03	
Num Msgs 32
SizeMsgs 16384
1.86e-03	1.86e-03	1.86e-03	1.86e-03	
Num Msgs 64
SizeMsgs 16384
2.19e-03	2.11e-03	2.08e-03	2.12e-03	
Num Msgs 128
SizeMsgs 16384
2.14e-03	2.28e-03	2.29e-03	2.18e-03	
Num Msgs 256
SizeMsgs 16384
2.33e-03	2.37e-03	2.41e-03	2.34e-03	
Num Msgs 512
SizeMsgs 16384
4.72e-03	4.69e-03	4.72e-03	4.71e-03	
Num Msgs 1024
SizeMsgs 16384
1.52e-02	1.41e-02	1.51e-02	1.41e-02	
Num Msgs 2048
SizeMsgs 16384
5.68e-02	5.21e-02	5.66e-02	5.21e-02	
Num Msgs 4096
SizeMsgs 16384
2.22e-01	2.03e-01	2.21e-01	2.03e-01	
Num Msgs 8192
SizeMsgs 16384
9.93e-01	9.04e-01	9.93e-01	9.04e-01	
Num Msgs 16384
SizeMsgs 16384
4.82e+00	4.39e+00	4.82e+00	4.39e+00	

Num Msgs 1
SizeMsgs 32768
2.94e-03	2.94e-03	2.94e-03	2.94e-03	
Num Msgs 2
SizeMsgs 32768
2.95e-03	2.95e-03	2.95e-03	2.95e-03	
Num Msgs 4
SizeMsgs 32768
2.96e-03	2.96e-03	2.96e-03	2.96e-03	
Num Msgs 8
SizeMsgs 32768
2.98e-03	2.98e-03	2.98e-03	2.99e-03	
Num Msgs 16
SizeMsgs 32768
3.04e-03	3.03e-03	3.05e-03	3.06e-03	
Num Msgs 32
SizeMsgs 32768
3.75e-03	3.79e-03	3.77e-03	3.78e-03	
Num Msgs 64
SizeMsgs 32768
3.78e-03	3.80e-03	3.88e-03	3.82e-03	
Num Msgs 128
SizeMsgs 32768
4.95e-03	4.93e-03	5.12e-03	5.00e-03	
Num Msgs 256
SizeMsgs 32768
4.68e-03	4.30e-03	4.61e-03	4.68e-03	
Num Msgs 512
SizeMsgs 32768
6.41e-03	6.41e-03	6.41e-03	6.40e-03	
Num Msgs 1024
SizeMsgs 32768
1.57e-02	1.46e-02	1.55e-02	1.46e-02	
Num Msgs 2048
SizeMsgs 32768
5.70e-02	5.23e-02	5.68e-02	5.23e-02	
Num Msgs 4096
SizeMsgs 32768
2.22e-01	2.03e-01	2.21e-01	2.03e-01	
Num Msgs 8192
SizeMsgs 32768
9.93e-01	9.05e-01	9.93e-01	9.05e-01	
Num Msgs 16384
SizeMsgs 32768
4.82e+00	4.39e+00	4.82e+00	4.39e+00	

Num Msgs 1
SizeMsgs 65536
5.88e-03	5.88e-03	5.88e-03	5.88e-03	
Num Msgs 2
SizeMsgs 65536
5.90e-03	5.89e-03	5.90e-03	5.90e-03	
Num Msgs 4
SizeMsgs 65536
5.91e-03	5.91e-03	5.91e-03	5.91e-03	
Num Msgs 8
SizeMsgs 65536
5.94e-03	5.93e-03	5.93e-03	5.94e-03	
Num Msgs 16
SizeMsgs 65536
5.99e-03	6.00e-03	6.00e-03	6.00e-03	
Num Msgs 32
SizeMsgs 65536
6.14e-03	6.13e-03	6.18e-03	6.19e-03	
Num Msgs 64
SizeMsgs 65536
7.54e-03	7.52e-03	7.49e-03	7.63e-03	
Num Msgs 128
SizeMsgs 65536
8.37e-03	8.53e-03	8.28e-03	8.21e-03	
Num Msgs 256
SizeMsgs 65536
1.04e-02	9.64e-03	1.01e-02	1.05e-02	
Num Msgs 512
SizeMsgs 65536
1.05e-02	9.16e-03	1.06e-02	1.04e-02	
Num Msgs 1024
SizeMsgs 65536
1.73e-02	1.65e-02	1.74e-02	1.66e-02	
Num Msgs 2048
SizeMsgs 65536
5.74e-02	5.29e-02	5.73e-02	5.29e-02	
Num Msgs 4096
SizeMsgs 65536
2.22e-01	2.03e-01	2.22e-01	2.03e-01	
Num Msgs 8192
SizeMsgs 65536
9.94e-01	9.06e-01	9.94e-01	9.06e-01	
Num Msgs 16384
SizeMsgs 65536
4.82e+00	4.39e+00	4.82e+00	4.39e+00	
Application 66229421 resources: utime ~147784s, stime ~959s, Rss ~26380, inblocks ~65984, outblocks ~131650
