Hops: 3
1	3.48e-06	3.65e-06	
2	3.29e-06	3.56e-06	
4	3.40e-06	3.62e-06	
8	3.45e-06	3.70e-06	
16	3.48e-06	3.72e-06	
32	3.58e-06	3.87e-06	
64	3.74e-06	3.98e-06	
128	1.11e-05	1.22e-05	
256	1.42e-05	1.55e-05	
512	1.53e-05	1.67e-05	
1024	1.75e-05	1.91e-05	
2048	1.78e-05	1.93e-05	
4096	2.20e-05	2.43e-05	
8192	3.12e-05	3.40e-05	
16384	4.89e-05	5.38e-05	
32768	8.39e-05	9.14e-05	
65536	1.55e-04	1.68e-04	
1	3.41e-06	3.65e-06	
2	3.30e-06	3.56e-06	
4	3.36e-06	3.62e-06	
8	3.45e-06	3.70e-06	
16	3.48e-06	3.68e-06	
32	3.56e-06	3.80e-06	
64	3.70e-06	3.94e-06	
128	1.12e-05	1.22e-05	
256	1.42e-05	1.56e-05	
512	1.53e-05	1.68e-05	
1024	1.76e-05	1.93e-05	
2048	1.72e-05	1.88e-05	
4096	2.03e-05	2.36e-05	
8192	2.74e-05	3.36e-05	
16384	4.14e-05	5.33e-05	
32768	6.86e-05	9.42e-05	
65536	1.23e-04	1.90e-04	
1	3.37e-06	3.64e-06	
2	3.33e-06	3.56e-06	
4	3.40e-06	3.64e-06	
8	3.48e-06	3.74e-06	
16	3.48e-06	3.75e-06	
32	3.58e-06	3.85e-06	
64	3.74e-06	3.99e-06	
128	1.12e-05	1.22e-05	
256	1.44e-05	1.59e-05	
512	1.55e-05	1.72e-05	
1024	1.77e-05	1.99e-05	
2048	1.74e-05	1.92e-05	
4096	2.05e-05	2.39e-05	
8192	2.78e-05	3.37e-05	
16384	4.13e-05	5.24e-05	
32768	6.88e-05	9.26e-05	
65536	1.23e-04	1.87e-04	


Hops: 2
1	3.28e-06	3.63e-06	
2	3.21e-06	3.45e-06	
4	3.29e-06	3.51e-06	
8	3.37e-06	3.64e-06	
16	3.36e-06	3.60e-06	
32	3.44e-06	3.76e-06	
64	3.62e-06	3.84e-06	
128	1.09e-05	1.18e-05	
256	1.40e-05	1.54e-05	
512	1.50e-05	1.65e-05	
1024	1.74e-05	1.90e-05	
2048	1.68e-05	1.85e-05	
4096	2.00e-05	2.41e-05	
8192	2.72e-05	3.76e-05	
16384	4.11e-05	5.44e-05	
32768	6.76e-05	9.41e-05	
65536	1.22e-04	1.86e-04	
1	3.30e-06	3.61e-06	
2	3.24e-06	3.48e-06	
4	3.32e-06	3.52e-06	
8	3.37e-06	3.61e-06	
16	3.36e-06	3.59e-06	
32	3.44e-06	3.69e-06	
64	3.58e-06	3.84e-06	
128	1.08e-05	1.18e-05	
256	1.40e-05	1.53e-05	
512	1.50e-05	1.64e-05	
1024	1.72e-05	1.90e-05	
2048	1.67e-05	1.86e-05	
4096	1.98e-05	2.45e-05	
8192	2.71e-05	3.65e-05	
16384	4.10e-05	5.32e-05	
32768	6.78e-05	9.60e-05	
65536	1.23e-04	1.99e-04
1	3.28e-06	3.72e-06	
2	3.23e-06	3.49e-06	
4	3.32e-06	3.55e-06	
8	3.38e-06	3.65e-06	
16	3.36e-06	3.64e-06	
32	3.48e-06	3.76e-06	
64	3.59e-06	3.88e-06	
128	1.08e-05	1.19e-05	
256	1.41e-05	1.56e-05	
512	1.51e-05	1.69e-05	
1024	1.74e-05	1.96e-05	
2048	1.77e-05	1.96e-05	
4096	2.18e-05	2.47e-05	
8192	3.12e-05	3.46e-05	
16384	4.89e-05	5.27e-05	
32768	8.38e-05	9.12e-05	
65536	1.54e-04	1.68e-04		



Hops: 1
1	3.19e-06	3.55e-06	
2	3.20e-06	3.46e-06	
4	3.30e-06	3.55e-06	
8	3.39e-06	3.64e-06	
16	3.37e-06	3.62e-06	
32	3.41e-06	3.71e-06	
64	3.60e-06	3.82e-06	
128	1.10e-05	1.21e-05	
256	1.40e-05	1.54e-05	
512	1.50e-05	1.67e-05	
1024	1.73e-05	1.90e-05	
2048	1.75e-05	1.92e-05	
4096	2.18e-05	2.46e-05	
8192	3.09e-05	3.47e-05	
16384	4.86e-05	5.48e-05	
32768	8.39e-05	9.40e-05	
65536	1.55e-04	1.73e-04	
1	3.28e-06	3.53e-06	
2	3.21e-06	3.48e-06	
4	3.27e-06	3.56e-06	
8	3.39e-06	3.65e-06	
16	3.35e-06	3.63e-06	
32	3.45e-06	3.71e-06	
64	3.55e-06	3.86e-06	
128	1.10e-05	1.21e-05	
256	1.40e-05	1.55e-05	
512	1.51e-05	1.67e-05	
1024	1.74e-05	1.92e-05	
2048	1.68e-05	1.86e-05	
4096	2.00e-05	2.47e-05	
8192	2.73e-05	3.77e-05	
16384	4.12e-05	5.34e-05	
32768	6.77e-05	9.59e-05	
65536	1.22e-04	1.97e-04
1	3.23e-06	3.57e-06	
2	3.22e-06	3.49e-06	
4	3.33e-06	3.56e-06	
8	3.40e-06	3.62e-06	
16	3.39e-06	3.63e-06	
32	3.44e-06	3.70e-06	
64	3.55e-06	3.84e-06	
128	1.10e-05	1.20e-05	
256	1.43e-05	1.57e-05	
512	1.53e-05	1.71e-05	
1024	1.76e-05	1.97e-05	
2048	1.71e-05	1.91e-05	
4096	2.01e-05	2.38e-05	
8192	2.73e-05	3.38e-05	
16384	4.10e-05	5.40e-05	
32768	6.74e-05	9.52e-05	
65536	1.23e-04	1.87e-04		


Hops: 0
1	3.02e-06	3.38e-06	
2	3.03e-06	3.29e-06	
4	3.11e-06	3.34e-06	
8	3.18e-06	3.45e-06	
16	3.16e-06	3.43e-06	
32	3.25e-06	3.54e-06	
64	3.37e-06	3.63e-06	
128	1.03e-05	1.15e-05	
256	1.33e-05	1.50e-05	
512	1.43e-05	1.63e-05	
1024	1.66e-05	1.85e-05	
2048	1.70e-05	1.88e-05	
4096	2.11e-05	2.38e-05	
8192	3.04e-05	3.41e-05	
16384	4.85e-05	5.49e-05	
32768	8.75e-05	9.36e-05	
65536	1.59e-04	1.71e-04	
1	2.99e-06	3.34e-06	
2	2.99e-06	3.28e-06	
4	3.09e-06	3.32e-06	
8	3.17e-06	3.43e-06	
16	3.16e-06	3.39e-06	
32	3.23e-06	3.51e-06	
64	3.32e-06	3.61e-06	
128	1.04e-05	1.16e-05	
256	1.34e-05	1.50e-05	
512	1.45e-05	1.63e-05	
1024	1.68e-05	1.85e-05	
2048	1.60e-05	1.81e-05	
4096	1.93e-05	2.31e-05	
8192	2.65e-05	3.33e-05	
16384	4.08e-05	5.39e-05	
32768	6.83e-05	9.99e-05	
65536	1.27e-04	2.08e-04	
1	3.02e-06	3.36e-06	
2	3.03e-06	3.28e-06	
4	3.11e-06	3.35e-06	
8	3.18e-06	3.45e-06	
16	3.16e-06	3.42e-06	
32	3.28e-06	3.54e-06	
64	3.41e-06	3.69e-06	
128	1.03e-05	1.15e-05	
256	1.35e-05	1.51e-05	
512	1.47e-05	1.64e-05	
1024	1.70e-05	1.92e-05	
2048	1.72e-05	1.91e-05	
4096	2.12e-05	2.44e-05	
8192	3.04e-05	3.43e-05	
16384	4.84e-05	5.43e-05	
32768	8.76e-05	9.30e-05	
65536	1.58e-04	1.71e-04	




