----------------------------------------
Begin Torque Prologue on nid25331
at Mon Apr 30 10:30:17 CDT 2018
Job Id:			8564426.bw
Username:		bienz
Group:			ILL_jq7
Job name:		nodecomm
Requested resources:	neednodes=1:ppn=32:xe,nodes=1:ppn=32:xe,walltime=00:20:00
Queue:			normal
Account:		jq7
End Torque Prologue:  0.122 elapsed
----------------------------------------




Pingpong for
master:  0, 1, 2, 3, 4, 5, 6, 7
partner: 8, 9, 10, 11, 12, 13, 14, 15

Num Msgs 1
SizeMsgs 1
2.39e-06	2.35e-06	2.28e-06	2.29e-06	

Num Msgs 1
SizeMsgs 2
2.29e-06	2.31e-06	2.29e-06	2.30e-06	
Num Msgs 2
SizeMsgs 2
4.64e-06	4.61e-06	4.61e-06	4.61e-06	

Num Msgs 1
SizeMsgs 4
2.26e-06	2.27e-06	2.27e-06	2.27e-06	
Num Msgs 2
SizeMsgs 4
4.67e-06	4.70e-06	4.69e-06	4.70e-06	
Num Msgs 4
SizeMsgs 4
8.42e-06	8.40e-06	8.42e-06	8.41e-06	

Num Msgs 1
SizeMsgs 8
2.30e-06	2.28e-06	2.29e-06	2.29e-06	
Num Msgs 2
SizeMsgs 8
4.73e-06	4.74e-06	4.69e-06	4.69e-06	
Num Msgs 4
SizeMsgs 8
8.41e-06	8.42e-06	8.41e-06	8.41e-06	
Num Msgs 8
SizeMsgs 8
1.69e-05	1.67e-05	1.67e-05	1.68e-05	

Num Msgs 1
SizeMsgs 16
2.70e-06	2.68e-06	2.69e-06	2.68e-06	
Num Msgs 2
SizeMsgs 16
4.76e-06	4.78e-06	4.78e-06	4.78e-06	
Num Msgs 4
SizeMsgs 16
8.37e-06	8.38e-06	8.35e-06	8.36e-06	
Num Msgs 8
SizeMsgs 16
1.68e-05	1.68e-05	1.68e-05	1.68e-05	
Num Msgs 16
SizeMsgs 16
3.50e-05	3.51e-05	3.50e-05	3.49e-05	

Num Msgs 1
SizeMsgs 32
2.84e-06	2.83e-06	2.83e-06	2.84e-06	
Num Msgs 2
SizeMsgs 32
4.96e-06	4.96e-06	4.99e-06	4.98e-06	
Num Msgs 4
SizeMsgs 32
8.36e-06	8.36e-06	8.36e-06	8.36e-06	
Num Msgs 8
SizeMsgs 32
1.68e-05	1.68e-05	1.68e-05	1.68e-05	
Num Msgs 16
SizeMsgs 32
3.51e-05	3.50e-05	3.49e-05	3.49e-05	
Num Msgs 32
SizeMsgs 32
7.27e-05	7.26e-05	7.27e-05	7.27e-05	

Num Msgs 1
SizeMsgs 64
4.52e-06	4.52e-06	4.55e-06	4.55e-06	
Num Msgs 2
SizeMsgs 64
5.26e-06	5.27e-06	5.28e-06	5.27e-06	
Num Msgs 4
SizeMsgs 64
8.79e-06	8.77e-06	8.77e-06	8.80e-06	
Num Msgs 8
SizeMsgs 64
1.69e-05	1.69e-05	1.69e-05	1.69e-05	
Num Msgs 16
SizeMsgs 64
3.47e-05	3.48e-05	3.47e-05	3.48e-05	
Num Msgs 32
SizeMsgs 64
7.28e-05	7.28e-05	7.28e-05	7.27e-05	
Num Msgs 64
SizeMsgs 64
1.53e-04	1.54e-04	1.54e-04	1.54e-04	

Num Msgs 1
SizeMsgs 128
6.49e-06	6.48e-06	6.48e-06	6.49e-06	
Num Msgs 2
SizeMsgs 128
7.78e-06	7.76e-06	7.79e-06	7.81e-06	
Num Msgs 4
SizeMsgs 128
9.95e-06	1.00e-05	9.97e-06	9.98e-06	
Num Msgs 8
SizeMsgs 128
1.80e-05	1.79e-05	1.79e-05	1.80e-05	
Num Msgs 16
SizeMsgs 128
3.51e-05	3.50e-05	3.49e-05	3.51e-05	
Num Msgs 32
SizeMsgs 128
7.27e-05	7.27e-05	7.28e-05	7.28e-05	
Num Msgs 64
SizeMsgs 128
1.54e-04	1.54e-04	1.54e-04	1.54e-04	
Num Msgs 128
SizeMsgs 128
4.36e-04	4.34e-04	4.32e-04	4.32e-04	

Num Msgs 1
SizeMsgs 256
9.23e-06	9.13e-06	9.14e-06	9.14e-06	
Num Msgs 2
SizeMsgs 256
1.11e-05	1.11e-05	1.10e-05	1.10e-05	
Num Msgs 4
SizeMsgs 256
1.23e-05	1.23e-05	1.23e-05	1.23e-05	
Num Msgs 8
SizeMsgs 256
2.11e-05	2.10e-05	2.11e-05	2.10e-05	
Num Msgs 16
SizeMsgs 256
3.72e-05	3.69e-05	3.68e-05	3.69e-05	
Num Msgs 32
SizeMsgs 256
7.25e-05	7.25e-05	7.24e-05	7.23e-05	
Num Msgs 64
SizeMsgs 256
1.54e-04	1.54e-04	1.54e-04	1.54e-04	
Num Msgs 128
SizeMsgs 256
4.34e-04	4.34e-04	4.33e-04	4.34e-04	
Num Msgs 256
SizeMsgs 256
1.40e-03	1.41e-03	1.40e-03	1.39e-03	

Num Msgs 1
SizeMsgs 512
1.44e-05	1.44e-05	1.44e-05	1.45e-05	
Num Msgs 2
SizeMsgs 512
1.58e-05	1.58e-05	1.58e-05	1.58e-05	
Num Msgs 4
SizeMsgs 512
2.07e-05	2.07e-05	2.07e-05	2.07e-05	
Num Msgs 8
SizeMsgs 512
2.46e-05	2.45e-05	2.46e-05	2.46e-05	
Num Msgs 16
SizeMsgs 512
3.95e-05	3.93e-05	3.92e-05	3.93e-05	
Num Msgs 32
SizeMsgs 512
7.69e-05	7.70e-05	7.74e-05	7.73e-05	
Num Msgs 64
SizeMsgs 512
1.57e-04	1.57e-04	1.57e-04	1.57e-04	
Num Msgs 128
SizeMsgs 512
4.38e-04	4.38e-04	4.38e-04	4.36e-04	
Num Msgs 256
SizeMsgs 512
1.41e-03	1.41e-03	1.41e-03	1.40e-03	
Num Msgs 512
SizeMsgs 512
4.59e-03	4.64e-03	4.62e-03	4.62e-03	

Num Msgs 1
SizeMsgs 1024
2.35e-05	2.35e-05	2.35e-05	2.35e-05	
Num Msgs 2
SizeMsgs 1024
2.54e-05	2.54e-05	2.54e-05	2.54e-05	
Num Msgs 4
SizeMsgs 1024
3.06e-05	3.06e-05	3.06e-05	3.06e-05	
Num Msgs 8
SizeMsgs 1024
4.12e-05	4.11e-05	4.11e-05	4.11e-05	
Num Msgs 16
SizeMsgs 1024
5.02e-05	4.98e-05	5.08e-05	5.08e-05	
Num Msgs 32
SizeMsgs 1024
8.16e-05	8.12e-05	8.12e-05	8.11e-05	
Num Msgs 64
SizeMsgs 1024
1.61e-04	1.61e-04	1.61e-04	1.61e-04	
Num Msgs 128
SizeMsgs 1024
4.39e-04	4.37e-04	4.39e-04	4.37e-04	
Num Msgs 256
SizeMsgs 1024
1.41e-03	1.40e-03	1.40e-03	1.40e-03	
Num Msgs 512
SizeMsgs 1024
4.60e-03	4.62e-03	4.61e-03	4.63e-03	
Num Msgs 1024
SizeMsgs 1024
1.68e-02	1.59e-02	1.60e-02	1.59e-02	

Num Msgs 1
SizeMsgs 2048
6.98e-06	6.96e-06	6.95e-06	6.95e-06	
Num Msgs 2
SizeMsgs 2048
4.26e-05	4.26e-05	4.26e-05	4.26e-05	
Num Msgs 4
SizeMsgs 2048
5.03e-05	5.02e-05	5.02e-05	5.02e-05	
Num Msgs 8
SizeMsgs 2048
6.13e-05	6.13e-05	6.12e-05	6.13e-05	
Num Msgs 16
SizeMsgs 2048
8.05e-05	8.08e-05	8.08e-05	8.01e-05	
Num Msgs 32
SizeMsgs 2048
1.06e-04	1.07e-04	1.06e-04	1.07e-04	
Num Msgs 64
SizeMsgs 2048
1.74e-04	1.74e-04	1.74e-04	1.74e-04	
Num Msgs 128
SizeMsgs 2048
4.52e-04	4.51e-04	4.51e-04	4.51e-04	
Num Msgs 256
SizeMsgs 2048
1.42e-03	1.41e-03	1.42e-03	1.42e-03	
Num Msgs 512
SizeMsgs 2048
4.62e-03	4.64e-03	4.63e-03	4.63e-03	
Num Msgs 1024
SizeMsgs 2048
1.59e-02	1.59e-02	1.59e-02	1.59e-02	
Num Msgs 2048
SizeMsgs 2048
5.99e-02	5.82e-02	5.81e-02	5.82e-02	

Num Msgs 1
SizeMsgs 4096
8.54e-06	8.52e-06	8.52e-06	8.54e-06	
Num Msgs 2
SizeMsgs 4096
1.27e-05	1.27e-05	1.27e-05	1.27e-05	
Num Msgs 4
SizeMsgs 4096
8.56e-05	8.56e-05	8.57e-05	8.57e-05	
Num Msgs 8
SizeMsgs 4096
1.00e-04	1.00e-04	1.00e-04	1.00e-04	
Num Msgs 16
SizeMsgs 4096
1.21e-04	1.20e-04	1.19e-04	1.21e-04	
Num Msgs 32
SizeMsgs 4096
1.60e-04	1.59e-04	1.59e-04	1.57e-04	
Num Msgs 64
SizeMsgs 4096
2.09e-04	2.11e-04	2.09e-04	2.09e-04	
Num Msgs 128
SizeMsgs 4096
4.69e-04	4.67e-04	4.68e-04	4.68e-04	
Num Msgs 256
SizeMsgs 4096
1.47e-03	1.47e-03	1.47e-03	1.47e-03	
Num Msgs 512
SizeMsgs 4096
4.63e-03	4.65e-03	4.64e-03	4.65e-03	
Num Msgs 1024
SizeMsgs 4096
1.61e-02	1.60e-02	1.60e-02	1.60e-02	
Num Msgs 2048
SizeMsgs 4096
5.82e-02	5.81e-02	5.81e-02	5.79e-02	
Num Msgs 4096
SizeMsgs 4096
2.26e-01	2.23e-01	2.24e-01	2.24e-01	

Num Msgs 1
SizeMsgs 8192
1.20e-05	1.20e-05	1.20e-05	1.20e-05	
Num Msgs 2
SizeMsgs 8192
1.64e-05	1.64e-05	1.64e-05	1.64e-05	
Num Msgs 4
SizeMsgs 8192
2.50e-05	2.49e-05	2.50e-05	2.49e-05	
Num Msgs 8
SizeMsgs 8192
1.71e-04	1.71e-04	1.71e-04	1.71e-04	
Num Msgs 16
SizeMsgs 8192
1.98e-04	1.98e-04	1.98e-04	1.97e-04	
Num Msgs 32
SizeMsgs 8192
2.37e-04	2.38e-04	2.38e-04	2.40e-04	
Num Msgs 64
SizeMsgs 8192
2.87e-04	2.86e-04	2.85e-04	2.86e-04	
Num Msgs 128
SizeMsgs 8192
5.38e-04	5.31e-04	5.37e-04	5.37e-04	
Num Msgs 256
SizeMsgs 8192
1.50e-03	1.50e-03	1.50e-03	1.49e-03	
Num Msgs 512
SizeMsgs 8192
4.71e-03	4.70e-03	4.72e-03	4.71e-03	
Num Msgs 1024
SizeMsgs 8192
1.61e-02	1.60e-02	1.60e-02	1.60e-02	
Num Msgs 2048
SizeMsgs 8192
5.82e-02	5.82e-02	5.84e-02	5.82e-02	
Num Msgs 4096
SizeMsgs 8192
2.23e-01	2.24e-01	2.24e-01	2.24e-01	
Num Msgs 8192
SizeMsgs 8192
9.79e-01	9.73e-01	9.74e-01	9.74e-01	

Num Msgs 1
SizeMsgs 16384
2.09e-05	1.84e-05	1.84e-05	2.01e-05	
Num Msgs 2
SizeMsgs 16384
2.52e-05	2.33e-05	2.33e-05	2.32e-05	
Num Msgs 4
SizeMsgs 16384
3.30e-05	3.24e-05	3.24e-05	3.25e-05	
Num Msgs 8
SizeMsgs 16384
4.97e-05	4.93e-05	4.94e-05	4.93e-05	
Num Msgs 16
SizeMsgs 16384
3.36e-04	3.37e-04	3.38e-04	3.36e-04	
Num Msgs 32
SizeMsgs 16384
3.96e-04	3.94e-04	3.92e-04	3.93e-04	
Num Msgs 64
SizeMsgs 16384
4.55e-04	4.60e-04	4.48e-04	4.56e-04	
Num Msgs 128
SizeMsgs 16384
6.63e-04	6.68e-04	6.68e-04	6.71e-04	
Num Msgs 256
SizeMsgs 16384
1.59e-03	1.59e-03	1.59e-03	1.59e-03	
Num Msgs 512
SizeMsgs 16384
4.75e-03	4.76e-03	4.79e-03	4.76e-03	
Num Msgs 1024
SizeMsgs 16384
1.62e-02	1.62e-02	1.61e-02	1.62e-02	
Num Msgs 2048
SizeMsgs 16384
5.83e-02	5.82e-02	5.80e-02	5.82e-02	
Num Msgs 4096
SizeMsgs 16384
2.24e-01	2.24e-01	2.24e-01	2.24e-01	
Num Msgs 8192
SizeMsgs 16384
9.74e-01	9.74e-01	9.74e-01	9.74e-01	
Num Msgs 16384
SizeMsgs 16384
4.69e+00	4.68e+00	4.68e+00	4.68e+00	

Num Msgs 1
SizeMsgs 32768
3.49e-05	3.29e-05	3.31e-05	3.18e-05	
Num Msgs 2
SizeMsgs 32768
3.92e-05	3.63e-05	3.91e-05	3.63e-05	
Num Msgs 4
SizeMsgs 32768
4.63e-05	4.75e-05	4.69e-05	4.57e-05	
Num Msgs 8
SizeMsgs 32768
6.47e-05	6.43e-05	6.42e-05	6.43e-05	
Num Msgs 16
SizeMsgs 32768
9.90e-05	9.88e-05	9.89e-05	9.87e-05	
Num Msgs 32
SizeMsgs 32768
6.75e-04	6.75e-04	6.67e-04	6.76e-04	
Num Msgs 64
SizeMsgs 32768
7.91e-04	7.90e-04	7.91e-04	7.88e-04	
Num Msgs 128
SizeMsgs 32768
9.47e-04	9.45e-04	9.44e-04	9.47e-04	
Num Msgs 256
SizeMsgs 32768
1.80e-03	1.80e-03	1.80e-03	1.80e-03	
Num Msgs 512
SizeMsgs 32768
4.98e-03	4.98e-03	4.98e-03	4.97e-03	
Num Msgs 1024
SizeMsgs 32768
1.64e-02	1.63e-02	1.62e-02	1.63e-02	
Num Msgs 2048
SizeMsgs 32768
5.85e-02	5.84e-02	5.85e-02	5.83e-02	
Num Msgs 4096
SizeMsgs 32768
2.24e-01	2.24e-01	2.24e-01	2.24e-01	
Num Msgs 8192
SizeMsgs 32768
9.74e-01	9.74e-01	9.74e-01	9.74e-01	
Num Msgs 16384
SizeMsgs 32768
4.68e+00	4.68e+00	4.68e+00	4.68e+00	

Num Msgs 1
SizeMsgs 65536
6.43e-05	5.98e-05	5.99e-05	5.98e-05	
Num Msgs 2
SizeMsgs 65536
6.56e-05	6.55e-05	6.54e-05	6.56e-05	
Num Msgs 4
SizeMsgs 65536
7.56e-05	7.43e-05	7.27e-05	7.45e-05	
Num Msgs 8
SizeMsgs 65536
9.41e-05	9.08e-05	9.36e-05	9.23e-05	
Num Msgs 16
SizeMsgs 65536
1.31e-04	1.29e-04	1.29e-04	1.29e-04	
Num Msgs 32
SizeMsgs 65536
2.02e-04	2.02e-04	2.02e-04	2.02e-04	
Num Msgs 64
SizeMsgs 65536
1.32e-03	1.34e-03	1.33e-03	1.35e-03	
Num Msgs 128
SizeMsgs 65536
1.49e-03	1.49e-03	1.49e-03	1.49e-03	
Num Msgs 256
SizeMsgs 65536
2.29e-03	2.29e-03	2.29e-03	2.29e-03	
Num Msgs 512
SizeMsgs 65536
5.27e-03	5.28e-03	5.27e-03	5.29e-03	
Num Msgs 1024
SizeMsgs 65536
1.67e-02	1.68e-02	1.66e-02	1.66e-02	
Num Msgs 2048
SizeMsgs 65536
5.92e-02	5.90e-02	5.89e-02	5.87e-02	
Num Msgs 4096
SizeMsgs 65536
2.25e-01	2.25e-01	2.25e-01	2.25e-01	
Num Msgs 8192
SizeMsgs 65536
9.74e-01	9.74e-01	9.74e-01	9.74e-01	
Num Msgs 16384
SizeMsgs 65536
4.68e+00	4.68e+00	4.68e+00	4.68e+00	
Pingpong for
master:  0, 1, 2, 3, 4, 5, 6, 7
partner: 8, 9, 10, 11, 12, 13, 14, 15

Num Msgs 1
SizeMsgs 1
2.35e-06	2.25e-06	2.31e-06	2.26e-06	

Num Msgs 1
SizeMsgs 2
2.26e-06	2.26e-06	2.25e-06	2.26e-06	
Num Msgs 2
SizeMsgs 2
4.69e-06	4.69e-06	4.71e-06	4.74e-06	

Num Msgs 1
SizeMsgs 4
2.26e-06	2.26e-06	2.26e-06	2.28e-06	
Num Msgs 2
SizeMsgs 4
4.72e-06	4.69e-06	4.71e-06	4.73e-06	
Num Msgs 4
SizeMsgs 4
8.53e-06	8.54e-06	8.58e-06	8.55e-06	

Num Msgs 1
SizeMsgs 8
2.29e-06	2.27e-06	2.28e-06	2.29e-06	
Num Msgs 2
SizeMsgs 8
4.73e-06	4.74e-06	4.74e-06	4.72e-06	
Num Msgs 4
SizeMsgs 8
8.60e-06	8.60e-06	8.56e-06	8.54e-06	
Num Msgs 8
SizeMsgs 8
1.69e-05	1.69e-05	1.69e-05	1.69e-05	

Num Msgs 1
SizeMsgs 16
2.71e-06	2.69e-06	2.70e-06	2.70e-06	
Num Msgs 2
SizeMsgs 16
4.73e-06	4.76e-06	4.81e-06	4.84e-06	
Num Msgs 4
SizeMsgs 16
8.47e-06	8.53e-06	8.51e-06	8.54e-06	
Num Msgs 8
SizeMsgs 16
1.71e-05	1.71e-05	1.73e-05	1.73e-05	
Num Msgs 16
SizeMsgs 16
3.50e-05	3.48e-05	3.48e-05	3.48e-05	

Num Msgs 1
SizeMsgs 32
2.81e-06	2.82e-06	2.82e-06	2.82e-06	
Num Msgs 2
SizeMsgs 32
5.01e-06	5.01e-06	5.00e-06	5.02e-06	
Num Msgs 4
SizeMsgs 32
8.56e-06	8.56e-06	8.57e-06	8.53e-06	
Num Msgs 8
SizeMsgs 32
1.71e-05	1.69e-05	1.69e-05	1.69e-05	
Num Msgs 16
SizeMsgs 32
3.48e-05	3.50e-05	3.50e-05	3.50e-05	
Num Msgs 32
SizeMsgs 32
7.24e-05	7.22e-05	7.24e-05	7.23e-05	

Num Msgs 1
SizeMsgs 64
4.74e-06	4.78e-06	4.80e-06	4.78e-06	
Num Msgs 2
SizeMsgs 64
5.27e-06	5.34e-06	5.33e-06	5.35e-06	
Num Msgs 4
SizeMsgs 64
9.09e-06	9.18e-06	9.22e-06	9.23e-06	
Num Msgs 8
SizeMsgs 64
1.75e-05	1.76e-05	1.75e-05	1.73e-05	
Num Msgs 16
SizeMsgs 64
3.53e-05	3.50e-05	3.49e-05	3.49e-05	
Num Msgs 32
SizeMsgs 64
7.25e-05	7.22e-05	7.27e-05	7.27e-05	
Num Msgs 64
SizeMsgs 64
1.63e-04	1.64e-04	1.64e-04	1.64e-04	

Num Msgs 1
SizeMsgs 128
6.62e-06	6.61e-06	6.62e-06	6.61e-06	
Num Msgs 2
SizeMsgs 128
7.70e-06	7.76e-06	7.75e-06	7.79e-06	
Num Msgs 4
SizeMsgs 128
1.01e-05	1.01e-05	1.01e-05	1.00e-05	
Num Msgs 8
SizeMsgs 128
1.79e-05	1.79e-05	1.78e-05	1.79e-05	
Num Msgs 16
SizeMsgs 128
3.53e-05	3.52e-05	3.52e-05	3.52e-05	
Num Msgs 32
SizeMsgs 128
7.26e-05	7.25e-05	7.27e-05	7.23e-05	
Num Msgs 64
SizeMsgs 128
1.64e-04	1.65e-04	1.65e-04	1.64e-04	
Num Msgs 128
SizeMsgs 128
4.34e-04	4.33e-04	4.35e-04	4.33e-04	

Num Msgs 1
SizeMsgs 256
9.14e-06	9.23e-06	9.14e-06	9.14e-06	
Num Msgs 2
SizeMsgs 256
1.09e-05	1.09e-05	1.09e-05	1.09e-05	
Num Msgs 4
SizeMsgs 256
1.17e-05	1.16e-05	1.17e-05	1.16e-05	
Num Msgs 8
SizeMsgs 256
1.98e-05	1.98e-05	1.98e-05	1.98e-05	
Num Msgs 16
SizeMsgs 256
3.69e-05	3.70e-05	3.69e-05	3.69e-05	
Num Msgs 32
SizeMsgs 256
7.25e-05	7.27e-05	7.25e-05	7.31e-05	
Num Msgs 64
SizeMsgs 256
1.66e-04	1.66e-04	1.66e-04	1.66e-04	
Num Msgs 128
SizeMsgs 256
4.34e-04	4.33e-04	4.36e-04	4.36e-04	
Num Msgs 256
SizeMsgs 256
1.41e-03	1.40e-03	1.40e-03	1.40e-03	

Num Msgs 1
SizeMsgs 512
1.44e-05	1.45e-05	1.44e-05	1.45e-05	
Num Msgs 2
SizeMsgs 512
1.58e-05	1.58e-05	1.58e-05	1.58e-05	
Num Msgs 4
SizeMsgs 512
2.04e-05	2.04e-05	2.04e-05	2.04e-05	
Num Msgs 8
SizeMsgs 512
2.44e-05	2.43e-05	2.42e-05	2.41e-05	
Num Msgs 16
SizeMsgs 512
4.05e-05	3.99e-05	3.99e-05	3.92e-05	
Num Msgs 32
SizeMsgs 512
7.66e-05	7.67e-05	7.67e-05	7.67e-05	
Num Msgs 64
SizeMsgs 512
1.69e-04	1.68e-04	1.68e-04	1.68e-04	
Num Msgs 128
SizeMsgs 512
4.35e-04	4.35e-04	4.36e-04	4.36e-04	
Num Msgs 256
SizeMsgs 512
1.41e-03	1.41e-03	1.41e-03	1.41e-03	
Num Msgs 512
SizeMsgs 512
4.64e-03	4.64e-03	4.64e-03	4.66e-03	

Num Msgs 1
SizeMsgs 1024
2.35e-05	2.36e-05	2.35e-05	2.35e-05	
Num Msgs 2
SizeMsgs 1024
2.56e-05	2.55e-05	2.55e-05	2.55e-05	
Num Msgs 4
SizeMsgs 1024
3.06e-05	3.05e-05	3.05e-05	3.05e-05	
Num Msgs 8
SizeMsgs 1024
4.10e-05	4.09e-05	4.10e-05	4.10e-05	
Num Msgs 16
SizeMsgs 1024
5.01e-05	5.20e-05	5.10e-05	5.20e-05	
Num Msgs 32
SizeMsgs 1024
8.54e-05	8.42e-05	8.50e-05	8.35e-05	
Num Msgs 64
SizeMsgs 1024
1.73e-04	1.74e-04	1.73e-04	1.73e-04	
Num Msgs 128
SizeMsgs 1024
4.38e-04	4.38e-04	4.37e-04	4.39e-04	
Num Msgs 256
SizeMsgs 1024
1.41e-03	1.41e-03	1.41e-03	1.41e-03	
Num Msgs 512
SizeMsgs 1024
4.64e-03	4.65e-03	4.65e-03	4.66e-03	
Num Msgs 1024
SizeMsgs 1024
1.60e-02	1.61e-02	1.59e-02	1.60e-02	

Num Msgs 1
SizeMsgs 2048
8.85e-06	8.85e-06	8.84e-06	8.84e-06	
Num Msgs 2
SizeMsgs 2048
4.27e-05	4.26e-05	4.26e-05	4.26e-05	
Num Msgs 4
SizeMsgs 2048
5.05e-05	5.05e-05	5.05e-05	5.05e-05	
Num Msgs 8
SizeMsgs 2048
6.12e-05	6.11e-05	6.11e-05	6.12e-05	
Num Msgs 16
SizeMsgs 2048
8.02e-05	7.97e-05	8.01e-05	7.99e-05	
Num Msgs 32
SizeMsgs 2048
1.07e-04	1.08e-04	1.09e-04	1.08e-04	
Num Msgs 64
SizeMsgs 2048
1.91e-04	1.91e-04	1.91e-04	1.91e-04	
Num Msgs 128
SizeMsgs 2048
4.50e-04	4.51e-04	4.50e-04	4.50e-04	
Num Msgs 256
SizeMsgs 2048
1.42e-03	1.42e-03	1.42e-03	1.42e-03	
Num Msgs 512
SizeMsgs 2048
4.64e-03	4.66e-03	4.65e-03	4.66e-03	
Num Msgs 1024
SizeMsgs 2048
1.59e-02	1.61e-02	1.59e-02	1.60e-02	
Num Msgs 2048
SizeMsgs 2048
5.85e-02	5.83e-02	5.82e-02	5.83e-02	

Num Msgs 1
SizeMsgs 4096
9.58e-06	9.57e-06	9.58e-06	9.57e-06	
Num Msgs 2
SizeMsgs 4096
1.52e-05	1.51e-05	1.52e-05	1.51e-05	
Num Msgs 4
SizeMsgs 4096
8.59e-05	8.59e-05	8.59e-05	8.59e-05	
Num Msgs 8
SizeMsgs 4096
1.01e-04	1.01e-04	1.01e-04	1.01e-04	
Num Msgs 16
SizeMsgs 4096
1.20e-04	1.21e-04	1.21e-04	1.20e-04	
Num Msgs 32
SizeMsgs 4096
1.58e-04	1.57e-04	1.58e-04	1.59e-04	
Num Msgs 64
SizeMsgs 4096
2.25e-04	2.25e-04	2.25e-04	2.27e-04	
Num Msgs 128
SizeMsgs 4096
4.81e-04	4.79e-04	4.77e-04	4.77e-04	
Num Msgs 256
SizeMsgs 4096
1.46e-03	1.46e-03	1.46e-03	1.46e-03	
Num Msgs 512
SizeMsgs 4096
4.65e-03	4.66e-03	4.65e-03	4.66e-03	
Num Msgs 1024
SizeMsgs 4096
1.59e-02	1.60e-02	1.60e-02	1.60e-02	
Num Msgs 2048
SizeMsgs 4096
5.84e-02	5.81e-02	5.82e-02	5.82e-02	
Num Msgs 4096
SizeMsgs 4096
2.24e-01	2.24e-01	2.24e-01	2.24e-01	

Num Msgs 1
SizeMsgs 8192
1.28e-05	1.27e-05	1.28e-05	1.28e-05	
Num Msgs 2
SizeMsgs 8192
3.30e-05	3.29e-05	3.30e-05	3.30e-05	
Num Msgs 4
SizeMsgs 8192
2.94e-05	2.93e-05	2.94e-05	2.94e-05	
Num Msgs 8
SizeMsgs 8192
1.72e-04	1.72e-04	1.72e-04	1.72e-04	
Num Msgs 16
SizeMsgs 8192
2.00e-04	1.99e-04	1.99e-04	1.99e-04	
Num Msgs 32
SizeMsgs 8192
2.40e-04	2.40e-04	2.40e-04	2.39e-04	
Num Msgs 64
SizeMsgs 8192
2.88e-04	2.87e-04	2.87e-04	2.86e-04	
Num Msgs 128
SizeMsgs 8192
5.38e-04	5.32e-04	5.28e-04	5.29e-04	
Num Msgs 256
SizeMsgs 8192
1.49e-03	1.49e-03	1.49e-03	1.49e-03	
Num Msgs 512
SizeMsgs 8192
4.70e-03	4.72e-03	4.73e-03	4.71e-03	
Num Msgs 1024
SizeMsgs 8192
1.62e-02	1.60e-02	1.61e-02	1.60e-02	
Num Msgs 2048
SizeMsgs 8192
5.83e-02	5.82e-02	5.83e-02	5.83e-02	
Num Msgs 4096
SizeMsgs 8192
2.24e-01	2.24e-01	2.24e-01	2.24e-01	
Num Msgs 8192
SizeMsgs 8192
9.74e-01	9.73e-01	9.74e-01	9.74e-01	

Num Msgs 1
SizeMsgs 16384
2.22e-05	2.11e-05	2.10e-05	2.23e-05	
Num Msgs 2
SizeMsgs 16384
5.00e-05	4.91e-05	4.89e-05	4.91e-05	
Num Msgs 4
SizeMsgs 16384
5.28e-05	5.28e-05	5.30e-05	5.28e-05	
Num Msgs 8
SizeMsgs 16384
5.80e-05	5.79e-05	5.79e-05	5.80e-05	
Num Msgs 16
SizeMsgs 16384
3.36e-04	3.40e-04	3.39e-04	3.40e-04	
Num Msgs 32
SizeMsgs 16384
3.96e-04	3.95e-04	3.96e-04	3.95e-04	
Num Msgs 64
SizeMsgs 16384
4.38e-04	4.56e-04	4.35e-04	4.51e-04	
Num Msgs 128
SizeMsgs 16384
6.66e-04	6.65e-04	6.61e-04	6.65e-04	
Num Msgs 256
SizeMsgs 16384
1.58e-03	1.58e-03	1.58e-03	1.58e-03	
Num Msgs 512
SizeMsgs 16384
4.78e-03	4.79e-03	4.80e-03	4.80e-03	
Num Msgs 1024
SizeMsgs 16384
1.62e-02	1.62e-02	1.61e-02	1.62e-02	
Num Msgs 2048
SizeMsgs 16384
5.84e-02	5.82e-02	5.84e-02	5.82e-02	
Num Msgs 4096
SizeMsgs 16384
2.24e-01	2.24e-01	2.24e-01	2.24e-01	
Num Msgs 8192
SizeMsgs 16384
9.74e-01	9.74e-01	9.74e-01	9.74e-01	
Num Msgs 16384
SizeMsgs 16384
4.68e+00	4.68e+00	4.68e+00	4.68e+00	

Num Msgs 1
SizeMsgs 32768
4.00e-05	3.94e-05	3.81e-05	3.89e-05	
Num Msgs 2
SizeMsgs 32768
4.25e-05	4.16e-05	4.37e-05	4.15e-05	
Num Msgs 4
SizeMsgs 32768
8.25e-05	8.23e-05	8.23e-05	8.22e-05	
Num Msgs 8
SizeMsgs 32768
8.50e-05	8.51e-05	8.51e-05	8.51e-05	
Num Msgs 16
SizeMsgs 32768
1.16e-04	1.16e-04	1.16e-04	1.16e-04	
Num Msgs 32
SizeMsgs 32768
6.75e-04	6.79e-04	6.77e-04	6.77e-04	
Num Msgs 64
SizeMsgs 32768
7.87e-04	7.94e-04	7.93e-04	7.96e-04	
Num Msgs 128
SizeMsgs 32768
9.45e-04	9.40e-04	9.45e-04	9.44e-04	
Num Msgs 256
SizeMsgs 32768
1.79e-03	1.79e-03	1.80e-03	1.79e-03	
Num Msgs 512
SizeMsgs 32768
4.93e-03	4.94e-03	4.94e-03	4.94e-03	
Num Msgs 1024
SizeMsgs 32768
1.65e-02	1.62e-02	1.64e-02	1.62e-02	
Num Msgs 2048
SizeMsgs 32768
5.87e-02	5.86e-02	5.85e-02	5.86e-02	
Num Msgs 4096
SizeMsgs 32768
2.24e-01	2.24e-01	2.24e-01	2.24e-01	
Num Msgs 8192
SizeMsgs 32768
9.74e-01	9.74e-01	9.74e-01	9.74e-01	
Num Msgs 16384
SizeMsgs 32768
4.68e+00	4.68e+00	4.68e+00	4.68e+00	

Num Msgs 1
SizeMsgs 65536
7.87e-05	7.43e-05	7.42e-05	7.40e-05	
Num Msgs 2
SizeMsgs 65536
7.78e-05	7.78e-05	7.78e-05	7.78e-05	
Num Msgs 4
SizeMsgs 65536
8.36e-05	8.58e-05	8.59e-05	8.60e-05	
Num Msgs 8
SizeMsgs 65536
1.02e-04	1.00e-04	1.02e-04	1.02e-04	
Num Msgs 16
SizeMsgs 65536
1.45e-04	1.45e-04	1.45e-04	1.45e-04	
Num Msgs 32
SizeMsgs 65536
2.32e-04	2.32e-04	2.32e-04	2.32e-04	
Num Msgs 64
SizeMsgs 65536
1.34e-03	1.33e-03	1.34e-03	1.34e-03	
Num Msgs 128
SizeMsgs 65536
1.50e-03	1.49e-03	1.50e-03	1.50e-03	
Num Msgs 256
SizeMsgs 65536
2.29e-03	2.29e-03	2.30e-03	2.29e-03	
Num Msgs 512
SizeMsgs 65536
5.28e-03	5.28e-03	5.28e-03	5.29e-03	
Num Msgs 1024
SizeMsgs 65536
1.66e-02	1.67e-02	1.66e-02	1.65e-02	
Num Msgs 2048
SizeMsgs 65536
5.93e-02	5.92e-02	5.90e-02	5.90e-02	
Num Msgs 4096
SizeMsgs 65536
2.25e-01	2.25e-01	2.25e-01	2.25e-01	
Num Msgs 8192
SizeMsgs 65536
9.74e-01	9.74e-01	9.74e-01	9.74e-01	
Num Msgs 16384
SizeMsgs 65536
4.68e+00	4.68e+00	4.68e+00	4.68e+00	
Application 66661516 resources: utime ~4030s, stime ~11s, Rss ~36544, inblocks ~7002, outblocks ~16463
