----------------------------------------
Begin Torque Prologue on nid27559
at Mon Apr 30 11:00:06 CDT 2018
Job Id:			8564479.bw
Username:		bienz
Group:			ILL_jq7
Job name:		nodecomm
Requested resources:	neednodes=1:ppn=32:xe,nodes=1:ppn=32:xe,walltime=00:20:00
Queue:			normal
Account:		jq7
End Torque Prologue:  0.145 elapsed
----------------------------------------




Pingpong for
master:  0, 1, 2, 3, 4, 5, 6, 7
partner: 8, 9, 10, 11, 12, 13, 14, 15

Num Msgs 1
SizeMsgs 1
2.39e-06	2.28e-06	2.28e-06	2.28e-06	

Num Msgs 1
SizeMsgs 2
2.28e-06	2.29e-06	2.28e-06	2.29e-06	
Num Msgs 2
SizeMsgs 2
4.52e-06	4.53e-06	4.53e-06	4.52e-06	

Num Msgs 1
SizeMsgs 4
2.27e-06	2.26e-06	2.26e-06	2.26e-06	
Num Msgs 2
SizeMsgs 4
4.52e-06	4.53e-06	4.57e-06	4.58e-06	
Num Msgs 4
SizeMsgs 4
8.45e-06	8.47e-06	8.46e-06	8.44e-06	

Num Msgs 1
SizeMsgs 8
2.26e-06	2.26e-06	2.28e-06	2.28e-06	
Num Msgs 2
SizeMsgs 8
4.50e-06	4.51e-06	4.50e-06	4.50e-06	
Num Msgs 4
SizeMsgs 8
8.34e-06	8.33e-06	8.35e-06	8.34e-06	
Num Msgs 8
SizeMsgs 8
1.67e-05	1.67e-05	1.67e-05	1.68e-05	

Num Msgs 1
SizeMsgs 16
2.71e-06	2.70e-06	2.70e-06	2.71e-06	
Num Msgs 2
SizeMsgs 16
4.53e-06	4.54e-06	4.54e-06	4.54e-06	
Num Msgs 4
SizeMsgs 16
8.33e-06	8.37e-06	8.35e-06	8.36e-06	
Num Msgs 8
SizeMsgs 16
1.67e-05	1.68e-05	1.67e-05	1.67e-05	
Num Msgs 16
SizeMsgs 16
3.47e-05	3.47e-05	3.47e-05	3.47e-05	

Num Msgs 1
SizeMsgs 32
2.85e-06	2.84e-06	2.84e-06	2.84e-06	
Num Msgs 2
SizeMsgs 32
4.94e-06	4.95e-06	4.95e-06	4.96e-06	
Num Msgs 4
SizeMsgs 32
8.31e-06	8.33e-06	8.34e-06	8.34e-06	
Num Msgs 8
SizeMsgs 32
1.71e-05	1.71e-05	1.71e-05	1.71e-05	
Num Msgs 16
SizeMsgs 32
3.48e-05	3.47e-05	3.46e-05	3.47e-05	
Num Msgs 32
SizeMsgs 32
7.23e-05	7.22e-05	7.23e-05	7.22e-05	

Num Msgs 1
SizeMsgs 64
4.23e-06	4.22e-06	4.25e-06	4.26e-06	
Num Msgs 2
SizeMsgs 64
5.23e-06	5.23e-06	5.22e-06	5.21e-06	
Num Msgs 4
SizeMsgs 64
8.75e-06	8.79e-06	8.76e-06	8.81e-06	
Num Msgs 8
SizeMsgs 64
1.71e-05	1.71e-05	1.70e-05	1.71e-05	
Num Msgs 16
SizeMsgs 64
3.46e-05	3.47e-05	3.46e-05	3.47e-05	
Num Msgs 32
SizeMsgs 64
7.22e-05	7.24e-05	7.23e-05	7.23e-05	
Num Msgs 64
SizeMsgs 64
1.55e-04	1.56e-04	1.57e-04	1.56e-04	

Num Msgs 1
SizeMsgs 128
6.16e-06	6.17e-06	6.17e-06	6.15e-06	
Num Msgs 2
SizeMsgs 128
7.58e-06	7.57e-06	7.57e-06	7.57e-06	
Num Msgs 4
SizeMsgs 128
1.00e-05	1.00e-05	1.00e-05	1.00e-05	
Num Msgs 8
SizeMsgs 128
1.78e-05	1.79e-05	1.79e-05	1.79e-05	
Num Msgs 16
SizeMsgs 128
3.52e-05	3.53e-05	3.51e-05	3.51e-05	
Num Msgs 32
SizeMsgs 128
7.18e-05	7.18e-05	7.20e-05	7.23e-05	
Num Msgs 64
SizeMsgs 128
1.56e-04	1.56e-04	1.57e-04	1.56e-04	
Num Msgs 128
SizeMsgs 128
4.30e-04	4.32e-04	4.31e-04	4.31e-04	

Num Msgs 1
SizeMsgs 256
9.00e-06	8.96e-06	8.96e-06	8.97e-06	
Num Msgs 2
SizeMsgs 256
1.10e-05	1.10e-05	1.10e-05	1.10e-05	
Num Msgs 4
SizeMsgs 256
1.21e-05	1.22e-05	1.22e-05	1.21e-05	
Num Msgs 8
SizeMsgs 256
2.04e-05	2.05e-05	2.05e-05	2.04e-05	
Num Msgs 16
SizeMsgs 256
3.69e-05	3.68e-05	3.69e-05	3.68e-05	
Num Msgs 32
SizeMsgs 256
7.25e-05	7.23e-05	7.24e-05	7.25e-05	
Num Msgs 64
SizeMsgs 256
1.57e-04	1.57e-04	1.56e-04	1.57e-04	
Num Msgs 128
SizeMsgs 256
4.34e-04	4.31e-04	4.32e-04	4.33e-04	
Num Msgs 256
SizeMsgs 256
1.40e-03	1.40e-03	1.40e-03	1.39e-03	

Num Msgs 1
SizeMsgs 512
1.46e-05	1.45e-05	1.45e-05	1.46e-05	
Num Msgs 2
SizeMsgs 512
1.59e-05	1.59e-05	1.58e-05	1.58e-05	
Num Msgs 4
SizeMsgs 512
2.07e-05	2.07e-05	2.07e-05	2.07e-05	
Num Msgs 8
SizeMsgs 512
2.44e-05	2.44e-05	2.44e-05	2.44e-05	
Num Msgs 16
SizeMsgs 512
3.94e-05	3.93e-05	3.93e-05	3.97e-05	
Num Msgs 32
SizeMsgs 512
7.68e-05	7.69e-05	7.69e-05	7.68e-05	
Num Msgs 64
SizeMsgs 512
1.61e-04	1.61e-04	1.61e-04	1.60e-04	
Num Msgs 128
SizeMsgs 512
4.33e-04	4.35e-04	4.32e-04	4.34e-04	
Num Msgs 256
SizeMsgs 512
1.40e-03	1.40e-03	1.40e-03	1.40e-03	
Num Msgs 512
SizeMsgs 512
4.60e-03	4.62e-03	4.62e-03	4.62e-03	

Num Msgs 1
SizeMsgs 1024
2.42e-05	2.43e-05	2.43e-05	2.42e-05	
Num Msgs 2
SizeMsgs 1024
2.57e-05	2.57e-05	2.57e-05	2.57e-05	
Num Msgs 4
SizeMsgs 1024
3.08e-05	3.08e-05	3.08e-05	3.07e-05	
Num Msgs 8
SizeMsgs 1024
4.13e-05	4.13e-05	4.13e-05	4.13e-05	
Num Msgs 16
SizeMsgs 1024
5.17e-05	5.17e-05	5.03e-05	5.01e-05	
Num Msgs 32
SizeMsgs 1024
8.10e-05	8.09e-05	8.12e-05	8.11e-05	
Num Msgs 64
SizeMsgs 1024
1.65e-04	1.65e-04	1.65e-04	1.65e-04	
Num Msgs 128
SizeMsgs 1024
4.37e-04	4.37e-04	4.39e-04	4.38e-04	
Num Msgs 256
SizeMsgs 1024
1.40e-03	1.40e-03	1.41e-03	1.41e-03	
Num Msgs 512
SizeMsgs 1024
4.60e-03	4.63e-03	4.61e-03	4.62e-03	
Num Msgs 1024
SizeMsgs 1024
1.69e-02	1.59e-02	1.59e-02	1.59e-02	

Num Msgs 1
SizeMsgs 2048
7.08e-06	7.06e-06	7.04e-06	7.03e-06	
Num Msgs 2
SizeMsgs 2048
4.32e-05	4.32e-05	4.32e-05	4.32e-05	
Num Msgs 4
SizeMsgs 2048
5.08e-05	5.08e-05	5.07e-05	5.09e-05	
Num Msgs 8
SizeMsgs 2048
6.16e-05	6.16e-05	6.16e-05	6.16e-05	
Num Msgs 16
SizeMsgs 2048
8.08e-05	8.01e-05	8.00e-05	8.04e-05	
Num Msgs 32
SizeMsgs 2048
1.06e-04	1.05e-04	1.05e-04	1.06e-04	
Num Msgs 64
SizeMsgs 2048
1.77e-04	1.77e-04	1.78e-04	1.78e-04	
Num Msgs 128
SizeMsgs 2048
4.55e-04	4.57e-04	4.58e-04	4.57e-04	
Num Msgs 256
SizeMsgs 2048
1.42e-03	1.42e-03	1.42e-03	1.42e-03	
Num Msgs 512
SizeMsgs 2048
4.62e-03	4.63e-03	4.63e-03	4.65e-03	
Num Msgs 1024
SizeMsgs 2048
1.60e-02	1.59e-02	1.59e-02	1.59e-02	
Num Msgs 2048
SizeMsgs 2048
6.02e-02	5.82e-02	5.81e-02	5.81e-02	

Num Msgs 1
SizeMsgs 4096
8.61e-06	8.62e-06	8.61e-06	8.61e-06	
Num Msgs 2
SizeMsgs 4096
1.27e-05	1.26e-05	1.26e-05	1.26e-05	
Num Msgs 4
SizeMsgs 4096
8.68e-05	8.69e-05	8.69e-05	8.69e-05	
Num Msgs 8
SizeMsgs 4096
1.01e-04	1.01e-04	1.01e-04	1.01e-04	
Num Msgs 16
SizeMsgs 4096
1.21e-04	1.21e-04	1.21e-04	1.20e-04	
Num Msgs 32
SizeMsgs 4096
1.59e-04	1.59e-04	1.59e-04	1.60e-04	
Num Msgs 64
SizeMsgs 4096
2.16e-04	2.19e-04	2.17e-04	2.19e-04	
Num Msgs 128
SizeMsgs 4096
4.72e-04	4.73e-04	4.71e-04	4.71e-04	
Num Msgs 256
SizeMsgs 4096
1.47e-03	1.47e-03	1.47e-03	1.47e-03	
Num Msgs 512
SizeMsgs 4096
4.63e-03	4.67e-03	4.64e-03	4.66e-03	
Num Msgs 1024
SizeMsgs 4096
1.61e-02	1.60e-02	1.60e-02	1.60e-02	
Num Msgs 2048
SizeMsgs 4096
5.93e-02	5.81e-02	5.80e-02	5.81e-02	
Num Msgs 4096
SizeMsgs 4096
2.26e-01	2.24e-01	2.24e-01	2.24e-01	

Num Msgs 1
SizeMsgs 8192
1.22e-05	1.22e-05	1.22e-05	1.21e-05	
Num Msgs 2
SizeMsgs 8192
1.64e-05	1.64e-05	1.64e-05	1.64e-05	
Num Msgs 4
SizeMsgs 8192
2.54e-05	2.53e-05	2.53e-05	2.53e-05	
Num Msgs 8
SizeMsgs 8192
1.74e-04	1.74e-04	1.74e-04	1.74e-04	
Num Msgs 16
SizeMsgs 8192
1.98e-04	2.00e-04	1.99e-04	2.01e-04	
Num Msgs 32
SizeMsgs 8192
2.38e-04	2.40e-04	2.42e-04	2.39e-04	
Num Msgs 64
SizeMsgs 8192
2.87e-04	2.86e-04	2.87e-04	2.86e-04	
Num Msgs 128
SizeMsgs 8192
5.40e-04	5.44e-04	5.41e-04	5.38e-04	
Num Msgs 256
SizeMsgs 8192
1.50e-03	1.49e-03	1.50e-03	1.49e-03	
Num Msgs 512
SizeMsgs 8192
4.71e-03	4.70e-03	4.72e-03	4.72e-03	
Num Msgs 1024
SizeMsgs 8192
1.61e-02	1.60e-02	1.60e-02	1.60e-02	
Num Msgs 2048
SizeMsgs 8192
5.81e-02	5.81e-02	5.81e-02	5.82e-02	
Num Msgs 4096
SizeMsgs 8192
2.23e-01	2.24e-01	2.24e-01	2.24e-01	
Num Msgs 8192
SizeMsgs 8192
9.78e-01	9.74e-01	9.73e-01	9.73e-01	

Num Msgs 1
SizeMsgs 16384
2.08e-05	1.86e-05	1.84e-05	2.03e-05	
Num Msgs 2
SizeMsgs 16384
2.46e-05	2.31e-05	2.31e-05	2.30e-05	
Num Msgs 4
SizeMsgs 16384
3.28e-05	3.26e-05	3.26e-05	3.26e-05	
Num Msgs 8
SizeMsgs 16384
4.99e-05	4.97e-05	4.97e-05	4.97e-05	
Num Msgs 16
SizeMsgs 16384
3.41e-04	3.42e-04	3.34e-04	3.42e-04	
Num Msgs 32
SizeMsgs 16384
3.98e-04	3.96e-04	3.96e-04	3.95e-04	
Num Msgs 64
SizeMsgs 16384
4.60e-04	4.59e-04	4.72e-04	4.57e-04	
Num Msgs 128
SizeMsgs 16384
6.71e-04	6.76e-04	6.69e-04	6.66e-04	
Num Msgs 256
SizeMsgs 16384
1.60e-03	1.60e-03	1.60e-03	1.60e-03	
Num Msgs 512
SizeMsgs 16384
4.78e-03	4.76e-03	4.78e-03	4.78e-03	
Num Msgs 1024
SizeMsgs 16384
1.62e-02	1.62e-02	1.61e-02	1.61e-02	
Num Msgs 2048
SizeMsgs 16384
5.83e-02	5.82e-02	5.82e-02	5.80e-02	
Num Msgs 4096
SizeMsgs 16384
2.24e-01	2.24e-01	2.24e-01	2.24e-01	
Num Msgs 8192
SizeMsgs 16384
9.74e-01	9.74e-01	9.74e-01	9.73e-01	
Num Msgs 16384
SizeMsgs 16384
4.66e+00	4.65e+00	4.65e+00	4.65e+00	

Num Msgs 1
SizeMsgs 32768
3.48e-05	3.33e-05	3.25e-05	3.22e-05	
Num Msgs 2
SizeMsgs 32768
3.86e-05	3.62e-05	3.87e-05	3.61e-05	
Num Msgs 4
SizeMsgs 32768
4.63e-05	4.86e-05	4.59e-05	4.58e-05	
Num Msgs 8
SizeMsgs 32768
6.45e-05	6.45e-05	6.45e-05	6.46e-05	
Num Msgs 16
SizeMsgs 32768
9.96e-05	9.94e-05	9.95e-05	9.93e-05	
Num Msgs 32
SizeMsgs 32768
6.74e-04	6.87e-04	6.87e-04	6.78e-04	
Num Msgs 64
SizeMsgs 32768
7.93e-04	7.92e-04	7.98e-04	7.92e-04	
Num Msgs 128
SizeMsgs 32768
9.47e-04	9.44e-04	9.46e-04	9.47e-04	
Num Msgs 256
SizeMsgs 32768
1.80e-03	1.80e-03	1.80e-03	1.79e-03	
Num Msgs 512
SizeMsgs 32768
4.96e-03	4.99e-03	4.95e-03	4.98e-03	
Num Msgs 1024
SizeMsgs 32768
1.63e-02	1.63e-02	1.63e-02	1.62e-02	
Num Msgs 2048
SizeMsgs 32768
5.86e-02	5.84e-02	5.84e-02	5.85e-02	
Num Msgs 4096
SizeMsgs 32768
2.24e-01	2.24e-01	2.24e-01	2.24e-01	
Num Msgs 8192
SizeMsgs 32768
9.74e-01	9.74e-01	9.74e-01	9.74e-01	
Num Msgs 16384
SizeMsgs 32768
4.65e+00	4.65e+00	4.65e+00	4.65e+00	

Num Msgs 1
SizeMsgs 65536
6.46e-05	5.97e-05	5.96e-05	5.98e-05	
Num Msgs 2
SizeMsgs 65536
6.52e-05	6.51e-05	6.52e-05	6.52e-05	
Num Msgs 4
SizeMsgs 65536
7.52e-05	7.47e-05	7.28e-05	7.45e-05	
Num Msgs 8
SizeMsgs 65536
9.42e-05	9.09e-05	9.37e-05	9.14e-05	
Num Msgs 16
SizeMsgs 65536
1.31e-04	1.29e-04	1.29e-04	1.29e-04	
Num Msgs 32
SizeMsgs 65536
2.03e-04	2.03e-04	2.03e-04	2.03e-04	
Num Msgs 64
SizeMsgs 65536
1.30e-03	1.36e-03	1.34e-03	1.35e-03	
Num Msgs 128
SizeMsgs 65536
1.50e-03	1.50e-03	1.50e-03	1.50e-03	
Num Msgs 256
SizeMsgs 65536
2.29e-03	2.29e-03	2.30e-03	2.30e-03	
Num Msgs 512
SizeMsgs 65536
5.26e-03	5.28e-03	5.28e-03	5.29e-03	
Num Msgs 1024
SizeMsgs 65536
1.67e-02	1.68e-02	1.67e-02	1.67e-02	
Num Msgs 2048
SizeMsgs 65536
5.91e-02	5.90e-02	5.88e-02	5.90e-02	
Num Msgs 4096
SizeMsgs 65536
2.24e-01	2.25e-01	2.25e-01	2.25e-01	
Num Msgs 8192
SizeMsgs 65536
9.74e-01	9.74e-01	9.74e-01	9.74e-01	
Num Msgs 16384
SizeMsgs 65536
4.65e+00	4.65e+00	4.65e+00	4.65e+00	
Pingpong for
master:  0, 1, 2, 3, 4, 5, 6, 7
partner: 8, 9, 10, 11, 12, 13, 14, 15

Num Msgs 1
SizeMsgs 1
2.28e-06	2.23e-06	2.23e-06	2.24e-06	

Num Msgs 1
SizeMsgs 2
2.25e-06	2.23e-06	2.25e-06	2.25e-06	
Num Msgs 2
SizeMsgs 2
4.73e-06	4.73e-06	4.74e-06	4.72e-06	

Num Msgs 1
SizeMsgs 4
2.27e-06	2.24e-06	2.25e-06	2.24e-06	
Num Msgs 2
SizeMsgs 4
4.64e-06	4.66e-06	4.64e-06	4.68e-06	
Num Msgs 4
SizeMsgs 4
8.63e-06	8.61e-06	8.60e-06	8.63e-06	

Num Msgs 1
SizeMsgs 8
2.28e-06	2.28e-06	2.28e-06	2.28e-06	
Num Msgs 2
SizeMsgs 8
4.68e-06	4.66e-06	4.66e-06	4.67e-06	
Num Msgs 4
SizeMsgs 8
8.66e-06	8.64e-06	8.65e-06	8.61e-06	
Num Msgs 8
SizeMsgs 8
1.72e-05	1.72e-05	1.72e-05	1.69e-05	

Num Msgs 1
SizeMsgs 16
2.70e-06	2.68e-06	2.68e-06	2.68e-06	
Num Msgs 2
SizeMsgs 16
4.70e-06	4.70e-06	4.69e-06	4.69e-06	
Num Msgs 4
SizeMsgs 16
8.59e-06	8.59e-06	8.57e-06	8.59e-06	
Num Msgs 8
SizeMsgs 16
1.70e-05	1.72e-05	1.72e-05	1.72e-05	
Num Msgs 16
SizeMsgs 16
3.47e-05	3.47e-05	3.48e-05	3.47e-05	

Num Msgs 1
SizeMsgs 32
2.84e-06	2.83e-06	2.84e-06	2.84e-06	
Num Msgs 2
SizeMsgs 32
4.94e-06	4.95e-06	4.95e-06	4.96e-06	
Num Msgs 4
SizeMsgs 32
8.59e-06	8.61e-06	8.59e-06	8.60e-06	
Num Msgs 8
SizeMsgs 32
1.70e-05	1.69e-05	1.72e-05	1.73e-05	
Num Msgs 16
SizeMsgs 32
3.46e-05	3.47e-05	3.47e-05	3.54e-05	
Num Msgs 32
SizeMsgs 32
7.18e-05	7.18e-05	7.20e-05	7.19e-05	

Num Msgs 1
SizeMsgs 64
4.46e-06	4.48e-06	4.49e-06	4.47e-06	
Num Msgs 2
SizeMsgs 64
5.18e-06	5.20e-06	5.23e-06	5.20e-06	
Num Msgs 4
SizeMsgs 64
9.05e-06	9.03e-06	9.04e-06	9.04e-06	
Num Msgs 8
SizeMsgs 64
1.70e-05	1.70e-05	1.70e-05	1.72e-05	
Num Msgs 16
SizeMsgs 64
3.50e-05	3.56e-05	3.48e-05	3.52e-05	
Num Msgs 32
SizeMsgs 64
7.22e-05	7.19e-05	7.20e-05	7.26e-05	
Num Msgs 64
SizeMsgs 64
1.65e-04	1.66e-04	1.66e-04	1.65e-04	

Num Msgs 1
SizeMsgs 128
6.29e-06	6.30e-06	6.30e-06	6.29e-06	
Num Msgs 2
SizeMsgs 128
7.71e-06	7.61e-06	7.60e-06	7.63e-06	
Num Msgs 4
SizeMsgs 128
1.03e-05	1.04e-05	1.03e-05	1.04e-05	
Num Msgs 8
SizeMsgs 128
1.81e-05	1.82e-05	1.82e-05	1.82e-05	
Num Msgs 16
SizeMsgs 128
3.58e-05	3.58e-05	3.56e-05	3.52e-05	
Num Msgs 32
SizeMsgs 128
7.25e-05	7.27e-05	7.29e-05	7.35e-05	
Num Msgs 64
SizeMsgs 128
1.65e-04	1.65e-04	1.65e-04	1.66e-04	
Num Msgs 128
SizeMsgs 128
4.34e-04	4.32e-04	4.33e-04	4.35e-04	

Num Msgs 1
SizeMsgs 256
8.95e-06	8.96e-06	8.96e-06	8.95e-06	
Num Msgs 2
SizeMsgs 256
1.09e-05	1.09e-05	1.09e-05	1.09e-05	
Num Msgs 4
SizeMsgs 256
1.16e-05	1.16e-05	1.16e-05	1.16e-05	
Num Msgs 8
SizeMsgs 256
2.03e-05	2.03e-05	2.03e-05	2.02e-05	
Num Msgs 16
SizeMsgs 256
3.74e-05	3.74e-05	3.74e-05	3.71e-05	
Num Msgs 32
SizeMsgs 256
7.39e-05	7.40e-05	7.40e-05	7.41e-05	
Num Msgs 64
SizeMsgs 256
1.66e-04	1.67e-04	1.67e-04	1.67e-04	
Num Msgs 128
SizeMsgs 256
4.33e-04	4.32e-04	4.33e-04	4.34e-04	
Num Msgs 256
SizeMsgs 256
1.41e-03	1.40e-03	1.41e-03	1.40e-03	

Num Msgs 1
SizeMsgs 512
1.46e-05	1.46e-05	1.47e-05	1.46e-05	
Num Msgs 2
SizeMsgs 512
1.59e-05	1.59e-05	1.59e-05	1.59e-05	
Num Msgs 4
SizeMsgs 512
2.04e-05	2.04e-05	2.03e-05	2.03e-05	
Num Msgs 8
SizeMsgs 512
2.46e-05	2.44e-05	2.48e-05	2.48e-05	
Num Msgs 16
SizeMsgs 512
4.15e-05	4.17e-05	4.13e-05	4.10e-05	
Num Msgs 32
SizeMsgs 512
7.73e-05	7.72e-05	7.75e-05	7.74e-05	
Num Msgs 64
SizeMsgs 512
1.67e-04	1.67e-04	1.67e-04	1.67e-04	
Num Msgs 128
SizeMsgs 512
4.36e-04	4.36e-04	4.34e-04	4.35e-04	
Num Msgs 256
SizeMsgs 512
1.41e-03	1.41e-03	1.41e-03	1.41e-03	
Num Msgs 512
SizeMsgs 512
4.64e-03	4.65e-03	4.64e-03	4.66e-03	

Num Msgs 1
SizeMsgs 1024
2.43e-05	2.43e-05	2.43e-05	2.43e-05	
Num Msgs 2
SizeMsgs 1024
2.59e-05	2.59e-05	2.58e-05	2.58e-05	
Num Msgs 4
SizeMsgs 1024
3.07e-05	3.07e-05	3.07e-05	3.07e-05	
Num Msgs 8
SizeMsgs 1024
4.11e-05	4.11e-05	4.11e-05	4.11e-05	
Num Msgs 16
SizeMsgs 1024
5.12e-05	5.15e-05	5.17e-05	5.13e-05	
Num Msgs 32
SizeMsgs 1024
8.56e-05	8.60e-05	8.64e-05	8.63e-05	
Num Msgs 64
SizeMsgs 1024
1.73e-04	1.73e-04	1.73e-04	1.73e-04	
Num Msgs 128
SizeMsgs 1024
4.38e-04	4.38e-04	4.39e-04	4.37e-04	
Num Msgs 256
SizeMsgs 1024
1.41e-03	1.41e-03	1.41e-03	1.41e-03	
Num Msgs 512
SizeMsgs 1024
4.64e-03	4.66e-03	4.64e-03	4.66e-03	
Num Msgs 1024
SizeMsgs 1024
1.60e-02	1.61e-02	1.58e-02	1.61e-02	

Num Msgs 1
SizeMsgs 2048
8.84e-06	8.82e-06	8.83e-06	8.80e-06	
Num Msgs 2
SizeMsgs 2048
4.33e-05	4.33e-05	4.33e-05	4.33e-05	
Num Msgs 4
SizeMsgs 2048
5.11e-05	5.12e-05	5.11e-05	5.12e-05	
Num Msgs 8
SizeMsgs 2048
6.13e-05	6.13e-05	6.13e-05	6.13e-05	
Num Msgs 16
SizeMsgs 2048
8.02e-05	8.08e-05	8.01e-05	7.99e-05	
Num Msgs 32
SizeMsgs 2048
1.06e-04	1.07e-04	1.05e-04	1.05e-04	
Num Msgs 64
SizeMsgs 2048
1.91e-04	1.91e-04	1.91e-04	1.92e-04	
Num Msgs 128
SizeMsgs 2048
4.51e-04	4.49e-04	4.50e-04	4.50e-04	
Num Msgs 256
SizeMsgs 2048
1.42e-03	1.42e-03	1.42e-03	1.42e-03	
Num Msgs 512
SizeMsgs 2048
4.65e-03	4.66e-03	4.65e-03	4.66e-03	
Num Msgs 1024
SizeMsgs 2048
1.60e-02	1.60e-02	1.59e-02	1.60e-02	
Num Msgs 2048
SizeMsgs 2048
5.85e-02	5.83e-02	5.83e-02	5.83e-02	

Num Msgs 1
SizeMsgs 4096
9.62e-06	9.64e-06	9.65e-06	9.65e-06	
Num Msgs 2
SizeMsgs 4096
1.50e-05	1.50e-05	1.50e-05	1.50e-05	
Num Msgs 4
SizeMsgs 4096
8.72e-05	8.71e-05	8.72e-05	8.72e-05	
Num Msgs 8
SizeMsgs 4096
1.02e-04	1.02e-04	1.01e-04	1.02e-04	
Num Msgs 16
SizeMsgs 4096
1.19e-04	1.20e-04	1.21e-04	1.18e-04	
Num Msgs 32
SizeMsgs 4096
1.58e-04	1.58e-04	1.57e-04	1.58e-04	
Num Msgs 64
SizeMsgs 4096
2.33e-04	2.35e-04	2.32e-04	2.31e-04	
Num Msgs 128
SizeMsgs 4096
4.81e-04	4.81e-04	4.80e-04	4.80e-04	
Num Msgs 256
SizeMsgs 4096
1.46e-03	1.46e-03	1.45e-03	1.46e-03	
Num Msgs 512
SizeMsgs 4096
4.65e-03	4.67e-03	4.66e-03	4.67e-03	
Num Msgs 1024
SizeMsgs 4096
1.60e-02	1.60e-02	1.59e-02	1.60e-02	
Num Msgs 2048
SizeMsgs 4096
5.84e-02	5.81e-02	5.81e-02	5.81e-02	
Num Msgs 4096
SizeMsgs 4096
2.24e-01	2.24e-01	2.24e-01	2.24e-01	

Num Msgs 1
SizeMsgs 8192
1.29e-05	1.29e-05	1.29e-05	1.29e-05	
Num Msgs 2
SizeMsgs 8192
3.31e-05	3.30e-05	3.31e-05	3.31e-05	
Num Msgs 4
SizeMsgs 8192
2.98e-05	2.98e-05	2.98e-05	2.98e-05	
Num Msgs 8
SizeMsgs 8192
1.74e-04	1.74e-04	1.74e-04	1.74e-04	
Num Msgs 16
SizeMsgs 8192
2.00e-04	2.00e-04	1.99e-04	2.00e-04	
Num Msgs 32
SizeMsgs 8192
2.39e-04	2.41e-04	2.40e-04	2.41e-04	
Num Msgs 64
SizeMsgs 8192
2.88e-04	2.94e-04	2.90e-04	2.91e-04	
Num Msgs 128
SizeMsgs 8192
5.37e-04	5.36e-04	5.41e-04	5.40e-04	
Num Msgs 256
SizeMsgs 8192
1.49e-03	1.49e-03	1.49e-03	1.49e-03	
Num Msgs 512
SizeMsgs 8192
4.70e-03	4.72e-03	4.73e-03	4.73e-03	
Num Msgs 1024
SizeMsgs 8192
1.61e-02	1.60e-02	1.61e-02	1.60e-02	
Num Msgs 2048
SizeMsgs 8192
5.83e-02	5.82e-02	5.82e-02	5.82e-02	
Num Msgs 4096
SizeMsgs 8192
2.24e-01	2.24e-01	2.24e-01	2.24e-01	
Num Msgs 8192
SizeMsgs 8192
9.73e-01	9.73e-01	9.74e-01	9.74e-01	

Num Msgs 1
SizeMsgs 16384
2.25e-05	2.12e-05	2.12e-05	2.14e-05	
Num Msgs 2
SizeMsgs 16384
4.97e-05	4.96e-05	4.96e-05	4.96e-05	
Num Msgs 4
SizeMsgs 16384
5.36e-05	5.27e-05	5.26e-05	5.29e-05	
Num Msgs 8
SizeMsgs 16384
5.86e-05	5.86e-05	5.86e-05	5.85e-05	
Num Msgs 16
SizeMsgs 16384
3.32e-04	3.42e-04	3.37e-04	3.42e-04	
Num Msgs 32
SizeMsgs 16384
3.99e-04	3.99e-04	3.99e-04	3.98e-04	
Num Msgs 64
SizeMsgs 16384
4.64e-04	4.42e-04	4.43e-04	4.45e-04	
Num Msgs 128
SizeMsgs 16384
6.71e-04	6.66e-04	6.68e-04	6.67e-04	
Num Msgs 256
SizeMsgs 16384
1.58e-03	1.58e-03	1.58e-03	1.57e-03	
Num Msgs 512
SizeMsgs 16384
4.78e-03	4.80e-03	4.81e-03	4.80e-03	
Num Msgs 1024
SizeMsgs 16384
1.62e-02	1.62e-02	1.61e-02	1.62e-02	
Num Msgs 2048
SizeMsgs 16384
5.84e-02	5.83e-02	5.81e-02	5.81e-02	
Num Msgs 4096
SizeMsgs 16384
2.24e-01	2.24e-01	2.24e-01	2.24e-01	
Num Msgs 8192
SizeMsgs 16384
9.74e-01	9.74e-01	9.74e-01	9.74e-01	
Num Msgs 16384
SizeMsgs 16384
4.65e+00	4.65e+00	4.65e+00	4.65e+00	

Num Msgs 1
SizeMsgs 32768
4.01e-05	4.00e-05	3.81e-05	3.90e-05	
Num Msgs 2
SizeMsgs 32768
4.25e-05	4.16e-05	4.41e-05	4.13e-05	
Num Msgs 4
SizeMsgs 32768
8.32e-05	8.31e-05	8.30e-05	8.31e-05	
Num Msgs 8
SizeMsgs 32768
8.63e-05	8.57e-05	8.58e-05	8.59e-05	
Num Msgs 16
SizeMsgs 32768
1.16e-04	1.16e-04	1.16e-04	1.16e-04	
Num Msgs 32
SizeMsgs 32768
6.88e-04	6.83e-04	6.59e-04	6.84e-04	
Num Msgs 64
SizeMsgs 32768
8.01e-04	8.00e-04	7.97e-04	8.00e-04	
Num Msgs 128
SizeMsgs 32768
9.49e-04	9.50e-04	9.44e-04	9.48e-04	
Num Msgs 256
SizeMsgs 32768
1.80e-03	1.80e-03	1.80e-03	1.79e-03	
Num Msgs 512
SizeMsgs 32768
4.94e-03	4.94e-03	4.93e-03	4.94e-03	
Num Msgs 1024
SizeMsgs 32768
1.64e-02	1.64e-02	1.63e-02	1.64e-02	
Num Msgs 2048
SizeMsgs 32768
5.86e-02	5.85e-02	5.85e-02	5.84e-02	
Num Msgs 4096
SizeMsgs 32768
2.24e-01	2.24e-01	2.24e-01	2.24e-01	
Num Msgs 8192
SizeMsgs 32768
9.73e-01	9.74e-01	9.74e-01	9.74e-01	
Num Msgs 16384
SizeMsgs 32768
4.65e+00	4.65e+00	4.65e+00	4.65e+00	

Num Msgs 1
SizeMsgs 65536
7.86e-05	7.45e-05	7.45e-05	7.46e-05	
Num Msgs 2
SizeMsgs 65536
7.79e-05	7.77e-05	7.80e-05	7.76e-05	
Num Msgs 4
SizeMsgs 65536
8.37e-05	8.60e-05	8.60e-05	8.52e-05	
Num Msgs 8
SizeMsgs 65536
1.02e-04	1.00e-04	1.00e-04	1.04e-04	
Num Msgs 16
SizeMsgs 65536
1.47e-04	1.46e-04	1.46e-04	1.46e-04	
Num Msgs 32
SizeMsgs 65536
2.33e-04	2.33e-04	2.33e-04	2.33e-04	
Num Msgs 64
SizeMsgs 65536
1.33e-03	1.32e-03	1.37e-03	1.35e-03	
Num Msgs 128
SizeMsgs 65536
1.50e-03	1.51e-03	1.51e-03	1.51e-03	
Num Msgs 256
SizeMsgs 65536
2.29e-03	2.30e-03	2.29e-03	2.29e-03	
Num Msgs 512
SizeMsgs 65536
5.27e-03	5.25e-03	5.27e-03	5.27e-03	
Num Msgs 1024
SizeMsgs 65536
1.66e-02	1.66e-02	1.66e-02	1.67e-02	
Num Msgs 2048
SizeMsgs 65536
5.92e-02	5.90e-02	5.91e-02	5.88e-02	
Num Msgs 4096
SizeMsgs 65536
2.25e-01	2.25e-01	2.25e-01	2.25e-01	
Num Msgs 8192
SizeMsgs 65536
9.74e-01	9.74e-01	9.74e-01	9.74e-01	
Num Msgs 16384
SizeMsgs 65536
4.65e+00	4.65e+00	4.65e+00	4.65e+00	
Application 66661654 resources: utime ~4030s, stime ~10s, Rss ~36552, inblocks ~7003, outblocks ~16463
