----------------------------------------
Begin Torque Prologue on nid25427
at Tue Feb  5 14:20:44 CST 2019
Job Id:			9588384.bw
Username:		bienz
Group:			ILL_batm
Job name:		model_imbalance
Requested resources:	nodes=4:ppn=32:xe,walltime=00:30:00,neednodes=4:ppn=32:xe
Queue:			normal
Account:		batm
End Torque Prologue:  0.148 elapsed
----------------------------------------




Rank 0 communicating 0 percent:
Node Size 2 ints, P Size 0 ints, Avg size 0 ints
Time: 5.334616e-05
Time: 1.549721e-06
Time: 1.597404e-06
Time: 1.645088e-06
Time: 1.597404e-06
Rank 0 communicating 5 percent:
Node Size 2 ints, P Size 0 ints, Avg size 0 ints
Time: 1.800060e-06
Time: 1.502037e-06
Time: 1.549721e-06
Time: 1.549721e-06
Time: 1.549721e-06
Rank 0 communicating 10 percent:
Node Size 2 ints, P Size 0 ints, Avg size 0 ints
Time: 1.597404e-06
Time: 1.597404e-06
Time: 1.609325e-06
Time: 1.549721e-06
Time: 1.597404e-06
Rank 0 communicating 15 percent:
Node Size 2 ints, P Size 0 ints, Avg size 0 ints
Time: 1.609325e-06
Time: 1.502037e-06
Time: 1.549721e-06
Time: 1.549721e-06
Time: 1.597404e-06
Rank 0 communicating 20 percent:
Node Size 2 ints, P Size 0 ints, Avg size 0 ints
Time: 1.549721e-06
Time: 1.502037e-06
Time: 1.502037e-06
Time: 1.549721e-06
Time: 1.549721e-06
Rank 0 communicating 25 percent:
Node Size 2 ints, P Size 0 ints, Avg size 0 ints
Time: 1.800060e-06
Time: 1.549721e-06
Time: 1.800060e-06
Time: 1.549721e-06
Time: 1.657009e-06
Rank 0 communicating 30 percent:
Node Size 2 ints, P Size 0 ints, Avg size 0 ints
Time: 1.549721e-06
Time: 1.549721e-06
Time: 1.502037e-06
Time: 1.549721e-06
Time: 1.549721e-06
Rank 0 communicating 35 percent:
Node Size 2 ints, P Size 0 ints, Avg size 0 ints
Time: 1.549721e-06
Time: 1.549721e-06
Time: 1.502037e-06
Time: 1.657009e-06
Time: 1.549721e-06
Rank 0 communicating 40 percent:
Node Size 2 ints, P Size 0 ints, Avg size 0 ints
Time: 1.597404e-06
Time: 1.549721e-06
Time: 1.549721e-06
Time: 1.609325e-06
Time: 1.549721e-06
Rank 0 communicating 45 percent:
Node Size 2 ints, P Size 0 ints, Avg size 0 ints
Time: 1.502037e-06
Time: 1.597404e-06
Time: 1.609325e-06
Time: 1.549721e-06
Time: 1.549721e-06
Rank 0 communicating 50 percent:
Node Size 2 ints, P Size 1 ints, Avg size 0 ints
Time: 1.895428e-06
Time: 1.800060e-06
Time: 1.943111e-06
Time: 1.800060e-06
Time: 1.907349e-06
Rank 0 communicating 55 percent:
Node Size 2 ints, P Size 1 ints, Avg size 0 ints
Time: 1.800060e-06
Time: 1.800060e-06
Time: 1.752377e-06
Time: 1.847744e-06
Time: 1.895428e-06
Rank 0 communicating 60 percent:
Node Size 2 ints, P Size 1 ints, Avg size 0 ints
Time: 1.800060e-06
Time: 1.895428e-06
Time: 1.752377e-06
Time: 1.859665e-06
Time: 1.847744e-06
Rank 0 communicating 65 percent:
Node Size 2 ints, P Size 1 ints, Avg size 0 ints
Time: 1.800060e-06
Time: 1.847744e-06
Time: 1.704693e-06
Time: 1.847744e-06
Time: 1.847744e-06
Rank 0 communicating 70 percent:
Node Size 2 ints, P Size 1 ints, Avg size 0 ints
Time: 1.752377e-06
Time: 1.752377e-06
Time: 1.752377e-06
Time: 1.752377e-06
Time: 1.692772e-06
Rank 0 communicating 75 percent:
Node Size 2 ints, P Size 1 ints, Avg size 0 ints
Time: 1.800060e-06
Time: 1.704693e-06
Time: 1.800060e-06
Time: 1.740456e-06
Time: 1.740456e-06
Rank 0 communicating 80 percent:
Node Size 2 ints, P Size 1 ints, Avg size 0 ints
Time: 1.800060e-06
Time: 1.752377e-06
Time: 1.907349e-06
Time: 1.752377e-06
Time: 1.847744e-06
Rank 0 communicating 85 percent:
Node Size 2 ints, P Size 1 ints, Avg size 0 ints
Time: 1.800060e-06
Time: 1.752377e-06
Time: 1.847744e-06
Time: 1.800060e-06
Time: 2.098083e-06
Rank 0 communicating 90 percent:
Node Size 2 ints, P Size 1 ints, Avg size 0 ints
Time: 1.800060e-06
Time: 1.752377e-06
Time: 1.800060e-06
Time: 1.752377e-06
Time: 1.692772e-06
Rank 0 communicating 95 percent:
Node Size 2 ints, P Size 1 ints, Avg size 0 ints
Time: 1.752377e-06
Time: 1.752377e-06
Time: 1.800060e-06
Time: 1.752377e-06
Time: 1.752377e-06
Rank 0 communicating 100 percent:
Node Size 2 ints, P Size 2 ints, Avg size 0 ints
Time: 2.157688e-06
Time: 1.847744e-06
Time: 1.800060e-06
Time: 1.895428e-06
Time: 1.752377e-06
Rank 0 communicating 0 percent:
Node Size 4 ints, P Size 0 ints, Avg size 0 ints
Time: 5.210638e-05
Time: 1.800060e-06
Time: 1.800060e-06
Time: 1.847744e-06
Time: 1.752377e-06
Rank 0 communicating 5 percent:
Node Size 4 ints, P Size 0 ints, Avg size 0 ints
Time: 1.692772e-06
Time: 1.800060e-06
Time: 1.752377e-06
Time: 1.752377e-06
Time: 1.752377e-06
Rank 0 communicating 10 percent:
Node Size 4 ints, P Size 0 ints, Avg size 0 ints
Time: 1.740456e-06
Time: 1.800060e-06
Time: 1.752377e-06
Time: 1.704693e-06
Time: 1.752377e-06
Rank 0 communicating 15 percent:
Node Size 4 ints, P Size 0 ints, Avg size 0 ints
Time: 1.704693e-06
Time: 1.704693e-06
Time: 1.704693e-06
Time: 1.752377e-06
Time: 1.752377e-06
Rank 0 communicating 20 percent:
Node Size 4 ints, P Size 0 ints, Avg size 0 ints
Time: 1.752377e-06
Time: 1.692772e-06
Time: 1.704693e-06
Time: 1.752377e-06
Time: 1.752377e-06
Rank 0 communicating 25 percent:
Node Size 4 ints, P Size 1 ints, Avg size 0 ints
Time: 1.800060e-06
Time: 1.955032e-06
Time: 1.704693e-06
Time: 1.847744e-06
Time: 1.752377e-06
Rank 0 communicating 30 percent:
Node Size 4 ints, P Size 1 ints, Avg size 0 ints
Time: 1.752377e-06
Time: 1.740456e-06
Time: 1.800060e-06
Time: 1.895428e-06
Time: 1.800060e-06
Rank 0 communicating 35 percent:
Node Size 4 ints, P Size 1 ints, Avg size 0 ints
Time: 1.752377e-06
Time: 1.752377e-06
Time: 1.752377e-06
Time: 1.752377e-06
Time: 1.645088e-06
Rank 0 communicating 40 percent:
Node Size 4 ints, P Size 1 ints, Avg size 0 ints
Time: 1.895428e-06
Time: 1.752377e-06
Time: 1.800060e-06
Time: 1.847744e-06
Time: 1.752377e-06
Rank 0 communicating 45 percent:
Node Size 4 ints, P Size 1 ints, Avg size 0 ints
Time: 1.859665e-06
Time: 1.895428e-06
Time: 1.943111e-06
Time: 1.692772e-06
Time: 1.800060e-06
Rank 0 communicating 50 percent:
Node Size 4 ints, P Size 2 ints, Avg size 0 ints
Time: 1.800060e-06
Time: 1.800060e-06
Time: 1.740456e-06
Time: 1.800060e-06
Time: 1.847744e-06
Rank 0 communicating 55 percent:
Node Size 4 ints, P Size 2 ints, Avg size 0 ints
Time: 1.692772e-06
Time: 1.752377e-06
Time: 1.752377e-06
Time: 1.752377e-06
Time: 1.800060e-06
Rank 0 communicating 60 percent:
Node Size 4 ints, P Size 2 ints, Avg size 0 ints
Time: 1.955032e-06
Time: 1.800060e-06
Time: 1.752377e-06
Time: 1.907349e-06
Time: 1.847744e-06
Rank 0 communicating 65 percent:
Node Size 4 ints, P Size 2 ints, Avg size 0 ints
Time: 1.740456e-06
Time: 1.752377e-06
Time: 1.752377e-06
Time: 1.752377e-06
Time: 1.657009e-06
Rank 0 communicating 70 percent:
Node Size 4 ints, P Size 2 ints, Avg size 0 ints
Time: 1.800060e-06
Time: 1.800060e-06
Time: 1.800060e-06
Time: 1.645088e-06
Time: 1.752377e-06
Rank 0 communicating 75 percent:
Node Size 4 ints, P Size 3 ints, Avg size 0 ints
Time: 2.002716e-06
Time: 1.800060e-06
Time: 1.800060e-06
Time: 1.752377e-06
Time: 1.752377e-06
Rank 0 communicating 80 percent:
Node Size 4 ints, P Size 3 ints, Avg size 0 ints
Time: 1.847744e-06
Time: 1.800060e-06
Time: 1.847744e-06
Time: 1.800060e-06
Time: 1.859665e-06
Rank 0 communicating 85 percent:
Node Size 4 ints, P Size 3 ints, Avg size 0 ints
Time: 1.847744e-06
Time: 1.847744e-06
Time: 1.847744e-06
Time: 1.800060e-06
Time: 1.907349e-06
Rank 0 communicating 90 percent:
Node Size 4 ints, P Size 3 ints, Avg size 0 ints
Time: 1.800060e-06
Time: 1.800060e-06
Time: 1.800060e-06
Time: 1.752377e-06
Time: 1.752377e-06
Rank 0 communicating 95 percent:
Node Size 4 ints, P Size 3 ints, Avg size 0 ints
Time: 1.847744e-06
Time: 2.205372e-06
Time: 1.800060e-06
Time: 1.752377e-06
Time: 1.800060e-06
Rank 0 communicating 100 percent:
Node Size 4 ints, P Size 4 ints, Avg size 0 ints
Time: 2.050400e-06
Time: 1.800060e-06
Time: 1.800060e-06
Time: 1.800060e-06
Time: 1.847744e-06
Rank 0 communicating 0 percent:
Node Size 8 ints, P Size 0 ints, Avg size 0 ints
Time: 5.550385e-05
Time: 1.955032e-06
Time: 1.847744e-06
Time: 1.895428e-06
Time: 1.895428e-06
Rank 0 communicating 5 percent:
Node Size 8 ints, P Size 0 ints, Avg size 0 ints
Time: 1.847744e-06
Time: 1.800060e-06
Time: 1.800060e-06
Time: 1.847744e-06
Time: 1.847744e-06
Rank 0 communicating 10 percent:
Node Size 8 ints, P Size 0 ints, Avg size 0 ints
Time: 1.859665e-06
Time: 1.800060e-06
Time: 1.847744e-06
Time: 1.752377e-06
Time: 1.800060e-06
Rank 0 communicating 15 percent:
Node Size 8 ints, P Size 1 ints, Avg size 0 ints
Time: 1.752377e-06
Time: 1.800060e-06
Time: 2.002716e-06
Time: 1.847744e-06
Time: 1.895428e-06
Rank 0 communicating 20 percent:
Node Size 8 ints, P Size 1 ints, Avg size 0 ints
Time: 1.800060e-06
Time: 1.704693e-06
Time: 1.800060e-06
Time: 1.859665e-06
Time: 1.800060e-06
Rank 0 communicating 25 percent:
Node Size 8 ints, P Size 2 ints, Avg size 0 ints
Time: 1.800060e-06
Time: 1.800060e-06
Time: 1.740456e-06
Time: 1.800060e-06
Time: 1.907349e-06
Rank 0 communicating 30 percent:
Node Size 8 ints, P Size 2 ints, Avg size 0 ints
Time: 1.800060e-06
Time: 1.800060e-06
Time: 1.800060e-06
Time: 1.847744e-06
Time: 1.847744e-06
Rank 0 communicating 35 percent:
Node Size 8 ints, P Size 2 ints, Avg size 0 ints
Time: 1.740456e-06
Time: 1.752377e-06
Time: 1.847744e-06
Time: 1.800060e-06
Time: 1.847744e-06
Rank 0 communicating 40 percent:
Node Size 8 ints, P Size 3 ints, Avg size 0 ints
Time: 1.907349e-06
Time: 1.800060e-06
Time: 1.752377e-06
Time: 1.847744e-06
Time: 1.752377e-06
Rank 0 communicating 45 percent:
Node Size 8 ints, P Size 3 ints, Avg size 0 ints
Time: 1.752377e-06
Time: 1.859665e-06
Time: 1.907349e-06
Time: 2.098083e-06
Time: 1.800060e-06
Rank 0 communicating 50 percent:
Node Size 8 ints, P Size 4 ints, Avg size 0 ints
Time: 1.752377e-06
Time: 1.800060e-06
Time: 1.800060e-06
Time: 1.752377e-06
Time: 1.859665e-06
Rank 0 communicating 55 percent:
Node Size 8 ints, P Size 4 ints, Avg size 0 ints
Time: 1.800060e-06
Time: 1.800060e-06
Time: 1.847744e-06
Time: 1.788139e-06
Time: 1.752377e-06
Rank 0 communicating 60 percent:
Node Size 8 ints, P Size 4 ints, Avg size 0 ints
Time: 1.907349e-06
Time: 1.847744e-06
Time: 1.847744e-06
Time: 1.800060e-06
Time: 1.752377e-06
Rank 0 communicating 65 percent:
Node Size 8 ints, P Size 5 ints, Avg size 0 ints
Time: 2.050400e-06
Time: 1.859665e-06
Time: 1.990795e-06
Time: 1.895428e-06
Time: 1.895428e-06
Rank 0 communicating 70 percent:
Node Size 8 ints, P Size 5 ints, Avg size 0 ints
Time: 1.800060e-06
Time: 1.847744e-06
Time: 1.895428e-06
Time: 1.955032e-06
Time: 1.847744e-06
Rank 0 communicating 75 percent:
Node Size 8 ints, P Size 6 ints, Avg size 0 ints
Time: 1.895428e-06
Time: 1.847744e-06
Time: 1.847744e-06
Time: 1.800060e-06
Time: 1.943111e-06
Rank 0 communicating 80 percent:
Node Size 8 ints, P Size 6 ints, Avg size 0 ints
Time: 1.847744e-06
Time: 1.907349e-06
Time: 1.800060e-06
Time: 1.847744e-06
Time: 1.800060e-06
Rank 0 communicating 85 percent:
Node Size 8 ints, P Size 6 ints, Avg size 0 ints
Time: 1.800060e-06
Time: 1.895428e-06
Time: 1.800060e-06
Time: 1.847744e-06
Time: 1.955032e-06
Rank 0 communicating 90 percent:
Node Size 8 ints, P Size 7 ints, Avg size 0 ints
Time: 1.955032e-06
Time: 1.847744e-06
Time: 1.907349e-06
Time: 1.907349e-06
Time: 1.943111e-06
Rank 0 communicating 95 percent:
Node Size 8 ints, P Size 7 ints, Avg size 0 ints
Time: 1.895428e-06
Time: 1.943111e-06
Time: 1.907349e-06
Time: 1.800060e-06
Time: 1.847744e-06
Rank 0 communicating 100 percent:
Node Size 8 ints, P Size 8 ints, Avg size 0 ints
Time: 1.800060e-06
Time: 1.943111e-06
Time: 1.847744e-06
Time: 1.859665e-06
Time: 1.847744e-06
Rank 0 communicating 0 percent:
Node Size 16 ints, P Size 0 ints, Avg size 1 ints
Time: 5.869865e-05
Time: 1.907349e-06
Time: 2.098083e-06
Time: 1.955032e-06
Time: 2.145767e-06
Rank 0 communicating 5 percent:
Node Size 16 ints, P Size 0 ints, Avg size 1 ints
Time: 2.145767e-06
Time: 2.002716e-06
Time: 2.145767e-06
Time: 1.895428e-06
Time: 2.002716e-06
Rank 0 communicating 10 percent:
Node Size 16 ints, P Size 1 ints, Avg size 1 ints
Time: 1.955032e-06
Time: 1.895428e-06
Time: 1.955032e-06
Time: 1.955032e-06
Time: 1.955032e-06
Rank 0 communicating 15 percent:
Node Size 16 ints, P Size 2 ints, Avg size 0 ints
Time: 1.895428e-06
Time: 1.907349e-06
Time: 1.907349e-06
Time: 1.847744e-06
Time: 1.895428e-06
Rank 0 communicating 20 percent:
Node Size 16 ints, P Size 3 ints, Avg size 0 ints
Time: 1.955032e-06
Time: 1.895428e-06
Time: 1.859665e-06
Time: 1.907349e-06
Time: 1.800060e-06
Rank 0 communicating 25 percent:
Node Size 16 ints, P Size 4 ints, Avg size 0 ints
Time: 1.895428e-06
Time: 1.943111e-06
Time: 1.847744e-06
Time: 1.800060e-06
Time: 1.847744e-06
Rank 0 communicating 30 percent:
Node Size 16 ints, P Size 4 ints, Avg size 0 ints
Time: 1.847744e-06
Time: 1.895428e-06
Time: 1.847744e-06
Time: 1.895428e-06
Time: 1.895428e-06
Rank 0 communicating 35 percent:
Node Size 16 ints, P Size 5 ints, Avg size 0 ints
Time: 1.895428e-06
Time: 1.943111e-06
Time: 1.907349e-06
Time: 1.847744e-06
Time: 1.847744e-06
Rank 0 communicating 40 percent:
Node Size 16 ints, P Size 6 ints, Avg size 0 ints
Time: 1.847744e-06
Time: 1.847744e-06
Time: 1.847744e-06
Time: 1.847744e-06
Time: 1.800060e-06
Rank 0 communicating 45 percent:
Node Size 16 ints, P Size 7 ints, Avg size 0 ints
Time: 1.943111e-06
Time: 1.847744e-06
Time: 1.990795e-06
Time: 1.907349e-06
Time: 2.300739e-06
Rank 0 communicating 50 percent:
Node Size 16 ints, P Size 8 ints, Avg size 0 ints
Time: 1.847744e-06
Time: 1.847744e-06
Time: 1.800060e-06
Time: 2.002716e-06
Time: 1.800060e-06
Rank 0 communicating 55 percent:
Node Size 16 ints, P Size 8 ints, Avg size 0 ints
Time: 1.847744e-06
Time: 1.895428e-06
Time: 1.907349e-06
Time: 1.847744e-06
Time: 1.800060e-06
Rank 0 communicating 60 percent:
Node Size 16 ints, P Size 9 ints, Avg size 0 ints
Time: 1.943111e-06
Time: 2.098083e-06
Time: 1.955032e-06
Time: 1.955032e-06
Time: 1.800060e-06
Rank 0 communicating 65 percent:
Node Size 16 ints, P Size 10 ints, Avg size 0 ints
Time: 1.847744e-06
Time: 1.895428e-06
Time: 1.800060e-06
Time: 2.002716e-06
Time: 1.847744e-06
Rank 0 communicating 70 percent:
Node Size 16 ints, P Size 11 ints, Avg size 0 ints
Time: 1.847744e-06
Time: 1.800060e-06
Time: 1.847744e-06
Time: 1.907349e-06
Time: 1.943111e-06
Rank 0 communicating 75 percent:
Node Size 16 ints, P Size 12 ints, Avg size 0 ints
Time: 2.002716e-06
Time: 1.847744e-06
Time: 1.895428e-06
Time: 2.050400e-06
Time: 1.847744e-06
Rank 0 communicating 80 percent:
Node Size 16 ints, P Size 12 ints, Avg size 0 ints
Time: 1.800060e-06
Time: 1.800060e-06
Time: 1.895428e-06
Time: 1.752377e-06
Time: 1.847744e-06
Rank 0 communicating 85 percent:
Node Size 16 ints, P Size 13 ints, Avg size 0 ints
Time: 1.955032e-06
Time: 1.752377e-06
Time: 1.800060e-06
Time: 1.895428e-06
Time: 1.955032e-06
Rank 0 communicating 90 percent:
Node Size 16 ints, P Size 14 ints, Avg size 0 ints
Time: 1.907349e-06
Time: 1.895428e-06
Time: 1.859665e-06
Time: 1.847744e-06
Time: 1.895428e-06
Rank 0 communicating 95 percent:
Node Size 16 ints, P Size 15 ints, Avg size 0 ints
Time: 1.907349e-06
Time: 1.859665e-06
Time: 1.847744e-06
Time: 1.907349e-06
Time: 1.800060e-06
Rank 0 communicating 100 percent:
Node Size 16 ints, P Size 16 ints, Avg size 0 ints
Time: 1.907349e-06
Time: 1.847744e-06
Time: 1.800060e-06
Time: 1.847744e-06
Time: 1.907349e-06
Rank 0 communicating 0 percent:
Node Size 32 ints, P Size 0 ints, Avg size 2 ints
Time: 1.955032e-06
Time: 1.955032e-06
Time: 1.907349e-06
Time: 1.943111e-06
Time: 1.907349e-06
Rank 0 communicating 5 percent:
Node Size 32 ints, P Size 1 ints, Avg size 2 ints
Time: 2.002716e-06
Time: 1.955032e-06
Time: 1.847744e-06
Time: 2.002716e-06
Time: 1.907349e-06
Rank 0 communicating 10 percent:
Node Size 32 ints, P Size 3 ints, Avg size 1 ints
Time: 1.895428e-06
Time: 1.955032e-06
Time: 2.002716e-06
Time: 1.955032e-06
Time: 1.955032e-06
Rank 0 communicating 15 percent:
Node Size 32 ints, P Size 4 ints, Avg size 1 ints
Time: 2.002716e-06
Time: 1.907349e-06
Time: 2.002716e-06
Time: 1.895428e-06
Time: 2.098083e-06
Rank 0 communicating 20 percent:
Node Size 32 ints, P Size 6 ints, Avg size 1 ints
Time: 2.050400e-06
Time: 1.943111e-06
Time: 2.050400e-06
Time: 1.895428e-06
Time: 2.098083e-06
Rank 0 communicating 25 percent:
Node Size 32 ints, P Size 8 ints, Avg size 1 ints
Time: 1.955032e-06
Time: 2.050400e-06
Time: 1.955032e-06
Time: 1.943111e-06
Time: 1.990795e-06
Rank 0 communicating 30 percent:
Node Size 32 ints, P Size 9 ints, Avg size 1 ints
Time: 2.002716e-06
Time: 1.990795e-06
Time: 1.955032e-06
Time: 1.895428e-06
Time: 1.955032e-06
Rank 0 communicating 35 percent:
Node Size 32 ints, P Size 11 ints, Avg size 1 ints
Time: 1.895428e-06
Time: 1.895428e-06
Time: 1.955032e-06
Time: 1.955032e-06
Time: 2.002716e-06
Rank 0 communicating 40 percent:
Node Size 32 ints, P Size 12 ints, Avg size 1 ints
Time: 1.943111e-06
Time: 2.002716e-06
Time: 1.955032e-06
Time: 1.955032e-06
Time: 1.895428e-06
Rank 0 communicating 45 percent:
Node Size 32 ints, P Size 14 ints, Avg size 1 ints
Time: 1.907349e-06
Time: 1.847744e-06
Time: 2.002716e-06
Time: 2.050400e-06
Time: 2.002716e-06
Rank 0 communicating 50 percent:
Node Size 32 ints, P Size 16 ints, Avg size 1 ints
Time: 1.895428e-06
Time: 1.955032e-06
Time: 1.907349e-06
Time: 1.895428e-06
Time: 2.145767e-06
Rank 0 communicating 55 percent:
Node Size 32 ints, P Size 17 ints, Avg size 1 ints
Time: 2.050400e-06
Time: 1.895428e-06
Time: 2.002716e-06
Time: 2.050400e-06
Time: 2.050400e-06
Rank 0 communicating 60 percent:
Node Size 32 ints, P Size 19 ints, Avg size 0 ints
Time: 1.955032e-06
Time: 2.002716e-06
Time: 1.955032e-06
Time: 1.907349e-06
Time: 2.002716e-06
Rank 0 communicating 65 percent:
Node Size 32 ints, P Size 20 ints, Avg size 0 ints
Time: 2.193451e-06
Time: 2.002716e-06
Time: 1.907349e-06
Time: 1.943111e-06
Time: 1.943111e-06
Rank 0 communicating 70 percent:
Node Size 32 ints, P Size 22 ints, Avg size 0 ints
Time: 1.907349e-06
Time: 2.098083e-06
Time: 1.847744e-06
Time: 1.895428e-06
Time: 1.800060e-06
Rank 0 communicating 75 percent:
Node Size 32 ints, P Size 24 ints, Avg size 0 ints
Time: 1.955032e-06
Time: 1.907349e-06
Time: 1.847744e-06
Time: 1.847744e-06
Time: 1.800060e-06
Rank 0 communicating 80 percent:
Node Size 32 ints, P Size 25 ints, Avg size 0 ints
Time: 1.895428e-06
Time: 1.907349e-06
Time: 1.955032e-06
Time: 1.955032e-06
Time: 1.895428e-06
Rank 0 communicating 85 percent:
Node Size 32 ints, P Size 27 ints, Avg size 0 ints
Time: 1.859665e-06
Time: 1.800060e-06
Time: 1.800060e-06
Time: 1.847744e-06
Time: 2.050400e-06
Rank 0 communicating 90 percent:
Node Size 32 ints, P Size 28 ints, Avg size 0 ints
Time: 1.847744e-06
Time: 1.895428e-06
Time: 1.859665e-06
Time: 1.895428e-06
Time: 1.800060e-06
Rank 0 communicating 95 percent:
Node Size 32 ints, P Size 30 ints, Avg size 0 ints
Time: 1.895428e-06
Time: 1.895428e-06
Time: 1.943111e-06
Time: 2.050400e-06
Time: 1.907349e-06
Rank 0 communicating 100 percent:
Node Size 32 ints, P Size 32 ints, Avg size 0 ints
Time: 1.847744e-06
Time: 1.907349e-06
Time: 1.847744e-06
Time: 2.002716e-06
Time: 1.847744e-06
Rank 0 communicating 0 percent:
Node Size 64 ints, P Size 0 ints, Avg size 4 ints
Time: 2.002716e-06
Time: 1.955032e-06
Time: 1.907349e-06
Time: 1.955032e-06
Time: 1.955032e-06
Rank 0 communicating 5 percent:
Node Size 64 ints, P Size 3 ints, Avg size 4 ints
Time: 1.955032e-06
Time: 1.943111e-06
Time: 1.955032e-06
Time: 1.943111e-06
Time: 1.955032e-06
Rank 0 communicating 10 percent:
Node Size 64 ints, P Size 6 ints, Avg size 3 ints
Time: 2.098083e-06
Time: 1.907349e-06
Time: 2.098083e-06
Time: 1.955032e-06
Time: 1.955032e-06
Rank 0 communicating 15 percent:
Node Size 64 ints, P Size 9 ints, Avg size 3 ints
Time: 2.050400e-06
Time: 1.955032e-06
Time: 2.050400e-06
Time: 1.895428e-06
Time: 2.050400e-06
Rank 0 communicating 20 percent:
Node Size 64 ints, P Size 12 ints, Avg size 3 ints
Time: 2.205372e-06
Time: 2.002716e-06
Time: 2.002716e-06
Time: 2.002716e-06
Time: 1.955032e-06
Rank 0 communicating 25 percent:
Node Size 64 ints, P Size 16 ints, Avg size 3 ints
Time: 2.002716e-06
Time: 2.050400e-06
Time: 1.955032e-06
Time: 2.050400e-06
Time: 1.955032e-06
Rank 0 communicating 30 percent:
Node Size 64 ints, P Size 19 ints, Avg size 3 ints
Time: 2.050400e-06
Time: 2.050400e-06
Time: 1.907349e-06
Time: 2.050400e-06
Time: 2.002716e-06
Rank 0 communicating 35 percent:
Node Size 64 ints, P Size 22 ints, Avg size 2 ints
Time: 2.050400e-06
Time: 1.955032e-06
Time: 2.050400e-06
Time: 2.002716e-06
Time: 1.943111e-06
Rank 0 communicating 40 percent:
Node Size 64 ints, P Size 25 ints, Avg size 2 ints
Time: 2.098083e-06
Time: 2.050400e-06
Time: 2.050400e-06
Time: 1.943111e-06
Time: 2.002716e-06
Rank 0 communicating 45 percent:
Node Size 64 ints, P Size 28 ints, Avg size 2 ints
Time: 1.955032e-06
Time: 2.002716e-06
Time: 2.050400e-06
Time: 2.002716e-06
Time: 1.955032e-06
Rank 0 communicating 50 percent:
Node Size 64 ints, P Size 32 ints, Avg size 2 ints
Time: 1.955032e-06
Time: 2.002716e-06
Time: 1.955032e-06
Time: 1.955032e-06
Time: 2.098083e-06
Rank 0 communicating 55 percent:
Node Size 64 ints, P Size 35 ints, Avg size 1 ints
Time: 1.955032e-06
Time: 1.955032e-06
Time: 1.895428e-06
Time: 2.002716e-06
Time: 1.955032e-06
Rank 0 communicating 60 percent:
Node Size 64 ints, P Size 38 ints, Avg size 1 ints
Time: 2.050400e-06
Time: 2.050400e-06
Time: 1.990795e-06
Time: 1.943111e-06
Time: 1.943111e-06
Rank 0 communicating 65 percent:
Node Size 64 ints, P Size 41 ints, Avg size 1 ints
Time: 1.943111e-06
Time: 2.002716e-06
Time: 2.050400e-06
Time: 2.253056e-06
Time: 2.050400e-06
Rank 0 communicating 70 percent:
Node Size 64 ints, P Size 44 ints, Avg size 1 ints
Time: 2.002716e-06
Time: 1.943111e-06
Time: 2.050400e-06
Time: 1.955032e-06
Time: 2.002716e-06
Rank 0 communicating 75 percent:
Node Size 64 ints, P Size 48 ints, Avg size 1 ints
Time: 2.110004e-06
Time: 1.955032e-06
Time: 2.050400e-06
Time: 1.943111e-06
Time: 2.348423e-06
Rank 0 communicating 80 percent:
Node Size 64 ints, P Size 51 ints, Avg size 0 ints
Time: 1.907349e-06
Time: 2.050400e-06
Time: 2.110004e-06
Time: 2.002716e-06
Time: 3.302097e-06
Rank 0 communicating 85 percent:
Node Size 64 ints, P Size 54 ints, Avg size 0 ints
Time: 1.895428e-06
Time: 1.955032e-06
Time: 1.955032e-06
Time: 1.907349e-06
Time: 1.895428e-06
Rank 0 communicating 90 percent:
Node Size 64 ints, P Size 57 ints, Avg size 0 ints
Time: 1.955032e-06
Time: 1.907349e-06
Time: 1.847744e-06
Time: 1.800060e-06
Time: 1.895428e-06
Rank 0 communicating 95 percent:
Node Size 64 ints, P Size 60 ints, Avg size 0 ints
Time: 1.943111e-06
Time: 2.002716e-06
Time: 1.943111e-06
Time: 1.955032e-06
Time: 1.907349e-06
Rank 0 communicating 100 percent:
Node Size 64 ints, P Size 64 ints, Avg size 0 ints
Time: 1.907349e-06
Time: 1.895428e-06
Time: 1.895428e-06
Time: 2.002716e-06
Time: 1.847744e-06
Rank 0 communicating 0 percent:
Node Size 128 ints, P Size 0 ints, Avg size 8 ints
Time: 2.050400e-06
Time: 2.002716e-06
Time: 2.002716e-06
Time: 2.002716e-06
Time: 2.050400e-06
Rank 0 communicating 5 percent:
Node Size 128 ints, P Size 6 ints, Avg size 8 ints
Time: 2.050400e-06
Time: 2.098083e-06
Time: 1.990795e-06
Time: 2.050400e-06
Time: 2.050400e-06
Rank 0 communicating 10 percent:
Node Size 128 ints, P Size 12 ints, Avg size 7 ints
Time: 2.050400e-06
Time: 2.050400e-06
Time: 2.002716e-06
Time: 1.990795e-06
Time: 2.002716e-06
Rank 0 communicating 15 percent:
Node Size 128 ints, P Size 19 ints, Avg size 7 ints
Time: 2.002716e-06
Time: 2.002716e-06
Time: 2.098083e-06
Time: 2.050400e-06
Time: 2.098083e-06
Rank 0 communicating 20 percent:
Node Size 128 ints, P Size 25 ints, Avg size 6 ints
Time: 2.050400e-06
Time: 1.990795e-06
Time: 2.145767e-06
Time: 2.098083e-06
Time: 2.050400e-06
Rank 0 communicating 25 percent:
Node Size 128 ints, P Size 32 ints, Avg size 6 ints
Time: 2.002716e-06
Time: 2.002716e-06
Time: 2.002716e-06
Time: 2.038479e-06
Time: 2.050400e-06
Rank 0 communicating 30 percent:
Node Size 128 ints, P Size 38 ints, Avg size 6 ints
Time: 2.002716e-06
Time: 2.110004e-06
Time: 2.348423e-06
Time: 2.002716e-06
Time: 2.300739e-06
Rank 0 communicating 35 percent:
Node Size 128 ints, P Size 44 ints, Avg size 5 ints
Time: 2.002716e-06
Time: 2.002716e-06
Time: 2.098083e-06
Time: 2.050400e-06
Time: 2.098083e-06
Rank 0 communicating 40 percent:
Node Size 128 ints, P Size 51 ints, Avg size 5 ints
Time: 2.098083e-06
Time: 2.098083e-06
Time: 2.050400e-06
Time: 2.050400e-06
Time: 2.050400e-06
Rank 0 communicating 45 percent:
Node Size 128 ints, P Size 57 ints, Avg size 4 ints
Time: 2.002716e-06
Time: 2.193451e-06
Time: 2.050400e-06
Time: 2.205372e-06
Time: 2.002716e-06
Rank 0 communicating 50 percent:
Node Size 128 ints, P Size 64 ints, Avg size 4 ints
Time: 2.002716e-06
Time: 1.943111e-06
Time: 2.002716e-06
Time: 2.145767e-06
Time: 2.050400e-06
Rank 0 communicating 55 percent:
Node Size 128 ints, P Size 70 ints, Avg size 3 ints
Time: 2.098083e-06
Time: 2.002716e-06
Time: 2.110004e-06
Time: 2.050400e-06
Time: 1.990795e-06
Rank 0 communicating 60 percent:
Node Size 128 ints, P Size 76 ints, Avg size 3 ints
Time: 2.050400e-06
Time: 2.050400e-06
Time: 2.050400e-06
Time: 1.955032e-06
Time: 2.002716e-06
Rank 0 communicating 65 percent:
Node Size 128 ints, P Size 83 ints, Avg size 3 ints
Time: 2.050400e-06
Time: 2.098083e-06
Time: 2.002716e-06
Time: 2.050400e-06
Time: 2.098083e-06
Rank 0 communicating 70 percent:
Node Size 128 ints, P Size 89 ints, Avg size 2 ints
Time: 2.050400e-06
Time: 2.050400e-06
Time: 2.157688e-06
Time: 2.205372e-06
Time: 1.955032e-06
Rank 0 communicating 75 percent:
Node Size 128 ints, P Size 96 ints, Avg size 2 ints
Time: 2.098083e-06
Time: 2.098083e-06
Time: 2.050400e-06
Time: 2.098083e-06
Time: 2.300739e-06
Rank 0 communicating 80 percent:
Node Size 128 ints, P Size 102 ints, Avg size 1 ints
Time: 2.300739e-06
Time: 2.050400e-06
Time: 2.145767e-06
Time: 2.050400e-06
Time: 2.205372e-06
Rank 0 communicating 85 percent:
Node Size 128 ints, P Size 108 ints, Avg size 1 ints
Time: 2.145767e-06
Time: 2.050400e-06
Time: 2.050400e-06
Time: 2.157688e-06
Time: 2.598763e-06
Rank 0 communicating 90 percent:
Node Size 128 ints, P Size 115 ints, Avg size 0 ints
Time: 2.098083e-06
Time: 2.050400e-06
Time: 2.050400e-06
Time: 2.050400e-06
Time: 2.098083e-06
Rank 0 communicating 95 percent:
Node Size 128 ints, P Size 121 ints, Avg size 0 ints
Time: 2.050400e-06
Time: 2.002716e-06
Time: 2.050400e-06
Time: 2.157688e-06
Time: 2.050400e-06
Rank 0 communicating 100 percent:
Node Size 128 ints, P Size 128 ints, Avg size 0 ints
Time: 2.002716e-06
Time: 2.002716e-06
Time: 2.050400e-06
Time: 2.002716e-06
Time: 1.895428e-06
Rank 0 communicating 0 percent:
Node Size 256 ints, P Size 0 ints, Avg size 17 ints
Time: 2.205372e-06
Time: 2.110004e-06
Time: 2.253056e-06
Time: 2.110004e-06
Time: 2.098083e-06
Rank 0 communicating 5 percent:
Node Size 256 ints, P Size 12 ints, Avg size 16 ints
Time: 2.098083e-06
Time: 2.050400e-06
Time: 2.205372e-06
Time: 2.050400e-06
Time: 2.157688e-06
Rank 0 communicating 10 percent:
Node Size 256 ints, P Size 25 ints, Avg size 15 ints
Time: 2.002716e-06
Time: 2.157688e-06
Time: 2.050400e-06
Time: 2.050400e-06
Time: 2.002716e-06
Rank 0 communicating 15 percent:
Node Size 256 ints, P Size 38 ints, Avg size 14 ints
Time: 2.050400e-06
Time: 2.002716e-06
Time: 2.050400e-06
Time: 2.110004e-06
Time: 2.110004e-06
Rank 0 communicating 20 percent:
Node Size 256 ints, P Size 51 ints, Avg size 13 ints
Time: 2.002716e-06
Time: 2.050400e-06
Time: 2.098083e-06
Time: 2.050400e-06
Time: 2.050400e-06
Rank 0 communicating 25 percent:
Node Size 256 ints, P Size 64 ints, Avg size 12 ints
Time: 2.145767e-06
Time: 2.098083e-06
Time: 1.990795e-06
Time: 2.098083e-06
Time: 2.098083e-06
Rank 0 communicating 30 percent:
Node Size 256 ints, P Size 76 ints, Avg size 12 ints
Time: 2.050400e-06
Time: 2.300739e-06
Time: 2.050400e-06
Time: 2.145767e-06
Time: 2.050400e-06
Rank 0 communicating 35 percent:
Node Size 256 ints, P Size 89 ints, Avg size 11 ints
Time: 2.205372e-06
Time: 2.145767e-06
Time: 2.050400e-06
Time: 2.098083e-06
Time: 2.193451e-06
Rank 0 communicating 40 percent:
Node Size 256 ints, P Size 102 ints, Avg size 10 ints
Time: 2.253056e-06
Time: 2.503395e-06
Time: 2.205372e-06
Time: 2.098083e-06
Time: 2.241135e-06
Rank 0 communicating 45 percent:
Node Size 256 ints, P Size 115 ints, Avg size 9 ints
Time: 2.205372e-06
Time: 2.253056e-06
Time: 2.157688e-06
Time: 2.300739e-06
Time: 2.098083e-06
Rank 0 communicating 50 percent:
Node Size 256 ints, P Size 128 ints, Avg size 8 ints
Time: 2.157688e-06
Time: 2.205372e-06
Time: 2.205372e-06
Time: 2.145767e-06
Time: 2.241135e-06
Rank 0 communicating 55 percent:
Node Size 256 ints, P Size 140 ints, Avg size 7 ints
Time: 2.205372e-06
Time: 2.205372e-06
Time: 2.205372e-06
Time: 2.205372e-06
Time: 2.193451e-06
Rank 0 communicating 60 percent:
Node Size 256 ints, P Size 153 ints, Avg size 6 ints
Time: 2.300739e-06
Time: 2.408028e-06
Time: 2.145767e-06
Time: 2.253056e-06
Time: 2.360344e-06
Rank 0 communicating 65 percent:
Node Size 256 ints, P Size 166 ints, Avg size 6 ints
Time: 2.253056e-06
Time: 2.193451e-06
Time: 2.253056e-06
Time: 2.253056e-06
Time: 2.205372e-06
Rank 0 communicating 70 percent:
Node Size 256 ints, P Size 179 ints, Avg size 5 ints
Time: 2.145767e-06
Time: 2.157688e-06
Time: 2.300739e-06
Time: 2.300739e-06
Time: 2.205372e-06
Rank 0 communicating 75 percent:
Node Size 256 ints, P Size 192 ints, Avg size 4 ints
Time: 2.348423e-06
Time: 2.300739e-06
Time: 2.253056e-06
Time: 2.241135e-06
Time: 2.241135e-06
Rank 0 communicating 80 percent:
Node Size 256 ints, P Size 204 ints, Avg size 3 ints
Time: 2.300739e-06
Time: 2.300739e-06
Time: 2.348423e-06
Time: 2.253056e-06
Time: 2.300739e-06
Rank 0 communicating 85 percent:
Node Size 256 ints, P Size 217 ints, Avg size 2 ints
Time: 2.300739e-06
Time: 2.503395e-06
Time: 2.348423e-06
Time: 2.348423e-06
Time: 2.396107e-06
Rank 0 communicating 90 percent:
Node Size 256 ints, P Size 230 ints, Avg size 1 ints
Time: 2.300739e-06
Time: 2.348423e-06
Time: 2.455711e-06
Time: 2.455711e-06
Time: 2.300739e-06
Rank 0 communicating 95 percent:
Node Size 256 ints, P Size 243 ints, Avg size 0 ints
Time: 2.348423e-06
Time: 2.551079e-06
Time: 2.300739e-06
Time: 2.455711e-06
Time: 2.300739e-06
Rank 0 communicating 100 percent:
Node Size 256 ints, P Size 256 ints, Avg size 0 ints
Time: 2.241135e-06
Time: 2.253056e-06
Time: 2.300739e-06
Time: 2.300739e-06
Time: 2.145767e-06
Rank 0 communicating 0 percent:
Node Size 512 ints, P Size 0 ints, Avg size 34 ints
Time: 2.205372e-06
Time: 2.300739e-06
Time: 2.193451e-06
Time: 2.205372e-06
Time: 2.205372e-06
Rank 0 communicating 5 percent:
Node Size 512 ints, P Size 25 ints, Avg size 32 ints
Time: 2.205372e-06
Time: 2.145767e-06
Time: 2.098083e-06
Time: 2.193451e-06
Time: 2.145767e-06
Rank 0 communicating 10 percent:
Node Size 512 ints, P Size 51 ints, Avg size 30 ints
Time: 2.050400e-06
Time: 2.157688e-06
Time: 2.157688e-06
Time: 2.205372e-06
Time: 2.145767e-06
Rank 0 communicating 15 percent:
Node Size 512 ints, P Size 76 ints, Avg size 29 ints
Time: 2.241135e-06
Time: 2.098083e-06
Time: 2.110004e-06
Time: 2.205372e-06
Time: 2.157688e-06
Rank 0 communicating 20 percent:
Node Size 512 ints, P Size 102 ints, Avg size 27 ints
Time: 2.193451e-06
Time: 2.241135e-06
Time: 2.300739e-06
Time: 2.157688e-06
Time: 2.145767e-06
Rank 0 communicating 25 percent:
Node Size 512 ints, P Size 128 ints, Avg size 25 ints
Time: 2.145767e-06
Time: 2.098083e-06
Time: 2.241135e-06
Time: 2.145767e-06
Time: 2.193451e-06
Rank 0 communicating 30 percent:
Node Size 512 ints, P Size 153 ints, Avg size 23 ints
Time: 2.157688e-06
Time: 2.253056e-06
Time: 2.300739e-06
Time: 2.300739e-06
Time: 2.253056e-06
Rank 0 communicating 35 percent:
Node Size 512 ints, P Size 179 ints, Avg size 22 ints
Time: 2.408028e-06
Time: 2.551079e-06
Time: 2.288818e-06
Time: 2.300739e-06
Time: 2.348423e-06
Rank 0 communicating 40 percent:
Node Size 512 ints, P Size 204 ints, Avg size 20 ints
Time: 2.551079e-06
Time: 2.253056e-06
Time: 2.396107e-06
Time: 2.408028e-06
Time: 2.348423e-06
Rank 0 communicating 45 percent:
Node Size 512 ints, P Size 230 ints, Avg size 18 ints
Time: 2.646446e-06
Time: 2.503395e-06
Time: 2.598763e-06
Time: 2.539158e-06
Time: 2.443790e-06
Rank 0 communicating 50 percent:
Node Size 512 ints, P Size 256 ints, Avg size 17 ints
Time: 2.551079e-06
Time: 2.443790e-06
Time: 2.396107e-06
Time: 2.396107e-06
Time: 2.646446e-06
Rank 0 communicating 55 percent:
Node Size 512 ints, P Size 281 ints, Avg size 15 ints
Time: 2.503395e-06
Time: 2.503395e-06
Time: 2.598763e-06
Time: 2.598763e-06
Time: 2.551079e-06
Rank 0 communicating 60 percent:
Node Size 512 ints, P Size 307 ints, Avg size 13 ints
Time: 2.551079e-06
Time: 2.658367e-06
Time: 2.706051e-06
Time: 2.503395e-06
Time: 2.646446e-06
Rank 0 communicating 65 percent:
Node Size 512 ints, P Size 332 ints, Avg size 12 ints
Time: 2.658367e-06
Time: 2.706051e-06
Time: 2.706051e-06
Time: 2.598763e-06
Time: 2.694130e-06
Rank 0 communicating 70 percent:
Node Size 512 ints, P Size 358 ints, Avg size 10 ints
Time: 2.706051e-06
Time: 2.706051e-06
Time: 2.694130e-06
Time: 2.694130e-06
Time: 2.753735e-06
Rank 0 communicating 75 percent:
Node Size 512 ints, P Size 384 ints, Avg size 8 ints
Time: 2.789497e-06
Time: 2.753735e-06
Time: 2.753735e-06
Time: 2.694130e-06
Time: 2.753735e-06
Rank 0 communicating 80 percent:
Node Size 512 ints, P Size 409 ints, Avg size 6 ints
Time: 2.849102e-06
Time: 2.801418e-06
Time: 2.849102e-06
Time: 2.849102e-06
Time: 2.801418e-06
Rank 0 communicating 85 percent:
Node Size 512 ints, P Size 435 ints, Avg size 5 ints
Time: 2.849102e-06
Time: 2.753735e-06
Time: 2.753735e-06
Time: 2.908707e-06
Time: 2.992153e-06
Rank 0 communicating 90 percent:
Node Size 512 ints, P Size 460 ints, Avg size 3 ints
Time: 2.849102e-06
Time: 2.801418e-06
Time: 2.896786e-06
Time: 2.849102e-06
Time: 3.099442e-06
Rank 0 communicating 95 percent:
Node Size 512 ints, P Size 486 ints, Avg size 1 ints
Time: 2.956390e-06
Time: 2.944469e-06
Time: 2.956390e-06
Time: 2.956390e-06
Time: 2.944469e-06
Rank 0 communicating 100 percent:
Node Size 512 ints, P Size 512 ints, Avg size 0 ints
Time: 2.598763e-06
Time: 2.598763e-06
Time: 2.455711e-06
Time: 2.551079e-06
Time: 2.503395e-06
Rank 0 communicating 0 percent:
Node Size 1024 ints, P Size 0 ints, Avg size 68 ints
Time: 2.551079e-06
Time: 2.455711e-06
Time: 2.408028e-06
Time: 2.348423e-06
Time: 2.443790e-06
Rank 0 communicating 5 percent:
Node Size 1024 ints, P Size 51 ints, Avg size 64 ints
Time: 2.408028e-06
Time: 2.443790e-06
Time: 2.598763e-06
Time: 2.348423e-06
Time: 2.455711e-06
Rank 0 communicating 10 percent:
Node Size 1024 ints, P Size 102 ints, Avg size 61 ints
Time: 2.396107e-06
Time: 2.300739e-06
Time: 2.408028e-06
Time: 2.253056e-06
Time: 2.253056e-06
Rank 0 communicating 15 percent:
Node Size 1024 ints, P Size 153 ints, Avg size 58 ints
Time: 2.408028e-06
Time: 2.300739e-06
Time: 2.396107e-06
Time: 2.396107e-06
Time: 2.348423e-06
Rank 0 communicating 20 percent:
Node Size 1024 ints, P Size 204 ints, Avg size 54 ints
Time: 2.455711e-06
Time: 2.253056e-06
Time: 2.300739e-06
Time: 2.491474e-06
Time: 2.300739e-06
Rank 0 communicating 25 percent:
Node Size 1024 ints, P Size 256 ints, Avg size 51 ints
Time: 2.408028e-06
Time: 2.646446e-06
Time: 2.849102e-06
Time: 2.694130e-06
Time: 2.646446e-06
Rank 0 communicating 30 percent:
Node Size 1024 ints, P Size 307 ints, Avg size 47 ints
Time: 2.753735e-06
Time: 2.944469e-06
Time: 2.753735e-06
Time: 2.801418e-06
Time: 2.706051e-06
Rank 0 communicating 35 percent:
Node Size 1024 ints, P Size 358 ints, Avg size 44 ints
Time: 2.908707e-06
Time: 2.801418e-06
Time: 2.908707e-06
Time: 2.896786e-06
Time: 2.896786e-06
Rank 0 communicating 40 percent:
Node Size 1024 ints, P Size 409 ints, Avg size 41 ints
Time: 3.099442e-06
Time: 3.099442e-06
Time: 2.956390e-06
Time: 3.004074e-06
Time: 2.944469e-06
Rank 0 communicating 45 percent:
Node Size 1024 ints, P Size 460 ints, Avg size 37 ints
Time: 3.099442e-06
Time: 3.147125e-06
Time: 3.147125e-06
Time: 3.051758e-06
Time: 3.194809e-06
Rank 0 communicating 50 percent:
Node Size 1024 ints, P Size 512 ints, Avg size 34 ints
Time: 3.099442e-06
Time: 3.147125e-06
Time: 3.254414e-06
Time: 3.206730e-06
Time: 3.397465e-06
Rank 0 communicating 55 percent:
Node Size 1024 ints, P Size 563 ints, Avg size 30 ints
Time: 3.051758e-06
Time: 3.194809e-06
Time: 3.194809e-06
Time: 3.254414e-06
Time: 3.302097e-06
Rank 0 communicating 60 percent:
Node Size 1024 ints, P Size 614 ints, Avg size 27 ints
Time: 3.445148e-06
Time: 3.457069e-06
Time: 3.397465e-06
Time: 3.397465e-06
Time: 3.349781e-06
Rank 0 communicating 65 percent:
Node Size 1024 ints, P Size 665 ints, Avg size 23 ints
Time: 3.504753e-06
Time: 3.600121e-06
Time: 3.504753e-06
Time: 3.492832e-06
Time: 3.409386e-06
Rank 0 communicating 70 percent:
Node Size 1024 ints, P Size 716 ints, Avg size 20 ints
Time: 3.504753e-06
Time: 3.349781e-06
Time: 3.349781e-06
Time: 3.600121e-06
Time: 3.397465e-06
Rank 0 communicating 75 percent:
Node Size 1024 ints, P Size 768 ints, Avg size 17 ints
Time: 3.755093e-06
Time: 3.445148e-06
Time: 3.659725e-06
Time: 3.540516e-06
Time: 3.552437e-06
Rank 0 communicating 80 percent:
Node Size 1024 ints, P Size 819 ints, Avg size 13 ints
Time: 3.802776e-06
Time: 3.659725e-06
Time: 3.755093e-06
Time: 3.504753e-06
Time: 3.504753e-06
Rank 0 communicating 85 percent:
Node Size 1024 ints, P Size 870 ints, Avg size 10 ints
Time: 3.600121e-06
Time: 3.552437e-06
Time: 3.695488e-06
Time: 3.647804e-06
Time: 3.850460e-06
Rank 0 communicating 90 percent:
Node Size 1024 ints, P Size 921 ints, Avg size 6 ints
Time: 3.743172e-06
Time: 3.647804e-06
Time: 3.707409e-06
Time: 3.755093e-06
Time: 3.743172e-06
Rank 0 communicating 95 percent:
Node Size 1024 ints, P Size 972 ints, Avg size 3 ints
Time: 3.600121e-06
Time: 3.802776e-06
Time: 3.695488e-06
Time: 3.755093e-06
Time: 3.755093e-06
Rank 0 communicating 100 percent:
Node Size 1024 ints, P Size 1024 ints, Avg size 0 ints
Time: 3.504753e-06
Time: 3.504753e-06
Time: 3.409386e-06
Time: 3.504753e-06
Time: 3.409386e-06
Rank 0 communicating 0 percent:
Node Size 2048 ints, P Size 0 ints, Avg size 136 ints
Time: 3.099442e-06
Time: 3.194809e-06
Time: 3.194809e-06
Time: 3.254414e-06
Time: 3.004074e-06
Rank 0 communicating 5 percent:
Node Size 2048 ints, P Size 102 ints, Avg size 129 ints
Time: 3.004074e-06
Time: 2.944469e-06
Time: 3.004074e-06
Time: 3.051758e-06
Time: 3.051758e-06
Rank 0 communicating 10 percent:
Node Size 2048 ints, P Size 204 ints, Avg size 122 ints
Time: 3.051758e-06
Time: 2.801418e-06
Time: 3.850460e-06
Time: 3.004074e-06
Time: 3.051758e-06
Rank 0 communicating 15 percent:
Node Size 2048 ints, P Size 307 ints, Avg size 116 ints
Time: 3.194809e-06
Time: 3.051758e-06
Time: 2.992153e-06
Time: 3.159046e-06
Time: 3.099442e-06
Rank 0 communicating 20 percent:
Node Size 2048 ints, P Size 409 ints, Avg size 109 ints
Time: 3.206730e-06
Time: 3.504753e-06
Time: 3.349781e-06
Time: 3.147125e-06
Time: 3.457069e-06
Rank 0 communicating 25 percent:
Node Size 2048 ints, P Size 512 ints, Avg size 102 ints
Time: 3.302097e-06
Time: 3.600121e-06
Time: 3.552437e-06
Time: 3.302097e-06
Time: 4.351139e-06
Rank 0 communicating 30 percent:
Node Size 2048 ints, P Size 614 ints, Avg size 95 ints
Time: 3.552437e-06
Time: 3.957748e-06
Time: 3.707409e-06
Time: 3.802776e-06
Time: 3.600121e-06
Rank 0 communicating 35 percent:
Node Size 2048 ints, P Size 716 ints, Avg size 88 ints
Time: 3.695488e-06
Time: 3.695488e-06
Time: 3.695488e-06
Time: 3.802776e-06
Time: 3.707409e-06
Rank 0 communicating 40 percent:
Node Size 2048 ints, P Size 819 ints, Avg size 81 ints
Time: 4.243851e-06
Time: 4.196167e-06
Time: 3.993511e-06
Time: 4.148483e-06
Time: 4.100800e-06
Rank 0 communicating 45 percent:
Node Size 2048 ints, P Size 921 ints, Avg size 75 ints
Time: 4.494190e-06
Time: 4.601479e-06
Time: 4.446507e-06
Time: 4.255772e-06
Time: 4.303455e-06
Rank 0 communicating 50 percent:
Node Size 2048 ints, P Size 1024 ints, Avg size 68 ints
Time: 4.398823e-06
Time: 4.494190e-06
Time: 5.006790e-06
Time: 4.303455e-06
Time: 4.601479e-06
Rank 0 communicating 55 percent:
Node Size 2048 ints, P Size 1126 ints, Avg size 61 ints
Time: 4.494190e-06
Time: 4.398823e-06
Time: 4.303455e-06
Time: 4.398823e-06
Time: 4.458427e-06
Rank 0 communicating 60 percent:
Node Size 2048 ints, P Size 1228 ints, Avg size 54 ints
Time: 4.756451e-06
Time: 4.756451e-06
Time: 4.553795e-06
Time: 4.744530e-06
Time: 4.506111e-06
Rank 0 communicating 65 percent:
Node Size 2048 ints, P Size 1331 ints, Avg size 47 ints
Time: 4.541874e-06
Time: 4.601479e-06
Time: 4.661083e-06
Time: 4.756451e-06
Time: 4.553795e-06
Rank 0 communicating 70 percent:
Node Size 2048 ints, P Size 1433 ints, Avg size 41 ints
Time: 4.696846e-06
Time: 4.899502e-06
Time: 4.804134e-06
Time: 4.851818e-06
Time: 4.804134e-06
Rank 0 communicating 75 percent:
Node Size 2048 ints, P Size 1536 ints, Avg size 34 ints
Time: 5.149841e-06
Time: 4.947186e-06
Time: 4.947186e-06
Time: 5.149841e-06
Time: 5.006790e-06
Rank 0 communicating 80 percent:
Node Size 2048 ints, P Size 1638 ints, Avg size 27 ints
Time: 4.899502e-06
Time: 4.851818e-06
Time: 5.054474e-06
Time: 4.947186e-06
Time: 5.042553e-06
Rank 0 communicating 85 percent:
Node Size 2048 ints, P Size 1740 ints, Avg size 20 ints
Time: 4.994869e-06
Time: 4.792213e-06
Time: 4.947186e-06
Time: 4.851818e-06
Time: 5.006790e-06
Rank 0 communicating 90 percent:
Node Size 2048 ints, P Size 1843 ints, Avg size 13 ints
Time: 4.994869e-06
Time: 4.994869e-06
Time: 4.959106e-06
Time: 4.994869e-06
Time: 4.947186e-06
Rank 0 communicating 95 percent:
Node Size 2048 ints, P Size 1945 ints, Avg size 6 ints
Time: 5.102158e-06
Time: 5.292892e-06
Time: 5.006790e-06
Time: 5.209446e-06
Time: 5.292892e-06
Rank 0 communicating 100 percent:
Node Size 2048 ints, P Size 2048 ints, Avg size 0 ints
Time: 1.163006e-04
Time: 9.298325e-06
Time: 9.703636e-06
Time: 9.250641e-06
Time: 9.393692e-06
Rank 0 communicating 0 percent:
Node Size 4096 ints, P Size 0 ints, Avg size 273 ints
Time: 9.393692e-06
Time: 8.499622e-06
Time: 8.296967e-06
Time: 8.797646e-06
Time: 8.296967e-06
Rank 0 communicating 5 percent:
Node Size 4096 ints, P Size 204 ints, Avg size 259 ints
Time: 8.702278e-06
Time: 8.654594e-06
Time: 8.308887e-06
Time: 8.797646e-06
Time: 8.952618e-06
Rank 0 communicating 10 percent:
Node Size 4096 ints, P Size 409 ints, Avg size 245 ints
Time: 8.702278e-06
Time: 8.893013e-06
Time: 9.250641e-06
Time: 9.107590e-06
Time: 8.344650e-06
Rank 0 communicating 15 percent:
Node Size 4096 ints, P Size 614 ints, Avg size 232 ints
Time: 8.702278e-06
Time: 8.499622e-06
Time: 8.594990e-06
Time: 8.702278e-06
Time: 8.904934e-06
Rank 0 communicating 20 percent:
Node Size 4096 ints, P Size 819 ints, Avg size 218 ints
Time: 7.152557e-06
Time: 7.998943e-06
Time: 7.796288e-06
Time: 7.593632e-06
Time: 7.700920e-06
Rank 0 communicating 25 percent:
Node Size 4096 ints, P Size 1024 ints, Avg size 204 ints
Time: 7.104874e-06
Time: 7.343292e-06
Time: 7.545948e-06
Time: 7.045269e-06
Time: 7.748604e-06
Rank 0 communicating 30 percent:
Node Size 4096 ints, P Size 1228 ints, Avg size 191 ints
Time: 6.794930e-06
Time: 6.651878e-06
Time: 6.091595e-06
Time: 7.200241e-06
Time: 6.544590e-06
Rank 0 communicating 35 percent:
Node Size 4096 ints, P Size 1433 ints, Avg size 177 ints
Time: 6.401539e-06
Time: 6.306171e-06
Time: 6.055832e-06
Time: 6.341934e-06
Time: 6.246567e-06
Rank 0 communicating 40 percent:
Node Size 4096 ints, P Size 1638 ints, Avg size 163 ints
Time: 6.699562e-06
Time: 6.306171e-06
Time: 6.592274e-06
Time: 6.508827e-06
Time: 6.449223e-06
Rank 0 communicating 45 percent:
Node Size 4096 ints, P Size 1843 ints, Avg size 150 ints
Time: 6.508827e-06
Time: 6.604195e-06
Time: 6.854534e-06
Time: 6.759167e-06
Time: 6.496906e-06
Rank 0 communicating 50 percent:
Node Size 4096 ints, P Size 2048 ints, Avg size 136 ints
Time: 1.024008e-05
Time: 1.015663e-05
Time: 1.115799e-05
Time: 1.059771e-05
Time: 1.084805e-05
Rank 0 communicating 55 percent:
Node Size 4096 ints, P Size 2252 ints, Avg size 122 ints
Time: 1.095533e-05
Time: 1.069307e-05
Time: 1.045465e-05
Time: 1.085997e-05
Time: 1.045465e-05
Rank 0 communicating 60 percent:
Node Size 4096 ints, P Size 2457 ints, Avg size 109 ints
Time: 1.114607e-05
Time: 1.045465e-05
Time: 1.090765e-05
Time: 1.034737e-05
Time: 1.055002e-05
Rank 0 communicating 65 percent:
Node Size 4096 ints, P Size 2662 ints, Avg size 95 ints
Time: 1.064539e-05
Time: 1.114607e-05
Time: 1.074076e-05
Time: 1.114607e-05
Time: 1.095533e-05
Rank 0 communicating 70 percent:
Node Size 4096 ints, P Size 2867 ints, Avg size 81 ints
Time: 1.180172e-05
Time: 1.109838e-05
Time: 1.100302e-05
Time: 1.105070e-05
Time: 1.080036e-05
Rank 0 communicating 75 percent:
Node Size 4096 ints, P Size 3072 ints, Avg size 68 ints
Time: 1.139641e-05
Time: 1.095533e-05
Time: 1.125336e-05
Time: 1.100302e-05
Time: 1.120567e-05
Rank 0 communicating 80 percent:
Node Size 4096 ints, P Size 3276 ints, Avg size 54 ints
Time: 1.109838e-05
Time: 1.125336e-05
Time: 1.144409e-05
Time: 1.144409e-05
Time: 1.125336e-05
Rank 0 communicating 85 percent:
Node Size 4096 ints, P Size 3481 ints, Avg size 41 ints
Time: 1.189709e-05
Time: 1.120567e-05
Time: 1.144409e-05
Time: 1.125336e-05
Time: 1.170635e-05
Rank 0 communicating 90 percent:
Node Size 4096 ints, P Size 3686 ints, Avg size 27 ints
Time: 1.140833e-05
Time: 1.145601e-05
Time: 1.130104e-05
Time: 1.161098e-05
Time: 1.139641e-05
Rank 0 communicating 95 percent:
Node Size 4096 ints, P Size 3891 ints, Avg size 13 ints
Time: 1.269579e-05
Time: 1.150370e-05
Time: 1.214743e-05
Time: 1.155138e-05
Time: 1.195669e-05
Rank 0 communicating 100 percent:
Node Size 4096 ints, P Size 4096 ints, Avg size 0 ints
Time: 1.105070e-05
Time: 1.139641e-05
Time: 1.139641e-05
Time: 1.169443e-05
Time: 1.139641e-05
Rank 0 communicating 0 percent:
Node Size 8192 ints, P Size 0 ints, Avg size 546 ints
Time: 1.599789e-05
Time: 1.530647e-05
Time: 1.519918e-05
Time: 1.589060e-05
Time: 1.484156e-05
Rank 0 communicating 5 percent:
Node Size 8192 ints, P Size 409 ints, Avg size 518 ints
Time: 1.515150e-05
Time: 1.604557e-05
Time: 1.534224e-05
Time: 1.559258e-05
Time: 1.549721e-05
Rank 0 communicating 10 percent:
Node Size 8192 ints, P Size 819 ints, Avg size 491 ints
Time: 1.499653e-05
Time: 1.554489e-05
Time: 1.419783e-05
Time: 1.490116e-05
Time: 1.480579e-05
Rank 0 communicating 15 percent:
Node Size 8192 ints, P Size 1228 ints, Avg size 464 ints
Time: 1.480579e-05
Time: 1.454353e-05
Time: 1.415014e-05
Time: 1.419783e-05
Time: 1.469851e-05
Rank 0 communicating 20 percent:
Node Size 8192 ints, P Size 1638 ints, Avg size 436 ints
Time: 1.444817e-05
Time: 1.360178e-05
Time: 1.450777e-05
Time: 1.404285e-05
Time: 1.469851e-05
Rank 0 communicating 25 percent:
Node Size 8192 ints, P Size 2048 ints, Avg size 409 ints
Time: 1.749992e-05
Time: 1.775026e-05
Time: 1.825094e-05
Time: 1.769066e-05
Time: 1.779795e-05
Rank 0 communicating 30 percent:
Node Size 8192 ints, P Size 2457 ints, Avg size 382 ints
Time: 1.670122e-05
Time: 1.784563e-05
Time: 1.770258e-05
Time: 1.720190e-05
Time: 1.710653e-05
Rank 0 communicating 35 percent:
Node Size 8192 ints, P Size 2867 ints, Avg size 355 ints
Time: 1.820326e-05
Time: 1.785755e-05
Time: 1.779795e-05
Time: 1.844168e-05
Time: 1.795292e-05
Rank 0 communicating 40 percent:
Node Size 8192 ints, P Size 3276 ints, Avg size 327 ints
Time: 1.785755e-05
Time: 1.765490e-05
Time: 1.729727e-05
Time: 1.749992e-05
Time: 1.754761e-05
Rank 0 communicating 45 percent:
Node Size 8192 ints, P Size 3686 ints, Avg size 300 ints
Time: 1.740456e-05
Time: 1.749992e-05
Time: 1.755953e-05
Time: 1.709461e-05
Time: 1.679659e-05
Rank 0 communicating 50 percent:
Node Size 8192 ints, P Size 4096 ints, Avg size 273 ints
Time: 1.735687e-05
Time: 1.724958e-05
Time: 1.690388e-05
Time: 1.715422e-05
Time: 1.699924e-05
Rank 0 communicating 55 percent:
Node Size 8192 ints, P Size 4505 ints, Avg size 245 ints
Time: 1.779795e-05
Time: 1.800060e-05
Time: 1.755953e-05
Time: 1.779795e-05
Time: 1.775026e-05
Rank 0 communicating 60 percent:
Node Size 8192 ints, P Size 4915 ints, Avg size 218 ints
Time: 1.825094e-05
Time: 1.729727e-05
Time: 1.770258e-05
Time: 1.795292e-05
Time: 1.705885e-05
Rank 0 communicating 65 percent:
Node Size 8192 ints, P Size 5324 ints, Avg size 191 ints
Time: 1.624823e-05
Time: 1.629591e-05
Time: 1.615286e-05
Time: 1.674891e-05
Time: 1.654625e-05
Rank 0 communicating 70 percent:
Node Size 8192 ints, P Size 5734 ints, Avg size 163 ints
Time: 1.604557e-05
Time: 1.620054e-05
Time: 1.585484e-05
Time: 1.620054e-05
Time: 1.615286e-05
Rank 0 communicating 75 percent:
Node Size 8192 ints, P Size 6144 ints, Avg size 136 ints
Time: 1.674891e-05
Time: 1.624823e-05
Time: 1.674891e-05
Time: 1.645088e-05
Time: 1.660585e-05
Rank 0 communicating 80 percent:
Node Size 8192 ints, P Size 6553 ints, Avg size 109 ints
Time: 1.579523e-05
Time: 1.569986e-05
Time: 1.585484e-05
Time: 1.599789e-05
Time: 1.555681e-05
Rank 0 communicating 85 percent:
Node Size 8192 ints, P Size 6963 ints, Avg size 81 ints
Time: 1.599789e-05
Time: 1.565218e-05
Time: 1.579523e-05
Time: 1.569986e-05
Time: 1.574755e-05
Rank 0 communicating 90 percent:
Node Size 8192 ints, P Size 7372 ints, Avg size 54 ints
Time: 1.569986e-05
Time: 1.565218e-05
Time: 1.569986e-05
Time: 1.560450e-05
Time: 1.555681e-05
Rank 0 communicating 95 percent:
Node Size 8192 ints, P Size 7782 ints, Avg size 27 ints
Time: 1.595020e-05
Time: 1.624823e-05
Time: 1.599789e-05
Time: 1.595020e-05
Time: 1.595020e-05
Rank 0 communicating 100 percent:
Node Size 8192 ints, P Size 8192 ints, Avg size 0 ints
Time: 1.695156e-05
Time: 1.565218e-05
Time: 1.614094e-05
Time: 1.590252e-05
Time: 1.579523e-05
Rank 0 communicating 0 percent:
Node Size 16384 ints, P Size 0 ints, Avg size 1092 ints
Time: 2.640486e-05
Time: 2.599955e-05
Time: 2.654791e-05
Time: 2.695322e-05
Time: 2.700090e-05
Rank 0 communicating 5 percent:
Node Size 16384 ints, P Size 819 ints, Avg size 1037 ints
Time: 2.615452e-05
Time: 2.455711e-05
Time: 2.620220e-05
Time: 2.540350e-05
Time: 2.530813e-05
Rank 0 communicating 10 percent:
Node Size 16384 ints, P Size 1638 ints, Avg size 983 ints
Time: 2.604723e-05
Time: 2.695322e-05
Time: 2.635717e-05
Time: 2.744198e-05
Time: 2.629757e-05
Rank 0 communicating 15 percent:
Node Size 16384 ints, P Size 2457 ints, Avg size 928 ints
Time: 2.614260e-05
Time: 2.659559e-05
Time: 2.634525e-05
Time: 2.579689e-05
Time: 2.554655e-05
Rank 0 communicating 20 percent:
Node Size 16384 ints, P Size 3276 ints, Avg size 873 ints
Time: 2.670288e-05
Time: 2.665520e-05
Time: 2.580881e-05
Time: 2.644062e-05
Time: 3.989935e-05
Rank 0 communicating 25 percent:
Node Size 16384 ints, P Size 4096 ints, Avg size 819 ints
Time: 2.664328e-05
Time: 2.685785e-05
Time: 2.585649e-05
Time: 2.609491e-05
Time: 2.624989e-05
Rank 0 communicating 30 percent:
Node Size 16384 ints, P Size 4915 ints, Avg size 764 ints
Time: 2.509356e-05
Time: 2.614260e-05
Time: 2.574921e-05
Time: 2.640486e-05
Time: 2.565384e-05
Rank 0 communicating 35 percent:
Node Size 16384 ints, P Size 5734 ints, Avg size 710 ints
Time: 2.650023e-05
Time: 2.609491e-05
Time: 2.535582e-05
Time: 2.695322e-05
Time: 2.509356e-05
Rank 0 communicating 40 percent:
Node Size 16384 ints, P Size 6553 ints, Avg size 655 ints
Time: 2.654791e-05
Time: 2.639294e-05
Time: 2.615452e-05
Time: 2.570152e-05
Time: 2.629757e-05
Rank 0 communicating 45 percent:
Node Size 16384 ints, P Size 7372 ints, Avg size 600 ints
Time: 2.725124e-05
Time: 2.629757e-05
Time: 2.679825e-05
Time: 2.654791e-05
Time: 2.615452e-05
Rank 0 communicating 50 percent:
Node Size 16384 ints, P Size 8192 ints, Avg size 546 ints
Time: 2.644062e-05
Time: 2.579689e-05
Time: 2.635717e-05
Time: 2.595186e-05
Time: 2.540350e-05
Rank 0 communicating 55 percent:
Node Size 16384 ints, P Size 9011 ints, Avg size 491 ints
Time: 2.624989e-05
Time: 2.615452e-05
Time: 2.554655e-05
Time: 2.564192e-05
Time: 2.540350e-05
Rank 0 communicating 60 percent:
Node Size 16384 ints, P Size 9830 ints, Avg size 436 ints
Time: 2.750158e-05
Time: 2.715588e-05
Time: 2.675056e-05
Time: 2.704859e-05
Time: 2.734661e-05
Rank 0 communicating 65 percent:
Node Size 16384 ints, P Size 10649 ints, Avg size 382 ints
Time: 2.799034e-05
Time: 2.644062e-05
Time: 2.615452e-05
Time: 2.590418e-05
Time: 2.664328e-05
Rank 0 communicating 70 percent:
Node Size 16384 ints, P Size 11468 ints, Avg size 327 ints
Time: 2.795458e-05
Time: 2.810955e-05
Time: 2.765656e-05
Time: 2.650023e-05
Time: 2.675056e-05
Rank 0 communicating 75 percent:
Node Size 16384 ints, P Size 12288 ints, Avg size 273 ints
Time: 2.700090e-05
Time: 2.659559e-05
Time: 2.665520e-05
Time: 2.574921e-05
Time: 2.599955e-05
Rank 0 communicating 80 percent:
Node Size 16384 ints, P Size 13107 ints, Avg size 218 ints
Time: 5.500317e-05
Time: 2.535582e-05
Time: 2.585649e-05
Time: 2.539158e-05
Time: 2.574921e-05
Rank 0 communicating 85 percent:
Node Size 16384 ints, P Size 13926 ints, Avg size 163 ints
Time: 2.470016e-05
Time: 2.489090e-05
Time: 2.424717e-05
Time: 2.454519e-05
Time: 2.419949e-05
Rank 0 communicating 90 percent:
Node Size 16384 ints, P Size 14745 ints, Avg size 109 ints
Time: 5.599260e-05
Time: 2.479553e-05
Time: 2.485514e-05
Time: 2.465248e-05
Time: 2.470016e-05
Rank 0 communicating 95 percent:
Node Size 16384 ints, P Size 15564 ints, Avg size 54 ints
Time: 2.704859e-05
Time: 2.576113e-05
Time: 2.529621e-05
Time: 2.530813e-05
Time: 2.524853e-05
Rank 0 communicating 100 percent:
Node Size 16384 ints, P Size 16384 ints, Avg size 0 ints
Time: 2.714396e-05
Time: 2.560616e-05
Time: 2.549887e-05
Time: 2.570152e-05
Time: 2.549887e-05
Rank 0 communicating 0 percent:
Node Size 32768 ints, P Size 0 ints, Avg size 2184 ints
Time: 6.449223e-05
Time: 2.579689e-05
Time: 2.635717e-05
Time: 2.585649e-05
Time: 2.599955e-05
Rank 0 communicating 5 percent:
Node Size 32768 ints, P Size 1638 ints, Avg size 2075 ints
Time: 2.579689e-05
Time: 2.585649e-05
Time: 2.585649e-05
Time: 2.595186e-05
Time: 2.584457e-05
Rank 0 communicating 10 percent:
Node Size 32768 ints, P Size 3276 ints, Avg size 1966 ints
Time: 5.155802e-05
Time: 5.010366e-05
Time: 4.785061e-05
Time: 4.940033e-05
Time: 4.860163e-05
Rank 0 communicating 15 percent:
Node Size 32768 ints, P Size 4915 ints, Avg size 1856 ints
Time: 4.554987e-05
Time: 4.714727e-05
Time: 4.985332e-05
Time: 4.490614e-05
Time: 4.885197e-05
Rank 0 communicating 20 percent:
Node Size 32768 ints, P Size 6553 ints, Avg size 1747 ints
Time: 4.534721e-05
Time: 4.789829e-05
Time: 4.744530e-05
Time: 4.730225e-05
Time: 4.794598e-05
Rank 0 communicating 25 percent:
Node Size 32768 ints, P Size 8192 ints, Avg size 1638 ints
Time: 4.810095e-05
Time: 4.644394e-05
Time: 4.705191e-05
Time: 4.605055e-05
Time: 4.820824e-05
Rank 0 communicating 30 percent:
Node Size 32768 ints, P Size 9830 ints, Avg size 1529 ints
Time: 4.475117e-05
Time: 4.659891e-05
Time: 4.589558e-05
Time: 4.684925e-05
Time: 4.649162e-05
Rank 0 communicating 35 percent:
Node Size 32768 ints, P Size 11468 ints, Avg size 1420 ints
Time: 4.570484e-05
Time: 4.640818e-05
Time: 4.625320e-05
Time: 4.520416e-05
Time: 4.324913e-05
Rank 0 communicating 40 percent:
Node Size 32768 ints, P Size 13107 ints, Avg size 1310 ints
Time: 4.514456e-05
Time: 4.634857e-05
Time: 4.580021e-05
Time: 4.509687e-05
Time: 4.409552e-05
Rank 0 communicating 45 percent:
Node Size 32768 ints, P Size 14745 ints, Avg size 1201 ints
Time: 4.690886e-05
Time: 4.445314e-05
Time: 4.744530e-05
Time: 4.919767e-05
Time: 4.490614e-05
Rank 0 communicating 50 percent:
Node Size 32768 ints, P Size 16384 ints, Avg size 1092 ints
Time: 4.370213e-05
Time: 4.794598e-05
Time: 4.475117e-05
Time: 4.965067e-05
Time: 4.870892e-05
Rank 0 communicating 55 percent:
Node Size 32768 ints, P Size 18022 ints, Avg size 983 ints
Time: 4.900694e-05
Time: 4.609823e-05
Time: 4.475117e-05
Time: 4.475117e-05
Time: 4.475117e-05
Rank 0 communicating 60 percent:
Node Size 32768 ints, P Size 19660 ints, Avg size 873 ints
Time: 5.030632e-05
Time: 5.174875e-05
Time: 4.905462e-05
Time: 4.795790e-05
Time: 4.354715e-05
Rank 0 communicating 65 percent:
Node Size 32768 ints, P Size 21299 ints, Avg size 764 ints
Time: 4.500151e-05
Time: 4.594326e-05
Time: 4.230738e-05
Time: 4.730225e-05
Time: 4.440546e-05
Rank 0 communicating 70 percent:
Node Size 32768 ints, P Size 22937 ints, Avg size 655 ints
Time: 5.105734e-05
Time: 4.879236e-05
Time: 5.794764e-05
Time: 5.009174e-05
Time: 4.780293e-05
Rank 0 communicating 75 percent:
Node Size 32768 ints, P Size 24576 ints, Avg size 546 ints
Time: 6.610155e-05
Time: 5.160570e-05
Time: 5.044937e-05
Time: 5.145073e-05
Time: 5.074739e-05
Rank 0 communicating 80 percent:
Node Size 32768 ints, P Size 26214 ints, Avg size 436 ints
Time: 6.785393e-05
Time: 4.844666e-05
Time: 4.950762e-05
Time: 5.030632e-05
Time: 4.874468e-05
Rank 0 communicating 85 percent:
Node Size 32768 ints, P Size 27852 ints, Avg size 327 ints
Time: 4.444122e-05
Time: 4.574060e-05
Time: 4.625320e-05
Time: 4.760027e-05
Time: 4.775524e-05
Rank 0 communicating 90 percent:
Node Size 32768 ints, P Size 29491 ints, Avg size 218 ints
Time: 4.409552e-05
Time: 4.355907e-05
Time: 4.324913e-05
Time: 4.295111e-05
Time: 4.270077e-05
Rank 0 communicating 95 percent:
Node Size 32768 ints, P Size 31129 ints, Avg size 109 ints
Time: 4.335642e-05
Time: 4.240274e-05
Time: 4.245043e-05
Time: 4.210472e-05
Time: 4.264116e-05
Rank 0 communicating 100 percent:
Node Size 32768 ints, P Size 32768 ints, Avg size 0 ints
Time: 4.470348e-05
Time: 4.274845e-05
Time: 4.274845e-05
Time: 4.280806e-05
Time: 4.285574e-05
Rank 0 communicating 0 percent:
Node Size 65536 ints, P Size 0 ints, Avg size 4369 ints
Time: 4.940033e-05
Time: 4.794598e-05
Time: 4.860163e-05
Time: 4.810095e-05
Time: 4.910231e-05
Rank 0 communicating 5 percent:
Node Size 65536 ints, P Size 3276 ints, Avg size 4150 ints
Time: 4.850626e-05
Time: 4.869699e-05
Time: 4.805326e-05
Time: 4.829168e-05
Time: 4.860163e-05
Rank 0 communicating 10 percent:
Node Size 65536 ints, P Size 6553 ints, Avg size 3932 ints
Time: 4.824400e-05
Time: 4.849434e-05
Time: 4.841089e-05
Time: 4.820824e-05
Time: 4.819632e-05
Rank 0 communicating 15 percent:
Node Size 65536 ints, P Size 9830 ints, Avg size 3713 ints
Time: 4.874468e-05
Time: 4.879236e-05
Time: 4.914999e-05
Time: 4.854202e-05
Time: 4.999638e-05
Rank 0 communicating 20 percent:
Node Size 65536 ints, P Size 13107 ints, Avg size 3495 ints
Time: 4.975796e-05
Time: 4.904270e-05
Time: 4.994869e-05
Time: 4.985332e-05
Time: 4.979372e-05
Rank 0 communicating 25 percent:
Node Size 65536 ints, P Size 16384 ints, Avg size 3276 ints
Time: 5.109310e-05
Time: 5.090237e-05
Time: 5.195141e-05
Time: 5.085468e-05
Time: 5.090237e-05
Rank 0 communicating 30 percent:
Node Size 65536 ints, P Size 19660 ints, Avg size 3058 ints
Time: 5.074739e-05
Time: 5.149841e-05
Time: 5.010366e-05
Time: 5.105734e-05
Time: 5.000830e-05
Rank 0 communicating 35 percent:
Node Size 65536 ints, P Size 22937 ints, Avg size 2839 ints
Time: 5.140305e-05
Time: 5.120039e-05
Time: 5.030632e-05
Time: 5.029440e-05
Time: 5.054474e-05
Rank 0 communicating 40 percent:
Node Size 65536 ints, P Size 26214 ints, Avg size 2621 ints
Time: 5.334616e-05
Time: 5.369186e-05
Time: 5.404949e-05
Time: 5.434752e-05
Time: 5.290508e-05
Rank 0 communicating 45 percent:
Node Size 65536 ints, P Size 29491 ints, Avg size 2403 ints
Time: 5.755424e-05
Time: 5.799532e-05
Time: 5.860329e-05
Time: 5.770922e-05
Time: 5.694628e-05
Rank 0 communicating 50 percent:
Node Size 65536 ints, P Size 32768 ints, Avg size 2184 ints
Time: 6.039143e-05
Time: 6.054640e-05
Time: 6.099939e-05
Time: 6.055832e-05
Time: 6.124973e-05
Rank 0 communicating 55 percent:
Node Size 65536 ints, P Size 36044 ints, Avg size 1966 ints
Time: 7.106066e-05
Time: 8.774996e-05
Time: 1.209974e-04
Time: 1.101494e-04
Time: 1.109481e-04
Rank 0 communicating 60 percent:
Node Size 65536 ints, P Size 39321 ints, Avg size 1747 ints
Time: 1.121044e-04
Time: 1.115561e-04
Time: 1.125932e-04
Time: 1.064539e-04
Time: 1.080990e-04
Rank 0 communicating 65 percent:
Node Size 65536 ints, P Size 42598 ints, Avg size 1529 ints
Time: 1.095057e-04
Time: 1.192570e-04
Time: 1.140594e-04
Time: 1.184583e-04
Time: 1.139045e-04
Rank 0 communicating 70 percent:
Node Size 65536 ints, P Size 45875 ints, Avg size 1310 ints
Time: 9.685755e-05
Time: 1.089454e-04
Time: 1.062393e-04
Time: 1.086950e-04
Time: 1.111507e-04
Rank 0 communicating 75 percent:
Node Size 65536 ints, P Size 49152 ints, Avg size 1092 ints
Time: 1.065969e-04
Time: 1.028061e-04
Time: 9.670258e-05
Time: 1.080990e-04
Time: 1.027942e-04
Rank 0 communicating 80 percent:
Node Size 65536 ints, P Size 52428 ints, Avg size 873 ints
Time: 1.016021e-04
Time: 1.028061e-04
Time: 1.025558e-04
Time: 9.874105e-05
Time: 1.006484e-04
Rank 0 communicating 85 percent:
Node Size 65536 ints, P Size 55705 ints, Avg size 655 ints
Time: 8.344650e-05
Time: 7.939339e-05
Time: 8.769035e-05
Time: 8.405447e-05
Time: 9.280443e-05
Rank 0 communicating 90 percent:
Node Size 65536 ints, P Size 58982 ints, Avg size 436 ints
Time: 8.006096e-05
Time: 8.234978e-05
Time: 9.415150e-05
Time: 8.609295e-05
Time: 8.745193e-05
Rank 0 communicating 95 percent:
Node Size 65536 ints, P Size 62259 ints, Avg size 218 ints
Time: 7.959604e-05
Time: 7.870197e-05
Time: 7.895231e-05
Time: 7.854700e-05
Time: 7.874966e-05
Rank 0 communicating 100 percent:
Node Size 65536 ints, P Size 65536 ints, Avg size 0 ints
Time: 8.044243e-05
Time: 7.840395e-05
Time: 7.829666e-05
Time: 7.840395e-05
Time: 7.824898e-05
Rank 0 communicating 0 percent:
Node Size 131072 ints, P Size 0 ints, Avg size 8738 ints
Time: 9.599924e-05
Time: 9.479523e-05
Time: 9.570122e-05
Time: 9.469986e-05
Time: 8.900166e-05
Rank 0 communicating 5 percent:
Node Size 131072 ints, P Size 6553 ints, Avg size 8301 ints
Time: 9.344816e-05
Time: 9.475946e-05
Time: 9.319782e-05
Time: 9.299517e-05
Time: 9.225607e-05
Rank 0 communicating 10 percent:
Node Size 131072 ints, P Size 13107 ints, Avg size 7864 ints
Time: 9.254217e-05
Time: 9.350777e-05
Time: 9.195805e-05
Time: 9.239912e-05
Time: 9.294748e-05
Rank 0 communicating 15 percent:
Node Size 131072 ints, P Size 19660 ints, Avg size 7427 ints
Time: 9.120703e-05
Time: 9.180307e-05
Time: 9.210110e-05
Time: 9.169579e-05
Time: 9.371042e-05
Rank 0 communicating 20 percent:
Node Size 131072 ints, P Size 26214 ints, Avg size 6990 ints
Time: 9.344816e-05
Time: 9.194613e-05
Time: 9.109974e-05
Time: 9.149313e-05
Time: 9.279251e-05
Rank 0 communicating 25 percent:
Node Size 131072 ints, P Size 32768 ints, Avg size 6553 ints
Time: 9.384155e-05
Time: 9.630919e-05
Time: 9.355545e-05
Time: 9.649992e-05
Time: 9.480715e-05
Rank 0 communicating 30 percent:
Node Size 131072 ints, P Size 39321 ints, Avg size 6116 ints
Time: 9.850264e-05
Time: 1.007915e-04
Time: 9.955168e-05
Time: 1.002073e-04
Time: 9.864569e-05
Rank 0 communicating 35 percent:
Node Size 131072 ints, P Size 45875 ints, Avg size 5679 ints
Time: 1.032472e-04
Time: 1.020551e-04
Time: 1.026034e-04
Time: 1.034021e-04
Time: 1.025081e-04
Rank 0 communicating 40 percent:
Node Size 131072 ints, P Size 52428 ints, Avg size 5242 ints
Time: 1.065493e-04
Time: 1.052499e-04
Time: 1.050591e-04
Time: 1.057982e-04
Time: 1.067519e-04
Rank 0 communicating 45 percent:
Node Size 131072 ints, P Size 58982 ints, Avg size 4806 ints
Time: 1.106501e-04
Time: 1.118541e-04
Time: 1.111984e-04
Time: 1.106024e-04
Time: 1.107454e-04
Rank 0 communicating 50 percent:
Node Size 131072 ints, P Size 65536 ints, Avg size 4369 ints
Time: 1.153469e-04
Time: 1.162529e-04
Time: 1.152515e-04
Time: 1.161933e-04
Time: 1.152515e-04
Rank 0 communicating 55 percent:
Node Size 131072 ints, P Size 72089 ints, Avg size 3932 ints
Time: 9.360313e-05
Time: 1.281977e-04
Time: 1.195908e-04
Time: 1.200080e-04
Time: 1.201510e-04
Rank 0 communicating 60 percent:
Node Size 131072 ints, P Size 78643 ints, Avg size 3495 ints
Time: 1.247525e-04
Time: 1.232028e-04
Time: 1.236558e-04
Time: 1.232982e-04
Time: 1.255035e-04
Rank 0 communicating 65 percent:
Node Size 131072 ints, P Size 85196 ints, Avg size 3058 ints
Time: 1.285076e-04
Time: 1.276016e-04
Time: 1.268029e-04
Time: 1.273990e-04
Time: 1.276493e-04
Rank 0 communicating 70 percent:
Node Size 131072 ints, P Size 91750 ints, Avg size 2621 ints
Time: 1.324058e-04
Time: 1.304984e-04
Time: 1.307487e-04
Time: 1.307011e-04
Time: 1.310468e-04
Rank 0 communicating 75 percent:
Node Size 131072 ints, P Size 98304 ints, Avg size 2184 ints
Time: 1.350522e-04
Time: 1.348019e-04
Time: 1.348019e-04
Time: 1.343012e-04
Time: 1.346469e-04
Rank 0 communicating 80 percent:
Node Size 131072 ints, P Size 104857 ints, Avg size 1747 ints
Time: 2.202988e-04
Time: 1.971006e-04
Time: 1.962423e-04
Time: 2.360940e-04
Time: 1.892090e-04
Rank 0 communicating 85 percent:
Node Size 131072 ints, P Size 111411 ints, Avg size 1310 ints
Time: 1.083970e-04
Time: 1.677513e-04
Time: 1.988053e-04
Time: 2.040029e-04
Time: 1.982450e-04
Rank 0 communicating 90 percent:
Node Size 131072 ints, P Size 117964 ints, Avg size 873 ints
Time: 1.868486e-04
Time: 1.799941e-04
Time: 1.814008e-04
Time: 1.710057e-04
Time: 1.756072e-04
Rank 0 communicating 95 percent:
Node Size 131072 ints, P Size 124518 ints, Avg size 436 ints
Time: 1.519442e-04
Time: 1.560926e-04
Time: 1.563430e-04
Time: 1.540422e-04
Time: 1.543999e-04
Rank 0 communicating 100 percent:
Node Size 131072 ints, P Size 131072 ints, Avg size 0 ints
Time: 9.505749e-05
Time: 9.144545e-05
Time: 9.160042e-05
Time: 9.160042e-05
Time: 9.145737e-05
Rank 0 communicating 0 percent:
Node Size 262144 ints, P Size 0 ints, Avg size 17476 ints
Time: 1.847029e-04
Time: 1.803994e-04
Time: 1.792908e-04
Time: 1.791954e-04
Time: 1.778007e-04
Rank 0 communicating 5 percent:
Node Size 262144 ints, P Size 13107 ints, Avg size 16602 ints
Time: 1.772046e-04
Time: 1.748085e-04
Time: 1.762033e-04
Time: 1.746058e-04
Time: 1.743555e-04
Rank 0 communicating 10 percent:
Node Size 262144 ints, P Size 26214 ints, Avg size 15728 ints
Time: 1.720548e-04
Time: 1.727462e-04
Time: 1.757979e-04
Time: 1.730442e-04
Time: 1.720548e-04
Rank 0 communicating 15 percent:
Node Size 262144 ints, P Size 39321 ints, Avg size 14854 ints
Time: 1.766443e-04
Time: 1.781583e-04
Time: 1.752973e-04
Time: 1.761436e-04
Time: 1.792550e-04
Rank 0 communicating 20 percent:
Node Size 262144 ints, P Size 52428 ints, Avg size 13981 ints
Time: 1.816511e-04
Time: 1.817465e-04
Time: 1.786470e-04
Time: 1.809597e-04
Time: 1.788497e-04
Rank 0 communicating 25 percent:
Node Size 262144 ints, P Size 65536 ints, Avg size 13107 ints
Time: 1.823545e-04
Time: 1.839995e-04
Time: 1.861572e-04
Time: 1.857996e-04
Time: 1.868010e-04
Rank 0 communicating 30 percent:
Node Size 262144 ints, P Size 78643 ints, Avg size 12233 ints
Time: 1.940489e-04
Time: 1.939058e-04
Time: 1.927972e-04
Time: 1.917005e-04
Time: 1.892567e-04
Rank 0 communicating 35 percent:
Node Size 262144 ints, P Size 91750 ints, Avg size 11359 ints
Time: 2.005935e-04
Time: 1.994491e-04
Time: 1.991034e-04
Time: 1.982093e-04
Time: 1.991034e-04
Rank 0 communicating 40 percent:
Node Size 262144 ints, P Size 104857 ints, Avg size 10485 ints
Time: 2.064466e-04
Time: 2.060533e-04
Time: 2.057552e-04
Time: 2.077460e-04
Time: 2.074003e-04
Rank 0 communicating 45 percent:
Node Size 262144 ints, P Size 117964 ints, Avg size 9612 ints
Time: 2.165556e-04
Time: 2.144933e-04
Time: 2.138615e-04
Time: 2.128482e-04
Time: 2.126932e-04
Rank 0 communicating 50 percent:
Node Size 262144 ints, P Size 131072 ints, Avg size 8738 ints
Time: 1.708031e-04
Time: 1.721025e-04
Time: 1.708984e-04
Time: 1.707554e-04
Time: 1.736522e-04
Rank 0 communicating 55 percent:
Node Size 262144 ints, P Size 144179 ints, Avg size 7864 ints
Time: 1.777530e-04
Time: 1.783967e-04
Time: 1.789927e-04
Time: 1.777530e-04
Time: 1.778007e-04
Rank 0 communicating 60 percent:
Node Size 262144 ints, P Size 157286 ints, Avg size 6990 ints
Time: 1.868010e-04
Time: 1.823425e-04
Time: 1.775503e-04
Time: 1.779556e-04
Time: 1.788020e-04
Rank 0 communicating 65 percent:
Node Size 262144 ints, P Size 170393 ints, Avg size 6116 ints
Time: 1.779437e-04
Time: 1.804471e-04
Time: 1.784921e-04
Time: 1.769900e-04
Time: 1.773477e-04
Rank 0 communicating 70 percent:
Node Size 262144 ints, P Size 183500 ints, Avg size 5242 ints
Time: 1.800537e-04
Time: 1.810074e-04
Time: 1.798987e-04
Time: 1.797557e-04
Time: 1.804948e-04
Rank 0 communicating 75 percent:
Node Size 262144 ints, P Size 196608 ints, Avg size 4369 ints
Time: 2.069473e-04
Time: 1.908064e-04
Time: 1.803517e-04
Time: 1.800537e-04
Time: 1.798034e-04
Rank 0 communicating 80 percent:
Node Size 262144 ints, P Size 209715 ints, Avg size 3495 ints
Time: 1.813531e-04
Time: 1.805067e-04
Time: 1.795530e-04
Time: 1.798987e-04
Time: 1.799464e-04
Rank 0 communicating 85 percent:
Node Size 262144 ints, P Size 222822 ints, Avg size 2621 ints
Time: 1.816511e-04
Time: 1.810551e-04
Time: 1.814485e-04
Time: 1.808047e-04
Time: 1.809955e-04
Rank 0 communicating 90 percent:
Node Size 262144 ints, P Size 235929 ints, Avg size 1747 ints
Time: 2.321601e-04
Time: 2.294540e-04
Time: 1.998544e-04
Time: 2.001047e-04
Time: 1.976013e-04
Rank 0 communicating 95 percent:
Node Size 262144 ints, P Size 249036 ints, Avg size 873 ints
Time: 1.904011e-04
Time: 1.881957e-04
Time: 1.875997e-04
Time: 1.878500e-04
Time: 1.873493e-04
Rank 0 communicating 100 percent:
Node Size 262144 ints, P Size 262144 ints, Avg size 0 ints
Time: 1.828074e-04
Time: 1.806021e-04
Time: 1.805544e-04
Time: 1.805067e-04
Time: 1.803041e-04
Rank 0 communicating 0 percent:
Node Size 524288 ints, P Size 0 ints, Avg size 34952 ints
Time: 2.537489e-04
Time: 3.814936e-04
Time: 3.498077e-04
Time: 3.455997e-04
Time: 3.504515e-04
Rank 0 communicating 5 percent:
Node Size 524288 ints, P Size 26214 ints, Avg size 33204 ints
Time: 3.418922e-04
Time: 3.417492e-04
Time: 3.413081e-04
Time: 3.432989e-04
Time: 3.416061e-04
Rank 0 communicating 10 percent:
Node Size 524288 ints, P Size 52428 ints, Avg size 31457 ints
Time: 3.397107e-04
Time: 3.427505e-04
Time: 3.392100e-04
Time: 3.391981e-04
Time: 3.422499e-04
Rank 0 communicating 15 percent:
Node Size 524288 ints, P Size 78643 ints, Avg size 29709 ints
Time: 3.504515e-04
Time: 3.437996e-04
Time: 3.483415e-04
Time: 3.473520e-04
Time: 3.462076e-04
Rank 0 communicating 20 percent:
Node Size 524288 ints, P Size 104857 ints, Avg size 27962 ints
Time: 3.559470e-04
Time: 3.543496e-04
Time: 3.602028e-04
Time: 3.630519e-04
Time: 3.518462e-04
Rank 0 communicating 25 percent:
Node Size 524288 ints, P Size 131072 ints, Avg size 26214 ints
Time: 3.233552e-04
Time: 3.235579e-04
Time: 3.291488e-04
Time: 3.316522e-04
Time: 3.276587e-04
Rank 0 communicating 30 percent:
Node Size 524288 ints, P Size 157286 ints, Avg size 24466 ints
Time: 3.314018e-04
Time: 3.355503e-04
Time: 3.353477e-04
Time: 3.357053e-04
Time: 3.344417e-04
Rank 0 communicating 35 percent:
Node Size 524288 ints, P Size 183500 ints, Avg size 22719 ints
Time: 3.346562e-04
Time: 3.354549e-04
Time: 3.371477e-04
Time: 3.357053e-04
Time: 3.354907e-04
Rank 0 communicating 40 percent:
Node Size 524288 ints, P Size 209715 ints, Avg size 20971 ints
Time: 3.319979e-04
Time: 3.355503e-04
Time: 3.313065e-04
Time: 3.358960e-04
Time: 3.346562e-04
Rank 0 communicating 45 percent:
Node Size 524288 ints, P Size 235929 ints, Avg size 19223 ints
Time: 3.360987e-04
Time: 3.380537e-04
Time: 3.378034e-04
Time: 3.323555e-04
Time: 3.347993e-04
Rank 0 communicating 50 percent:
Node Size 524288 ints, P Size 262144 ints, Avg size 17476 ints
Time: 3.316522e-04
Time: 3.358483e-04
Time: 3.400922e-04
Time: 3.368497e-04
Time: 3.383994e-04
Rank 0 communicating 55 percent:
Node Size 524288 ints, P Size 288358 ints, Avg size 15728 ints
Time: 3.489017e-04
Time: 3.471017e-04
Time: 3.458023e-04
Time: 3.434539e-04
Time: 3.491998e-04
Rank 0 communicating 60 percent:
Node Size 524288 ints, P Size 314572 ints, Avg size 13981 ints
Time: 3.469586e-04
Time: 3.440976e-04
Time: 3.433466e-04
Time: 3.473997e-04
Time: 3.404021e-04
Rank 0 communicating 65 percent:
Node Size 524288 ints, P Size 340787 ints, Avg size 12233 ints
Time: 3.546476e-04
Time: 3.523588e-04
Time: 3.452539e-04
Time: 3.446937e-04
Time: 3.466010e-04
Rank 0 communicating 70 percent:
Node Size 524288 ints, P Size 367001 ints, Avg size 10485 ints
Time: 3.495455e-04
Time: 3.481507e-04
Time: 3.490448e-04
Time: 3.486514e-04
Time: 3.479481e-04
Rank 0 communicating 75 percent:
Node Size 524288 ints, P Size 393216 ints, Avg size 8738 ints
Time: 3.553510e-04
Time: 3.559589e-04
Time: 3.481984e-04
Time: 3.497481e-04
Time: 3.491044e-04
Rank 0 communicating 80 percent:
Node Size 524288 ints, P Size 419430 ints, Avg size 6990 ints
Time: 3.571987e-04
Time: 3.545046e-04
Time: 3.566504e-04
Time: 3.534436e-04
Time: 3.531575e-04
Rank 0 communicating 85 percent:
Node Size 524288 ints, P Size 445644 ints, Avg size 5242 ints
Time: 3.813505e-04
Time: 3.895402e-04
Time: 3.569603e-04
Time: 3.569961e-04
Time: 3.586054e-04
Rank 0 communicating 90 percent:
Node Size 524288 ints, P Size 471859 ints, Avg size 3495 ints
Time: 3.571987e-04
Time: 3.575921e-04
Time: 3.576040e-04
Time: 3.570557e-04
Time: 3.590584e-04
Rank 0 communicating 95 percent:
Node Size 524288 ints, P Size 498073 ints, Avg size 1747 ints
Time: 4.141092e-04
Time: 4.108548e-04
Time: 3.753066e-04
Time: 3.749490e-04
Time: 3.762603e-04
Rank 0 communicating 100 percent:
Node Size 524288 ints, P Size 524288 ints, Avg size 0 ints
Time: 3.599524e-04
Time: 3.571033e-04
Time: 3.566027e-04
Time: 3.566980e-04
Time: 3.568530e-04
Application 74596026 resources: utime ~144s, stime ~38s, Rss ~28424, inblocks ~30154, outblocks ~65391
