Percent Rank 0: 0
NodeSizeMsgs 16384
5.24e-05	5.24e-05	5.23e-05	5.23e-05	
Percent Rank 0: 5
NodeSizeMsgs 16384
5.27e-05	5.27e-05	5.26e-05	5.27e-05	
Percent Rank 0: 10
NodeSizeMsgs 16384
5.12e-05	5.58e-05	5.13e-05	5.13e-05	
Percent Rank 0: 15
NodeSizeMsgs 16384
5.02e-05	5.02e-05	5.02e-05	5.02e-05	
Percent Rank 0: 20
NodeSizeMsgs 16384
4.91e-05	4.91e-05	4.92e-05	4.92e-05	
Percent Rank 0: 25
NodeSizeMsgs 16384
4.87e-05	4.87e-05	4.87e-05	4.87e-05	
Percent Rank 0: 30
NodeSizeMsgs 16384
4.71e-05	4.71e-05	4.72e-05	4.71e-05	
Percent Rank 0: 35
NodeSizeMsgs 16384
4.72e-05	4.72e-05	4.71e-05	4.72e-05	
Percent Rank 0: 40
NodeSizeMsgs 16384
4.54e-05	4.54e-05	4.54e-05	4.64e-05	
Percent Rank 0: 45
NodeSizeMsgs 16384
4.47e-05	4.47e-05	4.95e-05	4.47e-05	
Percent Rank 0: 50
NodeSizeMsgs 16384
4.44e-05	4.43e-05	4.44e-05	4.43e-05	
Percent Rank 0: 55
NodeSizeMsgs 16384
4.16e-05	4.16e-05	4.15e-05	4.16e-05	
Percent Rank 0: 60
NodeSizeMsgs 16384
4.02e-05	4.02e-05	4.02e-05	4.01e-05	
Percent Rank 0: 65
NodeSizeMsgs 16384
4.05e-05	4.06e-05	4.06e-05	4.06e-05	
Percent Rank 0: 70
NodeSizeMsgs 16384
3.89e-05	3.89e-05	3.92e-05	4.17e-05	
Percent Rank 0: 75
NodeSizeMsgs 16384
3.71e-05	3.72e-05	3.72e-05	3.72e-05	
Percent Rank 0: 80
NodeSizeMsgs 16384
3.44e-05	3.44e-05	3.43e-05	3.43e-05	
Percent Rank 0: 85
NodeSizeMsgs 16384
3.26e-05	3.26e-05	3.27e-05	3.26e-05	
Percent Rank 0: 90
NodeSizeMsgs 16384
3.26e-05	3.25e-05	3.25e-05	3.25e-05	
Percent Rank 0: 95
NodeSizeMsgs 16384
3.30e-05	3.29e-05	3.68e-05	3.30e-05	
Percent Rank 0: 100
NodeSizeMsgs 16384
3.32e-05	3.32e-05	3.32e-05	3.31e-05
