P0 Msg Size 3500
P1-15MsgSize 500
3.56e-05	2.35e-05	2.35e-05	2.36e-05	2.56e-05	2.56e-05	2.56e-05	2.56e-05	2.58e-05	2.57e-05	2.57e-05	2.57e-05	2.57e-05	2.57e-05	2.57e-05	2.57e-05	
3.56e-05	2.35e-05	2.35e-05	2.36e-05	2.56e-05	2.56e-05	2.56e-05	2.56e-05	2.58e-05	2.57e-05	2.57e-05	2.57e-05	2.57e-05	2.57e-05	2.57e-05	2.57e-05	3.55e-05	2.34e-05	2.34e-05	2.35e-05	2.56e-05	2.56e-05	2.56e-05	2.56e-05	2.57e-05	2.57e-05	2.57e-05	2.57e-05	2.57e-05	2.56e-05	2.57e-05	2.57e-05	
3.55e-05	2.34e-05	2.34e-05	2.35e-05	2.56e-05	2.56e-05	2.56e-05	2.56e-05	2.57e-05	2.57e-05	2.57e-05	2.57e-05	2.57e-05	2.56e-05	2.57e-05	2.57e-05	3.56e-05	2.36e-05	2.36e-05	2.36e-05	2.57e-05	2.57e-05	2.57e-05	2.57e-05	2.58e-05	2.58e-05	2.58e-05	2.58e-05	2.58e-05	2.58e-05	2.58e-05	2.58e-05	
3.56e-05	2.36e-05	2.36e-05	2.36e-05	2.57e-05	2.57e-05	2.57e-05	2.57e-05	2.58e-05	2.58e-05	2.58e-05	2.58e-05	2.58e-05	2.58e-05	2.58e-05	2.58e-05	3.55e-05	2.35e-05	2.35e-05	2.35e-05	2.56e-05	2.56e-05	2.56e-05	2.56e-05	2.58e-05	2.58e-05	2.58e-05	2.58e-05	2.57e-05	2.57e-05	2.57e-05	2.57e-05	
3.55e-05	2.35e-05	2.35e-05	2.35e-05	2.56e-05	2.56e-05	2.56e-05	2.56e-05	2.58e-05	2.58e-05	2.58e-05	2.58e-05	2.57e-05	2.57e-05	2.57e-05	2.57e-05	

P0 Msg Size 3500
P1-15MsgSize 600
4.01e-05	2.70e-05	2.71e-05	2.71e-05	3.13e-05	3.13e-05	3.13e-05	3.13e-05	3.14e-05	3.14e-05	3.14e-05	3.14e-05	3.13e-05	3.13e-05	3.13e-05	3.13e-05	
4.01e-05	2.70e-05	2.71e-05	2.71e-05	3.13e-05	3.13e-05	3.13e-05	3.13e-05	3.14e-05	3.14e-05	3.14e-05	3.14e-05	3.13e-05	3.13e-05	3.13e-05	3.13e-05	4.01e-05	2.70e-05	2.70e-05	2.71e-05	3.12e-05	3.12e-05	3.12e-05	3.12e-05	3.14e-05	3.14e-05	3.14e-05	3.14e-05	3.13e-05	3.13e-05	3.13e-05	3.13e-05	
4.01e-05	2.70e-05	2.70e-05	2.71e-05	3.12e-05	3.12e-05	3.12e-05	3.12e-05	3.14e-05	3.14e-05	3.14e-05	3.14e-05	3.13e-05	3.13e-05	3.13e-05	3.13e-05	4.01e-05	2.70e-05	2.71e-05	2.71e-05	3.12e-05	3.12e-05	3.12e-05	3.12e-05	3.14e-05	3.14e-05	3.14e-05	3.14e-05	3.13e-05	3.13e-05	3.13e-05	3.13e-05	
4.01e-05	2.70e-05	2.71e-05	2.71e-05	3.12e-05	3.12e-05	3.12e-05	3.12e-05	3.14e-05	3.14e-05	3.14e-05	3.14e-05	3.13e-05	3.13e-05	3.13e-05	3.13e-05	4.01e-05	2.70e-05	2.70e-05	2.70e-05	3.12e-05	3.12e-05	3.12e-05	3.13e-05	3.14e-05	3.14e-05	3.14e-05	3.14e-05	3.13e-05	3.13e-05	3.13e-05	3.13e-05	
4.01e-05	2.70e-05	2.70e-05	2.70e-05	3.12e-05	3.12e-05	3.12e-05	3.13e-05	3.14e-05	3.14e-05	3.14e-05	3.14e-05	3.13e-05	3.13e-05	3.13e-05	3.13e-05	

P0 Msg Size 3500
P1-15MsgSize 700
4.28e-05	2.93e-05	2.93e-05	2.93e-05	3.45e-05	3.45e-05	3.45e-05	3.45e-05	3.46e-05	3.46e-05	3.46e-05	3.46e-05	3.46e-05	3.46e-05	3.46e-05	3.46e-05	
4.28e-05	2.93e-05	2.93e-05	2.93e-05	3.45e-05	3.45e-05	3.45e-05	3.45e-05	3.46e-05	3.46e-05	3.46e-05	3.46e-05	3.46e-05	3.46e-05	3.46e-05	3.46e-05	4.28e-05	2.93e-05	2.93e-05	2.93e-05	3.45e-05	3.45e-05	3.45e-05	3.45e-05	3.46e-05	3.46e-05	3.46e-05	3.46e-05	3.45e-05	3.45e-05	3.46e-05	3.45e-05	
4.28e-05	2.93e-05	2.93e-05	2.93e-05	3.45e-05	3.45e-05	3.45e-05	3.45e-05	3.46e-05	3.46e-05	3.46e-05	3.46e-05	3.45e-05	3.45e-05	3.46e-05	3.45e-05	4.27e-05	2.92e-05	2.93e-05	2.93e-05	3.45e-05	3.45e-05	3.45e-05	3.44e-05	3.46e-05	3.46e-05	3.46e-05	3.46e-05	3.45e-05	3.45e-05	3.45e-05	3.45e-05	
4.27e-05	2.92e-05	2.93e-05	2.93e-05	3.45e-05	3.45e-05	3.45e-05	3.44e-05	3.46e-05	3.46e-05	3.46e-05	3.46e-05	3.45e-05	3.45e-05	3.45e-05	3.45e-05	4.28e-05	2.93e-05	2.93e-05	2.94e-05	3.45e-05	3.45e-05	3.45e-05	3.45e-05	3.46e-05	3.46e-05	3.46e-05	3.46e-05	3.45e-05	3.45e-05	3.45e-05	3.46e-05	
4.28e-05	2.93e-05	2.93e-05	2.94e-05	3.45e-05	3.45e-05	3.45e-05	3.45e-05	3.46e-05	3.46e-05	3.46e-05	3.46e-05	3.45e-05	3.45e-05	3.45e-05	3.46e-05	

P0 Msg Size 3500
P1-15MsgSize 800
4.64e-05	3.23e-05	3.24e-05	3.24e-05	3.88e-05	3.88e-05	3.89e-05	3.88e-05	3.90e-05	3.90e-05	3.90e-05	3.90e-05	3.89e-05	3.89e-05	3.89e-05	3.89e-05	
4.64e-05	3.23e-05	3.24e-05	3.24e-05	3.88e-05	3.88e-05	3.89e-05	3.88e-05	3.90e-05	3.90e-05	3.90e-05	3.90e-05	3.89e-05	3.89e-05	3.89e-05	3.89e-05	4.64e-05	3.23e-05	3.23e-05	3.24e-05	3.89e-05	3.89e-05	3.89e-05	3.89e-05	3.91e-05	3.91e-05	3.91e-05	3.91e-05	3.90e-05	3.90e-05	3.90e-05	3.90e-05	
4.64e-05	3.23e-05	3.23e-05	3.24e-05	3.89e-05	3.89e-05	3.89e-05	3.89e-05	3.91e-05	3.91e-05	3.91e-05	3.91e-05	3.90e-05	3.90e-05	3.90e-05	3.90e-05	4.64e-05	3.23e-05	3.24e-05	3.24e-05	3.89e-05	3.89e-05	3.89e-05	3.89e-05	3.90e-05	3.90e-05	3.90e-05	3.90e-05	3.89e-05	3.89e-05	3.89e-05	3.89e-05	
4.64e-05	3.23e-05	3.24e-05	3.24e-05	3.89e-05	3.89e-05	3.89e-05	3.89e-05	3.90e-05	3.90e-05	3.90e-05	3.90e-05	3.89e-05	3.89e-05	3.89e-05	3.89e-05	4.64e-05	3.23e-05	3.24e-05	3.24e-05	3.88e-05	3.88e-05	3.88e-05	3.88e-05	3.90e-05	3.90e-05	3.90e-05	3.90e-05	3.89e-05	3.89e-05	3.89e-05	3.89e-05	
4.64e-05	3.23e-05	3.24e-05	3.24e-05	3.88e-05	3.88e-05	3.88e-05	3.88e-05	3.90e-05	3.90e-05	3.90e-05	3.90e-05	3.89e-05	3.89e-05	3.89e-05	3.89e-05	

P0 Msg Size 3500
P1-15MsgSize 900
5.00e-05	3.77e-05	3.78e-05	3.78e-05	4.23e-05	4.23e-05	4.23e-05	4.23e-05	4.25e-05	4.25e-05	4.25e-05	4.25e-05	4.24e-05	4.24e-05	4.24e-05	4.24e-05	
5.00e-05	3.77e-05	3.78e-05	3.78e-05	4.23e-05	4.23e-05	4.23e-05	4.23e-05	4.25e-05	4.25e-05	4.25e-05	4.25e-05	4.24e-05	4.24e-05	4.24e-05	4.24e-05	5.00e-05	3.78e-05	3.79e-05	3.79e-05	4.24e-05	4.23e-05	4.24e-05	4.23e-05	4.25e-05	4.25e-05	4.25e-05	4.25e-05	4.24e-05	4.24e-05	4.24e-05	4.24e-05	
5.00e-05	3.78e-05	3.79e-05	3.79e-05	4.24e-05	4.23e-05	4.24e-05	4.23e-05	4.25e-05	4.25e-05	4.25e-05	4.25e-05	4.24e-05	4.24e-05	4.24e-05	4.24e-05	5.01e-05	3.78e-05	3.79e-05	3.79e-05	4.24e-05	4.24e-05	4.24e-05	4.24e-05	4.26e-05	4.26e-05	4.26e-05	4.25e-05	4.25e-05	4.25e-05	4.25e-05	4.25e-05	
5.01e-05	3.78e-05	3.79e-05	3.79e-05	4.24e-05	4.24e-05	4.24e-05	4.24e-05	4.26e-05	4.26e-05	4.26e-05	4.25e-05	4.25e-05	4.25e-05	4.25e-05	4.25e-05	5.01e-05	3.78e-05	3.78e-05	3.79e-05	4.24e-05	4.23e-05	4.23e-05	4.24e-05	4.25e-05	4.25e-05	4.25e-05	4.25e-05	4.24e-05	4.24e-05	4.24e-05	4.24e-05	
5.01e-05	3.78e-05	3.78e-05	3.79e-05	4.24e-05	4.23e-05	4.23e-05	4.23e-05	4.25e-05	4.25e-05	4.25e-05	4.25e-05	4.24e-05	4.24e-05	4.24e-05	4.24e-05	

P0 Msg Size 3500
P1-15MsgSize 1000
5.49e-05	4.17e-05	4.17e-05	4.18e-05	4.80e-05	4.80e-05	4.80e-05	4.80e-05	4.82e-05	4.82e-05	4.82e-05	4.82e-05	4.81e-05	4.81e-05	4.81e-05	4.81e-05	
5.49e-05	4.17e-05	4.17e-05	4.18e-05	4.80e-05	4.80e-05	4.80e-05	4.80e-05	4.82e-05	4.82e-05	4.82e-05	4.82e-05	4.81e-05	4.81e-05	4.81e-05	4.81e-05	5.49e-05	4.20e-05	4.19e-05	4.20e-05	4.80e-05	4.80e-05	4.80e-05	4.80e-05	4.82e-05	4.82e-05	4.82e-05	4.82e-05	4.81e-05	4.81e-05	4.81e-05	4.81e-05	
5.49e-05	4.20e-05	4.19e-05	4.20e-05	4.80e-05	4.80e-05	4.80e-05	4.80e-05	4.82e-05	4.82e-05	4.82e-05	4.82e-05	4.81e-05	4.81e-05	4.81e-05	4.81e-05	5.48e-05	4.18e-05	4.18e-05	4.18e-05	4.79e-05	4.79e-05	4.79e-05	4.79e-05	4.81e-05	4.81e-05	4.81e-05	4.81e-05	4.80e-05	4.80e-05	4.80e-05	4.80e-05	
5.48e-05	4.18e-05	4.18e-05	4.18e-05	4.79e-05	4.79e-05	4.79e-05	4.79e-05	4.81e-05	4.81e-05	4.81e-05	4.81e-05	4.80e-05	4.80e-05	4.80e-05	4.80e-05	5.48e-05	4.18e-05	4.18e-05	4.18e-05	4.80e-05	4.80e-05	4.80e-05	4.80e-05	4.81e-05	4.81e-05	4.81e-05	4.81e-05	4.80e-05	4.80e-05	4.80e-05	4.80e-05	
5.48e-05	4.18e-05	4.18e-05	4.18e-05	4.80e-05	4.80e-05	4.80e-05	4.80e-05	4.81e-05	4.81e-05	4.81e-05	4.81e-05	4.80e-05	4.80e-05	4.80e-05	4.80e-05	

P0 Msg Size 3500
P1-15MsgSize 1100
5.93e-05	4.64e-05	4.64e-05	4.64e-05	5.30e-05	5.30e-05	5.30e-05	5.30e-05	5.32e-05	5.32e-05	5.32e-05	5.32e-05	5.31e-05	5.31e-05	5.31e-05	5.31e-05	
5.93e-05	4.64e-05	4.64e-05	4.64e-05	5.30e-05	5.30e-05	5.30e-05	5.30e-05	5.32e-05	5.32e-05	5.32e-05	5.32e-05	5.31e-05	5.31e-05	5.31e-05	5.31e-05	5.93e-05	4.63e-05	4.63e-05	4.63e-05	5.30e-05	5.30e-05	5.29e-05	5.30e-05	5.31e-05	5.31e-05	5.31e-05	5.31e-05	5.30e-05	5.30e-05	5.30e-05	5.30e-05	
5.93e-05	4.63e-05	4.63e-05	4.63e-05	5.30e-05	5.30e-05	5.29e-05	5.30e-05	5.31e-05	5.31e-05	5.31e-05	5.31e-05	5.30e-05	5.30e-05	5.30e-05	5.30e-05	5.92e-05	4.62e-05	4.62e-05	4.62e-05	5.29e-05	5.29e-05	5.29e-05	5.29e-05	5.31e-05	5.31e-05	5.31e-05	5.31e-05	5.30e-05	5.30e-05	5.30e-05	5.30e-05	
5.92e-05	4.62e-05	4.62e-05	4.62e-05	5.29e-05	5.29e-05	5.29e-05	5.29e-05	5.31e-05	5.31e-05	5.31e-05	5.31e-05	5.30e-05	5.30e-05	5.30e-05	5.30e-05	5.92e-05	4.63e-05	4.63e-05	4.63e-05	5.29e-05	5.30e-05	5.30e-05	5.30e-05	5.31e-05	5.31e-05	5.31e-05	5.31e-05	5.30e-05	5.30e-05	5.30e-05	5.30e-05	
5.92e-05	4.63e-05	4.63e-05	4.63e-05	5.29e-05	5.30e-05	5.30e-05	5.30e-05	5.31e-05	5.31e-05	5.31e-05	5.31e-05	5.30e-05	5.30e-05	5.30e-05	5.30e-05	

P0 Msg Size 3500
P1-15MsgSize 1200
6.58e-05	5.21e-05	5.21e-05	5.21e-05	6.04e-05	6.04e-05	6.04e-05	6.04e-05	6.06e-05	6.06e-05	6.06e-05	6.06e-05	6.05e-05	6.05e-05	6.04e-05	6.05e-05	
6.58e-05	5.21e-05	5.21e-05	5.21e-05	6.04e-05	6.04e-05	6.04e-05	6.04e-05	6.06e-05	6.06e-05	6.06e-05	6.06e-05	6.05e-05	6.05e-05	6.04e-05	6.05e-05	6.59e-05	5.23e-05	5.24e-05	5.24e-05	6.05e-05	6.05e-05	6.05e-05	6.05e-05	6.07e-05	6.07e-05	6.07e-05	6.07e-05	6.06e-05	6.06e-05	6.06e-05	6.06e-05	
6.59e-05	5.23e-05	5.24e-05	5.24e-05	6.05e-05	6.05e-05	6.05e-05	6.05e-05	6.07e-05	6.07e-05	6.07e-05	6.07e-05	6.06e-05	6.06e-05	6.06e-05	6.06e-05	6.61e-05	5.26e-05	5.25e-05	5.26e-05	6.06e-05	6.06e-05	6.06e-05	6.06e-05	6.08e-05	6.08e-05	6.08e-05	6.08e-05	6.07e-05	6.07e-05	6.07e-05	6.07e-05	
6.61e-05	5.26e-05	5.25e-05	5.26e-05	6.06e-05	6.06e-05	6.06e-05	6.06e-05	6.08e-05	6.08e-05	6.08e-05	6.08e-05	6.07e-05	6.07e-05	6.07e-05	6.07e-05	6.61e-05	5.25e-05	5.25e-05	5.25e-05	6.06e-05	6.06e-05	6.06e-05	6.07e-05	6.08e-05	6.08e-05	6.08e-05	6.08e-05	6.07e-05	6.07e-05	6.07e-05	6.07e-05	
6.61e-05	5.25e-05	5.25e-05	5.25e-05	6.06e-05	6.06e-05	6.06e-05	6.07e-05	6.08e-05	6.08e-05	6.08e-05	6.08e-05	6.07e-05	6.07e-05	6.07e-05	6.07e-05	

P0 Msg Size 3500
P1-15MsgSize 1300
7.08e-05	5.59e-05	5.59e-05	5.60e-05	6.64e-05	6.63e-05	6.64e-05	6.63e-05	6.65e-05	6.65e-05	6.65e-05	6.65e-05	6.64e-05	6.64e-05	6.64e-05	6.64e-05	
7.08e-05	5.59e-05	5.59e-05	5.60e-05	6.64e-05	6.63e-05	6.64e-05	6.63e-05	6.65e-05	6.65e-05	6.65e-05	6.65e-05	6.64e-05	6.64e-05	6.64e-05	6.64e-05	7.08e-05	5.60e-05	5.59e-05	5.60e-05	6.63e-05	6.63e-05	6.63e-05	6.63e-05	6.65e-05	6.65e-05	6.65e-05	6.65e-05	6.63e-05	6.63e-05	6.63e-05	6.63e-05	
7.08e-05	5.60e-05	5.59e-05	5.60e-05	6.63e-05	6.63e-05	6.63e-05	6.63e-05	6.65e-05	6.65e-05	6.65e-05	6.65e-05	6.63e-05	6.63e-05	6.63e-05	6.63e-05	7.10e-05	5.62e-05	5.62e-05	5.62e-05	6.67e-05	6.67e-05	6.67e-05	6.67e-05	6.68e-05	6.68e-05	6.68e-05	6.68e-05	6.67e-05	6.67e-05	6.67e-05	6.67e-05	
7.10e-05	5.62e-05	5.62e-05	5.62e-05	6.67e-05	6.67e-05	6.67e-05	6.67e-05	6.68e-05	6.68e-05	6.68e-05	6.68e-05	6.67e-05	6.67e-05	6.67e-05	6.67e-05	7.09e-05	5.60e-05	5.61e-05	5.61e-05	6.64e-05	6.64e-05	6.64e-05	6.64e-05	6.66e-05	6.66e-05	6.66e-05	6.66e-05	6.65e-05	6.65e-05	6.65e-05	6.65e-05	
7.09e-05	5.60e-05	5.61e-05	5.61e-05	6.64e-05	6.64e-05	6.64e-05	6.64e-05	6.66e-05	6.66e-05	6.66e-05	6.66e-05	6.65e-05	6.65e-05	6.65e-05	6.65e-05	

P0 Msg Size 3500
P1-15MsgSize 1400
7.66e-05	6.06e-05	6.07e-05	6.07e-05	7.31e-05	7.31e-05	7.31e-05	7.31e-05	7.33e-05	7.33e-05	7.33e-05	7.33e-05	7.32e-05	7.32e-05	7.32e-05	7.32e-05	
7.66e-05	6.06e-05	6.07e-05	6.07e-05	7.31e-05	7.31e-05	7.31e-05	7.31e-05	7.33e-05	7.33e-05	7.33e-05	7.33e-05	7.32e-05	7.32e-05	7.32e-05	7.32e-05	7.65e-05	6.05e-05	6.06e-05	6.05e-05	7.29e-05	7.29e-05	7.30e-05	7.29e-05	7.32e-05	7.32e-05	7.32e-05	7.32e-05	7.31e-05	7.31e-05	7.31e-05	7.30e-05	
7.65e-05	6.05e-05	6.06e-05	6.05e-05	7.29e-05	7.29e-05	7.30e-05	7.29e-05	7.32e-05	7.32e-05	7.32e-05	7.32e-05	7.31e-05	7.31e-05	7.31e-05	7.30e-05	7.66e-05	6.06e-05	6.06e-05	6.07e-05	7.30e-05	7.30e-05	7.30e-05	7.30e-05	7.33e-05	7.33e-05	7.33e-05	7.33e-05	7.32e-05	7.32e-05	7.32e-05	7.32e-05	
7.66e-05	6.06e-05	6.06e-05	6.07e-05	7.30e-05	7.30e-05	7.30e-05	7.30e-05	7.33e-05	7.33e-05	7.33e-05	7.33e-05	7.32e-05	7.32e-05	7.32e-05	7.32e-05	7.67e-05	6.07e-05	6.07e-05	6.08e-05	7.32e-05	7.32e-05	7.32e-05	7.32e-05	7.34e-05	7.34e-05	7.34e-05	7.34e-05	7.33e-05	7.33e-05	7.33e-05	7.33e-05	
7.67e-05	6.07e-05	6.07e-05	6.08e-05	7.32e-05	7.32e-05	7.32e-05	7.32e-05	7.34e-05	7.34e-05	7.34e-05	7.34e-05	7.33e-05	7.33e-05	7.33e-05	7.33e-05	

P0 Msg Size 3500
P1-15MsgSize 1500
8.39e-05	6.79e-05	6.79e-05	6.79e-05	8.10e-05	8.10e-05	8.10e-05	8.10e-05	8.13e-05	8.13e-05	8.12e-05	8.12e-05	8.12e-05	8.11e-05	8.12e-05	8.12e-05	
8.39e-05	6.79e-05	6.79e-05	6.79e-05	8.10e-05	8.10e-05	8.10e-05	8.10e-05	8.13e-05	8.13e-05	8.12e-05	8.12e-05	8.12e-05	8.11e-05	8.12e-05	8.12e-05	8.36e-05	6.75e-05	6.75e-05	6.75e-05	8.08e-05	8.08e-05	8.08e-05	8.08e-05	8.10e-05	8.10e-05	8.10e-05	8.10e-05	8.09e-05	8.09e-05	8.09e-05	8.09e-05	
8.36e-05	6.75e-05	6.75e-05	6.75e-05	8.08e-05	8.08e-05	8.08e-05	8.08e-05	8.10e-05	8.10e-05	8.10e-05	8.10e-05	8.09e-05	8.09e-05	8.09e-05	8.09e-05	8.35e-05	6.73e-05	6.73e-05	6.73e-05	8.07e-05	8.07e-05	8.07e-05	8.07e-05	8.09e-05	8.09e-05	8.09e-05	8.09e-05	8.08e-05	8.08e-05	8.08e-05	8.08e-05	
8.35e-05	6.73e-05	6.73e-05	6.73e-05	8.07e-05	8.07e-05	8.07e-05	8.07e-05	8.09e-05	8.09e-05	8.09e-05	8.09e-05	8.08e-05	8.08e-05	8.08e-05	8.08e-05	8.38e-05	6.78e-05	6.78e-05	6.78e-05	8.09e-05	8.09e-05	8.09e-05	8.09e-05	8.11e-05	8.11e-05	8.12e-05	8.12e-05	8.10e-05	8.10e-05	8.10e-05	8.10e-05	
8.38e-05	6.78e-05	6.78e-05	6.78e-05	8.09e-05	8.09e-05	8.09e-05	8.09e-05	8.11e-05	8.11e-05	8.12e-05	8.12e-05	8.10e-05	8.10e-05	8.10e-05	8.10e-05	

P0 Msg Size 3500
P1-15MsgSize 1600
9.08e-05	7.40e-05	7.40e-05	7.40e-05	8.88e-05	8.88e-05	8.88e-05	8.88e-05	8.90e-05	8.90e-05	8.90e-05	8.90e-05	8.89e-05	8.89e-05	8.89e-05	8.89e-05	
9.08e-05	7.40e-05	7.40e-05	7.40e-05	8.88e-05	8.88e-05	8.88e-05	8.88e-05	8.90e-05	8.90e-05	8.90e-05	8.90e-05	8.89e-05	8.89e-05	8.89e-05	8.89e-05	9.14e-05	7.47e-05	7.47e-05	7.47e-05	8.95e-05	8.95e-05	8.95e-05	8.95e-05	8.97e-05	8.97e-05	8.97e-05	8.97e-05	8.95e-05	8.95e-05	8.95e-05	8.95e-05	
9.14e-05	7.47e-05	7.47e-05	7.47e-05	8.95e-05	8.95e-05	8.95e-05	8.95e-05	8.97e-05	8.97e-05	8.97e-05	8.97e-05	8.96e-05	8.95e-05	8.95e-05	8.95e-05	9.12e-05	7.43e-05	7.43e-05	7.44e-05	8.92e-05	8.92e-05	8.93e-05	8.92e-05	8.94e-05	8.94e-05	8.94e-05	8.94e-05	8.93e-05	8.93e-05	8.93e-05	8.93e-05	
9.12e-05	7.43e-05	7.43e-05	7.44e-05	8.92e-05	8.92e-05	8.93e-05	8.92e-05	8.94e-05	8.94e-05	8.94e-05	8.94e-05	8.93e-05	8.93e-05	8.93e-05	8.93e-05	9.12e-05	7.44e-05	7.44e-05	7.44e-05	8.92e-05	8.92e-05	8.92e-05	8.92e-05	8.94e-05	8.94e-05	8.94e-05	8.94e-05	8.92e-05	8.93e-05	8.93e-05	8.93e-05	
9.12e-05	7.44e-05	7.44e-05	7.44e-05	8.92e-05	8.92e-05	8.92e-05	8.92e-05	8.94e-05	8.94e-05	8.94e-05	8.94e-05	8.92e-05	8.93e-05	8.93e-05	8.93e-05	

P0 Msg Size 3500
P1-15MsgSize 1700
9.94e-05	8.23e-05	8.23e-05	8.23e-05	9.83e-05	9.83e-05	9.83e-05	9.83e-05	9.86e-05	9.86e-05	9.85e-05	9.86e-05	9.84e-05	9.84e-05	9.84e-05	9.84e-05	
9.94e-05	8.23e-05	8.23e-05	8.23e-05	9.83e-05	9.83e-05	9.83e-05	9.83e-05	9.86e-05	9.86e-05	9.85e-05	9.86e-05	9.84e-05	9.84e-05	9.84e-05	9.84e-05	9.95e-05	8.24e-05	8.24e-05	8.24e-05	9.85e-05	9.85e-05	9.85e-05	9.85e-05	9.88e-05	9.88e-05	9.88e-05	9.88e-05	9.86e-05	9.86e-05	9.86e-05	9.86e-05	
9.95e-05	8.24e-05	8.24e-05	8.24e-05	9.85e-05	9.85e-05	9.85e-05	9.85e-05	9.88e-05	9.88e-05	9.88e-05	9.88e-05	9.86e-05	9.86e-05	9.86e-05	9.86e-05	9.98e-05	8.27e-05	8.27e-05	8.27e-05	9.86e-05	9.86e-05	9.87e-05	9.87e-05	9.89e-05	9.89e-05	9.89e-05	9.89e-05	9.88e-05	9.88e-05	9.88e-05	9.88e-05	
9.98e-05	8.27e-05	8.27e-05	8.27e-05	9.86e-05	9.86e-05	9.87e-05	9.87e-05	9.89e-05	9.89e-05	9.89e-05	9.89e-05	9.88e-05	9.88e-05	9.88e-05	9.88e-05	9.94e-05	8.23e-05	8.23e-05	8.23e-05	9.82e-05	9.82e-05	9.82e-05	9.82e-05	9.85e-05	9.85e-05	9.85e-05	9.85e-05	9.84e-05	9.84e-05	9.84e-05	9.84e-05	
9.94e-05	8.23e-05	8.23e-05	8.23e-05	9.82e-05	9.82e-05	9.82e-05	9.82e-05	9.85e-05	9.85e-05	9.85e-05	9.85e-05	9.84e-05	9.84e-05	9.84e-05	9.84e-05	

P0 Msg Size 3500
P1-15MsgSize 1800
1.08e-04	9.02e-05	9.02e-05	9.02e-05	1.08e-04	1.08e-04	1.08e-04	1.08e-04	1.08e-04	1.08e-04	1.08e-04	1.08e-04	1.08e-04	1.08e-04	1.08e-04	1.08e-04	
1.08e-04	9.02e-05	9.02e-05	9.02e-05	1.08e-04	1.08e-04	1.08e-04	1.08e-04	1.08e-04	1.08e-04	1.08e-04	1.08e-04	1.08e-04	1.08e-04	1.08e-04	1.08e-04	1.08e-04	9.00e-05	9.00e-05	9.00e-05	1.07e-04	1.07e-04	1.07e-04	1.07e-04	1.08e-04	1.08e-04	1.08e-04	1.08e-04	1.08e-04	1.08e-04	1.08e-04	1.08e-04	
1.08e-04	9.00e-05	9.00e-05	9.00e-05	1.07e-04	1.07e-04	1.07e-04	1.07e-04	1.08e-04	1.08e-04	1.08e-04	1.08e-04	1.08e-04	1.08e-04	1.08e-04	1.08e-04	1.08e-04	8.99e-05	8.99e-05	8.99e-05	1.07e-04	1.07e-04	1.07e-04	1.07e-04	1.08e-04	1.08e-04	1.08e-04	1.08e-04	1.07e-04	1.07e-04	1.07e-04	1.07e-04	
1.08e-04	8.99e-05	8.99e-05	8.99e-05	1.07e-04	1.07e-04	1.07e-04	1.07e-04	1.08e-04	1.08e-04	1.08e-04	1.08e-04	1.07e-04	1.07e-04	1.07e-04	1.07e-04	1.07e-04	8.99e-05	8.99e-05	8.99e-05	1.07e-04	1.07e-04	1.07e-04	1.07e-04	1.08e-04	1.08e-04	1.08e-04	1.08e-04	1.07e-04	1.07e-04	1.07e-04	1.07e-04	
1.07e-04	8.99e-05	8.99e-05	8.99e-05	1.07e-04	1.07e-04	1.07e-04	1.07e-04	1.08e-04	1.08e-04	1.08e-04	1.08e-04	1.07e-04	1.07e-04	1.07e-04	1.07e-04	

P0 Msg Size 3500
P1-15MsgSize 1900
1.11e-04	9.54e-05	9.54e-05	9.54e-05	1.14e-04	1.14e-04	1.14e-04	1.14e-04	1.14e-04	1.14e-04	1.14e-04	1.14e-04	1.14e-04	1.14e-04	1.14e-04	1.14e-04	
1.11e-04	9.54e-05	9.54e-05	9.54e-05	1.14e-04	1.14e-04	1.14e-04	1.14e-04	1.14e-04	1.14e-04	1.14e-04	1.14e-04	1.14e-04	1.14e-04	1.14e-04	1.14e-04	1.11e-04	9.54e-05	9.54e-05	9.54e-05	1.14e-04	1.14e-04	1.14e-04	1.14e-04	1.14e-04	1.14e-04	1.14e-04	1.14e-04	1.14e-04	1.14e-04	1.14e-04	1.14e-04	
1.11e-04	9.54e-05	9.54e-05	9.54e-05	1.14e-04	1.14e-04	1.14e-04	1.14e-04	1.14e-04	1.14e-04	1.14e-04	1.14e-04	1.14e-04	1.14e-04	1.14e-04	1.14e-04	1.11e-04	9.52e-05	9.52e-05	9.52e-05	1.14e-04	1.14e-04	1.14e-04	1.14e-04	1.14e-04	1.14e-04	1.14e-04	1.14e-04	1.14e-04	1.14e-04	1.14e-04	1.14e-04	
1.11e-04	9.52e-05	9.52e-05	9.52e-05	1.14e-04	1.14e-04	1.14e-04	1.14e-04	1.14e-04	1.14e-04	1.14e-04	1.14e-04	1.14e-04	1.14e-04	1.14e-04	1.14e-04	1.11e-04	9.53e-05	9.53e-05	9.53e-05	1.14e-04	1.14e-04	1.14e-04	1.14e-04	1.14e-04	1.14e-04	1.14e-04	1.14e-04	1.14e-04	1.14e-04	1.14e-04	1.14e-04	
1.11e-04	9.53e-05	9.53e-05	9.53e-05	1.14e-04	1.14e-04	1.14e-04	1.14e-04	1.14e-04	1.14e-04	1.14e-04	1.14e-04	1.14e-04	1.14e-04	1.14e-04	1.14e-04	

P0 Msg Size 3500
P1-15MsgSize 1910
1.12e-04	9.64e-05	9.64e-05	9.64e-05	1.16e-04	1.16e-04	1.16e-04	1.16e-04	1.16e-04	1.16e-04	1.16e-04	1.16e-04	1.16e-04	1.16e-04	1.16e-04	1.16e-04	
1.12e-04	9.64e-05	9.64e-05	9.64e-05	1.16e-04	1.16e-04	1.16e-04	1.16e-04	1.16e-04	1.16e-04	1.16e-04	1.16e-04	1.16e-04	1.16e-04	1.16e-04	1.16e-04	1.12e-04	9.68e-05	9.68e-05	9.68e-05	1.16e-04	1.16e-04	1.16e-04	1.16e-04	1.16e-04	1.16e-04	1.16e-04	1.16e-04	1.16e-04	1.16e-04	1.16e-04	1.16e-04	
1.12e-04	9.68e-05	9.68e-05	9.68e-05	1.16e-04	1.16e-04	1.16e-04	1.16e-04	1.16e-04	1.16e-04	1.16e-04	1.16e-04	1.16e-04	1.16e-04	1.16e-04	1.16e-04	1.12e-04	9.67e-05	9.67e-05	9.67e-05	1.16e-04	1.16e-04	1.16e-04	1.16e-04	1.16e-04	1.16e-04	1.16e-04	1.16e-04	1.16e-04	1.16e-04	1.16e-04	1.16e-04	
1.12e-04	9.67e-05	9.67e-05	9.67e-05	1.16e-04	1.16e-04	1.16e-04	1.16e-04	1.16e-04	1.16e-04	1.16e-04	1.16e-04	1.16e-04	1.16e-04	1.16e-04	1.16e-04	1.12e-04	9.64e-05	9.64e-05	9.64e-05	1.15e-04	1.15e-04	1.15e-04	1.15e-04	1.16e-04	1.16e-04	1.16e-04	1.16e-04	1.16e-04	1.16e-04	1.16e-04	1.16e-04	
1.12e-04	9.64e-05	9.64e-05	9.64e-05	1.15e-04	1.15e-04	1.15e-04	1.15e-04	1.16e-04	1.16e-04	1.16e-04	1.16e-04	1.16e-04	1.16e-04	1.16e-04	1.16e-04	

P0 Msg Size 3500
P1-15MsgSize 1920
1.12e-04	9.71e-05	9.71e-05	9.71e-05	1.16e-04	1.16e-04	1.16e-04	1.16e-04	1.16e-04	1.16e-04	1.16e-04	1.16e-04	1.16e-04	1.16e-04	1.16e-04	1.16e-04	
1.12e-04	9.71e-05	9.71e-05	9.71e-05	1.16e-04	1.16e-04	1.16e-04	1.16e-04	1.16e-04	1.16e-04	1.16e-04	1.16e-04	1.16e-04	1.16e-04	1.16e-04	1.16e-04	1.12e-04	9.70e-05	9.70e-05	9.70e-05	1.16e-04	1.16e-04	1.16e-04	1.16e-04	1.16e-04	1.16e-04	1.16e-04	1.16e-04	1.16e-04	1.16e-04	1.16e-04	1.16e-04	
1.12e-04	9.70e-05	9.70e-05	9.70e-05	1.16e-04	1.16e-04	1.16e-04	1.16e-04	1.16e-04	1.16e-04	1.16e-04	1.16e-04	1.16e-04	1.16e-04	1.16e-04	1.16e-04	1.12e-04	9.70e-05	9.70e-05	9.70e-05	1.16e-04	1.16e-04	1.16e-04	1.16e-04	1.16e-04	1.16e-04	1.16e-04	1.16e-04	1.16e-04	1.16e-04	1.16e-04	1.16e-04	
1.12e-04	9.70e-05	9.70e-05	9.70e-05	1.16e-04	1.16e-04	1.16e-04	1.16e-04	1.16e-04	1.16e-04	1.16e-04	1.16e-04	1.16e-04	1.16e-04	1.16e-04	1.16e-04	1.12e-04	9.68e-05	9.68e-05	9.68e-05	1.16e-04	1.16e-04	1.16e-04	1.16e-04	1.16e-04	1.16e-04	1.16e-04	1.16e-04	1.16e-04	1.16e-04	1.16e-04	1.16e-04	
1.12e-04	9.68e-05	9.68e-05	9.68e-05	1.16e-04	1.16e-04	1.16e-04	1.16e-04	1.16e-04	1.16e-04	1.16e-04	1.16e-04	1.16e-04	1.16e-04	1.16e-04	1.16e-04	

P0 Msg Size 3500
P1-15MsgSize 1930
1.13e-04	9.75e-05	9.75e-05	9.75e-05	1.16e-04	1.16e-04	1.16e-04	1.16e-04	1.17e-04	1.17e-04	1.17e-04	1.17e-04	1.16e-04	1.16e-04	1.16e-04	1.16e-04	
1.13e-04	9.75e-05	9.75e-05	9.75e-05	1.16e-04	1.16e-04	1.16e-04	1.16e-04	1.17e-04	1.17e-04	1.17e-04	1.17e-04	1.16e-04	1.16e-04	1.16e-04	1.16e-04	1.13e-04	9.77e-05	9.77e-05	9.77e-05	1.16e-04	1.16e-04	1.16e-04	1.16e-04	1.17e-04	1.17e-04	1.17e-04	1.17e-04	1.16e-04	1.16e-04	1.16e-04	1.16e-04	
1.13e-04	9.77e-05	9.77e-05	9.77e-05	1.16e-04	1.16e-04	1.16e-04	1.16e-04	1.17e-04	1.17e-04	1.17e-04	1.17e-04	1.16e-04	1.16e-04	1.16e-04	1.16e-04	1.13e-04	9.73e-05	9.72e-05	9.73e-05	1.16e-04	1.16e-04	1.16e-04	1.16e-04	1.16e-04	1.16e-04	1.16e-04	1.16e-04	1.16e-04	1.16e-04	1.16e-04	1.16e-04	
1.13e-04	9.73e-05	9.72e-05	9.73e-05	1.16e-04	1.16e-04	1.16e-04	1.16e-04	1.16e-04	1.16e-04	1.16e-04	1.16e-04	1.16e-04	1.16e-04	1.16e-04	1.16e-04	1.13e-04	9.76e-05	9.76e-05	9.76e-05	1.16e-04	1.16e-04	1.16e-04	1.16e-04	1.16e-04	1.16e-04	1.16e-04	1.16e-04	1.16e-04	1.16e-04	1.16e-04	1.16e-04	
1.13e-04	9.76e-05	9.76e-05	9.76e-05	1.16e-04	1.16e-04	1.16e-04	1.16e-04	1.16e-04	1.16e-04	1.16e-04	1.16e-04	1.16e-04	1.16e-04	1.16e-04	1.16e-04	

P0 Msg Size 3500
P1-15MsgSize 1940
1.13e-04	9.83e-05	9.83e-05	9.83e-05	1.18e-04	1.18e-04	1.18e-04	1.18e-04	1.18e-04	1.18e-04	1.18e-04	1.18e-04	1.18e-04	1.18e-04	1.18e-04	1.18e-04	
1.13e-04	9.83e-05	9.83e-05	9.83e-05	1.18e-04	1.18e-04	1.18e-04	1.18e-04	1.18e-04	1.18e-04	1.18e-04	1.18e-04	1.18e-04	1.18e-04	1.18e-04	1.18e-04	1.13e-04	9.86e-05	9.86e-05	9.86e-05	1.18e-04	1.18e-04	1.18e-04	1.18e-04	1.18e-04	1.18e-04	1.18e-04	1.18e-04	1.18e-04	1.18e-04	1.18e-04	1.18e-04	
1.13e-04	9.86e-05	9.86e-05	9.86e-05	1.18e-04	1.18e-04	1.18e-04	1.18e-04	1.18e-04	1.18e-04	1.18e-04	1.18e-04	1.18e-04	1.18e-04	1.18e-04	1.18e-04	1.13e-04	9.79e-05	9.79e-05	9.79e-05	1.17e-04	1.17e-04	1.17e-04	1.17e-04	1.18e-04	1.18e-04	1.18e-04	1.18e-04	1.17e-04	1.17e-04	1.17e-04	1.17e-04	
1.13e-04	9.79e-05	9.79e-05	9.79e-05	1.17e-04	1.17e-04	1.17e-04	1.17e-04	1.18e-04	1.18e-04	1.18e-04	1.18e-04	1.17e-04	1.17e-04	1.17e-04	1.17e-04	1.13e-04	9.79e-05	9.79e-05	9.79e-05	1.17e-04	1.17e-04	1.17e-04	1.17e-04	1.18e-04	1.18e-04	1.18e-04	1.18e-04	1.17e-04	1.17e-04	1.17e-04	1.17e-04	
1.13e-04	9.79e-05	9.79e-05	9.79e-05	1.17e-04	1.17e-04	1.17e-04	1.17e-04	1.18e-04	1.18e-04	1.18e-04	1.18e-04	1.17e-04	1.17e-04	1.17e-04	1.17e-04	

P0 Msg Size 3500
P1-15MsgSize 1950
1.13e-04	9.81e-05	9.81e-05	9.81e-05	1.18e-04	1.18e-04	1.17e-04	1.18e-04	1.18e-04	1.18e-04	1.18e-04	1.18e-04	1.18e-04	1.18e-04	1.18e-04	1.18e-04	
1.13e-04	9.81e-05	9.81e-05	9.81e-05	1.18e-04	1.18e-04	1.17e-04	1.18e-04	1.18e-04	1.18e-04	1.18e-04	1.18e-04	1.18e-04	1.18e-04	1.18e-04	1.18e-04	1.13e-04	9.86e-05	9.86e-05	9.86e-05	1.18e-04	1.18e-04	1.18e-04	1.18e-04	1.18e-04	1.18e-04	1.18e-04	1.18e-04	1.18e-04	1.18e-04	1.18e-04	1.18e-04	
1.13e-04	9.86e-05	9.86e-05	9.86e-05	1.18e-04	1.18e-04	1.18e-04	1.18e-04	1.18e-04	1.18e-04	1.18e-04	1.18e-04	1.18e-04	1.18e-04	1.18e-04	1.18e-04	1.13e-04	9.87e-05	9.87e-05	9.87e-05	1.18e-04	1.18e-04	1.18e-04	1.18e-04	1.18e-04	1.18e-04	1.18e-04	1.18e-04	1.18e-04	1.18e-04	1.18e-04	1.18e-04	
1.13e-04	9.87e-05	9.87e-05	9.87e-05	1.18e-04	1.18e-04	1.18e-04	1.18e-04	1.18e-04	1.18e-04	1.18e-04	1.18e-04	1.18e-04	1.18e-04	1.18e-04	1.18e-04	1.14e-04	9.87e-05	9.87e-05	9.87e-05	1.18e-04	1.18e-04	1.18e-04	1.18e-04	1.18e-04	1.18e-04	1.18e-04	1.18e-04	1.18e-04	1.18e-04	1.18e-04	1.18e-04	
1.14e-04	9.87e-05	9.87e-05	9.87e-05	1.18e-04	1.18e-04	1.18e-04	1.18e-04	1.18e-04	1.18e-04	1.18e-04	1.18e-04	1.18e-04	1.18e-04	1.18e-04	1.18e-04	

P0 Msg Size 3500
P1-15MsgSize 1960
1.13e-04	9.88e-05	9.88e-05	9.88e-05	1.19e-04	1.19e-04	1.19e-04	1.19e-04	1.19e-04	1.19e-04	1.19e-04	1.19e-04	1.19e-04	1.19e-04	1.19e-04	1.19e-04	
1.13e-04	9.88e-05	9.88e-05	9.88e-05	1.19e-04	1.19e-04	1.19e-04	1.19e-04	1.19e-04	1.19e-04	1.19e-04	1.19e-04	1.19e-04	1.19e-04	1.19e-04	1.19e-04	1.14e-04	9.94e-05	9.94e-05	9.94e-05	1.19e-04	1.19e-04	1.19e-04	1.19e-04	1.20e-04	1.20e-04	1.20e-04	1.20e-04	1.19e-04	1.19e-04	1.19e-04	1.19e-04	
1.14e-04	9.94e-05	9.94e-05	9.94e-05	1.19e-04	1.19e-04	1.19e-04	1.19e-04	1.20e-04	1.20e-04	1.20e-04	1.20e-04	1.19e-04	1.19e-04	1.19e-04	1.19e-04	1.14e-04	9.96e-05	9.96e-05	9.96e-05	1.19e-04	1.19e-04	1.19e-04	1.19e-04	1.20e-04	1.20e-04	1.20e-04	1.20e-04	1.20e-04	1.20e-04	1.20e-04	1.20e-04	
1.14e-04	9.96e-05	9.96e-05	9.96e-05	1.19e-04	1.19e-04	1.19e-04	1.19e-04	1.20e-04	1.20e-04	1.20e-04	1.20e-04	1.20e-04	1.20e-04	1.20e-04	1.20e-04	1.14e-04	9.92e-05	9.92e-05	9.92e-05	1.19e-04	1.19e-04	1.19e-04	1.19e-04	1.19e-04	1.19e-04	1.19e-04	1.19e-04	1.19e-04	1.19e-04	1.19e-04	1.19e-04	
1.14e-04	9.92e-05	9.92e-05	9.92e-05	1.19e-04	1.19e-04	1.19e-04	1.19e-04	1.19e-04	1.19e-04	1.19e-04	1.19e-04	1.19e-04	1.19e-04	1.19e-04	1.19e-04	

P0 Msg Size 3500
P1-15MsgSize 1970
1.15e-04	1.00e-04	1.00e-04	1.00e-04	1.20e-04	1.20e-04	1.20e-04	1.20e-04	1.20e-04	1.20e-04	1.20e-04	1.20e-04	1.20e-04	1.20e-04	1.20e-04	1.20e-04	
1.15e-04	1.00e-04	1.00e-04	1.00e-04	1.20e-04	1.20e-04	1.20e-04	1.20e-04	1.20e-04	1.20e-04	1.20e-04	1.20e-04	1.20e-04	1.20e-04	1.20e-04	1.20e-04	1.15e-04	1.01e-04	1.01e-04	1.01e-04	1.20e-04	1.20e-04	1.20e-04	1.20e-04	1.21e-04	1.21e-04	1.21e-04	1.21e-04	1.21e-04	1.21e-04	1.21e-04	1.21e-04	
1.15e-04	1.01e-04	1.01e-04	1.01e-04	1.20e-04	1.20e-04	1.20e-04	1.20e-04	1.21e-04	1.21e-04	1.21e-04	1.21e-04	1.21e-04	1.21e-04	1.21e-04	1.21e-04	1.15e-04	1.00e-04	1.00e-04	1.00e-04	1.20e-04	1.20e-04	1.20e-04	1.20e-04	1.20e-04	1.20e-04	1.20e-04	1.20e-04	1.20e-04	1.20e-04	1.20e-04	1.20e-04	
1.15e-04	1.00e-04	1.00e-04	1.00e-04	1.20e-04	1.20e-04	1.20e-04	1.20e-04	1.20e-04	1.20e-04	1.20e-04	1.20e-04	1.20e-04	1.20e-04	1.20e-04	1.20e-04	1.15e-04	1.01e-04	1.01e-04	1.01e-04	1.20e-04	1.20e-04	1.20e-04	1.20e-04	1.21e-04	1.21e-04	1.21e-04	1.21e-04	1.21e-04	1.21e-04	1.21e-04	1.21e-04	
1.15e-04	1.01e-04	1.01e-04	1.01e-04	1.20e-04	1.20e-04	1.20e-04	1.20e-04	1.21e-04	1.21e-04	1.21e-04	1.21e-04	1.21e-04	1.21e-04	1.21e-04	1.21e-04	

P0 Msg Size 3500
P1-15MsgSize 1980
1.14e-04	1.00e-04	1.00e-04	1.00e-04	1.20e-04	1.20e-04	1.20e-04	1.20e-04	1.20e-04	1.20e-04	1.20e-04	1.20e-04	1.20e-04	1.20e-04	1.20e-04	1.20e-04	
1.14e-04	1.00e-04	1.00e-04	1.00e-04	1.20e-04	1.20e-04	1.20e-04	1.20e-04	1.20e-04	1.20e-04	1.20e-04	1.20e-04	1.20e-04	1.20e-04	1.20e-04	1.20e-04	1.14e-04	1.00e-04	1.00e-04	1.00e-04	1.20e-04	1.20e-04	1.20e-04	1.20e-04	1.20e-04	1.20e-04	1.20e-04	1.20e-04	1.20e-04	1.20e-04	1.20e-04	1.20e-04	
1.14e-04	1.00e-04	1.00e-04	1.00e-04	1.20e-04	1.20e-04	1.20e-04	1.20e-04	1.20e-04	1.20e-04	1.20e-04	1.20e-04	1.20e-04	1.20e-04	1.20e-04	1.20e-04	1.14e-04	1.00e-04	1.00e-04	1.00e-04	1.20e-04	1.20e-04	1.20e-04	1.20e-04	1.20e-04	1.20e-04	1.20e-04	1.20e-04	1.20e-04	1.20e-04	1.20e-04	1.20e-04	
1.14e-04	1.00e-04	1.00e-04	1.00e-04	1.20e-04	1.20e-04	1.20e-04	1.20e-04	1.20e-04	1.20e-04	1.20e-04	1.20e-04	1.20e-04	1.20e-04	1.20e-04	1.20e-04	1.14e-04	1.00e-04	1.00e-04	1.00e-04	1.20e-04	1.20e-04	1.20e-04	1.20e-04	1.20e-04	1.20e-04	1.20e-04	1.20e-04	1.20e-04	1.20e-04	1.20e-04	1.20e-04	
1.14e-04	1.00e-04	1.00e-04	1.00e-04	1.20e-04	1.20e-04	1.20e-04	1.20e-04	1.20e-04	1.20e-04	1.20e-04	1.20e-04	1.20e-04	1.20e-04	1.20e-04	1.20e-04	

P0 Msg Size 3500
P1-15MsgSize 1990
1.15e-04	1.02e-04	1.02e-04	1.02e-04	1.22e-04	1.22e-04	1.22e-04	1.22e-04	1.22e-04	1.22e-04	1.22e-04	1.22e-04	1.22e-04	1.22e-04	1.22e-04	1.22e-04	
1.15e-04	1.02e-04	1.02e-04	1.02e-04	1.22e-04	1.22e-04	1.22e-04	1.22e-04	1.22e-04	1.22e-04	1.22e-04	1.22e-04	1.22e-04	1.22e-04	1.22e-04	1.22e-04	1.15e-04	1.01e-04	1.01e-04	1.01e-04	1.21e-04	1.21e-04	1.21e-04	1.21e-04	1.22e-04	1.22e-04	1.22e-04	1.22e-04	1.22e-04	1.22e-04	1.22e-04	1.22e-04	
1.15e-04	1.01e-04	1.01e-04	1.01e-04	1.21e-04	1.21e-04	1.21e-04	1.21e-04	1.22e-04	1.22e-04	1.22e-04	1.22e-04	1.22e-04	1.22e-04	1.22e-04	1.22e-04	1.15e-04	1.01e-04	1.01e-04	1.01e-04	1.22e-04	1.22e-04	1.22e-04	1.22e-04	1.22e-04	1.22e-04	1.22e-04	1.22e-04	1.22e-04	1.22e-04	1.22e-04	1.22e-04	
1.15e-04	1.01e-04	1.01e-04	1.01e-04	1.22e-04	1.22e-04	1.22e-04	1.22e-04	1.22e-04	1.22e-04	1.22e-04	1.22e-04	1.22e-04	1.22e-04	1.22e-04	1.22e-04	1.15e-04	1.01e-04	1.01e-04	1.01e-04	1.21e-04	1.21e-04	1.21e-04	1.21e-04	1.22e-04	1.22e-04	1.22e-04	1.22e-04	1.22e-04	1.22e-04	1.22e-04	1.22e-04	
1.15e-04	1.01e-04	1.01e-04	1.01e-04	1.21e-04	1.21e-04	1.21e-04	1.21e-04	1.22e-04	1.22e-04	1.22e-04	1.22e-04	1.22e-04	1.22e-04	1.22e-04	1.22e-04	
