----------------------------------------
Begin Torque Prologue on nid25435
at Thu Feb  7 13:39:47 CST 2019
Job Id:			9593297.bw
Username:		bienz
Group:			ILL_batm
Job name:		nodecomm_eager
Requested resources:	nodes=4:ppn=32:xe,walltime=00:20:00,neednodes=4:ppn=32:xe
Queue:			normal
Account:		batm
End Torque Prologue:  0.119 elapsed
----------------------------------------




Msg Size 500
2.44e-05	2.47e-05	2.47e-05	2.48e-05	2.69e-05	2.69e-05	2.69e-05	2.69e-05	2.70e-05	2.70e-05	2.70e-05	2.70e-05	2.69e-05	2.69e-05	2.69e-05	2.69e-05	
2.44e-05	2.47e-05	2.47e-05	2.48e-05	2.69e-05	2.69e-05	2.69e-05	2.69e-05	2.70e-05	2.70e-05	2.70e-05	2.70e-05	2.69e-05	2.69e-05	2.69e-05	2.69e-05	2.48e-05	2.49e-05	2.49e-05	2.48e-05	2.70e-05	2.70e-05	2.70e-05	2.70e-05	2.70e-05	2.70e-05	2.71e-05	2.71e-05	2.70e-05	2.70e-05	2.70e-05	2.70e-05	
2.48e-05	2.49e-05	2.49e-05	2.48e-05	2.70e-05	2.70e-05	2.70e-05	2.70e-05	2.70e-05	2.70e-05	2.71e-05	2.71e-05	2.70e-05	2.70e-05	2.70e-05	2.70e-05	2.48e-05	2.49e-05	2.48e-05	2.48e-05	2.70e-05	2.70e-05	2.70e-05	2.70e-05	2.71e-05	2.71e-05	2.71e-05	2.71e-05	2.70e-05	2.70e-05	2.70e-05	2.70e-05	
2.48e-05	2.49e-05	2.48e-05	2.48e-05	2.70e-05	2.70e-05	2.70e-05	2.70e-05	2.71e-05	2.71e-05	2.71e-05	2.71e-05	2.70e-05	2.70e-05	2.70e-05	2.70e-05	2.48e-05	2.48e-05	2.48e-05	2.48e-05	2.69e-05	2.69e-05	2.69e-05	2.69e-05	2.70e-05	2.70e-05	2.70e-05	2.70e-05	2.70e-05	2.70e-05	2.70e-05	2.70e-05	
2.48e-05	2.48e-05	2.48e-05	2.48e-05	2.69e-05	2.69e-05	2.69e-05	2.69e-05	2.70e-05	2.70e-05	2.70e-05	2.70e-05	2.70e-05	2.70e-05	2.70e-05	2.70e-05	
Msg Size 600
2.82e-05	2.82e-05	2.82e-05	2.82e-05	3.27e-05	3.27e-05	3.27e-05	3.27e-05	3.28e-05	3.28e-05	3.28e-05	3.28e-05	3.28e-05	3.28e-05	3.28e-05	3.28e-05	
2.82e-05	2.82e-05	2.82e-05	2.82e-05	3.27e-05	3.27e-05	3.27e-05	3.27e-05	3.28e-05	3.28e-05	3.28e-05	3.28e-05	3.28e-05	3.28e-05	3.28e-05	3.28e-05	2.82e-05	2.82e-05	2.82e-05	2.82e-05	3.27e-05	3.27e-05	3.27e-05	3.27e-05	3.28e-05	3.28e-05	3.28e-05	3.28e-05	3.27e-05	3.27e-05	3.27e-05	3.27e-05	
2.82e-05	2.82e-05	2.82e-05	2.82e-05	3.27e-05	3.27e-05	3.27e-05	3.27e-05	3.28e-05	3.28e-05	3.28e-05	3.28e-05	3.27e-05	3.27e-05	3.27e-05	3.27e-05	2.82e-05	2.82e-05	2.82e-05	2.82e-05	3.27e-05	3.27e-05	3.27e-05	3.27e-05	3.29e-05	3.29e-05	3.29e-05	3.29e-05	3.28e-05	3.28e-05	3.28e-05	3.28e-05	
2.82e-05	2.82e-05	2.82e-05	2.82e-05	3.27e-05	3.27e-05	3.27e-05	3.27e-05	3.29e-05	3.29e-05	3.29e-05	3.29e-05	3.28e-05	3.28e-05	3.28e-05	3.28e-05	2.82e-05	2.82e-05	2.82e-05	2.82e-05	3.28e-05	3.28e-05	3.27e-05	3.28e-05	3.29e-05	3.29e-05	3.29e-05	3.29e-05	3.28e-05	3.28e-05	3.28e-05	3.28e-05	
2.82e-05	2.82e-05	2.82e-05	2.82e-05	3.28e-05	3.27e-05	3.27e-05	3.28e-05	3.29e-05	3.29e-05	3.29e-05	3.29e-05	3.28e-05	3.28e-05	3.28e-05	3.28e-05	
Msg Size 700
3.10e-05	3.11e-05	3.10e-05	3.11e-05	3.57e-05	3.57e-05	3.57e-05	3.57e-05	3.59e-05	3.58e-05	3.59e-05	3.59e-05	3.58e-05	3.58e-05	3.58e-05	3.58e-05	
3.10e-05	3.11e-05	3.10e-05	3.11e-05	3.57e-05	3.57e-05	3.57e-05	3.57e-05	3.59e-05	3.58e-05	3.59e-05	3.59e-05	3.58e-05	3.58e-05	3.58e-05	3.58e-05	3.09e-05	3.09e-05	3.09e-05	3.09e-05	3.58e-05	3.58e-05	3.58e-05	3.58e-05	3.59e-05	3.59e-05	3.59e-05	3.59e-05	3.58e-05	3.58e-05	3.58e-05	3.58e-05	
3.09e-05	3.09e-05	3.09e-05	3.09e-05	3.58e-05	3.58e-05	3.58e-05	3.58e-05	3.59e-05	3.59e-05	3.59e-05	3.59e-05	3.58e-05	3.58e-05	3.58e-05	3.58e-05	3.09e-05	3.09e-05	3.09e-05	3.09e-05	3.58e-05	3.58e-05	3.58e-05	3.58e-05	3.59e-05	3.59e-05	3.59e-05	3.59e-05	3.58e-05	3.58e-05	3.58e-05	3.58e-05	
3.09e-05	3.09e-05	3.09e-05	3.09e-05	3.58e-05	3.58e-05	3.58e-05	3.58e-05	3.59e-05	3.59e-05	3.59e-05	3.59e-05	3.58e-05	3.58e-05	3.58e-05	3.58e-05	3.10e-05	3.09e-05	3.09e-05	3.09e-05	3.58e-05	3.58e-05	3.58e-05	3.58e-05	3.59e-05	3.59e-05	3.59e-05	3.59e-05	3.58e-05	3.58e-05	3.58e-05	3.58e-05	
3.10e-05	3.09e-05	3.09e-05	3.09e-05	3.58e-05	3.58e-05	3.58e-05	3.58e-05	3.59e-05	3.59e-05	3.59e-05	3.59e-05	3.58e-05	3.58e-05	3.58e-05	3.58e-05	
Msg Size 800
3.53e-05	3.52e-05	3.52e-05	3.52e-05	3.97e-05	3.97e-05	3.97e-05	3.97e-05	3.98e-05	3.98e-05	3.98e-05	3.98e-05	3.97e-05	3.97e-05	3.97e-05	3.97e-05	
3.53e-05	3.52e-05	3.52e-05	3.52e-05	3.97e-05	3.97e-05	3.97e-05	3.97e-05	3.98e-05	3.98e-05	3.98e-05	3.98e-05	3.97e-05	3.97e-05	3.97e-05	3.97e-05	3.52e-05	3.52e-05	3.52e-05	3.52e-05	3.96e-05	3.96e-05	3.96e-05	3.96e-05	3.97e-05	3.97e-05	3.97e-05	3.97e-05	3.96e-05	3.96e-05	3.96e-05	3.96e-05	
3.52e-05	3.52e-05	3.52e-05	3.52e-05	3.96e-05	3.96e-05	3.96e-05	3.96e-05	3.97e-05	3.97e-05	3.97e-05	3.97e-05	3.96e-05	3.96e-05	3.96e-05	3.96e-05	3.52e-05	3.52e-05	3.51e-05	3.51e-05	3.96e-05	3.96e-05	3.96e-05	3.96e-05	3.97e-05	3.97e-05	3.97e-05	3.97e-05	3.96e-05	3.96e-05	3.96e-05	3.96e-05	
3.52e-05	3.52e-05	3.51e-05	3.51e-05	3.96e-05	3.96e-05	3.96e-05	3.96e-05	3.97e-05	3.97e-05	3.97e-05	3.97e-05	3.96e-05	3.96e-05	3.96e-05	3.96e-05	3.52e-05	3.52e-05	3.52e-05	3.52e-05	3.96e-05	3.96e-05	3.96e-05	3.96e-05	3.98e-05	3.98e-05	3.98e-05	3.98e-05	3.97e-05	3.97e-05	3.97e-05	3.97e-05	
3.52e-05	3.52e-05	3.52e-05	3.52e-05	3.96e-05	3.96e-05	3.96e-05	3.96e-05	3.98e-05	3.98e-05	3.98e-05	3.98e-05	3.97e-05	3.97e-05	3.97e-05	3.97e-05	
Msg Size 900
4.03e-05	4.03e-05	4.03e-05	4.03e-05	4.45e-05	4.45e-05	4.45e-05	4.45e-05	4.46e-05	4.46e-05	4.46e-05	4.46e-05	4.45e-05	4.45e-05	4.45e-05	4.45e-05	
4.03e-05	4.03e-05	4.03e-05	4.03e-05	4.45e-05	4.45e-05	4.45e-05	4.45e-05	4.46e-05	4.46e-05	4.46e-05	4.46e-05	4.45e-05	4.45e-05	4.45e-05	4.45e-05	4.02e-05	4.02e-05	4.02e-05	4.02e-05	4.44e-05	4.44e-05	4.44e-05	4.44e-05	4.45e-05	4.45e-05	4.45e-05	4.45e-05	4.45e-05	4.45e-05	4.45e-05	4.45e-05	
4.02e-05	4.02e-05	4.02e-05	4.02e-05	4.44e-05	4.44e-05	4.44e-05	4.44e-05	4.45e-05	4.45e-05	4.45e-05	4.45e-05	4.45e-05	4.45e-05	4.45e-05	4.45e-05	4.02e-05	4.03e-05	4.03e-05	4.02e-05	4.44e-05	4.44e-05	4.44e-05	4.44e-05	4.46e-05	4.46e-05	4.46e-05	4.46e-05	4.45e-05	4.45e-05	4.45e-05	4.45e-05	
4.02e-05	4.03e-05	4.03e-05	4.02e-05	4.44e-05	4.44e-05	4.44e-05	4.44e-05	4.46e-05	4.46e-05	4.46e-05	4.46e-05	4.45e-05	4.45e-05	4.45e-05	4.45e-05	4.02e-05	4.02e-05	4.02e-05	4.02e-05	4.44e-05	4.44e-05	4.44e-05	4.44e-05	4.46e-05	4.46e-05	4.46e-05	4.46e-05	4.45e-05	4.45e-05	4.45e-05	4.45e-05	
4.02e-05	4.02e-05	4.02e-05	4.02e-05	4.44e-05	4.44e-05	4.44e-05	4.44e-05	4.46e-05	4.46e-05	4.46e-05	4.46e-05	4.45e-05	4.45e-05	4.45e-05	4.45e-05	
Msg Size 1000
4.53e-05	4.53e-05	4.53e-05	4.53e-05	5.12e-05	5.12e-05	5.12e-05	5.12e-05	5.13e-05	5.13e-05	5.13e-05	5.13e-05	5.12e-05	5.12e-05	5.12e-05	5.12e-05	
4.53e-05	4.53e-05	4.53e-05	4.53e-05	5.12e-05	5.12e-05	5.12e-05	5.12e-05	5.13e-05	5.13e-05	5.13e-05	5.13e-05	5.12e-05	5.12e-05	5.12e-05	5.12e-05	4.53e-05	4.53e-05	4.53e-05	4.53e-05	5.11e-05	5.12e-05	5.12e-05	5.11e-05	5.13e-05	5.13e-05	5.13e-05	5.13e-05	5.12e-05	5.12e-05	5.12e-05	5.12e-05	
4.53e-05	4.53e-05	4.53e-05	4.53e-05	5.11e-05	5.12e-05	5.12e-05	5.11e-05	5.13e-05	5.13e-05	5.13e-05	5.13e-05	5.12e-05	5.12e-05	5.12e-05	5.12e-05	4.53e-05	4.53e-05	4.53e-05	4.53e-05	5.11e-05	5.11e-05	5.11e-05	5.11e-05	5.13e-05	5.13e-05	5.13e-05	5.13e-05	5.12e-05	5.12e-05	5.12e-05	5.12e-05	
4.53e-05	4.53e-05	4.53e-05	4.53e-05	5.11e-05	5.11e-05	5.11e-05	5.12e-05	5.13e-05	5.13e-05	5.13e-05	5.13e-05	5.12e-05	5.12e-05	5.12e-05	5.12e-05	4.54e-05	4.54e-05	4.54e-05	4.54e-05	5.12e-05	5.12e-05	5.12e-05	5.12e-05	5.14e-05	5.14e-05	5.14e-05	5.14e-05	5.13e-05	5.13e-05	5.13e-05	5.13e-05	
4.54e-05	4.54e-05	4.54e-05	4.54e-05	5.12e-05	5.12e-05	5.12e-05	5.12e-05	5.14e-05	5.14e-05	5.14e-05	5.14e-05	5.13e-05	5.13e-05	5.13e-05	5.13e-05	
Msg Size 1100
5.11e-05	5.11e-05	5.11e-05	5.11e-05	5.77e-05	5.77e-05	5.77e-05	5.77e-05	5.79e-05	5.79e-05	5.79e-05	5.79e-05	5.78e-05	5.78e-05	5.78e-05	5.78e-05	
5.11e-05	5.11e-05	5.11e-05	5.11e-05	5.77e-05	5.77e-05	5.77e-05	5.77e-05	5.79e-05	5.79e-05	5.79e-05	5.79e-05	5.78e-05	5.78e-05	5.78e-05	5.78e-05	5.11e-05	5.11e-05	5.11e-05	5.11e-05	5.77e-05	5.77e-05	5.77e-05	5.77e-05	5.79e-05	5.79e-05	5.79e-05	5.79e-05	5.78e-05	5.78e-05	5.78e-05	5.78e-05	
5.11e-05	5.11e-05	5.11e-05	5.11e-05	5.77e-05	5.77e-05	5.77e-05	5.77e-05	5.79e-05	5.79e-05	5.79e-05	5.79e-05	5.78e-05	5.78e-05	5.78e-05	5.78e-05	5.12e-05	5.12e-05	5.12e-05	5.12e-05	5.78e-05	5.78e-05	5.78e-05	5.78e-05	5.80e-05	5.80e-05	5.80e-05	5.80e-05	5.79e-05	5.79e-05	5.79e-05	5.79e-05	
5.12e-05	5.12e-05	5.12e-05	5.12e-05	5.78e-05	5.78e-05	5.78e-05	5.78e-05	5.80e-05	5.80e-05	5.80e-05	5.80e-05	5.79e-05	5.79e-05	5.79e-05	5.79e-05	5.12e-05	5.12e-05	5.12e-05	5.12e-05	5.78e-05	5.78e-05	5.78e-05	5.78e-05	5.79e-05	5.79e-05	5.79e-05	5.79e-05	5.78e-05	5.78e-05	5.78e-05	5.78e-05	
5.12e-05	5.12e-05	5.12e-05	5.12e-05	5.78e-05	5.78e-05	5.78e-05	5.78e-05	5.79e-05	5.79e-05	5.79e-05	5.79e-05	5.78e-05	5.78e-05	5.78e-05	5.78e-05	
Msg Size 1200
5.92e-05	5.92e-05	5.92e-05	5.92e-05	6.74e-05	6.74e-05	6.74e-05	6.74e-05	6.76e-05	6.76e-05	6.76e-05	6.76e-05	6.75e-05	6.75e-05	6.75e-05	6.75e-05	
5.92e-05	5.92e-05	5.92e-05	5.92e-05	6.74e-05	6.74e-05	6.74e-05	6.74e-05	6.76e-05	6.76e-05	6.76e-05	6.76e-05	6.75e-05	6.75e-05	6.75e-05	6.75e-05	5.92e-05	5.92e-05	5.92e-05	5.92e-05	6.74e-05	6.74e-05	6.74e-05	6.74e-05	6.76e-05	6.76e-05	6.76e-05	6.76e-05	6.75e-05	6.75e-05	6.75e-05	6.75e-05	
5.92e-05	5.92e-05	5.92e-05	5.92e-05	6.74e-05	6.74e-05	6.74e-05	6.74e-05	6.76e-05	6.76e-05	6.76e-05	6.76e-05	6.75e-05	6.75e-05	6.75e-05	6.75e-05	5.91e-05	5.91e-05	5.91e-05	5.91e-05	6.73e-05	6.73e-05	6.73e-05	6.73e-05	6.75e-05	6.75e-05	6.75e-05	6.75e-05	6.74e-05	6.74e-05	6.74e-05	6.74e-05	
5.91e-05	5.91e-05	5.91e-05	5.91e-05	6.73e-05	6.73e-05	6.73e-05	6.73e-05	6.75e-05	6.75e-05	6.75e-05	6.75e-05	6.74e-05	6.74e-05	6.74e-05	6.74e-05	5.91e-05	5.91e-05	5.91e-05	5.91e-05	6.73e-05	6.73e-05	6.73e-05	6.73e-05	6.75e-05	6.75e-05	6.75e-05	6.75e-05	6.74e-05	6.74e-05	6.74e-05	6.74e-05	
5.91e-05	5.91e-05	5.91e-05	5.91e-05	6.73e-05	6.73e-05	6.73e-05	6.73e-05	6.75e-05	6.75e-05	6.75e-05	6.75e-05	6.74e-05	6.74e-05	6.74e-05	6.74e-05	
Msg Size 1300
6.54e-05	6.54e-05	6.54e-05	6.53e-05	7.54e-05	7.55e-05	7.55e-05	7.55e-05	7.56e-05	7.56e-05	7.56e-05	7.56e-05	7.55e-05	7.55e-05	7.55e-05	7.55e-05	
6.54e-05	6.54e-05	6.54e-05	6.53e-05	7.54e-05	7.55e-05	7.55e-05	7.55e-05	7.56e-05	7.56e-05	7.56e-05	7.56e-05	7.55e-05	7.55e-05	7.55e-05	7.55e-05	6.62e-05	6.62e-05	6.62e-05	6.62e-05	7.61e-05	7.61e-05	7.61e-05	7.61e-05	7.63e-05	7.63e-05	7.63e-05	7.63e-05	7.62e-05	7.62e-05	7.62e-05	7.62e-05	
6.62e-05	6.62e-05	6.62e-05	6.62e-05	7.61e-05	7.61e-05	7.61e-05	7.61e-05	7.63e-05	7.63e-05	7.63e-05	7.63e-05	7.62e-05	7.62e-05	7.62e-05	7.62e-05	6.55e-05	6.55e-05	6.55e-05	6.54e-05	7.56e-05	7.55e-05	7.55e-05	7.56e-05	7.57e-05	7.57e-05	7.57e-05	7.57e-05	7.56e-05	7.56e-05	7.56e-05	7.56e-05	
6.55e-05	6.55e-05	6.55e-05	6.54e-05	7.56e-05	7.55e-05	7.55e-05	7.56e-05	7.57e-05	7.57e-05	7.57e-05	7.57e-05	7.56e-05	7.56e-05	7.56e-05	7.56e-05	6.59e-05	6.59e-05	6.59e-05	6.58e-05	7.60e-05	7.60e-05	7.60e-05	7.60e-05	7.61e-05	7.61e-05	7.61e-05	7.61e-05	7.60e-05	7.60e-05	7.60e-05	7.60e-05	
6.59e-05	6.59e-05	6.59e-05	6.58e-05	7.60e-05	7.60e-05	7.60e-05	7.60e-05	7.61e-05	7.61e-05	7.61e-05	7.61e-05	7.60e-05	7.60e-05	7.60e-05	7.60e-05	
Msg Size 1400
7.37e-05	7.37e-05	7.37e-05	7.37e-05	8.52e-05	8.52e-05	8.52e-05	8.52e-05	8.54e-05	8.54e-05	8.54e-05	8.54e-05	8.53e-05	8.53e-05	8.53e-05	8.53e-05	
7.37e-05	7.37e-05	7.37e-05	7.37e-05	8.52e-05	8.52e-05	8.52e-05	8.52e-05	8.54e-05	8.54e-05	8.54e-05	8.54e-05	8.53e-05	8.53e-05	8.53e-05	8.53e-05	7.42e-05	7.42e-05	7.42e-05	7.41e-05	8.56e-05	8.56e-05	8.56e-05	8.56e-05	8.58e-05	8.58e-05	8.58e-05	8.58e-05	8.56e-05	8.56e-05	8.56e-05	8.56e-05	
7.42e-05	7.42e-05	7.42e-05	7.41e-05	8.56e-05	8.56e-05	8.56e-05	8.56e-05	8.58e-05	8.58e-05	8.58e-05	8.58e-05	8.56e-05	8.56e-05	8.56e-05	8.56e-05	7.41e-05	7.41e-05	7.41e-05	7.41e-05	8.56e-05	8.56e-05	8.56e-05	8.56e-05	8.58e-05	8.58e-05	8.58e-05	8.58e-05	8.57e-05	8.57e-05	8.57e-05	8.57e-05	
7.41e-05	7.41e-05	7.41e-05	7.41e-05	8.56e-05	8.56e-05	8.56e-05	8.56e-05	8.58e-05	8.58e-05	8.58e-05	8.58e-05	8.57e-05	8.57e-05	8.57e-05	8.57e-05	7.46e-05	7.46e-05	7.46e-05	7.46e-05	8.60e-05	8.60e-05	8.60e-05	8.60e-05	8.62e-05	8.62e-05	8.62e-05	8.62e-05	8.61e-05	8.61e-05	8.61e-05	8.61e-05	
7.46e-05	7.46e-05	7.46e-05	7.46e-05	8.60e-05	8.60e-05	8.60e-05	8.60e-05	8.62e-05	8.62e-05	8.62e-05	8.62e-05	8.61e-05	8.61e-05	8.61e-05	8.61e-05	
Msg Size 1500
8.39e-05	8.39e-05	8.39e-05	8.39e-05	9.60e-05	9.60e-05	9.60e-05	9.60e-05	9.62e-05	9.62e-05	9.62e-05	9.62e-05	9.61e-05	9.61e-05	9.61e-05	9.61e-05	
8.39e-05	8.39e-05	8.39e-05	8.39e-05	9.60e-05	9.60e-05	9.60e-05	9.60e-05	9.62e-05	9.62e-05	9.62e-05	9.62e-05	9.61e-05	9.61e-05	9.61e-05	9.61e-05	8.37e-05	8.38e-05	8.37e-05	8.38e-05	9.58e-05	9.58e-05	9.58e-05	9.58e-05	9.60e-05	9.60e-05	9.60e-05	9.60e-05	9.59e-05	9.59e-05	9.59e-05	9.59e-05	
8.37e-05	8.38e-05	8.37e-05	8.38e-05	9.58e-05	9.58e-05	9.58e-05	9.58e-05	9.60e-05	9.60e-05	9.60e-05	9.60e-05	9.59e-05	9.59e-05	9.59e-05	9.59e-05	8.39e-05	8.39e-05	8.39e-05	8.39e-05	9.59e-05	9.59e-05	9.59e-05	9.59e-05	9.62e-05	9.62e-05	9.62e-05	9.62e-05	9.60e-05	9.60e-05	9.60e-05	9.60e-05	
8.39e-05	8.39e-05	8.39e-05	8.39e-05	9.59e-05	9.59e-05	9.59e-05	9.59e-05	9.62e-05	9.62e-05	9.62e-05	9.62e-05	9.60e-05	9.60e-05	9.60e-05	9.60e-05	8.40e-05	8.40e-05	8.40e-05	8.40e-05	9.61e-05	9.61e-05	9.61e-05	9.61e-05	9.63e-05	9.63e-05	9.63e-05	9.63e-05	9.62e-05	9.62e-05	9.61e-05	9.62e-05	
8.40e-05	8.40e-05	8.40e-05	8.40e-05	9.61e-05	9.61e-05	9.61e-05	9.61e-05	9.63e-05	9.63e-05	9.63e-05	9.63e-05	9.62e-05	9.62e-05	9.61e-05	9.62e-05	
Msg Size 1600
9.13e-05	9.14e-05	9.14e-05	9.14e-05	1.05e-04	1.05e-04	1.05e-04	1.05e-04	1.05e-04	1.05e-04	1.05e-04	1.05e-04	1.05e-04	1.05e-04	1.05e-04	1.05e-04	
9.13e-05	9.14e-05	9.14e-05	9.14e-05	1.05e-04	1.05e-04	1.05e-04	1.05e-04	1.05e-04	1.05e-04	1.05e-04	1.05e-04	1.05e-04	1.05e-04	1.05e-04	1.05e-04	9.12e-05	9.12e-05	9.13e-05	9.13e-05	1.05e-04	1.05e-04	1.05e-04	1.05e-04	1.05e-04	1.05e-04	1.05e-04	1.05e-04	1.05e-04	1.05e-04	1.05e-04	1.05e-04	
9.12e-05	9.12e-05	9.13e-05	9.13e-05	1.05e-04	1.05e-04	1.05e-04	1.05e-04	1.05e-04	1.05e-04	1.05e-04	1.05e-04	1.05e-04	1.05e-04	1.05e-04	1.05e-04	9.14e-05	9.14e-05	9.14e-05	9.14e-05	1.05e-04	1.05e-04	1.05e-04	1.05e-04	1.05e-04	1.05e-04	1.05e-04	1.05e-04	1.05e-04	1.05e-04	1.05e-04	1.05e-04	
9.14e-05	9.14e-05	9.14e-05	9.14e-05	1.05e-04	1.05e-04	1.05e-04	1.05e-04	1.05e-04	1.05e-04	1.05e-04	1.05e-04	1.05e-04	1.05e-04	1.05e-04	1.05e-04	9.13e-05	9.13e-05	9.13e-05	9.13e-05	1.05e-04	1.05e-04	1.05e-04	1.05e-04	1.05e-04	1.05e-04	1.05e-04	1.05e-04	1.05e-04	1.05e-04	1.05e-04	1.05e-04	
9.13e-05	9.13e-05	9.13e-05	9.13e-05	1.05e-04	1.05e-04	1.05e-04	1.05e-04	1.05e-04	1.05e-04	1.05e-04	1.05e-04	1.05e-04	1.05e-04	1.05e-04	1.05e-04	
Msg Size 1700
9.80e-05	9.79e-05	9.79e-05	9.79e-05	1.13e-04	1.13e-04	1.13e-04	1.13e-04	1.14e-04	1.14e-04	1.14e-04	1.14e-04	1.14e-04	1.14e-04	1.14e-04	1.14e-04	
9.80e-05	9.79e-05	9.79e-05	9.79e-05	1.13e-04	1.13e-04	1.13e-04	1.13e-04	1.14e-04	1.14e-04	1.14e-04	1.14e-04	1.14e-04	1.14e-04	1.14e-04	1.14e-04	9.82e-05	9.81e-05	9.81e-05	9.81e-05	1.14e-04	1.14e-04	1.14e-04	1.14e-04	1.14e-04	1.14e-04	1.14e-04	1.14e-04	1.14e-04	1.14e-04	1.14e-04	1.14e-04	
9.82e-05	9.81e-05	9.81e-05	9.81e-05	1.14e-04	1.14e-04	1.14e-04	1.14e-04	1.14e-04	1.14e-04	1.14e-04	1.14e-04	1.14e-04	1.14e-04	1.14e-04	1.14e-04	9.83e-05	9.82e-05	9.83e-05	9.82e-05	1.14e-04	1.14e-04	1.14e-04	1.14e-04	1.14e-04	1.14e-04	1.14e-04	1.14e-04	1.14e-04	1.14e-04	1.14e-04	1.14e-04	
9.83e-05	9.82e-05	9.83e-05	9.82e-05	1.14e-04	1.14e-04	1.14e-04	1.14e-04	1.14e-04	1.14e-04	1.14e-04	1.14e-04	1.14e-04	1.14e-04	1.14e-04	1.14e-04	9.81e-05	9.81e-05	9.81e-05	9.81e-05	1.14e-04	1.14e-04	1.14e-04	1.14e-04	1.14e-04	1.14e-04	1.14e-04	1.14e-04	1.14e-04	1.14e-04	1.14e-04	1.14e-04	
9.81e-05	9.81e-05	9.81e-05	9.81e-05	1.14e-04	1.14e-04	1.14e-04	1.14e-04	1.14e-04	1.14e-04	1.14e-04	1.14e-04	1.14e-04	1.14e-04	1.14e-04	1.14e-04	
Msg Size 1800
1.05e-04	1.05e-04	1.05e-04	1.05e-04	1.22e-04	1.22e-04	1.22e-04	1.22e-04	1.22e-04	1.22e-04	1.22e-04	1.22e-04	1.22e-04	1.22e-04	1.22e-04	1.22e-04	
1.05e-04	1.05e-04	1.05e-04	1.05e-04	1.22e-04	1.22e-04	1.22e-04	1.22e-04	1.22e-04	1.22e-04	1.22e-04	1.22e-04	1.22e-04	1.22e-04	1.22e-04	1.22e-04	1.05e-04	1.05e-04	1.05e-04	1.05e-04	1.22e-04	1.22e-04	1.22e-04	1.22e-04	1.22e-04	1.22e-04	1.22e-04	1.22e-04	1.22e-04	1.22e-04	1.22e-04	1.22e-04	
1.05e-04	1.05e-04	1.05e-04	1.05e-04	1.22e-04	1.22e-04	1.22e-04	1.22e-04	1.22e-04	1.22e-04	1.22e-04	1.22e-04	1.22e-04	1.22e-04	1.22e-04	1.22e-04	1.05e-04	1.05e-04	1.05e-04	1.05e-04	1.22e-04	1.22e-04	1.22e-04	1.22e-04	1.23e-04	1.23e-04	1.23e-04	1.23e-04	1.22e-04	1.22e-04	1.22e-04	1.22e-04	
1.05e-04	1.05e-04	1.05e-04	1.05e-04	1.22e-04	1.22e-04	1.22e-04	1.22e-04	1.23e-04	1.23e-04	1.23e-04	1.23e-04	1.22e-04	1.22e-04	1.22e-04	1.22e-04	1.05e-04	1.05e-04	1.05e-04	1.05e-04	1.22e-04	1.22e-04	1.22e-04	1.22e-04	1.22e-04	1.22e-04	1.22e-04	1.22e-04	1.22e-04	1.22e-04	1.22e-04	1.22e-04	
1.05e-04	1.05e-04	1.05e-04	1.05e-04	1.22e-04	1.22e-04	1.22e-04	1.22e-04	1.22e-04	1.22e-04	1.22e-04	1.22e-04	1.22e-04	1.22e-04	1.22e-04	1.22e-04	
Msg Size 1900
1.10e-04	1.10e-04	1.10e-04	1.10e-04	1.28e-04	1.28e-04	1.28e-04	1.28e-04	1.29e-04	1.29e-04	1.29e-04	1.29e-04	1.28e-04	1.28e-04	1.28e-04	1.28e-04	
1.10e-04	1.10e-04	1.10e-04	1.10e-04	1.28e-04	1.28e-04	1.28e-04	1.28e-04	1.29e-04	1.29e-04	1.29e-04	1.29e-04	1.28e-04	1.28e-04	1.28e-04	1.28e-04	1.10e-04	1.10e-04	1.10e-04	1.10e-04	1.28e-04	1.28e-04	1.28e-04	1.28e-04	1.29e-04	1.29e-04	1.29e-04	1.29e-04	1.29e-04	1.29e-04	1.29e-04	1.29e-04	
1.10e-04	1.10e-04	1.10e-04	1.10e-04	1.28e-04	1.28e-04	1.28e-04	1.28e-04	1.29e-04	1.29e-04	1.29e-04	1.29e-04	1.29e-04	1.29e-04	1.29e-04	1.29e-04	1.10e-04	1.10e-04	1.10e-04	1.10e-04	1.28e-04	1.28e-04	1.29e-04	1.28e-04	1.29e-04	1.29e-04	1.29e-04	1.29e-04	1.29e-04	1.29e-04	1.29e-04	1.29e-04	
1.10e-04	1.10e-04	1.10e-04	1.10e-04	1.28e-04	1.28e-04	1.29e-04	1.28e-04	1.29e-04	1.29e-04	1.29e-04	1.29e-04	1.29e-04	1.29e-04	1.29e-04	1.29e-04	1.10e-04	1.10e-04	1.10e-04	1.10e-04	1.28e-04	1.28e-04	1.28e-04	1.28e-04	1.29e-04	1.29e-04	1.29e-04	1.29e-04	1.29e-04	1.29e-04	1.29e-04	1.29e-04	
1.10e-04	1.10e-04	1.10e-04	1.10e-04	1.28e-04	1.28e-04	1.28e-04	1.28e-04	1.29e-04	1.29e-04	1.29e-04	1.29e-04	1.29e-04	1.29e-04	1.29e-04	1.29e-04	
Msg Size 1910
1.11e-04	1.11e-04	1.11e-04	1.11e-04	1.31e-04	1.31e-04	1.31e-04	1.31e-04	1.31e-04	1.31e-04	1.31e-04	1.31e-04	1.31e-04	1.31e-04	1.31e-04	1.31e-04	
1.11e-04	1.11e-04	1.11e-04	1.11e-04	1.31e-04	1.31e-04	1.31e-04	1.31e-04	1.31e-04	1.31e-04	1.31e-04	1.31e-04	1.31e-04	1.31e-04	1.31e-04	1.31e-04	1.11e-04	1.11e-04	1.11e-04	1.11e-04	1.31e-04	1.31e-04	1.31e-04	1.31e-04	1.31e-04	1.31e-04	1.31e-04	1.31e-04	1.31e-04	1.31e-04	1.31e-04	1.31e-04	
1.11e-04	1.11e-04	1.11e-04	1.11e-04	1.31e-04	1.31e-04	1.31e-04	1.31e-04	1.31e-04	1.31e-04	1.31e-04	1.31e-04	1.31e-04	1.31e-04	1.31e-04	1.31e-04	1.12e-04	1.12e-04	1.12e-04	1.12e-04	1.31e-04	1.31e-04	1.31e-04	1.31e-04	1.31e-04	1.31e-04	1.31e-04	1.31e-04	1.31e-04	1.31e-04	1.31e-04	1.31e-04	
1.12e-04	1.12e-04	1.12e-04	1.12e-04	1.31e-04	1.31e-04	1.31e-04	1.31e-04	1.31e-04	1.31e-04	1.31e-04	1.31e-04	1.31e-04	1.31e-04	1.31e-04	1.31e-04	1.11e-04	1.11e-04	1.11e-04	1.11e-04	1.31e-04	1.31e-04	1.31e-04	1.31e-04	1.31e-04	1.31e-04	1.31e-04	1.31e-04	1.31e-04	1.31e-04	1.31e-04	1.31e-04	
1.11e-04	1.11e-04	1.11e-04	1.11e-04	1.31e-04	1.31e-04	1.31e-04	1.31e-04	1.31e-04	1.31e-04	1.31e-04	1.31e-04	1.31e-04	1.31e-04	1.31e-04	1.31e-04	
Msg Size 1920
1.11e-04	1.11e-04	1.11e-04	1.11e-04	1.31e-04	1.31e-04	1.31e-04	1.31e-04	1.31e-04	1.31e-04	1.31e-04	1.31e-04	1.31e-04	1.31e-04	1.31e-04	1.31e-04	
1.11e-04	1.11e-04	1.11e-04	1.11e-04	1.31e-04	1.31e-04	1.31e-04	1.31e-04	1.31e-04	1.31e-04	1.31e-04	1.31e-04	1.31e-04	1.31e-04	1.31e-04	1.31e-04	1.11e-04	1.11e-04	1.11e-04	1.11e-04	1.31e-04	1.31e-04	1.31e-04	1.31e-04	1.31e-04	1.31e-04	1.31e-04	1.31e-04	1.31e-04	1.31e-04	1.31e-04	1.31e-04	
1.11e-04	1.11e-04	1.11e-04	1.11e-04	1.31e-04	1.31e-04	1.31e-04	1.31e-04	1.31e-04	1.31e-04	1.31e-04	1.31e-04	1.31e-04	1.31e-04	1.31e-04	1.31e-04	1.12e-04	1.12e-04	1.12e-04	1.12e-04	1.31e-04	1.31e-04	1.31e-04	1.31e-04	1.31e-04	1.31e-04	1.31e-04	1.31e-04	1.31e-04	1.31e-04	1.31e-04	1.31e-04	
1.12e-04	1.12e-04	1.12e-04	1.12e-04	1.31e-04	1.31e-04	1.31e-04	1.31e-04	1.31e-04	1.31e-04	1.31e-04	1.31e-04	1.31e-04	1.31e-04	1.31e-04	1.31e-04	1.11e-04	1.11e-04	1.11e-04	1.11e-04	1.31e-04	1.31e-04	1.31e-04	1.31e-04	1.31e-04	1.31e-04	1.31e-04	1.31e-04	1.31e-04	1.31e-04	1.31e-04	1.31e-04	
1.11e-04	1.11e-04	1.11e-04	1.11e-04	1.31e-04	1.31e-04	1.31e-04	1.31e-04	1.31e-04	1.31e-04	1.31e-04	1.31e-04	1.31e-04	1.31e-04	1.31e-04	1.31e-04	
Msg Size 1930
1.12e-04	1.12e-04	1.12e-04	1.12e-04	1.31e-04	1.31e-04	1.31e-04	1.31e-04	1.31e-04	1.31e-04	1.31e-04	1.31e-04	1.31e-04	1.31e-04	1.31e-04	1.31e-04	
1.12e-04	1.12e-04	1.12e-04	1.12e-04	1.31e-04	1.31e-04	1.31e-04	1.31e-04	1.31e-04	1.31e-04	1.31e-04	1.31e-04	1.31e-04	1.31e-04	1.31e-04	1.31e-04	1.12e-04	1.12e-04	1.12e-04	1.12e-04	1.31e-04	1.31e-04	1.31e-04	1.31e-04	1.32e-04	1.32e-04	1.32e-04	1.32e-04	1.31e-04	1.31e-04	1.31e-04	1.31e-04	
1.12e-04	1.12e-04	1.12e-04	1.12e-04	1.31e-04	1.31e-04	1.31e-04	1.31e-04	1.32e-04	1.32e-04	1.32e-04	1.32e-04	1.31e-04	1.31e-04	1.31e-04	1.31e-04	1.12e-04	1.12e-04	1.12e-04	1.12e-04	1.31e-04	1.31e-04	1.31e-04	1.31e-04	1.31e-04	1.31e-04	1.31e-04	1.31e-04	1.31e-04	1.31e-04	1.31e-04	1.31e-04	
1.12e-04	1.12e-04	1.12e-04	1.12e-04	1.31e-04	1.31e-04	1.31e-04	1.31e-04	1.31e-04	1.31e-04	1.31e-04	1.31e-04	1.31e-04	1.31e-04	1.31e-04	1.31e-04	1.12e-04	1.12e-04	1.12e-04	1.12e-04	1.31e-04	1.31e-04	1.31e-04	1.31e-04	1.31e-04	1.31e-04	1.31e-04	1.31e-04	1.31e-04	1.31e-04	1.31e-04	1.31e-04	
1.12e-04	1.12e-04	1.12e-04	1.12e-04	1.31e-04	1.31e-04	1.31e-04	1.31e-04	1.31e-04	1.31e-04	1.31e-04	1.31e-04	1.31e-04	1.31e-04	1.31e-04	1.31e-04	
Msg Size 1940
1.13e-04	1.13e-04	1.13e-04	1.13e-04	1.33e-04	1.33e-04	1.33e-04	1.33e-04	1.33e-04	1.33e-04	1.33e-04	1.33e-04	1.33e-04	1.33e-04	1.33e-04	1.33e-04	
1.13e-04	1.13e-04	1.13e-04	1.13e-04	1.33e-04	1.33e-04	1.33e-04	1.33e-04	1.33e-04	1.33e-04	1.33e-04	1.33e-04	1.33e-04	1.33e-04	1.33e-04	1.33e-04	1.13e-04	1.13e-04	1.13e-04	1.13e-04	1.33e-04	1.33e-04	1.33e-04	1.33e-04	1.33e-04	1.33e-04	1.33e-04	1.33e-04	1.33e-04	1.33e-04	1.33e-04	1.33e-04	
1.13e-04	1.13e-04	1.13e-04	1.13e-04	1.33e-04	1.33e-04	1.33e-04	1.33e-04	1.33e-04	1.33e-04	1.33e-04	1.33e-04	1.33e-04	1.33e-04	1.33e-04	1.33e-04	1.13e-04	1.13e-04	1.13e-04	1.13e-04	1.33e-04	1.33e-04	1.33e-04	1.33e-04	1.33e-04	1.33e-04	1.33e-04	1.33e-04	1.33e-04	1.33e-04	1.33e-04	1.33e-04	
1.13e-04	1.13e-04	1.13e-04	1.13e-04	1.33e-04	1.33e-04	1.33e-04	1.33e-04	1.33e-04	1.33e-04	1.33e-04	1.33e-04	1.33e-04	1.33e-04	1.33e-04	1.33e-04	1.13e-04	1.13e-04	1.13e-04	1.13e-04	1.33e-04	1.33e-04	1.33e-04	1.33e-04	1.33e-04	1.33e-04	1.33e-04	1.33e-04	1.33e-04	1.33e-04	1.33e-04	1.33e-04	
1.13e-04	1.13e-04	1.13e-04	1.13e-04	1.33e-04	1.33e-04	1.33e-04	1.33e-04	1.33e-04	1.33e-04	1.33e-04	1.33e-04	1.33e-04	1.33e-04	1.33e-04	1.33e-04	
Msg Size 1950
1.13e-04	1.13e-04	1.13e-04	1.13e-04	1.33e-04	1.33e-04	1.33e-04	1.33e-04	1.33e-04	1.33e-04	1.33e-04	1.33e-04	1.33e-04	1.33e-04	1.33e-04	1.33e-04	
1.13e-04	1.13e-04	1.13e-04	1.13e-04	1.33e-04	1.33e-04	1.33e-04	1.33e-04	1.33e-04	1.33e-04	1.33e-04	1.33e-04	1.33e-04	1.33e-04	1.33e-04	1.33e-04	1.13e-04	1.13e-04	1.13e-04	1.13e-04	1.33e-04	1.33e-04	1.33e-04	1.33e-04	1.33e-04	1.33e-04	1.33e-04	1.33e-04	1.33e-04	1.33e-04	1.33e-04	1.33e-04	
1.13e-04	1.13e-04	1.13e-04	1.13e-04	1.33e-04	1.33e-04	1.33e-04	1.33e-04	1.33e-04	1.33e-04	1.33e-04	1.33e-04	1.33e-04	1.33e-04	1.33e-04	1.33e-04	1.13e-04	1.13e-04	1.13e-04	1.13e-04	1.33e-04	1.33e-04	1.33e-04	1.33e-04	1.33e-04	1.33e-04	1.33e-04	1.33e-04	1.33e-04	1.33e-04	1.33e-04	1.33e-04	
1.13e-04	1.13e-04	1.13e-04	1.13e-04	1.33e-04	1.33e-04	1.33e-04	1.33e-04	1.33e-04	1.33e-04	1.33e-04	1.33e-04	1.33e-04	1.33e-04	1.33e-04	1.33e-04	1.13e-04	1.13e-04	1.13e-04	1.13e-04	1.33e-04	1.33e-04	1.33e-04	1.33e-04	1.33e-04	1.33e-04	1.33e-04	1.33e-04	1.33e-04	1.33e-04	1.33e-04	1.33e-04	
1.13e-04	1.13e-04	1.13e-04	1.13e-04	1.33e-04	1.33e-04	1.33e-04	1.33e-04	1.33e-04	1.33e-04	1.33e-04	1.33e-04	1.33e-04	1.33e-04	1.33e-04	1.33e-04	
Msg Size 1960
1.14e-04	1.14e-04	1.14e-04	1.14e-04	1.35e-04	1.35e-04	1.35e-04	1.35e-04	1.35e-04	1.35e-04	1.35e-04	1.35e-04	1.35e-04	1.35e-04	1.35e-04	1.35e-04	
1.14e-04	1.14e-04	1.14e-04	1.14e-04	1.35e-04	1.35e-04	1.35e-04	1.35e-04	1.35e-04	1.35e-04	1.35e-04	1.35e-04	1.35e-04	1.35e-04	1.35e-04	1.35e-04	1.14e-04	1.14e-04	1.14e-04	1.14e-04	1.34e-04	1.34e-04	1.34e-04	1.34e-04	1.35e-04	1.35e-04	1.35e-04	1.35e-04	1.35e-04	1.35e-04	1.35e-04	1.35e-04	
1.14e-04	1.14e-04	1.14e-04	1.14e-04	1.34e-04	1.34e-04	1.34e-04	1.34e-04	1.35e-04	1.35e-04	1.35e-04	1.35e-04	1.35e-04	1.35e-04	1.35e-04	1.35e-04	1.15e-04	1.15e-04	1.15e-04	1.15e-04	1.35e-04	1.35e-04	1.35e-04	1.35e-04	1.35e-04	1.35e-04	1.35e-04	1.35e-04	1.35e-04	1.35e-04	1.35e-04	1.35e-04	
1.15e-04	1.15e-04	1.15e-04	1.15e-04	1.35e-04	1.35e-04	1.35e-04	1.35e-04	1.35e-04	1.35e-04	1.35e-04	1.35e-04	1.35e-04	1.35e-04	1.35e-04	1.35e-04	1.14e-04	1.14e-04	1.14e-04	1.14e-04	1.35e-04	1.35e-04	1.35e-04	1.35e-04	1.35e-04	1.35e-04	1.35e-04	1.35e-04	1.35e-04	1.35e-04	1.35e-04	1.35e-04	
1.14e-04	1.14e-04	1.14e-04	1.14e-04	1.35e-04	1.35e-04	1.35e-04	1.35e-04	1.35e-04	1.35e-04	1.35e-04	1.35e-04	1.35e-04	1.35e-04	1.35e-04	1.35e-04	
Msg Size 1970
1.15e-04	1.15e-04	1.15e-04	1.15e-04	1.35e-04	1.35e-04	1.35e-04	1.35e-04	1.36e-04	1.36e-04	1.36e-04	1.36e-04	1.36e-04	1.36e-04	1.36e-04	1.36e-04	
1.15e-04	1.15e-04	1.15e-04	1.15e-04	1.35e-04	1.35e-04	1.35e-04	1.35e-04	1.36e-04	1.36e-04	1.36e-04	1.36e-04	1.36e-04	1.36e-04	1.36e-04	1.36e-04	1.15e-04	1.15e-04	1.15e-04	1.15e-04	1.35e-04	1.35e-04	1.35e-04	1.35e-04	1.36e-04	1.36e-04	1.36e-04	1.36e-04	1.35e-04	1.35e-04	1.35e-04	1.35e-04	
1.15e-04	1.15e-04	1.15e-04	1.15e-04	1.35e-04	1.35e-04	1.35e-04	1.35e-04	1.36e-04	1.36e-04	1.36e-04	1.36e-04	1.35e-04	1.35e-04	1.35e-04	1.35e-04	1.15e-04	1.15e-04	1.15e-04	1.15e-04	1.36e-04	1.35e-04	1.35e-04	1.36e-04	1.36e-04	1.36e-04	1.36e-04	1.36e-04	1.36e-04	1.36e-04	1.36e-04	1.36e-04	
1.15e-04	1.15e-04	1.15e-04	1.15e-04	1.36e-04	1.35e-04	1.35e-04	1.36e-04	1.36e-04	1.36e-04	1.36e-04	1.36e-04	1.36e-04	1.36e-04	1.36e-04	1.36e-04	1.15e-04	1.15e-04	1.15e-04	1.15e-04	1.35e-04	1.35e-04	1.35e-04	1.35e-04	1.36e-04	1.36e-04	1.36e-04	1.36e-04	1.36e-04	1.36e-04	1.36e-04	1.36e-04	
1.15e-04	1.15e-04	1.15e-04	1.15e-04	1.35e-04	1.35e-04	1.35e-04	1.35e-04	1.36e-04	1.36e-04	1.36e-04	1.36e-04	1.36e-04	1.36e-04	1.36e-04	1.36e-04	
Msg Size 1980
1.15e-04	1.15e-04	1.15e-04	1.15e-04	1.35e-04	1.35e-04	1.35e-04	1.35e-04	1.35e-04	1.35e-04	1.35e-04	1.35e-04	1.35e-04	1.35e-04	1.35e-04	1.35e-04	
1.15e-04	1.15e-04	1.15e-04	1.15e-04	1.35e-04	1.35e-04	1.35e-04	1.35e-04	1.35e-04	1.35e-04	1.35e-04	1.35e-04	1.35e-04	1.35e-04	1.35e-04	1.35e-04	1.15e-04	1.15e-04	1.15e-04	1.15e-04	1.35e-04	1.35e-04	1.35e-04	1.35e-04	1.35e-04	1.35e-04	1.35e-04	1.35e-04	1.35e-04	1.35e-04	1.35e-04	1.35e-04	
1.15e-04	1.15e-04	1.15e-04	1.15e-04	1.35e-04	1.35e-04	1.35e-04	1.35e-04	1.35e-04	1.35e-04	1.35e-04	1.35e-04	1.35e-04	1.35e-04	1.35e-04	1.35e-04	1.15e-04	1.15e-04	1.15e-04	1.15e-04	1.35e-04	1.35e-04	1.35e-04	1.35e-04	1.35e-04	1.35e-04	1.35e-04	1.35e-04	1.35e-04	1.35e-04	1.35e-04	1.35e-04	
1.15e-04	1.15e-04	1.15e-04	1.15e-04	1.35e-04	1.35e-04	1.35e-04	1.35e-04	1.35e-04	1.35e-04	1.35e-04	1.35e-04	1.35e-04	1.35e-04	1.35e-04	1.35e-04	1.15e-04	1.15e-04	1.15e-04	1.15e-04	1.35e-04	1.35e-04	1.35e-04	1.35e-04	1.35e-04	1.35e-04	1.35e-04	1.35e-04	1.35e-04	1.35e-04	1.35e-04	1.35e-04	
1.15e-04	1.15e-04	1.15e-04	1.15e-04	1.35e-04	1.35e-04	1.35e-04	1.35e-04	1.35e-04	1.35e-04	1.35e-04	1.35e-04	1.35e-04	1.35e-04	1.35e-04	1.35e-04	
Msg Size 1990
1.16e-04	1.16e-04	1.16e-04	1.16e-04	1.37e-04	1.37e-04	1.37e-04	1.37e-04	1.37e-04	1.37e-04	1.37e-04	1.37e-04	1.37e-04	1.37e-04	1.37e-04	1.37e-04	
1.16e-04	1.16e-04	1.16e-04	1.16e-04	1.37e-04	1.37e-04	1.37e-04	1.37e-04	1.37e-04	1.37e-04	1.37e-04	1.37e-04	1.37e-04	1.37e-04	1.37e-04	1.37e-04	1.16e-04	1.16e-04	1.16e-04	1.16e-04	1.37e-04	1.37e-04	1.37e-04	1.37e-04	1.37e-04	1.37e-04	1.37e-04	1.37e-04	1.37e-04	1.37e-04	1.37e-04	1.37e-04	
1.16e-04	1.16e-04	1.16e-04	1.16e-04	1.37e-04	1.37e-04	1.37e-04	1.37e-04	1.37e-04	1.37e-04	1.37e-04	1.37e-04	1.37e-04	1.37e-04	1.37e-04	1.37e-04	1.16e-04	1.16e-04	1.16e-04	1.16e-04	1.37e-04	1.37e-04	1.37e-04	1.37e-04	1.37e-04	1.37e-04	1.37e-04	1.37e-04	1.37e-04	1.37e-04	1.37e-04	1.37e-04	
1.16e-04	1.16e-04	1.16e-04	1.16e-04	1.37e-04	1.37e-04	1.37e-04	1.37e-04	1.37e-04	1.37e-04	1.37e-04	1.37e-04	1.37e-04	1.37e-04	1.37e-04	1.37e-04	1.16e-04	1.16e-04	1.16e-04	1.16e-04	1.37e-04	1.37e-04	1.37e-04	1.37e-04	1.37e-04	1.37e-04	1.37e-04	1.37e-04	1.37e-04	1.37e-04	1.37e-04	1.37e-04	
1.16e-04	1.16e-04	1.16e-04	1.16e-04	1.37e-04	1.37e-04	1.37e-04	1.37e-04	1.37e-04	1.37e-04	1.37e-04	1.37e-04	1.37e-04	1.37e-04	1.37e-04	1.37e-04	
Application 74653129 resources: utime ~5856s, stime ~50s, Rss ~28424, inblocks ~39454, outblocks ~65772
