Percent Rank 0: 0
NodeSizeMsgs 65536
5.81e-05	5.83e-05	5.84e-05	5.82e-05	
Percent Rank 0: 5
NodeSizeMsgs 65536
5.77e-05	5.77e-05	5.76e-05	5.77e-05	
Percent Rank 0: 10
NodeSizeMsgs 65536
5.80e-05	5.79e-05	5.79e-05	5.79e-05	
Percent Rank 0: 15
NodeSizeMsgs 65536
5.94e-05	5.94e-05	5.94e-05	5.94e-05	
Percent Rank 0: 20
NodeSizeMsgs 65536
5.98e-05	5.98e-05	5.98e-05	5.98e-05	
Percent Rank 0: 25
NodeSizeMsgs 65536
6.18e-05	6.18e-05	6.18e-05	6.18e-05	
Percent Rank 0: 30
NodeSizeMsgs 65536
6.48e-05	6.48e-05	6.47e-05	6.48e-05	
Percent Rank 0: 35
NodeSizeMsgs 65536
6.72e-05	6.72e-05	6.72e-05	6.72e-05	
Percent Rank 0: 40
NodeSizeMsgs 65536
6.95e-05	6.97e-05	6.95e-05	6.95e-05	
Percent Rank 0: 45
NodeSizeMsgs 65536
7.16e-05	7.16e-05	7.16e-05	7.17e-05	
Percent Rank 0: 50
NodeSizeMsgs 65536
7.34e-05	7.36e-05	7.34e-05	7.35e-05	
Percent Rank 0: 55
NodeSizeMsgs 65536
1.46e-04	1.46e-04	1.46e-04	1.46e-04	
Percent Rank 0: 60
NodeSizeMsgs 65536
1.42e-04	1.42e-04	1.42e-04	1.41e-04	
Percent Rank 0: 65
NodeSizeMsgs 65536
1.36e-04	1.36e-04	1.35e-04	1.36e-04	
Percent Rank 0: 70
NodeSizeMsgs 65536
1.27e-04	1.27e-04	1.27e-04	1.27e-04	
Percent Rank 0: 75
NodeSizeMsgs 65536
1.19e-04	1.19e-04	1.19e-04	1.19e-04	
Percent Rank 0: 80
NodeSizeMsgs 65536
1.10e-04	1.10e-04	1.10e-04	1.10e-04	
Percent Rank 0: 85
NodeSizeMsgs 65536
1.05e-04	1.06e-04	1.06e-04	1.06e-04	
Percent Rank 0: 90
NodeSizeMsgs 65536
9.85e-05	9.86e-05	9.86e-05	9.89e-05	
Percent Rank 0: 95
NodeSizeMsgs 65536
9.18e-05	9.20e-05	9.19e-05	9.18e-05	
Percent Rank 0: 100
NodeSizeMsgs 65536
9.06e-05	9.06e-05	9.05e-05	9.06e-05
