Percent Rank 0: 0
NodeSizeMsgs 32768
PMsgSize 0
AvgMsgSize 2184
-1.00e+00	3.14e-05	3.15e-05	3.15e-05	3.17e-05	3.17e-05	3.17e-05	3.17e-05	3.17e-05	3.17e-05	3.17e-05	3.17e-05	3.17e-05	3.17e-05	3.17e-05	3.17e-05	
-1.00e+00	3.14e-05	3.15e-05	3.15e-05	3.17e-05	3.17e-05	3.17e-05	3.17e-05	3.17e-05	3.17e-05	3.17e-05	3.17e-05	3.17e-05	3.17e-05	3.17e-05	3.17e-05	-1.00e+00	3.14e-05	3.15e-05	3.15e-05	3.18e-05	3.18e-05	3.18e-05	3.18e-05	3.18e-05	3.18e-05	3.18e-05	3.18e-05	3.18e-05	3.18e-05	3.17e-05	3.18e-05	
-1.00e+00	3.14e-05	3.15e-05	3.15e-05	3.18e-05	3.18e-05	3.18e-05	3.18e-05	3.18e-05	3.18e-05	3.18e-05	3.18e-05	3.18e-05	3.18e-05	3.17e-05	3.18e-05	-1.00e+00	3.13e-05	3.14e-05	3.15e-05	3.17e-05	3.17e-05	3.17e-05	3.17e-05	3.17e-05	3.17e-05	3.17e-05	3.17e-05	3.17e-05	3.17e-05	3.17e-05	3.17e-05	
-1.00e+00	3.13e-05	3.14e-05	3.15e-05	3.17e-05	3.17e-05	3.17e-05	3.17e-05	3.17e-05	3.17e-05	3.17e-05	3.17e-05	3.17e-05	3.17e-05	3.17e-05	3.17e-05	-1.00e+00	3.13e-05	3.14e-05	3.14e-05	3.16e-05	3.16e-05	3.16e-05	3.16e-05	3.16e-05	3.16e-05	3.16e-05	3.16e-05	3.16e-05	3.16e-05	3.16e-05	3.16e-05	
-1.00e+00	3.13e-05	3.14e-05	3.14e-05	3.16e-05	3.16e-05	3.16e-05	3.16e-05	3.16e-05	3.16e-05	3.16e-05	3.16e-05	3.16e-05	3.16e-05	3.16e-05	3.16e-05	
Percent Rank 0: 5
NodeSizeMsgs 32768
PMsgSize 1638
AvgMsgSize 2075
1.81e-05	3.22e-05	3.23e-05	3.23e-05	3.26e-05	3.26e-05	3.26e-05	3.26e-05	3.26e-05	3.26e-05	3.26e-05	3.26e-05	3.26e-05	3.26e-05	3.25e-05	3.26e-05	
1.81e-05	3.22e-05	3.23e-05	3.23e-05	3.26e-05	3.26e-05	3.26e-05	3.26e-05	3.26e-05	3.26e-05	3.26e-05	3.26e-05	3.26e-05	3.26e-05	3.25e-05	3.26e-05	1.88e-05	3.26e-05	3.28e-05	3.28e-05	3.30e-05	3.30e-05	3.30e-05	3.31e-05	3.31e-05	3.31e-05	3.31e-05	3.31e-05	3.31e-05	3.30e-05	3.30e-05	3.30e-05	
1.88e-05	3.26e-05	3.28e-05	3.28e-05	3.30e-05	3.30e-05	3.30e-05	3.31e-05	3.31e-05	3.31e-05	3.31e-05	3.31e-05	3.30e-05	3.30e-05	3.30e-05	3.30e-05	1.78e-05	3.12e-05	3.13e-05	3.13e-05	3.16e-05	3.16e-05	3.16e-05	3.16e-05	3.16e-05	3.16e-05	3.16e-05	3.16e-05	3.16e-05	3.16e-05	3.16e-05	3.16e-05	
1.78e-05	3.12e-05	3.13e-05	3.13e-05	3.16e-05	3.16e-05	3.16e-05	3.16e-05	3.16e-05	3.16e-05	3.16e-05	3.16e-05	3.16e-05	3.16e-05	3.16e-05	3.16e-05	1.73e-05	3.12e-05	3.13e-05	3.13e-05	3.16e-05	3.16e-05	3.16e-05	3.16e-05	3.16e-05	3.16e-05	3.16e-05	3.16e-05	3.16e-05	3.16e-05	3.16e-05	3.16e-05	
1.73e-05	3.12e-05	3.13e-05	3.13e-05	3.16e-05	3.16e-05	3.16e-05	3.16e-05	3.16e-05	3.16e-05	3.16e-05	3.16e-05	3.16e-05	3.16e-05	3.16e-05	3.16e-05	
Percent Rank 0: 10
NodeSizeMsgs 32768
PMsgSize 3276
AvgMsgSize 1966
1.09e-04	1.00e-04	1.00e-04	1.00e-04	1.18e-04	1.18e-04	1.18e-04	1.18e-04	1.18e-04	1.18e-04	1.18e-04	1.18e-04	1.18e-04	1.18e-04	1.18e-04	1.18e-04	
1.09e-04	1.00e-04	1.00e-04	1.00e-04	1.18e-04	1.18e-04	1.18e-04	1.18e-04	1.18e-04	1.18e-04	1.18e-04	1.18e-04	1.18e-04	1.18e-04	1.18e-04	1.18e-04	1.09e-04	1.00e-04	1.00e-04	1.00e-04	1.18e-04	1.18e-04	1.18e-04	1.18e-04	1.18e-04	1.18e-04	1.18e-04	1.18e-04	1.18e-04	1.18e-04	1.18e-04	1.18e-04	
1.09e-04	1.00e-04	1.00e-04	1.00e-04	1.18e-04	1.18e-04	1.18e-04	1.18e-04	1.18e-04	1.18e-04	1.18e-04	1.18e-04	1.18e-04	1.18e-04	1.18e-04	1.18e-04	1.09e-04	9.99e-05	9.99e-05	9.99e-05	1.18e-04	1.18e-04	1.18e-04	1.18e-04	1.18e-04	1.18e-04	1.18e-04	1.18e-04	1.18e-04	1.18e-04	1.18e-04	1.18e-04	
1.09e-04	9.99e-05	9.99e-05	9.99e-05	1.18e-04	1.18e-04	1.18e-04	1.18e-04	1.18e-04	1.18e-04	1.18e-04	1.18e-04	1.18e-04	1.18e-04	1.18e-04	1.18e-04	1.08e-04	9.97e-05	9.97e-05	9.97e-05	1.18e-04	1.18e-04	1.18e-04	1.18e-04	1.18e-04	1.18e-04	1.18e-04	1.18e-04	1.18e-04	1.18e-04	1.18e-04	1.18e-04	
1.08e-04	9.97e-05	9.97e-05	9.97e-05	1.18e-04	1.18e-04	1.18e-04	1.18e-04	1.18e-04	1.18e-04	1.18e-04	1.18e-04	1.18e-04	1.18e-04	1.18e-04	1.18e-04	
Percent Rank 0: 15
NodeSizeMsgs 32768
PMsgSize 4915
AvgMsgSize 1856
1.10e-04	9.12e-05	9.12e-05	9.12e-05	1.09e-04	1.09e-04	1.09e-04	1.09e-04	1.09e-04	1.09e-04	1.09e-04	1.09e-04	1.09e-04	1.09e-04	1.09e-04	1.09e-04	
1.10e-04	9.12e-05	9.12e-05	9.12e-05	1.09e-04	1.09e-04	1.09e-04	1.09e-04	1.09e-04	1.09e-04	1.09e-04	1.09e-04	1.09e-04	1.09e-04	1.09e-04	1.09e-04	1.10e-04	9.11e-05	9.11e-05	9.10e-05	1.09e-04	1.09e-04	1.09e-04	1.09e-04	1.09e-04	1.09e-04	1.09e-04	1.09e-04	1.09e-04	1.09e-04	1.09e-04	1.09e-04	
1.10e-04	9.11e-05	9.11e-05	9.10e-05	1.09e-04	1.09e-04	1.09e-04	1.09e-04	1.09e-04	1.09e-04	1.09e-04	1.09e-04	1.09e-04	1.09e-04	1.09e-04	1.09e-04	1.10e-04	9.11e-05	9.11e-05	9.11e-05	1.09e-04	1.09e-04	1.09e-04	1.09e-04	1.09e-04	1.09e-04	1.09e-04	1.09e-04	1.09e-04	1.09e-04	1.09e-04	1.09e-04	
1.10e-04	9.11e-05	9.11e-05	9.11e-05	1.09e-04	1.09e-04	1.09e-04	1.09e-04	1.09e-04	1.09e-04	1.09e-04	1.09e-04	1.09e-04	1.09e-04	1.09e-04	1.09e-04	1.10e-04	9.13e-05	9.13e-05	9.13e-05	1.09e-04	1.09e-04	1.09e-04	1.09e-04	1.09e-04	1.09e-04	1.09e-04	1.09e-04	1.09e-04	1.09e-04	1.09e-04	1.09e-04	
1.10e-04	9.13e-05	9.13e-05	9.13e-05	1.09e-04	1.09e-04	1.09e-04	1.09e-04	1.09e-04	1.09e-04	1.09e-04	1.09e-04	1.09e-04	1.09e-04	1.09e-04	1.09e-04	
Percent Rank 0: 20
NodeSizeMsgs 32768
PMsgSize 6553
AvgMsgSize 1747
1.08e-04	8.78e-05	8.78e-05	8.78e-05	1.04e-04	1.04e-04	1.04e-04	1.04e-04	1.04e-04	1.04e-04	1.04e-04	1.04e-04	1.04e-04	1.04e-04	1.04e-04	1.04e-04	
1.08e-04	8.78e-05	8.78e-05	8.78e-05	1.04e-04	1.04e-04	1.04e-04	1.04e-04	1.04e-04	1.04e-04	1.04e-04	1.04e-04	1.04e-04	1.04e-04	1.04e-04	1.04e-04	1.08e-04	8.79e-05	8.79e-05	8.78e-05	1.04e-04	1.04e-04	1.04e-04	1.04e-04	1.04e-04	1.04e-04	1.04e-04	1.04e-04	1.04e-04	1.04e-04	1.04e-04	1.04e-04	
1.08e-04	8.79e-05	8.79e-05	8.78e-05	1.04e-04	1.04e-04	1.04e-04	1.04e-04	1.04e-04	1.04e-04	1.04e-04	1.04e-04	1.04e-04	1.04e-04	1.04e-04	1.04e-04	1.08e-04	8.81e-05	8.81e-05	8.81e-05	1.04e-04	1.04e-04	1.04e-04	1.04e-04	1.04e-04	1.04e-04	1.04e-04	1.04e-04	1.04e-04	1.04e-04	1.04e-04	1.04e-04	
1.08e-04	8.81e-05	8.81e-05	8.81e-05	1.04e-04	1.04e-04	1.04e-04	1.04e-04	1.04e-04	1.04e-04	1.04e-04	1.04e-04	1.04e-04	1.04e-04	1.04e-04	1.04e-04	1.07e-04	8.74e-05	8.74e-05	8.74e-05	1.04e-04	1.04e-04	1.04e-04	1.04e-04	1.04e-04	1.04e-04	1.04e-04	1.04e-04	1.04e-04	1.04e-04	1.04e-04	1.04e-04	
1.07e-04	8.74e-05	8.74e-05	8.74e-05	1.04e-04	1.04e-04	1.04e-04	1.04e-04	1.04e-04	1.04e-04	1.04e-04	1.04e-04	1.04e-04	1.04e-04	1.04e-04	1.04e-04	
Percent Rank 0: 25
NodeSizeMsgs 32768
PMsgSize 8192
AvgMsgSize 1638
1.04e-04	8.28e-05	8.28e-05	8.28e-05	9.75e-05	9.75e-05	9.76e-05	9.75e-05	9.77e-05	9.77e-05	9.77e-05	9.77e-05	9.76e-05	9.76e-05	9.76e-05	9.76e-05	
1.04e-04	8.28e-05	8.28e-05	8.28e-05	9.75e-05	9.75e-05	9.76e-05	9.75e-05	9.77e-05	9.77e-05	9.77e-05	9.77e-05	9.76e-05	9.76e-05	9.76e-05	9.76e-05	1.05e-04	8.32e-05	8.32e-05	8.32e-05	9.78e-05	9.78e-05	9.78e-05	9.78e-05	9.80e-05	9.80e-05	9.80e-05	9.80e-05	9.80e-05	9.80e-05	9.80e-05	9.80e-05	
1.05e-04	8.32e-05	8.32e-05	8.32e-05	9.78e-05	9.78e-05	9.78e-05	9.78e-05	9.80e-05	9.80e-05	9.80e-05	9.80e-05	9.80e-05	9.80e-05	9.80e-05	9.80e-05	1.04e-04	8.28e-05	8.28e-05	8.28e-05	9.75e-05	9.75e-05	9.75e-05	9.75e-05	9.77e-05	9.76e-05	9.77e-05	9.77e-05	9.76e-05	9.76e-05	9.76e-05	9.76e-05	
1.04e-04	8.28e-05	8.28e-05	8.28e-05	9.75e-05	9.75e-05	9.75e-05	9.75e-05	9.77e-05	9.76e-05	9.77e-05	9.77e-05	9.76e-05	9.76e-05	9.76e-05	9.76e-05	1.06e-04	8.27e-05	8.27e-05	8.27e-05	9.79e-05	9.78e-05	9.79e-05	9.79e-05	9.80e-05	9.80e-05	9.80e-05	9.80e-05	9.80e-05	9.79e-05	9.80e-05	9.79e-05	
1.06e-04	8.27e-05	8.27e-05	8.27e-05	9.79e-05	9.78e-05	9.79e-05	9.79e-05	9.80e-05	9.80e-05	9.80e-05	9.80e-05	9.80e-05	9.79e-05	9.80e-05	9.80e-05	
Percent Rank 0: 30
NodeSizeMsgs 32768
PMsgSize 9830
AvgMsgSize 1529
9.76e-05	7.36e-05	7.36e-05	7.36e-05	8.74e-05	8.74e-05	8.74e-05	8.74e-05	8.76e-05	8.76e-05	8.76e-05	8.76e-05	8.75e-05	8.75e-05	8.75e-05	8.75e-05	
9.76e-05	7.36e-05	7.36e-05	7.36e-05	8.74e-05	8.74e-05	8.74e-05	8.74e-05	8.76e-05	8.76e-05	8.76e-05	8.76e-05	8.75e-05	8.75e-05	8.75e-05	8.75e-05	9.76e-05	7.41e-05	7.41e-05	7.41e-05	8.74e-05	8.74e-05	8.74e-05	8.74e-05	8.76e-05	8.76e-05	8.76e-05	8.76e-05	8.75e-05	8.75e-05	8.75e-05	8.75e-05	
9.76e-05	7.41e-05	7.41e-05	7.41e-05	8.74e-05	8.74e-05	8.74e-05	8.74e-05	8.76e-05	8.76e-05	8.76e-05	8.76e-05	8.75e-05	8.75e-05	8.75e-05	8.75e-05	9.77e-05	7.42e-05	7.42e-05	7.42e-05	8.76e-05	8.76e-05	8.76e-05	8.76e-05	8.77e-05	8.77e-05	8.77e-05	8.77e-05	8.76e-05	8.76e-05	8.76e-05	8.76e-05	
9.77e-05	7.42e-05	7.42e-05	7.42e-05	8.76e-05	8.76e-05	8.76e-05	8.76e-05	8.77e-05	8.77e-05	8.77e-05	8.77e-05	8.76e-05	8.76e-05	8.76e-05	8.76e-05	9.76e-05	7.41e-05	7.41e-05	7.41e-05	8.75e-05	8.75e-05	8.75e-05	8.75e-05	8.77e-05	8.77e-05	8.76e-05	8.77e-05	8.76e-05	8.76e-05	8.76e-05	8.76e-05	
9.76e-05	7.41e-05	7.41e-05	7.41e-05	8.75e-05	8.75e-05	8.75e-05	8.75e-05	8.77e-05	8.77e-05	8.76e-05	8.77e-05	8.76e-05	8.76e-05	8.76e-05	8.76e-05	
Percent Rank 0: 35
NodeSizeMsgs 32768
PMsgSize 11468
AvgMsgSize 1420
9.12e-05	6.52e-05	6.51e-05	6.51e-05	7.80e-05	7.80e-05	7.80e-05	7.80e-05	7.82e-05	7.82e-05	7.82e-05	7.82e-05	7.81e-05	7.81e-05	7.81e-05	7.81e-05	
9.12e-05	6.51e-05	6.51e-05	6.51e-05	7.80e-05	7.80e-05	7.80e-05	7.80e-05	7.82e-05	7.82e-05	7.82e-05	7.82e-05	7.81e-05	7.81e-05	7.81e-05	7.81e-05	9.11e-05	6.50e-05	6.50e-05	6.50e-05	7.79e-05	7.79e-05	7.79e-05	7.79e-05	7.81e-05	7.81e-05	7.81e-05	7.81e-05	7.80e-05	7.80e-05	7.80e-05	7.80e-05	
9.11e-05	6.50e-05	6.50e-05	6.50e-05	7.79e-05	7.79e-05	7.79e-05	7.79e-05	7.81e-05	7.81e-05	7.81e-05	7.81e-05	7.80e-05	7.80e-05	7.80e-05	7.80e-05	9.11e-05	6.51e-05	6.51e-05	6.51e-05	7.81e-05	7.81e-05	7.81e-05	7.81e-05	7.82e-05	7.82e-05	7.82e-05	7.82e-05	7.81e-05	7.81e-05	7.81e-05	7.81e-05	
9.11e-05	6.51e-05	6.51e-05	6.51e-05	7.81e-05	7.81e-05	7.81e-05	7.81e-05	7.82e-05	7.82e-05	7.82e-05	7.82e-05	7.81e-05	7.81e-05	7.81e-05	7.81e-05	9.10e-05	6.50e-05	6.50e-05	6.50e-05	7.80e-05	7.80e-05	7.80e-05	7.79e-05	7.81e-05	7.81e-05	7.81e-05	7.81e-05	7.81e-05	7.80e-05	7.81e-05	7.81e-05	
9.10e-05	6.50e-05	6.50e-05	6.50e-05	7.80e-05	7.80e-05	7.80e-05	7.79e-05	7.81e-05	7.81e-05	7.81e-05	7.81e-05	7.81e-05	7.80e-05	7.81e-05	7.81e-05	
Percent Rank 0: 40
NodeSizeMsgs 32768
PMsgSize 13107
AvgMsgSize 1310
8.66e-05	5.90e-05	5.90e-05	5.90e-05	7.09e-05	7.09e-05	7.09e-05	7.09e-05	7.10e-05	7.10e-05	7.10e-05	7.10e-05	7.09e-05	7.09e-05	7.09e-05	7.10e-05	
8.66e-05	5.90e-05	5.90e-05	5.89e-05	7.09e-05	7.09e-05	7.09e-05	7.09e-05	7.10e-05	7.10e-05	7.10e-05	7.10e-05	7.09e-05	7.09e-05	7.09e-05	7.10e-05	8.64e-05	5.86e-05	5.86e-05	5.86e-05	7.07e-05	7.07e-05	7.07e-05	7.07e-05	7.08e-05	7.08e-05	7.08e-05	7.08e-05	7.08e-05	7.08e-05	7.08e-05	7.08e-05	
8.64e-05	5.86e-05	5.86e-05	5.86e-05	7.07e-05	7.07e-05	7.07e-05	7.07e-05	7.08e-05	7.08e-05	7.08e-05	7.08e-05	7.08e-05	7.08e-05	7.08e-05	7.08e-05	8.66e-05	5.89e-05	5.89e-05	5.89e-05	7.09e-05	7.09e-05	7.09e-05	7.09e-05	7.10e-05	7.10e-05	7.10e-05	7.10e-05	7.09e-05	7.09e-05	7.09e-05	7.09e-05	
8.66e-05	5.89e-05	5.89e-05	5.89e-05	7.09e-05	7.09e-05	7.09e-05	7.09e-05	7.10e-05	7.10e-05	7.10e-05	7.10e-05	7.09e-05	7.09e-05	7.09e-05	7.09e-05	8.65e-05	5.88e-05	5.88e-05	5.87e-05	7.08e-05	7.08e-05	7.08e-05	7.08e-05	7.09e-05	7.09e-05	7.09e-05	7.09e-05	7.09e-05	7.09e-05	7.09e-05	7.09e-05	
8.65e-05	5.88e-05	5.88e-05	5.87e-05	7.08e-05	7.08e-05	7.08e-05	7.08e-05	7.09e-05	7.09e-05	7.09e-05	7.09e-05	7.09e-05	7.09e-05	7.09e-05	7.09e-05	
Percent Rank 0: 45
NodeSizeMsgs 32768
PMsgSize 14745
AvgMsgSize 1201
8.33e-05	5.50e-05	5.50e-05	5.50e-05	6.49e-05	6.50e-05	6.50e-05	6.50e-05	6.51e-05	6.51e-05	6.51e-05	6.51e-05	6.50e-05	6.51e-05	6.50e-05	6.50e-05	
8.33e-05	5.50e-05	5.50e-05	5.50e-05	6.50e-05	6.50e-05	6.50e-05	6.50e-05	6.51e-05	6.51e-05	6.51e-05	6.51e-05	6.50e-05	6.51e-05	6.50e-05	6.50e-05	8.34e-05	5.52e-05	5.52e-05	5.52e-05	6.51e-05	6.51e-05	6.51e-05	6.51e-05	6.52e-05	6.52e-05	6.52e-05	6.52e-05	6.52e-05	6.52e-05	6.52e-05	6.52e-05	
8.34e-05	5.52e-05	5.52e-05	5.52e-05	6.51e-05	6.51e-05	6.51e-05	6.51e-05	6.52e-05	6.52e-05	6.52e-05	6.52e-05	6.52e-05	6.52e-05	6.52e-05	6.52e-05	8.34e-05	5.51e-05	5.51e-05	5.51e-05	6.50e-05	6.50e-05	6.50e-05	6.50e-05	6.52e-05	6.52e-05	6.52e-05	6.52e-05	6.51e-05	6.51e-05	6.51e-05	6.51e-05	
8.34e-05	5.51e-05	5.51e-05	5.51e-05	6.50e-05	6.50e-05	6.50e-05	6.50e-05	6.52e-05	6.52e-05	6.52e-05	6.52e-05	6.51e-05	6.51e-05	6.51e-05	6.51e-05	8.32e-05	5.48e-05	5.49e-05	5.49e-05	6.49e-05	6.49e-05	6.49e-05	6.49e-05	6.50e-05	6.50e-05	6.50e-05	6.50e-05	6.50e-05	6.50e-05	6.50e-05	6.50e-05	
8.32e-05	5.48e-05	5.48e-05	5.49e-05	6.49e-05	6.49e-05	6.49e-05	6.49e-05	6.50e-05	6.50e-05	6.50e-05	6.50e-05	6.50e-05	6.50e-05	6.50e-05	6.50e-05	
Percent Rank 0: 50
NodeSizeMsgs 32768
PMsgSize 16384
AvgMsgSize 1092
7.93e-05	4.99e-05	4.99e-05	4.99e-05	5.80e-05	5.80e-05	5.80e-05	5.80e-05	5.81e-05	5.81e-05	5.81e-05	5.81e-05	5.80e-05	5.80e-05	5.80e-05	5.80e-05	
7.93e-05	4.99e-05	4.99e-05	4.99e-05	5.80e-05	5.80e-05	5.80e-05	5.80e-05	5.81e-05	5.81e-05	5.81e-05	5.81e-05	5.80e-05	5.80e-05	5.80e-05	5.80e-05	8.14e-05	4.98e-05	4.98e-05	4.98e-05	6.02e-05	6.02e-05	6.02e-05	6.02e-05	6.02e-05	6.02e-05	6.02e-05	6.02e-05	6.02e-05	6.02e-05	6.01e-05	6.02e-05	
8.14e-05	4.98e-05	4.97e-05	4.98e-05	6.02e-05	6.02e-05	6.02e-05	6.02e-05	6.02e-05	6.02e-05	6.02e-05	6.02e-05	6.02e-05	6.02e-05	6.01e-05	6.02e-05	7.92e-05	4.99e-05	4.99e-05	4.99e-05	5.79e-05	5.79e-05	5.79e-05	5.79e-05	5.81e-05	5.81e-05	5.80e-05	5.81e-05	5.80e-05	5.80e-05	5.80e-05	5.80e-05	
7.92e-05	4.99e-05	4.99e-05	4.99e-05	5.79e-05	5.79e-05	5.79e-05	5.79e-05	5.81e-05	5.81e-05	5.80e-05	5.81e-05	5.80e-05	5.80e-05	5.80e-05	5.80e-05	7.92e-05	4.99e-05	4.99e-05	4.98e-05	5.80e-05	5.79e-05	5.79e-05	5.79e-05	5.80e-05	5.80e-05	5.80e-05	5.80e-05	5.80e-05	5.80e-05	5.80e-05	5.80e-05	
7.92e-05	4.99e-05	4.99e-05	4.98e-05	5.80e-05	5.79e-05	5.79e-05	5.79e-05	5.80e-05	5.80e-05	5.80e-05	5.80e-05	5.80e-05	5.80e-05	5.80e-05	5.80e-05	
Percent Rank 0: 55
NodeSizeMsgs 32768
PMsgSize 18022
AvgMsgSize 983
7.54e-05	4.43e-05	4.43e-05	4.43e-05	5.10e-05	5.10e-05	5.11e-05	5.11e-05	5.12e-05	5.12e-05	5.12e-05	5.12e-05	5.11e-05	5.11e-05	5.11e-05	5.11e-05	
7.54e-05	4.43e-05	4.43e-05	4.43e-05	5.10e-05	5.10e-05	5.11e-05	5.11e-05	5.12e-05	5.12e-05	5.12e-05	5.12e-05	5.11e-05	5.11e-05	5.11e-05	5.11e-05	7.53e-05	4.42e-05	4.41e-05	4.41e-05	5.10e-05	5.09e-05	5.09e-05	5.10e-05	5.10e-05	5.10e-05	5.10e-05	5.10e-05	5.10e-05	5.10e-05	5.10e-05	5.10e-05	
7.53e-05	4.42e-05	4.41e-05	4.41e-05	5.10e-05	5.09e-05	5.09e-05	5.10e-05	5.10e-05	5.10e-05	5.10e-05	5.10e-05	5.10e-05	5.10e-05	5.10e-05	5.10e-05	7.54e-05	4.42e-05	4.42e-05	4.42e-05	5.10e-05	5.10e-05	5.10e-05	5.10e-05	5.11e-05	5.11e-05	5.11e-05	5.11e-05	5.10e-05	5.10e-05	5.10e-05	5.10e-05	
7.54e-05	4.42e-05	4.42e-05	4.42e-05	5.10e-05	5.10e-05	5.10e-05	5.10e-05	5.11e-05	5.11e-05	5.11e-05	5.11e-05	5.10e-05	5.10e-05	5.10e-05	5.10e-05	7.53e-05	4.41e-05	4.41e-05	4.41e-05	5.08e-05	5.08e-05	5.09e-05	5.08e-05	5.10e-05	5.10e-05	5.10e-05	5.10e-05	5.10e-05	5.10e-05	5.10e-05	5.10e-05	
7.53e-05	4.41e-05	4.41e-05	4.41e-05	5.08e-05	5.08e-05	5.09e-05	5.08e-05	5.10e-05	5.10e-05	5.10e-05	5.10e-05	5.10e-05	5.10e-05	5.10e-05	5.10e-05	
Percent Rank 0: 60
NodeSizeMsgs 32768
PMsgSize 19660
AvgMsgSize 873
7.10e-05	3.93e-05	3.93e-05	3.93e-05	4.38e-05	4.37e-05	4.38e-05	4.38e-05	4.39e-05	4.39e-05	4.39e-05	4.39e-05	4.38e-05	4.38e-05	4.38e-05	4.38e-05	
7.10e-05	3.93e-05	3.93e-05	3.93e-05	4.38e-05	4.37e-05	4.38e-05	4.38e-05	4.39e-05	4.39e-05	4.39e-05	4.39e-05	4.38e-05	4.38e-05	4.38e-05	4.38e-05	7.10e-05	3.94e-05	3.94e-05	3.94e-05	4.39e-05	4.39e-05	4.39e-05	4.38e-05	4.40e-05	4.40e-05	4.40e-05	4.40e-05	4.39e-05	4.39e-05	4.39e-05	4.39e-05	
7.10e-05	3.94e-05	3.94e-05	3.94e-05	4.39e-05	4.39e-05	4.39e-05	4.38e-05	4.40e-05	4.40e-05	4.40e-05	4.40e-05	4.39e-05	4.39e-05	4.39e-05	4.39e-05	7.09e-05	3.93e-05	3.92e-05	3.92e-05	4.38e-05	4.37e-05	4.37e-05	4.37e-05	4.38e-05	4.38e-05	4.38e-05	4.38e-05	4.38e-05	4.38e-05	4.38e-05	4.38e-05	
7.09e-05	3.93e-05	3.92e-05	3.92e-05	4.38e-05	4.37e-05	4.37e-05	4.37e-05	4.38e-05	4.38e-05	4.38e-05	4.38e-05	4.38e-05	4.38e-05	4.38e-05	4.38e-05	7.09e-05	3.92e-05	3.92e-05	3.92e-05	4.38e-05	4.37e-05	4.37e-05	4.37e-05	4.39e-05	4.38e-05	4.38e-05	4.38e-05	4.38e-05	4.38e-05	4.38e-05	4.38e-05	
7.09e-05	3.92e-05	3.92e-05	3.92e-05	4.38e-05	4.37e-05	4.37e-05	4.37e-05	4.39e-05	4.38e-05	4.38e-05	4.38e-05	4.38e-05	4.38e-05	4.38e-05	4.38e-05	
Percent Rank 0: 65
NodeSizeMsgs 32768
PMsgSize 21299
AvgMsgSize 764
6.72e-05	3.37e-05	3.37e-05	3.37e-05	3.75e-05	3.75e-05	3.75e-05	3.75e-05	3.76e-05	3.76e-05	3.76e-05	3.76e-05	3.75e-05	3.75e-05	3.75e-05	3.75e-05	
6.72e-05	3.37e-05	3.37e-05	3.37e-05	3.75e-05	3.75e-05	3.75e-05	3.75e-05	3.76e-05	3.76e-05	3.76e-05	3.76e-05	3.75e-05	3.75e-05	3.75e-05	3.75e-05	6.74e-05	3.37e-05	3.37e-05	3.37e-05	3.76e-05	3.76e-05	3.76e-05	3.75e-05	3.76e-05	3.76e-05	3.76e-05	3.76e-05	3.75e-05	3.75e-05	3.75e-05	3.75e-05	
6.74e-05	3.37e-05	3.37e-05	3.37e-05	3.76e-05	3.76e-05	3.76e-05	3.75e-05	3.76e-05	3.76e-05	3.76e-05	3.76e-05	3.75e-05	3.75e-05	3.75e-05	3.75e-05	6.73e-05	3.38e-05	3.37e-05	3.38e-05	3.76e-05	3.76e-05	3.76e-05	3.76e-05	3.76e-05	3.76e-05	3.76e-05	3.76e-05	3.75e-05	3.75e-05	3.75e-05	3.75e-05	
6.73e-05	3.38e-05	3.37e-05	3.38e-05	3.76e-05	3.76e-05	3.76e-05	3.76e-05	3.76e-05	3.76e-05	3.76e-05	3.76e-05	3.75e-05	3.75e-05	3.75e-05	3.75e-05	6.72e-05	3.37e-05	3.37e-05	3.37e-05	3.76e-05	3.76e-05	3.76e-05	3.76e-05	3.76e-05	3.76e-05	3.76e-05	3.76e-05	3.75e-05	3.75e-05	3.75e-05	3.75e-05	
6.72e-05	3.37e-05	3.37e-05	3.37e-05	3.76e-05	3.76e-05	3.76e-05	3.76e-05	3.76e-05	3.76e-05	3.76e-05	3.76e-05	3.75e-05	3.75e-05	3.75e-05	3.75e-05	
Percent Rank 0: 70
NodeSizeMsgs 32768
PMsgSize 22937
AvgMsgSize 655
6.56e-05	3.00e-05	3.00e-05	3.00e-05	3.35e-05	3.34e-05	3.35e-05	3.35e-05	3.36e-05	3.36e-05	3.36e-05	3.36e-05	3.35e-05	3.35e-05	3.35e-05	3.35e-05	
6.56e-05	3.00e-05	3.00e-05	3.00e-05	3.35e-05	3.34e-05	3.34e-05	3.35e-05	3.36e-05	3.36e-05	3.36e-05	3.36e-05	3.35e-05	3.35e-05	3.35e-05	3.35e-05	6.57e-05	2.99e-05	2.99e-05	2.99e-05	3.35e-05	3.35e-05	3.35e-05	3.35e-05	3.36e-05	3.36e-05	3.36e-05	3.36e-05	3.35e-05	3.35e-05	3.35e-05	3.35e-05	
6.57e-05	3.00e-05	2.99e-05	2.99e-05	3.35e-05	3.35e-05	3.35e-05	3.35e-05	3.36e-05	3.36e-05	3.36e-05	3.36e-05	3.35e-05	3.35e-05	3.35e-05	3.35e-05	6.56e-05	2.99e-05	2.99e-05	3.00e-05	3.35e-05	3.35e-05	3.35e-05	3.35e-05	3.36e-05	3.36e-05	3.36e-05	3.36e-05	3.35e-05	3.35e-05	3.35e-05	3.35e-05	
6.56e-05	2.99e-05	2.99e-05	3.00e-05	3.35e-05	3.35e-05	3.35e-05	3.35e-05	3.36e-05	3.36e-05	3.36e-05	3.36e-05	3.35e-05	3.35e-05	3.35e-05	3.35e-05	6.56e-05	2.99e-05	2.99e-05	2.99e-05	3.35e-05	3.34e-05	3.35e-05	3.35e-05	3.36e-05	3.36e-05	3.36e-05	3.36e-05	3.35e-05	3.35e-05	3.35e-05	3.35e-05	
6.56e-05	2.99e-05	2.99e-05	2.99e-05	3.35e-05	3.34e-05	3.35e-05	3.35e-05	3.36e-05	3.36e-05	3.35e-05	3.36e-05	3.35e-05	3.35e-05	3.35e-05	3.35e-05	
Percent Rank 0: 75
NodeSizeMsgs 32768
PMsgSize 24576
AvgMsgSize 546
6.54e-05	2.85e-05	2.85e-05	2.85e-05	3.12e-05	3.11e-05	3.11e-05	3.11e-05	3.12e-05	3.12e-05	3.12e-05	3.12e-05	3.12e-05	3.12e-05	3.12e-05	3.12e-05	
6.54e-05	2.85e-05	2.85e-05	2.85e-05	3.12e-05	3.11e-05	3.11e-05	3.11e-05	3.12e-05	3.12e-05	3.12e-05	3.12e-05	3.12e-05	3.12e-05	3.12e-05	3.12e-05	6.54e-05	2.85e-05	2.84e-05	2.85e-05	3.11e-05	3.11e-05	3.11e-05	3.11e-05	3.12e-05	3.12e-05	3.12e-05	3.12e-05	3.12e-05	3.12e-05	3.11e-05	3.12e-05	
6.54e-05	2.85e-05	2.84e-05	2.85e-05	3.11e-05	3.11e-05	3.11e-05	3.11e-05	3.12e-05	3.12e-05	3.12e-05	3.12e-05	3.12e-05	3.12e-05	3.11e-05	3.12e-05	6.54e-05	2.85e-05	2.84e-05	2.85e-05	3.11e-05	3.11e-05	3.11e-05	3.11e-05	3.12e-05	3.11e-05	3.11e-05	3.11e-05	3.11e-05	3.11e-05	3.11e-05	3.11e-05	
6.54e-05	2.85e-05	2.84e-05	2.85e-05	3.11e-05	3.11e-05	3.11e-05	3.11e-05	3.12e-05	3.11e-05	3.11e-05	3.11e-05	3.11e-05	3.11e-05	3.11e-05	3.11e-05	6.54e-05	2.85e-05	2.85e-05	2.85e-05	3.12e-05	3.11e-05	3.11e-05	3.12e-05	3.12e-05	3.12e-05	3.12e-05	3.12e-05	3.12e-05	3.12e-05	3.12e-05	3.12e-05	
6.54e-05	2.85e-05	2.85e-05	2.85e-05	3.12e-05	3.11e-05	3.11e-05	3.12e-05	3.12e-05	3.12e-05	3.12e-05	3.12e-05	3.12e-05	3.12e-05	3.12e-05	3.12e-05	
Percent Rank 0: 80
NodeSizeMsgs 32768
PMsgSize 26214
AvgMsgSize 436
6.01e-05	2.21e-05	2.20e-05	2.21e-05	2.39e-05	2.38e-05	2.38e-05	2.39e-05	2.40e-05	2.39e-05	2.39e-05	2.39e-05	2.39e-05	2.39e-05	2.39e-05	2.39e-05	
6.01e-05	2.21e-05	2.20e-05	2.21e-05	2.39e-05	2.38e-05	2.38e-05	2.39e-05	2.40e-05	2.39e-05	2.39e-05	2.39e-05	2.39e-05	2.39e-05	2.39e-05	2.38e-05	6.00e-05	2.21e-05	2.20e-05	2.20e-05	2.38e-05	2.37e-05	2.37e-05	2.38e-05	2.39e-05	2.39e-05	2.39e-05	2.39e-05	2.38e-05	2.38e-05	2.38e-05	2.38e-05	
6.00e-05	2.21e-05	2.20e-05	2.20e-05	2.38e-05	2.37e-05	2.37e-05	2.38e-05	2.39e-05	2.39e-05	2.39e-05	2.39e-05	2.38e-05	2.38e-05	2.38e-05	2.38e-05	6.02e-05	2.22e-05	2.21e-05	2.22e-05	2.39e-05	2.39e-05	2.39e-05	2.39e-05	2.40e-05	2.40e-05	2.40e-05	2.40e-05	2.39e-05	2.39e-05	2.39e-05	2.39e-05	
6.02e-05	2.22e-05	2.21e-05	2.22e-05	2.39e-05	2.39e-05	2.39e-05	2.39e-05	2.40e-05	2.40e-05	2.40e-05	2.40e-05	2.39e-05	2.39e-05	2.39e-05	2.39e-05	6.00e-05	2.20e-05	2.19e-05	2.19e-05	2.37e-05	2.37e-05	2.37e-05	2.37e-05	2.38e-05	2.38e-05	2.38e-05	2.38e-05	2.38e-05	2.38e-05	2.37e-05	2.37e-05	
6.00e-05	2.20e-05	2.19e-05	2.19e-05	2.37e-05	2.37e-05	2.37e-05	2.37e-05	2.38e-05	2.38e-05	2.38e-05	2.38e-05	2.38e-05	2.38e-05	2.37e-05	2.37e-05	
Percent Rank 0: 85
NodeSizeMsgs 32768
PMsgSize 27852
AvgMsgSize 327
5.62e-05	1.66e-05	1.65e-05	1.66e-05	1.80e-05	1.79e-05	1.79e-05	1.80e-05	1.81e-05	1.81e-05	1.81e-05	1.81e-05	1.80e-05	1.80e-05	1.80e-05	1.80e-05	
5.62e-05	1.66e-05	1.65e-05	1.66e-05	1.80e-05	1.79e-05	1.79e-05	1.80e-05	1.81e-05	1.81e-05	1.81e-05	1.81e-05	1.80e-05	1.80e-05	1.80e-05	1.80e-05	5.62e-05	1.65e-05	1.65e-05	1.66e-05	1.79e-05	1.79e-05	1.79e-05	1.80e-05	1.81e-05	1.80e-05	1.80e-05	1.80e-05	1.80e-05	1.80e-05	1.80e-05	1.80e-05	
5.62e-05	1.65e-05	1.65e-05	1.66e-05	1.79e-05	1.79e-05	1.79e-05	1.80e-05	1.81e-05	1.80e-05	1.80e-05	1.80e-05	1.80e-05	1.80e-05	1.80e-05	1.80e-05	5.62e-05	1.66e-05	1.65e-05	1.66e-05	1.80e-05	1.79e-05	1.79e-05	1.79e-05	1.81e-05	1.81e-05	1.81e-05	1.81e-05	1.80e-05	1.80e-05	1.80e-05	1.80e-05	
5.62e-05	1.66e-05	1.65e-05	1.66e-05	1.80e-05	1.79e-05	1.79e-05	1.79e-05	1.81e-05	1.81e-05	1.81e-05	1.81e-05	1.80e-05	1.80e-05	1.80e-05	1.80e-05	5.60e-05	1.66e-05	1.65e-05	1.65e-05	1.80e-05	1.79e-05	1.79e-05	1.80e-05	1.81e-05	1.81e-05	1.81e-05	1.81e-05	1.80e-05	1.80e-05	1.80e-05	1.80e-05	
5.60e-05	1.66e-05	1.65e-05	1.65e-05	1.80e-05	1.79e-05	1.79e-05	1.80e-05	1.81e-05	1.81e-05	1.81e-05	1.81e-05	1.80e-05	1.80e-05	1.80e-05	1.80e-05	
Percent Rank 0: 90
NodeSizeMsgs 32768
PMsgSize 29491
AvgMsgSize 218
5.34e-05	1.15e-05	1.15e-05	1.15e-05	1.21e-05	1.21e-05	1.21e-05	1.21e-05	1.22e-05	1.22e-05	1.22e-05	1.22e-05	1.21e-05	1.21e-05	1.21e-05	1.21e-05	
5.34e-05	1.15e-05	1.15e-05	1.15e-05	1.21e-05	1.21e-05	1.21e-05	1.21e-05	1.22e-05	1.22e-05	1.22e-05	1.22e-05	1.21e-05	1.21e-05	1.21e-05	1.21e-05	5.34e-05	1.15e-05	1.15e-05	1.15e-05	1.21e-05	1.21e-05	1.21e-05	1.21e-05	1.22e-05	1.22e-05	1.22e-05	1.22e-05	1.21e-05	1.22e-05	1.22e-05	1.22e-05	
5.34e-05	1.15e-05	1.15e-05	1.15e-05	1.21e-05	1.21e-05	1.21e-05	1.21e-05	1.22e-05	1.22e-05	1.22e-05	1.22e-05	1.21e-05	1.22e-05	1.22e-05	1.22e-05	5.34e-05	1.14e-05	1.14e-05	1.15e-05	1.21e-05	1.21e-05	1.21e-05	1.21e-05	1.22e-05	1.21e-05	1.21e-05	1.22e-05	1.21e-05	1.21e-05	1.21e-05	1.21e-05	
5.34e-05	1.14e-05	1.14e-05	1.15e-05	1.21e-05	1.21e-05	1.21e-05	1.21e-05	1.22e-05	1.21e-05	1.21e-05	1.22e-05	1.21e-05	1.21e-05	1.21e-05	1.21e-05	5.35e-05	1.15e-05	1.15e-05	1.15e-05	1.21e-05	1.21e-05	1.21e-05	1.21e-05	1.22e-05	1.22e-05	1.22e-05	1.22e-05	1.21e-05	1.22e-05	1.21e-05	1.21e-05	
5.35e-05	1.15e-05	1.15e-05	1.15e-05	1.21e-05	1.21e-05	1.21e-05	1.21e-05	1.22e-05	1.22e-05	1.22e-05	1.22e-05	1.21e-05	1.22e-05	1.21e-05	1.21e-05	
Percent Rank 0: 95
NodeSizeMsgs 32768
PMsgSize 31129
AvgMsgSize 109
5.19e-05	7.43e-06	7.37e-06	7.35e-06	7.88e-06	7.85e-06	7.82e-06	7.83e-06	7.92e-06	7.92e-06	7.93e-06	7.91e-06	7.88e-06	7.87e-06	7.84e-06	7.87e-06	
5.19e-05	7.43e-06	7.37e-06	7.35e-06	7.88e-06	7.85e-06	7.82e-06	7.83e-06	7.92e-06	7.92e-06	7.93e-06	7.91e-06	7.88e-06	7.87e-06	7.84e-06	7.87e-06	5.20e-05	7.43e-06	7.37e-06	7.35e-06	7.89e-06	7.85e-06	7.82e-06	7.83e-06	7.93e-06	7.91e-06	7.92e-06	7.91e-06	7.86e-06	7.87e-06	7.83e-06	7.86e-06	
5.20e-05	7.43e-06	7.37e-06	7.35e-06	7.88e-06	7.85e-06	7.82e-06	7.83e-06	7.93e-06	7.91e-06	7.92e-06	7.91e-06	7.86e-06	7.87e-06	7.83e-06	7.86e-06	5.26e-05	7.42e-06	7.42e-06	7.36e-06	7.88e-06	7.85e-06	7.81e-06	7.83e-06	7.92e-06	7.92e-06	7.91e-06	7.92e-06	7.87e-06	7.88e-06	7.84e-06	7.87e-06	
5.26e-05	7.42e-06	7.41e-06	7.36e-06	7.88e-06	7.85e-06	7.81e-06	7.83e-06	7.92e-06	7.92e-06	7.91e-06	7.91e-06	7.87e-06	7.88e-06	7.84e-06	7.87e-06	5.22e-05	7.41e-06	7.37e-06	7.36e-06	7.89e-06	7.86e-06	7.81e-06	7.85e-06	7.94e-06	7.90e-06	7.91e-06	7.92e-06	7.88e-06	7.89e-06	7.85e-06	7.86e-06	
5.22e-05	7.41e-06	7.37e-06	7.36e-06	7.89e-06	7.86e-06	7.81e-06	7.85e-06	7.94e-06	7.90e-06	7.91e-06	7.92e-06	7.88e-06	7.89e-06	7.85e-06	7.86e-06	
Percent Rank 0: 100
NodeSizeMsgs 32768
PMsgSize 32768
AvgMsgSize 0
5.12e-05	-1.00e+00	-1.00e+00	-1.00e+00	-1.00e+00	-1.00e+00	-1.00e+00	-1.00e+00	-1.00e+00	-1.00e+00	-1.00e+00	-1.00e+00	-1.00e+00	-1.00e+00	-1.00e+00	-1.00e+00	
5.12e-05	-1.00e+00	-1.00e+00	-1.00e+00	-1.00e+00	-1.00e+00	-1.00e+00	-1.00e+00	-1.00e+00	-1.00e+00	-1.00e+00	-1.00e+00	-1.00e+00	-1.00e+00	-1.00e+00	-1.00e+00	5.12e-05	-1.00e+00	-1.00e+00	-1.00e+00	-1.00e+00	-1.00e+00	-1.00e+00	-1.00e+00	-1.00e+00	-1.00e+00	-1.00e+00	-1.00e+00	-1.00e+00	-1.00e+00	-1.00e+00	-1.00e+00	
5.12e-05	-1.00e+00	-1.00e+00	-1.00e+00	-1.00e+00	-1.00e+00	-1.00e+00	-1.00e+00	-1.00e+00	-1.00e+00	-1.00e+00	-1.00e+00	-1.00e+00	-1.00e+00	-1.00e+00	-1.00e+00	5.12e-05	-1.00e+00	-1.00e+00	-1.00e+00	-1.00e+00	-1.00e+00	-1.00e+00	-1.00e+00	-1.00e+00	-1.00e+00	-1.00e+00	-1.00e+00	-1.00e+00	-1.00e+00	-1.00e+00	-1.00e+00	
5.12e-05	-1.00e+00	-1.00e+00	-1.00e+00	-1.00e+00	-1.00e+00	-1.00e+00	-1.00e+00	-1.00e+00	-1.00e+00	-1.00e+00	-1.00e+00	-1.00e+00	-1.00e+00	-1.00e+00	-1.00e+00	5.12e-05	-1.00e+00	-1.00e+00	-1.00e+00	-1.00e+00	-1.00e+00	-1.00e+00	-1.00e+00	-1.00e+00	-1.00e+00	-1.00e+00	-1.00e+00	-1.00e+00	-1.00e+00	-1.00e+00	-1.00e+00	
5.12e-05	-1.00e+00	-1.00e+00	-1.00e+00	-1.00e+00	-1.00e+00	-1.00e+00	-1.00e+00	-1.00e+00	-1.00e+00	-1.00e+00	-1.00e+00	-1.00e+00	-1.00e+00	-1.00e+00	-1.00e+00	


