Percent Rank 0: 0
NodeSizeMsgs 4096
1.21e-05	1.22e-05	1.22e-05	1.21e-05	
Percent Rank 0: 5
NodeSizeMsgs 4096
1.18e-05	1.19e-05	1.18e-05	1.18e-05	
Percent Rank 0: 10
NodeSizeMsgs 4096
1.16e-05	1.16e-05	1.15e-05	1.16e-05	
Percent Rank 0: 15
NodeSizeMsgs 4096
1.14e-05	1.13e-05	1.14e-05	1.14e-05	
Percent Rank 0: 20
NodeSizeMsgs 4096
1.12e-05	1.12e-05	1.12e-05	1.12e-05	
Percent Rank 0: 25
NodeSizeMsgs 4096
1.10e-05	1.10e-05	1.10e-05	1.10e-05	
Percent Rank 0: 30
NodeSizeMsgs 4096
1.10e-05	1.10e-05	1.10e-05	2.22e-05	
Percent Rank 0: 35
NodeSizeMsgs 4096
1.16e-05	1.17e-05	1.45e-05	1.16e-05	
Percent Rank 0: 40
NodeSizeMsgs 4096
2.31e-05	1.20e-05	1.20e-05	1.20e-05	
Percent Rank 0: 45
NodeSizeMsgs 4096
1.25e-05	1.25e-05	1.25e-05	1.25e-05	
Percent Rank 0: 50
NodeSizeMsgs 4096
1.71e-05	1.71e-05	1.71e-05	1.71e-05	
Percent Rank 0: 55
NodeSizeMsgs 4096
1.72e-05	1.72e-05	1.72e-05	1.72e-05	
Percent Rank 0: 60
NodeSizeMsgs 4096
1.73e-05	1.73e-05	1.73e-05	1.72e-05	
Percent Rank 0: 65
NodeSizeMsgs 4096
1.73e-05	1.73e-05	1.73e-05	1.73e-05	
Percent Rank 0: 70
NodeSizeMsgs 4096
1.75e-05	1.75e-05	1.76e-05	1.76e-05	
Percent Rank 0: 75
NodeSizeMsgs 4096
1.77e-05	1.76e-05	1.76e-05	1.76e-05	
Percent Rank 0: 80
NodeSizeMsgs 4096
1.77e-05	1.77e-05	1.77e-05	1.77e-05	
Percent Rank 0: 85
NodeSizeMsgs 4096
1.79e-05	1.79e-05	1.78e-05	1.79e-05	
Percent Rank 0: 90
NodeSizeMsgs 4096
1.80e-05	1.80e-05	1.80e-05	1.80e-05	
Percent Rank 0: 95
NodeSizeMsgs 4096
1.82e-05	1.82e-05	1.82e-05	1.82e-05	
Percent Rank 0: 100
NodeSizeMsgs 4096
1.84e-05	1.83e-05	1.84e-05	1.84e-05
