P0 Msg Size 500
P1-15MsgSize 0
4.78e-06	-1.00e+00	-1.00e+00	-1.00e+00	-1.00e+00	-1.00e+00	-1.00e+00	-1.00e+00	-1.00e+00	-1.00e+00	-1.00e+00	-1.00e+00	-1.00e+00	-1.00e+00	-1.00e+00	-1.00e+00	
4.78e-06	-1.00e+00	-1.00e+00	-1.00e+00	-1.00e+00	-1.00e+00	-1.00e+00	-1.00e+00	-1.00e+00	-1.00e+00	-1.00e+00	-1.00e+00	-1.00e+00	-1.00e+00	-1.00e+00	-1.00e+00	4.81e-06	-1.00e+00	-1.00e+00	-1.00e+00	-1.00e+00	-1.00e+00	-1.00e+00	-1.00e+00	-1.00e+00	-1.00e+00	-1.00e+00	-1.00e+00	-1.00e+00	-1.00e+00	-1.00e+00	-1.00e+00	
4.81e-06	-1.00e+00	-1.00e+00	-1.00e+00	-1.00e+00	-1.00e+00	-1.00e+00	-1.00e+00	-1.00e+00	-1.00e+00	-1.00e+00	-1.00e+00	-1.00e+00	-1.00e+00	-1.00e+00	-1.00e+00	4.80e-06	-1.00e+00	-1.00e+00	-1.00e+00	-1.00e+00	-1.00e+00	-1.00e+00	-1.00e+00	-1.00e+00	-1.00e+00	-1.00e+00	-1.00e+00	-1.00e+00	-1.00e+00	-1.00e+00	-1.00e+00	
4.80e-06	-1.00e+00	-1.00e+00	-1.00e+00	-1.00e+00	-1.00e+00	-1.00e+00	-1.00e+00	-1.00e+00	-1.00e+00	-1.00e+00	-1.00e+00	-1.00e+00	-1.00e+00	-1.00e+00	-1.00e+00	4.79e-06	-1.00e+00	-1.00e+00	-1.00e+00	-1.00e+00	-1.00e+00	-1.00e+00	-1.00e+00	-1.00e+00	-1.00e+00	-1.00e+00	-1.00e+00	-1.00e+00	-1.00e+00	-1.00e+00	-1.00e+00	
4.79e-06	-1.00e+00	-1.00e+00	-1.00e+00	-1.00e+00	-1.00e+00	-1.00e+00	-1.00e+00	-1.00e+00	-1.00e+00	-1.00e+00	-1.00e+00	-1.00e+00	-1.00e+00	-1.00e+00	-1.00e+00	

P0 Msg Size 600
P1-15MsgSize 0
5.23e-06	-1.00e+00	-1.00e+00	-1.00e+00	-1.00e+00	-1.00e+00	-1.00e+00	-1.00e+00	-1.00e+00	-1.00e+00	-1.00e+00	-1.00e+00	-1.00e+00	-1.00e+00	-1.00e+00	-1.00e+00	
5.23e-06	-1.00e+00	-1.00e+00	-1.00e+00	-1.00e+00	-1.00e+00	-1.00e+00	-1.00e+00	-1.00e+00	-1.00e+00	-1.00e+00	-1.00e+00	-1.00e+00	-1.00e+00	-1.00e+00	-1.00e+00	5.18e-06	-1.00e+00	-1.00e+00	-1.00e+00	-1.00e+00	-1.00e+00	-1.00e+00	-1.00e+00	-1.00e+00	-1.00e+00	-1.00e+00	-1.00e+00	-1.00e+00	-1.00e+00	-1.00e+00	-1.00e+00	
5.18e-06	-1.00e+00	-1.00e+00	-1.00e+00	-1.00e+00	-1.00e+00	-1.00e+00	-1.00e+00	-1.00e+00	-1.00e+00	-1.00e+00	-1.00e+00	-1.00e+00	-1.00e+00	-1.00e+00	-1.00e+00	5.26e-06	-1.00e+00	-1.00e+00	-1.00e+00	-1.00e+00	-1.00e+00	-1.00e+00	-1.00e+00	-1.00e+00	-1.00e+00	-1.00e+00	-1.00e+00	-1.00e+00	-1.00e+00	-1.00e+00	-1.00e+00	
5.26e-06	-1.00e+00	-1.00e+00	-1.00e+00	-1.00e+00	-1.00e+00	-1.00e+00	-1.00e+00	-1.00e+00	-1.00e+00	-1.00e+00	-1.00e+00	-1.00e+00	-1.00e+00	-1.00e+00	-1.00e+00	5.17e-06	-1.00e+00	-1.00e+00	-1.00e+00	-1.00e+00	-1.00e+00	-1.00e+00	-1.00e+00	-1.00e+00	-1.00e+00	-1.00e+00	-1.00e+00	-1.00e+00	-1.00e+00	-1.00e+00	-1.00e+00	
5.17e-06	-1.00e+00	-1.00e+00	-1.00e+00	-1.00e+00	-1.00e+00	-1.00e+00	-1.00e+00	-1.00e+00	-1.00e+00	-1.00e+00	-1.00e+00	-1.00e+00	-1.00e+00	-1.00e+00	-1.00e+00	

P0 Msg Size 700
P1-15MsgSize 0
5.57e-06	-1.00e+00	-1.00e+00	-1.00e+00	-1.00e+00	-1.00e+00	-1.00e+00	-1.00e+00	-1.00e+00	-1.00e+00	-1.00e+00	-1.00e+00	-1.00e+00	-1.00e+00	-1.00e+00	-1.00e+00	
5.57e-06	-1.00e+00	-1.00e+00	-1.00e+00	-1.00e+00	-1.00e+00	-1.00e+00	-1.00e+00	-1.00e+00	-1.00e+00	-1.00e+00	-1.00e+00	-1.00e+00	-1.00e+00	-1.00e+00	-1.00e+00	5.57e-06	-1.00e+00	-1.00e+00	-1.00e+00	-1.00e+00	-1.00e+00	-1.00e+00	-1.00e+00	-1.00e+00	-1.00e+00	-1.00e+00	-1.00e+00	-1.00e+00	-1.00e+00	-1.00e+00	-1.00e+00	
5.57e-06	-1.00e+00	-1.00e+00	-1.00e+00	-1.00e+00	-1.00e+00	-1.00e+00	-1.00e+00	-1.00e+00	-1.00e+00	-1.00e+00	-1.00e+00	-1.00e+00	-1.00e+00	-1.00e+00	-1.00e+00	5.57e-06	-1.00e+00	-1.00e+00	-1.00e+00	-1.00e+00	-1.00e+00	-1.00e+00	-1.00e+00	-1.00e+00	-1.00e+00	-1.00e+00	-1.00e+00	-1.00e+00	-1.00e+00	-1.00e+00	-1.00e+00	
5.57e-06	-1.00e+00	-1.00e+00	-1.00e+00	-1.00e+00	-1.00e+00	-1.00e+00	-1.00e+00	-1.00e+00	-1.00e+00	-1.00e+00	-1.00e+00	-1.00e+00	-1.00e+00	-1.00e+00	-1.00e+00	5.52e-06	-1.00e+00	-1.00e+00	-1.00e+00	-1.00e+00	-1.00e+00	-1.00e+00	-1.00e+00	-1.00e+00	-1.00e+00	-1.00e+00	-1.00e+00	-1.00e+00	-1.00e+00	-1.00e+00	-1.00e+00	
5.52e-06	-1.00e+00	-1.00e+00	-1.00e+00	-1.00e+00	-1.00e+00	-1.00e+00	-1.00e+00	-1.00e+00	-1.00e+00	-1.00e+00	-1.00e+00	-1.00e+00	-1.00e+00	-1.00e+00	-1.00e+00	

P0 Msg Size 800
P1-15MsgSize 0
5.89e-06	-1.00e+00	-1.00e+00	-1.00e+00	-1.00e+00	-1.00e+00	-1.00e+00	-1.00e+00	-1.00e+00	-1.00e+00	-1.00e+00	-1.00e+00	-1.00e+00	-1.00e+00	-1.00e+00	-1.00e+00	
5.89e-06	-1.00e+00	-1.00e+00	-1.00e+00	-1.00e+00	-1.00e+00	-1.00e+00	-1.00e+00	-1.00e+00	-1.00e+00	-1.00e+00	-1.00e+00	-1.00e+00	-1.00e+00	-1.00e+00	-1.00e+00	5.86e-06	-1.00e+00	-1.00e+00	-1.00e+00	-1.00e+00	-1.00e+00	-1.00e+00	-1.00e+00	-1.00e+00	-1.00e+00	-1.00e+00	-1.00e+00	-1.00e+00	-1.00e+00	-1.00e+00	-1.00e+00	
5.86e-06	-1.00e+00	-1.00e+00	-1.00e+00	-1.00e+00	-1.00e+00	-1.00e+00	-1.00e+00	-1.00e+00	-1.00e+00	-1.00e+00	-1.00e+00	-1.00e+00	-1.00e+00	-1.00e+00	-1.00e+00	5.93e-06	-1.00e+00	-1.00e+00	-1.00e+00	-1.00e+00	-1.00e+00	-1.00e+00	-1.00e+00	-1.00e+00	-1.00e+00	-1.00e+00	-1.00e+00	-1.00e+00	-1.00e+00	-1.00e+00	-1.00e+00	
5.93e-06	-1.00e+00	-1.00e+00	-1.00e+00	-1.00e+00	-1.00e+00	-1.00e+00	-1.00e+00	-1.00e+00	-1.00e+00	-1.00e+00	-1.00e+00	-1.00e+00	-1.00e+00	-1.00e+00	-1.00e+00	5.92e-06	-1.00e+00	-1.00e+00	-1.00e+00	-1.00e+00	-1.00e+00	-1.00e+00	-1.00e+00	-1.00e+00	-1.00e+00	-1.00e+00	-1.00e+00	-1.00e+00	-1.00e+00	-1.00e+00	-1.00e+00	
5.92e-06	-1.00e+00	-1.00e+00	-1.00e+00	-1.00e+00	-1.00e+00	-1.00e+00	-1.00e+00	-1.00e+00	-1.00e+00	-1.00e+00	-1.00e+00	-1.00e+00	-1.00e+00	-1.00e+00	-1.00e+00	

P0 Msg Size 900
P1-15MsgSize 0
6.18e-06	-1.00e+00	-1.00e+00	-1.00e+00	-1.00e+00	-1.00e+00	-1.00e+00	-1.00e+00	-1.00e+00	-1.00e+00	-1.00e+00	-1.00e+00	-1.00e+00	-1.00e+00	-1.00e+00	-1.00e+00	
6.18e-06	-1.00e+00	-1.00e+00	-1.00e+00	-1.00e+00	-1.00e+00	-1.00e+00	-1.00e+00	-1.00e+00	-1.00e+00	-1.00e+00	-1.00e+00	-1.00e+00	-1.00e+00	-1.00e+00	-1.00e+00	6.40e-06	-1.00e+00	-1.00e+00	-1.00e+00	-1.00e+00	-1.00e+00	-1.00e+00	-1.00e+00	-1.00e+00	-1.00e+00	-1.00e+00	-1.00e+00	-1.00e+00	-1.00e+00	-1.00e+00	-1.00e+00	
6.40e-06	-1.00e+00	-1.00e+00	-1.00e+00	-1.00e+00	-1.00e+00	-1.00e+00	-1.00e+00	-1.00e+00	-1.00e+00	-1.00e+00	-1.00e+00	-1.00e+00	-1.00e+00	-1.00e+00	-1.00e+00	6.24e-06	-1.00e+00	-1.00e+00	-1.00e+00	-1.00e+00	-1.00e+00	-1.00e+00	-1.00e+00	-1.00e+00	-1.00e+00	-1.00e+00	-1.00e+00	-1.00e+00	-1.00e+00	-1.00e+00	-1.00e+00	
6.24e-06	-1.00e+00	-1.00e+00	-1.00e+00	-1.00e+00	-1.00e+00	-1.00e+00	-1.00e+00	-1.00e+00	-1.00e+00	-1.00e+00	-1.00e+00	-1.00e+00	-1.00e+00	-1.00e+00	-1.00e+00	6.23e-06	-1.00e+00	-1.00e+00	-1.00e+00	-1.00e+00	-1.00e+00	-1.00e+00	-1.00e+00	-1.00e+00	-1.00e+00	-1.00e+00	-1.00e+00	-1.00e+00	-1.00e+00	-1.00e+00	-1.00e+00	
6.23e-06	-1.00e+00	-1.00e+00	-1.00e+00	-1.00e+00	-1.00e+00	-1.00e+00	-1.00e+00	-1.00e+00	-1.00e+00	-1.00e+00	-1.00e+00	-1.00e+00	-1.00e+00	-1.00e+00	-1.00e+00	

P0 Msg Size 1000
P1-15MsgSize 0
6.49e-06	-1.00e+00	-1.00e+00	-1.00e+00	-1.00e+00	-1.00e+00	-1.00e+00	-1.00e+00	-1.00e+00	-1.00e+00	-1.00e+00	-1.00e+00	-1.00e+00	-1.00e+00	-1.00e+00	-1.00e+00	
6.49e-06	-1.00e+00	-1.00e+00	-1.00e+00	-1.00e+00	-1.00e+00	-1.00e+00	-1.00e+00	-1.00e+00	-1.00e+00	-1.00e+00	-1.00e+00	-1.00e+00	-1.00e+00	-1.00e+00	-1.00e+00	6.49e-06	-1.00e+00	-1.00e+00	-1.00e+00	-1.00e+00	-1.00e+00	-1.00e+00	-1.00e+00	-1.00e+00	-1.00e+00	-1.00e+00	-1.00e+00	-1.00e+00	-1.00e+00	-1.00e+00	-1.00e+00	
6.49e-06	-1.00e+00	-1.00e+00	-1.00e+00	-1.00e+00	-1.00e+00	-1.00e+00	-1.00e+00	-1.00e+00	-1.00e+00	-1.00e+00	-1.00e+00	-1.00e+00	-1.00e+00	-1.00e+00	-1.00e+00	6.50e-06	-1.00e+00	-1.00e+00	-1.00e+00	-1.00e+00	-1.00e+00	-1.00e+00	-1.00e+00	-1.00e+00	-1.00e+00	-1.00e+00	-1.00e+00	-1.00e+00	-1.00e+00	-1.00e+00	-1.00e+00	
6.50e-06	-1.00e+00	-1.00e+00	-1.00e+00	-1.00e+00	-1.00e+00	-1.00e+00	-1.00e+00	-1.00e+00	-1.00e+00	-1.00e+00	-1.00e+00	-1.00e+00	-1.00e+00	-1.00e+00	-1.00e+00	6.48e-06	-1.00e+00	-1.00e+00	-1.00e+00	-1.00e+00	-1.00e+00	-1.00e+00	-1.00e+00	-1.00e+00	-1.00e+00	-1.00e+00	-1.00e+00	-1.00e+00	-1.00e+00	-1.00e+00	-1.00e+00	
6.48e-06	-1.00e+00	-1.00e+00	-1.00e+00	-1.00e+00	-1.00e+00	-1.00e+00	-1.00e+00	-1.00e+00	-1.00e+00	-1.00e+00	-1.00e+00	-1.00e+00	-1.00e+00	-1.00e+00	-1.00e+00	

P0 Msg Size 1100
P1-15MsgSize 0
6.80e-06	-1.00e+00	-1.00e+00	-1.00e+00	-1.00e+00	-1.00e+00	-1.00e+00	-1.00e+00	-1.00e+00	-1.00e+00	-1.00e+00	-1.00e+00	-1.00e+00	-1.00e+00	-1.00e+00	-1.00e+00	
6.80e-06	-1.00e+00	-1.00e+00	-1.00e+00	-1.00e+00	-1.00e+00	-1.00e+00	-1.00e+00	-1.00e+00	-1.00e+00	-1.00e+00	-1.00e+00	-1.00e+00	-1.00e+00	-1.00e+00	-1.00e+00	7.23e-06	-1.00e+00	-1.00e+00	-1.00e+00	-1.00e+00	-1.00e+00	-1.00e+00	-1.00e+00	-1.00e+00	-1.00e+00	-1.00e+00	-1.00e+00	-1.00e+00	-1.00e+00	-1.00e+00	-1.00e+00	
7.23e-06	-1.00e+00	-1.00e+00	-1.00e+00	-1.00e+00	-1.00e+00	-1.00e+00	-1.00e+00	-1.00e+00	-1.00e+00	-1.00e+00	-1.00e+00	-1.00e+00	-1.00e+00	-1.00e+00	-1.00e+00	6.89e-06	-1.00e+00	-1.00e+00	-1.00e+00	-1.00e+00	-1.00e+00	-1.00e+00	-1.00e+00	-1.00e+00	-1.00e+00	-1.00e+00	-1.00e+00	-1.00e+00	-1.00e+00	-1.00e+00	-1.00e+00	
6.89e-06	-1.00e+00	-1.00e+00	-1.00e+00	-1.00e+00	-1.00e+00	-1.00e+00	-1.00e+00	-1.00e+00	-1.00e+00	-1.00e+00	-1.00e+00	-1.00e+00	-1.00e+00	-1.00e+00	-1.00e+00	6.82e-06	-1.00e+00	-1.00e+00	-1.00e+00	-1.00e+00	-1.00e+00	-1.00e+00	-1.00e+00	-1.00e+00	-1.00e+00	-1.00e+00	-1.00e+00	-1.00e+00	-1.00e+00	-1.00e+00	-1.00e+00	
6.82e-06	-1.00e+00	-1.00e+00	-1.00e+00	-1.00e+00	-1.00e+00	-1.00e+00	-1.00e+00	-1.00e+00	-1.00e+00	-1.00e+00	-1.00e+00	-1.00e+00	-1.00e+00	-1.00e+00	-1.00e+00	

P0 Msg Size 1200
P1-15MsgSize 0
7.16e-06	-1.00e+00	-1.00e+00	-1.00e+00	-1.00e+00	-1.00e+00	-1.00e+00	-1.00e+00	-1.00e+00	-1.00e+00	-1.00e+00	-1.00e+00	-1.00e+00	-1.00e+00	-1.00e+00	-1.00e+00	
7.16e-06	-1.00e+00	-1.00e+00	-1.00e+00	-1.00e+00	-1.00e+00	-1.00e+00	-1.00e+00	-1.00e+00	-1.00e+00	-1.00e+00	-1.00e+00	-1.00e+00	-1.00e+00	-1.00e+00	-1.00e+00	7.21e-06	-1.00e+00	-1.00e+00	-1.00e+00	-1.00e+00	-1.00e+00	-1.00e+00	-1.00e+00	-1.00e+00	-1.00e+00	-1.00e+00	-1.00e+00	-1.00e+00	-1.00e+00	-1.00e+00	-1.00e+00	
7.21e-06	-1.00e+00	-1.00e+00	-1.00e+00	-1.00e+00	-1.00e+00	-1.00e+00	-1.00e+00	-1.00e+00	-1.00e+00	-1.00e+00	-1.00e+00	-1.00e+00	-1.00e+00	-1.00e+00	-1.00e+00	7.15e-06	-1.00e+00	-1.00e+00	-1.00e+00	-1.00e+00	-1.00e+00	-1.00e+00	-1.00e+00	-1.00e+00	-1.00e+00	-1.00e+00	-1.00e+00	-1.00e+00	-1.00e+00	-1.00e+00	-1.00e+00	
7.15e-06	-1.00e+00	-1.00e+00	-1.00e+00	-1.00e+00	-1.00e+00	-1.00e+00	-1.00e+00	-1.00e+00	-1.00e+00	-1.00e+00	-1.00e+00	-1.00e+00	-1.00e+00	-1.00e+00	-1.00e+00	7.21e-06	-1.00e+00	-1.00e+00	-1.00e+00	-1.00e+00	-1.00e+00	-1.00e+00	-1.00e+00	-1.00e+00	-1.00e+00	-1.00e+00	-1.00e+00	-1.00e+00	-1.00e+00	-1.00e+00	-1.00e+00	
7.21e-06	-1.00e+00	-1.00e+00	-1.00e+00	-1.00e+00	-1.00e+00	-1.00e+00	-1.00e+00	-1.00e+00	-1.00e+00	-1.00e+00	-1.00e+00	-1.00e+00	-1.00e+00	-1.00e+00	-1.00e+00	

P0 Msg Size 1300
P1-15MsgSize 0
7.54e-06	-1.00e+00	-1.00e+00	-1.00e+00	-1.00e+00	-1.00e+00	-1.00e+00	-1.00e+00	-1.00e+00	-1.00e+00	-1.00e+00	-1.00e+00	-1.00e+00	-1.00e+00	-1.00e+00	-1.00e+00	
7.54e-06	-1.00e+00	-1.00e+00	-1.00e+00	-1.00e+00	-1.00e+00	-1.00e+00	-1.00e+00	-1.00e+00	-1.00e+00	-1.00e+00	-1.00e+00	-1.00e+00	-1.00e+00	-1.00e+00	-1.00e+00	7.72e-06	-1.00e+00	-1.00e+00	-1.00e+00	-1.00e+00	-1.00e+00	-1.00e+00	-1.00e+00	-1.00e+00	-1.00e+00	-1.00e+00	-1.00e+00	-1.00e+00	-1.00e+00	-1.00e+00	-1.00e+00	
7.72e-06	-1.00e+00	-1.00e+00	-1.00e+00	-1.00e+00	-1.00e+00	-1.00e+00	-1.00e+00	-1.00e+00	-1.00e+00	-1.00e+00	-1.00e+00	-1.00e+00	-1.00e+00	-1.00e+00	-1.00e+00	7.67e-06	-1.00e+00	-1.00e+00	-1.00e+00	-1.00e+00	-1.00e+00	-1.00e+00	-1.00e+00	-1.00e+00	-1.00e+00	-1.00e+00	-1.00e+00	-1.00e+00	-1.00e+00	-1.00e+00	-1.00e+00	
7.67e-06	-1.00e+00	-1.00e+00	-1.00e+00	-1.00e+00	-1.00e+00	-1.00e+00	-1.00e+00	-1.00e+00	-1.00e+00	-1.00e+00	-1.00e+00	-1.00e+00	-1.00e+00	-1.00e+00	-1.00e+00	7.51e-06	-1.00e+00	-1.00e+00	-1.00e+00	-1.00e+00	-1.00e+00	-1.00e+00	-1.00e+00	-1.00e+00	-1.00e+00	-1.00e+00	-1.00e+00	-1.00e+00	-1.00e+00	-1.00e+00	-1.00e+00	
7.51e-06	-1.00e+00	-1.00e+00	-1.00e+00	-1.00e+00	-1.00e+00	-1.00e+00	-1.00e+00	-1.00e+00	-1.00e+00	-1.00e+00	-1.00e+00	-1.00e+00	-1.00e+00	-1.00e+00	-1.00e+00	

P0 Msg Size 1400
P1-15MsgSize 0
7.94e-06	-1.00e+00	-1.00e+00	-1.00e+00	-1.00e+00	-1.00e+00	-1.00e+00	-1.00e+00	-1.00e+00	-1.00e+00	-1.00e+00	-1.00e+00	-1.00e+00	-1.00e+00	-1.00e+00	-1.00e+00	
7.94e-06	-1.00e+00	-1.00e+00	-1.00e+00	-1.00e+00	-1.00e+00	-1.00e+00	-1.00e+00	-1.00e+00	-1.00e+00	-1.00e+00	-1.00e+00	-1.00e+00	-1.00e+00	-1.00e+00	-1.00e+00	7.82e-06	-1.00e+00	-1.00e+00	-1.00e+00	-1.00e+00	-1.00e+00	-1.00e+00	-1.00e+00	-1.00e+00	-1.00e+00	-1.00e+00	-1.00e+00	-1.00e+00	-1.00e+00	-1.00e+00	-1.00e+00	
7.82e-06	-1.00e+00	-1.00e+00	-1.00e+00	-1.00e+00	-1.00e+00	-1.00e+00	-1.00e+00	-1.00e+00	-1.00e+00	-1.00e+00	-1.00e+00	-1.00e+00	-1.00e+00	-1.00e+00	-1.00e+00	7.80e-06	-1.00e+00	-1.00e+00	-1.00e+00	-1.00e+00	-1.00e+00	-1.00e+00	-1.00e+00	-1.00e+00	-1.00e+00	-1.00e+00	-1.00e+00	-1.00e+00	-1.00e+00	-1.00e+00	-1.00e+00	
7.80e-06	-1.00e+00	-1.00e+00	-1.00e+00	-1.00e+00	-1.00e+00	-1.00e+00	-1.00e+00	-1.00e+00	-1.00e+00	-1.00e+00	-1.00e+00	-1.00e+00	-1.00e+00	-1.00e+00	-1.00e+00	7.92e-06	-1.00e+00	-1.00e+00	-1.00e+00	-1.00e+00	-1.00e+00	-1.00e+00	-1.00e+00	-1.00e+00	-1.00e+00	-1.00e+00	-1.00e+00	-1.00e+00	-1.00e+00	-1.00e+00	-1.00e+00	
7.92e-06	-1.00e+00	-1.00e+00	-1.00e+00	-1.00e+00	-1.00e+00	-1.00e+00	-1.00e+00	-1.00e+00	-1.00e+00	-1.00e+00	-1.00e+00	-1.00e+00	-1.00e+00	-1.00e+00	-1.00e+00	

P0 Msg Size 1500
P1-15MsgSize 0
8.03e-06	-1.00e+00	-1.00e+00	-1.00e+00	-1.00e+00	-1.00e+00	-1.00e+00	-1.00e+00	-1.00e+00	-1.00e+00	-1.00e+00	-1.00e+00	-1.00e+00	-1.00e+00	-1.00e+00	-1.00e+00	
8.03e-06	-1.00e+00	-1.00e+00	-1.00e+00	-1.00e+00	-1.00e+00	-1.00e+00	-1.00e+00	-1.00e+00	-1.00e+00	-1.00e+00	-1.00e+00	-1.00e+00	-1.00e+00	-1.00e+00	-1.00e+00	8.12e-06	-1.00e+00	-1.00e+00	-1.00e+00	-1.00e+00	-1.00e+00	-1.00e+00	-1.00e+00	-1.00e+00	-1.00e+00	-1.00e+00	-1.00e+00	-1.00e+00	-1.00e+00	-1.00e+00	-1.00e+00	
8.12e-06	-1.00e+00	-1.00e+00	-1.00e+00	-1.00e+00	-1.00e+00	-1.00e+00	-1.00e+00	-1.00e+00	-1.00e+00	-1.00e+00	-1.00e+00	-1.00e+00	-1.00e+00	-1.00e+00	-1.00e+00	7.99e-06	-1.00e+00	-1.00e+00	-1.00e+00	-1.00e+00	-1.00e+00	-1.00e+00	-1.00e+00	-1.00e+00	-1.00e+00	-1.00e+00	-1.00e+00	-1.00e+00	-1.00e+00	-1.00e+00	-1.00e+00	
7.99e-06	-1.00e+00	-1.00e+00	-1.00e+00	-1.00e+00	-1.00e+00	-1.00e+00	-1.00e+00	-1.00e+00	-1.00e+00	-1.00e+00	-1.00e+00	-1.00e+00	-1.00e+00	-1.00e+00	-1.00e+00	8.04e-06	-1.00e+00	-1.00e+00	-1.00e+00	-1.00e+00	-1.00e+00	-1.00e+00	-1.00e+00	-1.00e+00	-1.00e+00	-1.00e+00	-1.00e+00	-1.00e+00	-1.00e+00	-1.00e+00	-1.00e+00	
8.04e-06	-1.00e+00	-1.00e+00	-1.00e+00	-1.00e+00	-1.00e+00	-1.00e+00	-1.00e+00	-1.00e+00	-1.00e+00	-1.00e+00	-1.00e+00	-1.00e+00	-1.00e+00	-1.00e+00	-1.00e+00	

P0 Msg Size 1600
P1-15MsgSize 0
8.37e-06	-1.00e+00	-1.00e+00	-1.00e+00	-1.00e+00	-1.00e+00	-1.00e+00	-1.00e+00	-1.00e+00	-1.00e+00	-1.00e+00	-1.00e+00	-1.00e+00	-1.00e+00	-1.00e+00	-1.00e+00	
8.37e-06	-1.00e+00	-1.00e+00	-1.00e+00	-1.00e+00	-1.00e+00	-1.00e+00	-1.00e+00	-1.00e+00	-1.00e+00	-1.00e+00	-1.00e+00	-1.00e+00	-1.00e+00	-1.00e+00	-1.00e+00	8.35e-06	-1.00e+00	-1.00e+00	-1.00e+00	-1.00e+00	-1.00e+00	-1.00e+00	-1.00e+00	-1.00e+00	-1.00e+00	-1.00e+00	-1.00e+00	-1.00e+00	-1.00e+00	-1.00e+00	-1.00e+00	
8.35e-06	-1.00e+00	-1.00e+00	-1.00e+00	-1.00e+00	-1.00e+00	-1.00e+00	-1.00e+00	-1.00e+00	-1.00e+00	-1.00e+00	-1.00e+00	-1.00e+00	-1.00e+00	-1.00e+00	-1.00e+00	8.31e-06	-1.00e+00	-1.00e+00	-1.00e+00	-1.00e+00	-1.00e+00	-1.00e+00	-1.00e+00	-1.00e+00	-1.00e+00	-1.00e+00	-1.00e+00	-1.00e+00	-1.00e+00	-1.00e+00	-1.00e+00	
8.31e-06	-1.00e+00	-1.00e+00	-1.00e+00	-1.00e+00	-1.00e+00	-1.00e+00	-1.00e+00	-1.00e+00	-1.00e+00	-1.00e+00	-1.00e+00	-1.00e+00	-1.00e+00	-1.00e+00	-1.00e+00	8.36e-06	-1.00e+00	-1.00e+00	-1.00e+00	-1.00e+00	-1.00e+00	-1.00e+00	-1.00e+00	-1.00e+00	-1.00e+00	-1.00e+00	-1.00e+00	-1.00e+00	-1.00e+00	-1.00e+00	-1.00e+00	
8.36e-06	-1.00e+00	-1.00e+00	-1.00e+00	-1.00e+00	-1.00e+00	-1.00e+00	-1.00e+00	-1.00e+00	-1.00e+00	-1.00e+00	-1.00e+00	-1.00e+00	-1.00e+00	-1.00e+00	-1.00e+00	

P0 Msg Size 1700
P1-15MsgSize 0
8.62e-06	-1.00e+00	-1.00e+00	-1.00e+00	-1.00e+00	-1.00e+00	-1.00e+00	-1.00e+00	-1.00e+00	-1.00e+00	-1.00e+00	-1.00e+00	-1.00e+00	-1.00e+00	-1.00e+00	-1.00e+00	
8.62e-06	-1.00e+00	-1.00e+00	-1.00e+00	-1.00e+00	-1.00e+00	-1.00e+00	-1.00e+00	-1.00e+00	-1.00e+00	-1.00e+00	-1.00e+00	-1.00e+00	-1.00e+00	-1.00e+00	-1.00e+00	8.59e-06	-1.00e+00	-1.00e+00	-1.00e+00	-1.00e+00	-1.00e+00	-1.00e+00	-1.00e+00	-1.00e+00	-1.00e+00	-1.00e+00	-1.00e+00	-1.00e+00	-1.00e+00	-1.00e+00	-1.00e+00	
8.59e-06	-1.00e+00	-1.00e+00	-1.00e+00	-1.00e+00	-1.00e+00	-1.00e+00	-1.00e+00	-1.00e+00	-1.00e+00	-1.00e+00	-1.00e+00	-1.00e+00	-1.00e+00	-1.00e+00	-1.00e+00	8.59e-06	-1.00e+00	-1.00e+00	-1.00e+00	-1.00e+00	-1.00e+00	-1.00e+00	-1.00e+00	-1.00e+00	-1.00e+00	-1.00e+00	-1.00e+00	-1.00e+00	-1.00e+00	-1.00e+00	-1.00e+00	
8.59e-06	-1.00e+00	-1.00e+00	-1.00e+00	-1.00e+00	-1.00e+00	-1.00e+00	-1.00e+00	-1.00e+00	-1.00e+00	-1.00e+00	-1.00e+00	-1.00e+00	-1.00e+00	-1.00e+00	-1.00e+00	8.60e-06	-1.00e+00	-1.00e+00	-1.00e+00	-1.00e+00	-1.00e+00	-1.00e+00	-1.00e+00	-1.00e+00	-1.00e+00	-1.00e+00	-1.00e+00	-1.00e+00	-1.00e+00	-1.00e+00	-1.00e+00	
8.60e-06	-1.00e+00	-1.00e+00	-1.00e+00	-1.00e+00	-1.00e+00	-1.00e+00	-1.00e+00	-1.00e+00	-1.00e+00	-1.00e+00	-1.00e+00	-1.00e+00	-1.00e+00	-1.00e+00	-1.00e+00	

P0 Msg Size 1800
P1-15MsgSize 0
8.90e-06	-1.00e+00	-1.00e+00	-1.00e+00	-1.00e+00	-1.00e+00	-1.00e+00	-1.00e+00	-1.00e+00	-1.00e+00	-1.00e+00	-1.00e+00	-1.00e+00	-1.00e+00	-1.00e+00	-1.00e+00	
8.90e-06	-1.00e+00	-1.00e+00	-1.00e+00	-1.00e+00	-1.00e+00	-1.00e+00	-1.00e+00	-1.00e+00	-1.00e+00	-1.00e+00	-1.00e+00	-1.00e+00	-1.00e+00	-1.00e+00	-1.00e+00	8.85e-06	-1.00e+00	-1.00e+00	-1.00e+00	-1.00e+00	-1.00e+00	-1.00e+00	-1.00e+00	-1.00e+00	-1.00e+00	-1.00e+00	-1.00e+00	-1.00e+00	-1.00e+00	-1.00e+00	-1.00e+00	
8.85e-06	-1.00e+00	-1.00e+00	-1.00e+00	-1.00e+00	-1.00e+00	-1.00e+00	-1.00e+00	-1.00e+00	-1.00e+00	-1.00e+00	-1.00e+00	-1.00e+00	-1.00e+00	-1.00e+00	-1.00e+00	8.92e-06	-1.00e+00	-1.00e+00	-1.00e+00	-1.00e+00	-1.00e+00	-1.00e+00	-1.00e+00	-1.00e+00	-1.00e+00	-1.00e+00	-1.00e+00	-1.00e+00	-1.00e+00	-1.00e+00	-1.00e+00	
8.92e-06	-1.00e+00	-1.00e+00	-1.00e+00	-1.00e+00	-1.00e+00	-1.00e+00	-1.00e+00	-1.00e+00	-1.00e+00	-1.00e+00	-1.00e+00	-1.00e+00	-1.00e+00	-1.00e+00	-1.00e+00	8.86e-06	-1.00e+00	-1.00e+00	-1.00e+00	-1.00e+00	-1.00e+00	-1.00e+00	-1.00e+00	-1.00e+00	-1.00e+00	-1.00e+00	-1.00e+00	-1.00e+00	-1.00e+00	-1.00e+00	-1.00e+00	
8.86e-06	-1.00e+00	-1.00e+00	-1.00e+00	-1.00e+00	-1.00e+00	-1.00e+00	-1.00e+00	-1.00e+00	-1.00e+00	-1.00e+00	-1.00e+00	-1.00e+00	-1.00e+00	-1.00e+00	-1.00e+00	

P0 Msg Size 1900
P1-15MsgSize 0
9.27e-06	-1.00e+00	-1.00e+00	-1.00e+00	-1.00e+00	-1.00e+00	-1.00e+00	-1.00e+00	-1.00e+00	-1.00e+00	-1.00e+00	-1.00e+00	-1.00e+00	-1.00e+00	-1.00e+00	-1.00e+00	
9.27e-06	-1.00e+00	-1.00e+00	-1.00e+00	-1.00e+00	-1.00e+00	-1.00e+00	-1.00e+00	-1.00e+00	-1.00e+00	-1.00e+00	-1.00e+00	-1.00e+00	-1.00e+00	-1.00e+00	-1.00e+00	9.28e-06	-1.00e+00	-1.00e+00	-1.00e+00	-1.00e+00	-1.00e+00	-1.00e+00	-1.00e+00	-1.00e+00	-1.00e+00	-1.00e+00	-1.00e+00	-1.00e+00	-1.00e+00	-1.00e+00	-1.00e+00	
9.28e-06	-1.00e+00	-1.00e+00	-1.00e+00	-1.00e+00	-1.00e+00	-1.00e+00	-1.00e+00	-1.00e+00	-1.00e+00	-1.00e+00	-1.00e+00	-1.00e+00	-1.00e+00	-1.00e+00	-1.00e+00	9.25e-06	-1.00e+00	-1.00e+00	-1.00e+00	-1.00e+00	-1.00e+00	-1.00e+00	-1.00e+00	-1.00e+00	-1.00e+00	-1.00e+00	-1.00e+00	-1.00e+00	-1.00e+00	-1.00e+00	-1.00e+00	
9.25e-06	-1.00e+00	-1.00e+00	-1.00e+00	-1.00e+00	-1.00e+00	-1.00e+00	-1.00e+00	-1.00e+00	-1.00e+00	-1.00e+00	-1.00e+00	-1.00e+00	-1.00e+00	-1.00e+00	-1.00e+00	9.28e-06	-1.00e+00	-1.00e+00	-1.00e+00	-1.00e+00	-1.00e+00	-1.00e+00	-1.00e+00	-1.00e+00	-1.00e+00	-1.00e+00	-1.00e+00	-1.00e+00	-1.00e+00	-1.00e+00	-1.00e+00	
9.28e-06	-1.00e+00	-1.00e+00	-1.00e+00	-1.00e+00	-1.00e+00	-1.00e+00	-1.00e+00	-1.00e+00	-1.00e+00	-1.00e+00	-1.00e+00	-1.00e+00	-1.00e+00	-1.00e+00	-1.00e+00	

P0 Msg Size 1910
P1-15MsgSize 0
9.29e-06	-1.00e+00	-1.00e+00	-1.00e+00	-1.00e+00	-1.00e+00	-1.00e+00	-1.00e+00	-1.00e+00	-1.00e+00	-1.00e+00	-1.00e+00	-1.00e+00	-1.00e+00	-1.00e+00	-1.00e+00	
9.29e-06	-1.00e+00	-1.00e+00	-1.00e+00	-1.00e+00	-1.00e+00	-1.00e+00	-1.00e+00	-1.00e+00	-1.00e+00	-1.00e+00	-1.00e+00	-1.00e+00	-1.00e+00	-1.00e+00	-1.00e+00	9.28e-06	-1.00e+00	-1.00e+00	-1.00e+00	-1.00e+00	-1.00e+00	-1.00e+00	-1.00e+00	-1.00e+00	-1.00e+00	-1.00e+00	-1.00e+00	-1.00e+00	-1.00e+00	-1.00e+00	-1.00e+00	
9.28e-06	-1.00e+00	-1.00e+00	-1.00e+00	-1.00e+00	-1.00e+00	-1.00e+00	-1.00e+00	-1.00e+00	-1.00e+00	-1.00e+00	-1.00e+00	-1.00e+00	-1.00e+00	-1.00e+00	-1.00e+00	9.31e-06	-1.00e+00	-1.00e+00	-1.00e+00	-1.00e+00	-1.00e+00	-1.00e+00	-1.00e+00	-1.00e+00	-1.00e+00	-1.00e+00	-1.00e+00	-1.00e+00	-1.00e+00	-1.00e+00	-1.00e+00	
9.31e-06	-1.00e+00	-1.00e+00	-1.00e+00	-1.00e+00	-1.00e+00	-1.00e+00	-1.00e+00	-1.00e+00	-1.00e+00	-1.00e+00	-1.00e+00	-1.00e+00	-1.00e+00	-1.00e+00	-1.00e+00	9.30e-06	-1.00e+00	-1.00e+00	-1.00e+00	-1.00e+00	-1.00e+00	-1.00e+00	-1.00e+00	-1.00e+00	-1.00e+00	-1.00e+00	-1.00e+00	-1.00e+00	-1.00e+00	-1.00e+00	-1.00e+00	
9.30e-06	-1.00e+00	-1.00e+00	-1.00e+00	-1.00e+00	-1.00e+00	-1.00e+00	-1.00e+00	-1.00e+00	-1.00e+00	-1.00e+00	-1.00e+00	-1.00e+00	-1.00e+00	-1.00e+00	-1.00e+00	

P0 Msg Size 1920
P1-15MsgSize 0
9.36e-06	-1.00e+00	-1.00e+00	-1.00e+00	-1.00e+00	-1.00e+00	-1.00e+00	-1.00e+00	-1.00e+00	-1.00e+00	-1.00e+00	-1.00e+00	-1.00e+00	-1.00e+00	-1.00e+00	-1.00e+00	
9.36e-06	-1.00e+00	-1.00e+00	-1.00e+00	-1.00e+00	-1.00e+00	-1.00e+00	-1.00e+00	-1.00e+00	-1.00e+00	-1.00e+00	-1.00e+00	-1.00e+00	-1.00e+00	-1.00e+00	-1.00e+00	9.33e-06	-1.00e+00	-1.00e+00	-1.00e+00	-1.00e+00	-1.00e+00	-1.00e+00	-1.00e+00	-1.00e+00	-1.00e+00	-1.00e+00	-1.00e+00	-1.00e+00	-1.00e+00	-1.00e+00	-1.00e+00	
9.33e-06	-1.00e+00	-1.00e+00	-1.00e+00	-1.00e+00	-1.00e+00	-1.00e+00	-1.00e+00	-1.00e+00	-1.00e+00	-1.00e+00	-1.00e+00	-1.00e+00	-1.00e+00	-1.00e+00	-1.00e+00	9.37e-06	-1.00e+00	-1.00e+00	-1.00e+00	-1.00e+00	-1.00e+00	-1.00e+00	-1.00e+00	-1.00e+00	-1.00e+00	-1.00e+00	-1.00e+00	-1.00e+00	-1.00e+00	-1.00e+00	-1.00e+00	
9.37e-06	-1.00e+00	-1.00e+00	-1.00e+00	-1.00e+00	-1.00e+00	-1.00e+00	-1.00e+00	-1.00e+00	-1.00e+00	-1.00e+00	-1.00e+00	-1.00e+00	-1.00e+00	-1.00e+00	-1.00e+00	9.44e-06	-1.00e+00	-1.00e+00	-1.00e+00	-1.00e+00	-1.00e+00	-1.00e+00	-1.00e+00	-1.00e+00	-1.00e+00	-1.00e+00	-1.00e+00	-1.00e+00	-1.00e+00	-1.00e+00	-1.00e+00	
9.44e-06	-1.00e+00	-1.00e+00	-1.00e+00	-1.00e+00	-1.00e+00	-1.00e+00	-1.00e+00	-1.00e+00	-1.00e+00	-1.00e+00	-1.00e+00	-1.00e+00	-1.00e+00	-1.00e+00	-1.00e+00	

P0 Msg Size 1930
P1-15MsgSize 0
9.68e-06	-1.00e+00	-1.00e+00	-1.00e+00	-1.00e+00	-1.00e+00	-1.00e+00	-1.00e+00	-1.00e+00	-1.00e+00	-1.00e+00	-1.00e+00	-1.00e+00	-1.00e+00	-1.00e+00	-1.00e+00	
9.68e-06	-1.00e+00	-1.00e+00	-1.00e+00	-1.00e+00	-1.00e+00	-1.00e+00	-1.00e+00	-1.00e+00	-1.00e+00	-1.00e+00	-1.00e+00	-1.00e+00	-1.00e+00	-1.00e+00	-1.00e+00	9.45e-06	-1.00e+00	-1.00e+00	-1.00e+00	-1.00e+00	-1.00e+00	-1.00e+00	-1.00e+00	-1.00e+00	-1.00e+00	-1.00e+00	-1.00e+00	-1.00e+00	-1.00e+00	-1.00e+00	-1.00e+00	
9.45e-06	-1.00e+00	-1.00e+00	-1.00e+00	-1.00e+00	-1.00e+00	-1.00e+00	-1.00e+00	-1.00e+00	-1.00e+00	-1.00e+00	-1.00e+00	-1.00e+00	-1.00e+00	-1.00e+00	-1.00e+00	9.43e-06	-1.00e+00	-1.00e+00	-1.00e+00	-1.00e+00	-1.00e+00	-1.00e+00	-1.00e+00	-1.00e+00	-1.00e+00	-1.00e+00	-1.00e+00	-1.00e+00	-1.00e+00	-1.00e+00	-1.00e+00	
9.43e-06	-1.00e+00	-1.00e+00	-1.00e+00	-1.00e+00	-1.00e+00	-1.00e+00	-1.00e+00	-1.00e+00	-1.00e+00	-1.00e+00	-1.00e+00	-1.00e+00	-1.00e+00	-1.00e+00	-1.00e+00	9.46e-06	-1.00e+00	-1.00e+00	-1.00e+00	-1.00e+00	-1.00e+00	-1.00e+00	-1.00e+00	-1.00e+00	-1.00e+00	-1.00e+00	-1.00e+00	-1.00e+00	-1.00e+00	-1.00e+00	-1.00e+00	
9.46e-06	-1.00e+00	-1.00e+00	-1.00e+00	-1.00e+00	-1.00e+00	-1.00e+00	-1.00e+00	-1.00e+00	-1.00e+00	-1.00e+00	-1.00e+00	-1.00e+00	-1.00e+00	-1.00e+00	-1.00e+00	

P0 Msg Size 1940
P1-15MsgSize 0
9.42e-06	-1.00e+00	-1.00e+00	-1.00e+00	-1.00e+00	-1.00e+00	-1.00e+00	-1.00e+00	-1.00e+00	-1.00e+00	-1.00e+00	-1.00e+00	-1.00e+00	-1.00e+00	-1.00e+00	-1.00e+00	
9.42e-06	-1.00e+00	-1.00e+00	-1.00e+00	-1.00e+00	-1.00e+00	-1.00e+00	-1.00e+00	-1.00e+00	-1.00e+00	-1.00e+00	-1.00e+00	-1.00e+00	-1.00e+00	-1.00e+00	-1.00e+00	9.43e-06	-1.00e+00	-1.00e+00	-1.00e+00	-1.00e+00	-1.00e+00	-1.00e+00	-1.00e+00	-1.00e+00	-1.00e+00	-1.00e+00	-1.00e+00	-1.00e+00	-1.00e+00	-1.00e+00	-1.00e+00	
9.43e-06	-1.00e+00	-1.00e+00	-1.00e+00	-1.00e+00	-1.00e+00	-1.00e+00	-1.00e+00	-1.00e+00	-1.00e+00	-1.00e+00	-1.00e+00	-1.00e+00	-1.00e+00	-1.00e+00	-1.00e+00	9.40e-06	-1.00e+00	-1.00e+00	-1.00e+00	-1.00e+00	-1.00e+00	-1.00e+00	-1.00e+00	-1.00e+00	-1.00e+00	-1.00e+00	-1.00e+00	-1.00e+00	-1.00e+00	-1.00e+00	-1.00e+00	
9.40e-06	-1.00e+00	-1.00e+00	-1.00e+00	-1.00e+00	-1.00e+00	-1.00e+00	-1.00e+00	-1.00e+00	-1.00e+00	-1.00e+00	-1.00e+00	-1.00e+00	-1.00e+00	-1.00e+00	-1.00e+00	9.44e-06	-1.00e+00	-1.00e+00	-1.00e+00	-1.00e+00	-1.00e+00	-1.00e+00	-1.00e+00	-1.00e+00	-1.00e+00	-1.00e+00	-1.00e+00	-1.00e+00	-1.00e+00	-1.00e+00	-1.00e+00	
9.44e-06	-1.00e+00	-1.00e+00	-1.00e+00	-1.00e+00	-1.00e+00	-1.00e+00	-1.00e+00	-1.00e+00	-1.00e+00	-1.00e+00	-1.00e+00	-1.00e+00	-1.00e+00	-1.00e+00	-1.00e+00	

P0 Msg Size 1950
P1-15MsgSize 0
9.44e-06	-1.00e+00	-1.00e+00	-1.00e+00	-1.00e+00	-1.00e+00	-1.00e+00	-1.00e+00	-1.00e+00	-1.00e+00	-1.00e+00	-1.00e+00	-1.00e+00	-1.00e+00	-1.00e+00	-1.00e+00	
9.44e-06	-1.00e+00	-1.00e+00	-1.00e+00	-1.00e+00	-1.00e+00	-1.00e+00	-1.00e+00	-1.00e+00	-1.00e+00	-1.00e+00	-1.00e+00	-1.00e+00	-1.00e+00	-1.00e+00	-1.00e+00	9.43e-06	-1.00e+00	-1.00e+00	-1.00e+00	-1.00e+00	-1.00e+00	-1.00e+00	-1.00e+00	-1.00e+00	-1.00e+00	-1.00e+00	-1.00e+00	-1.00e+00	-1.00e+00	-1.00e+00	-1.00e+00	
9.43e-06	-1.00e+00	-1.00e+00	-1.00e+00	-1.00e+00	-1.00e+00	-1.00e+00	-1.00e+00	-1.00e+00	-1.00e+00	-1.00e+00	-1.00e+00	-1.00e+00	-1.00e+00	-1.00e+00	-1.00e+00	9.47e-06	-1.00e+00	-1.00e+00	-1.00e+00	-1.00e+00	-1.00e+00	-1.00e+00	-1.00e+00	-1.00e+00	-1.00e+00	-1.00e+00	-1.00e+00	-1.00e+00	-1.00e+00	-1.00e+00	-1.00e+00	
9.47e-06	-1.00e+00	-1.00e+00	-1.00e+00	-1.00e+00	-1.00e+00	-1.00e+00	-1.00e+00	-1.00e+00	-1.00e+00	-1.00e+00	-1.00e+00	-1.00e+00	-1.00e+00	-1.00e+00	-1.00e+00	9.47e-06	-1.00e+00	-1.00e+00	-1.00e+00	-1.00e+00	-1.00e+00	-1.00e+00	-1.00e+00	-1.00e+00	-1.00e+00	-1.00e+00	-1.00e+00	-1.00e+00	-1.00e+00	-1.00e+00	-1.00e+00	
9.47e-06	-1.00e+00	-1.00e+00	-1.00e+00	-1.00e+00	-1.00e+00	-1.00e+00	-1.00e+00	-1.00e+00	-1.00e+00	-1.00e+00	-1.00e+00	-1.00e+00	-1.00e+00	-1.00e+00	-1.00e+00	

P0 Msg Size 1960
P1-15MsgSize 0
9.47e-06	-1.00e+00	-1.00e+00	-1.00e+00	-1.00e+00	-1.00e+00	-1.00e+00	-1.00e+00	-1.00e+00	-1.00e+00	-1.00e+00	-1.00e+00	-1.00e+00	-1.00e+00	-1.00e+00	-1.00e+00	
9.47e-06	-1.00e+00	-1.00e+00	-1.00e+00	-1.00e+00	-1.00e+00	-1.00e+00	-1.00e+00	-1.00e+00	-1.00e+00	-1.00e+00	-1.00e+00	-1.00e+00	-1.00e+00	-1.00e+00	-1.00e+00	9.44e-06	-1.00e+00	-1.00e+00	-1.00e+00	-1.00e+00	-1.00e+00	-1.00e+00	-1.00e+00	-1.00e+00	-1.00e+00	-1.00e+00	-1.00e+00	-1.00e+00	-1.00e+00	-1.00e+00	-1.00e+00	
9.44e-06	-1.00e+00	-1.00e+00	-1.00e+00	-1.00e+00	-1.00e+00	-1.00e+00	-1.00e+00	-1.00e+00	-1.00e+00	-1.00e+00	-1.00e+00	-1.00e+00	-1.00e+00	-1.00e+00	-1.00e+00	9.51e-06	-1.00e+00	-1.00e+00	-1.00e+00	-1.00e+00	-1.00e+00	-1.00e+00	-1.00e+00	-1.00e+00	-1.00e+00	-1.00e+00	-1.00e+00	-1.00e+00	-1.00e+00	-1.00e+00	-1.00e+00	
9.51e-06	-1.00e+00	-1.00e+00	-1.00e+00	-1.00e+00	-1.00e+00	-1.00e+00	-1.00e+00	-1.00e+00	-1.00e+00	-1.00e+00	-1.00e+00	-1.00e+00	-1.00e+00	-1.00e+00	-1.00e+00	9.49e-06	-1.00e+00	-1.00e+00	-1.00e+00	-1.00e+00	-1.00e+00	-1.00e+00	-1.00e+00	-1.00e+00	-1.00e+00	-1.00e+00	-1.00e+00	-1.00e+00	-1.00e+00	-1.00e+00	-1.00e+00	
9.49e-06	-1.00e+00	-1.00e+00	-1.00e+00	-1.00e+00	-1.00e+00	-1.00e+00	-1.00e+00	-1.00e+00	-1.00e+00	-1.00e+00	-1.00e+00	-1.00e+00	-1.00e+00	-1.00e+00	-1.00e+00	

P0 Msg Size 1970
P1-15MsgSize 0
9.58e-06	-1.00e+00	-1.00e+00	-1.00e+00	-1.00e+00	-1.00e+00	-1.00e+00	-1.00e+00	-1.00e+00	-1.00e+00	-1.00e+00	-1.00e+00	-1.00e+00	-1.00e+00	-1.00e+00	-1.00e+00	
9.58e-06	-1.00e+00	-1.00e+00	-1.00e+00	-1.00e+00	-1.00e+00	-1.00e+00	-1.00e+00	-1.00e+00	-1.00e+00	-1.00e+00	-1.00e+00	-1.00e+00	-1.00e+00	-1.00e+00	-1.00e+00	9.57e-06	-1.00e+00	-1.00e+00	-1.00e+00	-1.00e+00	-1.00e+00	-1.00e+00	-1.00e+00	-1.00e+00	-1.00e+00	-1.00e+00	-1.00e+00	-1.00e+00	-1.00e+00	-1.00e+00	-1.00e+00	
9.57e-06	-1.00e+00	-1.00e+00	-1.00e+00	-1.00e+00	-1.00e+00	-1.00e+00	-1.00e+00	-1.00e+00	-1.00e+00	-1.00e+00	-1.00e+00	-1.00e+00	-1.00e+00	-1.00e+00	-1.00e+00	9.61e-06	-1.00e+00	-1.00e+00	-1.00e+00	-1.00e+00	-1.00e+00	-1.00e+00	-1.00e+00	-1.00e+00	-1.00e+00	-1.00e+00	-1.00e+00	-1.00e+00	-1.00e+00	-1.00e+00	-1.00e+00	
9.61e-06	-1.00e+00	-1.00e+00	-1.00e+00	-1.00e+00	-1.00e+00	-1.00e+00	-1.00e+00	-1.00e+00	-1.00e+00	-1.00e+00	-1.00e+00	-1.00e+00	-1.00e+00	-1.00e+00	-1.00e+00	9.62e-06	-1.00e+00	-1.00e+00	-1.00e+00	-1.00e+00	-1.00e+00	-1.00e+00	-1.00e+00	-1.00e+00	-1.00e+00	-1.00e+00	-1.00e+00	-1.00e+00	-1.00e+00	-1.00e+00	-1.00e+00	
9.62e-06	-1.00e+00	-1.00e+00	-1.00e+00	-1.00e+00	-1.00e+00	-1.00e+00	-1.00e+00	-1.00e+00	-1.00e+00	-1.00e+00	-1.00e+00	-1.00e+00	-1.00e+00	-1.00e+00	-1.00e+00	

P0 Msg Size 1980
P1-15MsgSize 0
9.62e-06	-1.00e+00	-1.00e+00	-1.00e+00	-1.00e+00	-1.00e+00	-1.00e+00	-1.00e+00	-1.00e+00	-1.00e+00	-1.00e+00	-1.00e+00	-1.00e+00	-1.00e+00	-1.00e+00	-1.00e+00	
9.63e-06	-1.00e+00	-1.00e+00	-1.00e+00	-1.00e+00	-1.00e+00	-1.00e+00	-1.00e+00	-1.00e+00	-1.00e+00	-1.00e+00	-1.00e+00	-1.00e+00	-1.00e+00	-1.00e+00	-1.00e+00	9.60e-06	-1.00e+00	-1.00e+00	-1.00e+00	-1.00e+00	-1.00e+00	-1.00e+00	-1.00e+00	-1.00e+00	-1.00e+00	-1.00e+00	-1.00e+00	-1.00e+00	-1.00e+00	-1.00e+00	-1.00e+00	
9.60e-06	-1.00e+00	-1.00e+00	-1.00e+00	-1.00e+00	-1.00e+00	-1.00e+00	-1.00e+00	-1.00e+00	-1.00e+00	-1.00e+00	-1.00e+00	-1.00e+00	-1.00e+00	-1.00e+00	-1.00e+00	9.60e-06	-1.00e+00	-1.00e+00	-1.00e+00	-1.00e+00	-1.00e+00	-1.00e+00	-1.00e+00	-1.00e+00	-1.00e+00	-1.00e+00	-1.00e+00	-1.00e+00	-1.00e+00	-1.00e+00	-1.00e+00	
9.60e-06	-1.00e+00	-1.00e+00	-1.00e+00	-1.00e+00	-1.00e+00	-1.00e+00	-1.00e+00	-1.00e+00	-1.00e+00	-1.00e+00	-1.00e+00	-1.00e+00	-1.00e+00	-1.00e+00	-1.00e+00	9.61e-06	-1.00e+00	-1.00e+00	-1.00e+00	-1.00e+00	-1.00e+00	-1.00e+00	-1.00e+00	-1.00e+00	-1.00e+00	-1.00e+00	-1.00e+00	-1.00e+00	-1.00e+00	-1.00e+00	-1.00e+00	
9.61e-06	-1.00e+00	-1.00e+00	-1.00e+00	-1.00e+00	-1.00e+00	-1.00e+00	-1.00e+00	-1.00e+00	-1.00e+00	-1.00e+00	-1.00e+00	-1.00e+00	-1.00e+00	-1.00e+00	-1.00e+00	

P0 Msg Size 1990
P1-15MsgSize 0
9.72e-06	-1.00e+00	-1.00e+00	-1.00e+00	-1.00e+00	-1.00e+00	-1.00e+00	-1.00e+00	-1.00e+00	-1.00e+00	-1.00e+00	-1.00e+00	-1.00e+00	-1.00e+00	-1.00e+00	-1.00e+00	
9.72e-06	-1.00e+00	-1.00e+00	-1.00e+00	-1.00e+00	-1.00e+00	-1.00e+00	-1.00e+00	-1.00e+00	-1.00e+00	-1.00e+00	-1.00e+00	-1.00e+00	-1.00e+00	-1.00e+00	-1.00e+00	9.62e-06	-1.00e+00	-1.00e+00	-1.00e+00	-1.00e+00	-1.00e+00	-1.00e+00	-1.00e+00	-1.00e+00	-1.00e+00	-1.00e+00	-1.00e+00	-1.00e+00	-1.00e+00	-1.00e+00	-1.00e+00	
9.62e-06	-1.00e+00	-1.00e+00	-1.00e+00	-1.00e+00	-1.00e+00	-1.00e+00	-1.00e+00	-1.00e+00	-1.00e+00	-1.00e+00	-1.00e+00	-1.00e+00	-1.00e+00	-1.00e+00	-1.00e+00	9.65e-06	-1.00e+00	-1.00e+00	-1.00e+00	-1.00e+00	-1.00e+00	-1.00e+00	-1.00e+00	-1.00e+00	-1.00e+00	-1.00e+00	-1.00e+00	-1.00e+00	-1.00e+00	-1.00e+00	-1.00e+00	
9.65e-06	-1.00e+00	-1.00e+00	-1.00e+00	-1.00e+00	-1.00e+00	-1.00e+00	-1.00e+00	-1.00e+00	-1.00e+00	-1.00e+00	-1.00e+00	-1.00e+00	-1.00e+00	-1.00e+00	-1.00e+00	9.64e-06	-1.00e+00	-1.00e+00	-1.00e+00	-1.00e+00	-1.00e+00	-1.00e+00	-1.00e+00	-1.00e+00	-1.00e+00	-1.00e+00	-1.00e+00	-1.00e+00	-1.00e+00	-1.00e+00	-1.00e+00	
9.64e-06	-1.00e+00	-1.00e+00	-1.00e+00	-1.00e+00	-1.00e+00	-1.00e+00	-1.00e+00	-1.00e+00	-1.00e+00	-1.00e+00	-1.00e+00	-1.00e+00	-1.00e+00	-1.00e+00	-1.00e+00	
