----------------------------------------
Begin Torque Prologue on nid25435
at Thu Feb  7 13:02:20 CST 2019
Job Id:			9593236.bw
Username:		bienz
Group:			ILL_batm
Job name:		nodecomm_P0
Requested resources:	nodes=4:ppn=32:xe,walltime=00:20:00,neednodes=4:ppn=32:xe
Queue:			normal
Account:		batm
End Torque Prologue:  0.143 elapsed
----------------------------------------





P0 Msg Size 1
P1-15MsgSize 1975
3.77e-05	9.56e-05	9.56e-05	9.56e-05	1.15e-04	1.15e-04	1.15e-04	1.15e-04	1.15e-04	1.15e-04	1.15e-04	1.15e-04	1.15e-04	1.15e-04	1.15e-04	1.15e-04	
3.77e-05	9.56e-05	9.56e-05	9.56e-05	1.15e-04	1.15e-04	1.15e-04	1.15e-04	1.15e-04	1.15e-04	1.15e-04	1.15e-04	1.15e-04	1.15e-04	1.15e-04	1.15e-04	3.85e-05	9.55e-05	9.55e-05	9.55e-05	1.15e-04	1.15e-04	1.15e-04	1.15e-04	1.15e-04	1.15e-04	1.15e-04	1.15e-04	1.15e-04	1.15e-04	1.15e-04	1.15e-04	
3.85e-05	9.55e-05	9.55e-05	9.55e-05	1.15e-04	1.15e-04	1.15e-04	1.15e-04	1.15e-04	1.15e-04	1.15e-04	1.15e-04	1.15e-04	1.15e-04	1.15e-04	1.15e-04	3.88e-05	9.53e-05	9.53e-05	9.53e-05	1.15e-04	1.15e-04	1.15e-04	1.15e-04	1.15e-04	1.15e-04	1.15e-04	1.15e-04	1.15e-04	1.15e-04	1.15e-04	1.15e-04	
3.88e-05	9.53e-05	9.53e-05	9.53e-05	1.15e-04	1.15e-04	1.15e-04	1.15e-04	1.15e-04	1.15e-04	1.15e-04	1.15e-04	1.15e-04	1.15e-04	1.15e-04	1.15e-04	3.85e-05	9.53e-05	9.53e-05	9.53e-05	1.15e-04	1.15e-04	1.15e-04	1.15e-04	1.15e-04	1.15e-04	1.15e-04	1.15e-04	1.15e-04	1.15e-04	1.15e-04	1.15e-04	
3.85e-05	9.53e-05	9.53e-05	9.53e-05	1.15e-04	1.15e-04	1.15e-04	1.15e-04	1.15e-04	1.15e-04	1.15e-04	1.15e-04	1.15e-04	1.15e-04	1.15e-04	1.15e-04	

P0 Msg Size 2
P1-15MsgSize 1975
3.88e-05	9.53e-05	9.53e-05	9.53e-05	1.15e-04	1.15e-04	1.15e-04	1.15e-04	1.15e-04	1.15e-04	1.15e-04	1.15e-04	1.15e-04	1.15e-04	1.15e-04	1.15e-04	
3.88e-05	9.53e-05	9.53e-05	9.53e-05	1.15e-04	1.15e-04	1.15e-04	1.15e-04	1.15e-04	1.15e-04	1.15e-04	1.15e-04	1.15e-04	1.15e-04	1.15e-04	1.15e-04	3.89e-05	9.55e-05	9.56e-05	9.56e-05	1.15e-04	1.15e-04	1.15e-04	1.15e-04	1.15e-04	1.15e-04	1.15e-04	1.15e-04	1.15e-04	1.15e-04	1.15e-04	1.15e-04	
3.89e-05	9.55e-05	9.56e-05	9.56e-05	1.15e-04	1.15e-04	1.15e-04	1.15e-04	1.15e-04	1.15e-04	1.15e-04	1.15e-04	1.15e-04	1.15e-04	1.15e-04	1.15e-04	3.87e-05	9.55e-05	9.55e-05	9.55e-05	1.15e-04	1.15e-04	1.15e-04	1.15e-04	1.15e-04	1.15e-04	1.15e-04	1.15e-04	1.15e-04	1.15e-04	1.15e-04	1.15e-04	
3.87e-05	9.55e-05	9.55e-05	9.55e-05	1.15e-04	1.15e-04	1.15e-04	1.15e-04	1.15e-04	1.15e-04	1.15e-04	1.15e-04	1.15e-04	1.15e-04	1.15e-04	1.15e-04	3.89e-05	9.53e-05	9.53e-05	9.53e-05	1.15e-04	1.15e-04	1.15e-04	1.15e-04	1.15e-04	1.15e-04	1.15e-04	1.15e-04	1.15e-04	1.15e-04	1.15e-04	1.15e-04	
3.89e-05	9.53e-05	9.53e-05	9.53e-05	1.15e-04	1.15e-04	1.15e-04	1.15e-04	1.15e-04	1.15e-04	1.15e-04	1.15e-04	1.15e-04	1.15e-04	1.15e-04	1.15e-04	

P0 Msg Size 4
P1-15MsgSize 1975
3.88e-05	9.54e-05	9.54e-05	9.54e-05	1.15e-04	1.15e-04	1.15e-04	1.15e-04	1.15e-04	1.15e-04	1.15e-04	1.15e-04	1.15e-04	1.15e-04	1.15e-04	1.15e-04	
3.88e-05	9.54e-05	9.54e-05	9.54e-05	1.15e-04	1.15e-04	1.15e-04	1.15e-04	1.15e-04	1.15e-04	1.15e-04	1.15e-04	1.15e-04	1.15e-04	1.15e-04	1.15e-04	3.87e-05	9.53e-05	9.53e-05	9.53e-05	1.15e-04	1.15e-04	1.15e-04	1.15e-04	1.15e-04	1.15e-04	1.15e-04	1.15e-04	1.15e-04	1.15e-04	1.15e-04	1.15e-04	
3.87e-05	9.53e-05	9.53e-05	9.53e-05	1.15e-04	1.15e-04	1.15e-04	1.15e-04	1.15e-04	1.15e-04	1.15e-04	1.15e-04	1.15e-04	1.15e-04	1.15e-04	1.15e-04	3.89e-05	9.58e-05	9.58e-05	9.58e-05	1.15e-04	1.15e-04	1.15e-04	1.15e-04	1.15e-04	1.15e-04	1.15e-04	1.15e-04	1.15e-04	1.15e-04	1.15e-04	1.15e-04	
3.89e-05	9.58e-05	9.58e-05	9.58e-05	1.15e-04	1.15e-04	1.15e-04	1.15e-04	1.15e-04	1.15e-04	1.15e-04	1.15e-04	1.15e-04	1.15e-04	1.15e-04	1.15e-04	3.87e-05	9.55e-05	9.55e-05	9.55e-05	1.15e-04	1.15e-04	1.15e-04	1.15e-04	1.15e-04	1.15e-04	1.15e-04	1.15e-04	1.15e-04	1.15e-04	1.15e-04	1.15e-04	
3.87e-05	9.55e-05	9.55e-05	9.55e-05	1.15e-04	1.15e-04	1.15e-04	1.15e-04	1.15e-04	1.15e-04	1.15e-04	1.15e-04	1.15e-04	1.15e-04	1.15e-04	1.15e-04	

P0 Msg Size 8
P1-15MsgSize 1975
3.97e-05	9.59e-05	9.59e-05	9.59e-05	1.15e-04	1.15e-04	1.15e-04	1.15e-04	1.15e-04	1.15e-04	1.15e-04	1.15e-04	1.15e-04	1.15e-04	1.15e-04	1.15e-04	
3.97e-05	9.59e-05	9.59e-05	9.59e-05	1.15e-04	1.15e-04	1.15e-04	1.15e-04	1.15e-04	1.15e-04	1.15e-04	1.15e-04	1.15e-04	1.15e-04	1.15e-04	1.15e-04	3.98e-05	9.56e-05	9.56e-05	9.56e-05	1.15e-04	1.15e-04	1.15e-04	1.15e-04	1.15e-04	1.15e-04	1.15e-04	1.15e-04	1.15e-04	1.15e-04	1.15e-04	1.15e-04	
3.98e-05	9.56e-05	9.56e-05	9.56e-05	1.15e-04	1.15e-04	1.15e-04	1.15e-04	1.15e-04	1.15e-04	1.15e-04	1.15e-04	1.15e-04	1.15e-04	1.15e-04	1.15e-04	3.95e-05	9.54e-05	9.54e-05	9.54e-05	1.15e-04	1.15e-04	1.15e-04	1.15e-04	1.15e-04	1.15e-04	1.15e-04	1.15e-04	1.15e-04	1.15e-04	1.15e-04	1.15e-04	
3.95e-05	9.54e-05	9.54e-05	9.54e-05	1.15e-04	1.15e-04	1.15e-04	1.15e-04	1.15e-04	1.15e-04	1.15e-04	1.15e-04	1.15e-04	1.15e-04	1.15e-04	1.15e-04	3.96e-05	9.53e-05	9.53e-05	9.53e-05	1.15e-04	1.15e-04	1.15e-04	1.15e-04	1.15e-04	1.15e-04	1.15e-04	1.15e-04	1.15e-04	1.15e-04	1.15e-04	1.15e-04	
3.96e-05	9.53e-05	9.53e-05	9.53e-05	1.15e-04	1.15e-04	1.15e-04	1.15e-04	1.15e-04	1.15e-04	1.15e-04	1.15e-04	1.15e-04	1.15e-04	1.15e-04	1.15e-04	

P0 Msg Size 16
P1-15MsgSize 1975
4.00e-05	9.58e-05	9.58e-05	9.58e-05	1.15e-04	1.15e-04	1.15e-04	1.15e-04	1.15e-04	1.15e-04	1.15e-04	1.15e-04	1.15e-04	1.15e-04	1.15e-04	1.15e-04	
4.00e-05	9.58e-05	9.58e-05	9.58e-05	1.15e-04	1.15e-04	1.15e-04	1.15e-04	1.15e-04	1.15e-04	1.15e-04	1.15e-04	1.15e-04	1.15e-04	1.15e-04	1.15e-04	3.98e-05	9.58e-05	9.58e-05	9.58e-05	1.15e-04	1.15e-04	1.15e-04	1.15e-04	1.15e-04	1.15e-04	1.15e-04	1.15e-04	1.15e-04	1.15e-04	1.15e-04	1.15e-04	
3.98e-05	9.58e-05	9.58e-05	9.58e-05	1.15e-04	1.15e-04	1.15e-04	1.15e-04	1.15e-04	1.15e-04	1.15e-04	1.15e-04	1.15e-04	1.15e-04	1.15e-04	1.15e-04	3.97e-05	9.56e-05	9.56e-05	9.56e-05	1.15e-04	1.15e-04	1.15e-04	1.15e-04	1.15e-04	1.15e-04	1.15e-04	1.15e-04	1.15e-04	1.15e-04	1.15e-04	1.15e-04	
3.97e-05	9.56e-05	9.56e-05	9.56e-05	1.15e-04	1.15e-04	1.15e-04	1.15e-04	1.15e-04	1.15e-04	1.15e-04	1.15e-04	1.15e-04	1.15e-04	1.15e-04	1.15e-04	3.97e-05	9.56e-05	9.56e-05	9.56e-05	1.15e-04	1.15e-04	1.15e-04	1.15e-04	1.15e-04	1.15e-04	1.15e-04	1.15e-04	1.15e-04	1.15e-04	1.15e-04	1.15e-04	
3.97e-05	9.56e-05	9.56e-05	9.56e-05	1.15e-04	1.15e-04	1.15e-04	1.15e-04	1.15e-04	1.15e-04	1.15e-04	1.15e-04	1.15e-04	1.15e-04	1.15e-04	1.15e-04	

P0 Msg Size 32
P1-15MsgSize 1975
4.01e-05	9.56e-05	9.56e-05	9.56e-05	1.15e-04	1.15e-04	1.15e-04	1.15e-04	1.15e-04	1.15e-04	1.15e-04	1.15e-04	1.15e-04	1.15e-04	1.15e-04	1.15e-04	
4.01e-05	9.56e-05	9.56e-05	9.56e-05	1.15e-04	1.15e-04	1.15e-04	1.15e-04	1.15e-04	1.15e-04	1.15e-04	1.15e-04	1.15e-04	1.15e-04	1.15e-04	1.15e-04	4.03e-05	9.60e-05	9.60e-05	9.59e-05	1.15e-04	1.15e-04	1.15e-04	1.15e-04	1.16e-04	1.16e-04	1.16e-04	1.16e-04	1.15e-04	1.15e-04	1.15e-04	1.15e-04	
4.03e-05	9.60e-05	9.60e-05	9.59e-05	1.15e-04	1.15e-04	1.15e-04	1.15e-04	1.16e-04	1.16e-04	1.16e-04	1.16e-04	1.15e-04	1.15e-04	1.15e-04	1.15e-04	4.02e-05	9.55e-05	9.55e-05	9.55e-05	1.15e-04	1.15e-04	1.15e-04	1.15e-04	1.15e-04	1.15e-04	1.15e-04	1.15e-04	1.15e-04	1.15e-04	1.15e-04	1.15e-04	
4.02e-05	9.55e-05	9.55e-05	9.55e-05	1.15e-04	1.15e-04	1.15e-04	1.15e-04	1.15e-04	1.15e-04	1.15e-04	1.15e-04	1.15e-04	1.15e-04	1.15e-04	1.15e-04	4.01e-05	9.55e-05	9.55e-05	9.54e-05	1.15e-04	1.15e-04	1.15e-04	1.15e-04	1.15e-04	1.15e-04	1.15e-04	1.15e-04	1.15e-04	1.15e-04	1.15e-04	1.15e-04	
4.01e-05	9.55e-05	9.55e-05	9.54e-05	1.15e-04	1.15e-04	1.15e-04	1.15e-04	1.15e-04	1.15e-04	1.15e-04	1.15e-04	1.15e-04	1.15e-04	1.15e-04	1.15e-04	

P0 Msg Size 64
P1-15MsgSize 1975
4.31e-05	9.63e-05	9.63e-05	9.63e-05	1.16e-04	1.16e-04	1.16e-04	1.16e-04	1.16e-04	1.16e-04	1.16e-04	1.16e-04	1.16e-04	1.16e-04	1.16e-04	1.16e-04	
4.31e-05	9.63e-05	9.63e-05	9.63e-05	1.16e-04	1.16e-04	1.16e-04	1.16e-04	1.16e-04	1.16e-04	1.16e-04	1.16e-04	1.16e-04	1.16e-04	1.16e-04	1.16e-04	4.31e-05	9.64e-05	9.64e-05	9.64e-05	1.16e-04	1.16e-04	1.16e-04	1.16e-04	1.16e-04	1.16e-04	1.16e-04	1.16e-04	1.16e-04	1.16e-04	1.16e-04	1.16e-04	
4.31e-05	9.64e-05	9.64e-05	9.64e-05	1.16e-04	1.16e-04	1.16e-04	1.16e-04	1.16e-04	1.16e-04	1.16e-04	1.16e-04	1.16e-04	1.16e-04	1.16e-04	1.16e-04	4.40e-05	9.64e-05	9.64e-05	9.64e-05	1.16e-04	1.16e-04	1.16e-04	1.16e-04	1.16e-04	1.16e-04	1.16e-04	1.16e-04	1.16e-04	1.16e-04	1.16e-04	1.16e-04	
4.40e-05	9.64e-05	9.64e-05	9.64e-05	1.16e-04	1.16e-04	1.16e-04	1.16e-04	1.16e-04	1.16e-04	1.16e-04	1.16e-04	1.16e-04	1.16e-04	1.16e-04	1.16e-04	4.31e-05	9.62e-05	9.62e-05	9.62e-05	1.16e-04	1.16e-04	1.16e-04	1.16e-04	1.16e-04	1.16e-04	1.16e-04	1.16e-04	1.16e-04	1.16e-04	1.16e-04	1.16e-04	
4.31e-05	9.62e-05	9.62e-05	9.62e-05	1.16e-04	1.16e-04	1.16e-04	1.16e-04	1.16e-04	1.16e-04	1.16e-04	1.16e-04	1.16e-04	1.16e-04	1.16e-04	1.16e-04	

P0 Msg Size 128
P1-15MsgSize 1975
4.82e-05	9.75e-05	9.75e-05	9.75e-05	1.17e-04	1.17e-04	1.17e-04	1.17e-04	1.17e-04	1.17e-04	1.17e-04	1.17e-04	1.17e-04	1.17e-04	1.17e-04	1.17e-04	
4.82e-05	9.75e-05	9.75e-05	9.75e-05	1.17e-04	1.17e-04	1.17e-04	1.17e-04	1.17e-04	1.17e-04	1.17e-04	1.17e-04	1.17e-04	1.17e-04	1.17e-04	1.17e-04	4.83e-05	9.76e-05	9.76e-05	9.76e-05	1.17e-04	1.17e-04	1.17e-04	1.17e-04	1.17e-04	1.17e-04	1.17e-04	1.17e-04	1.17e-04	1.17e-04	1.17e-04	1.17e-04	
4.83e-05	9.76e-05	9.76e-05	9.76e-05	1.17e-04	1.17e-04	1.17e-04	1.17e-04	1.17e-04	1.17e-04	1.17e-04	1.17e-04	1.17e-04	1.17e-04	1.17e-04	1.17e-04	4.82e-05	9.75e-05	9.75e-05	9.76e-05	1.17e-04	1.17e-04	1.17e-04	1.17e-04	1.17e-04	1.17e-04	1.17e-04	1.17e-04	1.17e-04	1.17e-04	1.17e-04	1.17e-04	
4.82e-05	9.75e-05	9.75e-05	9.76e-05	1.17e-04	1.17e-04	1.17e-04	1.17e-04	1.17e-04	1.17e-04	1.17e-04	1.17e-04	1.17e-04	1.17e-04	1.17e-04	1.17e-04	4.80e-05	9.73e-05	9.73e-05	9.73e-05	1.17e-04	1.17e-04	1.17e-04	1.17e-04	1.17e-04	1.17e-04	1.17e-04	1.17e-04	1.17e-04	1.17e-04	1.17e-04	1.17e-04	
4.80e-05	9.73e-05	9.73e-05	9.73e-05	1.17e-04	1.17e-04	1.17e-04	1.17e-04	1.17e-04	1.17e-04	1.17e-04	1.17e-04	1.17e-04	1.17e-04	1.17e-04	1.17e-04	

P0 Msg Size 256
P1-15MsgSize 1975
5.30e-05	9.86e-05	9.86e-05	9.86e-05	1.19e-04	1.19e-04	1.19e-04	1.19e-04	1.19e-04	1.19e-04	1.19e-04	1.19e-04	1.19e-04	1.19e-04	1.19e-04	1.19e-04	
5.30e-05	9.86e-05	9.86e-05	9.86e-05	1.19e-04	1.19e-04	1.19e-04	1.19e-04	1.19e-04	1.19e-04	1.19e-04	1.19e-04	1.19e-04	1.19e-04	1.19e-04	1.19e-04	5.28e-05	9.83e-05	9.83e-05	9.83e-05	1.18e-04	1.18e-04	1.18e-04	1.18e-04	1.18e-04	1.18e-04	1.18e-04	1.18e-04	1.18e-04	1.18e-04	1.18e-04	1.18e-04	
5.28e-05	9.83e-05	9.83e-05	9.83e-05	1.18e-04	1.18e-04	1.18e-04	1.18e-04	1.18e-04	1.18e-04	1.18e-04	1.18e-04	1.18e-04	1.18e-04	1.18e-04	1.18e-04	5.21e-05	9.72e-05	9.72e-05	9.72e-05	1.18e-04	1.18e-04	1.18e-04	1.18e-04	1.19e-04	1.19e-04	1.19e-04	1.19e-04	1.18e-04	1.18e-04	1.18e-04	1.18e-04	
5.21e-05	9.72e-05	9.72e-05	9.72e-05	1.18e-04	1.18e-04	1.18e-04	1.18e-04	1.19e-04	1.19e-04	1.19e-04	1.19e-04	1.18e-04	1.18e-04	1.18e-04	1.18e-04	5.28e-05	9.83e-05	9.83e-05	9.83e-05	1.18e-04	1.18e-04	1.18e-04	1.18e-04	1.18e-04	1.18e-04	1.18e-04	1.18e-04	1.18e-04	1.18e-04	1.18e-04	1.18e-04	
5.28e-05	9.83e-05	9.83e-05	9.83e-05	1.18e-04	1.18e-04	1.18e-04	1.18e-04	1.18e-04	1.18e-04	1.18e-04	1.18e-04	1.18e-04	1.18e-04	1.18e-04	1.18e-04	

P0 Msg Size 512
P1-15MsgSize 1975
6.20e-05	1.00e-04	1.00e-04	1.00e-04	1.20e-04	1.20e-04	1.20e-04	1.20e-04	1.20e-04	1.20e-04	1.20e-04	1.20e-04	1.20e-04	1.20e-04	1.20e-04	1.20e-04	
6.20e-05	1.00e-04	1.00e-04	1.00e-04	1.20e-04	1.20e-04	1.20e-04	1.20e-04	1.20e-04	1.20e-04	1.20e-04	1.20e-04	1.20e-04	1.20e-04	1.20e-04	1.20e-04	6.20e-05	1.01e-04	1.01e-04	1.01e-04	1.20e-04	1.20e-04	1.20e-04	1.20e-04	1.21e-04	1.21e-04	1.21e-04	1.21e-04	1.21e-04	1.21e-04	1.21e-04	1.21e-04	
6.20e-05	1.01e-04	1.01e-04	1.01e-04	1.20e-04	1.20e-04	1.20e-04	1.20e-04	1.21e-04	1.21e-04	1.21e-04	1.21e-04	1.21e-04	1.21e-04	1.21e-04	1.21e-04	6.19e-05	1.01e-04	1.01e-04	1.01e-04	1.20e-04	1.20e-04	1.20e-04	1.20e-04	1.21e-04	1.21e-04	1.21e-04	1.21e-04	1.20e-04	1.20e-04	1.20e-04	1.20e-04	
6.19e-05	1.01e-04	1.01e-04	1.01e-04	1.20e-04	1.20e-04	1.20e-04	1.20e-04	1.21e-04	1.21e-04	1.21e-04	1.21e-04	1.20e-04	1.20e-04	1.20e-04	1.20e-04	6.16e-05	1.00e-04	1.00e-04	1.00e-04	1.20e-04	1.20e-04	1.20e-04	1.20e-04	1.20e-04	1.20e-04	1.20e-04	1.20e-04	1.20e-04	1.20e-04	1.20e-04	1.20e-04	
6.16e-05	1.00e-04	1.00e-04	1.00e-04	1.20e-04	1.20e-04	1.20e-04	1.20e-04	1.20e-04	1.20e-04	1.20e-04	1.20e-04	1.20e-04	1.20e-04	1.20e-04	1.20e-04	

P0 Msg Size 1024
P1-15MsgSize 1975
8.10e-05	1.05e-04	1.05e-04	1.05e-04	1.25e-04	1.25e-04	1.25e-04	1.25e-04	1.25e-04	1.25e-04	1.25e-04	1.25e-04	1.25e-04	1.25e-04	1.25e-04	1.25e-04	
8.10e-05	1.05e-04	1.05e-04	1.05e-04	1.25e-04	1.25e-04	1.25e-04	1.25e-04	1.25e-04	1.25e-04	1.25e-04	1.25e-04	1.25e-04	1.25e-04	1.25e-04	1.25e-04	7.91e-05	1.04e-04	1.04e-04	1.04e-04	1.24e-04	1.24e-04	1.24e-04	1.24e-04	1.25e-04	1.25e-04	1.25e-04	1.25e-04	1.24e-04	1.24e-04	1.24e-04	1.24e-04	
7.91e-05	1.04e-04	1.04e-04	1.04e-04	1.24e-04	1.24e-04	1.24e-04	1.24e-04	1.25e-04	1.25e-04	1.25e-04	1.25e-04	1.24e-04	1.24e-04	1.24e-04	1.24e-04	8.08e-05	1.05e-04	1.05e-04	1.05e-04	1.25e-04	1.25e-04	1.25e-04	1.25e-04	1.25e-04	1.25e-04	1.25e-04	1.25e-04	1.25e-04	1.25e-04	1.25e-04	1.25e-04	
8.08e-05	1.05e-04	1.05e-04	1.05e-04	1.25e-04	1.25e-04	1.25e-04	1.25e-04	1.25e-04	1.25e-04	1.25e-04	1.25e-04	1.25e-04	1.25e-04	1.25e-04	1.25e-04	8.10e-05	1.05e-04	1.05e-04	1.05e-04	1.25e-04	1.25e-04	1.25e-04	1.25e-04	1.25e-04	1.25e-04	1.25e-04	1.25e-04	1.25e-04	1.25e-04	1.25e-04	1.25e-04	
8.10e-05	1.05e-04	1.05e-04	1.05e-04	1.25e-04	1.25e-04	1.25e-04	1.25e-04	1.25e-04	1.25e-04	1.25e-04	1.25e-04	1.25e-04	1.25e-04	1.25e-04	1.25e-04	

P0 Msg Size 2048
P1-15MsgSize 1975
1.07e-04	9.98e-05	9.99e-05	9.99e-05	1.20e-04	1.20e-04	1.20e-04	1.20e-04	1.20e-04	1.20e-04	1.20e-04	1.20e-04	1.20e-04	1.20e-04	1.20e-04	1.20e-04	
1.07e-04	9.98e-05	9.99e-05	9.99e-05	1.20e-04	1.20e-04	1.20e-04	1.20e-04	1.20e-04	1.20e-04	1.20e-04	1.20e-04	1.20e-04	1.20e-04	1.20e-04	1.20e-04	1.07e-04	9.97e-05	9.97e-05	9.97e-05	1.20e-04	1.20e-04	1.20e-04	1.20e-04	1.20e-04	1.20e-04	1.20e-04	1.20e-04	1.20e-04	1.20e-04	1.20e-04	1.20e-04	
1.07e-04	9.97e-05	9.97e-05	9.97e-05	1.20e-04	1.20e-04	1.20e-04	1.20e-04	1.20e-04	1.20e-04	1.20e-04	1.20e-04	1.20e-04	1.20e-04	1.20e-04	1.20e-04	1.07e-04	9.97e-05	9.97e-05	9.97e-05	1.20e-04	1.20e-04	1.20e-04	1.20e-04	1.20e-04	1.20e-04	1.20e-04	1.20e-04	1.20e-04	1.20e-04	1.20e-04	1.20e-04	
1.07e-04	9.97e-05	9.97e-05	9.97e-05	1.20e-04	1.20e-04	1.20e-04	1.20e-04	1.20e-04	1.20e-04	1.20e-04	1.20e-04	1.20e-04	1.20e-04	1.20e-04	1.20e-04	1.07e-04	9.94e-05	9.94e-05	9.94e-05	1.19e-04	1.19e-04	1.19e-04	1.19e-04	1.20e-04	1.20e-04	1.20e-04	1.20e-04	1.19e-04	1.19e-04	1.19e-04	1.19e-04	
1.07e-04	9.94e-05	9.94e-05	9.94e-05	1.19e-04	1.19e-04	1.19e-04	1.19e-04	1.20e-04	1.20e-04	1.20e-04	1.20e-04	1.19e-04	1.19e-04	1.19e-04	1.19e-04	

P0 Msg Size 4096
P1-15MsgSize 1975
1.18e-04	1.00e-04	1.00e-04	1.00e-04	1.21e-04	1.21e-04	1.21e-04	1.21e-04	1.21e-04	1.21e-04	1.21e-04	1.21e-04	1.21e-04	1.21e-04	1.21e-04	1.21e-04	
1.18e-04	1.00e-04	1.00e-04	1.00e-04	1.21e-04	1.21e-04	1.21e-04	1.21e-04	1.21e-04	1.21e-04	1.21e-04	1.21e-04	1.21e-04	1.21e-04	1.21e-04	1.21e-04	1.18e-04	9.97e-05	9.97e-05	9.97e-05	1.20e-04	1.20e-04	1.20e-04	1.20e-04	1.21e-04	1.21e-04	1.21e-04	1.21e-04	1.20e-04	1.20e-04	1.20e-04	1.20e-04	
1.18e-04	9.97e-05	9.97e-05	9.97e-05	1.20e-04	1.20e-04	1.20e-04	1.20e-04	1.21e-04	1.21e-04	1.21e-04	1.21e-04	1.20e-04	1.20e-04	1.20e-04	1.20e-04	1.18e-04	1.01e-04	1.01e-04	1.01e-04	1.21e-04	1.21e-04	1.21e-04	1.21e-04	1.21e-04	1.21e-04	1.21e-04	1.21e-04	1.21e-04	1.21e-04	1.21e-04	1.21e-04	
1.18e-04	1.01e-04	1.01e-04	1.01e-04	1.21e-04	1.21e-04	1.21e-04	1.21e-04	1.21e-04	1.21e-04	1.21e-04	1.21e-04	1.21e-04	1.21e-04	1.21e-04	1.21e-04	1.18e-04	1.00e-04	1.00e-04	1.00e-04	1.21e-04	1.21e-04	1.21e-04	1.21e-04	1.21e-04	1.21e-04	1.21e-04	1.21e-04	1.21e-04	1.21e-04	1.21e-04	1.21e-04	
1.18e-04	1.00e-04	1.00e-04	1.00e-04	1.21e-04	1.21e-04	1.21e-04	1.21e-04	1.21e-04	1.21e-04	1.21e-04	1.21e-04	1.21e-04	1.21e-04	1.21e-04	1.21e-04	

P0 Msg Size 8192
P1-15MsgSize 1975
1.26e-04	1.00e-04	1.00e-04	1.00e-04	1.21e-04	1.21e-04	1.21e-04	1.21e-04	1.22e-04	1.22e-04	1.22e-04	1.22e-04	1.22e-04	1.22e-04	1.22e-04	1.22e-04	
1.26e-04	1.00e-04	1.00e-04	1.00e-04	1.21e-04	1.21e-04	1.21e-04	1.21e-04	1.22e-04	1.22e-04	1.22e-04	1.22e-04	1.22e-04	1.22e-04	1.22e-04	1.22e-04	1.26e-04	9.98e-05	9.98e-05	9.98e-05	1.21e-04	1.21e-04	1.21e-04	1.21e-04	1.22e-04	1.22e-04	1.22e-04	1.22e-04	1.21e-04	1.21e-04	1.21e-04	1.21e-04	
1.26e-04	9.98e-05	9.98e-05	9.98e-05	1.21e-04	1.21e-04	1.21e-04	1.21e-04	1.22e-04	1.22e-04	1.22e-04	1.22e-04	1.21e-04	1.21e-04	1.21e-04	1.21e-04	1.26e-04	1.01e-04	1.01e-04	1.01e-04	1.22e-04	1.22e-04	1.22e-04	1.22e-04	1.22e-04	1.22e-04	1.22e-04	1.22e-04	1.22e-04	1.22e-04	1.22e-04	1.22e-04	
1.26e-04	1.01e-04	1.01e-04	1.01e-04	1.22e-04	1.22e-04	1.22e-04	1.22e-04	1.22e-04	1.22e-04	1.22e-04	1.22e-04	1.22e-04	1.22e-04	1.22e-04	1.22e-04	1.26e-04	1.00e-04	1.00e-04	1.00e-04	1.22e-04	1.22e-04	1.22e-04	1.22e-04	1.22e-04	1.22e-04	1.22e-04	1.22e-04	1.22e-04	1.22e-04	1.22e-04	1.22e-04	
1.26e-04	1.00e-04	1.00e-04	1.00e-04	1.22e-04	1.22e-04	1.22e-04	1.22e-04	1.22e-04	1.22e-04	1.22e-04	1.22e-04	1.22e-04	1.22e-04	1.22e-04	1.22e-04	

P0 Msg Size 16384
P1-15MsgSize 1975
1.28e-04	9.04e-05	9.07e-05	9.02e-05	1.15e-04	1.14e-04	1.14e-04	1.14e-04	1.14e-04	1.14e-04	1.14e-04	1.14e-04	1.13e-04	1.14e-04	1.13e-04	1.14e-04	
1.28e-04	9.05e-05	9.08e-05	9.02e-05	1.15e-04	1.14e-04	1.14e-04	1.14e-04	1.14e-04	1.14e-04	1.14e-04	1.14e-04	1.13e-04	1.14e-04	1.13e-04	1.14e-04	1.27e-04	8.83e-05	8.88e-05	8.86e-05	1.13e-04	1.14e-04	1.14e-04	1.14e-04	1.13e-04	1.13e-04	1.13e-04	1.13e-04	1.13e-04	1.13e-04	1.13e-04	1.13e-04	
1.27e-04	8.81e-05	8.87e-05	8.85e-05	1.13e-04	1.14e-04	1.14e-04	1.14e-04	1.13e-04	1.13e-04	1.13e-04	1.13e-04	1.13e-04	1.13e-04	1.13e-04	1.13e-04	1.29e-04	9.06e-05	9.02e-05	9.03e-05	1.14e-04	1.15e-04	1.15e-04	1.15e-04	1.15e-04	1.15e-04	1.15e-04	1.15e-04	1.15e-04	1.15e-04	1.15e-04	1.15e-04	
1.29e-04	9.05e-05	9.00e-05	9.01e-05	1.14e-04	1.15e-04	1.15e-04	1.15e-04	1.15e-04	1.15e-04	1.15e-04	1.15e-04	1.15e-04	1.15e-04	1.15e-04	1.15e-04	1.31e-04	9.29e-05	9.31e-05	9.29e-05	1.15e-04	1.16e-04	1.15e-04	1.16e-04	1.17e-04	1.16e-04	1.16e-04	1.16e-04	1.16e-04	1.16e-04	1.16e-04	1.16e-04	
1.31e-04	9.28e-05	9.29e-05	9.27e-05	1.16e-04	1.16e-04	1.16e-04	1.16e-04	1.17e-04	1.16e-04	1.16e-04	1.16e-04	1.16e-04	1.16e-04	1.16e-04	1.16e-04	

P0 Msg Size 32768
P1-15MsgSize 1975
1.44e-04	8.64e-05	8.65e-05	8.61e-05	1.13e-04	1.13e-04	1.13e-04	1.12e-04	1.13e-04	1.12e-04	1.13e-04	1.13e-04	1.12e-04	1.13e-04	1.12e-04	1.13e-04	
1.44e-04	8.64e-05	8.65e-05	8.61e-05	1.13e-04	1.13e-04	1.13e-04	1.12e-04	1.13e-04	1.13e-04	1.13e-04	1.13e-04	1.12e-04	1.13e-04	1.12e-04	1.13e-04	1.44e-04	8.63e-05	8.62e-05	8.63e-05	1.11e-04	1.10e-04	1.11e-04	1.11e-04	1.11e-04	1.11e-04	1.11e-04	1.12e-04	1.11e-04	1.11e-04	1.11e-04	1.11e-04	
1.44e-04	8.60e-05	8.59e-05	8.61e-05	1.11e-04	1.10e-04	1.11e-04	1.11e-04	1.11e-04	1.11e-04	1.12e-04	1.11e-04	1.11e-04	1.11e-04	1.11e-04	1.11e-04	1.47e-04	8.96e-05	8.92e-05	8.95e-05	1.14e-04	1.15e-04	1.14e-04	1.14e-04	1.15e-04	1.15e-04	1.14e-04	1.14e-04	1.14e-04	1.15e-04	1.14e-04	1.14e-04	
1.47e-04	8.94e-05	8.89e-05	8.95e-05	1.14e-04	1.15e-04	1.14e-04	1.15e-04	1.15e-04	1.14e-04	1.14e-04	1.14e-04	1.14e-04	1.15e-04	1.14e-04	1.14e-04	1.45e-04	8.72e-05	8.69e-05	8.68e-05	1.13e-04	1.13e-04	1.13e-04	1.13e-04	1.13e-04	1.13e-04	1.13e-04	1.12e-04	1.13e-04	1.13e-04	1.13e-04	1.13e-04	
1.45e-04	8.70e-05	8.67e-05	8.65e-05	1.13e-04	1.13e-04	1.13e-04	1.13e-04	1.13e-04	1.13e-04	1.13e-04	1.12e-04	1.13e-04	1.13e-04	1.13e-04	1.13e-04	

P0 Msg Size 65536
P1-15MsgSize 1975
1.87e-04	9.59e-05	9.58e-05	9.52e-05	1.18e-04	1.18e-04	1.18e-04	1.18e-04	1.18e-04	1.19e-04	1.18e-04	1.18e-04	1.18e-04	1.18e-04	1.18e-04	1.18e-04	
1.87e-04	9.61e-05	9.60e-05	9.53e-05	1.18e-04	1.18e-04	1.18e-04	1.18e-04	1.18e-04	1.18e-04	1.18e-04	1.18e-04	1.18e-04	1.18e-04	1.18e-04	1.18e-04	1.86e-04	9.15e-05	9.16e-05	9.15e-05	1.16e-04	1.17e-04	1.17e-04	1.16e-04	1.16e-04	1.16e-04	1.17e-04	1.17e-04	1.17e-04	1.17e-04	1.17e-04	1.17e-04	
1.85e-04	9.14e-05	9.15e-05	9.13e-05	1.16e-04	1.17e-04	1.17e-04	1.16e-04	1.16e-04	1.16e-04	1.17e-04	1.17e-04	1.17e-04	1.17e-04	1.17e-04	1.17e-04	1.89e-04	9.64e-05	9.62e-05	9.63e-05	1.20e-04	1.20e-04	1.20e-04	1.20e-04	1.20e-04	1.19e-04	1.19e-04	1.20e-04	1.20e-04	1.20e-04	1.20e-04	1.20e-04	
1.89e-04	9.62e-05	9.59e-05	9.60e-05	1.20e-04	1.20e-04	1.20e-04	1.20e-04	1.20e-04	1.19e-04	1.19e-04	1.20e-04	1.20e-04	1.20e-04	1.20e-04	1.20e-04	1.88e-04	9.42e-05	9.40e-05	9.42e-05	1.18e-04	1.19e-04	1.19e-04	1.19e-04	1.18e-04	1.18e-04	1.18e-04	1.19e-04	1.19e-04	1.19e-04	1.19e-04	1.19e-04	
1.87e-04	9.40e-05	9.39e-05	9.42e-05	1.19e-04	1.19e-04	1.19e-04	1.19e-04	1.18e-04	1.18e-04	1.18e-04	1.19e-04	1.19e-04	1.19e-04	1.19e-04	1.19e-04	
Application 74652298 resources: utime ~4253s, stime ~49s, Rss ~28424, inblocks ~39507, outblocks ~65759
