P0 Msg Size 3500
P1-15MsgSize 1
1.73e-05	3.37e-06	3.40e-06	3.43e-06	3.76e-06	3.74e-06	3.73e-06	3.73e-06	3.79e-06	3.79e-06	3.76e-06	3.77e-06	3.76e-06	3.76e-06	3.76e-06	3.75e-06	
1.73e-05	3.37e-06	3.40e-06	3.43e-06	3.76e-06	3.74e-06	3.73e-06	3.73e-06	3.79e-06	3.79e-06	3.76e-06	3.77e-06	3.76e-06	3.76e-06	3.76e-06	3.75e-06	1.71e-05	3.37e-06	3.40e-06	3.41e-06	3.76e-06	3.75e-06	3.73e-06	3.74e-06	3.77e-06	3.78e-06	3.77e-06	3.78e-06	3.75e-06	3.77e-06	3.75e-06	3.76e-06	
1.71e-05	3.37e-06	3.40e-06	3.41e-06	3.76e-06	3.75e-06	3.73e-06	3.74e-06	3.77e-06	3.78e-06	3.77e-06	3.78e-06	3.75e-06	3.77e-06	3.75e-06	3.76e-06	1.71e-05	3.37e-06	3.39e-06	3.39e-06	3.76e-06	3.74e-06	3.72e-06	3.73e-06	3.78e-06	3.77e-06	3.76e-06	3.77e-06	3.76e-06	3.75e-06	3.74e-06	3.76e-06	
1.71e-05	3.37e-06	3.39e-06	3.39e-06	3.76e-06	3.74e-06	3.72e-06	3.73e-06	3.78e-06	3.77e-06	3.76e-06	3.77e-06	3.76e-06	3.75e-06	3.74e-06	3.76e-06	1.71e-05	3.35e-06	3.40e-06	3.39e-06	3.78e-06	3.74e-06	3.73e-06	3.73e-06	3.79e-06	3.78e-06	3.77e-06	3.77e-06	3.76e-06	3.76e-06	3.75e-06	3.77e-06	
1.71e-05	3.35e-06	3.40e-06	3.39e-06	3.78e-06	3.74e-06	3.73e-06	3.73e-06	3.79e-06	3.78e-06	3.77e-06	3.77e-06	3.76e-06	3.76e-06	3.75e-06	3.77e-06	

P0 Msg Size 3500
P1-15MsgSize 2
1.71e-05	3.36e-06	3.40e-06	3.40e-06	3.75e-06	3.73e-06	3.73e-06	3.73e-06	3.77e-06	3.79e-06	3.75e-06	3.77e-06	3.75e-06	3.76e-06	3.76e-06	3.76e-06	
1.71e-05	3.36e-06	3.40e-06	3.40e-06	3.75e-06	3.73e-06	3.73e-06	3.73e-06	3.77e-06	3.79e-06	3.75e-06	3.77e-06	3.75e-06	3.76e-06	3.76e-06	3.76e-06	1.71e-05	3.36e-06	3.41e-06	3.40e-06	3.76e-06	3.75e-06	3.74e-06	3.73e-06	3.79e-06	3.79e-06	3.77e-06	3.77e-06	3.75e-06	3.77e-06	3.75e-06	3.78e-06	
1.71e-05	3.36e-06	3.41e-06	3.40e-06	3.76e-06	3.75e-06	3.74e-06	3.73e-06	3.79e-06	3.79e-06	3.77e-06	3.77e-06	3.75e-06	3.77e-06	3.75e-06	3.78e-06	1.71e-05	3.38e-06	3.40e-06	3.41e-06	3.76e-06	3.75e-06	3.74e-06	3.75e-06	3.78e-06	3.77e-06	3.76e-06	3.78e-06	3.76e-06	3.77e-06	3.75e-06	3.75e-06	
1.71e-05	3.38e-06	3.40e-06	3.41e-06	3.76e-06	3.75e-06	3.74e-06	3.75e-06	3.78e-06	3.77e-06	3.76e-06	3.78e-06	3.76e-06	3.77e-06	3.75e-06	3.75e-06	1.71e-05	3.36e-06	3.41e-06	3.41e-06	3.78e-06	3.75e-06	3.74e-06	3.73e-06	3.79e-06	3.78e-06	3.78e-06	3.77e-06	3.76e-06	3.77e-06	3.75e-06	3.76e-06	
1.71e-05	3.36e-06	3.41e-06	3.41e-06	3.78e-06	3.75e-06	3.74e-06	3.73e-06	3.79e-06	3.78e-06	3.78e-06	3.77e-06	3.76e-06	3.77e-06	3.75e-06	3.76e-06	

P0 Msg Size 3500
P1-15MsgSize 4
1.71e-05	3.42e-06	3.45e-06	3.44e-06	3.80e-06	3.78e-06	3.77e-06	3.77e-06	3.81e-06	3.83e-06	3.80e-06	3.81e-06	3.79e-06	3.80e-06	3.79e-06	3.80e-06	
1.71e-05	3.42e-06	3.45e-06	3.44e-06	3.80e-06	3.78e-06	3.77e-06	3.77e-06	3.81e-06	3.83e-06	3.80e-06	3.81e-06	3.79e-06	3.80e-06	3.79e-06	3.80e-06	1.71e-05	3.42e-06	3.46e-06	3.45e-06	3.80e-06	3.79e-06	3.77e-06	3.77e-06	3.80e-06	3.83e-06	3.81e-06	3.80e-06	3.79e-06	3.81e-06	3.79e-06	3.82e-06	
1.71e-05	3.42e-06	3.46e-06	3.45e-06	3.80e-06	3.79e-06	3.77e-06	3.77e-06	3.80e-06	3.83e-06	3.81e-06	3.80e-06	3.79e-06	3.81e-06	3.79e-06	3.82e-06	1.71e-05	3.43e-06	3.45e-06	3.45e-06	3.81e-06	3.80e-06	3.78e-06	3.78e-06	3.82e-06	3.81e-06	3.81e-06	3.82e-06	3.80e-06	3.81e-06	3.78e-06	3.82e-06	
1.71e-05	3.43e-06	3.45e-06	3.45e-06	3.81e-06	3.80e-06	3.78e-06	3.78e-06	3.82e-06	3.81e-06	3.80e-06	3.82e-06	3.80e-06	3.81e-06	3.78e-06	3.82e-06	1.71e-05	3.41e-06	3.47e-06	3.46e-06	3.81e-06	3.79e-06	3.78e-06	3.77e-06	3.81e-06	3.81e-06	3.81e-06	3.80e-06	3.79e-06	3.81e-06	3.78e-06	3.82e-06	
1.71e-05	3.41e-06	3.47e-06	3.46e-06	3.81e-06	3.79e-06	3.78e-06	3.77e-06	3.81e-06	3.81e-06	3.81e-06	3.80e-06	3.79e-06	3.81e-06	3.78e-06	3.82e-06	

P0 Msg Size 3500
P1-15MsgSize 8
1.72e-05	3.60e-06	3.61e-06	3.66e-06	3.94e-06	3.94e-06	3.95e-06	3.93e-06	3.93e-06	4.00e-06	3.99e-06	3.98e-06	3.94e-06	3.98e-06	3.94e-06	3.95e-06	
1.72e-05	3.60e-06	3.61e-06	3.66e-06	3.94e-06	3.94e-06	3.95e-06	3.93e-06	3.93e-06	4.00e-06	3.99e-06	3.98e-06	3.94e-06	3.98e-06	3.94e-06	3.95e-06	1.73e-05	3.59e-06	3.61e-06	3.69e-06	3.95e-06	3.94e-06	3.98e-06	3.93e-06	3.95e-06	4.02e-06	3.99e-06	3.99e-06	3.93e-06	4.00e-06	3.93e-06	3.98e-06	
1.73e-05	3.59e-06	3.61e-06	3.69e-06	3.95e-06	3.94e-06	3.98e-06	3.93e-06	3.95e-06	4.02e-06	3.99e-06	3.99e-06	3.93e-06	4.00e-06	3.93e-06	3.98e-06	1.72e-05	3.61e-06	3.60e-06	3.69e-06	3.98e-06	3.95e-06	3.98e-06	3.97e-06	3.94e-06	4.00e-06	4.00e-06	4.02e-06	3.95e-06	4.01e-06	3.94e-06	3.97e-06	
1.72e-05	3.62e-06	3.60e-06	3.69e-06	3.98e-06	3.95e-06	3.98e-06	3.97e-06	3.94e-06	4.00e-06	4.00e-06	4.02e-06	3.95e-06	4.01e-06	3.94e-06	3.97e-06	1.72e-05	3.63e-06	3.61e-06	3.69e-06	3.98e-06	3.97e-06	3.96e-06	3.97e-06	3.93e-06	4.00e-06	3.99e-06	4.02e-06	3.94e-06	4.02e-06	3.92e-06	4.00e-06	
1.72e-05	3.63e-06	3.61e-06	3.69e-06	3.98e-06	3.97e-06	3.96e-06	3.97e-06	3.93e-06	4.00e-06	3.99e-06	4.02e-06	3.94e-06	4.02e-06	3.92e-06	4.00e-06	

P0 Msg Size 3500
P1-15MsgSize 16
1.72e-05	3.67e-06	3.65e-06	3.73e-06	4.01e-06	4.01e-06	4.03e-06	4.01e-06	3.99e-06	4.07e-06	4.04e-06	4.08e-06	3.98e-06	4.07e-06	3.99e-06	4.05e-06	
1.72e-05	3.67e-06	3.65e-06	3.73e-06	4.01e-06	4.01e-06	4.03e-06	4.01e-06	3.99e-06	4.07e-06	4.04e-06	4.08e-06	3.98e-06	4.07e-06	3.99e-06	4.05e-06	1.71e-05	3.67e-06	3.65e-06	3.72e-06	4.01e-06	4.01e-06	4.02e-06	4.01e-06	3.99e-06	4.07e-06	4.03e-06	4.06e-06	3.98e-06	4.06e-06	4.00e-06	4.05e-06	
1.71e-05	3.67e-06	3.65e-06	3.72e-06	4.01e-06	4.01e-06	4.02e-06	4.01e-06	3.99e-06	4.07e-06	4.03e-06	4.06e-06	3.98e-06	4.06e-06	4.00e-06	4.05e-06	1.71e-05	3.67e-06	3.65e-06	3.72e-06	4.02e-06	4.03e-06	4.03e-06	4.02e-06	4.00e-06	4.07e-06	4.04e-06	4.08e-06	4.01e-06	4.07e-06	4.01e-06	4.05e-06	
1.71e-05	3.67e-06	3.65e-06	3.72e-06	4.02e-06	4.03e-06	4.03e-06	4.02e-06	4.00e-06	4.07e-06	4.04e-06	4.08e-06	4.01e-06	4.07e-06	4.01e-06	4.05e-06	1.72e-05	3.66e-06	3.64e-06	3.71e-06	4.03e-06	4.02e-06	4.02e-06	4.00e-06	4.00e-06	4.07e-06	4.04e-06	4.08e-06	4.00e-06	4.05e-06	4.01e-06	4.04e-06	
1.72e-05	3.66e-06	3.64e-06	3.71e-06	4.03e-06	4.02e-06	4.02e-06	4.00e-06	4.00e-06	4.07e-06	4.04e-06	4.08e-06	4.00e-06	4.05e-06	4.01e-06	4.04e-06	

P0 Msg Size 3500
P1-15MsgSize 32
1.73e-05	3.85e-06	3.90e-06	3.90e-06	4.23e-06	4.24e-06	4.21e-06	4.19e-06	4.25e-06	4.26e-06	4.26e-06	4.26e-06	4.22e-06	4.25e-06	4.23e-06	4.21e-06	
1.73e-05	3.85e-06	3.90e-06	3.90e-06	4.23e-06	4.24e-06	4.21e-06	4.19e-06	4.25e-06	4.26e-06	4.26e-06	4.26e-06	4.22e-06	4.25e-06	4.23e-06	4.21e-06	1.72e-05	3.85e-06	3.90e-06	3.90e-06	4.23e-06	4.23e-06	4.19e-06	4.19e-06	4.25e-06	4.27e-06	4.27e-06	4.27e-06	4.21e-06	4.24e-06	4.24e-06	4.23e-06	
1.72e-05	3.85e-06	3.90e-06	3.90e-06	4.23e-06	4.23e-06	4.19e-06	4.19e-06	4.25e-06	4.27e-06	4.27e-06	4.27e-06	4.21e-06	4.24e-06	4.24e-06	4.23e-06	1.73e-05	3.86e-06	3.91e-06	3.89e-06	4.24e-06	4.24e-06	4.19e-06	4.20e-06	4.25e-06	4.28e-06	4.27e-06	4.27e-06	4.21e-06	4.25e-06	4.22e-06	4.22e-06	
1.73e-05	3.86e-06	3.91e-06	3.89e-06	4.24e-06	4.24e-06	4.19e-06	4.20e-06	4.25e-06	4.28e-06	4.27e-06	4.27e-06	4.21e-06	4.25e-06	4.22e-06	4.22e-06	1.73e-05	3.91e-06	3.90e-06	3.88e-06	4.25e-06	4.24e-06	4.19e-06	4.20e-06	4.27e-06	4.29e-06	4.27e-06	4.28e-06	4.22e-06	4.26e-06	4.22e-06	4.24e-06	
1.73e-05	3.91e-06	3.90e-06	3.88e-06	4.25e-06	4.24e-06	4.19e-06	4.20e-06	4.27e-06	4.29e-06	4.27e-06	4.28e-06	4.22e-06	4.26e-06	4.22e-06	4.24e-06	

P0 Msg Size 3500
P1-15MsgSize 64
1.76e-05	4.34e-06	4.37e-06	4.31e-06	4.68e-06	4.68e-06	4.64e-06	4.65e-06	4.69e-06	4.72e-06	4.70e-06	4.73e-06	4.65e-06	4.71e-06	4.65e-06	4.66e-06	
1.76e-05	4.34e-06	4.37e-06	4.31e-06	4.68e-06	4.68e-06	4.64e-06	4.65e-06	4.69e-06	4.72e-06	4.70e-06	4.73e-06	4.65e-06	4.71e-06	4.65e-06	4.66e-06	1.75e-05	4.34e-06	4.32e-06	4.29e-06	4.67e-06	4.67e-06	4.65e-06	4.66e-06	4.69e-06	4.73e-06	4.69e-06	4.72e-06	4.64e-06	4.68e-06	4.65e-06	4.64e-06	
1.75e-05	4.34e-06	4.32e-06	4.29e-06	4.67e-06	4.67e-06	4.65e-06	4.66e-06	4.69e-06	4.74e-06	4.69e-06	4.72e-06	4.64e-06	4.68e-06	4.65e-06	4.64e-06	1.75e-05	4.31e-06	4.30e-06	4.32e-06	4.67e-06	4.69e-06	4.64e-06	4.69e-06	4.70e-06	4.74e-06	4.69e-06	4.73e-06	4.66e-06	4.69e-06	4.67e-06	4.66e-06	
1.75e-05	4.31e-06	4.30e-06	4.32e-06	4.67e-06	4.69e-06	4.64e-06	4.69e-06	4.70e-06	4.74e-06	4.69e-06	4.73e-06	4.66e-06	4.69e-06	4.67e-06	4.66e-06	1.75e-05	4.33e-06	4.33e-06	4.33e-06	4.66e-06	4.70e-06	4.66e-06	4.70e-06	4.70e-06	4.75e-06	4.70e-06	4.74e-06	4.68e-06	4.68e-06	4.69e-06	4.66e-06	
1.75e-05	4.33e-06	4.33e-06	4.33e-06	4.66e-06	4.70e-06	4.66e-06	4.70e-06	4.70e-06	4.75e-06	4.70e-06	4.74e-06	4.68e-06	4.68e-06	4.69e-06	4.66e-06	

P0 Msg Size 3500
P1-15MsgSize 128
1.82e-05	5.42e-06	5.43e-06	5.42e-06	5.80e-06	5.80e-06	5.78e-06	5.80e-06	5.83e-06	5.85e-06	5.84e-06	5.84e-06	5.79e-06	5.82e-06	5.80e-06	5.80e-06	
1.82e-05	5.42e-06	5.43e-06	5.42e-06	5.80e-06	5.80e-06	5.78e-06	5.80e-06	5.83e-06	5.85e-06	5.84e-06	5.84e-06	5.79e-06	5.82e-06	5.80e-06	5.80e-06	1.82e-05	5.43e-06	5.43e-06	5.43e-06	5.80e-06	5.80e-06	5.78e-06	5.80e-06	5.83e-06	5.86e-06	5.83e-06	5.84e-06	5.80e-06	5.82e-06	5.80e-06	5.78e-06	
1.82e-05	5.43e-06	5.43e-06	5.43e-06	5.80e-06	5.80e-06	5.78e-06	5.80e-06	5.83e-06	5.86e-06	5.83e-06	5.84e-06	5.80e-06	5.82e-06	5.80e-06	5.78e-06	1.82e-05	5.43e-06	5.44e-06	5.43e-06	5.82e-06	5.82e-06	5.78e-06	5.81e-06	5.83e-06	5.87e-06	5.84e-06	5.86e-06	5.82e-06	5.84e-06	5.81e-06	5.82e-06	
1.82e-05	5.43e-06	5.44e-06	5.43e-06	5.82e-06	5.82e-06	5.78e-06	5.81e-06	5.83e-06	5.87e-06	5.84e-06	5.86e-06	5.82e-06	5.84e-06	5.81e-06	5.82e-06	1.82e-05	5.43e-06	5.42e-06	5.42e-06	5.80e-06	5.79e-06	5.78e-06	5.80e-06	5.83e-06	5.84e-06	5.83e-06	5.86e-06	5.81e-06	5.83e-06	5.79e-06	5.79e-06	
1.82e-05	5.43e-06	5.42e-06	5.42e-06	5.80e-06	5.79e-06	5.78e-06	5.80e-06	5.83e-06	5.84e-06	5.83e-06	5.86e-06	5.81e-06	5.83e-06	5.79e-06	5.79e-06	

P0 Msg Size 3500
P1-15MsgSize 256
2.25e-05	1.05e-05	1.05e-05	1.05e-05	1.08e-05	1.08e-05	1.08e-05	1.08e-05	1.09e-05	1.09e-05	1.09e-05	1.09e-05	1.08e-05	1.08e-05	1.08e-05	1.08e-05	
2.25e-05	1.05e-05	1.05e-05	1.05e-05	1.08e-05	1.08e-05	1.08e-05	1.08e-05	1.09e-05	1.09e-05	1.09e-05	1.09e-05	1.08e-05	1.08e-05	1.08e-05	1.08e-05	2.25e-05	1.05e-05	1.05e-05	1.05e-05	1.08e-05	1.08e-05	1.08e-05	1.08e-05	1.08e-05	1.08e-05	1.08e-05	1.08e-05	1.08e-05	1.08e-05	1.08e-05	1.08e-05	
2.25e-05	1.05e-05	1.05e-05	1.05e-05	1.08e-05	1.08e-05	1.08e-05	1.08e-05	1.08e-05	1.08e-05	1.08e-05	1.08e-05	1.08e-05	1.08e-05	1.08e-05	1.08e-05	2.25e-05	1.05e-05	1.05e-05	1.05e-05	1.08e-05	1.08e-05	1.08e-05	1.08e-05	1.08e-05	1.08e-05	1.08e-05	1.08e-05	1.08e-05	1.08e-05	1.08e-05	1.08e-05	
2.25e-05	1.05e-05	1.05e-05	1.05e-05	1.08e-05	1.08e-05	1.08e-05	1.08e-05	1.08e-05	1.08e-05	1.08e-05	1.08e-05	1.08e-05	1.08e-05	1.08e-05	1.08e-05	2.24e-05	1.05e-05	1.05e-05	1.05e-05	1.08e-05	1.08e-05	1.08e-05	1.08e-05	1.08e-05	1.08e-05	1.08e-05	1.08e-05	1.08e-05	1.08e-05	1.08e-05	1.08e-05	
2.24e-05	1.05e-05	1.05e-05	1.05e-05	1.08e-05	1.08e-05	1.08e-05	1.08e-05	1.08e-05	1.08e-05	1.08e-05	1.08e-05	1.08e-05	1.08e-05	1.08e-05	1.08e-05	

P0 Msg Size 3500
P1-15MsgSize 512
3.59e-05	2.36e-05	2.36e-05	2.37e-05	2.60e-05	2.60e-05	2.60e-05	2.60e-05	2.61e-05	2.61e-05	2.61e-05	2.62e-05	2.61e-05	2.61e-05	2.61e-05	2.61e-05	
3.59e-05	2.36e-05	2.36e-05	2.37e-05	2.60e-05	2.60e-05	2.60e-05	2.60e-05	2.61e-05	2.61e-05	2.61e-05	2.62e-05	2.61e-05	2.61e-05	2.61e-05	2.61e-05	3.60e-05	2.37e-05	2.37e-05	2.37e-05	2.62e-05	2.61e-05	2.62e-05	2.61e-05	2.63e-05	2.63e-05	2.63e-05	2.63e-05	2.62e-05	2.62e-05	2.62e-05	2.62e-05	
3.60e-05	2.37e-05	2.37e-05	2.37e-05	2.62e-05	2.61e-05	2.62e-05	2.61e-05	2.63e-05	2.63e-05	2.63e-05	2.63e-05	2.62e-05	2.62e-05	2.62e-05	2.62e-05	3.59e-05	2.37e-05	2.37e-05	2.37e-05	2.61e-05	2.61e-05	2.61e-05	2.61e-05	2.62e-05	2.62e-05	2.62e-05	2.62e-05	2.61e-05	2.61e-05	2.61e-05	2.61e-05	
3.59e-05	2.37e-05	2.37e-05	2.37e-05	2.61e-05	2.61e-05	2.61e-05	2.61e-05	2.62e-05	2.62e-05	2.62e-05	2.62e-05	2.61e-05	2.61e-05	2.61e-05	2.61e-05	3.60e-05	2.37e-05	2.37e-05	2.37e-05	2.62e-05	2.62e-05	2.62e-05	2.62e-05	2.63e-05	2.63e-05	2.63e-05	2.63e-05	2.62e-05	2.62e-05	2.62e-05	2.62e-05	
3.60e-05	2.37e-05	2.37e-05	2.37e-05	2.62e-05	2.62e-05	2.62e-05	2.62e-05	2.63e-05	2.63e-05	2.63e-05	2.63e-05	2.62e-05	2.62e-05	2.62e-05	2.62e-05	

P0 Msg Size 3500
P1-15MsgSize 1024
5.65e-05	4.37e-05	4.37e-05	4.37e-05	4.96e-05	4.96e-05	4.96e-05	4.96e-05	4.98e-05	4.98e-05	4.98e-05	4.98e-05	4.97e-05	4.97e-05	4.97e-05	4.97e-05	
5.65e-05	4.37e-05	4.37e-05	4.37e-05	4.96e-05	4.96e-05	4.96e-05	4.96e-05	4.98e-05	4.98e-05	4.98e-05	4.98e-05	4.97e-05	4.97e-05	4.97e-05	4.97e-05	5.66e-05	4.38e-05	4.38e-05	4.38e-05	4.97e-05	4.97e-05	4.97e-05	4.97e-05	4.98e-05	4.98e-05	4.98e-05	4.98e-05	4.97e-05	4.97e-05	4.97e-05	4.97e-05	
5.66e-05	4.38e-05	4.38e-05	4.38e-05	4.97e-05	4.97e-05	4.97e-05	4.97e-05	4.98e-05	4.98e-05	4.98e-05	4.98e-05	4.97e-05	4.97e-05	4.97e-05	4.97e-05	5.66e-05	4.38e-05	4.38e-05	4.38e-05	4.98e-05	4.98e-05	4.98e-05	4.98e-05	4.99e-05	4.99e-05	4.99e-05	4.99e-05	4.98e-05	4.98e-05	4.98e-05	4.98e-05	
5.66e-05	4.38e-05	4.38e-05	4.38e-05	4.98e-05	4.98e-05	4.98e-05	4.98e-05	4.99e-05	4.99e-05	4.99e-05	4.99e-05	4.98e-05	4.98e-05	4.98e-05	4.98e-05	5.66e-05	4.38e-05	4.38e-05	4.38e-05	4.97e-05	4.97e-05	4.97e-05	4.97e-05	4.99e-05	4.99e-05	4.99e-05	4.99e-05	4.98e-05	4.98e-05	4.98e-05	4.98e-05	
5.66e-05	4.38e-05	4.38e-05	4.38e-05	4.97e-05	4.97e-05	4.97e-05	4.97e-05	4.99e-05	4.99e-05	4.99e-05	4.99e-05	4.98e-05	4.98e-05	4.98e-05	4.98e-05	

P0 Msg Size 3500
P1-15MsgSize 2048
3.50e-05	3.17e-05	3.17e-05	3.17e-05	3.19e-05	3.19e-05	3.19e-05	3.19e-05	3.19e-05	3.19e-05	3.19e-05	3.19e-05	3.19e-05	3.19e-05	3.19e-05	3.19e-05	
3.50e-05	3.17e-05	3.17e-05	3.17e-05	3.19e-05	3.19e-05	3.19e-05	3.19e-05	3.19e-05	3.19e-05	3.19e-05	3.19e-05	3.19e-05	3.19e-05	3.19e-05	3.19e-05	3.48e-05	3.17e-05	3.17e-05	3.17e-05	3.19e-05	3.19e-05	3.19e-05	3.19e-05	3.19e-05	3.19e-05	3.19e-05	3.19e-05	3.19e-05	3.19e-05	3.19e-05	3.19e-05	
3.48e-05	3.17e-05	3.17e-05	3.17e-05	3.19e-05	3.19e-05	3.19e-05	3.19e-05	3.19e-05	3.19e-05	3.19e-05	3.19e-05	3.19e-05	3.19e-05	3.19e-05	3.19e-05	3.48e-05	3.17e-05	3.17e-05	3.17e-05	3.19e-05	3.19e-05	3.19e-05	3.19e-05	3.19e-05	3.19e-05	3.19e-05	3.19e-05	3.19e-05	3.19e-05	3.19e-05	3.19e-05	
3.48e-05	3.17e-05	3.17e-05	3.17e-05	3.19e-05	3.19e-05	3.19e-05	3.19e-05	3.19e-05	3.19e-05	3.19e-05	3.19e-05	3.19e-05	3.19e-05	3.19e-05	3.19e-05	3.48e-05	3.17e-05	3.18e-05	3.18e-05	3.20e-05	3.20e-05	3.20e-05	3.20e-05	3.20e-05	3.20e-05	3.20e-05	3.20e-05	3.20e-05	3.20e-05	3.20e-05	3.20e-05	
3.48e-05	3.17e-05	3.18e-05	3.18e-05	3.20e-05	3.20e-05	3.20e-05	3.20e-05	3.20e-05	3.20e-05	3.20e-05	3.20e-05	3.20e-05	3.20e-05	3.20e-05	3.20e-05	

P0 Msg Size 3500
P1-15MsgSize 4096
5.71e-05	5.65e-05	5.65e-05	5.65e-05	5.68e-05	5.68e-05	5.68e-05	5.67e-05	5.68e-05	5.68e-05	5.68e-05	5.68e-05	5.67e-05	5.67e-05	5.67e-05	5.68e-05	
5.71e-05	5.65e-05	5.65e-05	5.65e-05	5.68e-05	5.68e-05	5.68e-05	5.67e-05	5.68e-05	5.68e-05	5.68e-05	5.68e-05	5.67e-05	5.67e-05	5.67e-05	5.68e-05	5.70e-05	5.65e-05	5.65e-05	5.65e-05	5.68e-05	5.68e-05	5.68e-05	5.68e-05	5.68e-05	5.68e-05	5.68e-05	5.68e-05	5.67e-05	5.68e-05	5.68e-05	5.68e-05	
5.70e-05	5.65e-05	5.65e-05	5.65e-05	5.68e-05	5.68e-05	5.68e-05	5.68e-05	5.68e-05	5.68e-05	5.68e-05	5.68e-05	5.67e-05	5.68e-05	5.68e-05	5.68e-05	5.70e-05	5.64e-05	5.65e-05	5.65e-05	5.67e-05	5.67e-05	5.67e-05	5.67e-05	5.67e-05	5.67e-05	5.67e-05	5.67e-05	5.67e-05	5.67e-05	5.67e-05	5.67e-05	
5.70e-05	5.64e-05	5.65e-05	5.65e-05	5.67e-05	5.67e-05	5.67e-05	5.67e-05	5.67e-05	5.67e-05	5.67e-05	5.67e-05	5.67e-05	5.67e-05	5.67e-05	5.67e-05	5.70e-05	5.64e-05	5.64e-05	5.65e-05	5.67e-05	5.67e-05	5.67e-05	5.68e-05	5.68e-05	5.67e-05	5.67e-05	5.68e-05	5.67e-05	5.67e-05	5.68e-05	5.68e-05	
5.70e-05	5.64e-05	5.64e-05	5.65e-05	5.67e-05	5.67e-05	5.67e-05	5.68e-05	5.68e-05	5.67e-05	5.67e-05	5.68e-05	5.67e-05	5.67e-05	5.68e-05	5.68e-05	

P0 Msg Size 3500
P1-15MsgSize 8192
9.55e-05	1.05e-04	1.05e-04	1.05e-04	1.05e-04	1.05e-04	1.05e-04	1.05e-04	1.05e-04	1.05e-04	1.05e-04	1.05e-04	1.05e-04	1.05e-04	1.05e-04	1.05e-04	
9.55e-05	1.05e-04	1.05e-04	1.05e-04	1.05e-04	1.05e-04	1.05e-04	1.05e-04	1.05e-04	1.05e-04	1.05e-04	1.05e-04	1.05e-04	1.05e-04	1.05e-04	1.05e-04	9.61e-05	1.05e-04	1.06e-04	1.05e-04	1.06e-04	1.06e-04	1.06e-04	1.06e-04	1.06e-04	1.06e-04	1.06e-04	1.05e-04	1.06e-04	1.06e-04	1.06e-04	1.06e-04	
9.61e-05	1.05e-04	1.06e-04	1.05e-04	1.06e-04	1.06e-04	1.06e-04	1.06e-04	1.06e-04	1.06e-04	1.06e-04	1.05e-04	1.06e-04	1.06e-04	1.06e-04	1.06e-04	9.59e-05	1.05e-04	1.05e-04	1.05e-04	1.06e-04	1.06e-04	1.06e-04	1.06e-04	1.06e-04	1.06e-04	1.06e-04	1.06e-04	1.06e-04	1.06e-04	1.06e-04	1.06e-04	
9.59e-05	1.05e-04	1.05e-04	1.05e-04	1.06e-04	1.06e-04	1.06e-04	1.06e-04	1.06e-04	1.06e-04	1.06e-04	1.06e-04	1.06e-04	1.06e-04	1.06e-04	1.06e-04	9.63e-05	1.05e-04	1.06e-04	1.05e-04	1.06e-04	1.06e-04	1.06e-04	1.05e-04	1.06e-04	1.06e-04	1.06e-04	1.06e-04	1.06e-04	1.06e-04	1.06e-04	1.06e-04	
9.63e-05	1.05e-04	1.06e-04	1.05e-04	1.06e-04	1.06e-04	1.06e-04	1.05e-04	1.06e-04	1.06e-04	1.06e-04	1.06e-04	1.06e-04	1.06e-04	1.06e-04	1.06e-04	

P0 Msg Size 3500
P1-15MsgSize 16384
1.54e-04	1.95e-04	1.97e-04	1.92e-04	1.95e-04	1.97e-04	1.97e-04	1.88e-04	1.96e-04	1.95e-04	1.87e-04	1.94e-04	1.94e-04	1.94e-04	1.95e-04	1.96e-04	
1.54e-04	1.95e-04	1.96e-04	1.92e-04	1.95e-04	1.97e-04	1.97e-04	1.88e-04	1.96e-04	1.95e-04	1.87e-04	1.94e-04	1.94e-04	1.94e-04	1.95e-04	1.96e-04	1.79e-04	1.98e-04	2.06e-04	2.01e-04	2.09e-04	2.04e-04	2.02e-04	2.03e-04	2.05e-04	2.02e-04	2.08e-04	2.04e-04	2.06e-04	2.00e-04	2.05e-04	2.02e-04	
1.79e-04	1.98e-04	2.06e-04	2.01e-04	2.09e-04	2.04e-04	2.02e-04	2.03e-04	2.05e-04	2.02e-04	2.08e-04	2.04e-04	2.06e-04	2.00e-04	2.05e-04	2.02e-04	1.71e-04	1.98e-04	2.01e-04	2.01e-04	2.03e-04	1.98e-04	2.05e-04	2.03e-04	1.98e-04	2.04e-04	2.03e-04	2.02e-04	2.04e-04	2.04e-04	2.04e-04	2.03e-04	
1.71e-04	1.98e-04	2.01e-04	2.01e-04	2.03e-04	1.98e-04	2.05e-04	2.03e-04	1.98e-04	2.04e-04	2.03e-04	2.02e-04	2.04e-04	2.04e-04	2.04e-04	2.03e-04	1.80e-04	2.05e-04	2.00e-04	2.06e-04	2.03e-04	2.04e-04	2.08e-04	1.94e-04	2.01e-04	2.07e-04	2.05e-04	1.98e-04	2.04e-04	2.04e-04	2.07e-04	2.06e-04	
1.80e-04	2.05e-04	2.00e-04	2.06e-04	2.03e-04	2.04e-04	2.08e-04	1.94e-04	2.00e-04	2.07e-04	2.05e-04	1.98e-04	2.04e-04	2.04e-04	2.07e-04	2.06e-04	

P0 Msg Size 3500
P1-15MsgSize 32768
2.02e-04	3.89e-04	3.80e-04	3.71e-04	3.12e-04	3.88e-04	3.90e-04	3.91e-04	3.70e-04	3.81e-04	3.41e-04	3.67e-04	3.88e-04	3.21e-04	3.87e-04	3.86e-04	
2.02e-04	3.89e-04	3.80e-04	3.71e-04	3.12e-04	3.88e-04	3.90e-04	3.91e-04	3.70e-04	3.81e-04	3.41e-04	3.67e-04	3.88e-04	3.21e-04	3.87e-04	3.86e-04	2.85e-04	3.88e-04	3.85e-04	3.88e-04	3.45e-04	3.92e-04	3.44e-04	3.85e-04	3.81e-04	3.89e-04	3.80e-04	3.51e-04	3.90e-04	3.87e-04	3.91e-04	3.91e-04	
2.85e-04	3.88e-04	3.85e-04	3.88e-04	3.45e-04	3.92e-04	3.44e-04	3.85e-04	3.81e-04	3.88e-04	3.80e-04	3.51e-04	3.90e-04	3.87e-04	3.91e-04	3.91e-04	3.36e-04	4.00e-04	3.97e-04	3.96e-04	4.04e-04	4.01e-04	4.02e-04	4.02e-04	3.94e-04	4.01e-04	3.97e-04	4.00e-04	4.02e-04	4.02e-04	4.01e-04	3.95e-04	
3.36e-04	4.00e-04	3.97e-04	3.96e-04	4.04e-04	4.01e-04	4.02e-04	4.02e-04	3.94e-04	4.01e-04	3.97e-04	4.00e-04	4.02e-04	4.02e-04	4.01e-04	3.95e-04	3.31e-04	3.95e-04	3.94e-04	3.90e-04	3.86e-04	3.93e-04	3.93e-04	3.92e-04	3.91e-04	3.92e-04	3.89e-04	3.93e-04	3.93e-04	3.92e-04	3.88e-04	3.88e-04	
3.31e-04	3.95e-04	3.94e-04	3.90e-04	3.86e-04	3.93e-04	3.93e-04	3.92e-04	3.91e-04	3.92e-04	3.89e-04	3.93e-04	3.93e-04	3.92e-04	3.88e-04	3.88e-04	

P0 Msg Size 3500
P1-15MsgSize 65536
5.54e-04	7.68e-04	7.65e-04	7.49e-04	7.75e-04	7.61e-04	7.64e-04	7.62e-04	7.67e-04	7.30e-04	7.59e-04	7.60e-04	7.54e-04	7.70e-04	7.55e-04	7.71e-04	
5.54e-04	7.68e-04	7.65e-04	7.49e-04	7.75e-04	7.60e-04	7.64e-04	7.62e-04	7.67e-04	7.30e-04	7.59e-04	7.60e-04	7.54e-04	7.70e-04	7.55e-04	7.71e-04	5.88e-04	7.70e-04	7.65e-04	7.67e-04	7.69e-04	7.58e-04	7.56e-04	7.71e-04	7.64e-04	7.59e-04	7.61e-04	7.70e-04	7.55e-04	7.38e-04	7.59e-04	7.59e-04	
5.88e-04	7.70e-04	7.65e-04	7.67e-04	7.69e-04	7.58e-04	7.56e-04	7.71e-04	7.64e-04	7.59e-04	7.61e-04	7.70e-04	7.55e-04	7.38e-04	7.59e-04	7.59e-04	5.30e-04	7.03e-04	7.23e-04	7.72e-04	7.64e-04	7.66e-04	7.26e-04	7.71e-04	7.57e-04	7.41e-04	7.64e-04	7.67e-04	7.52e-04	7.57e-04	7.67e-04	7.57e-04	
5.30e-04	7.03e-04	7.23e-04	7.72e-04	7.64e-04	7.66e-04	7.26e-04	7.71e-04	7.57e-04	7.41e-04	7.64e-04	7.67e-04	7.52e-04	7.57e-04	7.67e-04	7.57e-04	5.24e-04	6.49e-04	7.46e-04	7.48e-04	7.71e-04	7.35e-04	6.77e-04	7.50e-04	7.49e-04	7.33e-04	7.72e-04	7.68e-04	7.63e-04	7.66e-04	6.59e-04	7.71e-04	
5.24e-04	6.49e-04	7.46e-04	7.48e-04	7.71e-04	7.35e-04	6.77e-04	7.50e-04	7.49e-04	7.33e-04	7.72e-04	7.68e-04	7.63e-04	7.66e-04	6.59e-04	7.71e-04	
