Percent Rank 0: 0
NodeSizeMsgs 8192
2.90e-05	2.89e-05	2.89e-05	2.90e-05	
Percent Rank 0: 5
NodeSizeMsgs 8192
2.80e-05	2.79e-05	2.80e-05	2.79e-05	
Percent Rank 0: 10
NodeSizeMsgs 8192
2.67e-05	2.68e-05	2.68e-05	2.67e-05	
Percent Rank 0: 15
NodeSizeMsgs 8192
2.67e-05	2.67e-05	2.66e-05	2.66e-05	
Percent Rank 0: 20
NodeSizeMsgs 8192
2.70e-05	2.70e-05	2.70e-05	2.70e-05	
Percent Rank 0: 25
NodeSizeMsgs 8192
3.01e-05	3.02e-05	3.02e-05	3.01e-05	
Percent Rank 0: 30
NodeSizeMsgs 8192
2.90e-05	3.30e-05	2.88e-05	2.89e-05	
Percent Rank 0: 35
NodeSizeMsgs 8192
2.65e-05	2.65e-05	2.65e-05	2.65e-05	
Percent Rank 0: 40
NodeSizeMsgs 8192
2.57e-05	2.57e-05	2.58e-05	2.79e-05	
Percent Rank 0: 45
NodeSizeMsgs 8192
2.51e-05	2.50e-05	2.50e-05	2.50e-05	
Percent Rank 0: 50
NodeSizeMsgs 8192
2.50e-05	2.49e-05	2.49e-05	2.49e-05	
Percent Rank 0: 55
NodeSizeMsgs 8192
2.45e-05	2.45e-05	2.45e-05	2.45e-05	
Percent Rank 0: 60
NodeSizeMsgs 8192
2.52e-05	2.52e-05	2.52e-05	2.51e-05	
Percent Rank 0: 65
NodeSizeMsgs 8192
2.27e-05	2.28e-05	2.27e-05	2.27e-05	
Percent Rank 0: 70
NodeSizeMsgs 8192
2.24e-05	2.24e-05	2.24e-05	2.24e-05	
Percent Rank 0: 75
NodeSizeMsgs 8192
2.83e-05	2.22e-05	2.22e-05	2.22e-05	
Percent Rank 0: 80
NodeSizeMsgs 8192
2.22e-05	2.22e-05	2.22e-05	2.22e-05	
Percent Rank 0: 85
NodeSizeMsgs 8192
2.25e-05	2.25e-05	2.25e-05	2.25e-05	
Percent Rank 0: 90
NodeSizeMsgs 8192
2.31e-05	2.31e-05	2.31e-05	2.31e-05	
Percent Rank 0: 95
NodeSizeMsgs 8192
2.33e-05	2.33e-05	2.34e-05	2.34e-05	
Percent Rank 0: 100
NodeSizeMsgs 8192
2.36e-05	2.36e-05	2.47e-05	2.36e-05
