Percent Rank 0: 0
NodeSizeMsgs 32768
3.18e-05	3.17e-05	3.17e-05	3.17e-05	
Percent Rank 0: 5
NodeSizeMsgs 32768
3.16e-05	3.16e-05	3.16e-05	3.16e-05	
Percent Rank 0: 10
NodeSizeMsgs 32768
1.19e-04	1.19e-04	1.19e-04	1.20e-04	
Percent Rank 0: 15
NodeSizeMsgs 32768
1.11e-04	1.11e-04	1.21e-04	1.11e-04	
Percent Rank 0: 20
NodeSizeMsgs 32768
1.08e-04	1.08e-04	1.07e-04	1.07e-04	
Percent Rank 0: 25
NodeSizeMsgs 32768
1.03e-04	1.02e-04	1.02e-04	1.02e-04	
Percent Rank 0: 30
NodeSizeMsgs 32768
9.61e-05	9.58e-05	9.60e-05	9.63e-05	
Percent Rank 0: 35
NodeSizeMsgs 32768
9.10e-05	9.10e-05	9.09e-05	9.16e-05	
Percent Rank 0: 40
NodeSizeMsgs 32768
8.63e-05	8.64e-05	8.62e-05	8.63e-05	
Percent Rank 0: 45
NodeSizeMsgs 32768
8.23e-05	8.35e-05	8.23e-05	8.22e-05	
Percent Rank 0: 50
NodeSizeMsgs 32768
7.76e-05	7.76e-05	7.77e-05	7.76e-05	
Percent Rank 0: 55
NodeSizeMsgs 32768
7.31e-05	7.31e-05	7.32e-05	7.31e-05	
Percent Rank 0: 60
NodeSizeMsgs 32768
6.93e-05	6.93e-05	6.94e-05	6.93e-05	
Percent Rank 0: 65
NodeSizeMsgs 32768
6.63e-05	6.62e-05	6.63e-05	6.62e-05	
Percent Rank 0: 70
NodeSizeMsgs 32768
6.63e-05	6.64e-05	6.65e-05	6.64e-05	
Percent Rank 0: 75
NodeSizeMsgs 32768
6.51e-05	6.52e-05	6.51e-05	6.51e-05	
Percent Rank 0: 80
NodeSizeMsgs 32768
5.97e-05	5.98e-05	5.97e-05	5.98e-05	
Percent Rank 0: 85
NodeSizeMsgs 32768
5.62e-05	5.62e-05	5.61e-05	5.61e-05	
Percent Rank 0: 90
NodeSizeMsgs 32768
5.43e-05	5.44e-05	5.43e-05	5.43e-05	
Percent Rank 0: 95
NodeSizeMsgs 32768
5.29e-05	5.29e-05	5.29e-05	5.29e-05	
Percent Rank 0: 100
NodeSizeMsgs 32768
5.29e-05	5.29e-05	5.29e-05	5.29e-05
