----------------------------------------
Begin Torque Prologue on nid25263
at Thu Apr  5 12:44:41 CDT 2018
Job Id:			8483967.bw
Username:		bienz
Group:			ILL_jq7
Job name:		nodecomm
Requested resources:	neednodes=1:ppn=32:xe,nodes=1:ppn=32:xe,walltime=00:15:00
Queue:			normal
Account:		jq7
End Torque Prologue:  0.095 elapsed
----------------------------------------




Pingpong for
master:  0, 1, 2, 3, 4, 5, 6, 7
partner: 8, 9, 10, 11, 12, 13, 14, 15

Num Msgs 1
SizeMsgs 1
1.27e-06	1.27e-06	1.28e-06	1.29e-06	1.28e-06	1.29e-06	1.29e-06	1.29e-06	

Num Msgs 1
SizeMsgs 2
1.21e-06	1.22e-06	1.23e-06	1.24e-06	1.24e-06	1.23e-06	1.24e-06	1.24e-06	
Num Msgs 2
SizeMsgs 2
2.47e-06	2.46e-06	2.48e-06	2.50e-06	2.50e-06	2.50e-06	2.50e-06	2.51e-06	

Num Msgs 1
SizeMsgs 4
1.20e-06	1.21e-06	1.22e-06	1.23e-06	1.23e-06	1.23e-06	1.23e-06	1.23e-06	
Num Msgs 2
SizeMsgs 4
2.36e-06	2.38e-06	2.39e-06	2.42e-06	2.42e-06	2.42e-06	2.42e-06	2.42e-06	
Num Msgs 4
SizeMsgs 4
4.22e-06	4.27e-06	4.51e-06	4.85e-06	4.84e-06	4.92e-06	4.84e-06	4.98e-06	

Num Msgs 1
SizeMsgs 8
1.20e-06	1.21e-06	1.22e-06	1.23e-06	1.23e-06	1.23e-06	1.23e-06	1.23e-06	
Num Msgs 2
SizeMsgs 8
2.36e-06	2.38e-06	2.40e-06	2.42e-06	2.42e-06	2.42e-06	2.42e-06	2.42e-06	
Num Msgs 4
SizeMsgs 8
4.49e-06	4.50e-06	4.54e-06	4.61e-06	4.68e-06	4.58e-06	4.58e-06	4.58e-06	
Num Msgs 8
SizeMsgs 8
8.15e-06	8.25e-06	8.31e-06	8.39e-06	8.40e-06	8.41e-06	8.43e-06	8.44e-06	

Num Msgs 1
SizeMsgs 16
1.20e-06	1.22e-06	1.22e-06	1.23e-06	1.23e-06	1.23e-06	1.23e-06	1.23e-06	
Num Msgs 2
SizeMsgs 16
2.37e-06	2.38e-06	2.41e-06	2.42e-06	2.42e-06	2.42e-06	2.43e-06	2.43e-06	
Num Msgs 4
SizeMsgs 16
4.37e-06	4.38e-06	4.49e-06	4.56e-06	4.56e-06	4.58e-06	4.57e-06	4.58e-06	
Num Msgs 8
SizeMsgs 16
7.72e-06	7.79e-06	7.89e-06	7.96e-06	7.99e-06	7.99e-06	7.98e-06	8.01e-06	
Num Msgs 16
SizeMsgs 16
1.42e-05	1.42e-05	1.43e-05	1.45e-05	1.45e-05	1.45e-05	1.46e-05	1.47e-05	

Num Msgs 1
SizeMsgs 32
1.21e-06	1.22e-06	1.22e-06	1.23e-06	1.23e-06	1.23e-06	1.23e-06	1.23e-06	
Num Msgs 2
SizeMsgs 32
2.37e-06	2.39e-06	2.40e-06	2.42e-06	2.42e-06	2.42e-06	2.43e-06	2.44e-06	
Num Msgs 4
SizeMsgs 32
4.49e-06	4.51e-06	4.54e-06	4.56e-06	4.58e-06	4.60e-06	4.58e-06	4.60e-06	
Num Msgs 8
SizeMsgs 32
7.68e-06	7.77e-06	7.87e-06	7.95e-06	7.97e-06	7.97e-06	7.95e-06	8.02e-06	
Num Msgs 16
SizeMsgs 32
1.34e-05	1.35e-05	1.37e-05	1.38e-05	1.38e-05	1.38e-05	1.39e-05	1.40e-05	
Num Msgs 32
SizeMsgs 32
2.82e-05	2.84e-05	2.85e-05	2.87e-05	2.87e-05	2.87e-05	2.87e-05	2.87e-05	

Num Msgs 1
SizeMsgs 64
1.21e-06	1.21e-06	1.22e-06	1.23e-06	1.23e-06	1.23e-06	1.23e-06	1.23e-06	
Num Msgs 2
SizeMsgs 64
2.36e-06	2.38e-06	2.40e-06	2.41e-06	2.42e-06	2.42e-06	2.43e-06	2.45e-06	
Num Msgs 4
SizeMsgs 64
4.51e-06	4.53e-06	4.55e-06	4.58e-06	4.59e-06	4.58e-06	4.68e-06	4.59e-06	
Num Msgs 8
SizeMsgs 64
7.73e-06	7.81e-06	7.89e-06	7.98e-06	8.00e-06	7.98e-06	8.01e-06	8.02e-06	
Num Msgs 16
SizeMsgs 64
1.35e-05	1.36e-05	1.37e-05	1.39e-05	1.39e-05	1.39e-05	1.39e-05	1.40e-05	
Num Msgs 32
SizeMsgs 64
2.69e-05	2.72e-05	2.74e-05	2.75e-05	2.76e-05	2.76e-05	2.77e-05	2.78e-05	
Num Msgs 64
SizeMsgs 64
5.64e-05	5.68e-05	5.71e-05	5.74e-05	5.75e-05	5.76e-05	5.77e-05	5.80e-05	

Num Msgs 1
SizeMsgs 128
1.21e-06	1.21e-06	1.22e-06	1.24e-06	1.23e-06	1.24e-06	1.24e-06	1.24e-06	
Num Msgs 2
SizeMsgs 128
2.36e-06	2.39e-06	2.40e-06	2.42e-06	2.42e-06	2.42e-06	2.42e-06	2.43e-06	
Num Msgs 4
SizeMsgs 128
4.48e-06	4.50e-06	4.54e-06	4.57e-06	4.57e-06	4.57e-06	4.58e-06	4.66e-06	
Num Msgs 8
SizeMsgs 128
7.70e-06	7.76e-06	7.89e-06	7.98e-06	8.05e-06	8.06e-06	8.05e-06	8.05e-06	
Num Msgs 16
SizeMsgs 128
1.35e-05	1.36e-05	1.38e-05	1.39e-05	1.39e-05	1.39e-05	1.40e-05	1.40e-05	
Num Msgs 32
SizeMsgs 128
2.70e-05	2.71e-05	2.73e-05	2.76e-05	2.76e-05	2.76e-05	2.77e-05	2.77e-05	
Num Msgs 64
SizeMsgs 128
5.42e-05	5.45e-05	5.50e-05	5.54e-05	5.55e-05	5.55e-05	5.58e-05	5.61e-05	
Num Msgs 128
SizeMsgs 128
2.10e-04	2.11e-04	2.11e-04	2.12e-04	2.12e-04	2.13e-04	2.15e-04	2.15e-04	

Num Msgs 1
SizeMsgs 256
1.20e-06	1.21e-06	1.22e-06	1.23e-06	1.23e-06	1.23e-06	1.23e-06	1.23e-06	
Num Msgs 2
SizeMsgs 256
2.37e-06	2.39e-06	2.41e-06	2.42e-06	2.43e-06	2.43e-06	2.44e-06	2.43e-06	
Num Msgs 4
SizeMsgs 256
4.62e-06	4.64e-06	4.67e-06	4.71e-06	4.71e-06	4.71e-06	4.71e-06	4.72e-06	
Num Msgs 8
SizeMsgs 256
7.99e-06	8.08e-06	8.16e-06	8.27e-06	8.28e-06	8.27e-06	8.28e-06	8.28e-06	
Num Msgs 16
SizeMsgs 256
1.37e-05	1.40e-05	1.42e-05	1.43e-05	1.44e-05	1.44e-05	1.44e-05	1.44e-05	
Num Msgs 32
SizeMsgs 256
2.70e-05	2.76e-05	2.77e-05	2.80e-05	2.81e-05	2.80e-05	2.81e-05	2.82e-05	
Num Msgs 64
SizeMsgs 256
5.40e-05	5.44e-05	5.51e-05	5.55e-05	5.55e-05	5.56e-05	5.59e-05	5.62e-05	
Num Msgs 128
SizeMsgs 256
2.03e-04	2.03e-04	2.04e-04	2.05e-04	2.05e-04	2.05e-04	2.08e-04	2.08e-04	
Num Msgs 256
SizeMsgs 256
9.55e-04	9.56e-04	9.59e-04	9.71e-04	9.73e-04	9.75e-04	9.76e-04	9.80e-04	

Num Msgs 1
SizeMsgs 512
1.21e-06	1.22e-06	1.22e-06	1.23e-06	1.23e-06	1.23e-06	1.23e-06	1.23e-06	
Num Msgs 2
SizeMsgs 512
2.37e-06	2.39e-06	2.40e-06	2.42e-06	2.42e-06	2.42e-06	2.42e-06	2.44e-06	
Num Msgs 4
SizeMsgs 512
4.63e-06	4.65e-06	4.68e-06	4.70e-06	4.70e-06	4.70e-06	4.70e-06	4.71e-06	
Num Msgs 8
SizeMsgs 512
8.01e-06	8.08e-06	8.17e-06	8.29e-06	8.30e-06	8.29e-06	8.31e-06	8.31e-06	
Num Msgs 16
SizeMsgs 512
1.39e-05	1.40e-05	1.42e-05	1.43e-05	1.43e-05	1.43e-05	1.44e-05	1.45e-05	
Num Msgs 32
SizeMsgs 512
2.71e-05	2.77e-05	2.79e-05	2.80e-05	2.81e-05	2.81e-05	2.80e-05	2.82e-05	
Num Msgs 64
SizeMsgs 512
5.40e-05	5.47e-05	5.52e-05	5.55e-05	5.56e-05	5.57e-05	5.61e-05	5.64e-05	
Num Msgs 128
SizeMsgs 512
2.03e-04	2.03e-04	2.04e-04	2.04e-04	2.04e-04	2.06e-04	2.08e-04	2.08e-04	
Num Msgs 256
SizeMsgs 512
9.49e-04	9.50e-04	9.51e-04	9.63e-04	9.65e-04	9.68e-04	9.69e-04	9.70e-04	
Num Msgs 512
SizeMsgs 512
3.71e-03	3.72e-03	3.73e-03	3.82e-03	3.82e-03	3.82e-03	3.83e-03	3.83e-03	

Num Msgs 1
SizeMsgs 1024
1.21e-06	1.22e-06	1.23e-06	1.24e-06	1.24e-06	1.24e-06	1.24e-06	1.24e-06	
Num Msgs 2
SizeMsgs 1024
2.37e-06	2.39e-06	2.41e-06	2.42e-06	2.43e-06	2.43e-06	2.43e-06	2.44e-06	
Num Msgs 4
SizeMsgs 1024
4.63e-06	4.65e-06	4.67e-06	4.69e-06	4.70e-06	4.70e-06	4.70e-06	4.70e-06	
Num Msgs 8
SizeMsgs 1024
8.05e-06	8.13e-06	8.17e-06	8.26e-06	8.27e-06	8.27e-06	8.27e-06	8.29e-06	
Num Msgs 16
SizeMsgs 1024
1.37e-05	1.39e-05	1.41e-05	1.43e-05	1.43e-05	1.42e-05	1.44e-05	1.45e-05	
Num Msgs 32
SizeMsgs 1024
2.71e-05	2.78e-05	2.79e-05	2.81e-05	2.81e-05	2.81e-05	2.81e-05	2.82e-05	
Num Msgs 64
SizeMsgs 1024
5.41e-05	5.50e-05	5.56e-05	5.59e-05	5.60e-05	5.61e-05	5.63e-05	5.66e-05	
Num Msgs 128
SizeMsgs 1024
2.03e-04	2.03e-04	2.04e-04	2.05e-04	2.05e-04	2.05e-04	2.07e-04	2.08e-04	
Num Msgs 256
SizeMsgs 1024
9.48e-04	9.50e-04	9.52e-04	9.66e-04	9.67e-04	9.67e-04	9.70e-04	9.69e-04	
Num Msgs 512
SizeMsgs 1024
3.70e-03	3.72e-03	3.73e-03	3.82e-03	3.82e-03	3.81e-03	3.82e-03	3.82e-03	
Num Msgs 1024
SizeMsgs 1024
1.39e-02	1.40e-02	1.40e-02	1.43e-02	1.44e-02	1.44e-02	1.44e-02	1.44e-02	

Num Msgs 1
SizeMsgs 2048
1.20e-06	1.21e-06	1.22e-06	1.24e-06	1.24e-06	1.24e-06	1.24e-06	1.24e-06	
Num Msgs 2
SizeMsgs 2048
2.37e-06	2.39e-06	2.40e-06	2.42e-06	2.42e-06	2.43e-06	2.43e-06	2.43e-06	
Num Msgs 4
SizeMsgs 2048
4.59e-06	4.55e-06	4.58e-06	4.62e-06	4.61e-06	4.62e-06	4.64e-06	4.72e-06	
Num Msgs 8
SizeMsgs 2048
7.83e-06	7.89e-06	8.07e-06	8.16e-06	8.17e-06	8.19e-06	8.19e-06	8.20e-06	
Num Msgs 16
SizeMsgs 2048
1.37e-05	1.43e-05	1.44e-05	1.45e-05	1.45e-05	1.45e-05	1.46e-05	1.45e-05	
Num Msgs 32
SizeMsgs 2048
2.70e-05	2.77e-05	2.79e-05	2.81e-05	2.81e-05	2.81e-05	2.82e-05	2.82e-05	
Num Msgs 64
SizeMsgs 2048
5.40e-05	5.58e-05	5.71e-05	5.74e-05	5.74e-05	5.75e-05	5.76e-05	5.77e-05	
Num Msgs 128
SizeMsgs 2048
2.02e-04	2.05e-04	2.06e-04	2.07e-04	2.07e-04	2.07e-04	2.07e-04	2.07e-04	
Num Msgs 256
SizeMsgs 2048
9.49e-04	9.52e-04	9.55e-04	9.68e-04	9.68e-04	9.71e-04	9.70e-04	9.71e-04	
Num Msgs 512
SizeMsgs 2048
3.70e-03	3.72e-03	3.74e-03	3.82e-03	3.83e-03	3.83e-03	3.83e-03	3.84e-03	
Num Msgs 1024
SizeMsgs 2048
1.39e-02	1.40e-02	1.40e-02	1.44e-02	1.44e-02	1.44e-02	1.44e-02	1.44e-02	
Num Msgs 2048
SizeMsgs 2048
5.31e-02	5.33e-02	5.36e-02	5.49e-02	5.49e-02	5.49e-02	5.49e-02	5.51e-02	

Num Msgs 1
SizeMsgs 4096
1.20e-06	1.21e-06	1.23e-06	1.24e-06	1.24e-06	1.24e-06	1.24e-06	1.24e-06	
Num Msgs 2
SizeMsgs 4096
2.37e-06	2.39e-06	2.41e-06	2.43e-06	2.43e-06	2.43e-06	2.44e-06	2.45e-06	
Num Msgs 4
SizeMsgs 4096
4.65e-06	4.66e-06	4.68e-06	4.70e-06	4.70e-06	4.70e-06	4.70e-06	4.70e-06	
Num Msgs 8
SizeMsgs 4096
7.86e-06	7.91e-06	7.99e-06	8.07e-06	8.06e-06	8.07e-06	8.09e-06	8.21e-06	
Num Msgs 16
SizeMsgs 4096
1.36e-05	1.40e-05	1.41e-05	1.42e-05	1.43e-05	1.43e-05	1.43e-05	1.43e-05	
Num Msgs 32
SizeMsgs 4096
2.70e-05	2.77e-05	2.79e-05	2.81e-05	2.81e-05	2.81e-05	2.82e-05	2.81e-05	
Num Msgs 64
SizeMsgs 4096
5.40e-05	5.69e-05	5.90e-05	5.92e-05	5.93e-05	5.94e-05	5.95e-05	5.96e-05	
Num Msgs 128
SizeMsgs 4096
2.03e-04	2.06e-04	2.08e-04	2.09e-04	2.08e-04	2.08e-04	2.09e-04	2.09e-04	
Num Msgs 256
SizeMsgs 4096
9.49e-04	9.56e-04	9.58e-04	9.70e-04	9.72e-04	9.74e-04	9.73e-04	9.74e-04	
Num Msgs 512
SizeMsgs 4096
3.70e-03	3.73e-03	3.74e-03	3.83e-03	3.83e-03	3.83e-03	3.84e-03	3.85e-03	
Num Msgs 1024
SizeMsgs 4096
1.39e-02	1.40e-02	1.40e-02	1.44e-02	1.44e-02	1.44e-02	1.44e-02	1.44e-02	
Num Msgs 2048
SizeMsgs 4096
5.31e-02	5.33e-02	5.36e-02	5.49e-02	5.49e-02	5.49e-02	5.49e-02	5.52e-02	
Num Msgs 4096
SizeMsgs 4096
