----------------------------------------
Begin Torque Prologue on nid25429
at Thu Apr  5 14:33:39 CDT 2018
Job Id:			8484496.bw
Username:		bienz
Group:			ILL_jq7
Job name:		nodecomm
Requested resources:	neednodes=1:ppn=32:xe,nodes=1:ppn=32:xe,walltime=00:20:00
Queue:			normal
Account:		jq7
End Torque Prologue:  0.115 elapsed
----------------------------------------




Pingpong for
master:  0, 1, 2, 3, 4, 5, 6, 7
partner: 8, 9, 10, 11, 12, 13, 14, 15

Num Msgs 1
SizeMsgs 1
1.26e-06	1.27e-06	1.28e-06	1.29e-06	1.29e-06	1.31e-06	1.31e-06	1.32e-06	

Num Msgs 1
SizeMsgs 2
1.28e-06	1.29e-06	1.30e-06	1.31e-06	1.31e-06	1.31e-06	1.38e-06	1.39e-06	
Num Msgs 2
SizeMsgs 2
2.46e-06	2.44e-06	2.46e-06	2.47e-06	2.48e-06	2.49e-06	2.49e-06	2.51e-06	

Num Msgs 1
SizeMsgs 4
1.65e-06	1.67e-06	1.70e-06	1.76e-06	1.76e-06	1.77e-06	1.77e-06	1.77e-06	
Num Msgs 2
SizeMsgs 4
2.44e-06	2.46e-06	2.48e-06	2.49e-06	2.49e-06	2.50e-06	2.50e-06	2.52e-06	
Num Msgs 4
SizeMsgs 4
4.25e-06	4.29e-06	4.36e-06	4.40e-06	4.41e-06	4.54e-06	4.52e-06	4.53e-06	

Num Msgs 1
SizeMsgs 8
1.79e-06	1.80e-06	1.82e-06	1.84e-06	1.84e-06	1.86e-06	1.88e-06	1.90e-06	
Num Msgs 2
SizeMsgs 8
3.34e-06	3.32e-06	3.33e-06	3.34e-06	3.33e-06	3.35e-06	3.42e-06	3.44e-06	
Num Msgs 4
SizeMsgs 8
4.68e-06	4.66e-06	4.66e-06	4.68e-06	4.67e-06	4.67e-06	4.66e-06	4.67e-06	
Num Msgs 8
SizeMsgs 8
8.19e-06	8.25e-06	8.33e-06	8.42e-06	8.44e-06	8.45e-06	8.47e-06	8.50e-06	

Num Msgs 1
SizeMsgs 16
2.13e-06	2.16e-06	2.20e-06	2.24e-06	2.24e-06	2.24e-06	2.24e-06	2.24e-06	
Num Msgs 2
SizeMsgs 16
2.91e-06	2.97e-06	2.96e-06	3.00e-06	3.01e-06	3.00e-06	3.02e-06	3.03e-06	
Num Msgs 4
SizeMsgs 16
5.01e-06	5.07e-06	5.13e-06	5.24e-06	5.28e-06	5.27e-06	5.28e-06	5.30e-06	
Num Msgs 8
SizeMsgs 16
8.20e-06	8.25e-06	8.31e-06	8.38e-06	8.39e-06	8.39e-06	8.39e-06	8.40e-06	
Num Msgs 16
SizeMsgs 16
1.43e-05	1.43e-05	1.45e-05	1.46e-05	1.46e-05	1.46e-05	1.47e-05	1.48e-05	

Num Msgs 1
SizeMsgs 32
2.17e-06	2.20e-06	2.23e-06	2.28e-06	2.28e-06	2.29e-06	2.29e-06	2.29e-06	
Num Msgs 2
SizeMsgs 32
3.23e-06	3.27e-06	3.31e-06	3.37e-06	3.37e-06	3.37e-06	3.37e-06	3.38e-06	
Num Msgs 4
SizeMsgs 32
4.85e-06	4.93e-06	4.99e-06	5.07e-06	5.09e-06	5.09e-06	5.10e-06	5.12e-06	
Num Msgs 8
SizeMsgs 32
9.20e-06	9.32e-06	9.44e-06	9.58e-06	9.61e-06	9.61e-06	9.61e-06	9.62e-06	
Num Msgs 16
SizeMsgs 32
1.43e-05	1.44e-05	1.46e-05	1.47e-05	1.47e-05	1.48e-05	1.48e-05	1.49e-05	
Num Msgs 32
SizeMsgs 32
2.82e-05	2.83e-05	2.85e-05	2.88e-05	2.88e-05	2.88e-05	2.88e-05	2.89e-05	

Num Msgs 1
SizeMsgs 64
2.32e-06	2.39e-06	2.49e-06	2.61e-06	2.61e-06	2.62e-06	2.62e-06	2.63e-06	
Num Msgs 2
SizeMsgs 64
3.23e-06	3.29e-06	3.40e-06	3.50e-06	3.51e-06	3.51e-06	3.52e-06	3.52e-06	
Num Msgs 4
SizeMsgs 64
5.16e-06	5.27e-06	5.37e-06	5.48e-06	5.49e-06	5.49e-06	5.50e-06	5.51e-06	
Num Msgs 8
SizeMsgs 64
8.82e-06	8.91e-06	9.05e-06	9.22e-06	9.22e-06	9.18e-06	9.18e-06	9.20e-06	
Num Msgs 16
SizeMsgs 64
1.48e-05	1.51e-05	1.52e-05	1.56e-05	1.56e-05	1.56e-05	1.56e-05	1.58e-05	
Num Msgs 32
SizeMsgs 64
2.83e-05	2.85e-05	2.87e-05	2.90e-05	2.90e-05	2.91e-05	2.90e-05	2.91e-05	
Num Msgs 64
SizeMsgs 64
5.64e-05	5.66e-05	5.72e-05	5.76e-05	5.77e-05	5.78e-05	5.78e-05	5.81e-05	

Num Msgs 1
SizeMsgs 128
2.59e-06	2.94e-06	3.18e-06	3.50e-06	3.49e-06	3.49e-06	3.49e-06	3.60e-06	
Num Msgs 2
SizeMsgs 128
3.67e-06	3.83e-06	4.23e-06	4.52e-06	4.50e-06	4.53e-06	4.52e-06	4.57e-06	
Num Msgs 4
SizeMsgs 128
5.22e-06	5.41e-06	5.72e-06	6.00e-06	5.96e-06	5.96e-06	5.96e-06	6.02e-06	
Num Msgs 8
SizeMsgs 128
8.85e-06	9.03e-06	9.34e-06	9.61e-06	9.70e-06	9.74e-06	9.75e-06	9.74e-06	
Num Msgs 16
SizeMsgs 128
1.50e-05	1.54e-05	1.57e-05	1.60e-05	1.60e-05	1.60e-05	1.61e-05	1.61e-05	
Num Msgs 32
SizeMsgs 128
2.99e-05	3.01e-05	3.04e-05	3.09e-05	3.09e-05	3.09e-05	3.10e-05	3.10e-05	
Num Msgs 64
SizeMsgs 128
5.69e-05	5.72e-05	5.80e-05	5.84e-05	5.85e-05	5.85e-05	5.87e-05	5.90e-05	
Num Msgs 128
SizeMsgs 128
2.10e-04	2.11e-04	2.11e-04	2.12e-04	2.13e-04	2.14e-04	2.15e-04	2.15e-04	

Num Msgs 1
SizeMsgs 256
3.50e-06	3.89e-06	4.36e-06	4.76e-06	4.75e-06	4.76e-06	4.76e-06	4.77e-06	
Num Msgs 2
SizeMsgs 256
4.43e-06	4.76e-06	5.15e-06	5.77e-06	5.78e-06	5.78e-06	5.79e-06	5.80e-06	
Num Msgs 4
SizeMsgs 256
5.46e-06	6.23e-06	6.88e-06	7.67e-06	7.69e-06	7.67e-06	7.68e-06	7.72e-06	
Num Msgs 8
SizeMsgs 256
9.09e-06	9.40e-06	1.06e-05	1.11e-05	1.11e-05	1.11e-05	1.11e-05	1.11e-05	
Num Msgs 16
SizeMsgs 256
1.59e-05	1.63e-05	1.67e-05	1.73e-05	1.82e-05	1.74e-05	1.75e-05	1.75e-05	
Num Msgs 32
SizeMsgs 256
3.02e-05	3.05e-05	3.12e-05	3.16e-05	3.16e-05	3.16e-05	3.16e-05	3.18e-05	
Num Msgs 64
SizeMsgs 256
6.17e-05	6.21e-05	6.25e-05	6.32e-05	6.33e-05	6.33e-05	6.35e-05	6.40e-05	
Num Msgs 128
SizeMsgs 256
2.11e-04	2.12e-04	2.12e-04	2.14e-04	2.14e-04	2.15e-04	2.16e-04	2.17e-04	
Num Msgs 256
SizeMsgs 256
9.55e-04	9.59e-04	9.61e-04	9.76e-04	9.76e-04	9.77e-04	9.80e-04	9.81e-04	

Num Msgs 1
SizeMsgs 512
4.60e-06	5.10e-06	6.34e-06	7.27e-06	7.28e-06	7.28e-06	7.30e-06	7.34e-06	
Num Msgs 2
SizeMsgs 512
5.81e-06	6.32e-06	7.14e-06	8.28e-06	8.23e-06	8.24e-06	8.26e-06	8.28e-06	
Num Msgs 4
SizeMsgs 512
7.62e-06	8.33e-06	9.47e-06	1.10e-05	1.10e-05	1.10e-05	1.10e-05	1.10e-05	
Num Msgs 8
SizeMsgs 512
1.00e-05	1.10e-05	1.24e-05	1.45e-05	1.46e-05	1.46e-05	1.46e-05	1.46e-05	
Num Msgs 16
SizeMsgs 512
1.71e-05	1.76e-05	1.90e-05	2.01e-05	2.02e-05	2.01e-05	2.01e-05	2.01e-05	
Num Msgs 32
SizeMsgs 512
3.13e-05	3.20e-05	3.38e-05	3.44e-05	3.45e-05	3.45e-05	3.46e-05	3.46e-05	
Num Msgs 64
SizeMsgs 512
6.31e-05	6.35e-05	6.40e-05	6.51e-05	6.54e-05	6.54e-05	6.55e-05	6.56e-05	
Num Msgs 128
SizeMsgs 512
2.17e-04	2.18e-04	2.19e-04	2.23e-04	2.23e-04	2.23e-04	2.24e-04	2.24e-04	
Num Msgs 256
SizeMsgs 512
9.58e-04	9.65e-04	9.66e-04	9.80e-04	9.81e-04	9.82e-04	9.83e-04	9.84e-04	
Num Msgs 512
SizeMsgs 512
3.71e-03	3.73e-03	3.74e-03	3.83e-03	3.83e-03	3.83e-03	3.84e-03	3.85e-03	

Num Msgs 1
SizeMsgs 1024
7.25e-06	8.06e-06	9.96e-06	1.18e-05	1.18e-05	1.18e-05	1.18e-05	1.18e-05	
Num Msgs 2
SizeMsgs 1024
7.55e-06	8.75e-06	1.07e-05	1.29e-05	1.29e-05	1.29e-05	1.30e-05	1.31e-05	
Num Msgs 4
SizeMsgs 1024
9.37e-06	1.09e-05	1.34e-05	1.61e-05	1.61e-05	1.61e-05	1.61e-05	1.63e-05	
Num Msgs 8
SizeMsgs 1024
1.40e-05	1.53e-05	1.81e-05	2.16e-05	2.16e-05	2.16e-05	2.16e-05	2.17e-05	
Num Msgs 16
SizeMsgs 1024
1.91e-05	2.05e-05	2.36e-05	2.84e-05	2.84e-05	2.82e-05	2.82e-05	2.84e-05	
Num Msgs 32
SizeMsgs 1024
3.29e-05	3.38e-05	3.54e-05	3.68e-05	3.69e-05	3.71e-05	3.71e-05	3.72e-05	
Num Msgs 64
SizeMsgs 1024
6.40e-05	6.47e-05	6.58e-05	6.82e-05	6.81e-05	6.82e-05	6.83e-05	6.84e-05	
Num Msgs 128
SizeMsgs 1024
2.16e-04	2.17e-04	2.18e-04	2.19e-04	2.19e-04	2.20e-04	2.21e-04	2.21e-04	
Num Msgs 256
SizeMsgs 1024
9.70e-04	9.77e-04	9.78e-04	9.89e-04	9.92e-04	9.92e-04	9.91e-04	9.97e-04	
Num Msgs 512
SizeMsgs 1024
3.71e-03	3.74e-03	3.75e-03	3.85e-03	3.85e-03	3.85e-03	3.85e-03	3.86e-03	
Num Msgs 1024
SizeMsgs 1024
1.39e-02	1.40e-02	1.41e-02	1.44e-02	1.44e-02	1.43e-02	1.44e-02	1.44e-02	

Num Msgs 1
SizeMsgs 2048
5.39e-06	5.41e-06	5.44e-06	5.46e-06	5.47e-06	5.47e-06	5.47e-06	5.48e-06	
Num Msgs 2
SizeMsgs 2048
1.14e-05	1.35e-05	1.73e-05	2.15e-05	2.15e-05	2.15e-05	2.17e-05	2.23e-05	
Num Msgs 4
SizeMsgs 2048
1.27e-05	1.60e-05	2.06e-05	2.55e-05	2.55e-05	2.55e-05	2.56e-05	2.59e-05	
Num Msgs 8
SizeMsgs 2048
1.84e-05	2.07e-05	2.59e-05	3.18e-05	3.17e-05	3.17e-05	3.18e-05	3.21e-05	
Num Msgs 16
SizeMsgs 2048
2.50e-05	2.82e-05	3.43e-05	4.18e-05	4.18e-05	4.18e-05	4.19e-05	4.26e-05	
Num Msgs 32
SizeMsgs 2048
3.69e-05	3.93e-05	4.60e-05	5.37e-05	5.38e-05	5.37e-05	5.37e-05	5.41e-05	
Num Msgs 64
SizeMsgs 2048
6.66e-05	6.79e-05	7.42e-05	7.64e-05	7.56e-05	7.51e-05	7.41e-05	7.41e-05	
Num Msgs 128
SizeMsgs 2048
2.19e-04	2.23e-04	2.25e-04	2.27e-04	2.27e-04	2.28e-04	2.28e-04	2.28e-04	
Num Msgs 256
SizeMsgs 2048
9.65e-04	9.73e-04	9.75e-04	9.88e-04	9.89e-04	9.91e-04	9.90e-04	9.92e-04	
Num Msgs 512
SizeMsgs 2048
3.74e-03	3.77e-03	3.79e-03	3.88e-03	3.88e-03	3.88e-03	3.89e-03	3.89e-03	
Num Msgs 1024
SizeMsgs 2048
1.39e-02	1.40e-02	1.41e-02	1.44e-02	1.44e-02	1.44e-02	1.44e-02	1.44e-02	
Num Msgs 2048
SizeMsgs 2048
5.32e-02	5.34e-02	5.38e-02	5.49e-02	5.48e-02	5.49e-02	5.49e-02	5.49e-02	

Num Msgs 1
SizeMsgs 4096
6.94e-06	6.96e-06	6.99e-06	7.11e-06	7.18e-06	7.22e-06	7.21e-06	7.25e-06	
Num Msgs 2
SizeMsgs 4096
1.07e-05	1.08e-05	1.09e-05	1.10e-05	1.10e-05	1.10e-05	1.10e-05	1.11e-05	
Num Msgs 4
SizeMsgs 4096
1.96e-05	2.56e-05	3.38e-05	4.29e-05	4.29e-05	4.29e-05	4.31e-05	4.38e-05	
Num Msgs 8
SizeMsgs 4096
2.37e-05	3.10e-05	4.03e-05	5.08e-05	5.08e-05	5.08e-05	5.10e-05	5.16e-05	
Num Msgs 16
SizeMsgs 4096
3.46e-05	4.00e-05	5.01e-05	6.25e-05	6.26e-05	6.27e-05	6.29e-05	6.40e-05	
Num Msgs 32
SizeMsgs 4096
4.46e-05	5.19e-05	6.46e-05	8.12e-05	8.12e-05	8.12e-05	8.12e-05	8.19e-05	
Num Msgs 64
SizeMsgs 4096
7.59e-05	7.96e-05	8.97e-05	1.02e-04	1.02e-04	1.02e-04	1.02e-04	1.02e-04	
Num Msgs 128
SizeMsgs 4096
2.24e-04	2.33e-04	2.35e-04	2.37e-04	2.39e-04	2.39e-04	2.40e-04	2.40e-04	
Num Msgs 256
SizeMsgs 4096
9.71e-04	9.84e-04	9.89e-04	1.00e-03	1.00e-03	1.00e-03	1.01e-03	1.01e-03	
Num Msgs 512
SizeMsgs 4096
3.73e-03	3.77e-03	3.78e-03	3.88e-03	3.88e-03	3.88e-03	3.88e-03	3.89e-03	
Num Msgs 1024
SizeMsgs 4096
1.40e-02	1.41e-02	1.42e-02	1.45e-02	1.45e-02	1.45e-02	1.45e-02	1.45e-02	
Num Msgs 2048
SizeMsgs 4096
5.31e-02	5.34e-02	5.37e-02	5.49e-02	5.49e-02	5.49e-02	5.49e-02	5.50e-02	
Num Msgs 4096
SizeMsgs 4096
2.07e-01	2.08e-01	2.09e-01	2.14e-01	2.14e-01	2.14e-01	2.14e-01	2.14e-01	

Num Msgs 1
SizeMsgs 8192
1.03e-05	1.03e-05	1.04e-05	1.06e-05	1.08e-05	1.08e-05	1.08e-05	1.08e-05	
Num Msgs 2
SizeMsgs 8192
1.42e-05	1.43e-05	1.43e-05	1.46e-05	1.47e-05	1.46e-05	1.47e-05	1.47e-05	
Num Msgs 4
SizeMsgs 8192
2.19e-05	2.20e-05	2.25e-05	2.26e-05	2.26e-05	2.25e-05	2.25e-05	2.26e-05	
Num Msgs 8
SizeMsgs 8192
3.63e-05	4.86e-05	6.67e-05	8.60e-05	8.60e-05	8.60e-05	8.63e-05	8.78e-05	
Num Msgs 16
SizeMsgs 8192
4.55e-05	6.01e-05	7.93e-05	1.01e-04	1.01e-04	1.01e-04	1.01e-04	1.03e-04	
Num Msgs 32
SizeMsgs 8192
6.16e-05	7.50e-05	9.73e-05	1.24e-04	1.24e-04	1.24e-04	1.24e-04	1.26e-04	
Num Msgs 64
SizeMsgs 8192
8.96e-05	9.81e-05	1.19e-04	1.51e-04	1.52e-04	1.51e-04	1.51e-04	1.57e-04	
Num Msgs 128
SizeMsgs 8192
2.42e-04	2.58e-04	2.64e-04	2.70e-04	2.71e-04	2.73e-04	2.73e-04	2.74e-04	
Num Msgs 256
SizeMsgs 8192
9.78e-04	9.97e-04	1.00e-03	1.01e-03	1.01e-03	1.02e-03	1.02e-03	1.02e-03	
Num Msgs 512
SizeMsgs 8192
3.74e-03	3.79e-03	3.80e-03	3.90e-03	3.90e-03	3.90e-03	3.91e-03	3.92e-03	
Num Msgs 1024
SizeMsgs 8192
1.40e-02	1.41e-02	1.42e-02	1.45e-02	1.45e-02	1.45e-02	1.45e-02	1.45e-02	
Num Msgs 2048
SizeMsgs 8192
5.33e-02	5.36e-02	5.40e-02	5.51e-02	5.51e-02	5.51e-02	5.51e-02	5.52e-02	
Num Msgs 4096
SizeMsgs 8192
2.07e-01	2.08e-01	2.09e-01	2.14e-01	2.14e-01	2.14e-01	2.14e-01	2.14e-01	
Num Msgs 8192
SizeMsgs 8192
9.29e-01	9.31e-01	9.33e-01	9.48e-01	9.48e-01	9.48e-01	9.48e-01	9.48e-01	

Num Msgs 1
SizeMsgs 16384
1.82e-05	1.80e-05	1.81e-05	1.81e-05	1.88e-05	2.03e-05	1.80e-05	1.79e-05	
Num Msgs 2
SizeMsgs 16384
2.11e-05	2.11e-05	2.12e-05	2.11e-05	2.19e-05	2.30e-05	2.12e-05	2.12e-05	
Num Msgs 4
SizeMsgs 16384
2.90e-05	2.92e-05	2.93e-05	2.97e-05	2.97e-05	3.01e-05	3.18e-05	2.97e-05	
Num Msgs 8
SizeMsgs 16384
4.60e-05	4.63e-05	4.65e-05	4.69e-05	4.68e-05	4.69e-05	4.69e-05	4.69e-05	
Num Msgs 16
SizeMsgs 16384
6.91e-05	9.55e-05	1.32e-04	1.72e-04	1.73e-04	1.73e-04	1.75e-04	1.78e-04	
Num Msgs 32
SizeMsgs 16384
8.83e-05	1.19e-04	1.59e-04	2.03e-04	2.03e-04	2.03e-04	2.04e-04	2.07e-04	
Num Msgs 64
SizeMsgs 16384
1.26e-04	1.42e-04	1.87e-04	2.40e-04	2.40e-04	2.42e-04	2.41e-04	2.45e-04	
Num Msgs 128
SizeMsgs 16384
2.80e-04	2.95e-04	3.05e-04	3.21e-04	3.27e-04	3.22e-04	3.24e-04	3.27e-04	
Num Msgs 256
SizeMsgs 16384
1.01e-03	1.03e-03	1.05e-03	1.06e-03	1.07e-03	1.07e-03	1.07e-03	1.08e-03	
Num Msgs 512
SizeMsgs 16384
3.75e-03	3.81e-03	3.82e-03	3.92e-03	3.92e-03	3.92e-03	3.93e-03	3.94e-03	
Num Msgs 1024
SizeMsgs 16384
1.40e-02	1.41e-02	1.43e-02	1.45e-02	1.45e-02	1.45e-02	1.45e-02	1.46e-02	
Num Msgs 2048
SizeMsgs 16384
5.32e-02	5.36e-02	5.38e-02	5.51e-02	5.51e-02	5.51e-02	5.51e-02	5.51e-02	
Num Msgs 4096
SizeMsgs 16384
2.07e-01	2.08e-01	2.10e-01	2.14e-01	2.14e-01	2.14e-01	2.14e-01	2.14e-01	
Num Msgs 8192
SizeMsgs 16384
