----------------------------------------
Begin Torque Prologue on nid27565
at Sun Apr 15 03:19:16 CDT 2018
Job Id:			8505919.bw
Username:		bienz
Group:			ILL_jq7
Job name:		lin_elas_8192
Requested resources:	neednodes=512:ppn=32:xe,nodes=512:ppn=32:xe,walltime=00:30:00
Queue:			normal
Account:		jq7
End Torque Prologue:  0.113 elapsed
----------------------------------------




Linear Elasticity
Level 0
A*P:
Max Num Msgs: 121
Total Bytes = 92185600
Num Short: 97
Num Eager: 24
Num Rend: 0
Size Short: 9152
Size Eager: 48784
Size Rend: 0
Num Short Node: 0
Num Eager Node: 0
Num Rend Node: 0
Size Short Node: 0
Size Eager Node: 0
Size Rend Node: 0
Num Short Socket: 0
Num Eager Socket: 0
Num Rend Socket: 0
Size Short Socket: 416
Size Eager Socket: 4608
Size Rend Socket: 0
Byte Hops = 92185600
Worst Byte Hops = 713098640
Total Bytes = 57936
Num Active Processes: 8139
Time: 4.113593e-03
Comm Time: 1.160243e-03

P.T*AP:
Max Num Msgs: 33
Total Bytes = 321514768
Num Short: 0
Num Eager: 24
Num Rend: 7
Size Short: 0
Size Eager: 37152
Size Rend: 184736
Num Short Node: 0
Num Eager Node: 0
Num Rend Node: 0
Size Short Node: 0
Size Eager Node: 0
Size Rend Node: 0
Num Short Socket: 0
Num Eager Socket: 1
Num Rend Socket: 1
Size Short Socket: 0
Size Eager Socket: 0
Size Rend Socket: 0
Byte Hops = 321514768
Worst Byte Hops = 2315848560
Total Bytes = 221888
Num Active Processes: 8139
Time: 5.395133e-03
Comm Time: 1.161966e-03
A*x
Max Num Msgs: 121
Total Bytes = 17173056
Num Short: 119
Num Eager: 2
Num Rend: 0
Size Short: 7152
Size Eager: 3744
Size Rend: 0
Num Short Node: 0
Num Eager Node: 0
Num Rend Node: 0
Size Short Node: 0
Size Eager Node: 0
Size Rend Node: 0
Num Short Socket: 0
Num Eager Socket: 0
Num Rend Socket: 0
Size Short Socket: 792
Size Eager Socket: 0
Size Rend Socket: 0
Byte Hops = 17173056
Worst Byte Hops = 133387344
Num Active Processes: 8139
Time: 5.740640e-04
Comm Time: 2.679112e-04
P*e
Max Num Msgs: 40
Total Bytes = 1563536
Num Short: 40
Num Eager: 0
Num Rend: 0
Size Short: 1200
Size Eager: 0
Size Rend: 0
Num Short Node: 0
Num Eager Node: 0
Num Rend Node: 0
Size Short Node: 0
Size Eager Node: 0
Size Rend Node: 0
Num Short Socket: 0
Num Eager Socket: 0
Num Rend Socket: 0
Size Short Socket: 0
Size Eager Socket: 0
Size Rend Socket: 0
Byte Hops = 1563536
Worst Byte Hops = 11042064
Num Active Processes: 8139
Time: 8.945179e-05
Comm Time: 4.355860e-05
P.T*r
Max Num Msgs: 33
Total Bytes = 1563536
Num Short: 31
Num Eager: 0
Num Rend: 0
Size Short: 432
Size Eager: 0
Size Rend: 0
Num Short Node: 0
Num Eager Node: 0
Num Rend Node: 0
Size Short Node: 56
Size Eager Node: 0
Size Rend Node: 0
Num Short Socket: 2
Num Eager Socket: 0
Num Rend Socket: 0
Size Short Socket: 264
Size Eager Socket: 0
Size Rend Socket: 0
Byte Hops = 1563536
Worst Byte Hops = 11042064
Total Bytes = 432
Num Active Processes: 8139
Time: 1.100287e-04
Comm Time: 6.378150e-05
Level 1
A*P:
Max Num Msgs: 205
Total Bytes = 204030400
Num Short: 117
Num Eager: 88
Num Rend: 0
Size Short: 29360
Size Eager: 129392
Size Rend: 0
Num Short Node: 0
Num Eager Node: 0
Num Rend Node: 0
Size Short Node: 0
Size Eager Node: 17312
Size Rend Node: 0
Num Short Socket: 0
Num Eager Socket: 0
Num Rend Socket: 0
Size Short Socket: 736
Size Eager Socket: 10160
Size Rend Socket: 0
Byte Hops = 204030400
Worst Byte Hops = 1554636528
Total Bytes = 158752
Num Active Processes: 8092
Time: 4.350631e-03
Comm Time: 2.492614e-03

P.T*AP:
Max Num Msgs: 43
Total Bytes = 469416688
Num Short: 0
Num Eager: 23
Num Rend: 20
Size Short: 0
Size Eager: 75312
Size Rend: 318912
Num Short Node: 0
Num Eager Node: 1
Num Rend Node: 2
Size Short Node: 0
Size Eager Node: 10512
Size Rend Node: 81392
Num Short Socket: 0
Num Eager Socket: 2
Num Rend Socket: 1
Size Short Socket: 0
Size Eager Socket: 0
Size Rend Socket: 51408
Byte Hops = 469416688
Worst Byte Hops = 3457400224
Total Bytes = 394224
Num Active Processes: 8092
Time: 7.420392e-03
Comm Time: 1.922669e-03
A*x
Max Num Msgs: 205
Total Bytes = 27833784
Num Short: 205
Num Eager: 0
Num Rend: 0
Size Short: 20376
Size Eager: 0
Size Rend: 0
Num Short Node: 0
Num Eager Node: 0
Num Rend Node: 0
Size Short Node: 0
Size Eager Node: 0
Size Rend Node: 0
Num Short Socket: 0
Num Eager Socket: 0
Num Rend Socket: 0
Size Short Socket: 0
Size Eager Socket: 0
Size Rend Socket: 0
Byte Hops = 27833784
Worst Byte Hops = 209394112
Num Active Processes: 8092
Time: 1.502384e-03
Comm Time: 8.509808e-04
P*e
Max Num Msgs: 45
Total Bytes = 1124488
Num Short: 45
Num Eager: 0
Num Rend: 0
Size Short: 912
Size Eager: 0
Size Rend: 0
Num Short Node: 0
Num Eager Node: 0
Num Rend Node: 0
Size Short Node: 0
Size Eager Node: 0
Size Rend Node: 0
Num Short Socket: 0
Num Eager Socket: 0
Num Rend Socket: 0
Size Short Socket: 0
Size Eager Socket: 0
Size Rend Socket: 0
Byte Hops = 1124488
Worst Byte Hops = 8057192
Num Active Processes: 8092
Time: 9.860682e-05
Comm Time: 5.085111e-05
P.T*r
Max Num Msgs: 43
Total Bytes = 1124488
Num Short: 43
Num Eager: 0
Num Rend: 0
Size Short: 656
Size Eager: 0
Size Rend: 0
Num Short Node: 3
Num Eager Node: 0
Num Rend Node: 0
Size Short Node: 56
Size Eager Node: 0
Size Rend Node: 0
Num Short Socket: 3
Num Eager Socket: 0
Num Rend Socket: 0
Size Short Socket: 56
Size Eager Socket: 0
Size Rend Socket: 0
Byte Hops = 1124488
Worst Byte Hops = 8057192
Total Bytes = 656
Num Active Processes: 8092
Time: 1.180472e-04
Comm Time: 7.096982e-05
Level 2
A*P:
Max Num Msgs: 374
Total Bytes = 233803408
Num Short: 359
Num Eager: 0
Num Rend: 0
Size Short: 31360
Size Eager: 164880
Size Rend: 0
Num Short Node: 8
Num Eager Node: 0
Num Rend Node: 0
Size Short Node: 496
Size Eager Node: 6768
Size Rend Node: 0
Num Short Socket: 7
Num Eager Socket: 0
Num Rend Socket: 0
Size Short Socket: 0
Size Eager Socket: 9232
Size Rend Socket: 0
Byte Hops = 233803408
Worst Byte Hops = 1867988368
Total Bytes = 196240
Num Active Processes: 7586
Time: 7.202065e-03
Comm Time: 6.126060e-03

P.T*AP:
Max Num Msgs: 38
Total Bytes = 297036896
Num Short: 0
Num Eager: 24
Num Rend: 4
Size Short: 0
Size Eager: 144352
Size Rend: 104800
Num Short Node: 0
Num Eager Node: 3
Num Rend Node: 2
Size Short Node: 0
Size Eager Node: 12240
Size Rend Node: 0
Num Short Socket: 0
Num Eager Socket: 4
Num Rend Socket: 1
Size Short Socket: 0
Size Eager Socket: 13696
Size Rend Socket: 31440
Byte Hops = 297036896
Worst Byte Hops = 2172979184
Total Bytes = 249152
Num Active Processes: 7586
Time: 6.886706e-03
Comm Time: 1.145623e-03
A*x
Max Num Msgs: 374
Total Bytes = 33680128
Num Short: 359
Num Eager: 0
Num Rend: 0
Size Short: 20568
Size Eager: 0
Size Rend: 0
Num Short Node: 8
Num Eager Node: 0
Num Rend Node: 0
Size Short Node: 720
Size Eager Node: 0
Size Rend Node: 0
Num Short Socket: 7
Num Eager Socket: 0
Num Rend Socket: 0
Size Short Socket: 744
Size Eager Socket: 0
Size Rend Socket: 0
Byte Hops = 33680128
Worst Byte Hops = 267818096
Num Active Processes: 7586
Time: 3.590397e-03
Comm Time: 2.227052e-03
P*e
Max Num Msgs: 40
Total Bytes = 529616
Num Short: 33
Num Eager: 0
Num Rend: 0
Size Short: 432
Size Eager: 0
Size Rend: 0
Num Short Node: 4
Num Eager Node: 0
Num Rend Node: 0
Size Short Node: 56
Size Eager Node: 0
Size Rend Node: 0
Num Short Socket: 4
Num Eager Socket: 0
Num Rend Socket: 0
Size Short Socket: 80
Size Eager Socket: 0
Size Rend Socket: 0
Byte Hops = 529616
Worst Byte Hops = 3806880
Num Active Processes: 7586
Time: 6.760502e-05
Comm Time: 3.612471e-05
P.T*r
Max Num Msgs: 38
Total Bytes = 529616
Num Short: 28
Num Eager: 0
Num Rend: 0
Size Short: 280
Size Eager: 0
Size Rend: 0
Num Short Node: 5
Num Eager Node: 0
Num Rend Node: 0
Size Short Node: 56
Size Eager Node: 0
Size Rend Node: 0
Num Short Socket: 5
Num Eager Socket: 0
Num Rend Socket: 0
Size Short Socket: 48
Size Eager Socket: 0
Size Rend Socket: 0
Byte Hops = 529616
Worst Byte Hops = 3806880
Total Bytes = 280
Num Active Processes: 7586
Time: 7.856989e-05
Comm Time: 4.518437e-05
Level 3
A*P:
Max Num Msgs: 729
Total Bytes = 220793424
Num Short: 719
Num Eager: 0
Num Rend: 0
Size Short: 71792
Size Eager: 275648
Size Rend: 0
Num Short Node: 4
Num Eager Node: 0
Num Rend Node: 0
Size Short Node: 384
Size Eager Node: 6176
Size Rend Node: 0
Num Short Socket: 6
Num Eager Socket: 0
Num Rend Socket: 0
Size Short Socket: 0
Size Eager Socket: 4480
Size Rend Socket: 0
Byte Hops = 220793424
Worst Byte Hops = 2010734304
Total Bytes = 347440
Num Active Processes: 5744
Time: 1.356663e-02
Comm Time: 1.248538e-02

P.T*AP:
Max Num Msgs: 38
Total Bytes = 150791168
Num Short: 0
Num Eager: 34
Num Rend: 2
Size Short: 0
Size Eager: 201216
Size Rend: 22800
Num Short Node: 0
Num Eager Node: 0
Num Rend Node: 0
Size Short Node: 0
Size Eager Node: 0
Size Rend Node: 0
Num Short Socket: 0
Num Eager Socket: 2
Num Rend Socket: 0
Size Short Socket: 0
Size Eager Socket: 11984
Size Rend Socket: 0
Byte Hops = 150791168
Worst Byte Hops = 1159789712
Total Bytes = 224016
Num Active Processes: 5744
Time: 6.611178e-03
Comm Time: 1.012650e-03
A*x
Max Num Msgs: 729
Total Bytes = 25871336
Num Short: 719
Num Eager: 0
Num Rend: 0
Size Short: 24376
Size Eager: 0
Size Rend: 0
Num Short Node: 4
Num Eager Node: 0
Num Rend Node: 0
Size Short Node: 464
Size Eager Node: 0
Size Rend Node: 0
Num Short Socket: 6
Num Eager Socket: 0
Num Rend Socket: 0
Size Short Socket: 320
Size Eager Socket: 0
Size Rend Socket: 0
Byte Hops = 25871336
Worst Byte Hops = 235379208
Num Active Processes: 5744
Time: 7.054082e-03
Comm Time: 3.682847e-03
P*e
Max Num Msgs: 62
Total Bytes = 263712
Num Short: 56
Num Eager: 0
Num Rend: 0
Size Short: 512
Size Eager: 0
Size Rend: 0
Num Short Node: 2
Num Eager Node: 0
Num Rend Node: 0
Size Short Node: 24
Size Eager Node: 0
Size Rend Node: 0
Num Short Socket: 4
Num Eager Socket: 0
Num Rend Socket: 0
Size Short Socket: 56
Size Eager Socket: 0
Size Rend Socket: 0
Byte Hops = 263712
Worst Byte Hops = 1999560
Num Active Processes: 5744
Time: 7.119107e-05
Comm Time: 4.558468e-05
P.T*r
Max Num Msgs: 38
Total Bytes = 263712
Num Short: 36
Num Eager: 0
Num Rend: 0
Size Short: 304
Size Eager: 0
Size Rend: 0
Num Short Node: 0
Num Eager Node: 0
Num Rend Node: 0
Size Short Node: 0
Size Eager Node: 0
Size Rend Node: 0
Num Short Socket: 2
Num Eager Socket: 0
Num Rend Socket: 0
Size Short Socket: 16
Size Eager Socket: 0
Size Rend Socket: 0
Byte Hops = 263712
Worst Byte Hops = 1999560
Total Bytes = 304
Num Active Processes: 5744
Time: 6.775594e-05
Comm Time: 5.390668e-05
Level 4
A*P:
Max Num Msgs: 737
Total Bytes = 66265616
Num Short: 735
Num Eager: 0
Num Rend: 0
Size Short: 207040
Size Eager: 0
Size Rend: 0
Num Short Node: 1
Num Eager Node: 0
Num Rend Node: 0
Size Short Node: 1280
Size Eager Node: 0
Size Rend Node: 0
Num Short Socket: 1
Num Eager Socket: 0
Num Rend Socket: 0
Size Short Socket: 1280
Size Eager Socket: 0
Size Rend Socket: 0
Byte Hops = 66265616
Worst Byte Hops = 683188192
Total Bytes = 207040
Num Active Processes: 2327
Time: 1.154332e-02
Comm Time: 1.104702e-02

P.T*AP:
Max Num Msgs: 23
Total Bytes = 22752752
Num Short: 0
Num Eager: 22
Num Rend: 0
Size Short: 0
Size Eager: 66592
Size Rend: 0
Num Short Node: 0
Num Eager Node: 1
Num Rend Node: 0
Size Short Node: 0
Size Eager Node: 2608
Size Rend Node: 0
Num Short Socket: 0
Num Eager Socket: 0
Num Rend Socket: 0
Size Short Socket: 0
Size Eager Socket: 0
Size Rend Socket: 0
Byte Hops = 22752752
Worst Byte Hops = 199465904
Total Bytes = 66592
Num Active Processes: 2327
Time: 3.308454e-03
Comm Time: 7.454157e-04
A*x
Max Num Msgs: 737
Total Bytes = 8502360
Num Short: 735
Num Eager: 0
Num Rend: 0
Size Short: 17040
Size Eager: 0
Size Rend: 0
Num Short Node: 1
Num Eager Node: 0
Num Rend Node: 0
Size Short Node: 0
Size Eager Node: 0
Size Rend Node: 0
Num Short Socket: 1
Num Eager Socket: 0
Num Rend Socket: 0
Size Short Socket: 0
Size Eager Socket: 0
Size Rend Socket: 0
Byte Hops = 8502360
Worst Byte Hops = 88055344
Num Active Processes: 2327
Time: 5.561620e-03
Comm Time: 4.096436e-03
P*e
Max Num Msgs: 74
Total Bytes = 71432
Num Short: 73
Num Eager: 0
Num Rend: 0
Size Short: 600
Size Eager: 0
Size Rend: 0
Num Short Node: 1
Num Eager Node: 0
Num Rend Node: 0
Size Short Node: 8
Size Eager Node: 0
Size Rend Node: 0
Num Short Socket: 0
Num Eager Socket: 0
Num Rend Socket: 0
Size Short Socket: 0
Size Eager Socket: 0
Size Rend Socket: 0
Byte Hops = 71432
Worst Byte Hops = 621464
Num Active Processes: 2327
Time: 8.535910e-05
Comm Time: 5.904651e-05
P.T*r
Max Num Msgs: 23
Total Bytes = 71432
Num Short: 22
Num Eager: 0
Num Rend: 0
Size Short: 176
Size Eager: 0
Size Rend: 0
Num Short Node: 1
Num Eager Node: 0
Num Rend Node: 0
Size Short Node: 8
Size Eager Node: 0
Size Rend Node: 0
Num Short Socket: 0
Num Eager Socket: 0
Num Rend Socket: 0
Size Short Socket: 0
Size Eager Socket: 0
Size Rend Socket: 0
Byte Hops = 71432
Worst Byte Hops = 621464
Total Bytes = 176
Num Active Processes: 2327
Time: 8.386064e-05
Comm Time: 7.097197e-05
Level 5
A*P:
Max Num Msgs: 323
Total Bytes = 5213136
Num Short: 321
Num Eager: 0
Num Rend: 0
Size Short: 50864
Size Eager: 0
Size Rend: 0
Num Short Node: 1
Num Eager Node: 0
Num Rend Node: 0
Size Short Node: 176
Size Eager Node: 0
Size Rend Node: 0
Num Short Socket: 1
Num Eager Socket: 0
Num Rend Socket: 0
Size Short Socket: 0
Size Eager Socket: 0
Size Rend Socket: 0
Byte Hops = 5213136
Worst Byte Hops = 59280448
Total Bytes = 50864
Num Active Processes: 546
Time: 2.637026e-03
Comm Time: 2.498088e-03

P.T*AP:
Max Num Msgs: 11
Total Bytes = 1249040
Num Short: 0
Num Eager: 11
Num Rend: 0
Size Short: 0
Size Eager: 12848
Size Rend: 0
Num Short Node: 0
Num Eager Node: 0
Num Rend Node: 0
Size Short Node: 0
Size Eager Node: 0
Size Rend Node: 0
Num Short Socket: 0
Num Eager Socket: 0
Num Rend Socket: 0
Size Short Socket: 0
Size Eager Socket: 0
Size Rend Socket: 0
Byte Hops = 1249040
Worst Byte Hops = 12658160
Total Bytes = 12848
Num Active Processes: 546
Time: 5.710626e-04
Comm Time: 2.271271e-04
A*x
Max Num Msgs: 323
Total Bytes = 894104
Num Short: 321
Num Eager: 0
Num Rend: 0
Size Short: 3968
Size Eager: 0
Size Rend: 0
Num Short Node: 1
Num Eager Node: 0
Num Rend Node: 0
Size Short Node: 16
Size Eager Node: 0
Size Rend Node: 0
Num Short Socket: 1
Num Eager Socket: 0
Num Rend Socket: 0
Size Short Socket: 0
Size Eager Socket: 0
Size Rend Socket: 0
Byte Hops = 894104
Worst Byte Hops = 10228088
Num Active Processes: 546
Time: 1.302801e-03
Comm Time: 9.911404e-04
P*e
Max Num Msgs: 37
Total Bytes = 11928
Num Short: 37
Num Eager: 0
Num Rend: 0
Size Short: 296
Size Eager: 0
Size Rend: 0
Num Short Node: 0
Num Eager Node: 0
Num Rend Node: 0
Size Short Node: 0
Size Eager Node: 0
Size Rend Node: 0
Num Short Socket: 0
Num Eager Socket: 0
Num Rend Socket: 0
Size Short Socket: 0
Size Eager Socket: 0
Size Rend Socket: 0
Byte Hops = 11928
Worst Byte Hops = 119528
Num Active Processes: 546
Time: 4.354215e-05
Comm Time: 3.190827e-05
P.T*r
Max Num Msgs: 11
Total Bytes = 11928
Num Short: 11
Num Eager: 0
Num Rend: 0
Size Short: 88
Size Eager: 0
Size Rend: 0
Num Short Node: 0
Num Eager Node: 0
Num Rend Node: 0
Size Short Node: 0
Size Eager Node: 0
Size Rend Node: 0
Num Short Socket: 0
Num Eager Socket: 0
Num Rend Socket: 0
Size Short Socket: 0
Size Eager Socket: 0
Size Rend Socket: 0
Byte Hops = 11928
Worst Byte Hops = 119528
Total Bytes = 88
Num Active Processes: 546
Time: 3.713083e-05
Comm Time: 3.046942e-05
Level 6
A*P:
Max Num Msgs: 99
Total Bytes = 166752
Num Short: 99
Num Eager: 0
Num Rend: 0
Size Short: 4656
Size Eager: 0
Size Rend: 0
Num Short Node: 0
Num Eager Node: 0
Num Rend Node: 0
Size Short Node: 0
Size Eager Node: 0
Size Rend Node: 0
Num Short Socket: 0
Num Eager Socket: 0
Num Rend Socket: 0
Size Short Socket: 0
Size Eager Socket: 0
Size Rend Socket: 0
Byte Hops = 166752
Worst Byte Hops = 2251696
Total Bytes = 4656
Num Active Processes: 102
Time: 4.281068e-04
Comm Time: 4.028344e-04

P.T*AP:
Max Num Msgs: 3
Total Bytes = 32352
Num Short: 3
Num Eager: 0
Num Rend: 0
Size Short: 816
Size Eager: 0
Size Rend: 0
Num Short Node: 0
Num Eager Node: 0
Num Rend Node: 0
Size Short Node: 0
Size Eager Node: 0
Size Rend Node: 0
Num Short Socket: 0
Num Eager Socket: 0
Num Rend Socket: 0
Size Short Socket: 0
Size Eager Socket: 0
Size Rend Socket: 0
Byte Hops = 32352
Worst Byte Hops = 389216
Total Bytes = 1632
Num Active Processes: 102
Time: 6.233454e-05
Comm Time: 3.638506e-05
A*x
Max Num Msgs: 99
Total Bytes = 50592
Num Short: 99
Num Eager: 0
Num Rend: 0
Size Short: 792
Size Eager: 0
Size Rend: 0
Num Short Node: 0
Num Eager Node: 0
Num Rend Node: 0
Size Short Node: 0
Size Eager Node: 0
Size Rend Node: 0
Num Short Socket: 0
Num Eager Socket: 0
Num Rend Socket: 0
Size Short Socket: 0
Size Eager Socket: 0
Size Rend Socket: 0
Byte Hops = 50592
Worst Byte Hops = 679584
Num Active Processes: 102
Time: 2.504587e-04
Comm Time: 1.565332e-04
P*e
Max Num Msgs: 14
Total Bytes = 1184
Num Short: 14
Num Eager: 0
Num Rend: 0
Size Short: 112
Size Eager: 0
Size Rend: 0
Num Short Node: 0
Num Eager Node: 0
Num Rend Node: 0
Size Short Node: 0
Size Eager Node: 0
Size Rend Node: 0
Num Short Socket: 0
Num Eager Socket: 0
Num Rend Socket: 0
Size Short Socket: 0
Size Eager Socket: 0
Size Rend Socket: 0
Byte Hops = 1184
Worst Byte Hops = 13984
Num Active Processes: 102
Time: 1.732421e-05
Comm Time: 1.554203e-05
P.T*r
Max Num Msgs: 3
Total Bytes = 1184
Num Short: 3
Num Eager: 0
Num Rend: 0
Size Short: 24
Size Eager: 0
Size Rend: 0
Num Short Node: 0
Num Eager Node: 0
Num Rend Node: 0
Size Short Node: 0
Size Eager Node: 0
Size Rend Node: 0
Num Short Socket: 0
Num Eager Socket: 0
Num Rend Socket: 0
Size Short Socket: 0
Size Eager Socket: 0
Size Rend Socket: 0
Byte Hops = 1184
Worst Byte Hops = 13984
Total Bytes = 192
Num Active Processes: 102
Time: 1.390648e-05
Comm Time: 1.118064e-05
Application 66266072 resources: utime ~285126s, stime ~6451s, Rss ~132108, inblocks ~19286963, outblocks ~63175612
