----------------------------------------
Begin Torque Prologue on nid25336
at Fri Apr  6 10:56:56 CDT 2018
Job Id:			8487343.bw
Username:		bienz
Group:			ILL_jq7
Job name:		nodecomm
Requested resources:	neednodes=4:ppn=32:xe,nodes=4:ppn=32:xe,walltime=00:20:00
Queue:			normal
Account:		jq7
End Torque Prologue:  0.090 elapsed
----------------------------------------




Pingpong for
master:  0, 1, 2, 3, 4, 5, 6, 7, 8, 9, 10, 11, 12, 13, 14, 15, 16, 17, 18, 19, 20, 21, 22, 23, 24, 25, 26, 27, 28, 29, 30, 31
partner: 32, 33, 34, 35, 36, 37, 38, 39, 40, 41, 42, 43, 44, 45, 46, 47, 48, 49, 50, 51, 52, 53, 54, 55, 56, 57, 58, 59, 60, 61, 62, 63

Num Msgs 1
SizeMsgs 1
3.84e-06	3.71e-06	3.71e-06	3.70e-06	

Num Msgs 1
SizeMsgs 2
3.72e-06	3.73e-06	3.72e-06	3.72e-06	
Num Msgs 2
SizeMsgs 2
7.85e-06	7.88e-06	7.87e-06	7.86e-06	

Num Msgs 1
SizeMsgs 4
3.77e-06	3.77e-06	3.77e-06	3.78e-06	
Num Msgs 2
SizeMsgs 4
7.88e-06	7.89e-06	7.90e-06	7.91e-06	
Num Msgs 4
SizeMsgs 4
1.58e-05	1.58e-05	1.57e-05	1.57e-05	

Num Msgs 1
SizeMsgs 8
3.87e-06	3.85e-06	3.87e-06	3.86e-06	
Num Msgs 2
SizeMsgs 8
8.01e-06	8.00e-06	8.01e-06	8.02e-06	
Num Msgs 4
SizeMsgs 8
1.59e-05	1.60e-05	1.60e-05	1.59e-05	
Num Msgs 8
SizeMsgs 8
3.18e-05	3.17e-05	3.17e-05	3.17e-05	

Num Msgs 1
SizeMsgs 16
3.91e-06	3.90e-06	3.90e-06	3.92e-06	
Num Msgs 2
SizeMsgs 16
8.18e-06	8.18e-06	8.18e-06	8.19e-06	
Num Msgs 4
SizeMsgs 16
1.61e-05	1.61e-05	1.61e-05	1.61e-05	
Num Msgs 8
SizeMsgs 16
3.20e-05	3.21e-05	3.20e-05	3.18e-05	
Num Msgs 16
SizeMsgs 16
7.23e-05	6.40e-05	6.41e-05	6.37e-05	

Num Msgs 1
SizeMsgs 32
4.06e-06	4.06e-06	4.08e-06	4.07e-06	
Num Msgs 2
SizeMsgs 32
8.23e-06	8.23e-06	8.23e-06	8.24e-06	
Num Msgs 4
SizeMsgs 32
1.62e-05	1.62e-05	1.62e-05	1.62e-05	
Num Msgs 8
SizeMsgs 32
3.22e-05	3.22e-05	3.23e-05	3.23e-05	
Num Msgs 16
SizeMsgs 32
6.45e-05	6.43e-05	6.44e-05	6.43e-05	
Num Msgs 32
SizeMsgs 32
1.30e-04	1.29e-04	1.29e-04	1.29e-04	

Num Msgs 1
SizeMsgs 64
4.42e-06	4.42e-06	4.43e-06	4.42e-06	
Num Msgs 2
SizeMsgs 64
8.84e-06	8.86e-06	8.84e-06	8.89e-06	
Num Msgs 4
SizeMsgs 64
1.64e-05	1.64e-05	1.64e-05	1.64e-05	
Num Msgs 8
SizeMsgs 64
3.24e-05	3.25e-05	3.26e-05	3.26e-05	
Num Msgs 16
SizeMsgs 64
6.48e-05	6.48e-05	6.48e-05	6.47e-05	
Num Msgs 32
SizeMsgs 64
1.29e-04	1.29e-04	1.30e-04	1.29e-04	
Num Msgs 64
SizeMsgs 64
2.61e-04	2.61e-04	2.61e-04	2.60e-04	

Num Msgs 1
SizeMsgs 128
5.39e-06	5.40e-06	5.40e-06	5.40e-06	
Num Msgs 2
SizeMsgs 128
1.09e-05	1.09e-05	1.09e-05	1.09e-05	
Num Msgs 4
SizeMsgs 128
1.77e-05	1.78e-05	1.79e-05	1.78e-05	
Num Msgs 8
SizeMsgs 128
3.24e-05	3.25e-05	3.25e-05	3.25e-05	
Num Msgs 16
SizeMsgs 128
6.51e-05	6.51e-05	6.50e-05	6.54e-05	
Num Msgs 32
SizeMsgs 128
1.31e-04	1.31e-04	1.31e-04	1.31e-04	
Num Msgs 64
SizeMsgs 128
2.62e-04	2.62e-04	2.62e-04	2.62e-04	
Num Msgs 128
SizeMsgs 128
5.15e-04	5.19e-04	5.16e-04	5.16e-04	

Num Msgs 1
SizeMsgs 256
1.53e-05	1.53e-05	1.54e-05	1.54e-05	
Num Msgs 2
SizeMsgs 256
1.70e-05	1.69e-05	1.70e-05	1.70e-05	
Num Msgs 4
SizeMsgs 256
2.56e-05	2.56e-05	2.57e-05	2.57e-05	
Num Msgs 8
SizeMsgs 256
3.76e-05	3.77e-05	3.76e-05	3.76e-05	
Num Msgs 16
SizeMsgs 256
6.56e-05	6.54e-05	6.55e-05	6.55e-05	
Num Msgs 32
SizeMsgs 256
1.31e-04	1.31e-04	1.31e-04	1.32e-04	
Num Msgs 64
SizeMsgs 256
2.64e-04	2.63e-04	2.63e-04	2.63e-04	
Num Msgs 128
SizeMsgs 256
5.18e-04	5.15e-04	5.14e-04	5.15e-04	
Num Msgs 256
SizeMsgs 256
1.20e-03	1.21e-03	1.21e-03	1.20e-03	

Num Msgs 1
SizeMsgs 512
2.98e-05	2.98e-05	2.98e-05	2.98e-05	
Num Msgs 2
SizeMsgs 512
3.40e-05	3.41e-05	3.41e-05	3.42e-05	
Num Msgs 4
SizeMsgs 512
4.45e-05	4.44e-05	4.45e-05	4.44e-05	
Num Msgs 8
SizeMsgs 512
5.72e-05	5.73e-05	5.73e-05	5.71e-05	
Num Msgs 16
SizeMsgs 512
8.01e-05	8.02e-05	8.08e-05	8.00e-05	
Num Msgs 32
SizeMsgs 512
1.32e-04	1.32e-04	1.32e-04	1.32e-04	
Num Msgs 64
SizeMsgs 512
2.64e-04	2.65e-04	2.65e-04	2.64e-04	
Num Msgs 128
SizeMsgs 512
5.19e-04	5.21e-04	5.21e-04	5.20e-04	
Num Msgs 256
SizeMsgs 512
1.21e-03	1.20e-03	1.21e-03	1.20e-03	
Num Msgs 512
SizeMsgs 512
3.89e-03	3.88e-03	3.89e-03	3.89e-03	

Num Msgs 1
SizeMsgs 1024
6.69e-05	6.69e-05	6.67e-05	6.66e-05	
Num Msgs 2
SizeMsgs 1024
5.90e-05	5.89e-05	5.90e-05	5.89e-05	
Num Msgs 4
SizeMsgs 1024
8.03e-05	8.03e-05	8.03e-05	8.03e-05	
Num Msgs 8
SizeMsgs 1024
9.57e-05	9.57e-05	9.56e-05	9.57e-05	
Num Msgs 16
SizeMsgs 1024
1.23e-04	1.23e-04	1.22e-04	1.23e-04	
Num Msgs 32
SizeMsgs 1024
1.70e-04	1.70e-04	1.71e-04	1.72e-04	
Num Msgs 64
SizeMsgs 1024
2.67e-04	2.67e-04	2.67e-04	2.67e-04	
Num Msgs 128
SizeMsgs 1024
5.33e-04	5.24e-04	5.23e-04	5.25e-04	
Num Msgs 256
SizeMsgs 1024
1.21e-03	1.22e-03	1.22e-03	1.21e-03	
Num Msgs 512
SizeMsgs 1024
3.89e-03	3.89e-03	3.89e-03	3.90e-03	
Num Msgs 1024
SizeMsgs 1024
1.48e-02	1.37e-02	1.48e-02	1.38e-02	

Num Msgs 1
SizeMsgs 2048
4.50e-05	4.50e-05	4.50e-05	4.50e-05	
Num Msgs 2
SizeMsgs 2048
1.28e-04	1.28e-04	1.28e-04	1.28e-04	
Num Msgs 4
SizeMsgs 2048
1.20e-04	1.20e-04	1.20e-04	1.20e-04	
Num Msgs 8
SizeMsgs 2048
1.78e-04	1.78e-04	1.78e-04	1.78e-04	
Num Msgs 16
SizeMsgs 2048
1.99e-04	1.99e-04	2.00e-04	2.00e-04	
Num Msgs 32
SizeMsgs 2048
2.44e-04	2.38e-04	2.42e-04	2.49e-04	
Num Msgs 64
SizeMsgs 2048
3.18e-04	3.22e-04	3.17e-04	3.32e-04	
Num Msgs 128
SizeMsgs 2048
5.52e-04	5.49e-04	5.41e-04	5.42e-04	
Num Msgs 256
SizeMsgs 2048
1.21e-03	1.24e-03	1.21e-03	1.24e-03	
Num Msgs 512
SizeMsgs 2048
3.93e-03	3.92e-03	3.91e-03	3.91e-03	
Num Msgs 1024
SizeMsgs 2048
1.48e-02	1.37e-02	1.48e-02	1.37e-02	
Num Msgs 2048
SizeMsgs 2048
5.76e-02	5.18e-02	5.63e-02	5.18e-02	

Num Msgs 1
SizeMsgs 4096
9.10e-05	9.10e-05	9.10e-05	9.12e-05	
Num Msgs 2
SizeMsgs 4096
9.28e-05	9.29e-05	9.28e-05	9.29e-05	
Num Msgs 4
SizeMsgs 4096
2.58e-04	2.58e-04	2.58e-04	2.58e-04	
Num Msgs 8
SizeMsgs 4096
2.44e-04	2.44e-04	2.44e-04	2.44e-04	
Num Msgs 16
SizeMsgs 4096
3.79e-04	3.77e-04	3.75e-04	3.76e-04	
Num Msgs 32
SizeMsgs 4096
4.09e-04	4.08e-04	4.08e-04	4.08e-04	
Num Msgs 64
SizeMsgs 4096
4.56e-04	4.85e-04	4.54e-04	5.09e-04	
Num Msgs 128
SizeMsgs 4096
6.99e-04	7.04e-04	7.11e-04	7.09e-04	
Num Msgs 256
SizeMsgs 4096
1.24e-03	1.25e-03	1.24e-03	1.23e-03	
Num Msgs 512
SizeMsgs 4096
3.93e-03	3.91e-03	3.92e-03	3.91e-03	
Num Msgs 1024
SizeMsgs 4096
1.49e-02	1.38e-02	1.49e-02	1.36e-02	
Num Msgs 2048
SizeMsgs 4096
5.66e-02	5.19e-02	5.63e-02	5.19e-02	
Num Msgs 4096
SizeMsgs 4096
2.24e-01	2.03e-01	2.21e-01	2.03e-01	

Num Msgs 1
SizeMsgs 8192
1.83e-04	1.83e-04	1.83e-04	1.83e-04	
Num Msgs 2
SizeMsgs 8192
1.84e-04	1.84e-04	1.84e-04	1.84e-04	
Num Msgs 4
SizeMsgs 8192
1.88e-04	1.88e-04	1.88e-04	1.88e-04	
Num Msgs 8
SizeMsgs 8192
5.22e-04	5.21e-04	5.22e-04	5.22e-04	
Num Msgs 16
SizeMsgs 8192
4.99e-04	5.12e-04	5.00e-04	5.04e-04	
Num Msgs 32
SizeMsgs 8192
7.62e-04	7.65e-04	7.58e-04	7.73e-04	
Num Msgs 64
SizeMsgs 8192
8.20e-04	8.22e-04	8.23e-04	8.20e-04	
Num Msgs 128
SizeMsgs 8192
1.04e-03	1.04e-03	1.04e-03	1.04e-03	
Num Msgs 256
SizeMsgs 8192
1.36e-03	1.36e-03	1.35e-03	1.35e-03	
Num Msgs 512
SizeMsgs 8192
3.94e-03	3.93e-03	3.94e-03	3.93e-03	
Num Msgs 1024
SizeMsgs 8192
1.50e-02	1.36e-02	1.49e-02	1.36e-02	
Num Msgs 2048
SizeMsgs 8192
5.68e-02	5.21e-02	5.64e-02	5.20e-02	
Num Msgs 4096
SizeMsgs 8192
2.21e-01	2.03e-01	2.21e-01	2.03e-01	
Num Msgs 8192
SizeMsgs 8192
9.93e-01	9.03e-01	9.88e-01	9.03e-01	

Num Msgs 1
SizeMsgs 16384
3.69e-04	3.68e-04	3.67e-04	3.68e-04	
Num Msgs 2
SizeMsgs 16384
3.70e-04	3.70e-04	3.70e-04	3.69e-04	
Num Msgs 4
SizeMsgs 16384
3.74e-04	3.74e-04	3.73e-04	3.73e-04	
Num Msgs 8
SizeMsgs 16384
3.84e-04	3.85e-04	3.85e-04	3.84e-04	
Num Msgs 16
SizeMsgs 16384
1.05e-03	1.03e-03	1.04e-03	1.02e-03	
Num Msgs 32
SizeMsgs 16384
1.05e-03	1.05e-03	1.03e-03	1.01e-03	
Num Msgs 64
SizeMsgs 16384
1.49e-03	1.35e-03	1.51e-03	1.47e-03	
Num Msgs 128
SizeMsgs 16384
1.69e-03	1.72e-03	1.69e-03	1.69e-03	
Num Msgs 256
SizeMsgs 16384
2.07e-03	2.03e-03	2.06e-03	2.04e-03	
Num Msgs 512
SizeMsgs 16384
4.06e-03	4.04e-03	4.06e-03	4.05e-03	
Num Msgs 1024
SizeMsgs 16384
1.49e-02	1.38e-02	1.49e-02	1.39e-02	
Num Msgs 2048
SizeMsgs 16384
5.66e-02	5.21e-02	5.64e-02	5.20e-02	
Num Msgs 4096
SizeMsgs 16384
2.21e-01	2.03e-01	2.21e-01	2.03e-01	
Num Msgs 8192
SizeMsgs 16384
9.88e-01	9.03e-01	9.88e-01	9.03e-01	
Num Msgs 16384
SizeMsgs 16384
4.82e+00	4.34e+00	4.81e+00	4.34e+00	

Num Msgs 1
SizeMsgs 32768
7.38e-04	7.37e-04	7.36e-04	7.37e-04	
Num Msgs 2
SizeMsgs 32768
7.41e-04	7.42e-04	7.40e-04	7.42e-04	
Num Msgs 4
SizeMsgs 32768
7.44e-04	7.45e-04	7.45e-04	7.44e-04	
Num Msgs 8
SizeMsgs 32768
7.54e-04	7.53e-04	7.55e-04	7.53e-04	
Num Msgs 16
SizeMsgs 32768
7.81e-04	7.83e-04	7.81e-04	7.83e-04	
Num Msgs 32
SizeMsgs 32768
2.01e-03	2.00e-03	2.04e-03	2.07e-03	
Num Msgs 64
SizeMsgs 32768
2.11e-03	2.08e-03	2.09e-03	2.12e-03	
Num Msgs 128
SizeMsgs 32768
3.52e-03	3.50e-03	3.54e-03	3.61e-03	
Num Msgs 256
SizeMsgs 32768
3.31e-03	3.42e-03	3.22e-03	3.40e-03	
Num Msgs 512
SizeMsgs 32768
4.60e-03	4.62e-03	4.65e-03	4.62e-03	
Num Msgs 1024
SizeMsgs 32768
1.52e-02	1.39e-02	1.51e-02	1.40e-02	
Num Msgs 2048
SizeMsgs 32768
5.65e-02	5.20e-02	5.63e-02	5.21e-02	
Num Msgs 4096
SizeMsgs 32768
2.21e-01	2.03e-01	2.21e-01	2.03e-01	
Num Msgs 8192
SizeMsgs 32768
9.88e-01	9.03e-01	9.88e-01	9.03e-01	
Num Msgs 16384
SizeMsgs 32768
4.81e+00	4.34e+00	4.81e+00	4.34e+00	

Num Msgs 1
SizeMsgs 65536
1.48e-03	1.47e-03	1.47e-03	1.47e-03	
Num Msgs 2
SizeMsgs 65536
1.48e-03	1.48e-03	1.48e-03	1.48e-03	
Num Msgs 4
SizeMsgs 65536
1.48e-03	1.48e-03	1.48e-03	1.48e-03	
Num Msgs 8
SizeMsgs 65536
1.49e-03	1.50e-03	1.49e-03	1.49e-03	
Num Msgs 16
SizeMsgs 65536
1.52e-03	1.52e-03	1.52e-03	1.52e-03	
Num Msgs 32
SizeMsgs 65536
1.60e-03	1.62e-03	1.62e-03	1.60e-03	
Num Msgs 64
SizeMsgs 65536
4.01e-03	4.10e-03	4.01e-03	3.97e-03	
Num Msgs 128
SizeMsgs 65536
5.10e-03	5.15e-03	5.07e-03	4.96e-03	
Num Msgs 256
SizeMsgs 65536
6.73e-03	7.07e-03	6.90e-03	6.82e-03	
Num Msgs 512
SizeMsgs 65536
7.08e-03	7.02e-03	7.00e-03	7.13e-03	
Num Msgs 1024
SizeMsgs 65536
1.58e-02	1.47e-02	1.57e-02	1.47e-02	
Num Msgs 2048
SizeMsgs 65536
5.68e-02	5.23e-02	5.66e-02	5.23e-02	
Num Msgs 4096
SizeMsgs 65536
2.21e-01	2.03e-01	2.21e-01	2.03e-01	
Num Msgs 8192
SizeMsgs 65536
9.89e-01	9.03e-01	9.89e-01	9.04e-01	
Num Msgs 16384
SizeMsgs 65536
4.81e+00	4.34e+00	4.81e+00	4.34e+00	
Pingpong for
master:  0, 1, 2, 3, 4, 5, 6, 7, 8, 9, 10, 11, 12, 13, 14, 15, 16, 17, 18, 19, 20, 21, 22, 23, 24, 25, 26, 27, 28, 29, 30, 31
partner: 32, 33, 34, 35, 36, 37, 38, 39, 40, 41, 42, 43, 44, 45, 46, 47, 48, 49, 50, 51, 52, 53, 54, 55, 56, 57, 58, 59, 60, 61, 62, 63

Num Msgs 1
SizeMsgs 1
3.71e-06	3.68e-06	3.69e-06	3.68e-06	

Num Msgs 1
SizeMsgs 2
3.71e-06	3.70e-06	3.70e-06	3.69e-06	
Num Msgs 2
SizeMsgs 2
7.84e-06	7.85e-06	7.83e-06	7.86e-06	

Num Msgs 1
SizeMsgs 4
3.75e-06	3.76e-06	3.73e-06	3.76e-06	
Num Msgs 2
SizeMsgs 4
7.86e-06	7.87e-06	7.88e-06	7.86e-06	
Num Msgs 4
SizeMsgs 4
1.59e-05	1.59e-05	1.58e-05	1.59e-05	

Num Msgs 1
SizeMsgs 8
3.89e-06	3.86e-06	3.89e-06	3.87e-06	
Num Msgs 2
SizeMsgs 8
7.99e-06	7.98e-06	7.99e-06	7.98e-06	
Num Msgs 4
SizeMsgs 8
1.61e-05	1.61e-05	1.61e-05	1.61e-05	
Num Msgs 8
SizeMsgs 8
3.20e-05	3.20e-05	3.20e-05	3.20e-05	

Num Msgs 1
SizeMsgs 16
3.88e-06	3.88e-06	3.88e-06	3.87e-06	
Num Msgs 2
SizeMsgs 16
8.14e-06	8.14e-06	8.15e-06	8.17e-06	
Num Msgs 4
SizeMsgs 16
1.61e-05	1.61e-05	1.61e-05	1.60e-05	
Num Msgs 8
SizeMsgs 16
3.21e-05	3.20e-05	3.19e-05	3.19e-05	
Num Msgs 16
SizeMsgs 16
6.38e-05	6.41e-05	6.40e-05	6.38e-05	

Num Msgs 1
SizeMsgs 32
4.03e-06	4.04e-06	4.03e-06	4.04e-06	
Num Msgs 2
SizeMsgs 32
8.23e-06	8.23e-06	8.23e-06	8.22e-06	
Num Msgs 4
SizeMsgs 32
1.62e-05	1.62e-05	1.62e-05	1.62e-05	
Num Msgs 8
SizeMsgs 32
3.24e-05	3.24e-05	3.24e-05	3.24e-05	
Num Msgs 16
SizeMsgs 32
6.41e-05	6.38e-05	6.42e-05	6.40e-05	
Num Msgs 32
SizeMsgs 32
1.30e-04	1.29e-04	1.29e-04	1.29e-04	

Num Msgs 1
SizeMsgs 64
4.38e-06	4.39e-06	4.40e-06	4.39e-06	
Num Msgs 2
SizeMsgs 64
8.75e-06	8.76e-06	8.81e-06	8.77e-06	
Num Msgs 4
SizeMsgs 64
1.64e-05	1.63e-05	1.64e-05	1.64e-05	
Num Msgs 8
SizeMsgs 64
3.24e-05	3.26e-05	3.24e-05	3.24e-05	
Num Msgs 16
SizeMsgs 64
6.46e-05	6.45e-05	6.46e-05	6.46e-05	
Num Msgs 32
SizeMsgs 64
1.29e-04	1.29e-04	1.29e-04	1.29e-04	
Num Msgs 64
SizeMsgs 64
2.60e-04	2.60e-04	2.60e-04	2.59e-04	

Num Msgs 1
SizeMsgs 128
5.48e-06	5.47e-06	5.45e-06	5.47e-06	
Num Msgs 2
SizeMsgs 128
1.07e-05	1.07e-05	1.07e-05	1.07e-05	
Num Msgs 4
SizeMsgs 128
1.76e-05	1.77e-05	1.76e-05	1.77e-05	
Num Msgs 8
SizeMsgs 128
3.24e-05	3.26e-05	3.27e-05	3.27e-05	
Num Msgs 16
SizeMsgs 128
6.50e-05	6.51e-05	6.51e-05	6.51e-05	
Num Msgs 32
SizeMsgs 128
1.30e-04	1.30e-04	1.30e-04	1.30e-04	
Num Msgs 64
SizeMsgs 128
2.59e-04	2.60e-04	2.60e-04	2.60e-04	
Num Msgs 128
SizeMsgs 128
5.15e-04	5.16e-04	5.16e-04	5.19e-04	

Num Msgs 1
SizeMsgs 256
1.88e-05	1.88e-05	1.88e-05	1.88e-05	
Num Msgs 2
SizeMsgs 256
1.71e-05	1.72e-05	1.71e-05	1.71e-05	
Num Msgs 4
SizeMsgs 256
2.54e-05	2.54e-05	2.54e-05	2.55e-05	
Num Msgs 8
SizeMsgs 256
3.76e-05	3.73e-05	3.74e-05	3.74e-05	
Num Msgs 16
SizeMsgs 256
6.53e-05	6.53e-05	6.52e-05	6.52e-05	
Num Msgs 32
SizeMsgs 256
1.32e-04	1.31e-04	1.31e-04	1.31e-04	
Num Msgs 64
SizeMsgs 256
2.62e-04	2.62e-04	2.62e-04	2.62e-04	
Num Msgs 128
SizeMsgs 256
5.15e-04	5.14e-04	5.16e-04	5.14e-04	
Num Msgs 256
SizeMsgs 256
1.20e-03	1.21e-03	1.21e-03	1.20e-03	

Num Msgs 1
SizeMsgs 512
3.01e-05	3.01e-05	3.02e-05	3.02e-05	
Num Msgs 2
SizeMsgs 512
3.70e-05	3.71e-05	3.71e-05	3.70e-05	
Num Msgs 4
SizeMsgs 512
4.47e-05	4.47e-05	4.47e-05	4.47e-05	
Num Msgs 8
SizeMsgs 512
5.71e-05	5.70e-05	5.70e-05	5.70e-05	
Num Msgs 16
SizeMsgs 512
8.05e-05	8.01e-05	8.05e-05	8.01e-05	
Num Msgs 32
SizeMsgs 512
1.33e-04	1.32e-04	1.33e-04	1.34e-04	
Num Msgs 64
SizeMsgs 512
2.65e-04	2.66e-04	2.66e-04	2.66e-04	
Num Msgs 128
SizeMsgs 512
5.25e-04	5.25e-04	5.25e-04	5.24e-04	
Num Msgs 256
SizeMsgs 512
1.20e-03	1.21e-03	1.21e-03	1.20e-03	
Num Msgs 512
SizeMsgs 512
3.89e-03	3.89e-03	3.88e-03	3.89e-03	

Num Msgs 1
SizeMsgs 1024
6.83e-05	6.84e-05	6.84e-05	6.82e-05	
Num Msgs 2
SizeMsgs 1024
5.97e-05	5.97e-05	5.97e-05	5.97e-05	
Num Msgs 4
SizeMsgs 1024
8.60e-05	8.61e-05	8.60e-05	8.59e-05	
Num Msgs 8
SizeMsgs 1024
9.61e-05	9.61e-05	9.61e-05	9.62e-05	
Num Msgs 16
SizeMsgs 1024
1.23e-04	1.22e-04	1.22e-04	1.22e-04	
Num Msgs 32
SizeMsgs 1024
1.70e-04	1.70e-04	1.71e-04	1.70e-04	
Num Msgs 64
SizeMsgs 1024
2.68e-04	2.67e-04	2.67e-04	2.68e-04	
Num Msgs 128
SizeMsgs 1024
5.33e-04	5.21e-04	5.26e-04	5.22e-04	
Num Msgs 256
SizeMsgs 1024
1.22e-03	1.21e-03	1.22e-03	1.21e-03	
Num Msgs 512
SizeMsgs 1024
3.89e-03	3.89e-03	3.89e-03	3.90e-03	
Num Msgs 1024
SizeMsgs 1024
1.48e-02	1.37e-02	1.48e-02	1.37e-02	

Num Msgs 1
SizeMsgs 2048
4.64e-05	4.63e-05	4.62e-05	4.62e-05	
Num Msgs 2
SizeMsgs 2048
1.30e-04	1.30e-04	1.30e-04	1.30e-04	
Num Msgs 4
SizeMsgs 2048
1.23e-04	1.23e-04	1.23e-04	1.23e-04	
Num Msgs 8
SizeMsgs 2048
1.87e-04	1.87e-04	1.88e-04	1.87e-04	
Num Msgs 16
SizeMsgs 2048
2.00e-04	2.00e-04	1.99e-04	1.99e-04	
Num Msgs 32
SizeMsgs 2048
2.45e-04	2.44e-04	2.47e-04	2.45e-04	
Num Msgs 64
SizeMsgs 2048
2.92e-04	3.45e-04	3.09e-04	3.20e-04	
Num Msgs 128
SizeMsgs 2048
5.49e-04	5.44e-04	5.46e-04	5.48e-04	
Num Msgs 256
SizeMsgs 2048
1.22e-03	1.24e-03	1.22e-03	1.23e-03	
Num Msgs 512
SizeMsgs 2048
3.92e-03	3.92e-03	3.91e-03	3.91e-03	
Num Msgs 1024
SizeMsgs 2048
1.49e-02	1.37e-02	1.48e-02	1.37e-02	
Num Msgs 2048
SizeMsgs 2048
5.65e-02	5.18e-02	5.63e-02	5.17e-02	

Num Msgs 1
SizeMsgs 4096
9.12e-05	9.11e-05	9.11e-05	9.11e-05	
Num Msgs 2
SizeMsgs 4096
9.40e-05	9.41e-05	9.39e-05	9.44e-05	
Num Msgs 4
SizeMsgs 4096
2.61e-04	2.60e-04	2.60e-04	2.60e-04	
Num Msgs 8
SizeMsgs 4096
2.48e-04	2.48e-04	2.48e-04	2.48e-04	
Num Msgs 16
SizeMsgs 4096
3.88e-04	3.94e-04	3.82e-04	3.90e-04	
Num Msgs 32
SizeMsgs 4096
4.09e-04	4.06e-04	4.08e-04	4.10e-04	
Num Msgs 64
SizeMsgs 4096
5.00e-04	4.81e-04	4.94e-04	4.81e-04	
Num Msgs 128
SizeMsgs 4096
7.14e-04	7.00e-04	7.13e-04	7.03e-04	
Num Msgs 256
SizeMsgs 4096
1.24e-03	1.23e-03	1.24e-03	1.24e-03	
Num Msgs 512
SizeMsgs 4096
3.93e-03	3.93e-03	3.92e-03	3.93e-03	
Num Msgs 1024
SizeMsgs 4096
1.49e-02	1.38e-02	1.49e-02	1.38e-02	
Num Msgs 2048
SizeMsgs 4096
5.64e-02	5.18e-02	5.63e-02	5.19e-02	
Num Msgs 4096
SizeMsgs 4096
2.21e-01	2.03e-01	2.20e-01	2.03e-01	

Num Msgs 1
SizeMsgs 8192
1.83e-04	1.83e-04	1.83e-04	1.86e-04	
Num Msgs 2
SizeMsgs 8192
1.85e-04	1.85e-04	1.84e-04	1.84e-04	
Num Msgs 4
SizeMsgs 8192
1.91e-04	1.91e-04	1.91e-04	1.90e-04	
Num Msgs 8
SizeMsgs 8192
5.27e-04	5.27e-04	5.28e-04	5.29e-04	
Num Msgs 16
SizeMsgs 8192
5.15e-04	5.07e-04	5.18e-04	5.18e-04	
Num Msgs 32
SizeMsgs 8192
7.78e-04	7.97e-04	7.79e-04	7.95e-04	
Num Msgs 64
SizeMsgs 8192
8.21e-04	8.24e-04	8.23e-04	8.24e-04	
Num Msgs 128
SizeMsgs 8192
1.04e-03	1.04e-03	1.04e-03	1.00e-03	
Num Msgs 256
SizeMsgs 8192
1.35e-03	1.36e-03	1.34e-03	1.33e-03	
Num Msgs 512
SizeMsgs 8192
3.93e-03	3.94e-03	3.94e-03	3.92e-03	
Num Msgs 1024
SizeMsgs 8192
1.49e-02	1.38e-02	1.49e-02	1.38e-02	
Num Msgs 2048
SizeMsgs 8192
5.65e-02	5.20e-02	5.64e-02	5.21e-02	
Num Msgs 4096
SizeMsgs 8192
2.21e-01	2.03e-01	2.21e-01	2.03e-01	
Num Msgs 8192
SizeMsgs 8192
9.88e-01	9.03e-01	9.87e-01	9.03e-01	

Num Msgs 1
SizeMsgs 16384
3.69e-04	3.68e-04	3.68e-04	3.68e-04	
Num Msgs 2
SizeMsgs 16384
3.74e-04	3.71e-04	3.70e-04	3.70e-04	
Num Msgs 4
SizeMsgs 16384
3.74e-04	3.74e-04	3.74e-04	3.74e-04	
Num Msgs 8
SizeMsgs 16384
3.91e-04	3.91e-04	3.91e-04	3.92e-04	
Num Msgs 16
SizeMsgs 16384
1.04e-03	1.02e-03	1.03e-03	1.05e-03	
Num Msgs 32
SizeMsgs 16384
1.05e-03	1.06e-03	1.05e-03	1.06e-03	
Num Msgs 64
SizeMsgs 16384
1.58e-03	1.55e-03	1.59e-03	1.57e-03	
Num Msgs 128
SizeMsgs 16384
1.68e-03	1.66e-03	1.68e-03	1.68e-03	
Num Msgs 256
SizeMsgs 16384
2.07e-03	2.08e-03	2.02e-03	2.05e-03	
Num Msgs 512
SizeMsgs 16384
4.07e-03	4.07e-03	4.07e-03	4.05e-03	
Num Msgs 1024
SizeMsgs 16384
1.49e-02	1.38e-02	1.49e-02	1.38e-02	
Num Msgs 2048
SizeMsgs 16384
5.65e-02	5.21e-02	5.63e-02	5.19e-02	
Num Msgs 4096
SizeMsgs 16384
2.21e-01	2.03e-01	2.21e-01	2.03e-01	
Num Msgs 8192
SizeMsgs 16384
9.88e-01	9.03e-01	9.88e-01	9.03e-01	
Num Msgs 16384
SizeMsgs 16384
4.81e+00	4.34e+00	4.81e+00	4.34e+00	

Num Msgs 1
SizeMsgs 32768
8.12e-04	8.23e-04	8.25e-04	8.26e-04	
Num Msgs 2
SizeMsgs 32768
8.22e-04	8.18e-04	7.90e-04	7.97e-04	
Num Msgs 4
SizeMsgs 32768
8.35e-04	8.03e-04	7.90e-04	8.22e-04	
Num Msgs 8
SizeMsgs 32768
8.15e-04	8.06e-04	8.05e-04	8.09e-04	
Num Msgs 16
SizeMsgs 32768
8.59e-04	8.78e-04	8.51e-04	8.69e-04	
Num Msgs 32
SizeMsgs 32768
2.13e-03	2.05e-03	2.10e-03	2.04e-03	
Num Msgs 64
SizeMsgs 32768
2.14e-03	2.20e-03	2.15e-03	2.15e-03	
Num Msgs 128
SizeMsgs 32768
3.63e-03	3.39e-03	3.53e-03	3.39e-03	
Num Msgs 256
SizeMsgs 32768
3.31e-03	3.38e-03	3.39e-03	3.31e-03	
Num Msgs 512
SizeMsgs 32768
4.68e-03	4.65e-03	4.62e-03	4.58e-03	
Num Msgs 1024
SizeMsgs 32768
1.52e-02	1.40e-02	1.50e-02	1.41e-02	
Num Msgs 2048
SizeMsgs 32768
5.65e-02	5.20e-02	5.64e-02	5.20e-02	
Num Msgs 4096
SizeMsgs 32768
2.21e-01	2.03e-01	2.21e-01	2.03e-01	
Num Msgs 8192
SizeMsgs 32768
9.88e-01	9.03e-01	9.88e-01	9.03e-01	
Num Msgs 16384
SizeMsgs 32768
4.81e+00	4.34e+00	4.81e+00	4.34e+00	

Num Msgs 1
SizeMsgs 65536
1.48e-03	1.48e-03	1.48e-03	1.48e-03	
Num Msgs 2
SizeMsgs 65536
1.48e-03	1.48e-03	1.48e-03	1.48e-03	
Num Msgs 4
SizeMsgs 65536
1.49e-03	1.49e-03	1.48e-03	1.48e-03	
Num Msgs 8
SizeMsgs 65536
1.50e-03	1.50e-03	1.50e-03	1.50e-03	
Num Msgs 16
SizeMsgs 65536
1.52e-03	1.52e-03	1.52e-03	1.52e-03	
Num Msgs 32
SizeMsgs 65536
1.59e-03	1.60e-03	1.60e-03	1.60e-03	
Num Msgs 64
SizeMsgs 65536
3.93e-03	4.00e-03	4.14e-03	4.10e-03	
Num Msgs 128
SizeMsgs 65536
5.31e-03	5.24e-03	5.29e-03	5.40e-03	
Num Msgs 256
SizeMsgs 65536
7.45e-03	7.17e-03	7.38e-03	7.22e-03	
Num Msgs 512
SizeMsgs 65536
7.13e-03	7.09e-03	7.09e-03	7.17e-03	
Num Msgs 1024
SizeMsgs 65536
1.58e-02	1.46e-02	1.56e-02	1.46e-02	
Num Msgs 2048
SizeMsgs 65536
5.68e-02	5.24e-02	5.66e-02	5.24e-02	
Num Msgs 4096
SizeMsgs 65536
2.21e-01	2.03e-01	2.21e-01	2.03e-01	
Num Msgs 8192
SizeMsgs 65536
9.89e-01	9.04e-01	9.89e-01	9.04e-01	
Num Msgs 16384
SizeMsgs 65536
4.81e+00	4.34e+00	4.81e+00	4.34e+00	
Application 66148273 resources: utime ~27831s, stime ~243s, Rss ~26196, inblocks ~37853, outblocks ~65832
