----------------------------------------
Begin Torque Prologue on nid27641
at Fri Apr 13 15:49:49 CDT 2018
Job Id:			8505796.bw
Username:		bienz
Group:			ILL_jq7
Job name:		nodecomm
Requested resources:	neednodes=1:ppn=32:xe,nodes=1:ppn=32:xe,walltime=00:20:00
Queue:			normal
Account:		jq7
End Torque Prologue:  0.129 elapsed
----------------------------------------




Pingpong for
master:  0, 1, 2, 3, 4, 5, 6, 7
partner: 8, 9, 10, 11, 12, 13, 14, 15

Num Msgs 1
SizeMsgs 1
1.32e-06	1.31e-06	1.32e-06	1.32e-06	

Num Msgs 1
SizeMsgs 2
1.34e-06	1.34e-06	1.34e-06	1.35e-06	
Num Msgs 2
SizeMsgs 2
2.50e-06	2.48e-06	2.49e-06	2.49e-06	

Num Msgs 1
SizeMsgs 4
1.75e-06	1.75e-06	1.75e-06	1.75e-06	
Num Msgs 2
SizeMsgs 4
2.55e-06	2.55e-06	2.55e-06	2.55e-06	
Num Msgs 4
SizeMsgs 4
4.71e-06	4.69e-06	4.70e-06	4.71e-06	

Num Msgs 1
SizeMsgs 8
1.87e-06	1.87e-06	1.87e-06	1.87e-06	
Num Msgs 2
SizeMsgs 8
3.48e-06	3.48e-06	3.48e-06	3.48e-06	
Num Msgs 4
SizeMsgs 8
4.36e-06	4.36e-06	4.37e-06	4.36e-06	
Num Msgs 8
SizeMsgs 8
8.08e-06	8.06e-06	8.07e-06	8.07e-06	

Num Msgs 1
SizeMsgs 16
2.22e-06	2.22e-06	2.22e-06	2.22e-06	
Num Msgs 2
SizeMsgs 16
3.03e-06	3.03e-06	3.03e-06	3.03e-06	
Num Msgs 4
SizeMsgs 16
5.30e-06	5.31e-06	5.29e-06	5.30e-06	
Num Msgs 8
SizeMsgs 16
7.89e-06	7.88e-06	7.89e-06	7.90e-06	
Num Msgs 16
SizeMsgs 16
2.30e-05	1.47e-05	1.48e-05	1.47e-05	

Num Msgs 1
SizeMsgs 32
2.30e-06	2.30e-06	2.30e-06	2.31e-06	
Num Msgs 2
SizeMsgs 32
3.41e-06	3.42e-06	3.41e-06	3.41e-06	
Num Msgs 4
SizeMsgs 32
5.08e-06	5.08e-06	5.06e-06	5.07e-06	
Num Msgs 8
SizeMsgs 32
9.22e-06	9.25e-06	9.26e-06	9.25e-06	
Num Msgs 16
SizeMsgs 32
1.47e-05	1.47e-05	1.47e-05	1.47e-05	
Num Msgs 32
SizeMsgs 32
2.97e-05	2.98e-05	2.99e-05	2.99e-05	

Num Msgs 1
SizeMsgs 64
2.60e-06	2.61e-06	2.61e-06	2.60e-06	
Num Msgs 2
SizeMsgs 64
3.65e-06	3.65e-06	3.64e-06	3.65e-06	
Num Msgs 4
SizeMsgs 64
5.46e-06	5.47e-06	5.46e-06	5.46e-06	
Num Msgs 8
SizeMsgs 64
8.77e-06	8.76e-06	8.77e-06	8.77e-06	
Num Msgs 16
SizeMsgs 64
1.56e-05	1.55e-05	1.55e-05	1.55e-05	
Num Msgs 32
SizeMsgs 64
3.00e-05	2.97e-05	2.98e-05	2.96e-05	
Num Msgs 64
SizeMsgs 64
5.90e-05	5.87e-05	5.86e-05	5.78e-05	

Num Msgs 1
SizeMsgs 128
3.49e-06	3.49e-06	3.49e-06	3.49e-06	
Num Msgs 2
SizeMsgs 128
4.50e-06	4.54e-06	4.52e-06	4.43e-06	
Num Msgs 4
SizeMsgs 128
5.99e-06	6.00e-06	5.99e-06	6.04e-06	
Num Msgs 8
SizeMsgs 128
9.45e-06	9.39e-06	9.39e-06	9.42e-06	
Num Msgs 16
SizeMsgs 128
1.57e-05	1.54e-05	1.55e-05	1.54e-05	
Num Msgs 32
SizeMsgs 128
3.17e-05	3.17e-05	3.20e-05	3.21e-05	
Num Msgs 64
SizeMsgs 128
5.92e-05	5.87e-05	5.89e-05	5.87e-05	
Num Msgs 128
SizeMsgs 128
1.34e-04	1.32e-04	1.32e-04	1.30e-04	

Num Msgs 1
SizeMsgs 256
4.94e-06	4.94e-06	4.96e-06	4.95e-06	
Num Msgs 2
SizeMsgs 256
5.89e-06	5.90e-06	5.89e-06	5.90e-06	
Num Msgs 4
SizeMsgs 256
8.03e-06	8.04e-06	8.02e-06	8.03e-06	
Num Msgs 8
SizeMsgs 256
1.07e-05	1.07e-05	1.06e-05	1.07e-05	
Num Msgs 16
SizeMsgs 256
1.70e-05	1.70e-05	1.69e-05	1.70e-05	
Num Msgs 32
SizeMsgs 256
3.10e-05	3.10e-05	3.09e-05	3.09e-05	
Num Msgs 64
SizeMsgs 256
6.43e-05	6.41e-05	6.39e-05	6.41e-05	
Num Msgs 128
SizeMsgs 256
1.31e-04	1.34e-04	1.33e-04	1.31e-04	
Num Msgs 256
SizeMsgs 256
3.31e-04	3.27e-04	3.29e-04	3.28e-04	

Num Msgs 1
SizeMsgs 512
7.50e-06	7.50e-06	7.49e-06	7.50e-06	
Num Msgs 2
SizeMsgs 512
8.40e-06	8.31e-06	8.31e-06	8.32e-06	
Num Msgs 4
SizeMsgs 512
1.09e-05	1.09e-05	1.09e-05	1.09e-05	
Num Msgs 8
SizeMsgs 512
1.53e-05	1.52e-05	1.53e-05	1.53e-05	
Num Msgs 16
SizeMsgs 512
1.99e-05	1.96e-05	1.94e-05	1.94e-05	
Num Msgs 32
SizeMsgs 512
3.46e-05	3.47e-05	3.43e-05	3.47e-05	
Num Msgs 64
SizeMsgs 512
6.37e-05	6.41e-05	6.38e-05	6.38e-05	
Num Msgs 128
SizeMsgs 512
1.33e-04	1.35e-04	1.35e-04	1.36e-04	
Num Msgs 256
SizeMsgs 512
3.25e-04	3.24e-04	3.27e-04	3.25e-04	
Num Msgs 512
SizeMsgs 512
7.38e-04	7.38e-04	7.28e-04	7.29e-04	

Num Msgs 1
SizeMsgs 1024
1.19e-05	1.19e-05	1.19e-05	1.19e-05	
Num Msgs 2
SizeMsgs 1024
1.31e-05	1.31e-05	1.31e-05	1.31e-05	
Num Msgs 4
SizeMsgs 1024
1.60e-05	1.60e-05	1.60e-05	1.60e-05	
Num Msgs 8
SizeMsgs 1024
2.14e-05	2.14e-05	2.14e-05	2.14e-05	
Num Msgs 16
SizeMsgs 1024
3.03e-05	3.00e-05	3.01e-05	3.02e-05	
Num Msgs 32
SizeMsgs 1024
3.96e-05	3.98e-05	3.96e-05	3.94e-05	
Num Msgs 64
SizeMsgs 1024
6.85e-05	6.85e-05	6.90e-05	6.82e-05	
Num Msgs 128
SizeMsgs 1024
1.34e-04	1.33e-04	1.33e-04	1.33e-04	
Num Msgs 256
SizeMsgs 1024
2.99e-04	3.00e-04	3.00e-04	3.03e-04	
Num Msgs 512
SizeMsgs 1024
7.16e-04	7.19e-04	7.19e-04	7.20e-04	
Num Msgs 1024
SizeMsgs 1024
1.60e-03	1.57e-03	1.54e-03	1.55e-03	

Num Msgs 1
SizeMsgs 2048
5.56e-06	5.55e-06	5.54e-06	5.54e-06	
Num Msgs 2
SizeMsgs 2048
2.20e-05	2.21e-05	2.20e-05	2.20e-05	
Num Msgs 4
SizeMsgs 2048
2.58e-05	2.58e-05	2.58e-05	2.58e-05	
Num Msgs 8
SizeMsgs 2048
3.17e-05	3.17e-05	3.17e-05	3.16e-05	
Num Msgs 16
SizeMsgs 2048
4.17e-05	4.16e-05	4.21e-05	4.19e-05	
Num Msgs 32
SizeMsgs 2048
5.87e-05	5.80e-05	5.85e-05	5.81e-05	
Num Msgs 64
SizeMsgs 2048
7.47e-05	7.34e-05	7.31e-05	7.34e-05	
Num Msgs 128
SizeMsgs 2048
1.38e-04	1.38e-04	1.35e-04	1.39e-04	
Num Msgs 256
SizeMsgs 2048
2.76e-04	2.76e-04	2.78e-04	2.77e-04	
Num Msgs 512
SizeMsgs 2048
6.76e-04	6.77e-04	6.69e-04	6.68e-04	
Num Msgs 1024
SizeMsgs 2048
1.55e-03	1.53e-03	1.51e-03	1.55e-03	
Num Msgs 2048
SizeMsgs 2048
4.77e-03	3.19e-03	3.22e-03	3.19e-03	

Num Msgs 1
SizeMsgs 4096
7.16e-06	7.17e-06	7.17e-06	7.17e-06	
Num Msgs 2
SizeMsgs 4096
1.10e-05	1.10e-05	1.09e-05	1.10e-05	
Num Msgs 4
SizeMsgs 4096
4.35e-05	4.34e-05	4.34e-05	4.35e-05	
Num Msgs 8
SizeMsgs 4096
5.14e-05	5.14e-05	5.14e-05	5.14e-05	
Num Msgs 16
SizeMsgs 4096
6.25e-05	6.27e-05	6.27e-05	6.30e-05	
Num Msgs 32
SizeMsgs 4096
8.08e-05	8.06e-05	8.05e-05	8.06e-05	
Num Msgs 64
SizeMsgs 4096
1.11e-04	1.11e-04	1.11e-04	1.10e-04	
Num Msgs 128
SizeMsgs 4096
1.47e-04	1.47e-04	1.47e-04	1.48e-04	
Num Msgs 256
SizeMsgs 4096
2.75e-04	2.72e-04	2.75e-04	2.76e-04	
Num Msgs 512
SizeMsgs 4096
6.09e-04	6.01e-04	6.07e-04	6.00e-04	
Num Msgs 1024
SizeMsgs 4096
1.43e-03	1.47e-03	1.41e-03	1.42e-03	
Num Msgs 2048
SizeMsgs 4096
3.15e-03	3.12e-03	3.14e-03	3.12e-03	
Num Msgs 4096
SizeMsgs 4096
9.57e-03	6.54e-03	6.45e-03	6.45e-03	

Num Msgs 1
SizeMsgs 8192
1.07e-05	1.07e-05	1.07e-05	1.07e-05	
Num Msgs 2
SizeMsgs 8192
1.46e-05	1.46e-05	1.46e-05	1.46e-05	
Num Msgs 4
SizeMsgs 8192
2.29e-05	2.29e-05	2.29e-05	2.29e-05	
Num Msgs 8
SizeMsgs 8192
8.71e-05	8.72e-05	8.71e-05	8.71e-05	
Num Msgs 16
SizeMsgs 8192
1.03e-04	1.03e-04	1.03e-04	1.03e-04	
Num Msgs 32
SizeMsgs 8192
1.23e-04	1.24e-04	1.24e-04	1.23e-04	
Num Msgs 64
SizeMsgs 8192
1.58e-04	1.57e-04	1.58e-04	1.58e-04	
Num Msgs 128
SizeMsgs 8192
2.06e-04	2.05e-04	2.08e-04	2.06e-04	
Num Msgs 256
SizeMsgs 8192
2.79e-04	2.73e-04	2.79e-04	2.81e-04	
Num Msgs 512
SizeMsgs 8192
6.19e-04	6.08e-04	6.02e-04	6.10e-04	
Num Msgs 1024
SizeMsgs 8192
1.27e-03	1.28e-03	1.29e-03	1.24e-03	
Num Msgs 2048
SizeMsgs 8192
3.06e-03	2.89e-03	2.96e-03	2.90e-03	
Num Msgs 4096
SizeMsgs 8192
6.50e-03	6.44e-03	6.41e-03	6.43e-03	
Num Msgs 8192
SizeMsgs 8192
1.98e-02	1.41e-02	1.41e-02	1.41e-02	

Num Msgs 1
SizeMsgs 16384
1.95e-05	1.70e-05	1.71e-05	1.86e-05	
Num Msgs 2
SizeMsgs 16384
2.24e-05	2.11e-05	2.11e-05	2.22e-05	
Num Msgs 4
SizeMsgs 16384
3.17e-05	2.99e-05	2.99e-05	2.98e-05	
Num Msgs 8
SizeMsgs 16384
4.75e-05	4.71e-05	4.72e-05	4.73e-05	
Num Msgs 16
SizeMsgs 16384
1.73e-04	1.77e-04	1.77e-04	1.76e-04	
Num Msgs 32
SizeMsgs 16384
2.06e-04	2.05e-04	2.05e-04	2.06e-04	
Num Msgs 64
SizeMsgs 16384
2.45e-04	2.46e-04	2.44e-04	2.44e-04	
Num Msgs 128
SizeMsgs 16384
3.07e-04	3.05e-04	3.05e-04	3.03e-04	
Num Msgs 256
SizeMsgs 16384
3.84e-04	3.79e-04	3.85e-04	3.85e-04	
Num Msgs 512
SizeMsgs 16384
6.28e-04	6.30e-04	6.33e-04	6.32e-04	
Num Msgs 1024
SizeMsgs 16384
1.26e-03	1.25e-03	1.21e-03	1.22e-03	
Num Msgs 2048
SizeMsgs 16384
2.64e-03	2.56e-03	2.55e-03	2.58e-03	
Num Msgs 4096
SizeMsgs 16384
6.52e-03	6.37e-03	6.33e-03	6.35e-03	
Num Msgs 8192
SizeMsgs 16384
1.43e-02	1.41e-02	1.41e-02	1.42e-02	
Num Msgs 16384
SizeMsgs 16384
4.07e-02	3.11e-02	3.10e-02	3.10e-02	

Num Msgs 1
SizeMsgs 32768
3.35e-05	3.17e-05	3.10e-05	3.15e-05	
Num Msgs 2
SizeMsgs 32768
3.56e-05	3.56e-05	3.54e-05	3.53e-05	
Num Msgs 4
SizeMsgs 32768
4.46e-05	4.39e-05	4.42e-05	4.37e-05	
Num Msgs 8
SizeMsgs 32768
6.27e-05	6.10e-05	6.35e-05	6.12e-05	
Num Msgs 16
SizeMsgs 32768
9.60e-05	9.61e-05	9.58e-05	9.59e-05	
Num Msgs 32
SizeMsgs 32768
3.48e-04	3.53e-04	3.49e-04	3.60e-04	
Num Msgs 64
SizeMsgs 32768
4.07e-04	4.07e-04	4.06e-04	4.07e-04	
Num Msgs 128
SizeMsgs 32768
4.91e-04	4.87e-04	4.94e-04	4.93e-04	
Num Msgs 256
SizeMsgs 32768
5.92e-04	5.91e-04	5.97e-04	5.83e-04	
Num Msgs 512
SizeMsgs 32768
8.44e-04	8.10e-04	8.44e-04	8.37e-04	
Num Msgs 1024
SizeMsgs 32768
1.30e-03	1.28e-03	1.28e-03	1.27e-03	
Num Msgs 2048
SizeMsgs 32768
2.57e-03	2.52e-03	2.52e-03	2.52e-03	
Num Msgs 4096
SizeMsgs 32768
6.07e-03	5.83e-03	5.86e-03	5.82e-03	
Num Msgs 8192
SizeMsgs 32768
1.46e-02	1.45e-02	1.45e-02	1.44e-02	
Num Msgs 16384
SizeMsgs 32768
3.12e-02	3.12e-02	3.12e-02	3.13e-02	

Num Msgs 1
SizeMsgs 65536
6.37e-05	5.88e-05	5.87e-05	5.86e-05	
Num Msgs 2
SizeMsgs 65536
6.33e-05	6.31e-05	6.30e-05	6.30e-05	
Num Msgs 4
SizeMsgs 65536
7.17e-05	7.15e-05	7.16e-05	7.15e-05	
Num Msgs 8
SizeMsgs 65536
8.99e-05	8.92e-05	8.93e-05	8.91e-05	
Num Msgs 16
SizeMsgs 65536
1.25e-04	1.26e-04	1.26e-04	1.26e-04	
Num Msgs 32
SizeMsgs 65536
1.93e-04	1.92e-04	1.92e-04	1.92e-04	
Num Msgs 64
SizeMsgs 65536
7.02e-04	7.00e-04	7.01e-04	6.98e-04	
Num Msgs 128
SizeMsgs 65536
8.31e-04	8.38e-04	8.23e-04	8.27e-04	
Num Msgs 256
SizeMsgs 65536
9.59e-04	9.62e-04	9.56e-04	9.60e-04	
Num Msgs 512
SizeMsgs 65536
1.19e-03	1.17e-03	1.18e-03	1.20e-03	
Num Msgs 1024
SizeMsgs 65536
1.88e-03	1.86e-03	1.86e-03	1.86e-03	
Num Msgs 2048
SizeMsgs 65536
2.69e-03	2.61e-03	2.60e-03	2.62e-03	
Num Msgs 4096
SizeMsgs 65536
6.26e-03	5.88e-03	5.82e-03	5.82e-03	
Num Msgs 8192
SizeMsgs 65536
1.48e-02	1.51e-02	1.49e-02	1.50e-02	
Num Msgs 16384
SizeMsgs 65536
3.20e-02	3.19e-02	3.20e-02	3.20e-02	
Pingpong for
master:  0, 1, 2, 3, 4, 5, 6, 7
partner: 8, 9, 10, 11, 12, 13, 14, 15

Num Msgs 1
SizeMsgs 1
1.31e-06	1.31e-06	1.31e-06	1.31e-06	

Num Msgs 1
SizeMsgs 2
1.33e-06	1.33e-06	1.33e-06	1.33e-06	
Num Msgs 2
SizeMsgs 2
2.52e-06	2.52e-06	2.53e-06	2.53e-06	

Num Msgs 1
SizeMsgs 4
1.69e-06	1.69e-06	1.69e-06	1.69e-06	
Num Msgs 2
SizeMsgs 4
2.79e-06	2.80e-06	2.80e-06	2.80e-06	
Num Msgs 4
SizeMsgs 4
4.86e-06	4.86e-06	4.86e-06	4.87e-06	

Num Msgs 1
SizeMsgs 8
1.86e-06	1.86e-06	1.86e-06	1.86e-06	
Num Msgs 2
SizeMsgs 8
3.46e-06	3.46e-06	3.46e-06	3.45e-06	
Num Msgs 4
SizeMsgs 8
4.78e-06	4.79e-06	4.75e-06	4.56e-06	
Num Msgs 8
SizeMsgs 8
8.14e-06	8.13e-06	8.13e-06	8.13e-06	

Num Msgs 1
SizeMsgs 16
2.22e-06	2.23e-06	2.23e-06	2.23e-06	
Num Msgs 2
SizeMsgs 16
3.34e-06	3.34e-06	3.34e-06	3.34e-06	
Num Msgs 4
SizeMsgs 16
5.29e-06	5.30e-06	5.29e-06	5.29e-06	
Num Msgs 8
SizeMsgs 16
7.87e-06	7.87e-06	7.88e-06	7.87e-06	
Num Msgs 16
SizeMsgs 16
1.48e-05	1.48e-05	1.48e-05	1.49e-05	

Num Msgs 1
SizeMsgs 32
2.29e-06	2.29e-06	2.29e-06	2.29e-06	
Num Msgs 2
SizeMsgs 32
3.47e-06	3.47e-06	3.47e-06	3.47e-06	
Num Msgs 4
SizeMsgs 32
5.09e-06	5.09e-06	5.11e-06	5.10e-06	
Num Msgs 8
SizeMsgs 32
9.20e-06	9.21e-06	9.23e-06	9.22e-06	
Num Msgs 16
SizeMsgs 32
1.50e-05	1.49e-05	1.50e-05	1.50e-05	
Num Msgs 32
SizeMsgs 32
2.95e-05	2.97e-05	2.95e-05	2.98e-05	

Num Msgs 1
SizeMsgs 64
2.63e-06	2.63e-06	2.64e-06	2.63e-06	
Num Msgs 2
SizeMsgs 64
3.63e-06	3.62e-06	3.62e-06	3.62e-06	
Num Msgs 4
SizeMsgs 64
5.51e-06	5.51e-06	5.50e-06	5.50e-06	
Num Msgs 8
SizeMsgs 64
8.95e-06	8.95e-06	8.94e-06	8.93e-06	
Num Msgs 16
SizeMsgs 64
1.58e-05	1.53e-05	1.54e-05	1.54e-05	
Num Msgs 32
SizeMsgs 64
3.01e-05	3.02e-05	3.01e-05	3.02e-05	
Num Msgs 64
SizeMsgs 64
5.89e-05	5.80e-05	5.86e-05	5.81e-05	

Num Msgs 1
SizeMsgs 128
3.50e-06	3.50e-06	3.50e-06	3.51e-06	
Num Msgs 2
SizeMsgs 128
4.54e-06	4.52e-06	4.52e-06	4.51e-06	
Num Msgs 4
SizeMsgs 128
6.22e-06	6.19e-06	6.16e-06	6.16e-06	
Num Msgs 8
SizeMsgs 128
9.56e-06	9.57e-06	9.56e-06	9.55e-06	
Num Msgs 16
SizeMsgs 128
1.57e-05	1.56e-05	1.57e-05	1.56e-05	
Num Msgs 32
SizeMsgs 128
3.19e-05	3.20e-05	3.20e-05	3.21e-05	
Num Msgs 64
SizeMsgs 128
5.99e-05	6.01e-05	5.92e-05	6.00e-05	
Num Msgs 128
SizeMsgs 128
1.36e-04	1.33e-04	1.33e-04	1.31e-04	

Num Msgs 1
SizeMsgs 256
4.90e-06	4.90e-06	4.90e-06	4.89e-06	
Num Msgs 2
SizeMsgs 256
5.93e-06	5.92e-06	5.93e-06	5.93e-06	
Num Msgs 4
SizeMsgs 256
8.06e-06	7.96e-06	7.96e-06	7.97e-06	
Num Msgs 8
SizeMsgs 256
1.08e-05	1.08e-05	1.07e-05	1.07e-05	
Num Msgs 16
SizeMsgs 256
1.72e-05	1.68e-05	1.68e-05	1.69e-05	
Num Msgs 32
SizeMsgs 256
3.19e-05	3.19e-05	3.20e-05	3.18e-05	
Num Msgs 64
SizeMsgs 256
6.45e-05	6.39e-05	6.42e-05	6.41e-05	
Num Msgs 128
SizeMsgs 256
1.33e-04	1.34e-04	1.36e-04	1.35e-04	
Num Msgs 256
SizeMsgs 256
3.24e-04	3.29e-04	3.28e-04	3.29e-04	

Num Msgs 1
SizeMsgs 512
7.48e-06	7.48e-06	7.49e-06	7.48e-06	
Num Msgs 2
SizeMsgs 512
8.35e-06	8.35e-06	8.35e-06	8.35e-06	
Num Msgs 4
SizeMsgs 512
1.10e-05	1.09e-05	1.09e-05	1.09e-05	
Num Msgs 8
SizeMsgs 512
1.54e-05	1.54e-05	1.54e-05	1.53e-05	
Num Msgs 16
SizeMsgs 512
2.02e-05	1.96e-05	1.94e-05	1.94e-05	
Num Msgs 32
SizeMsgs 512
3.38e-05	3.39e-05	3.40e-05	3.41e-05	
Num Msgs 64
SizeMsgs 512
6.19e-05	6.18e-05	6.20e-05	6.17e-05	
Num Msgs 128
SizeMsgs 512
1.38e-04	1.36e-04	1.39e-04	1.38e-04	
Num Msgs 256
SizeMsgs 512
3.14e-04	3.20e-04	3.20e-04	3.22e-04	
Num Msgs 512
SizeMsgs 512
7.27e-04	7.28e-04	7.27e-04	7.27e-04	

Num Msgs 1
SizeMsgs 1024
1.19e-05	1.19e-05	1.19e-05	1.19e-05	
Num Msgs 2
SizeMsgs 1024
1.31e-05	1.31e-05	1.31e-05	1.31e-05	
Num Msgs 4
SizeMsgs 1024
1.60e-05	1.60e-05	1.60e-05	1.60e-05	
Num Msgs 8
SizeMsgs 1024
2.13e-05	2.13e-05	2.13e-05	2.13e-05	
Num Msgs 16
SizeMsgs 1024
3.00e-05	2.98e-05	2.98e-05	2.98e-05	
Num Msgs 32
SizeMsgs 1024
3.78e-05	3.75e-05	3.73e-05	3.73e-05	
Num Msgs 64
SizeMsgs 1024
6.83e-05	6.78e-05	6.80e-05	6.79e-05	
Num Msgs 128
SizeMsgs 1024
1.36e-04	1.37e-04	1.36e-04	1.36e-04	
Num Msgs 256
SizeMsgs 1024
3.00e-04	3.03e-04	3.01e-04	3.04e-04	
Num Msgs 512
SizeMsgs 1024
7.17e-04	7.19e-04	7.22e-04	7.22e-04	
Num Msgs 1024
SizeMsgs 1024
1.64e-03	1.55e-03	1.54e-03	1.57e-03	

Num Msgs 1
SizeMsgs 2048
7.33e-06	7.32e-06	7.32e-06	7.32e-06	
Num Msgs 2
SizeMsgs 2048
2.22e-05	2.22e-05	2.22e-05	2.22e-05	
Num Msgs 4
SizeMsgs 2048
2.58e-05	2.58e-05	2.58e-05	2.58e-05	
Num Msgs 8
SizeMsgs 2048
3.13e-05	3.13e-05	3.13e-05	3.13e-05	
Num Msgs 16
SizeMsgs 2048
4.16e-05	4.20e-05	4.17e-05	4.17e-05	
Num Msgs 32
SizeMsgs 2048
5.63e-05	5.66e-05	5.70e-05	5.66e-05	
Num Msgs 64
SizeMsgs 2048
7.33e-05	7.19e-05	7.25e-05	7.25e-05	
Num Msgs 128
SizeMsgs 2048
1.37e-04	1.39e-04	1.39e-04	1.37e-04	
Num Msgs 256
SizeMsgs 2048
2.82e-04	2.72e-04	2.79e-04	2.77e-04	
Num Msgs 512
SizeMsgs 2048
6.75e-04	6.77e-04	6.78e-04	6.69e-04	
Num Msgs 1024
SizeMsgs 2048
1.54e-03	1.53e-03	1.55e-03	1.54e-03	
Num Msgs 2048
SizeMsgs 2048
3.35e-03	3.18e-03	3.22e-03	3.19e-03	

Num Msgs 1
SizeMsgs 4096
7.97e-06	7.98e-06	7.98e-06	7.99e-06	
Num Msgs 2
SizeMsgs 4096
1.23e-05	1.23e-05	1.23e-05	1.24e-05	
Num Msgs 4
SizeMsgs 4096
4.35e-05	4.35e-05	4.36e-05	4.36e-05	
Num Msgs 8
SizeMsgs 4096
5.15e-05	5.15e-05	5.15e-05	5.15e-05	
Num Msgs 16
SizeMsgs 4096
6.19e-05	6.21e-05	6.20e-05	6.21e-05	
Num Msgs 32
SizeMsgs 4096
8.04e-05	8.02e-05	8.02e-05	8.04e-05	
Num Msgs 64
SizeMsgs 4096
1.08e-04	1.09e-04	1.09e-04	1.09e-04	
Num Msgs 128
SizeMsgs 4096
1.51e-04	1.45e-04	1.45e-04	1.44e-04	
Num Msgs 256
SizeMsgs 4096
2.76e-04	2.78e-04	2.74e-04	2.73e-04	
Num Msgs 512
SizeMsgs 4096
6.00e-04	6.00e-04	5.99e-04	6.05e-04	
Num Msgs 1024
SizeMsgs 4096
1.43e-03	1.40e-03	1.42e-03	1.41e-03	
Num Msgs 2048
SizeMsgs 4096
3.20e-03	3.14e-03	3.05e-03	3.13e-03	
Num Msgs 4096
SizeMsgs 4096
6.89e-03	6.46e-03	6.45e-03	6.43e-03	

Num Msgs 1
SizeMsgs 8192
1.15e-05	1.15e-05	1.15e-05	1.15e-05	
Num Msgs 2
SizeMsgs 8192
1.65e-05	1.65e-05	1.65e-05	1.65e-05	
Num Msgs 4
SizeMsgs 8192
2.60e-05	2.60e-05	2.60e-05	2.60e-05	
Num Msgs 8
SizeMsgs 8192
8.74e-05	8.74e-05	8.75e-05	8.74e-05	
Num Msgs 16
SizeMsgs 8192
1.03e-04	1.03e-04	1.04e-04	1.03e-04	
Num Msgs 32
SizeMsgs 8192
1.23e-04	1.23e-04	1.22e-04	1.22e-04	
Num Msgs 64
SizeMsgs 8192
1.57e-04	1.57e-04	1.58e-04	1.57e-04	
Num Msgs 128
SizeMsgs 8192
2.07e-04	2.10e-04	2.02e-04	2.09e-04	
Num Msgs 256
SizeMsgs 8192
2.74e-04	2.70e-04	2.71e-04	2.74e-04	
Num Msgs 512
SizeMsgs 8192
6.09e-04	6.05e-04	6.04e-04	6.00e-04	
Num Msgs 1024
SizeMsgs 8192
1.26e-03	1.22e-03	1.30e-03	1.24e-03	
Num Msgs 2048
SizeMsgs 8192
3.05e-03	3.00e-03	3.00e-03	2.96e-03	
Num Msgs 4096
SizeMsgs 8192
6.47e-03	6.42e-03	6.41e-03	6.42e-03	
Num Msgs 8192
SizeMsgs 8192
1.44e-02	1.41e-02	1.42e-02	1.41e-02	

Num Msgs 1
SizeMsgs 16384
2.10e-05	1.92e-05	1.92e-05	2.15e-05	
Num Msgs 2
SizeMsgs 16384
2.34e-05	2.31e-05	2.31e-05	2.52e-05	
Num Msgs 4
SizeMsgs 16384
3.39e-05	3.31e-05	3.31e-05	3.31e-05	
Num Msgs 8
SizeMsgs 16384
5.35e-05	5.36e-05	5.32e-05	5.33e-05	
Num Msgs 16
SizeMsgs 16384
1.73e-04	1.76e-04	1.80e-04	1.78e-04	
Num Msgs 32
SizeMsgs 16384
2.06e-04	2.06e-04	2.10e-04	2.07e-04	
Num Msgs 64
SizeMsgs 16384
2.43e-04	2.42e-04	2.44e-04	2.43e-04	
Num Msgs 128
SizeMsgs 16384
3.07e-04	3.02e-04	3.07e-04	3.08e-04	
Num Msgs 256
SizeMsgs 16384
3.91e-04	3.90e-04	3.91e-04	3.83e-04	
Num Msgs 512
SizeMsgs 16384
6.28e-04	6.19e-04	6.09e-04	6.21e-04	
Num Msgs 1024
SizeMsgs 16384
1.25e-03	1.23e-03	1.24e-03	1.24e-03	
Num Msgs 2048
SizeMsgs 16384
2.58e-03	2.57e-03	2.57e-03	2.53e-03	
Num Msgs 4096
SizeMsgs 16384
6.60e-03	6.34e-03	6.41e-03	6.38e-03	
Num Msgs 8192
SizeMsgs 16384
1.43e-02	1.41e-02	1.42e-02	1.41e-02	
Num Msgs 16384
SizeMsgs 16384
3.14e-02	3.13e-02	3.13e-02	3.13e-02	

Num Msgs 1
SizeMsgs 32768
3.86e-05	3.82e-05	3.59e-05	3.84e-05	
Num Msgs 2
SizeMsgs 32768
3.87e-05	4.13e-05	3.86e-05	4.14e-05	
Num Msgs 4
SizeMsgs 32768
4.64e-05	4.87e-05	4.62e-05	4.86e-05	
Num Msgs 8
SizeMsgs 32768
6.82e-05	6.87e-05	6.94e-05	6.78e-05	
Num Msgs 16
SizeMsgs 32768
1.08e-04	1.08e-04	1.08e-04	1.08e-04	
Num Msgs 32
SizeMsgs 32768
3.49e-04	3.55e-04	3.52e-04	3.58e-04	
Num Msgs 64
SizeMsgs 32768
4.07e-04	4.08e-04	4.08e-04	4.07e-04	
Num Msgs 128
SizeMsgs 32768
4.89e-04	4.94e-04	4.88e-04	4.91e-04	
Num Msgs 256
SizeMsgs 32768
5.87e-04	5.85e-04	5.86e-04	6.01e-04	
Num Msgs 512
SizeMsgs 32768
7.81e-04	7.88e-04	7.84e-04	7.90e-04	
Num Msgs 1024
SizeMsgs 32768
1.28e-03	1.25e-03	1.25e-03	1.26e-03	
Num Msgs 2048
SizeMsgs 32768
2.57e-03	2.50e-03	2.50e-03	2.49e-03	
Num Msgs 4096
SizeMsgs 32768
6.09e-03	5.81e-03	5.87e-03	5.79e-03	
Num Msgs 8192
SizeMsgs 32768
1.46e-02	1.45e-02	1.46e-02	1.45e-02	
Num Msgs 16384
SizeMsgs 32768
3.15e-02	3.14e-02	3.15e-02	3.15e-02	

Num Msgs 1
SizeMsgs 65536
7.71e-05	7.26e-05	7.24e-05	7.22e-05	
Num Msgs 2
SizeMsgs 65536
7.54e-05	7.54e-05	7.56e-05	7.51e-05	
Num Msgs 4
SizeMsgs 65536
8.16e-05	8.15e-05	8.16e-05	8.16e-05	
Num Msgs 8
SizeMsgs 65536
9.77e-05	9.75e-05	9.76e-05	9.76e-05	
Num Msgs 16
SizeMsgs 65536
1.42e-04	1.41e-04	1.41e-04	1.40e-04	
Num Msgs 32
SizeMsgs 65536
2.19e-04	2.18e-04	2.18e-04	2.19e-04	
Num Msgs 64
SizeMsgs 65536
6.98e-04	6.99e-04	7.05e-04	6.99e-04	
Num Msgs 128
SizeMsgs 65536
8.33e-04	8.26e-04	8.46e-04	8.45e-04	
Num Msgs 256
SizeMsgs 65536
9.53e-04	9.56e-04	9.55e-04	9.54e-04	
Num Msgs 512
SizeMsgs 65536
1.20e-03	1.19e-03	1.18e-03	1.18e-03	
Num Msgs 1024
SizeMsgs 65536
1.91e-03	1.85e-03	1.85e-03	1.79e-03	
Num Msgs 2048
SizeMsgs 65536
2.65e-03	2.58e-03	2.62e-03	2.56e-03	
Num Msgs 4096
SizeMsgs 65536
6.17e-03	5.83e-03	5.77e-03	5.86e-03	
Num Msgs 8192
SizeMsgs 65536
1.49e-02	1.51e-02	1.50e-02	1.51e-02	
Num Msgs 16384
SizeMsgs 65536
3.23e-02	3.20e-02	3.21e-02	3.20e-02	
Application 66254270 resources: utime ~855s, stime ~11s, Rss ~22628, inblocks ~6994, outblocks ~16454
