----------------------------------------
Begin Torque Prologue on nid27560
at Mon Apr 30 10:00:33 CDT 2018
Job Id:			8564370.bw
Username:		bienz
Group:			ILL_jq7
Job name:		nodecomm
Requested resources:	neednodes=1:ppn=32:xe,nodes=1:ppn=32:xe,walltime=00:20:00
Queue:			normal
Account:		jq7
End Torque Prologue:  0.120 elapsed
----------------------------------------




Pingpong for
master:  0, 1, 2, 3, 4, 5, 6, 7
partner: 8, 9, 10, 11, 12, 13, 14, 15

Num Msgs 1
SizeMsgs 1
1.91e-06	1.91e-06	1.90e-06	1.90e-06	

Num Msgs 1
SizeMsgs 2
1.91e-06	1.90e-06	1.91e-06	1.91e-06	
Num Msgs 2
SizeMsgs 2
3.12e-06	3.09e-06	3.10e-06	3.09e-06	

Num Msgs 1
SizeMsgs 4
1.92e-06	1.92e-06	1.92e-06	1.91e-06	
Num Msgs 2
SizeMsgs 4
3.09e-06	3.08e-06	3.09e-06	3.08e-06	
Num Msgs 4
SizeMsgs 4
5.31e-06	5.32e-06	5.34e-06	5.36e-06	

Num Msgs 1
SizeMsgs 8
1.92e-06	1.92e-06	1.92e-06	1.92e-06	
Num Msgs 2
SizeMsgs 8
3.28e-06	3.34e-06	3.37e-06	3.33e-06	
Num Msgs 4
SizeMsgs 8
5.30e-06	5.25e-06	5.27e-06	5.17e-06	
Num Msgs 8
SizeMsgs 8
1.00e-05	1.00e-05	1.00e-05	9.97e-06	

Num Msgs 1
SizeMsgs 16
2.28e-06	2.28e-06	2.28e-06	2.28e-06	
Num Msgs 2
SizeMsgs 16
3.12e-06	3.09e-06	3.08e-06	3.08e-06	
Num Msgs 4
SizeMsgs 16
5.19e-06	5.18e-06	5.19e-06	5.18e-06	
Num Msgs 8
SizeMsgs 16
9.88e-06	9.88e-06	9.97e-06	9.99e-06	
Num Msgs 16
SizeMsgs 16
2.77e-05	1.93e-05	1.93e-05	1.92e-05	

Num Msgs 1
SizeMsgs 32
2.40e-06	2.40e-06	2.40e-06	2.40e-06	
Num Msgs 2
SizeMsgs 32
3.63e-06	3.62e-06	3.62e-06	3.62e-06	
Num Msgs 4
SizeMsgs 32
5.13e-06	5.13e-06	5.14e-06	5.15e-06	
Num Msgs 8
SizeMsgs 32
9.74e-06	9.73e-06	9.74e-06	9.73e-06	
Num Msgs 16
SizeMsgs 32
1.94e-05	1.92e-05	1.93e-05	1.92e-05	
Num Msgs 32
SizeMsgs 32
3.62e-05	3.62e-05	3.62e-05	3.61e-05	

Num Msgs 1
SizeMsgs 64
2.84e-06	2.84e-06	2.83e-06	2.85e-06	
Num Msgs 2
SizeMsgs 64
3.70e-06	3.76e-06	3.76e-06	3.72e-06	
Num Msgs 4
SizeMsgs 64
6.12e-06	6.10e-06	6.13e-06	6.12e-06	
Num Msgs 8
SizeMsgs 64
9.70e-06	9.70e-06	9.71e-06	9.70e-06	
Num Msgs 16
SizeMsgs 64
1.93e-05	1.93e-05	1.94e-05	1.93e-05	
Num Msgs 32
SizeMsgs 64
3.64e-05	3.60e-05	3.60e-05	3.60e-05	
Num Msgs 64
SizeMsgs 64
7.64e-05	7.65e-05	7.65e-05	7.65e-05	

Num Msgs 1
SizeMsgs 128
3.74e-06	3.75e-06	3.75e-06	3.75e-06	
Num Msgs 2
SizeMsgs 128
4.71e-06	4.73e-06	4.72e-06	4.70e-06	
Num Msgs 4
SizeMsgs 128
6.77e-06	6.76e-06	6.76e-06	6.77e-06	
Num Msgs 8
SizeMsgs 128
1.07e-05	1.07e-05	1.07e-05	1.07e-05	
Num Msgs 16
SizeMsgs 128
1.93e-05	1.92e-05	1.92e-05	1.92e-05	
Num Msgs 32
SizeMsgs 128
3.61e-05	3.60e-05	3.60e-05	3.60e-05	
Num Msgs 64
SizeMsgs 128
7.63e-05	7.65e-05	7.64e-05	7.65e-05	
Num Msgs 128
SizeMsgs 128
2.18e-04	2.17e-04	2.17e-04	2.18e-04	

Num Msgs 1
SizeMsgs 256
4.83e-06	4.83e-06	4.84e-06	4.83e-06	
Num Msgs 2
SizeMsgs 256
6.17e-06	6.15e-06	6.16e-06	6.16e-06	
Num Msgs 4
SizeMsgs 256
8.53e-06	8.52e-06	8.51e-06	8.53e-06	
Num Msgs 8
SizeMsgs 256
1.16e-05	1.16e-05	1.16e-05	1.16e-05	
Num Msgs 16
SizeMsgs 256
2.09e-05	2.08e-05	2.13e-05	2.08e-05	
Num Msgs 32
SizeMsgs 256
3.63e-05	3.62e-05	3.62e-05	3.62e-05	
Num Msgs 64
SizeMsgs 256
7.64e-05	7.64e-05	7.63e-05	7.64e-05	
Num Msgs 128
SizeMsgs 256
2.18e-04	2.17e-04	2.18e-04	2.18e-04	
Num Msgs 256
SizeMsgs 256
9.82e-04	9.82e-04	1.01e-03	9.81e-04	

Num Msgs 1
SizeMsgs 512
7.49e-06	7.49e-06	7.49e-06	7.49e-06	
Num Msgs 2
SizeMsgs 512
8.78e-06	8.69e-06	8.68e-06	8.68e-06	
Num Msgs 4
SizeMsgs 512
1.18e-05	1.18e-05	1.18e-05	1.18e-05	
Num Msgs 8
SizeMsgs 512
1.59e-05	1.58e-05	1.58e-05	1.58e-05	
Num Msgs 16
SizeMsgs 512
2.25e-05	2.24e-05	2.25e-05	2.23e-05	
Num Msgs 32
SizeMsgs 512
3.83e-05	3.82e-05	3.82e-05	3.82e-05	
Num Msgs 64
SizeMsgs 512
7.69e-05	7.69e-05	7.71e-05	7.69e-05	
Num Msgs 128
SizeMsgs 512
2.19e-04	2.19e-04	2.19e-04	2.20e-04	
Num Msgs 256
SizeMsgs 512
9.83e-04	9.83e-04	1.01e-03	9.84e-04	
Num Msgs 512
SizeMsgs 512
3.85e-03	3.84e-03	3.83e-03	3.84e-03	

Num Msgs 1
SizeMsgs 1024
1.20e-05	1.20e-05	1.20e-05	1.20e-05	
Num Msgs 2
SizeMsgs 1024
1.36e-05	1.36e-05	1.36e-05	1.36e-05	
Num Msgs 4
SizeMsgs 1024
1.66e-05	1.66e-05	1.66e-05	1.66e-05	
Num Msgs 8
SizeMsgs 1024
2.24e-05	2.25e-05	2.24e-05	2.24e-05	
Num Msgs 16
SizeMsgs 1024
3.03e-05	2.97e-05	2.97e-05	2.98e-05	
Num Msgs 32
SizeMsgs 1024
4.23e-05	4.19e-05	4.20e-05	4.21e-05	
Num Msgs 64
SizeMsgs 1024
8.09e-05	8.15e-05	8.13e-05	8.17e-05	
Num Msgs 128
SizeMsgs 1024
2.21e-04	2.20e-04	2.21e-04	2.21e-04	
Num Msgs 256
SizeMsgs 1024
9.84e-04	9.84e-04	1.01e-03	9.84e-04	
Num Msgs 512
SizeMsgs 1024
3.86e-03	3.85e-03	3.83e-03	3.84e-03	
Num Msgs 1024
SizeMsgs 1024
1.46e-02	1.45e-02	1.42e-02	1.46e-02	

Num Msgs 1
SizeMsgs 2048
5.60e-06	5.61e-06	5.61e-06	5.61e-06	
Num Msgs 2
SizeMsgs 2048
2.26e-05	2.26e-05	2.26e-05	2.26e-05	
Num Msgs 4
SizeMsgs 2048
2.69e-05	2.68e-05	2.68e-05	2.68e-05	
Num Msgs 8
SizeMsgs 2048
3.28e-05	3.28e-05	3.28e-05	3.27e-05	
Num Msgs 16
SizeMsgs 2048
4.52e-05	4.51e-05	4.49e-05	4.50e-05	
Num Msgs 32
SizeMsgs 2048
5.63e-05	5.58e-05	5.66e-05	5.62e-05	
Num Msgs 64
SizeMsgs 2048
8.85e-05	8.82e-05	8.87e-05	8.90e-05	
Num Msgs 128
SizeMsgs 2048
2.26e-04	2.26e-04	2.26e-04	2.26e-04	
Num Msgs 256
SizeMsgs 2048
9.85e-04	9.85e-04	1.01e-03	9.85e-04	
Num Msgs 512
SizeMsgs 2048
3.86e-03	3.85e-03	3.83e-03	3.85e-03	
Num Msgs 1024
SizeMsgs 2048
1.46e-02	1.44e-02	1.42e-02	1.46e-02	
Num Msgs 2048
SizeMsgs 2048
5.58e-02	5.50e-02	5.50e-02	5.50e-02	

Num Msgs 1
SizeMsgs 4096
7.25e-06	7.24e-06	7.26e-06	7.24e-06	
Num Msgs 2
SizeMsgs 4096
9.11e-06	9.09e-06	9.08e-06	9.04e-06	
Num Msgs 4
SizeMsgs 4096
4.44e-05	4.45e-05	4.45e-05	4.45e-05	
Num Msgs 8
SizeMsgs 4096
5.31e-05	5.33e-05	5.31e-05	5.31e-05	
Num Msgs 16
SizeMsgs 4096
6.43e-05	6.46e-05	6.48e-05	6.42e-05	
Num Msgs 32
SizeMsgs 4096
8.37e-05	8.46e-05	8.41e-05	8.42e-05	
Num Msgs 64
SizeMsgs 4096
1.14e-04	1.14e-04	1.15e-04	1.15e-04	
Num Msgs 128
SizeMsgs 4096
2.36e-04	2.36e-04	2.37e-04	2.36e-04	
Num Msgs 256
SizeMsgs 4096
9.94e-04	9.94e-04	9.94e-04	1.02e-03	
Num Msgs 512
SizeMsgs 4096
3.85e-03	3.85e-03	3.86e-03	3.88e-03	
Num Msgs 1024
SizeMsgs 4096
1.46e-02	1.42e-02	1.45e-02	1.46e-02	
Num Msgs 2048
SizeMsgs 4096
5.51e-02	5.50e-02	5.50e-02	5.50e-02	
Num Msgs 4096
SizeMsgs 4096
2.16e-01	2.14e-01	2.14e-01	2.14e-01	

Num Msgs 1
SizeMsgs 8192
1.07e-05	1.07e-05	1.07e-05	1.07e-05	
Num Msgs 2
SizeMsgs 8192
1.28e-05	1.28e-05	1.28e-05	1.28e-05	
Num Msgs 4
SizeMsgs 8192
1.65e-05	1.65e-05	1.65e-05	1.65e-05	
Num Msgs 8
SizeMsgs 8192
9.07e-05	9.06e-05	9.08e-05	9.07e-05	
Num Msgs 16
SizeMsgs 8192
1.06e-04	1.05e-04	1.06e-04	1.08e-04	
Num Msgs 32
SizeMsgs 8192
1.28e-04	1.26e-04	1.27e-04	1.26e-04	
Num Msgs 64
SizeMsgs 8192
1.60e-04	1.59e-04	1.59e-04	1.61e-04	
Num Msgs 128
SizeMsgs 8192
2.83e-04	2.82e-04	2.82e-04	2.84e-04	
Num Msgs 256
SizeMsgs 8192
1.01e-03	1.01e-03	1.01e-03	1.02e-03	
Num Msgs 512
SizeMsgs 8192
3.88e-03	3.90e-03	3.89e-03	3.87e-03	
Num Msgs 1024
SizeMsgs 8192
1.44e-02	1.45e-02	1.44e-02	1.44e-02	
Num Msgs 2048
SizeMsgs 8192
5.51e-02	5.51e-02	5.50e-02	5.51e-02	
Num Msgs 4096
SizeMsgs 8192
2.14e-01	2.14e-01	2.14e-01	2.14e-01	
Num Msgs 8192
SizeMsgs 8192
9.58e-01	9.55e-01	9.55e-01	9.54e-01	

Num Msgs 1
SizeMsgs 16384
1.95e-05	1.70e-05	1.75e-05	1.90e-05	
Num Msgs 2
SizeMsgs 16384
1.98e-05	1.95e-05	1.93e-05	2.08e-05	
Num Msgs 4
SizeMsgs 16384
2.55e-05	2.39e-05	2.40e-05	2.39e-05	
Num Msgs 8
SizeMsgs 16384
3.19e-05	3.16e-05	3.17e-05	3.17e-05	
Num Msgs 16
SizeMsgs 16384
1.76e-04	1.87e-04	1.84e-04	1.80e-04	
Num Msgs 32
SizeMsgs 16384
2.10e-04	2.13e-04	2.15e-04	2.11e-04	
Num Msgs 64
SizeMsgs 16384
2.46e-04	2.46e-04	2.45e-04	2.47e-04	
Num Msgs 128
SizeMsgs 16384
3.25e-04	3.25e-04	3.24e-04	3.24e-04	
Num Msgs 256
SizeMsgs 16384
1.11e-03	1.10e-03	1.10e-03	1.10e-03	
Num Msgs 512
SizeMsgs 16384
3.90e-03	3.88e-03	3.90e-03	3.88e-03	
Num Msgs 1024
SizeMsgs 16384
1.47e-02	1.46e-02	1.42e-02	1.47e-02	
Num Msgs 2048
SizeMsgs 16384
5.51e-02	5.51e-02	5.53e-02	5.51e-02	
Num Msgs 4096
SizeMsgs 16384
2.14e-01	2.14e-01	2.14e-01	2.14e-01	
Num Msgs 8192
SizeMsgs 16384
9.54e-01	9.55e-01	9.55e-01	9.54e-01	
Num Msgs 16384
SizeMsgs 16384
4.63e+00	4.63e+00	4.63e+00	4.63e+00	

Num Msgs 1
SizeMsgs 32768
3.35e-05	3.27e-05	2.99e-05	3.25e-05	
Num Msgs 2
SizeMsgs 32768
3.31e-05	3.46e-05	3.30e-05	3.42e-05	
Num Msgs 4
SizeMsgs 32768
3.82e-05	3.81e-05	3.86e-05	3.74e-05	
Num Msgs 8
SizeMsgs 32768
4.93e-05	4.69e-05	4.94e-05	4.69e-05	
Num Msgs 16
SizeMsgs 32768
6.56e-05	6.53e-05	6.54e-05	6.53e-05	
Num Msgs 32
SizeMsgs 32768
3.63e-04	3.64e-04	3.52e-04	3.66e-04	
Num Msgs 64
SizeMsgs 32768
4.07e-04	4.11e-04	4.08e-04	4.08e-04	
Num Msgs 128
SizeMsgs 32768
4.67e-04	4.69e-04	4.67e-04	4.68e-04	
Num Msgs 256
SizeMsgs 32768
1.17e-03	1.17e-03	1.17e-03	1.17e-03	
Num Msgs 512
SizeMsgs 32768
4.09e-03	4.09e-03	4.09e-03	4.08e-03	
Num Msgs 1024
SizeMsgs 32768
1.47e-02	1.47e-02	1.43e-02	1.47e-02	
Num Msgs 2048
SizeMsgs 32768
5.52e-02	5.51e-02	5.51e-02	5.51e-02	
Num Msgs 4096
SizeMsgs 32768
2.14e-01	2.14e-01	2.14e-01	2.14e-01	
Num Msgs 8192
SizeMsgs 32768
9.55e-01	9.54e-01	9.55e-01	9.54e-01	
Num Msgs 16384
SizeMsgs 32768
4.63e+00	4.63e+00	4.63e+00	4.63e+00	

Num Msgs 1
SizeMsgs 65536
6.49e-05	5.88e-05	5.86e-05	5.87e-05	
Num Msgs 2
SizeMsgs 65536
6.17e-05	6.12e-05	6.12e-05	6.12e-05	
Num Msgs 4
SizeMsgs 65536
6.65e-05	6.58e-05	6.60e-05	6.61e-05	
Num Msgs 8
SizeMsgs 65536
7.55e-05	7.54e-05	7.57e-05	7.57e-05	
Num Msgs 16
SizeMsgs 65536
9.71e-05	9.71e-05	9.72e-05	9.72e-05	
Num Msgs 32
SizeMsgs 65536
1.38e-04	1.38e-04	1.38e-04	1.37e-04	
Num Msgs 64
SizeMsgs 65536
6.98e-04	7.07e-04	7.04e-04	7.11e-04	
Num Msgs 128
SizeMsgs 65536
7.96e-04	7.88e-04	7.98e-04	8.02e-04	
Num Msgs 256
SizeMsgs 65536
1.37e-03	1.37e-03	1.37e-03	1.37e-03	
Num Msgs 512
SizeMsgs 65536
4.13e-03	4.17e-03	4.15e-03	4.14e-03	
Num Msgs 1024
SizeMsgs 65536
1.51e-02	1.48e-02	1.48e-02	1.50e-02	
Num Msgs 2048
SizeMsgs 65536
5.53e-02	5.52e-02	5.53e-02	5.53e-02	
Num Msgs 4096
SizeMsgs 65536
2.15e-01	2.14e-01	2.14e-01	2.15e-01	
Num Msgs 8192
SizeMsgs 65536
9.55e-01	9.55e-01	9.55e-01	9.55e-01	
Num Msgs 16384
SizeMsgs 65536
4.63e+00	4.63e+00	4.63e+00	4.63e+00	
Pingpong for
master:  0, 1, 2, 3, 4, 5, 6, 7
partner: 8, 9, 10, 11, 12, 13, 14, 15

Num Msgs 1
SizeMsgs 1
1.92e-06	1.92e-06	1.92e-06	1.92e-06	

Num Msgs 1
SizeMsgs 2
1.92e-06	1.92e-06	1.92e-06	1.92e-06	
Num Msgs 2
SizeMsgs 2
3.33e-06	3.34e-06	3.35e-06	3.32e-06	

Num Msgs 1
SizeMsgs 4
1.92e-06	1.92e-06	1.92e-06	1.92e-06	
Num Msgs 2
SizeMsgs 4
3.08e-06	3.09e-06	3.09e-06	3.08e-06	
Num Msgs 4
SizeMsgs 4
5.19e-06	5.28e-06	5.30e-06	5.29e-06	

Num Msgs 1
SizeMsgs 8
1.92e-06	1.92e-06	1.92e-06	1.92e-06	
Num Msgs 2
SizeMsgs 8
3.10e-06	3.09e-06	3.10e-06	3.10e-06	
Num Msgs 4
SizeMsgs 8
5.31e-06	5.31e-06	5.32e-06	5.33e-06	
Num Msgs 8
SizeMsgs 8
1.00e-05	1.00e-05	1.00e-05	1.00e-05	

Num Msgs 1
SizeMsgs 16
2.28e-06	2.28e-06	2.28e-06	2.28e-06	
Num Msgs 2
SizeMsgs 16
3.07e-06	3.07e-06	3.07e-06	3.06e-06	
Num Msgs 4
SizeMsgs 16
5.21e-06	5.21e-06	5.22e-06	5.22e-06	
Num Msgs 8
SizeMsgs 16
9.98e-06	9.98e-06	9.97e-06	9.96e-06	
Num Msgs 16
SizeMsgs 16
1.93e-05	1.93e-05	1.94e-05	1.93e-05	

Num Msgs 1
SizeMsgs 32
2.41e-06	2.41e-06	2.41e-06	2.40e-06	
Num Msgs 2
SizeMsgs 32
3.47e-06	3.47e-06	3.47e-06	3.47e-06	
Num Msgs 4
SizeMsgs 32
5.29e-06	5.40e-06	5.37e-06	5.40e-06	
Num Msgs 8
SizeMsgs 32
9.88e-06	9.88e-06	9.84e-06	9.85e-06	
Num Msgs 16
SizeMsgs 32
1.93e-05	1.92e-05	1.93e-05	1.92e-05	
Num Msgs 32
SizeMsgs 32
3.70e-05	3.68e-05	3.69e-05	3.70e-05	

Num Msgs 1
SizeMsgs 64
2.82e-06	2.82e-06	2.82e-06	2.83e-06	
Num Msgs 2
SizeMsgs 64
3.72e-06	3.71e-06	3.71e-06	3.71e-06	
Num Msgs 4
SizeMsgs 64
6.31e-06	6.33e-06	6.33e-06	6.32e-06	
Num Msgs 8
SizeMsgs 64
9.84e-06	9.98e-06	9.98e-06	9.89e-06	
Num Msgs 16
SizeMsgs 64
1.93e-05	1.93e-05	1.92e-05	1.93e-05	
Num Msgs 32
SizeMsgs 64
3.70e-05	3.65e-05	3.64e-05	3.64e-05	
Num Msgs 64
SizeMsgs 64
8.09e-05	8.11e-05	8.12e-05	8.13e-05	

Num Msgs 1
SizeMsgs 128
3.71e-06	3.71e-06	3.72e-06	3.71e-06	
Num Msgs 2
SizeMsgs 128
4.71e-06	4.71e-06	4.71e-06	4.71e-06	
Num Msgs 4
SizeMsgs 128
6.62e-06	6.62e-06	6.62e-06	6.62e-06	
Num Msgs 8
SizeMsgs 128
1.07e-05	1.07e-05	1.07e-05	1.08e-05	
Num Msgs 16
SizeMsgs 128
1.94e-05	1.92e-05	1.95e-05	1.92e-05	
Num Msgs 32
SizeMsgs 128
3.69e-05	3.69e-05	3.69e-05	3.71e-05	
Num Msgs 64
SizeMsgs 128
8.18e-05	8.18e-05	8.19e-05	8.18e-05	
Num Msgs 128
SizeMsgs 128
2.21e-04	2.20e-04	2.21e-04	2.19e-04	

Num Msgs 1
SizeMsgs 256
4.86e-06	4.84e-06	4.85e-06	4.85e-06	
Num Msgs 2
SizeMsgs 256
6.18e-06	6.18e-06	6.17e-06	6.18e-06	
Num Msgs 4
SizeMsgs 256
8.44e-06	8.44e-06	8.44e-06	8.51e-06	
Num Msgs 8
SizeMsgs 256
1.18e-05	1.18e-05	1.18e-05	1.17e-05	
Num Msgs 16
SizeMsgs 256
2.09e-05	2.08e-05	2.06e-05	2.07e-05	
Num Msgs 32
SizeMsgs 256
3.75e-05	3.73e-05	3.73e-05	3.71e-05	
Num Msgs 64
SizeMsgs 256
8.20e-05	8.21e-05	8.19e-05	8.21e-05	
Num Msgs 128
SizeMsgs 256
2.18e-04	2.18e-04	2.18e-04	2.18e-04	
Num Msgs 256
SizeMsgs 256
9.84e-04	9.83e-04	1.01e-03	9.82e-04	

Num Msgs 1
SizeMsgs 512
7.57e-06	7.56e-06	7.57e-06	7.57e-06	
Num Msgs 2
SizeMsgs 512
8.65e-06	8.65e-06	8.65e-06	8.65e-06	
Num Msgs 4
SizeMsgs 512
1.15e-05	1.15e-05	1.15e-05	1.15e-05	
Num Msgs 8
SizeMsgs 512
1.60e-05	1.60e-05	1.60e-05	1.60e-05	
Num Msgs 16
SizeMsgs 512
2.27e-05	2.26e-05	2.26e-05	2.26e-05	
Num Msgs 32
SizeMsgs 512
3.97e-05	3.92e-05	3.93e-05	3.93e-05	
Num Msgs 64
SizeMsgs 512
8.24e-05	8.23e-05	8.26e-05	8.24e-05	
Num Msgs 128
SizeMsgs 512
2.19e-04	2.19e-04	2.19e-04	2.20e-04	
Num Msgs 256
SizeMsgs 512
9.83e-04	9.83e-04	1.01e-03	9.85e-04	
Num Msgs 512
SizeMsgs 512
3.89e-03	3.87e-03	3.86e-03	3.87e-03	

Num Msgs 1
SizeMsgs 1024
1.20e-05	1.20e-05	1.20e-05	1.20e-05	
Num Msgs 2
SizeMsgs 1024
1.37e-05	1.37e-05	1.37e-05	1.37e-05	
Num Msgs 4
SizeMsgs 1024
1.65e-05	1.64e-05	1.64e-05	1.64e-05	
Num Msgs 8
SizeMsgs 1024
2.23e-05	2.22e-05	2.23e-05	2.23e-05	
Num Msgs 16
SizeMsgs 1024
3.03e-05	3.06e-05	3.05e-05	3.02e-05	
Num Msgs 32
SizeMsgs 1024
4.40e-05	4.39e-05	4.37e-05	4.38e-05	
Num Msgs 64
SizeMsgs 1024
8.60e-05	8.63e-05	8.61e-05	8.67e-05	
Num Msgs 128
SizeMsgs 1024
2.21e-04	2.21e-04	2.21e-04	2.21e-04	
Num Msgs 256
SizeMsgs 1024
9.86e-04	9.86e-04	1.01e-03	9.88e-04	
Num Msgs 512
SizeMsgs 1024
3.89e-03	3.86e-03	3.88e-03	3.87e-03	
Num Msgs 1024
SizeMsgs 1024
1.47e-02	1.44e-02	1.44e-02	1.47e-02	

Num Msgs 1
SizeMsgs 2048
7.39e-06	7.38e-06	7.38e-06	7.37e-06	
Num Msgs 2
SizeMsgs 2048
2.26e-05	2.26e-05	2.26e-05	2.26e-05	
Num Msgs 4
SizeMsgs 2048
2.70e-05	2.69e-05	2.70e-05	2.70e-05	
Num Msgs 8
SizeMsgs 2048
3.26e-05	3.26e-05	3.26e-05	3.25e-05	
Num Msgs 16
SizeMsgs 2048
4.49e-05	4.49e-05	4.44e-05	4.47e-05	
Num Msgs 32
SizeMsgs 2048
5.71e-05	5.66e-05	5.67e-05	5.67e-05	
Num Msgs 64
SizeMsgs 2048
9.56e-05	9.55e-05	9.54e-05	9.57e-05	
Num Msgs 128
SizeMsgs 2048
2.26e-04	2.27e-04	2.26e-04	2.26e-04	
Num Msgs 256
SizeMsgs 2048
9.88e-04	9.88e-04	1.01e-03	9.88e-04	
Num Msgs 512
SizeMsgs 2048
3.89e-03	3.87e-03	3.89e-03	3.89e-03	
Num Msgs 1024
SizeMsgs 2048
1.45e-02	1.44e-02	1.47e-02	1.45e-02	
Num Msgs 2048
SizeMsgs 2048
5.53e-02	5.52e-02	5.52e-02	5.52e-02	

Num Msgs 1
SizeMsgs 4096
8.18e-06	8.15e-06	8.15e-06	8.16e-06	
Num Msgs 2
SizeMsgs 4096
1.06e-05	1.07e-05	1.07e-05	1.07e-05	
Num Msgs 4
SizeMsgs 4096
4.47e-05	4.45e-05	4.47e-05	4.46e-05	
Num Msgs 8
SizeMsgs 4096
5.36e-05	5.36e-05	5.35e-05	5.35e-05	
Num Msgs 16
SizeMsgs 4096
6.44e-05	6.42e-05	6.44e-05	6.41e-05	
Num Msgs 32
SizeMsgs 4096
8.36e-05	8.35e-05	8.36e-05	8.37e-05	
Num Msgs 64
SizeMsgs 4096
1.14e-04	1.15e-04	1.14e-04	1.14e-04	
Num Msgs 128
SizeMsgs 4096
2.46e-04	2.45e-04	2.45e-04	2.45e-04	
Num Msgs 256
SizeMsgs 4096
9.98e-04	9.98e-04	9.99e-04	1.02e-03	
Num Msgs 512
SizeMsgs 4096
3.87e-03	3.89e-03	3.89e-03	3.89e-03	
Num Msgs 1024
SizeMsgs 4096
1.45e-02	1.47e-02	1.45e-02	1.45e-02	
Num Msgs 2048
SizeMsgs 4096
5.53e-02	5.53e-02	5.53e-02	5.52e-02	
Num Msgs 4096
SizeMsgs 4096
2.15e-01	2.14e-01	2.15e-01	2.14e-01	

Num Msgs 1
SizeMsgs 8192
1.18e-05	1.18e-05	1.18e-05	1.17e-05	
Num Msgs 2
SizeMsgs 8192
1.47e-05	1.47e-05	1.47e-05	1.47e-05	
Num Msgs 4
SizeMsgs 8192
1.93e-05	1.93e-05	1.93e-05	1.93e-05	
Num Msgs 8
SizeMsgs 8192
9.02e-05	9.04e-05	9.02e-05	9.04e-05	
Num Msgs 16
SizeMsgs 8192
1.05e-04	1.05e-04	1.05e-04	1.07e-04	
Num Msgs 32
SizeMsgs 8192
1.25e-04	1.27e-04	1.26e-04	1.26e-04	
Num Msgs 64
SizeMsgs 8192
1.60e-04	1.59e-04	1.59e-04	1.58e-04	
Num Msgs 128
SizeMsgs 8192
2.80e-04	2.79e-04	2.78e-04	2.78e-04	
Num Msgs 256
SizeMsgs 8192
1.02e-03	1.02e-03	1.02e-03	1.02e-03	
Num Msgs 512
SizeMsgs 8192
3.91e-03	3.90e-03	3.90e-03	3.90e-03	
Num Msgs 1024
SizeMsgs 8192
1.47e-02	1.45e-02	1.45e-02	1.47e-02	
Num Msgs 2048
SizeMsgs 8192
5.53e-02	5.53e-02	5.53e-02	5.53e-02	
Num Msgs 4096
SizeMsgs 8192
2.15e-01	2.15e-01	2.15e-01	2.15e-01	
Num Msgs 8192
SizeMsgs 8192
9.55e-01	9.55e-01	9.55e-01	9.54e-01	

Num Msgs 1
SizeMsgs 16384
2.03e-05	1.83e-05	1.92e-05	1.97e-05	
Num Msgs 2
SizeMsgs 16384
2.13e-05	2.11e-05	2.15e-05	2.34e-05	
Num Msgs 4
SizeMsgs 16384
2.75e-05	2.75e-05	2.75e-05	2.75e-05	
Num Msgs 8
SizeMsgs 16384
3.78e-05	3.77e-05	3.78e-05	3.78e-05	
Num Msgs 16
SizeMsgs 16384
1.85e-04	1.79e-04	1.81e-04	1.78e-04	
Num Msgs 32
SizeMsgs 16384
2.08e-04	2.11e-04	2.09e-04	2.13e-04	
Num Msgs 64
SizeMsgs 16384
2.46e-04	2.46e-04	2.45e-04	2.45e-04	
Num Msgs 128
SizeMsgs 16384
3.26e-04	3.26e-04	3.26e-04	3.26e-04	
Num Msgs 256
SizeMsgs 16384
1.11e-03	1.11e-03	1.11e-03	1.11e-03	
Num Msgs 512
SizeMsgs 16384
3.93e-03	3.91e-03	3.94e-03	3.93e-03	
Num Msgs 1024
SizeMsgs 16384
1.46e-02	1.48e-02	1.45e-02	1.45e-02	
Num Msgs 2048
SizeMsgs 16384
5.53e-02	5.53e-02	5.53e-02	5.53e-02	
Num Msgs 4096
SizeMsgs 16384
2.15e-01	2.14e-01	2.15e-01	2.15e-01	
Num Msgs 8192
SizeMsgs 16384
9.55e-01	9.55e-01	9.55e-01	9.55e-01	
Num Msgs 16384
SizeMsgs 16384
4.63e+00	4.63e+00	4.63e+00	4.63e+00	

Num Msgs 1
SizeMsgs 32768
3.57e-05	3.55e-05	3.26e-05	3.51e-05	
Num Msgs 2
SizeMsgs 32768
3.47e-05	3.75e-05	3.46e-05	3.74e-05	
Num Msgs 4
SizeMsgs 32768
4.11e-05	4.37e-05	4.10e-05	4.34e-05	
Num Msgs 8
SizeMsgs 32768
5.46e-05	5.52e-05	5.61e-05	5.43e-05	
Num Msgs 16
SizeMsgs 32768
7.72e-05	7.72e-05	7.72e-05	7.71e-05	
Num Msgs 32
SizeMsgs 32768
3.55e-04	3.54e-04	3.60e-04	3.59e-04	
Num Msgs 64
SizeMsgs 32768
4.10e-04	4.13e-04	4.10e-04	4.14e-04	
Num Msgs 128
SizeMsgs 32768
4.68e-04	4.70e-04	4.66e-04	4.69e-04	
Num Msgs 256
SizeMsgs 32768
1.17e-03	1.17e-03	1.18e-03	1.17e-03	
Num Msgs 512
SizeMsgs 32768
4.09e-03	4.10e-03	4.08e-03	4.08e-03	
Num Msgs 1024
SizeMsgs 32768
1.48e-02	1.48e-02	1.43e-02	1.48e-02	
Num Msgs 2048
SizeMsgs 32768
5.54e-02	5.53e-02	5.54e-02	5.53e-02	
Num Msgs 4096
SizeMsgs 32768
2.15e-01	2.14e-01	2.15e-01	2.15e-01	
Num Msgs 8192
SizeMsgs 32768
9.55e-01	9.55e-01	9.54e-01	9.55e-01	
Num Msgs 16384
SizeMsgs 32768
4.63e+00	4.63e+00	4.63e+00	4.63e+00	

Num Msgs 1
SizeMsgs 65536
7.08e-05	6.51e-05	6.49e-05	6.52e-05	
Num Msgs 2
SizeMsgs 65536
6.73e-05	6.73e-05	6.72e-05	6.73e-05	
Num Msgs 4
SizeMsgs 65536
7.15e-05	7.17e-05	7.16e-05	7.17e-05	
Num Msgs 8
SizeMsgs 65536
9.35e-05	9.32e-05	9.31e-05	9.32e-05	
Num Msgs 16
SizeMsgs 65536
1.13e-04	1.12e-04	1.12e-04	1.13e-04	
Num Msgs 32
SizeMsgs 65536
1.63e-04	1.63e-04	1.63e-04	1.63e-04	
Num Msgs 64
SizeMsgs 65536
7.22e-04	7.11e-04	7.07e-04	7.25e-04	
Num Msgs 128
SizeMsgs 65536
8.04e-04	7.99e-04	7.98e-04	7.96e-04	
Num Msgs 256
SizeMsgs 65536
1.39e-03	1.39e-03	1.39e-03	1.39e-03	
Num Msgs 512
SizeMsgs 65536
4.15e-03	4.24e-03	4.20e-03	4.18e-03	
Num Msgs 1024
SizeMsgs 65536
1.51e-02	1.49e-02	1.49e-02	1.51e-02	
Num Msgs 2048
SizeMsgs 65536
5.55e-02	5.55e-02	5.55e-02	5.55e-02	
Num Msgs 4096
SizeMsgs 65536
2.15e-01	2.15e-01	2.15e-01	2.15e-01	
Num Msgs 8192
SizeMsgs 65536
9.55e-01	9.55e-01	9.55e-01	9.55e-01	
Num Msgs 16384
SizeMsgs 65536
4.63e+00	4.63e+00	4.63e+00	4.63e+00	
Application 66661385 resources: utime ~3347s, stime ~12s, Rss ~22628, inblocks ~7001, outblocks ~16463
