----------------------------------------
Begin Torque Prologue on nid27636
at Sun Apr 29 15:19:33 CDT 2018
Job Id:			8562137.bw
Username:		bienz
Group:			ILL_jq7
Job name:		nodecomm
Requested resources:	neednodes=1:ppn=32:xe,nodes=1:ppn=32:xe,walltime=00:20:00
Queue:			normal
Account:		jq7
End Torque Prologue:  0.269 elapsed
----------------------------------------




Pingpong for
master:  0, 1, 2, 3, 4, 5, 6, 7
partner: 8, 9, 10, 11, 12, 13, 14, 15

Num Msgs 1
SizeMsgs 1
1.50e-06	1.49e-06	1.49e-06	1.49e-06	

Num Msgs 1
SizeMsgs 2
1.61e-06	1.62e-06	1.62e-06	1.62e-06	
Num Msgs 2
SizeMsgs 2
2.91e-06	2.89e-06	2.88e-06	3.12e-06	

Num Msgs 1
SizeMsgs 4
1.96e-06	1.96e-06	1.95e-06	1.96e-06	
Num Msgs 2
SizeMsgs 4
3.16e-06	3.17e-06	3.17e-06	2.96e-06	
Num Msgs 4
SizeMsgs 4
5.35e-06	5.37e-06	5.37e-06	5.34e-06	

Num Msgs 1
SizeMsgs 8
2.08e-06	2.07e-06	2.07e-06	2.07e-06	
Num Msgs 2
SizeMsgs 8
3.85e-06	3.86e-06	3.86e-06	3.86e-06	
Num Msgs 4
SizeMsgs 8
5.92e-06	5.90e-06	5.91e-06	5.89e-06	
Num Msgs 8
SizeMsgs 8
9.76e-06	9.77e-06	9.78e-06	9.74e-06	

Num Msgs 1
SizeMsgs 16
2.48e-06	2.48e-06	2.48e-06	2.48e-06	
Num Msgs 2
SizeMsgs 16
3.52e-06	3.51e-06	3.52e-06	3.46e-06	
Num Msgs 4
SizeMsgs 16
6.35e-06	6.33e-06	6.32e-06	6.33e-06	
Num Msgs 8
SizeMsgs 16
1.04e-05	1.04e-05	1.04e-05	1.04e-05	
Num Msgs 16
SizeMsgs 16
3.00e-05	2.19e-05	2.19e-05	2.18e-05	

Num Msgs 1
SizeMsgs 32
2.56e-06	2.56e-06	2.56e-06	2.55e-06	
Num Msgs 2
SizeMsgs 32
3.78e-06	3.78e-06	3.77e-06	3.77e-06	
Num Msgs 4
SizeMsgs 32
6.22e-06	6.29e-06	6.26e-06	6.27e-06	
Num Msgs 8
SizeMsgs 32
1.15e-05	1.15e-05	1.15e-05	1.15e-05	
Num Msgs 16
SizeMsgs 32
2.20e-05	2.20e-05	2.20e-05	2.20e-05	
Num Msgs 32
SizeMsgs 32
6.17e-05	6.15e-05	6.15e-05	6.25e-05	

Num Msgs 1
SizeMsgs 64
2.90e-06	2.90e-06	2.89e-06	2.86e-06	
Num Msgs 2
SizeMsgs 64
3.95e-06	3.93e-06	3.94e-06	3.93e-06	
Num Msgs 4
SizeMsgs 64
6.77e-06	6.77e-06	6.77e-06	6.74e-06	
Num Msgs 8
SizeMsgs 64
1.14e-05	1.14e-05	1.14e-05	1.14e-05	
Num Msgs 16
SizeMsgs 64
2.38e-05	2.38e-05	2.38e-05	2.38e-05	
Num Msgs 32
SizeMsgs 64
6.25e-05	6.21e-05	6.34e-05	6.24e-05	
Num Msgs 64
SizeMsgs 64
1.99e-04	1.99e-04	2.00e-04	2.01e-04	

Num Msgs 1
SizeMsgs 128
3.83e-06	3.83e-06	3.83e-06	3.83e-06	
Num Msgs 2
SizeMsgs 128
4.66e-06	4.66e-06	4.67e-06	4.68e-06	
Num Msgs 4
SizeMsgs 128
7.22e-06	7.22e-06	7.16e-06	7.13e-06	
Num Msgs 8
SizeMsgs 128
1.19e-05	1.19e-05	1.19e-05	1.19e-05	
Num Msgs 16
SizeMsgs 128
2.33e-05	2.31e-05	2.32e-05	2.32e-05	
Num Msgs 32
SizeMsgs 128
6.50e-05	6.50e-05	6.50e-05	6.43e-05	
Num Msgs 64
SizeMsgs 128
2.00e-04	2.01e-04	2.01e-04	2.01e-04	
Num Msgs 128
SizeMsgs 128
7.66e-04	7.65e-04	7.64e-04	7.46e-04	

Num Msgs 1
SizeMsgs 256
5.09e-06	5.10e-06	5.12e-06	5.13e-06	
Num Msgs 2
SizeMsgs 256
6.02e-06	6.02e-06	6.02e-06	6.01e-06	
Num Msgs 4
SizeMsgs 256
8.51e-06	8.51e-06	8.56e-06	8.55e-06	
Num Msgs 8
SizeMsgs 256
1.24e-05	1.24e-05	1.24e-05	1.24e-05	
Num Msgs 16
SizeMsgs 256
2.43e-05	2.42e-05	2.41e-05	2.43e-05	
Num Msgs 32
SizeMsgs 256
6.51e-05	6.53e-05	6.52e-05	6.63e-05	
Num Msgs 64
SizeMsgs 256
2.05e-04	2.04e-04	2.04e-04	2.04e-04	
Num Msgs 128
SizeMsgs 256
7.53e-04	7.55e-04	7.63e-04	7.57e-04	
Num Msgs 256
SizeMsgs 256
2.85e-03	2.86e-03	2.86e-03	2.86e-03	

Num Msgs 1
SizeMsgs 512
7.47e-06	7.46e-06	7.44e-06	7.45e-06	
Num Msgs 2
SizeMsgs 512
8.58e-06	8.49e-06	8.49e-06	8.48e-06	
Num Msgs 4
SizeMsgs 512
1.11e-05	1.11e-05	1.11e-05	1.11e-05	
Num Msgs 8
SizeMsgs 512
1.50e-05	1.50e-05	1.50e-05	1.52e-05	
Num Msgs 16
SizeMsgs 512
2.55e-05	2.52e-05	2.54e-05	2.54e-05	
Num Msgs 32
SizeMsgs 512
6.54e-05	6.53e-05	6.55e-05	6.53e-05	
Num Msgs 64
SizeMsgs 512
2.04e-04	2.04e-04	2.03e-04	2.03e-04	
Num Msgs 128
SizeMsgs 512
7.69e-04	7.68e-04	7.71e-04	7.55e-04	
Num Msgs 256
SizeMsgs 512
2.86e-03	2.86e-03	2.87e-03	2.85e-03	
Num Msgs 512
SizeMsgs 512
1.07e-02	1.07e-02	1.07e-02	1.07e-02	

Num Msgs 1
SizeMsgs 1024
1.19e-05	1.19e-05	1.19e-05	1.19e-05	
Num Msgs 2
SizeMsgs 1024
1.33e-05	1.33e-05	1.33e-05	1.33e-05	
Num Msgs 4
SizeMsgs 1024
1.64e-05	1.64e-05	1.64e-05	1.64e-05	
Num Msgs 8
SizeMsgs 1024
2.15e-05	2.15e-05	2.15e-05	2.15e-05	
Num Msgs 16
SizeMsgs 1024
2.95e-05	2.94e-05	2.94e-05	2.93e-05	
Num Msgs 32
SizeMsgs 1024
6.67e-05	6.67e-05	6.68e-05	6.67e-05	
Num Msgs 64
SizeMsgs 1024
2.04e-04	2.05e-04	2.06e-04	2.07e-04	
Num Msgs 128
SizeMsgs 1024
7.56e-04	7.66e-04	7.68e-04	7.63e-04	
Num Msgs 256
SizeMsgs 1024
2.89e-03	2.88e-03	2.87e-03	2.88e-03	
Num Msgs 512
SizeMsgs 1024
1.07e-02	1.08e-02	1.07e-02	1.07e-02	
Num Msgs 1024
SizeMsgs 1024
4.14e-02	4.15e-02	4.14e-02	4.14e-02	

Num Msgs 1
SizeMsgs 2048
5.64e-06	5.64e-06	5.63e-06	5.64e-06	
Num Msgs 2
SizeMsgs 2048
2.22e-05	2.22e-05	2.22e-05	2.22e-05	
Num Msgs 4
SizeMsgs 2048
2.59e-05	2.59e-05	2.59e-05	2.59e-05	
Num Msgs 8
SizeMsgs 2048
3.20e-05	3.20e-05	3.20e-05	3.20e-05	
Num Msgs 16
SizeMsgs 2048
4.07e-05	4.06e-05	4.06e-05	4.06e-05	
Num Msgs 32
SizeMsgs 2048
7.52e-05	7.48e-05	7.53e-05	7.54e-05	
Num Msgs 64
SizeMsgs 2048
2.09e-04	2.09e-04	2.09e-04	2.07e-04	
Num Msgs 128
SizeMsgs 2048
7.56e-04	7.56e-04	7.69e-04	7.68e-04	
Num Msgs 256
SizeMsgs 2048
2.84e-03	2.86e-03	2.85e-03	2.86e-03	
Num Msgs 512
SizeMsgs 2048
1.07e-02	1.06e-02	1.07e-02	1.07e-02	
Num Msgs 1024
SizeMsgs 2048
4.08e-02	4.13e-02	4.10e-02	4.10e-02	
Num Msgs 2048
SizeMsgs 2048
1.61e-01	1.61e-01	1.60e-01	1.61e-01	

Num Msgs 1
SizeMsgs 4096
7.37e-06	7.34e-06	7.36e-06	7.34e-06	
Num Msgs 2
SizeMsgs 4096
1.11e-05	1.10e-05	1.10e-05	1.11e-05	
Num Msgs 4
SizeMsgs 4096
4.36e-05	4.36e-05	4.36e-05	4.36e-05	
Num Msgs 8
SizeMsgs 4096
5.15e-05	5.15e-05	5.15e-05	5.15e-05	
Num Msgs 16
SizeMsgs 4096
6.06e-05	6.07e-05	6.06e-05	6.06e-05	
Num Msgs 32
SizeMsgs 4096
8.91e-05	8.91e-05	8.90e-05	8.88e-05	
Num Msgs 64
SizeMsgs 4096
2.22e-04	2.24e-04	2.24e-04	2.24e-04	
Num Msgs 128
SizeMsgs 4096
7.72e-04	7.67e-04	7.71e-04	7.81e-04	
Num Msgs 256
SizeMsgs 4096
2.87e-03	2.90e-03	2.90e-03	2.89e-03	
Num Msgs 512
SizeMsgs 4096
1.07e-02	1.07e-02	1.07e-02	1.07e-02	
Num Msgs 1024
SizeMsgs 4096
4.14e-02	4.13e-02	4.17e-02	4.14e-02	
Num Msgs 2048
SizeMsgs 4096
1.61e-01	1.60e-01	1.61e-01	1.60e-01	
Num Msgs 4096
SizeMsgs 4096
6.42e-01	6.39e-01	6.35e-01	6.39e-01	

Num Msgs 1
SizeMsgs 8192
1.08e-05	1.08e-05	1.08e-05	1.08e-05	
Num Msgs 2
SizeMsgs 8192
1.50e-05	1.50e-05	1.50e-05	1.50e-05	
Num Msgs 4
SizeMsgs 8192
2.27e-05	2.27e-05	2.27e-05	2.27e-05	
Num Msgs 8
SizeMsgs 8192
8.71e-05	8.71e-05	8.71e-05	8.71e-05	
Num Msgs 16
SizeMsgs 8192
1.03e-04	1.03e-04	1.02e-04	1.03e-04	
Num Msgs 32
SizeMsgs 8192
1.21e-04	1.21e-04	1.22e-04	1.22e-04	
Num Msgs 64
SizeMsgs 8192
2.47e-04	2.49e-04	2.48e-04	2.49e-04	
Num Msgs 128
SizeMsgs 8192
7.86e-04	8.07e-04	8.05e-04	7.93e-04	
Num Msgs 256
SizeMsgs 8192
2.90e-03	2.90e-03	2.91e-03	2.89e-03	
Num Msgs 512
SizeMsgs 8192
1.08e-02	1.07e-02	1.08e-02	1.07e-02	
Num Msgs 1024
SizeMsgs 8192
4.12e-02	4.17e-02	4.12e-02	4.16e-02	
Num Msgs 2048
SizeMsgs 8192
1.61e-01	1.61e-01	1.61e-01	1.61e-01	
Num Msgs 4096
SizeMsgs 8192
6.33e-01	6.33e-01	6.32e-01	6.32e-01	
Num Msgs 8192
SizeMsgs 8192
2.98e+00	2.96e+00	2.96e+00	2.95e+00	

Num Msgs 1
SizeMsgs 16384
1.95e-05	1.70e-05	1.83e-05	1.86e-05	
Num Msgs 2
SizeMsgs 16384
2.15e-05	2.13e-05	2.21e-05	2.31e-05	
Num Msgs 4
SizeMsgs 16384
2.96e-05	2.97e-05	2.96e-05	3.16e-05	
Num Msgs 8
SizeMsgs 16384
4.64e-05	4.61e-05	4.62e-05	4.61e-05	
Num Msgs 16
SizeMsgs 16384
1.72e-04	1.75e-04	1.75e-04	1.75e-04	
Num Msgs 32
SizeMsgs 16384
1.93e-04	1.93e-04	1.93e-04	1.94e-04	
Num Msgs 64
SizeMsgs 16384
2.99e-04	2.99e-04	2.98e-04	3.00e-04	
Num Msgs 128
SizeMsgs 16384
8.53e-04	8.38e-04	8.56e-04	8.43e-04	
Num Msgs 256
SizeMsgs 16384
2.97e-03	2.97e-03	2.97e-03	2.98e-03	
Num Msgs 512
SizeMsgs 16384
1.08e-02	1.08e-02	1.08e-02	1.07e-02	
Num Msgs 1024
SizeMsgs 16384
4.15e-02	4.15e-02	4.15e-02	4.15e-02	
Num Msgs 2048
SizeMsgs 16384
1.61e-01	1.61e-01	1.61e-01	1.61e-01	
Num Msgs 4096
SizeMsgs 16384
6.34e-01	6.33e-01	6.33e-01	6.33e-01	
Num Msgs 8192
SizeMsgs 16384
2.97e+00	2.99e+00	2.99e+00	2.97e+00	
Num Msgs 16384
SizeMsgs 16384
1.53e+01	1.53e+01	1.53e+01	1.53e+01	

Num Msgs 1
SizeMsgs 32768
3.37e-05	3.29e-05	3.02e-05	3.28e-05	
Num Msgs 2
SizeMsgs 32768
3.48e-05	3.71e-05	3.44e-05	3.70e-05	
Num Msgs 4
SizeMsgs 32768
4.25e-05	4.50e-05	4.25e-05	4.49e-05	
Num Msgs 8
SizeMsgs 32768
6.02e-05	6.26e-05	6.03e-05	6.25e-05	
Num Msgs 16
SizeMsgs 32768
9.36e-05	9.31e-05	9.48e-05	9.46e-05	
Num Msgs 32
SizeMsgs 32768
3.42e-04	3.45e-04	3.46e-04	3.43e-04	
Num Msgs 64
SizeMsgs 32768
4.08e-04	4.10e-04	4.05e-04	4.11e-04	
Num Msgs 128
SizeMsgs 32768
9.21e-04	9.18e-04	9.44e-04	9.21e-04	
Num Msgs 256
SizeMsgs 32768
2.97e-03	3.04e-03	3.06e-03	3.05e-03	
Num Msgs 512
SizeMsgs 32768
1.09e-02	1.08e-02	1.08e-02	1.08e-02	
Num Msgs 1024
SizeMsgs 32768
4.14e-02	4.14e-02	4.16e-02	4.12e-02	
Num Msgs 2048
SizeMsgs 32768
1.61e-01	1.61e-01	1.60e-01	1.61e-01	
Num Msgs 4096
SizeMsgs 32768
6.33e-01	6.33e-01	6.33e-01	6.33e-01	
Num Msgs 8192
SizeMsgs 32768
2.97e+00	2.96e+00	2.95e+00	2.96e+00	
Num Msgs 16384
SizeMsgs 32768
1.53e+01	1.52e+01	1.52e+01	1.53e+01	

Num Msgs 1
SizeMsgs 65536
6.48e-05	5.90e-05	5.90e-05	5.90e-05	
Num Msgs 2
SizeMsgs 65536
6.35e-05	6.34e-05	6.32e-05	6.33e-05	
Num Msgs 4
SizeMsgs 65536
7.16e-05	7.14e-05	7.15e-05	7.13e-05	
Num Msgs 8
SizeMsgs 65536
8.91e-05	8.90e-05	8.92e-05	8.89e-05	
Num Msgs 16
SizeMsgs 65536
1.25e-04	1.24e-04	1.25e-04	1.24e-04	
Num Msgs 32
SizeMsgs 65536
1.97e-04	1.95e-04	1.96e-04	1.96e-04	
Num Msgs 64
SizeMsgs 65536
6.59e-04	6.60e-04	6.60e-04	6.60e-04	
Num Msgs 128
SizeMsgs 65536
1.11e-03	1.11e-03	1.11e-03	1.10e-03	
Num Msgs 256
SizeMsgs 65536
3.17e-03	3.20e-03	3.18e-03	3.20e-03	
Num Msgs 512
SizeMsgs 65536
1.10e-02	1.09e-02	1.10e-02	1.10e-02	
Num Msgs 1024
SizeMsgs 65536
4.16e-02	4.19e-02	4.15e-02	4.20e-02	
Num Msgs 2048
SizeMsgs 65536
1.61e-01	1.61e-01	1.61e-01	1.61e-01	
Num Msgs 4096
SizeMsgs 65536
6.33e-01	6.34e-01	6.33e-01	6.33e-01	
Num Msgs 8192
SizeMsgs 65536
2.97e+00	2.94e+00	2.94e+00	2.94e+00	
Num Msgs 16384
SizeMsgs 65536
1.52e+01	1.52e+01	1.52e+01	1.52e+01	
Pingpong for
master:  0, 1, 2, 3, 4, 5, 6, 7
partner: 8, 9, 10, 11, 12, 13, 14, 15

Num Msgs 1
SizeMsgs 1
1.53e-06	1.53e-06	1.53e-06	1.53e-06	

Num Msgs 1
SizeMsgs 2
1.54e-06	1.55e-06	1.54e-06	1.54e-06	
Num Msgs 2
SizeMsgs 2
2.99e-06	2.99e-06	2.98e-06	2.97e-06	

Num Msgs 1
SizeMsgs 4
2.06e-06	2.06e-06	2.06e-06	2.07e-06	
Num Msgs 2
SizeMsgs 4
3.26e-06	3.25e-06	3.23e-06	3.22e-06	
Num Msgs 4
SizeMsgs 4
5.34e-06	5.28e-06	5.28e-06	5.28e-06	

Num Msgs 1
SizeMsgs 8
2.11e-06	2.11e-06	2.10e-06	2.10e-06	
Num Msgs 2
SizeMsgs 8
3.91e-06	3.91e-06	3.91e-06	3.91e-06	
Num Msgs 4
SizeMsgs 8
5.62e-06	5.64e-06	5.67e-06	5.67e-06	
Num Msgs 8
SizeMsgs 8
9.96e-06	9.92e-06	9.93e-06	9.97e-06	

Num Msgs 1
SizeMsgs 16
2.48e-06	2.47e-06	2.46e-06	2.45e-06	
Num Msgs 2
SizeMsgs 16
3.50e-06	3.48e-06	3.47e-06	3.47e-06	
Num Msgs 4
SizeMsgs 16
6.51e-06	6.51e-06	6.47e-06	6.47e-06	
Num Msgs 8
SizeMsgs 16
1.08e-05	1.08e-05	1.08e-05	1.08e-05	
Num Msgs 16
SizeMsgs 16
2.32e-05	2.29e-05	2.30e-05	2.30e-05	

Num Msgs 1
SizeMsgs 32
2.56e-06	2.56e-06	2.55e-06	2.56e-06	
Num Msgs 2
SizeMsgs 32
3.78e-06	3.77e-06	3.78e-06	3.77e-06	
Num Msgs 4
SizeMsgs 32
6.54e-06	6.52e-06	6.51e-06	6.50e-06	
Num Msgs 8
SizeMsgs 32
1.18e-05	1.19e-05	1.19e-05	1.19e-05	
Num Msgs 16
SizeMsgs 32
2.36e-05	2.31e-05	2.31e-05	2.31e-05	
Num Msgs 32
SizeMsgs 32
6.42e-05	6.40e-05	6.44e-05	6.43e-05	

Num Msgs 1
SizeMsgs 64
2.92e-06	2.94e-06	2.97e-06	2.94e-06	
Num Msgs 2
SizeMsgs 64
4.01e-06	3.97e-06	3.97e-06	3.98e-06	
Num Msgs 4
SizeMsgs 64
6.94e-06	6.95e-06	6.95e-06	6.96e-06	
Num Msgs 8
SizeMsgs 64
1.16e-05	1.15e-05	1.16e-05	1.15e-05	
Num Msgs 16
SizeMsgs 64
2.47e-05	2.45e-05	2.45e-05	2.45e-05	
Num Msgs 32
SizeMsgs 64
6.37e-05	6.37e-05	6.43e-05	6.39e-05	
Num Msgs 64
SizeMsgs 64
2.06e-04	2.06e-04	2.06e-04	2.07e-04	

Num Msgs 1
SizeMsgs 128
3.83e-06	3.82e-06	3.84e-06	3.83e-06	
Num Msgs 2
SizeMsgs 128
4.82e-06	4.82e-06	4.82e-06	4.84e-06	
Num Msgs 4
SizeMsgs 128
7.27e-06	7.30e-06	7.30e-06	7.32e-06	
Num Msgs 8
SizeMsgs 128
1.19e-05	1.19e-05	1.19e-05	1.19e-05	
Num Msgs 16
SizeMsgs 128
2.37e-05	2.36e-05	2.34e-05	2.36e-05	
Num Msgs 32
SizeMsgs 128
6.66e-05	6.63e-05	6.65e-05	6.66e-05	
Num Msgs 64
SizeMsgs 128
2.15e-04	2.12e-04	2.12e-04	2.14e-04	
Num Msgs 128
SizeMsgs 128
7.73e-04	7.70e-04	7.74e-04	7.65e-04	

Num Msgs 1
SizeMsgs 256
4.93e-06	4.92e-06	4.92e-06	4.92e-06	
Num Msgs 2
SizeMsgs 256
6.07e-06	6.08e-06	6.08e-06	6.08e-06	
Num Msgs 4
SizeMsgs 256
8.71e-06	8.73e-06	8.75e-06	8.73e-06	
Num Msgs 8
SizeMsgs 256
1.33e-05	1.33e-05	1.33e-05	1.34e-05	
Num Msgs 16
SizeMsgs 256
2.51e-05	2.48e-05	2.47e-05	2.47e-05	
Num Msgs 32
SizeMsgs 256
6.76e-05	6.74e-05	6.71e-05	6.83e-05	
Num Msgs 64
SizeMsgs 256
2.16e-04	2.16e-04	2.14e-04	2.14e-04	
Num Msgs 128
SizeMsgs 256
7.65e-04	7.74e-04	7.67e-04	7.74e-04	
Num Msgs 256
SizeMsgs 256
2.90e-03	2.87e-03	2.89e-03	2.89e-03	

Num Msgs 1
SizeMsgs 512
7.46e-06	7.45e-06	7.46e-06	7.46e-06	
Num Msgs 2
SizeMsgs 512
8.50e-06	8.51e-06	8.49e-06	8.48e-06	
Num Msgs 4
SizeMsgs 512
1.13e-05	1.13e-05	1.13e-05	1.13e-05	
Num Msgs 8
SizeMsgs 512
1.54e-05	1.53e-05	1.53e-05	1.53e-05	
Num Msgs 16
SizeMsgs 512
2.72e-05	2.73e-05	2.73e-05	2.72e-05	
Num Msgs 32
SizeMsgs 512
6.62e-05	6.62e-05	6.62e-05	6.61e-05	
Num Msgs 64
SizeMsgs 512
2.11e-04	2.11e-04	2.11e-04	2.11e-04	
Num Msgs 128
SizeMsgs 512
7.69e-04	7.75e-04	7.76e-04	7.83e-04	
Num Msgs 256
SizeMsgs 512
2.90e-03	2.87e-03	2.88e-03	2.89e-03	
Num Msgs 512
SizeMsgs 512
1.08e-02	1.08e-02	1.08e-02	1.08e-02	

Num Msgs 1
SizeMsgs 1024
1.20e-05	1.20e-05	1.20e-05	1.20e-05	
Num Msgs 2
SizeMsgs 1024
1.33e-05	1.33e-05	1.33e-05	1.33e-05	
Num Msgs 4
SizeMsgs 1024
1.63e-05	1.63e-05	1.63e-05	1.63e-05	
Num Msgs 8
SizeMsgs 1024
2.15e-05	2.15e-05	2.15e-05	2.15e-05	
Num Msgs 16
SizeMsgs 1024
3.06e-05	3.05e-05	3.04e-05	3.04e-05	
Num Msgs 32
SizeMsgs 1024
6.99e-05	6.98e-05	7.00e-05	6.94e-05	
Num Msgs 64
SizeMsgs 1024
2.14e-04	2.14e-04	2.15e-04	2.14e-04	
Num Msgs 128
SizeMsgs 1024
7.70e-04	7.66e-04	7.82e-04	7.84e-04	
Num Msgs 256
SizeMsgs 1024
2.91e-03	2.91e-03	2.89e-03	2.89e-03	
Num Msgs 512
SizeMsgs 1024
1.08e-02	1.08e-02	1.08e-02	1.08e-02	
Num Msgs 1024
SizeMsgs 1024
4.16e-02	4.14e-02	4.16e-02	4.15e-02	

Num Msgs 1
SizeMsgs 2048
7.40e-06	7.40e-06	7.39e-06	7.39e-06	
Num Msgs 2
SizeMsgs 2048
2.22e-05	2.22e-05	2.22e-05	2.22e-05	
Num Msgs 4
SizeMsgs 2048
2.60e-05	2.60e-05	2.59e-05	2.60e-05	
Num Msgs 8
SizeMsgs 2048
3.17e-05	3.17e-05	3.18e-05	3.17e-05	
Num Msgs 16
SizeMsgs 2048
4.07e-05	4.10e-05	4.10e-05	4.07e-05	
Num Msgs 32
SizeMsgs 2048
7.66e-05	7.60e-05	7.65e-05	7.65e-05	
Num Msgs 64
SizeMsgs 2048
2.19e-04	2.19e-04	2.19e-04	2.19e-04	
Num Msgs 128
SizeMsgs 2048
7.70e-04	7.87e-04	7.81e-04	7.74e-04	
Num Msgs 256
SizeMsgs 2048
2.88e-03	2.88e-03	2.89e-03	2.90e-03	
Num Msgs 512
SizeMsgs 2048
1.08e-02	1.08e-02	1.08e-02	1.08e-02	
Num Msgs 1024
SizeMsgs 2048
4.16e-02	4.13e-02	4.16e-02	4.16e-02	
Num Msgs 2048
SizeMsgs 2048
1.61e-01	1.61e-01	1.61e-01	1.61e-01	

Num Msgs 1
SizeMsgs 4096
8.29e-06	8.29e-06	8.29e-06	8.28e-06	
Num Msgs 2
SizeMsgs 4096
1.27e-05	1.28e-05	1.28e-05	1.28e-05	
Num Msgs 4
SizeMsgs 4096
4.37e-05	4.37e-05	4.37e-05	4.37e-05	
Num Msgs 8
SizeMsgs 4096
