----------------------------------------
Begin Torque Prologue on nid27641
at Fri Apr 13 15:49:47 CDT 2018
Job Id:			8505795.bw
Username:		bienz
Group:			ILL_jq7
Job name:		nodecomm
Requested resources:	neednodes=1:ppn=32:xe,nodes=1:ppn=32:xe,walltime=00:20:00
Queue:			normal
Account:		jq7
End Torque Prologue:  0.142 elapsed
----------------------------------------




Pingpong for
master:  0, 1, 2, 3, 4, 5, 6, 7
partner: 8, 9, 10, 11, 12, 13, 14, 15

Num Msgs 1
SizeMsgs 1
1.32e-06	1.31e-06	1.31e-06	1.31e-06	

Num Msgs 1
SizeMsgs 2
1.33e-06	1.33e-06	1.33e-06	1.33e-06	
Num Msgs 2
SizeMsgs 2
2.51e-06	2.48e-06	2.49e-06	2.48e-06	

Num Msgs 1
SizeMsgs 4
1.72e-06	1.71e-06	1.72e-06	1.71e-06	
Num Msgs 2
SizeMsgs 4
2.52e-06	2.51e-06	2.51e-06	2.52e-06	
Num Msgs 4
SizeMsgs 4
4.82e-06	4.82e-06	4.81e-06	4.82e-06	

Num Msgs 1
SizeMsgs 8
1.90e-06	1.88e-06	1.87e-06	1.87e-06	
Num Msgs 2
SizeMsgs 8
3.49e-06	3.49e-06	3.49e-06	3.49e-06	
Num Msgs 4
SizeMsgs 8
4.35e-06	4.34e-06	4.33e-06	4.34e-06	
Num Msgs 8
SizeMsgs 8
8.09e-06	8.11e-06	8.09e-06	8.09e-06	

Num Msgs 1
SizeMsgs 16
2.23e-06	2.23e-06	2.23e-06	2.23e-06	
Num Msgs 2
SizeMsgs 16
3.02e-06	3.02e-06	3.02e-06	3.02e-06	
Num Msgs 4
SizeMsgs 16
5.31e-06	5.31e-06	5.31e-06	5.30e-06	
Num Msgs 8
SizeMsgs 16
7.89e-06	7.90e-06	7.90e-06	7.90e-06	
Num Msgs 16
SizeMsgs 16
2.25e-05	1.46e-05	1.47e-05	1.47e-05	

Num Msgs 1
SizeMsgs 32
2.31e-06	2.31e-06	2.31e-06	2.32e-06	
Num Msgs 2
SizeMsgs 32
3.47e-06	3.45e-06	3.47e-06	3.45e-06	
Num Msgs 4
SizeMsgs 32
5.08e-06	5.08e-06	5.08e-06	5.09e-06	
Num Msgs 8
SizeMsgs 32
9.26e-06	9.27e-06	9.28e-06	9.28e-06	
Num Msgs 16
SizeMsgs 32
1.49e-05	1.48e-05	1.48e-05	1.48e-05	
Num Msgs 32
SizeMsgs 32
2.98e-05	3.00e-05	3.01e-05	2.97e-05	

Num Msgs 1
SizeMsgs 64
2.66e-06	2.68e-06	2.68e-06	2.67e-06	
Num Msgs 2
SizeMsgs 64
3.64e-06	3.61e-06	3.63e-06	3.62e-06	
Num Msgs 4
SizeMsgs 64
5.48e-06	5.48e-06	5.48e-06	5.48e-06	
Num Msgs 8
SizeMsgs 64
8.89e-06	8.89e-06	8.88e-06	8.88e-06	
Num Msgs 16
SizeMsgs 64
1.56e-05	1.54e-05	1.55e-05	1.54e-05	
Num Msgs 32
SizeMsgs 64
3.01e-05	2.99e-05	3.01e-05	2.98e-05	
Num Msgs 64
SizeMsgs 64
5.91e-05	5.88e-05	5.91e-05	5.87e-05	

Num Msgs 1
SizeMsgs 128
3.61e-06	3.61e-06	3.61e-06	3.61e-06	
Num Msgs 2
SizeMsgs 128
4.42e-06	4.43e-06	4.43e-06	4.43e-06	
Num Msgs 4
SizeMsgs 128
6.08e-06	6.07e-06	6.02e-06	6.00e-06	
Num Msgs 8
SizeMsgs 128
9.49e-06	9.49e-06	9.50e-06	9.49e-06	
Num Msgs 16
SizeMsgs 128
1.57e-05	1.59e-05	1.58e-05	1.59e-05	
Num Msgs 32
SizeMsgs 128
3.23e-05	3.19e-05	3.19e-05	3.20e-05	
Num Msgs 64
SizeMsgs 128
5.94e-05	5.95e-05	5.93e-05	5.91e-05	
Num Msgs 128
SizeMsgs 128
1.30e-04	1.33e-04	1.32e-04	1.33e-04	

Num Msgs 1
SizeMsgs 256
5.03e-06	5.03e-06	5.03e-06	5.06e-06	
Num Msgs 2
SizeMsgs 256
5.85e-06	5.86e-06	5.86e-06	5.86e-06	
Num Msgs 4
SizeMsgs 256
7.99e-06	7.98e-06	7.98e-06	7.98e-06	
Num Msgs 8
SizeMsgs 256
1.08e-05	1.06e-05	1.06e-05	1.06e-05	
Num Msgs 16
SizeMsgs 256
1.73e-05	1.69e-05	1.71e-05	1.69e-05	
Num Msgs 32
SizeMsgs 256
3.11e-05	3.11e-05	3.11e-05	3.10e-05	
Num Msgs 64
SizeMsgs 256
6.41e-05	6.41e-05	6.41e-05	6.42e-05	
Num Msgs 128
SizeMsgs 256
1.32e-04	1.33e-04	1.29e-04	1.35e-04	
Num Msgs 256
SizeMsgs 256
3.29e-04	3.29e-04	3.29e-04	3.33e-04	

Num Msgs 1
SizeMsgs 512
7.52e-06	7.51e-06	7.50e-06	7.50e-06	
Num Msgs 2
SizeMsgs 512
8.45e-06	8.36e-06	8.37e-06	8.36e-06	
Num Msgs 4
SizeMsgs 512
1.09e-05	1.09e-05	1.09e-05	1.09e-05	
Num Msgs 8
SizeMsgs 512
1.54e-05	1.54e-05	1.54e-05	1.54e-05	
Num Msgs 16
SizeMsgs 512
1.99e-05	1.94e-05	1.92e-05	1.93e-05	
Num Msgs 32
SizeMsgs 512
3.48e-05	3.44e-05	3.44e-05	3.45e-05	
Num Msgs 64
SizeMsgs 512
6.38e-05	6.36e-05	6.22e-05	6.18e-05	
Num Msgs 128
SizeMsgs 512
1.36e-04	1.35e-04	1.38e-04	1.37e-04	
Num Msgs 256
SizeMsgs 512
3.23e-04	3.22e-04	3.22e-04	3.22e-04	
Num Msgs 512
SizeMsgs 512
7.33e-04	7.32e-04	7.31e-04	7.30e-04	

Num Msgs 1
SizeMsgs 1024
1.19e-05	1.19e-05	1.19e-05	1.19e-05	
Num Msgs 2
SizeMsgs 1024
1.31e-05	1.31e-05	1.31e-05	1.31e-05	
Num Msgs 4
SizeMsgs 1024
1.60e-05	1.60e-05	1.60e-05	1.61e-05	
Num Msgs 8
SizeMsgs 1024
2.15e-05	2.15e-05	2.15e-05	2.15e-05	
Num Msgs 16
SizeMsgs 1024
3.05e-05	3.01e-05	3.02e-05	3.04e-05	
Num Msgs 32
SizeMsgs 1024
4.00e-05	3.95e-05	3.95e-05	3.94e-05	
Num Msgs 64
SizeMsgs 1024
6.81e-05	6.80e-05	6.81e-05	6.82e-05	
Num Msgs 128
SizeMsgs 1024
1.36e-04	1.36e-04	1.33e-04	1.37e-04	
Num Msgs 256
SizeMsgs 1024
3.01e-04	2.99e-04	3.01e-04	3.02e-04	
Num Msgs 512
SizeMsgs 1024
7.20e-04	7.21e-04	7.23e-04	7.27e-04	
Num Msgs 1024
SizeMsgs 1024
1.63e-03	1.56e-03	1.57e-03	1.59e-03	

Num Msgs 1
SizeMsgs 2048
5.59e-06	5.58e-06	5.58e-06	5.58e-06	
Num Msgs 2
SizeMsgs 2048
2.21e-05	2.21e-05	2.21e-05	2.21e-05	
Num Msgs 4
SizeMsgs 2048
2.59e-05	2.59e-05	2.59e-05	2.59e-05	
Num Msgs 8
SizeMsgs 2048
3.16e-05	3.16e-05	3.17e-05	3.17e-05	
Num Msgs 16
SizeMsgs 2048
4.20e-05	4.19e-05	4.20e-05	4.28e-05	
Num Msgs 32
SizeMsgs 2048
5.82e-05	5.83e-05	5.83e-05	5.78e-05	
Num Msgs 64
SizeMsgs 2048
7.47e-05	7.37e-05	7.42e-05	7.51e-05	
Num Msgs 128
SizeMsgs 2048
1.38e-04	1.38e-04	1.39e-04	1.38e-04	
Num Msgs 256
SizeMsgs 2048
2.85e-04	2.81e-04	2.75e-04	2.79e-04	
Num Msgs 512
SizeMsgs 2048
6.75e-04	6.66e-04	6.69e-04	6.66e-04	
Num Msgs 1024
SizeMsgs 2048
1.53e-03	1.55e-03	1.54e-03	1.53e-03	
Num Msgs 2048
SizeMsgs 2048
4.73e-03	3.22e-03	3.22e-03	3.22e-03	

Num Msgs 1
SizeMsgs 4096
7.17e-06	7.19e-06	7.20e-06	7.19e-06	
Num Msgs 2
SizeMsgs 4096
1.08e-05	1.08e-05	1.08e-05	1.08e-05	
Num Msgs 4
SizeMsgs 4096
4.36e-05	4.36e-05	4.36e-05	4.36e-05	
Num Msgs 8
SizeMsgs 4096
5.16e-05	5.16e-05	5.16e-05	5.16e-05	
Num Msgs 16
SizeMsgs 4096
6.28e-05	6.31e-05	6.37e-05	6.29e-05	
Num Msgs 32
SizeMsgs 4096
8.11e-05	8.08e-05	8.10e-05	8.09e-05	
Num Msgs 64
SizeMsgs 4096
1.12e-04	1.11e-04	1.11e-04	1.11e-04	
Num Msgs 128
SizeMsgs 4096
1.46e-04	1.47e-04	1.45e-04	1.46e-04	
Num Msgs 256
SizeMsgs 4096
2.76e-04	2.76e-04	2.76e-04	2.77e-04	
Num Msgs 512
SizeMsgs 4096
6.08e-04	6.08e-04	6.01e-04	6.13e-04	
Num Msgs 1024
SizeMsgs 4096
1.42e-03	1.42e-03	1.43e-03	1.39e-03	
Num Msgs 2048
SizeMsgs 4096
3.19e-03	3.13e-03	3.10e-03	3.09e-03	
Num Msgs 4096
SizeMsgs 4096
9.47e-03	6.52e-03	6.49e-03	6.49e-03	

Num Msgs 1
SizeMsgs 8192
1.07e-05	1.07e-05	1.07e-05	1.07e-05	
Num Msgs 2
SizeMsgs 8192
1.47e-05	1.47e-05	1.47e-05	1.46e-05	
Num Msgs 4
SizeMsgs 8192
2.27e-05	2.27e-05	2.27e-05	2.27e-05	
Num Msgs 8
SizeMsgs 8192
8.75e-05	8.76e-05	8.76e-05	8.76e-05	
Num Msgs 16
SizeMsgs 8192
1.03e-04	1.03e-04	1.04e-04	1.03e-04	
Num Msgs 32
SizeMsgs 8192
1.24e-04	1.24e-04	1.24e-04	1.24e-04	
Num Msgs 64
SizeMsgs 8192
1.59e-04	1.59e-04	1.58e-04	1.58e-04	
Num Msgs 128
SizeMsgs 8192
2.11e-04	2.11e-04	2.11e-04	2.05e-04	
Num Msgs 256
SizeMsgs 8192
2.79e-04	2.79e-04	2.77e-04	2.74e-04	
Num Msgs 512
SizeMsgs 8192
6.06e-04	6.01e-04	5.97e-04	6.04e-04	
Num Msgs 1024
SizeMsgs 8192
1.26e-03	1.24e-03	1.25e-03	1.25e-03	
Num Msgs 2048
SizeMsgs 8192
3.02e-03	2.86e-03	2.87e-03	2.86e-03	
Num Msgs 4096
SizeMsgs 8192
6.46e-03	6.44e-03	6.38e-03	6.42e-03	
Num Msgs 8192
SizeMsgs 8192
1.98e-02	1.41e-02	1.42e-02	1.41e-02	

Num Msgs 1
SizeMsgs 16384
1.93e-05	1.70e-05	1.69e-05	1.85e-05	
Num Msgs 2
SizeMsgs 16384
2.27e-05	2.12e-05	2.11e-05	2.21e-05	
Num Msgs 4
SizeMsgs 16384
3.16e-05	2.99e-05	2.98e-05	2.99e-05	
Num Msgs 8
SizeMsgs 16384
4.73e-05	4.69e-05	4.71e-05	4.71e-05	
Num Msgs 16
SizeMsgs 16384
1.75e-04	1.77e-04	1.76e-04	1.76e-04	
Num Msgs 32
SizeMsgs 16384
2.06e-04	2.06e-04	2.08e-04	2.06e-04	
Num Msgs 64
SizeMsgs 16384
2.46e-04	2.45e-04	2.45e-04	2.45e-04	
Num Msgs 128
SizeMsgs 16384
3.06e-04	3.06e-04	3.05e-04	3.05e-04	
Num Msgs 256
SizeMsgs 16384
4.03e-04	3.93e-04	3.83e-04	3.83e-04	
Num Msgs 512
SizeMsgs 16384
6.36e-04	6.34e-04	6.27e-04	6.33e-04	
Num Msgs 1024
SizeMsgs 16384
1.25e-03	1.24e-03	1.22e-03	1.24e-03	
Num Msgs 2048
SizeMsgs 16384
2.58e-03	2.56e-03	2.48e-03	2.50e-03	
Num Msgs 4096
SizeMsgs 16384
6.54e-03	6.40e-03	6.36e-03	6.25e-03	
Num Msgs 8192
SizeMsgs 16384
1.43e-02	1.41e-02	1.42e-02	1.41e-02	
Num Msgs 16384
SizeMsgs 16384
4.08e-02	3.13e-02	3.13e-02	3.12e-02	

Num Msgs 1
SizeMsgs 32768
3.34e-05	3.17e-05	3.11e-05	3.15e-05	
Num Msgs 2
SizeMsgs 32768
3.60e-05	3.55e-05	3.56e-05	3.54e-05	
Num Msgs 4
SizeMsgs 32768
4.46e-05	4.35e-05	4.45e-05	4.33e-05	
Num Msgs 8
SizeMsgs 32768
6.31e-05	6.18e-05	6.34e-05	6.09e-05	
Num Msgs 16
SizeMsgs 32768
9.62e-05	9.60e-05	9.61e-05	9.62e-05	
Num Msgs 32
SizeMsgs 32768
3.52e-04	3.61e-04	3.51e-04	3.51e-04	
Num Msgs 64
SizeMsgs 32768
4.07e-04	4.10e-04	4.07e-04	4.08e-04	
Num Msgs 128
SizeMsgs 32768
4.91e-04	4.94e-04	4.95e-04	4.97e-04	
Num Msgs 256
SizeMsgs 32768
5.90e-04	5.87e-04	5.95e-04	5.95e-04	
Num Msgs 512
SizeMsgs 32768
8.02e-04	8.40e-04	8.27e-04	8.37e-04	
Num Msgs 1024
SizeMsgs 32768
1.30e-03	1.24e-03	1.27e-03	1.26e-03	
Num Msgs 2048
SizeMsgs 32768
2.57e-03	2.52e-03	2.49e-03	2.50e-03	
Num Msgs 4096
SizeMsgs 32768
6.11e-03	5.84e-03	5.84e-03	5.85e-03	
Num Msgs 8192
SizeMsgs 32768
1.47e-02	1.45e-02	1.46e-02	1.45e-02	
Num Msgs 16384
SizeMsgs 32768
3.14e-02	3.14e-02	3.14e-02	3.13e-02	

Num Msgs 1
SizeMsgs 65536
6.37e-05	5.87e-05	5.87e-05	5.86e-05	
Num Msgs 2
SizeMsgs 65536
6.32e-05	6.30e-05	6.29e-05	6.30e-05	
Num Msgs 4
SizeMsgs 65536
7.17e-05	7.17e-05	7.16e-05	7.18e-05	
Num Msgs 8
SizeMsgs 65536
8.96e-05	8.93e-05	8.94e-05	8.94e-05	
Num Msgs 16
SizeMsgs 65536
1.25e-04	1.26e-04	1.27e-04	1.27e-04	
Num Msgs 32
SizeMsgs 65536
1.92e-04	1.93e-04	1.92e-04	1.92e-04	
Num Msgs 64
SizeMsgs 65536
6.98e-04	7.01e-04	6.99e-04	7.11e-04	
Num Msgs 128
SizeMsgs 65536
8.37e-04	8.38e-04	8.44e-04	8.23e-04	
Num Msgs 256
SizeMsgs 65536
9.65e-04	9.59e-04	9.66e-04	9.69e-04	
Num Msgs 512
SizeMsgs 65536
1.19e-03	1.19e-03	1.19e-03	1.20e-03	
Num Msgs 1024
SizeMsgs 65536
1.90e-03	1.85e-03	1.84e-03	1.83e-03	
Num Msgs 2048
SizeMsgs 65536
2.70e-03	2.61e-03	2.63e-03	2.63e-03	
Num Msgs 4096
SizeMsgs 65536
6.31e-03	5.93e-03	5.88e-03	5.86e-03	
Num Msgs 8192
SizeMsgs 65536
1.53e-02	1.51e-02	1.52e-02	1.52e-02	
Num Msgs 16384
SizeMsgs 65536
3.22e-02	3.20e-02	3.22e-02	3.20e-02	
Pingpong for
master:  0, 1, 2, 3, 4, 5, 6, 7
partner: 8, 9, 10, 11, 12, 13, 14, 15

Num Msgs 1
SizeMsgs 1
1.31e-06	1.31e-06	1.31e-06	1.31e-06	

Num Msgs 1
SizeMsgs 2
1.32e-06	1.33e-06	1.32e-06	1.33e-06	
Num Msgs 2
SizeMsgs 2
2.50e-06	2.50e-06	2.50e-06	2.50e-06	

Num Msgs 1
SizeMsgs 4
1.70e-06	1.71e-06	1.72e-06	1.72e-06	
Num Msgs 2
SizeMsgs 4
2.89e-06	2.90e-06	2.91e-06	2.88e-06	
Num Msgs 4
SizeMsgs 4
4.86e-06	4.86e-06	4.87e-06	4.88e-06	

Num Msgs 1
SizeMsgs 8
1.89e-06	1.88e-06	1.88e-06	1.89e-06	
Num Msgs 2
SizeMsgs 8
3.49e-06	3.49e-06	3.49e-06	3.49e-06	
Num Msgs 4
SizeMsgs 8
4.94e-06	4.95e-06	4.95e-06	4.95e-06	
Num Msgs 8
SizeMsgs 8
8.23e-06	8.23e-06	8.24e-06	8.23e-06	

Num Msgs 1
SizeMsgs 16
2.23e-06	2.24e-06	2.24e-06	2.23e-06	
Num Msgs 2
SizeMsgs 16
3.07e-06	3.06e-06	3.07e-06	3.07e-06	
Num Msgs 4
SizeMsgs 16
5.32e-06	5.32e-06	5.32e-06	5.31e-06	
Num Msgs 8
SizeMsgs 16
8.39e-06	8.38e-06	8.41e-06	8.40e-06	
Num Msgs 16
SizeMsgs 16
1.49e-05	1.50e-05	1.49e-05	1.50e-05	

Num Msgs 1
SizeMsgs 32
2.31e-06	2.31e-06	2.31e-06	2.31e-06	
Num Msgs 2
SizeMsgs 32
3.41e-06	3.40e-06	3.40e-06	3.41e-06	
Num Msgs 4
SizeMsgs 32
5.14e-06	5.13e-06	5.14e-06	5.14e-06	
Num Msgs 8
SizeMsgs 32
9.27e-06	9.27e-06	9.26e-06	9.27e-06	
Num Msgs 16
SizeMsgs 32
1.51e-05	1.52e-05	1.52e-05	1.50e-05	
Num Msgs 32
SizeMsgs 32
2.98e-05	2.99e-05	2.99e-05	2.97e-05	

Num Msgs 1
SizeMsgs 64
2.62e-06	2.62e-06	2.62e-06	2.62e-06	
Num Msgs 2
SizeMsgs 64
3.63e-06	3.63e-06	3.65e-06	3.70e-06	
Num Msgs 4
SizeMsgs 64
5.61e-06	5.61e-06	5.61e-06	5.61e-06	
Num Msgs 8
SizeMsgs 64
8.93e-06	8.94e-06	8.97e-06	8.99e-06	
Num Msgs 16
SizeMsgs 64
1.58e-05	1.55e-05	1.56e-05	1.55e-05	
Num Msgs 32
SizeMsgs 64
3.02e-05	3.04e-05	3.04e-05	3.00e-05	
Num Msgs 64
SizeMsgs 64
5.92e-05	5.91e-05	5.90e-05	5.88e-05	

Num Msgs 1
SizeMsgs 128
3.68e-06	3.66e-06	3.67e-06	3.66e-06	
Num Msgs 2
SizeMsgs 128
4.54e-06	4.53e-06	4.53e-06	4.53e-06	
Num Msgs 4
SizeMsgs 128
6.20e-06	6.11e-06	6.09e-06	6.11e-06	
Num Msgs 8
SizeMsgs 128
9.56e-06	9.57e-06	9.57e-06	9.56e-06	
Num Msgs 16
SizeMsgs 128
1.58e-05	1.59e-05	1.55e-05	1.56e-05	
Num Msgs 32
SizeMsgs 128
3.20e-05	3.20e-05	3.20e-05	3.22e-05	
Num Msgs 64
SizeMsgs 128
6.03e-05	5.96e-05	6.03e-05	5.99e-05	
Num Msgs 128
SizeMsgs 128
1.33e-04	1.31e-04	1.28e-04	1.29e-04	

Num Msgs 1
SizeMsgs 256
4.91e-06	4.91e-06	4.90e-06	4.90e-06	
Num Msgs 2
SizeMsgs 256
5.94e-06	5.97e-06	5.97e-06	5.97e-06	
Num Msgs 4
SizeMsgs 256
7.96e-06	7.98e-06	7.97e-06	7.96e-06	
Num Msgs 8
SizeMsgs 256
1.10e-05	1.09e-05	1.08e-05	1.08e-05	
Num Msgs 16
SizeMsgs 256
1.71e-05	1.71e-05	1.68e-05	1.68e-05	
Num Msgs 32
SizeMsgs 256
3.18e-05	3.20e-05	3.18e-05	3.18e-05	
Num Msgs 64
SizeMsgs 256
6.45e-05	6.42e-05	6.42e-05	6.44e-05	
Num Msgs 128
SizeMsgs 256
1.33e-04	1.34e-04	1.33e-04	1.33e-04	
Num Msgs 256
SizeMsgs 256
3.33e-04	3.29e-04	3.29e-04	3.29e-04	

Num Msgs 1
SizeMsgs 512
7.49e-06	7.49e-06	7.49e-06	7.50e-06	
Num Msgs 2
SizeMsgs 512
8.37e-06	8.38e-06	8.38e-06	8.38e-06	
Num Msgs 4
SizeMsgs 512
1.10e-05	1.10e-05	1.10e-05	1.10e-05	
Num Msgs 8
SizeMsgs 512
1.53e-05	1.53e-05	1.53e-05	1.53e-05	
Num Msgs 16
SizeMsgs 512
1.98e-05	1.94e-05	1.92e-05	1.92e-05	
Num Msgs 32
SizeMsgs 512
3.40e-05	3.40e-05	3.40e-05	3.36e-05	
Num Msgs 64
SizeMsgs 512
6.41e-05	6.40e-05	6.34e-05	6.40e-05	
Num Msgs 128
SizeMsgs 512
1.36e-04	1.38e-04	1.37e-04	1.37e-04	
Num Msgs 256
SizeMsgs 512
3.24e-04	3.25e-04	3.24e-04	3.24e-04	
Num Msgs 512
SizeMsgs 512
7.39e-04	7.39e-04	7.39e-04	7.38e-04	

Num Msgs 1
SizeMsgs 1024
1.19e-05	1.19e-05	1.19e-05	1.19e-05	
Num Msgs 2
SizeMsgs 1024
1.32e-05	1.32e-05	1.32e-05	1.32e-05	
Num Msgs 4
SizeMsgs 1024
1.60e-05	1.60e-05	1.60e-05	1.60e-05	
Num Msgs 8
SizeMsgs 1024
2.14e-05	2.14e-05	2.14e-05	2.14e-05	
Num Msgs 16
SizeMsgs 1024
2.99e-05	3.00e-05	3.00e-05	3.00e-05	
Num Msgs 32
SizeMsgs 1024
3.72e-05	3.75e-05	3.72e-05	3.72e-05	
Num Msgs 64
SizeMsgs 1024
6.79e-05	6.80e-05	6.80e-05	6.70e-05	
Num Msgs 128
SizeMsgs 1024
1.35e-04	1.33e-04	1.35e-04	1.36e-04	
Num Msgs 256
SizeMsgs 1024
3.00e-04	3.03e-04	3.03e-04	3.01e-04	
Num Msgs 512
SizeMsgs 1024
7.26e-04	7.27e-04	7.27e-04	7.18e-04	
Num Msgs 1024
SizeMsgs 1024
1.64e-03	1.59e-03	1.60e-03	1.58e-03	

Num Msgs 1
SizeMsgs 2048
7.36e-06	7.34e-06	7.34e-06	7.36e-06	
Num Msgs 2
SizeMsgs 2048
2.22e-05	2.22e-05	2.22e-05	2.22e-05	
Num Msgs 4
SizeMsgs 2048
2.60e-05	2.60e-05	2.60e-05	2.60e-05	
Num Msgs 8
SizeMsgs 2048
3.16e-05	3.15e-05	3.15e-05	3.15e-05	
Num Msgs 16
SizeMsgs 2048
4.16e-05	4.22e-05	4.15e-05	4.20e-05	
Num Msgs 32
SizeMsgs 2048
5.64e-05	5.67e-05	5.65e-05	5.63e-05	
Num Msgs 64
SizeMsgs 2048
7.18e-05	7.28e-05	7.16e-05	7.21e-05	
Num Msgs 128
SizeMsgs 2048
1.38e-04	1.38e-04	1.39e-04	1.38e-04	
Num Msgs 256
SizeMsgs 2048
2.74e-04	2.79e-04	2.77e-04	2.77e-04	
Num Msgs 512
SizeMsgs 2048
6.67e-04	6.84e-04	6.61e-04	6.66e-04	
Num Msgs 1024
SizeMsgs 2048
1.55e-03	1.55e-03	1.53e-03	1.53e-03	
Num Msgs 2048
SizeMsgs 2048
3.32e-03	3.17e-03	3.21e-03	3.18e-03	

Num Msgs 1
SizeMsgs 4096
7.95e-06	7.95e-06	7.95e-06	7.97e-06	
Num Msgs 2
SizeMsgs 4096
1.24e-05	1.23e-05	1.23e-05	1.23e-05	
Num Msgs 4
SizeMsgs 4096
4.38e-05	4.38e-05	4.38e-05	4.39e-05	
Num Msgs 8
SizeMsgs 4096
5.18e-05	5.18e-05	5.18e-05	5.17e-05	
Num Msgs 16
SizeMsgs 4096
6.22e-05	6.26e-05	6.23e-05	6.23e-05	
Num Msgs 32
SizeMsgs 4096
8.05e-05	8.04e-05	8.08e-05	8.06e-05	
Num Msgs 64
SizeMsgs 4096
1.09e-04	1.09e-04	1.09e-04	1.08e-04	
Num Msgs 128
SizeMsgs 4096
1.46e-04	1.45e-04	1.45e-04	1.46e-04	
Num Msgs 256
SizeMsgs 4096
2.73e-04	2.73e-04	2.75e-04	2.73e-04	
Num Msgs 512
SizeMsgs 4096
6.02e-04	6.08e-04	6.05e-04	6.06e-04	
Num Msgs 1024
SizeMsgs 4096
1.43e-03	1.45e-03	1.41e-03	1.40e-03	
Num Msgs 2048
SizeMsgs 4096
3.22e-03	3.13e-03	3.09e-03	3.08e-03	
Num Msgs 4096
SizeMsgs 4096
6.80e-03	6.41e-03	6.44e-03	6.48e-03	

Num Msgs 1
SizeMsgs 8192
1.15e-05	1.15e-05	1.15e-05	1.15e-05	
Num Msgs 2
SizeMsgs 8192
1.63e-05	1.64e-05	1.63e-05	1.63e-05	
Num Msgs 4
SizeMsgs 8192
2.60e-05	2.60e-05	2.60e-05	2.60e-05	
Num Msgs 8
SizeMsgs 8192
8.78e-05	8.78e-05	8.78e-05	8.78e-05	
Num Msgs 16
SizeMsgs 8192
1.04e-04	1.04e-04	1.05e-04	1.03e-04	
Num Msgs 32
SizeMsgs 8192
1.23e-04	1.23e-04	1.23e-04	1.23e-04	
Num Msgs 64
SizeMsgs 8192
1.58e-04	1.58e-04	1.58e-04	1.57e-04	
Num Msgs 128
SizeMsgs 8192
1.98e-04	2.01e-04	1.99e-04	1.94e-04	
Num Msgs 256
SizeMsgs 8192
2.76e-04	2.77e-04	2.72e-04	2.74e-04	
Num Msgs 512
SizeMsgs 8192
6.11e-04	5.99e-04	5.98e-04	5.95e-04	
Num Msgs 1024
SizeMsgs 8192
1.26e-03	1.24e-03	1.24e-03	1.26e-03	
Num Msgs 2048
SizeMsgs 8192
2.91e-03	2.87e-03	2.87e-03	2.85e-03	
Num Msgs 4096
SizeMsgs 8192
6.42e-03	6.39e-03	6.34e-03	6.37e-03	
Num Msgs 8192
SizeMsgs 8192
1.44e-02	1.40e-02	1.41e-02	1.41e-02	

Num Msgs 1
SizeMsgs 16384
2.10e-05	1.94e-05	1.92e-05	2.14e-05	
Num Msgs 2
SizeMsgs 16384
2.38e-05	2.31e-05	2.29e-05	2.49e-05	
Num Msgs 4
SizeMsgs 16384
3.40e-05	3.34e-05	3.33e-05	3.33e-05	
Num Msgs 8
SizeMsgs 16384
5.36e-05	5.36e-05	5.36e-05	5.36e-05	
Num Msgs 16
SizeMsgs 16384
1.75e-04	1.77e-04	1.78e-04	1.79e-04	
Num Msgs 32
SizeMsgs 16384
2.06e-04	2.07e-04	2.08e-04	2.07e-04	
Num Msgs 64
SizeMsgs 16384
2.44e-04	2.44e-04	2.44e-04	2.44e-04	
Num Msgs 128
SizeMsgs 16384
3.08e-04	3.08e-04	3.07e-04	3.05e-04	
Num Msgs 256
SizeMsgs 16384
3.88e-04	3.80e-04	3.81e-04	3.76e-04	
Num Msgs 512
SizeMsgs 16384
6.22e-04	6.18e-04	6.05e-04	6.19e-04	
Num Msgs 1024
SizeMsgs 16384
1.26e-03	1.23e-03	1.24e-03	1.23e-03	
Num Msgs 2048
SizeMsgs 16384
2.59e-03	2.53e-03	2.53e-03	2.52e-03	
Num Msgs 4096
SizeMsgs 16384
6.51e-03	6.29e-03	6.34e-03	6.32e-03	
Num Msgs 8192
SizeMsgs 16384
1.43e-02	1.41e-02	1.42e-02	1.40e-02	
Num Msgs 16384
SizeMsgs 16384
3.14e-02	3.12e-02	3.12e-02	3.11e-02	

Num Msgs 1
SizeMsgs 32768
3.88e-05	3.79e-05	3.58e-05	3.84e-05	
Num Msgs 2
SizeMsgs 32768
3.85e-05	4.15e-05	3.86e-05	4.14e-05	
Num Msgs 4
SizeMsgs 32768
4.66e-05	4.90e-05	4.64e-05	4.91e-05	
Num Msgs 8
SizeMsgs 32768
6.83e-05	6.80e-05	7.06e-05	6.88e-05	
Num Msgs 16
SizeMsgs 32768
1.09e-04	1.09e-04	1.09e-04	1.09e-04	
Num Msgs 32
SizeMsgs 32768
3.51e-04	3.53e-04	3.58e-04	3.53e-04	
Num Msgs 64
SizeMsgs 32768
4.11e-04	4.18e-04	4.11e-04	4.09e-04	
Num Msgs 128
SizeMsgs 32768
4.86e-04	4.97e-04	4.91e-04	4.91e-04	
Num Msgs 256
SizeMsgs 32768
6.00e-04	6.05e-04	5.89e-04	5.89e-04	
Num Msgs 512
SizeMsgs 32768
7.68e-04	8.10e-04	8.20e-04	7.85e-04	
Num Msgs 1024
SizeMsgs 32768
1.30e-03	1.25e-03	1.24e-03	1.24e-03	
Num Msgs 2048
SizeMsgs 32768
2.59e-03	2.53e-03	2.52e-03	2.52e-03	
Num Msgs 4096
SizeMsgs 32768
6.11e-03	5.86e-03	5.85e-03	5.86e-03	
Num Msgs 8192
SizeMsgs 32768
1.46e-02	1.45e-02	1.46e-02	1.44e-02	
Num Msgs 16384
SizeMsgs 32768
3.14e-02	3.12e-02	3.13e-02	3.12e-02	

Num Msgs 1
SizeMsgs 65536
7.75e-05	7.19e-05	7.25e-05	7.22e-05	
Num Msgs 2
SizeMsgs 65536
7.52e-05	7.51e-05	7.50e-05	7.53e-05	
Num Msgs 4
SizeMsgs 65536
8.16e-05	8.12e-05	8.14e-05	8.16e-05	
Num Msgs 8
SizeMsgs 65536
9.80e-05	9.80e-05	9.78e-05	9.80e-05	
Num Msgs 16
SizeMsgs 65536
1.42e-04	1.41e-04	1.42e-04	1.41e-04	
Num Msgs 32
SizeMsgs 65536
2.21e-04	2.21e-04	2.21e-04	2.21e-04	
Num Msgs 64
SizeMsgs 65536
7.08e-04	7.01e-04	7.04e-04	7.04e-04	
Num Msgs 128
SizeMsgs 65536
8.29e-04	8.35e-04	8.41e-04	8.49e-04	
Num Msgs 256
SizeMsgs 65536
9.59e-04	9.49e-04	9.52e-04	9.56e-04	
Num Msgs 512
SizeMsgs 65536
1.20e-03	1.19e-03	1.18e-03	1.19e-03	
Num Msgs 1024
SizeMsgs 65536
1.85e-03	1.83e-03	1.86e-03	1.80e-03	
Num Msgs 2048
SizeMsgs 65536
2.68e-03	2.59e-03	2.55e-03	2.56e-03	
Num Msgs 4096
SizeMsgs 65536
6.26e-03	5.78e-03	5.90e-03	5.84e-03	
Num Msgs 8192
SizeMsgs 65536
1.50e-02	1.51e-02	1.50e-02	1.50e-02	
Num Msgs 16384
SizeMsgs 65536
3.21e-02	3.19e-02	3.21e-02	3.19e-02	
Application 66254268 resources: utime ~854s, stime ~11s, Rss ~22628, inblocks ~7057, outblocks ~16454
