----------------------------------------
Begin Torque Prologue on nid25430
at Fri Apr  6 10:32:14 CDT 2018
Job Id:			8487287.bw
Username:		bienz
Group:			ILL_jq7
Job name:		nodecomm
Requested resources:	neednodes=1:ppn=32:xe,nodes=1:ppn=32:xe,walltime=00:20:00
Queue:			normal
Account:		jq7
End Torque Prologue:  0.111 elapsed
----------------------------------------




Pingpong for
master:  0, 1, 2, 3, 4, 5, 6, 7
partner: 8, 9, 10, 11, 12, 13, 14, 15

Num Msgs 1
SizeMsgs 1
1.30e-06	1.30e-06	1.29e-06	1.29e-06	

Num Msgs 1
SizeMsgs 2
1.31e-06	1.31e-06	1.33e-06	1.33e-06	
Num Msgs 2
SizeMsgs 2
2.51e-06	2.48e-06	2.48e-06	2.48e-06	

Num Msgs 1
SizeMsgs 4
1.70e-06	1.70e-06	1.70e-06	1.70e-06	
Num Msgs 2
SizeMsgs 4
2.52e-06	2.52e-06	2.52e-06	2.52e-06	
Num Msgs 4
SizeMsgs 4
4.57e-06	4.56e-06	4.55e-06	4.56e-06	

Num Msgs 1
SizeMsgs 8
2.00e-06	1.91e-06	1.89e-06	1.87e-06	
Num Msgs 2
SizeMsgs 8
3.45e-06	3.45e-06	3.45e-06	3.45e-06	
Num Msgs 4
SizeMsgs 8
4.55e-06	4.56e-06	4.56e-06	4.57e-06	
Num Msgs 8
SizeMsgs 8
8.54e-06	8.52e-06	8.53e-06	8.54e-06	

Num Msgs 1
SizeMsgs 16
2.24e-06	2.24e-06	2.24e-06	2.24e-06	
Num Msgs 2
SizeMsgs 16
3.02e-06	3.02e-06	3.01e-06	3.01e-06	
Num Msgs 4
SizeMsgs 16
5.40e-06	5.41e-06	5.41e-06	5.40e-06	
Num Msgs 8
SizeMsgs 16
8.34e-06	8.35e-06	8.35e-06	8.35e-06	
Num Msgs 16
SizeMsgs 16
2.32e-05	1.47e-05	1.48e-05	1.49e-05	

Num Msgs 1
SizeMsgs 32
2.30e-06	2.30e-06	2.30e-06	2.29e-06	
Num Msgs 2
SizeMsgs 32
3.42e-06	3.43e-06	3.42e-06	3.41e-06	
Num Msgs 4
SizeMsgs 32
5.17e-06	5.19e-06	5.17e-06	5.18e-06	
Num Msgs 8
SizeMsgs 32
9.70e-06	9.71e-06	9.72e-06	9.71e-06	
Num Msgs 16
SizeMsgs 32
1.52e-05	1.51e-05	1.51e-05	1.50e-05	
Num Msgs 32
SizeMsgs 32
2.94e-05	2.93e-05	2.94e-05	2.96e-05	

Num Msgs 1
SizeMsgs 64
2.62e-06	2.63e-06	2.62e-06	2.61e-06	
Num Msgs 2
SizeMsgs 64
3.72e-06	3.71e-06	3.72e-06	3.72e-06	
Num Msgs 4
SizeMsgs 64
5.60e-06	5.60e-06	5.59e-06	5.58e-06	
Num Msgs 8
SizeMsgs 64
9.19e-06	9.17e-06	9.17e-06	9.15e-06	
Num Msgs 16
SizeMsgs 64
1.62e-05	1.57e-05	1.58e-05	1.57e-05	
Num Msgs 32
SizeMsgs 64
2.95e-05	2.97e-05	2.95e-05	2.94e-05	
Num Msgs 64
SizeMsgs 64
5.92e-05	5.92e-05	5.92e-05	5.91e-05	

Num Msgs 1
SizeMsgs 128
3.67e-06	3.67e-06	3.67e-06	3.65e-06	
Num Msgs 2
SizeMsgs 128
4.47e-06	4.45e-06	4.49e-06	4.49e-06	
Num Msgs 4
SizeMsgs 128
5.87e-06	5.87e-06	5.87e-06	5.87e-06	
Num Msgs 8
SizeMsgs 128
9.66e-06	9.64e-06	9.65e-06	9.64e-06	
Num Msgs 16
SizeMsgs 128
1.65e-05	1.61e-05	1.63e-05	1.62e-05	
Num Msgs 32
SizeMsgs 128
3.15e-05	3.14e-05	3.15e-05	3.16e-05	
Num Msgs 64
SizeMsgs 128
6.01e-05	5.95e-05	5.96e-05	5.95e-05	
Num Msgs 128
SizeMsgs 128
2.22e-04	2.18e-04	2.17e-04	2.18e-04	

Num Msgs 1
SizeMsgs 256
4.96e-06	4.94e-06	4.97e-06	4.96e-06	
Num Msgs 2
SizeMsgs 256
5.76e-06	5.76e-06	5.76e-06	5.75e-06	
Num Msgs 4
SizeMsgs 256
7.83e-06	7.80e-06	7.81e-06	7.77e-06	
Num Msgs 8
SizeMsgs 256
1.09e-05	1.09e-05	1.09e-05	1.09e-05	
Num Msgs 16
SizeMsgs 256
1.76e-05	1.76e-05	1.74e-05	1.76e-05	
Num Msgs 32
SizeMsgs 256
3.22e-05	3.20e-05	3.18e-05	3.20e-05	
Num Msgs 64
SizeMsgs 256
6.50e-05	6.50e-05	6.49e-05	6.48e-05	
Num Msgs 128
SizeMsgs 256
2.21e-04	2.19e-04	2.20e-04	2.19e-04	
Num Msgs 256
SizeMsgs 256
9.72e-04	9.71e-04	9.98e-04	9.72e-04	

Num Msgs 1
SizeMsgs 512
7.53e-06	7.53e-06	7.52e-06	7.51e-06	
Num Msgs 2
SizeMsgs 512
8.46e-06	8.38e-06	8.38e-06	8.39e-06	
Num Msgs 4
SizeMsgs 512
1.10e-05	1.10e-05	1.10e-05	1.10e-05	
Num Msgs 8
SizeMsgs 512
1.46e-05	1.46e-05	1.46e-05	1.46e-05	
Num Msgs 16
SizeMsgs 512
2.01e-05	2.03e-05	2.03e-05	2.02e-05	
Num Msgs 32
SizeMsgs 512
3.47e-05	3.45e-05	3.46e-05	3.48e-05	
Num Msgs 64
SizeMsgs 512
6.49e-05	6.47e-05	6.46e-05	6.47e-05	
Num Msgs 128
SizeMsgs 512
2.28e-04	2.26e-04	2.26e-04	2.26e-04	
Num Msgs 256
SizeMsgs 512
9.75e-04	9.80e-04	9.95e-04	9.75e-04	
Num Msgs 512
SizeMsgs 512
3.83e-03	3.85e-03	3.83e-03	3.82e-03	

Num Msgs 1
SizeMsgs 1024
1.19e-05	1.19e-05	1.19e-05	1.19e-05	
Num Msgs 2
SizeMsgs 1024
1.31e-05	1.31e-05	1.31e-05	1.31e-05	
Num Msgs 4
SizeMsgs 1024
1.61e-05	1.61e-05	1.61e-05	1.61e-05	
Num Msgs 8
SizeMsgs 1024
2.15e-05	2.15e-05	2.15e-05	2.15e-05	
Num Msgs 16
SizeMsgs 1024
2.84e-05	2.87e-05	2.85e-05	2.86e-05	
Num Msgs 32
SizeMsgs 1024
3.79e-05	3.79e-05	3.77e-05	3.78e-05	
Num Msgs 64
SizeMsgs 1024
6.77e-05	6.77e-05	6.77e-05	6.77e-05	
Num Msgs 128
SizeMsgs 1024
2.27e-04	2.28e-04	2.27e-04	2.27e-04	
Num Msgs 256
SizeMsgs 1024
9.90e-04	9.90e-04	1.02e-03	9.90e-04	
Num Msgs 512
SizeMsgs 1024
3.85e-03	3.84e-03	3.85e-03	3.84e-03	
Num Msgs 1024
SizeMsgs 1024
1.49e-02	1.40e-02	1.50e-02	1.37e-02	

Num Msgs 1
SizeMsgs 2048
5.64e-06	5.63e-06	5.63e-06	5.63e-06	
Num Msgs 2
SizeMsgs 2048
2.22e-05	2.21e-05	2.22e-05	2.22e-05	
Num Msgs 4
SizeMsgs 2048
2.60e-05	2.59e-05	2.60e-05	2.59e-05	
Num Msgs 8
SizeMsgs 2048
3.17e-05	3.17e-05	3.17e-05	3.17e-05	
Num Msgs 16
SizeMsgs 2048
4.32e-05	4.25e-05	4.28e-05	4.26e-05	
Num Msgs 32
SizeMsgs 2048
5.50e-05	5.49e-05	5.47e-05	5.51e-05	
Num Msgs 64
SizeMsgs 2048
7.84e-05	7.84e-05	7.81e-05	7.85e-05	
Num Msgs 128
SizeMsgs 2048
2.33e-04	2.33e-04	2.32e-04	2.33e-04	
Num Msgs 256
SizeMsgs 2048
9.89e-04	9.89e-04	1.02e-03	9.89e-04	
Num Msgs 512
SizeMsgs 2048
3.88e-03	3.89e-03	3.88e-03	3.86e-03	
Num Msgs 1024
SizeMsgs 2048
1.51e-02	1.40e-02	1.48e-02	1.38e-02	
Num Msgs 2048
SizeMsgs 2048
5.88e-02	5.26e-02	5.71e-02	5.26e-02	

Num Msgs 1
SizeMsgs 4096
7.18e-06	7.17e-06	7.17e-06	7.17e-06	
Num Msgs 2
SizeMsgs 4096
1.10e-05	1.10e-05	1.10e-05	1.10e-05	
Num Msgs 4
SizeMsgs 4096
4.39e-05	4.39e-05	4.39e-05	4.39e-05	
Num Msgs 8
SizeMsgs 4096
5.18e-05	5.17e-05	5.18e-05	5.18e-05	
Num Msgs 16
SizeMsgs 4096
6.33e-05	6.33e-05	6.30e-05	6.29e-05	
Num Msgs 32
SizeMsgs 4096
8.18e-05	8.19e-05	8.20e-05	8.21e-05	
Num Msgs 64
SizeMsgs 4096
1.03e-04	1.03e-04	1.03e-04	1.04e-04	
Num Msgs 128
SizeMsgs 4096
2.42e-04	2.40e-04	2.39e-04	2.40e-04	
Num Msgs 256
SizeMsgs 4096
1.00e-03	9.99e-04	1.02e-03	1.01e-03	
Num Msgs 512
SizeMsgs 4096
3.89e-03	3.89e-03	3.89e-03	3.87e-03	
Num Msgs 1024
SizeMsgs 4096
1.50e-02	1.39e-02	1.52e-02	1.39e-02	
Num Msgs 2048
SizeMsgs 4096
5.72e-02	5.26e-02	5.72e-02	5.27e-02	
Num Msgs 4096
SizeMsgs 4096
2.26e-01	2.05e-01	2.23e-01	2.04e-01	

Num Msgs 1
SizeMsgs 8192
1.06e-05	1.06e-05	1.06e-05	1.06e-05	
Num Msgs 2
SizeMsgs 8192
1.48e-05	1.48e-05	1.48e-05	1.48e-05	
Num Msgs 4
SizeMsgs 8192
2.30e-05	2.30e-05	2.30e-05	2.29e-05	
Num Msgs 8
SizeMsgs 8192
8.79e-05	8.78e-05	8.78e-05	8.78e-05	
Num Msgs 16
SizeMsgs 8192
1.04e-04	1.06e-04	1.04e-04	1.04e-04	
Num Msgs 32
SizeMsgs 8192
1.26e-04	1.25e-04	1.24e-04	1.25e-04	
Num Msgs 64
SizeMsgs 8192
1.55e-04	1.56e-04	1.56e-04	1.56e-04	
Num Msgs 128
SizeMsgs 8192
2.79e-04	2.74e-04	2.76e-04	2.75e-04	
Num Msgs 256
SizeMsgs 8192
1.01e-03	1.01e-03	1.03e-03	1.02e-03	
Num Msgs 512
SizeMsgs 8192
3.91e-03	3.90e-03	3.87e-03	3.88e-03	
Num Msgs 1024
SizeMsgs 8192
1.52e-02	1.40e-02	1.47e-02	1.41e-02	
Num Msgs 2048
SizeMsgs 8192
5.74e-02	5.29e-02	5.75e-02	5.29e-02	
Num Msgs 4096
SizeMsgs 8192
2.23e-01	2.05e-01	2.23e-01	2.04e-01	
Num Msgs 8192
SizeMsgs 8192
9.98e-01	9.08e-01	9.92e-01	9.08e-01	

Num Msgs 1
SizeMsgs 16384
1.93e-05	1.70e-05	1.78e-05	1.89e-05	
Num Msgs 2
SizeMsgs 16384
2.15e-05	2.12e-05	2.15e-05	2.34e-05	
Num Msgs 4
SizeMsgs 16384
3.00e-05	2.97e-05	2.98e-05	3.09e-05	
Num Msgs 8
SizeMsgs 16384
4.86e-05	4.73e-05	4.74e-05	4.74e-05	
Num Msgs 16
SizeMsgs 16384
1.74e-04	1.77e-04	1.77e-04	1.78e-04	
Num Msgs 32
SizeMsgs 16384
2.10e-04	2.06e-04	2.08e-04	2.07e-04	
Num Msgs 64
SizeMsgs 16384
2.45e-04	2.44e-04	2.44e-04	2.43e-04	
Num Msgs 128
SizeMsgs 16384
3.29e-04	3.27e-04	3.27e-04	3.28e-04	
Num Msgs 256
SizeMsgs 16384
1.08e-03	1.08e-03	1.08e-03	1.08e-03	
Num Msgs 512
SizeMsgs 16384
3.91e-03	3.92e-03	3.89e-03	3.90e-03	
Num Msgs 1024
SizeMsgs 16384
1.52e-02	1.41e-02	1.47e-02	1.41e-02	
Num Msgs 2048
SizeMsgs 16384
5.75e-02	5.27e-02	5.73e-02	5.27e-02	
Num Msgs 4096
SizeMsgs 16384
2.23e-01	2.05e-01	2.23e-01	2.05e-01	
Num Msgs 8192
SizeMsgs 16384
9.93e-01	9.08e-01	9.93e-01	9.08e-01	
Num Msgs 16384
SizeMsgs 16384
4.83e+00	4.39e+00	4.82e+00	4.39e+00	

Num Msgs 1
SizeMsgs 32768
3.35e-05	3.27e-05	3.00e-05	3.27e-05	
Num Msgs 2
SizeMsgs 32768
3.47e-05	3.68e-05	3.43e-05	3.70e-05	
Num Msgs 4
SizeMsgs 32768
4.31e-05	4.52e-05	4.26e-05	4.51e-05	
Num Msgs 8
SizeMsgs 32768
6.16e-05	6.31e-05	6.21e-05	6.21e-05	
Num Msgs 16
SizeMsgs 32768
9.96e-05	9.79e-05	9.77e-05	9.78e-05	
Num Msgs 32
SizeMsgs 32768
3.49e-04	3.67e-04	3.52e-04	3.53e-04	
Num Msgs 64
SizeMsgs 32768
4.09e-04	4.09e-04	4.16e-04	4.09e-04	
Num Msgs 128
SizeMsgs 32768
4.71e-04	4.73e-04	4.69e-04	4.71e-04	
Num Msgs 256
SizeMsgs 32768
1.18e-03	1.17e-03	1.17e-03	1.17e-03	
Num Msgs 512
SizeMsgs 32768
3.99e-03	3.98e-03	3.97e-03	4.01e-03	
Num Msgs 1024
SizeMsgs 32768
1.52e-02	1.41e-02	1.50e-02	1.42e-02	
Num Msgs 2048
SizeMsgs 32768
5.75e-02	5.28e-02	5.77e-02	5.28e-02	
Num Msgs 4096
SizeMsgs 32768
2.23e-01	2.05e-01	2.23e-01	2.05e-01	
Num Msgs 8192
SizeMsgs 32768
9.93e-01	9.09e-01	9.93e-01	9.09e-01	
Num Msgs 16384
SizeMsgs 32768
4.82e+00	4.39e+00	4.82e+00	4.39e+00	

Num Msgs 1
SizeMsgs 65536
6.46e-05	5.88e-05	5.88e-05	5.89e-05	
Num Msgs 2
SizeMsgs 65536
6.35e-05	6.32e-05	6.33e-05	6.32e-05	
Num Msgs 4
SizeMsgs 65536
7.22e-05	7.16e-05	7.18e-05	7.17e-05	
Num Msgs 8
SizeMsgs 65536
9.04e-05	9.03e-05	9.01e-05	9.03e-05	
Num Msgs 16
SizeMsgs 65536
1.29e-04	1.29e-04	1.29e-04	1.29e-04	
Num Msgs 32
SizeMsgs 65536
2.02e-04	2.02e-04	2.03e-04	2.02e-04	
Num Msgs 64
SizeMsgs 65536
6.96e-04	7.00e-04	7.09e-04	7.00e-04	
Num Msgs 128
SizeMsgs 65536
8.01e-04	7.79e-04	7.93e-04	8.00e-04	
Num Msgs 256
SizeMsgs 65536
1.37e-03	1.37e-03	1.37e-03	1.37e-03	
Num Msgs 512
SizeMsgs 65536
4.15e-03	4.16e-03	4.19e-03	4.15e-03	
Num Msgs 1024
SizeMsgs 65536
1.54e-02	1.42e-02	1.54e-02	1.42e-02	
Num Msgs 2048
SizeMsgs 65536
5.76e-02	5.29e-02	5.76e-02	5.29e-02	
Num Msgs 4096
SizeMsgs 65536
2.23e-01	2.05e-01	2.24e-01	2.05e-01	
Num Msgs 8192
SizeMsgs 65536
9.93e-01	9.09e-01	9.93e-01	9.09e-01	
Num Msgs 16384
SizeMsgs 65536
4.82e+00	4.40e+00	4.82e+00	4.40e+00	
Pingpong for
master:  0, 1, 2, 3, 4, 5, 6, 7
partner: 8, 9, 10, 11, 12, 13, 14, 15

Num Msgs 1
SizeMsgs 1
1.38e-06	1.38e-06	1.37e-06	1.38e-06	

Num Msgs 1
SizeMsgs 2
1.39e-06	1.39e-06	1.39e-06	1.39e-06	
Num Msgs 2
SizeMsgs 2
2.52e-06	2.52e-06	2.52e-06	2.52e-06	

Num Msgs 1
SizeMsgs 4
1.71e-06	1.71e-06	1.71e-06	1.71e-06	
Num Msgs 2
SizeMsgs 4
2.75e-06	2.75e-06	2.74e-06	2.75e-06	
Num Msgs 4
SizeMsgs 4
4.66e-06	4.66e-06	4.67e-06	4.66e-06	

Num Msgs 1
SizeMsgs 8
1.88e-06	1.88e-06	1.88e-06	1.88e-06	
Num Msgs 2
SizeMsgs 8
3.45e-06	3.45e-06	3.46e-06	3.46e-06	
Num Msgs 4
SizeMsgs 8
4.64e-06	4.64e-06	4.65e-06	4.65e-06	
Num Msgs 8
SizeMsgs 8
8.56e-06	8.56e-06	8.55e-06	8.56e-06	

Num Msgs 1
SizeMsgs 16
2.27e-06	2.27e-06	2.27e-06	2.27e-06	
Num Msgs 2
SizeMsgs 16
3.03e-06	3.04e-06	3.04e-06	3.03e-06	
Num Msgs 4
SizeMsgs 16
5.53e-06	5.53e-06	5.54e-06	5.54e-06	
Num Msgs 8
SizeMsgs 16
8.51e-06	8.69e-06	8.68e-06	8.62e-06	
Num Msgs 16
SizeMsgs 16
1.53e-05	1.51e-05	1.50e-05	1.51e-05	

Num Msgs 1
SizeMsgs 32
2.32e-06	2.32e-06	2.32e-06	2.32e-06	
Num Msgs 2
SizeMsgs 32
3.48e-06	3.48e-06	3.48e-06	3.47e-06	
Num Msgs 4
SizeMsgs 32
5.27e-06	5.24e-06	5.15e-06	5.14e-06	
Num Msgs 8
SizeMsgs 32
9.81e-06	9.82e-06	9.82e-06	9.81e-06	
Num Msgs 16
SizeMsgs 32
1.56e-05	1.54e-05	1.55e-05	1.53e-05	
Num Msgs 32
SizeMsgs 32
2.95e-05	2.94e-05	2.95e-05	2.95e-05	

Num Msgs 1
SizeMsgs 64
2.69e-06	2.69e-06	2.69e-06	2.69e-06	
Num Msgs 2
SizeMsgs 64
3.73e-06	3.73e-06	3.73e-06	3.74e-06	
Num Msgs 4
SizeMsgs 64
5.80e-06	5.80e-06	5.80e-06	5.75e-06	
Num Msgs 8
SizeMsgs 64
9.38e-06	9.38e-06	9.40e-06	9.38e-06	
Num Msgs 16
SizeMsgs 64
1.63e-05	1.60e-05	1.59e-05	1.60e-05	
Num Msgs 32
SizeMsgs 64
3.01e-05	2.99e-05	2.99e-05	2.97e-05	
Num Msgs 64
SizeMsgs 64
6.26e-05	6.24e-05	6.23e-05	6.24e-05	

Num Msgs 1
SizeMsgs 128
3.54e-06	3.54e-06	3.54e-06	3.54e-06	
Num Msgs 2
SizeMsgs 128
4.36e-06	4.36e-06	4.35e-06	4.35e-06	
Num Msgs 4
SizeMsgs 128
6.40e-06	6.40e-06	6.40e-06	6.40e-06	
Num Msgs 8
SizeMsgs 128
1.00e-05	1.00e-05	9.96e-06	9.97e-06	
Num Msgs 16
SizeMsgs 128
1.66e-05	1.66e-05	1.65e-05	1.65e-05	
Num Msgs 32
SizeMsgs 128
3.22e-05	3.19e-05	3.18e-05	3.19e-05	
Num Msgs 64
SizeMsgs 128
6.33e-05	6.29e-05	6.28e-05	6.32e-05	
Num Msgs 128
SizeMsgs 128
2.27e-04	2.22e-04	2.24e-04	2.23e-04	

Num Msgs 1
SizeMsgs 256
4.83e-06	4.82e-06	4.82e-06	4.82e-06	
Num Msgs 2
SizeMsgs 256
5.91e-06	5.91e-06	5.91e-06	5.91e-06	
Num Msgs 4
SizeMsgs 256
7.59e-06	7.57e-06	7.56e-06	7.54e-06	
Num Msgs 8
SizeMsgs 256
1.16e-05	1.16e-05	1.16e-05	1.16e-05	
Num Msgs 16
SizeMsgs 256
1.78e-05	1.75e-05	1.76e-05	1.75e-05	
Num Msgs 32
SizeMsgs 256
3.28e-05	3.25e-05	3.26e-05	3.26e-05	
Num Msgs 64
SizeMsgs 256
6.84e-05	6.85e-05	6.85e-05	6.83e-05	
Num Msgs 128
SizeMsgs 256
2.26e-04	2.24e-04	2.25e-04	2.25e-04	
Num Msgs 256
SizeMsgs 256
9.85e-04	9.91e-04	1.00e-03	9.83e-04	

Num Msgs 1
SizeMsgs 512
7.55e-06	7.55e-06	7.54e-06	7.53e-06	
Num Msgs 2
SizeMsgs 512
8.42e-06	8.42e-06	8.43e-06	8.43e-06	
Num Msgs 4
SizeMsgs 512
1.09e-05	1.09e-05	1.09e-05	1.09e-05	
Num Msgs 8
SizeMsgs 512
1.49e-05	1.48e-05	1.49e-05	1.50e-05	
Num Msgs 16
SizeMsgs 512
2.10e-05	2.10e-05	2.10e-05	2.09e-05	
Num Msgs 32
SizeMsgs 512
3.46e-05	3.45e-05	3.46e-05	3.45e-05	
Num Msgs 64
SizeMsgs 512
6.74e-05	6.75e-05	6.76e-05	6.78e-05	
Num Msgs 128
SizeMsgs 512
2.35e-04	2.33e-04	2.34e-04	2.35e-04	
Num Msgs 256
SizeMsgs 512
9.86e-04	9.94e-04	1.00e-03	9.86e-04	
Num Msgs 512
SizeMsgs 512
3.87e-03	3.88e-03	3.87e-03	3.87e-03	

Num Msgs 1
SizeMsgs 1024
1.20e-05	1.20e-05	1.20e-05	1.20e-05	
Num Msgs 2
SizeMsgs 1024
1.32e-05	1.32e-05	1.32e-05	1.32e-05	
Num Msgs 4
SizeMsgs 1024
1.61e-05	1.61e-05	1.61e-05	1.61e-05	
Num Msgs 8
SizeMsgs 1024
2.14e-05	2.14e-05	2.14e-05	2.14e-05	
Num Msgs 16
SizeMsgs 1024
2.91e-05	2.88e-05	2.92e-05	2.87e-05	
Num Msgs 32
SizeMsgs 1024
3.90e-05	3.90e-05	3.91e-05	3.90e-05	
Num Msgs 64
SizeMsgs 1024
7.09e-05	7.08e-05	7.13e-05	7.14e-05	
Num Msgs 128
SizeMsgs 1024
2.37e-04	2.35e-04	2.35e-04	2.35e-04	
Num Msgs 256
SizeMsgs 1024
1.00e-03	1.00e-03	1.03e-03	1.00e-03	
Num Msgs 512
SizeMsgs 1024
3.89e-03	3.88e-03	3.88e-03	3.88e-03	
Num Msgs 1024
SizeMsgs 1024
1.51e-02	1.38e-02	1.52e-02	1.38e-02	

Num Msgs 1
SizeMsgs 2048
7.47e-06	7.47e-06	7.45e-06	7.46e-06	
Num Msgs 2
SizeMsgs 2048
2.24e-05	2.24e-05	2.23e-05	2.24e-05	
Num Msgs 4
SizeMsgs 2048
2.61e-05	2.61e-05	2.61e-05	2.61e-05	
Num Msgs 8
SizeMsgs 2048
3.16e-05	3.16e-05	3.16e-05	3.16e-05	
Num Msgs 16
SizeMsgs 2048
4.21e-05	4.24e-05	4.21e-05	4.22e-05	
Num Msgs 32
SizeMsgs 2048
5.47e-05	5.40e-05	5.42e-05	5.44e-05	
Num Msgs 64
SizeMsgs 2048
8.13e-05	8.13e-05	8.12e-05	8.11e-05	
Num Msgs 128
SizeMsgs 2048
2.41e-04	2.39e-04	2.40e-04	2.40e-04	
Num Msgs 256
SizeMsgs 2048
1.00e-03	1.00e-03	1.03e-03	1.00e-03	
Num Msgs 512
SizeMsgs 2048
3.92e-03	3.91e-03	3.91e-03	3.91e-03	
Num Msgs 1024
SizeMsgs 2048
1.51e-02	1.38e-02	1.52e-02	1.38e-02	
Num Msgs 2048
SizeMsgs 2048
5.76e-02	5.26e-02	5.75e-02	5.27e-02	

Num Msgs 1
SizeMsgs 4096
8.03e-06	8.02e-06	8.02e-06	8.03e-06	
Num Msgs 2
SizeMsgs 4096
1.33e-05	1.33e-05	1.33e-05	1.33e-05	
Num Msgs 4
SizeMsgs 4096
4.40e-05	4.40e-05	4.40e-05	4.40e-05	
Num Msgs 8
SizeMsgs 4096
5.20e-05	5.20e-05	5.20e-05	5.19e-05	
Num Msgs 16
SizeMsgs 4096
6.27e-05	6.26e-05	6.28e-05	6.29e-05	
Num Msgs 32
SizeMsgs 4096
8.14e-05	8.17e-05	8.18e-05	8.17e-05	
Num Msgs 64
SizeMsgs 4096
1.02e-04	1.02e-04	1.03e-04	1.03e-04	
Num Msgs 128
SizeMsgs 4096
2.50e-04	2.50e-04	2.49e-04	2.49e-04	
Num Msgs 256
SizeMsgs 4096
1.01e-03	1.01e-03	1.03e-03	1.03e-03	
Num Msgs 512
SizeMsgs 4096
3.91e-03	3.91e-03	3.91e-03	3.91e-03	
Num Msgs 1024
SizeMsgs 4096
1.51e-02	1.42e-02	1.51e-02	1.39e-02	
Num Msgs 2048
SizeMsgs 4096
5.75e-02	5.27e-02	5.74e-02	5.26e-02	
Num Msgs 4096
SizeMsgs 4096
2.24e-01	2.05e-01	2.24e-01	2.05e-01	

Num Msgs 1
SizeMsgs 8192
1.15e-05	1.15e-05	1.15e-05	1.15e-05	
Num Msgs 2
SizeMsgs 8192
1.69e-05	1.69e-05	1.69e-05	1.69e-05	
Num Msgs 4
SizeMsgs 8192
2.69e-05	2.69e-05	2.69e-05	2.69e-05	
Num Msgs 8
SizeMsgs 8192
8.81e-05	8.80e-05	8.81e-05	8.81e-05	
Num Msgs 16
SizeMsgs 8192
1.04e-04	1.05e-04	1.04e-04	1.04e-04	
Num Msgs 32
SizeMsgs 8192
1.23e-04	1.24e-04	1.24e-04	1.23e-04	
Num Msgs 64
SizeMsgs 8192
1.54e-04	1.54e-04	1.54e-04	1.54e-04	
Num Msgs 128
SizeMsgs 8192
2.80e-04	2.76e-04	2.81e-04	2.77e-04	
Num Msgs 256
SizeMsgs 8192
1.03e-03	1.03e-03	1.04e-03	1.03e-03	
Num Msgs 512
SizeMsgs 8192
3.91e-03	3.92e-03	3.92e-03	3.89e-03	
Num Msgs 1024
SizeMsgs 8192
1.52e-02	1.41e-02	1.53e-02	1.37e-02	
Num Msgs 2048
SizeMsgs 8192
5.76e-02	5.29e-02	5.75e-02	5.29e-02	
Num Msgs 4096
SizeMsgs 8192
2.23e-01	2.05e-01	2.23e-01	2.05e-01	
Num Msgs 8192
SizeMsgs 8192
9.93e-01	9.08e-01	9.93e-01	9.08e-01	

Num Msgs 1
SizeMsgs 16384
2.13e-05	2.00e-05	2.09e-05	2.00e-05	
Num Msgs 2
SizeMsgs 16384
2.36e-05	2.35e-05	2.51e-05	2.37e-05	
Num Msgs 4
SizeMsgs 16384
3.44e-05	3.43e-05	3.46e-05	3.56e-05	
Num Msgs 8
SizeMsgs 16384
5.58e-05	5.52e-05	5.54e-05	5.52e-05	
Num Msgs 16
SizeMsgs 16384
1.76e-04	1.82e-04	1.77e-04	1.80e-04	
Num Msgs 32
SizeMsgs 16384
2.10e-04	2.08e-04	2.07e-04	2.09e-04	
Num Msgs 64
SizeMsgs 16384
2.44e-04	2.42e-04	2.42e-04	2.44e-04	
Num Msgs 128
SizeMsgs 16384
3.48e-04	3.44e-04	3.35e-04	3.42e-04	
Num Msgs 256
SizeMsgs 16384
1.09e-03	1.08e-03	1.08e-03	1.09e-03	
Num Msgs 512
SizeMsgs 16384
3.95e-03	3.94e-03	3.94e-03	3.94e-03	
Num Msgs 1024
SizeMsgs 16384
1.52e-02	1.40e-02	1.50e-02	1.42e-02	
Num Msgs 2048
SizeMsgs 16384
5.87e-02	5.29e-02	5.75e-02	5.29e-02	
Num Msgs 4096
SizeMsgs 16384
2.24e-01	2.05e-01	2.24e-01	2.05e-01	
Num Msgs 8192
SizeMsgs 16384
9.93e-01	9.08e-01	9.93e-01	9.08e-01	
Num Msgs 16384
SizeMsgs 16384
4.82e+00	4.39e+00	4.82e+00	4.39e+00	

Num Msgs 1
SizeMsgs 32768
3.85e-05	3.83e-05	3.58e-05	3.83e-05	
Num Msgs 2
SizeMsgs 32768
3.86e-05	4.14e-05	3.86e-05	4.15e-05	
Num Msgs 4
SizeMsgs 32768
4.72e-05	4.95e-05	4.73e-05	4.93e-05	
Num Msgs 8
SizeMsgs 32768
7.04e-05	7.21e-05	7.09e-05	7.14e-05	
Num Msgs 16
SizeMsgs 32768
1.13e-04	1.13e-04	1.13e-04	1.13e-04	
Num Msgs 32
SizeMsgs 32768
3.51e-04	3.54e-04	3.55e-04	3.58e-04	
Num Msgs 64
SizeMsgs 32768
4.10e-04	4.12e-04	4.11e-04	4.10e-04	
Num Msgs 128
SizeMsgs 32768
4.78e-04	4.79e-04	4.75e-04	4.68e-04	
Num Msgs 256
SizeMsgs 32768
1.18e-03	1.17e-03	1.17e-03	1.18e-03	
Num Msgs 512
SizeMsgs 32768
4.04e-03	4.02e-03	4.00e-03	4.02e-03	
Num Msgs 1024
SizeMsgs 32768
1.54e-02	1.40e-02	1.51e-02	1.42e-02	
Num Msgs 2048
SizeMsgs 32768
5.76e-02	5.29e-02	5.76e-02	5.28e-02	
Num Msgs 4096
SizeMsgs 32768
2.24e-01	2.05e-01	2.24e-01	2.06e-01	
Num Msgs 8192
SizeMsgs 32768
9.93e-01	9.09e-01	9.94e-01	9.09e-01	
Num Msgs 16384
SizeMsgs 32768
4.82e+00	4.39e+00	4.82e+00	4.40e+00	

Num Msgs 1
SizeMsgs 65536
7.78e-05	7.23e-05	7.26e-05	7.24e-05	
Num Msgs 2
SizeMsgs 65536
7.54e-05	7.53e-05	7.51e-05	7.54e-05	
Num Msgs 4
SizeMsgs 65536
8.16e-05	8.17e-05	8.15e-05	8.13e-05	
Num Msgs 8
SizeMsgs 65536
1.00e-04	1.01e-04	1.00e-04	1.00e-04	
Num Msgs 16
SizeMsgs 65536
1.47e-04	1.47e-04	1.47e-04	1.46e-04	
Num Msgs 32
SizeMsgs 65536
2.32e-04	2.33e-04	2.33e-04	2.33e-04	
Num Msgs 64
SizeMsgs 65536
7.01e-04	7.01e-04	7.07e-04	7.14e-04	
Num Msgs 128
SizeMsgs 65536
8.06e-04	7.96e-04	7.99e-04	8.06e-04	
Num Msgs 256
SizeMsgs 65536
1.38e-03	1.38e-03	1.38e-03	1.38e-03	
Num Msgs 512
SizeMsgs 65536
4.14e-03	4.19e-03	4.21e-03	4.21e-03	
Num Msgs 1024
SizeMsgs 65536
1.56e-02	1.41e-02	1.56e-02	1.45e-02	
Num Msgs 2048
SizeMsgs 65536
5.78e-02	5.30e-02	5.77e-02	5.29e-02	
Num Msgs 4096
SizeMsgs 65536
2.24e-01	2.05e-01	2.24e-01	2.05e-01	
Num Msgs 8192
SizeMsgs 65536
9.94e-01	9.09e-01	9.94e-01	9.09e-01	
Num Msgs 16384
SizeMsgs 65536
4.82e+00	4.40e+00	4.82e+00	4.40e+00	
Application 66148160 resources: utime ~3322s, stime ~11s, Rss ~22628, inblocks ~6994, outblocks ~16454
