----------------------------------------
Begin Torque Prologue on nid25332
at Fri Apr  6 11:40:21 CDT 2018
Job Id:			8487604.bw
Username:		bienz
Group:			ILL_jq7
Job name:		nodecomm
Requested resources:	neednodes=1:ppn=32:xe,nodes=1:ppn=32:xe,walltime=00:20:00
Queue:			normal
Account:		jq7
End Torque Prologue:  0.090 elapsed
----------------------------------------




Pingpong for
master:  0, 2, 4, 6, 8, 10, 12, 14
partner: 1, 3, 5, 7, 9, 11, 13, 15

Num Msgs 1
SizeMsgs 1
1.17e-06	1.17e-06	1.17e-06	1.18e-06	

Num Msgs 1
SizeMsgs 2
1.19e-06	1.18e-06	1.19e-06	1.19e-06	
Num Msgs 2
SizeMsgs 2
2.28e-06	2.25e-06	2.25e-06	2.25e-06	

Num Msgs 1
SizeMsgs 4
1.51e-06	1.51e-06	1.51e-06	1.50e-06	
Num Msgs 2
SizeMsgs 4
2.29e-06	2.29e-06	2.29e-06	2.29e-06	
Num Msgs 4
SizeMsgs 4
3.47e-06	3.47e-06	3.47e-06	3.48e-06	

Num Msgs 1
SizeMsgs 8
1.53e-06	1.53e-06	1.53e-06	1.53e-06	
Num Msgs 2
SizeMsgs 8
2.78e-06	2.80e-06	2.79e-06	2.79e-06	
Num Msgs 4
SizeMsgs 8
3.69e-06	3.69e-06	3.69e-06	3.69e-06	
Num Msgs 8
SizeMsgs 8
6.58e-06	6.58e-06	6.60e-06	6.58e-06	

Num Msgs 1
SizeMsgs 16
1.56e-06	1.55e-06	1.56e-06	1.56e-06	
Num Msgs 2
SizeMsgs 16
2.49e-06	2.48e-06	2.48e-06	2.49e-06	
Num Msgs 4
SizeMsgs 16
4.22e-06	4.21e-06	4.22e-06	4.21e-06	
Num Msgs 8
SizeMsgs 16
6.66e-06	6.64e-06	6.65e-06	6.65e-06	
Num Msgs 16
SizeMsgs 16
2.08e-05	1.29e-05	1.29e-05	1.28e-05	

Num Msgs 1
SizeMsgs 32
1.62e-06	1.62e-06	1.63e-06	1.62e-06	
Num Msgs 2
SizeMsgs 32
2.55e-06	2.56e-06	2.55e-06	2.54e-06	
Num Msgs 4
SizeMsgs 32
4.17e-06	4.17e-06	4.17e-06	4.17e-06	
Num Msgs 8
SizeMsgs 32
7.31e-06	7.30e-06	7.30e-06	7.30e-06	
Num Msgs 16
SizeMsgs 32
1.33e-05	1.31e-05	1.29e-05	1.29e-05	
Num Msgs 32
SizeMsgs 32
2.47e-05	2.46e-05	2.45e-05	2.46e-05	

Num Msgs 1
SizeMsgs 64
1.84e-06	1.83e-06	1.81e-06	1.83e-06	
Num Msgs 2
SizeMsgs 64
2.58e-06	2.58e-06	2.58e-06	2.58e-06	
Num Msgs 4
SizeMsgs 64
4.13e-06	4.16e-06	4.15e-06	4.14e-06	
Num Msgs 8
SizeMsgs 64
7.25e-06	7.26e-06	7.27e-06	7.27e-06	
Num Msgs 16
SizeMsgs 64
1.40e-05	1.32e-05	1.34e-05	1.34e-05	
Num Msgs 32
SizeMsgs 64
2.52e-05	2.47e-05	2.47e-05	2.47e-05	
Num Msgs 64
SizeMsgs 64
5.19e-05	5.19e-05	5.19e-05	5.19e-05	

Num Msgs 1
SizeMsgs 128
2.05e-06	2.05e-06	2.04e-06	2.05e-06	
Num Msgs 2
SizeMsgs 128
3.05e-06	3.04e-06	3.04e-06	3.05e-06	
Num Msgs 4
SizeMsgs 128
4.29e-06	4.29e-06	4.28e-06	4.28e-06	
Num Msgs 8
SizeMsgs 128
7.52e-06	7.54e-06	7.52e-06	7.54e-06	
Num Msgs 16
SizeMsgs 128
1.37e-05	1.32e-05	1.31e-05	1.32e-05	
Num Msgs 32
SizeMsgs 128
2.71e-05	2.67e-05	2.68e-05	2.67e-05	
Num Msgs 64
SizeMsgs 128
5.26e-05	5.26e-05	5.25e-05	5.25e-05	
Num Msgs 128
SizeMsgs 128
2.03e-04	2.03e-04	2.03e-04	2.03e-04	

Num Msgs 1
SizeMsgs 256
2.89e-06	2.88e-06	2.88e-06	2.88e-06	
Num Msgs 2
SizeMsgs 256
3.55e-06	3.56e-06	3.55e-06	3.55e-06	
Num Msgs 4
SizeMsgs 256
5.03e-06	5.03e-06	5.03e-06	5.02e-06	
Num Msgs 8
SizeMsgs 256
7.71e-06	7.71e-06	7.70e-06	7.71e-06	
Num Msgs 16
SizeMsgs 256
1.44e-05	1.45e-05	1.44e-05	1.44e-05	
Num Msgs 32
SizeMsgs 256
2.73e-05	2.71e-05	2.72e-05	2.72e-05	
Num Msgs 64
SizeMsgs 256
5.74e-05	5.74e-05	5.74e-05	5.74e-05	
Num Msgs 128
SizeMsgs 256
2.04e-04	2.03e-04	2.03e-04	2.03e-04	
Num Msgs 256
SizeMsgs 256
9.47e-04	9.82e-04	9.80e-04	9.46e-04	

Num Msgs 1
SizeMsgs 512
3.91e-06	3.91e-06	3.91e-06	3.91e-06	
Num Msgs 2
SizeMsgs 512
4.95e-06	4.86e-06	4.85e-06	4.85e-06	
Num Msgs 4
SizeMsgs 512
5.96e-06	5.95e-06	5.95e-06	5.96e-06	
Num Msgs 8
SizeMsgs 512
9.27e-06	9.27e-06	9.27e-06	9.26e-06	
Num Msgs 16
SizeMsgs 512
1.51e-05	1.51e-05	1.49e-05	1.51e-05	
Num Msgs 32
SizeMsgs 512
2.86e-05	2.84e-05	2.85e-05	2.85e-05	
Num Msgs 64
SizeMsgs 512
5.65e-05	5.65e-05	5.65e-05	5.64e-05	
Num Msgs 128
SizeMsgs 512
2.12e-04	2.10e-04	2.12e-04	2.11e-04	
Num Msgs 256
SizeMsgs 512
9.50e-04	9.87e-04	9.84e-04	9.49e-04	
Num Msgs 512
SizeMsgs 512
3.84e-03	3.83e-03	3.81e-03	3.82e-03	

Num Msgs 1
SizeMsgs 1024
6.35e-06	6.35e-06	6.35e-06	6.34e-06	
Num Msgs 2
SizeMsgs 1024
7.06e-06	7.06e-06	7.06e-06	7.06e-06	
Num Msgs 4
SizeMsgs 1024
8.36e-06	8.36e-06	8.36e-06	8.36e-06	
Num Msgs 8
SizeMsgs 1024
1.12e-05	1.12e-05	1.12e-05	1.12e-05	
Num Msgs 16
SizeMsgs 1024
1.73e-05	1.73e-05	1.73e-05	1.73e-05	
Num Msgs 32
SizeMsgs 1024
3.09e-05	3.09e-05	3.08e-05	3.09e-05	
Num Msgs 64
SizeMsgs 1024
5.82e-05	5.81e-05	5.82e-05	5.81e-05	
Num Msgs 128
SizeMsgs 1024
2.11e-04	2.10e-04	2.11e-04	2.11e-04	
Num Msgs 256
SizeMsgs 1024
9.63e-04	9.99e-04	9.98e-04	9.63e-04	
Num Msgs 512
SizeMsgs 1024
3.84e-03	3.84e-03	3.82e-03	3.82e-03	
Num Msgs 1024
SizeMsgs 1024
1.51e-02	1.47e-02	1.51e-02	1.37e-02	

Num Msgs 1
SizeMsgs 2048
4.87e-06	4.86e-06	4.86e-06	4.86e-06	
Num Msgs 2
SizeMsgs 2048
1.17e-05	1.17e-05	1.17e-05	1.17e-05	
Num Msgs 4
SizeMsgs 2048
1.29e-05	1.28e-05	1.29e-05	1.29e-05	
Num Msgs 8
SizeMsgs 2048
1.55e-05	1.55e-05	1.55e-05	1.55e-05	
Num Msgs 16
SizeMsgs 2048
2.23e-05	2.22e-05	2.21e-05	2.21e-05	
Num Msgs 32
SizeMsgs 2048
3.52e-05	3.52e-05	3.51e-05	3.52e-05	
Num Msgs 64
SizeMsgs 2048
6.27e-05	6.27e-05	6.25e-05	6.27e-05	
Num Msgs 128
SizeMsgs 2048
2.15e-04	2.15e-04	2.14e-04	2.14e-04	
Num Msgs 256
SizeMsgs 2048
9.63e-04	9.90e-04	9.91e-04	9.58e-04	
Num Msgs 512
SizeMsgs 2048
3.89e-03	3.85e-03	3.85e-03	3.85e-03	
Num Msgs 1024
SizeMsgs 2048
1.51e-02	1.41e-02	1.51e-02	1.37e-02	
Num Msgs 2048
SizeMsgs 2048
5.90e-02	5.28e-02	5.76e-02	5.29e-02	

Num Msgs 1
SizeMsgs 4096
6.41e-06	6.44e-06	6.43e-06	6.42e-06	
Num Msgs 2
SizeMsgs 4096
9.32e-06	9.29e-06	9.30e-06	9.28e-06	
Num Msgs 4
SizeMsgs 4096
2.20e-05	2.20e-05	2.20e-05	2.20e-05	
Num Msgs 8
SizeMsgs 4096
2.46e-05	2.46e-05	2.46e-05	2.46e-05	
Num Msgs 16
SizeMsgs 4096
3.13e-05	3.12e-05	3.12e-05	3.12e-05	
Num Msgs 32
SizeMsgs 4096
4.23e-05	4.18e-05	4.18e-05	4.18e-05	
Num Msgs 64
SizeMsgs 4096
7.22e-05	7.21e-05	7.20e-05	7.22e-05	
Num Msgs 128
SizeMsgs 4096
2.20e-04	2.21e-04	2.20e-04	2.21e-04	
Num Msgs 256
SizeMsgs 4096
9.67e-04	9.98e-04	9.99e-04	9.67e-04	
Num Msgs 512
SizeMsgs 4096
3.87e-03	3.83e-03	3.84e-03	3.86e-03	
Num Msgs 1024
SizeMsgs 4096
1.51e-02	1.40e-02	1.51e-02	1.41e-02	
Num Msgs 2048
SizeMsgs 4096
5.74e-02	5.29e-02	5.76e-02	5.29e-02	
Num Msgs 4096
SizeMsgs 4096
2.27e-01	2.06e-01	2.25e-01	2.06e-01	

Num Msgs 1
SizeMsgs 8192
9.86e-06	9.88e-06	9.85e-06	9.87e-06	
Num Msgs 2
SizeMsgs 8192
1.33e-05	1.33e-05	1.33e-05	1.33e-05	
Num Msgs 4
SizeMsgs 8192
1.92e-05	1.93e-05	1.92e-05	1.92e-05	
Num Msgs 8
SizeMsgs 8192
4.28e-05	4.28e-05	4.29e-05	4.28e-05	
Num Msgs 16
SizeMsgs 8192
4.84e-05	4.82e-05	4.82e-05	4.82e-05	
Num Msgs 32
SizeMsgs 8192
6.07e-05	6.06e-05	6.06e-05	6.06e-05	
Num Msgs 64
SizeMsgs 8192
8.63e-05	8.61e-05	8.62e-05	8.61e-05	
Num Msgs 128
SizeMsgs 8192
2.44e-04	2.42e-04	2.42e-04	2.41e-04	
Num Msgs 256
SizeMsgs 8192
9.78e-04	1.01e-03	1.01e-03	9.77e-04	
Num Msgs 512
SizeMsgs 8192
3.88e-03	3.84e-03	3.84e-03	3.84e-03	
Num Msgs 1024
SizeMsgs 8192
1.51e-02	1.40e-02	1.51e-02	1.41e-02	
Num Msgs 2048
SizeMsgs 8192
5.75e-02	5.32e-02	5.76e-02	5.31e-02	
Num Msgs 4096
SizeMsgs 8192
2.24e-01	2.06e-01	2.24e-01	2.06e-01	
Num Msgs 8192
SizeMsgs 8192
1.01e+00	9.17e-01	1.01e+00	9.17e-01	

Num Msgs 1
SizeMsgs 16384
1.81e-05	1.61e-05	1.74e-05	1.82e-05	
Num Msgs 2
SizeMsgs 16384
1.98e-05	1.95e-05	2.09e-05	2.15e-05	
Num Msgs 4
SizeMsgs 16384
2.64e-05	2.64e-05	2.86e-05	2.74e-05	
Num Msgs 8
SizeMsgs 16384
3.92e-05	3.91e-05	4.15e-05	3.98e-05	
Num Msgs 16
SizeMsgs 16384
8.41e-05	8.44e-05	8.46e-05	8.44e-05	
Num Msgs 32
SizeMsgs 16384
9.57e-05	9.56e-05	9.52e-05	9.53e-05	
Num Msgs 64
SizeMsgs 16384
1.21e-04	1.21e-04	1.21e-04	1.21e-04	
Num Msgs 128
SizeMsgs 16384
2.70e-04	2.72e-04	2.70e-04	2.70e-04	
Num Msgs 256
SizeMsgs 16384
1.01e-03	1.04e-03	1.03e-03	1.03e-03	
Num Msgs 512
SizeMsgs 16384
3.87e-03	3.91e-03	3.87e-03	3.86e-03	
Num Msgs 1024
SizeMsgs 16384
1.52e-02	1.41e-02	1.52e-02	1.38e-02	
Num Msgs 2048
SizeMsgs 16384
5.77e-02	5.31e-02	5.75e-02	5.33e-02	
Num Msgs 4096
SizeMsgs 16384
2.25e-01	2.06e-01	2.25e-01	2.06e-01	
Num Msgs 8192
SizeMsgs 16384
1.01e+00	9.17e-01	1.01e+00	9.17e-01	
Num Msgs 16384
SizeMsgs 16384
4.89e+00	4.41e+00	4.88e+00	4.41e+00	

Num Msgs 1
SizeMsgs 32768
3.17e-05	3.20e-05	2.96e-05	3.19e-05	
Num Msgs 2
SizeMsgs 32768
3.33e-05	3.55e-05	3.28e-05	3.56e-05	
Num Msgs 4
SizeMsgs 32768
3.96e-05	4.23e-05	3.95e-05	4.23e-05	
Num Msgs 8
SizeMsgs 32768
5.43e-05	5.65e-05	5.55e-05	5.49e-05	
Num Msgs 16
SizeMsgs 32768
8.36e-05	8.08e-05	8.35e-05	8.15e-05	
Num Msgs 32
SizeMsgs 32768
1.67e-04	1.67e-04	1.67e-04	1.67e-04	
Num Msgs 64
SizeMsgs 32768
1.85e-04	1.85e-04	1.85e-04	1.84e-04	
Num Msgs 128
SizeMsgs 32768
3.31e-04	3.30e-04	3.30e-04	3.31e-04	
Num Msgs 256
SizeMsgs 32768
1.06e-03	1.09e-03	1.06e-03	1.09e-03	
Num Msgs 512
SizeMsgs 32768
3.94e-03	3.94e-03	3.94e-03	3.97e-03	
Num Msgs 1024
SizeMsgs 32768
1.52e-02	1.40e-02	1.51e-02	1.41e-02	
Num Msgs 2048
SizeMsgs 32768
5.78e-02	5.30e-02	5.77e-02	5.31e-02	
Num Msgs 4096
SizeMsgs 32768
2.25e-01	2.06e-01	2.24e-01	2.06e-01	
Num Msgs 8192
SizeMsgs 32768
1.01e+00	9.18e-01	1.01e+00	9.17e-01	
Num Msgs 16384
SizeMsgs 32768
4.89e+00	4.41e+00	4.89e+00	4.41e+00	

Num Msgs 1
SizeMsgs 65536
6.50e-05	6.09e-05	6.11e-05	6.10e-05	
Num Msgs 2
SizeMsgs 65536
6.42e-05	6.43e-05	6.44e-05	6.48e-05	
Num Msgs 4
SizeMsgs 65536
7.11e-05	7.13e-05	7.13e-05	7.15e-05	
Num Msgs 8
SizeMsgs 65536
8.52e-05	8.54e-05	8.54e-05	8.56e-05	
Num Msgs 16
SizeMsgs 65536
1.16e-04	1.19e-04	1.16e-04	1.16e-04	
Num Msgs 32
SizeMsgs 65536
1.75e-04	1.75e-04	1.76e-04	1.76e-04	
Num Msgs 64
SizeMsgs 65536
3.29e-04	3.30e-04	3.30e-04	3.30e-04	
Num Msgs 128
SizeMsgs 65536
4.26e-04	4.25e-04	4.25e-04	4.25e-04	
Num Msgs 256
SizeMsgs 65536
1.18e-03	1.18e-03	1.18e-03	1.18e-03	
Num Msgs 512
SizeMsgs 65536
4.05e-03	4.07e-03	4.04e-03	4.04e-03	
Num Msgs 1024
SizeMsgs 65536
1.54e-02	1.43e-02	1.54e-02	1.40e-02	
Num Msgs 2048
SizeMsgs 65536
5.78e-02	5.31e-02	5.77e-02	5.31e-02	
Num Msgs 4096
SizeMsgs 65536
2.25e-01	2.07e-01	2.25e-01	2.06e-01	
Num Msgs 8192
SizeMsgs 65536
1.01e+00	9.18e-01	1.01e+00	9.18e-01	
Num Msgs 16384
SizeMsgs 65536
4.89e+00	4.41e+00	4.89e+00	4.41e+00	
Pingpong for
master:  0, 2, 4, 6, 8, 10, 12, 14
partner: 1, 3, 5, 7, 9, 11, 13, 15

Num Msgs 1
SizeMsgs 1
1.02e-06	1.02e-06	1.02e-06	1.02e-06	

Num Msgs 1
SizeMsgs 2
1.05e-06	1.06e-06	1.05e-06	1.05e-06	
Num Msgs 2
SizeMsgs 2
2.14e-06	2.13e-06	2.13e-06	2.13e-06	

Num Msgs 1
SizeMsgs 4
1.52e-06	1.47e-06	1.46e-06	1.46e-06	
Num Msgs 2
SizeMsgs 4
2.18e-06	2.18e-06	2.18e-06	2.18e-06	
Num Msgs 4
SizeMsgs 4
3.46e-06	3.45e-06	3.46e-06	3.46e-06	

Num Msgs 1
SizeMsgs 8
1.53e-06	1.53e-06	1.53e-06	1.53e-06	
Num Msgs 2
SizeMsgs 8
2.77e-06	2.76e-06	2.76e-06	2.76e-06	
Num Msgs 4
SizeMsgs 8
3.54e-06	3.53e-06	3.51e-06	3.50e-06	
Num Msgs 8
SizeMsgs 8
6.63e-06	6.62e-06	6.64e-06	6.64e-06	

Num Msgs 1
SizeMsgs 16
1.55e-06	1.56e-06	1.56e-06	1.56e-06	
Num Msgs 2
SizeMsgs 16
2.49e-06	2.50e-06	2.49e-06	2.49e-06	
Num Msgs 4
SizeMsgs 16
4.21e-06	4.20e-06	4.20e-06	4.23e-06	
Num Msgs 8
SizeMsgs 16
6.77e-06	6.78e-06	6.77e-06	6.78e-06	
Num Msgs 16
SizeMsgs 16
1.30e-05	1.28e-05	1.28e-05	1.28e-05	

Num Msgs 1
SizeMsgs 32
1.58e-06	1.58e-06	1.58e-06	1.58e-06	
Num Msgs 2
SizeMsgs 32
2.55e-06	2.54e-06	2.55e-06	2.54e-06	
Num Msgs 4
SizeMsgs 32
4.16e-06	4.15e-06	4.16e-06	4.15e-06	
Num Msgs 8
SizeMsgs 32
7.41e-06	7.42e-06	7.41e-06	7.41e-06	
Num Msgs 16
SizeMsgs 32
1.32e-05	1.29e-05	1.29e-05	1.29e-05	
Num Msgs 32
SizeMsgs 32
2.48e-05	2.43e-05	2.43e-05	2.43e-05	

Num Msgs 1
SizeMsgs 64
1.77e-06	1.77e-06	1.77e-06	1.78e-06	
Num Msgs 2
SizeMsgs 64
2.68e-06	2.68e-06	2.68e-06	2.68e-06	
Num Msgs 4
SizeMsgs 64
4.19e-06	4.17e-06	4.17e-06	4.17e-06	
Num Msgs 8
SizeMsgs 64
7.39e-06	7.47e-06	7.48e-06	7.47e-06	
Num Msgs 16
SizeMsgs 64
1.37e-05	1.34e-05	1.32e-05	1.34e-05	
Num Msgs 32
SizeMsgs 64
2.52e-05	2.47e-05	2.48e-05	2.46e-05	
Num Msgs 64
SizeMsgs 64
5.19e-05	5.19e-05	5.19e-05	5.19e-05	

Num Msgs 1
SizeMsgs 128
2.07e-06	2.07e-06	2.07e-06	2.06e-06	
Num Msgs 2
SizeMsgs 128
3.13e-06	3.13e-06	3.13e-06	3.13e-06	
Num Msgs 4
SizeMsgs 128
4.39e-06	4.39e-06	4.38e-06	4.39e-06	
Num Msgs 8
SizeMsgs 128
7.57e-06	7.56e-06	7.57e-06	7.57e-06	
Num Msgs 16
SizeMsgs 128
1.35e-05	1.35e-05	1.36e-05	1.34e-05	
Num Msgs 32
SizeMsgs 128
2.71e-05	2.69e-05	2.68e-05	2.69e-05	
Num Msgs 64
SizeMsgs 128
5.27e-05	5.27e-05	5.27e-05	5.27e-05	
Num Msgs 128
SizeMsgs 128
2.05e-04	2.03e-04	2.04e-04	2.03e-04	

Num Msgs 1
SizeMsgs 256
2.92e-06	2.91e-06	2.94e-06	2.94e-06	
Num Msgs 2
SizeMsgs 256
3.64e-06	3.65e-06	3.65e-06	3.65e-06	
Num Msgs 4
SizeMsgs 256
5.03e-06	5.03e-06	5.04e-06	5.04e-06	
Num Msgs 8
SizeMsgs 256
7.99e-06	7.99e-06	7.99e-06	7.99e-06	
Num Msgs 16
SizeMsgs 256
1.41e-05	1.39e-05	1.39e-05	1.41e-05	
Num Msgs 32
SizeMsgs 256
2.73e-05	2.76e-05	2.74e-05	2.74e-05	
Num Msgs 64
SizeMsgs 256
5.75e-05	5.76e-05	5.76e-05	5.76e-05	
Num Msgs 128
SizeMsgs 256
2.06e-04	2.04e-04	2.04e-04	2.04e-04	
Num Msgs 256
SizeMsgs 256
9.49e-04	9.82e-04	9.82e-04	9.46e-04	

Num Msgs 1
SizeMsgs 512
4.11e-06	4.11e-06	4.10e-06	4.10e-06	
Num Msgs 2
SizeMsgs 512
4.99e-06	5.00e-06	5.00e-06	5.01e-06	
Num Msgs 4
SizeMsgs 512
6.10e-06	6.10e-06	6.09e-06	6.09e-06	
Num Msgs 8
SizeMsgs 512
9.41e-06	9.37e-06	9.33e-06	9.34e-06	
Num Msgs 16
SizeMsgs 512
1.53e-05	1.54e-05	1.53e-05	1.54e-05	
Num Msgs 32
SizeMsgs 512
2.83e-05	2.83e-05	2.83e-05	2.84e-05	
Num Msgs 64
SizeMsgs 512
5.66e-05	5.65e-05	5.65e-05	5.65e-05	
Num Msgs 128
SizeMsgs 512
2.12e-04	2.12e-04	2.12e-04	2.12e-04	
Num Msgs 256
SizeMsgs 512
9.49e-04	9.84e-04	9.85e-04	9.49e-04	
Num Msgs 512
SizeMsgs 512
3.85e-03	3.82e-03	3.81e-03	3.81e-03	

Num Msgs 1
SizeMsgs 1024
6.47e-06	6.47e-06	6.46e-06	6.46e-06	
Num Msgs 2
SizeMsgs 1024
7.15e-06	7.15e-06	7.15e-06	7.15e-06	
Num Msgs 4
SizeMsgs 1024
8.46e-06	8.45e-06	8.46e-06	8.45e-06	
Num Msgs 8
SizeMsgs 1024
1.14e-05	1.14e-05	1.14e-05	1.14e-05	
Num Msgs 16
SizeMsgs 1024
1.75e-05	1.74e-05	1.75e-05	1.74e-05	
Num Msgs 32
SizeMsgs 1024
3.12e-05	3.12e-05	3.12e-05	3.12e-05	
Num Msgs 64
SizeMsgs 1024
5.83e-05	5.83e-05	5.83e-05	5.83e-05	
Num Msgs 128
SizeMsgs 1024
2.13e-04	2.13e-04	2.13e-04	2.13e-04	
Num Msgs 256
SizeMsgs 1024
9.64e-04	9.96e-04	9.99e-04	9.64e-04	
Num Msgs 512
SizeMsgs 1024
3.84e-03	3.84e-03	3.82e-03	3.82e-03	
Num Msgs 1024
SizeMsgs 1024
1.51e-02	1.40e-02	1.51e-02	1.37e-02	

Num Msgs 1
SizeMsgs 2048
6.73e-06	6.72e-06	6.72e-06	6.72e-06	
Num Msgs 2
SizeMsgs 2048
1.17e-05	1.17e-05	1.17e-05	1.17e-05	
Num Msgs 4
SizeMsgs 2048
1.30e-05	1.30e-05	1.29e-05	1.30e-05	
Num Msgs 8
SizeMsgs 2048
1.55e-05	1.55e-05	1.55e-05	1.55e-05	
Num Msgs 16
SizeMsgs 2048
2.25e-05	2.23e-05	2.23e-05	2.23e-05	
Num Msgs 32
SizeMsgs 2048
3.53e-05	3.54e-05	3.53e-05	3.54e-05	
Num Msgs 64
SizeMsgs 2048
6.31e-05	6.31e-05	6.31e-05	6.30e-05	
Num Msgs 128
SizeMsgs 2048
2.15e-04	2.15e-04	2.15e-04	2.16e-04	
Num Msgs 256
SizeMsgs 2048
9.59e-04	9.90e-04	9.91e-04	9.59e-04	
Num Msgs 512
SizeMsgs 2048
3.89e-03	3.85e-03	3.85e-03	3.85e-03	
Num Msgs 1024
SizeMsgs 2048
1.51e-02	1.41e-02	1.52e-02	1.37e-02	
Num Msgs 2048
SizeMsgs 2048
5.76e-02	5.29e-02	5.75e-02	5.28e-02	

Num Msgs 1
SizeMsgs 4096
7.48e-06	7.46e-06	7.46e-06	7.46e-06	
Num Msgs 2
SizeMsgs 4096
1.16e-05	1.16e-05	1.16e-05	1.16e-05	
Num Msgs 4
SizeMsgs 4096
2.19e-05	2.20e-05	2.20e-05	2.20e-05	
Num Msgs 8
SizeMsgs 4096
2.47e-05	2.47e-05	2.47e-05	2.47e-05	
Num Msgs 16
SizeMsgs 4096
3.12e-05	3.13e-05	3.12e-05	3.12e-05	
Num Msgs 32
SizeMsgs 4096
4.25e-05	4.22e-05	4.21e-05	4.21e-05	
Num Msgs 64
SizeMsgs 4096
7.25e-05	7.23e-05	7.25e-05	7.24e-05	
Num Msgs 128
SizeMsgs 4096
2.21e-04	2.20e-04	2.21e-04	2.20e-04	
Num Msgs 256
SizeMsgs 4096
9.66e-04	9.96e-04	9.98e-04	9.66e-04	
Num Msgs 512
SizeMsgs 4096
3.87e-03	3.83e-03	3.83e-03	3.84e-03	
Num Msgs 1024
SizeMsgs 4096
1.51e-02	1.41e-02	1.52e-02	1.40e-02	
Num Msgs 2048
SizeMsgs 4096
5.74e-02	5.29e-02	5.76e-02	5.29e-02	
Num Msgs 4096
SizeMsgs 4096
2.25e-01	2.06e-01	2.24e-01	2.06e-01	

Num Msgs 1
SizeMsgs 8192
1.09e-05	1.09e-05	1.09e-05	1.09e-05	
Num Msgs 2
SizeMsgs 8192
1.53e-05	1.53e-05	1.53e-05	1.53e-05	
Num Msgs 4
SizeMsgs 8192
2.32e-05	2.32e-05	2.32e-05	2.32e-05	
Num Msgs 8
SizeMsgs 8192
4.28e-05	4.27e-05	4.27e-05	4.28e-05	
Num Msgs 16
SizeMsgs 8192
4.85e-05	4.84e-05	4.83e-05	4.84e-05	
Num Msgs 32
SizeMsgs 8192
6.05e-05	6.05e-05	6.05e-05	6.04e-05	
Num Msgs 64
SizeMsgs 8192
8.67e-05	8.67e-05	8.69e-05	8.69e-05	
Num Msgs 128
SizeMsgs 8192
2.43e-04	2.42e-04	2.41e-04	2.41e-04	
Num Msgs 256
SizeMsgs 8192
9.78e-04	1.01e-03	1.01e-03	9.77e-04	
Num Msgs 512
SizeMsgs 8192
3.88e-03	3.84e-03	3.84e-03	3.85e-03	
Num Msgs 1024
SizeMsgs 8192
1.51e-02	1.40e-02	1.51e-02	1.40e-02	
Num Msgs 2048
SizeMsgs 8192
5.76e-02	5.30e-02	5.77e-02	5.30e-02	
Num Msgs 4096
SizeMsgs 8192
2.25e-01	2.06e-01	2.24e-01	2.06e-01	
Num Msgs 8192
SizeMsgs 8192
1.01e+00	9.17e-01	1.01e+00	9.17e-01	

Num Msgs 1
SizeMsgs 16384
1.93e-05	1.75e-05	1.94e-05	1.88e-05	
Num Msgs 2
SizeMsgs 16384
2.17e-05	2.15e-05	2.40e-05	2.23e-05	
Num Msgs 4
SizeMsgs 16384
3.02e-05	3.00e-05	3.27e-05	3.01e-05	
Num Msgs 8
SizeMsgs 16384
4.71e-05	4.73e-05	4.71e-05	4.88e-05	
Num Msgs 16
SizeMsgs 16384
8.42e-05	8.46e-05	8.50e-05	8.51e-05	
Num Msgs 32
SizeMsgs 16384
9.58e-05	9.57e-05	9.56e-05	9.58e-05	
Num Msgs 64
SizeMsgs 16384
1.21e-04	1.21e-04	1.21e-04	1.21e-04	
Num Msgs 128
SizeMsgs 16384
2.72e-04	2.72e-04	2.71e-04	2.71e-04	
Num Msgs 256
SizeMsgs 16384
1.01e-03	1.04e-03	1.03e-03	1.03e-03	
Num Msgs 512
SizeMsgs 16384
3.87e-03	3.90e-03	3.86e-03	3.86e-03	
Num Msgs 1024
SizeMsgs 16384
1.51e-02	1.41e-02	1.52e-02	1.39e-02	
Num Msgs 2048
SizeMsgs 16384
5.75e-02	5.33e-02	5.74e-02	5.32e-02	
Num Msgs 4096
SizeMsgs 16384
2.25e-01	2.06e-01	2.25e-01	2.07e-01	
Num Msgs 8192
SizeMsgs 16384
1.01e+00	9.17e-01	1.01e+00	9.17e-01	
Num Msgs 16384
SizeMsgs 16384
4.88e+00	4.41e+00	4.89e+00	4.41e+00	

Num Msgs 1
SizeMsgs 32768
3.33e-05	3.35e-05	3.09e-05	3.36e-05	
Num Msgs 2
SizeMsgs 32768
3.54e-05	3.77e-05	3.49e-05	3.77e-05	
Num Msgs 4
SizeMsgs 32768
4.42e-05	4.64e-05	4.37e-05	4.64e-05	
Num Msgs 8
SizeMsgs 32768
6.35e-05	6.45e-05	6.45e-05	6.46e-05	
Num Msgs 16
SizeMsgs 32768
9.79e-05	9.81e-05	9.61e-05	9.76e-05	
Num Msgs 32
SizeMsgs 32768
1.66e-04	1.68e-04	1.67e-04	1.68e-04	
Num Msgs 64
SizeMsgs 32768
1.86e-04	1.86e-04	1.86e-04	1.86e-04	
Num Msgs 128
SizeMsgs 32768
3.31e-04	3.31e-04	3.32e-04	3.31e-04	
Num Msgs 256
SizeMsgs 32768
1.06e-03	1.09e-03	1.06e-03	1.09e-03	
Num Msgs 512
SizeMsgs 32768
3.93e-03	3.92e-03	3.92e-03	3.94e-03	
Num Msgs 1024
SizeMsgs 32768
1.51e-02	1.39e-02	1.51e-02	1.41e-02	
Num Msgs 2048
SizeMsgs 32768
5.77e-02	5.32e-02	5.78e-02	5.30e-02	
Num Msgs 4096
SizeMsgs 32768
2.25e-01	2.06e-01	2.24e-01	2.06e-01	
Num Msgs 8192
SizeMsgs 32768
1.01e+00	9.17e-01	1.01e+00	9.17e-01	
Num Msgs 16384
SizeMsgs 32768
4.89e+00	4.41e+00	4.89e+00	4.41e+00	

Num Msgs 1
SizeMsgs 65536
6.64e-05	6.25e-05	6.22e-05	6.26e-05	
Num Msgs 2
SizeMsgs 65536
6.53e-05	6.52e-05	6.53e-05	6.51e-05	
Num Msgs 4
SizeMsgs 65536
7.35e-05	7.35e-05	7.36e-05	7.35e-05	
Num Msgs 8
SizeMsgs 65536
9.26e-05	9.22e-05	9.21e-05	9.38e-05	
Num Msgs 16
SizeMsgs 65536
1.30e-04	1.29e-04	1.29e-04	1.29e-04	
Num Msgs 32
SizeMsgs 65536
2.01e-04	2.01e-04	2.01e-04	2.01e-04	
Num Msgs 64
SizeMsgs 65536
3.30e-04	3.30e-04	3.31e-04	3.30e-04	
Num Msgs 128
SizeMsgs 65536
4.29e-04	4.27e-04	4.28e-04	4.27e-04	
Num Msgs 256
SizeMsgs 65536
1.19e-03	1.19e-03	1.19e-03	1.19e-03	
Num Msgs 512
SizeMsgs 65536
4.04e-03	4.06e-03	4.04e-03	4.04e-03	
Num Msgs 1024
SizeMsgs 65536
1.53e-02	1.43e-02	1.53e-02	1.40e-02	
Num Msgs 2048
SizeMsgs 65536
5.78e-02	5.31e-02	5.77e-02	5.31e-02	
Num Msgs 4096
SizeMsgs 65536
2.25e-01	2.06e-01	2.25e-01	2.06e-01	
Num Msgs 8192
SizeMsgs 65536
1.01e+00	9.18e-01	1.01e+00	9.18e-01	
Num Msgs 16384
SizeMsgs 65536
4.89e+00	4.41e+00	4.89e+00	4.41e+00	
Application 66149000 resources: utime ~3036s, stime ~9s, Rss ~22628, inblocks ~6994, outblocks ~16454
