----------------------------------------
Begin Torque Prologue on nid25331
at Fri Apr  6 11:40:21 CDT 2018
Job Id:			8487603.bw
Username:		bienz
Group:			ILL_jq7
Job name:		nodecomm
Requested resources:	neednodes=1:ppn=32:xe,nodes=1:ppn=32:xe,walltime=00:20:00
Queue:			normal
Account:		jq7
End Torque Prologue:  0.108 elapsed
----------------------------------------




Pingpong for
master:  0, 2, 4, 6, 8, 10, 12, 14
partner: 1, 3, 5, 7, 9, 11, 13, 15

Num Msgs 1
SizeMsgs 1
1.04e-06	1.03e-06	1.03e-06	1.02e-06	

Num Msgs 1
SizeMsgs 2
1.06e-06	1.05e-06	1.06e-06	1.05e-06	
Num Msgs 2
SizeMsgs 2
2.20e-06	2.18e-06	2.18e-06	2.18e-06	

Num Msgs 1
SizeMsgs 4
1.46e-06	1.45e-06	1.43e-06	1.43e-06	
Num Msgs 2
SizeMsgs 4
2.21e-06	2.23e-06	2.22e-06	2.22e-06	
Num Msgs 4
SizeMsgs 4
3.47e-06	3.49e-06	3.50e-06	3.50e-06	

Num Msgs 1
SizeMsgs 8
1.54e-06	1.53e-06	1.54e-06	1.53e-06	
Num Msgs 2
SizeMsgs 8
2.78e-06	2.77e-06	2.77e-06	2.78e-06	
Num Msgs 4
SizeMsgs 8
3.73e-06	3.73e-06	3.73e-06	3.74e-06	
Num Msgs 8
SizeMsgs 8
6.58e-06	6.57e-06	6.57e-06	6.57e-06	

Num Msgs 1
SizeMsgs 16
1.56e-06	1.56e-06	1.56e-06	1.56e-06	
Num Msgs 2
SizeMsgs 16
2.50e-06	2.50e-06	2.51e-06	2.52e-06	
Num Msgs 4
SizeMsgs 16
4.26e-06	4.26e-06	4.26e-06	4.27e-06	
Num Msgs 8
SizeMsgs 16
6.57e-06	6.56e-06	6.57e-06	6.57e-06	
Num Msgs 16
SizeMsgs 16
2.16e-05	1.28e-05	1.27e-05	1.28e-05	

Num Msgs 1
SizeMsgs 32
1.63e-06	1.63e-06	1.63e-06	1.63e-06	
Num Msgs 2
SizeMsgs 32
2.55e-06	2.55e-06	2.54e-06	2.54e-06	
Num Msgs 4
SizeMsgs 32
4.22e-06	4.23e-06	4.23e-06	4.24e-06	
Num Msgs 8
SizeMsgs 32
7.31e-06	7.32e-06	7.32e-06	7.32e-06	
Num Msgs 16
SizeMsgs 32
1.40e-05	1.29e-05	1.29e-05	1.30e-05	
Num Msgs 32
SizeMsgs 32
2.56e-05	2.45e-05	2.46e-05	2.47e-05	

Num Msgs 1
SizeMsgs 64
1.85e-06	1.85e-06	1.84e-06	1.84e-06	
Num Msgs 2
SizeMsgs 64
2.57e-06	2.57e-06	2.57e-06	2.56e-06	
Num Msgs 4
SizeMsgs 64
4.12e-06	4.11e-06	4.11e-06	4.12e-06	
Num Msgs 8
SizeMsgs 64
7.24e-06	7.23e-06	7.24e-06	7.24e-06	
Num Msgs 16
SizeMsgs 64
1.46e-05	1.34e-05	1.34e-05	1.32e-05	
Num Msgs 32
SizeMsgs 64
2.63e-05	2.50e-05	2.47e-05	2.46e-05	
Num Msgs 64
SizeMsgs 64
5.25e-05	5.19e-05	5.20e-05	5.19e-05	

Num Msgs 1
SizeMsgs 128
2.13e-06	2.12e-06	2.12e-06	2.12e-06	
Num Msgs 2
SizeMsgs 128
2.96e-06	2.97e-06	2.96e-06	2.97e-06	
Num Msgs 4
SizeMsgs 128
4.26e-06	4.25e-06	4.25e-06	4.25e-06	
Num Msgs 8
SizeMsgs 128
7.47e-06	7.48e-06	7.44e-06	7.42e-06	
Num Msgs 16
SizeMsgs 128
1.36e-05	1.34e-05	1.33e-05	1.33e-05	
Num Msgs 32
SizeMsgs 128
2.80e-05	2.68e-05	2.68e-05	2.68e-05	
Num Msgs 64
SizeMsgs 128
5.30e-05	5.25e-05	5.25e-05	5.25e-05	
Num Msgs 128
SizeMsgs 128
2.10e-04	2.03e-04	2.04e-04	2.04e-04	

Num Msgs 1
SizeMsgs 256
2.90e-06	2.88e-06	2.89e-06	2.88e-06	
Num Msgs 2
SizeMsgs 256
3.48e-06	3.48e-06	3.49e-06	3.48e-06	
Num Msgs 4
SizeMsgs 256
5.06e-06	5.06e-06	5.06e-06	5.04e-06	
Num Msgs 8
SizeMsgs 256
7.70e-06	7.70e-06	7.75e-06	7.72e-06	
Num Msgs 16
SizeMsgs 256
1.51e-05	1.41e-05	1.42e-05	1.41e-05	
Num Msgs 32
SizeMsgs 256
2.77e-05	2.71e-05	2.71e-05	2.71e-05	
Num Msgs 64
SizeMsgs 256
5.81e-05	5.74e-05	5.74e-05	5.75e-05	
Num Msgs 128
SizeMsgs 256
2.08e-04	2.04e-04	2.04e-04	2.04e-04	
Num Msgs 256
SizeMsgs 256
9.64e-04	9.69e-04	9.77e-04	9.65e-04	

Num Msgs 1
SizeMsgs 512
3.95e-06	3.94e-06	3.94e-06	3.94e-06	
Num Msgs 2
SizeMsgs 512
4.97e-06	4.87e-06	4.87e-06	4.86e-06	
Num Msgs 4
SizeMsgs 512
5.96e-06	5.94e-06	5.95e-06	5.95e-06	
Num Msgs 8
SizeMsgs 512
9.29e-06	9.30e-06	9.31e-06	9.31e-06	
Num Msgs 16
SizeMsgs 512
1.54e-05	1.51e-05	1.50e-05	1.50e-05	
Num Msgs 32
SizeMsgs 512
2.93e-05	2.82e-05	2.82e-05	2.82e-05	
Num Msgs 64
SizeMsgs 512
5.75e-05	5.65e-05	5.64e-05	5.65e-05	
Num Msgs 128
SizeMsgs 512
2.15e-04	2.12e-04	2.11e-04	2.12e-04	
Num Msgs 256
SizeMsgs 512
9.63e-04	9.73e-04	9.80e-04	9.73e-04	
Num Msgs 512
SizeMsgs 512
3.80e-03	3.80e-03	3.80e-03	3.80e-03	

Num Msgs 1
SizeMsgs 1024
6.37e-06	6.36e-06	6.36e-06	6.36e-06	
Num Msgs 2
SizeMsgs 1024
7.08e-06	7.07e-06	7.07e-06	7.07e-06	
Num Msgs 4
SizeMsgs 1024
8.37e-06	8.35e-06	8.36e-06	8.36e-06	
Num Msgs 8
SizeMsgs 1024
1.12e-05	1.12e-05	1.12e-05	1.12e-05	
Num Msgs 16
SizeMsgs 1024
1.78e-05	1.73e-05	1.73e-05	1.74e-05	
Num Msgs 32
SizeMsgs 1024
3.08e-05	3.08e-05	3.08e-05	3.09e-05	
Num Msgs 64
SizeMsgs 1024
5.92e-05	5.82e-05	5.82e-05	5.82e-05	
Num Msgs 128
SizeMsgs 1024
2.15e-04	2.10e-04	2.10e-04	2.12e-04	
Num Msgs 256
SizeMsgs 1024
9.71e-04	9.93e-04	9.92e-04	9.69e-04	
Num Msgs 512
SizeMsgs 1024
3.84e-03	3.81e-03	3.80e-03	3.80e-03	
Num Msgs 1024
SizeMsgs 1024
1.51e-02	1.40e-02	1.51e-02	1.37e-02	

Num Msgs 1
SizeMsgs 2048
4.88e-06	4.87e-06	4.87e-06	4.84e-06	
Num Msgs 2
SizeMsgs 2048
1.17e-05	1.17e-05	1.17e-05	1.17e-05	
Num Msgs 4
SizeMsgs 2048
1.29e-05	1.29e-05	1.29e-05	1.29e-05	
Num Msgs 8
SizeMsgs 2048
1.55e-05	1.56e-05	1.55e-05	1.55e-05	
Num Msgs 16
SizeMsgs 2048
2.24e-05	2.22e-05	2.21e-05	2.22e-05	
Num Msgs 32
SizeMsgs 2048
3.51e-05	3.52e-05	3.52e-05	3.51e-05	
Num Msgs 64
SizeMsgs 2048
6.26e-05	6.25e-05	6.25e-05	6.26e-05	
Num Msgs 128
SizeMsgs 2048
2.19e-04	2.14e-04	2.15e-04	2.14e-04	
Num Msgs 256
SizeMsgs 2048
9.71e-04	9.80e-04	9.86e-04	9.80e-04	
Num Msgs 512
SizeMsgs 2048
3.84e-03	3.83e-03	3.83e-03	3.84e-03	
Num Msgs 1024
SizeMsgs 2048
1.50e-02	1.40e-02	1.51e-02	1.39e-02	
Num Msgs 2048
SizeMsgs 2048
5.87e-02	5.30e-02	5.74e-02	5.28e-02	

Num Msgs 1
SizeMsgs 4096
6.57e-06	6.56e-06	6.56e-06	6.56e-06	
Num Msgs 2
SizeMsgs 4096
9.34e-06	9.34e-06	9.35e-06	9.35e-06	
Num Msgs 4
SizeMsgs 4096
2.20e-05	2.20e-05	2.20e-05	2.20e-05	
Num Msgs 8
SizeMsgs 4096
2.47e-05	2.47e-05	2.47e-05	2.46e-05	
Num Msgs 16
SizeMsgs 4096
3.14e-05	3.12e-05	3.12e-05	3.12e-05	
Num Msgs 32
SizeMsgs 4096
4.23e-05	4.18e-05	4.24e-05	4.22e-05	
Num Msgs 64
SizeMsgs 4096
7.19e-05	7.20e-05	7.19e-05	7.18e-05	
Num Msgs 128
SizeMsgs 4096
2.26e-04	2.21e-04	2.21e-04	2.20e-04	
Num Msgs 256
SizeMsgs 4096
9.73e-04	9.96e-04	9.94e-04	9.70e-04	
Num Msgs 512
SizeMsgs 4096
3.85e-03	3.84e-03	3.82e-03	3.83e-03	
Num Msgs 1024
SizeMsgs 4096
1.51e-02	1.41e-02	1.51e-02	1.38e-02	
Num Msgs 2048
SizeMsgs 4096
5.75e-02	5.29e-02	5.75e-02	5.28e-02	
Num Msgs 4096
SizeMsgs 4096
2.27e-01	2.06e-01	2.24e-01	2.06e-01	

Num Msgs 1
SizeMsgs 8192
9.97e-06	9.97e-06	9.99e-06	9.97e-06	
Num Msgs 2
SizeMsgs 8192
1.31e-05	1.31e-05	1.31e-05	1.31e-05	
Num Msgs 4
SizeMsgs 8192
1.94e-05	1.94e-05	1.93e-05	1.93e-05	
Num Msgs 8
SizeMsgs 8192
4.28e-05	4.28e-05	4.28e-05	4.28e-05	
Num Msgs 16
SizeMsgs 8192
4.85e-05	4.84e-05	4.84e-05	4.84e-05	
Num Msgs 32
SizeMsgs 8192
6.06e-05	6.06e-05	6.06e-05	6.05e-05	
Num Msgs 64
SizeMsgs 8192
8.64e-05	8.63e-05	8.61e-05	8.63e-05	
Num Msgs 128
SizeMsgs 8192
2.42e-04	2.40e-04	2.39e-04	2.38e-04	
Num Msgs 256
SizeMsgs 8192
9.82e-04	1.01e-03	1.00e-03	9.79e-04	
Num Msgs 512
SizeMsgs 8192
3.87e-03	3.85e-03	3.84e-03	3.83e-03	
Num Msgs 1024
SizeMsgs 8192
1.51e-02	1.41e-02	1.51e-02	1.39e-02	
Num Msgs 2048
SizeMsgs 8192
5.77e-02	5.30e-02	5.77e-02	5.29e-02	
Num Msgs 4096
SizeMsgs 8192
2.24e-01	2.06e-01	2.24e-01	2.06e-01	
Num Msgs 8192
SizeMsgs 8192
1.01e+00	9.18e-01	1.01e+00	9.18e-01	

Num Msgs 1
SizeMsgs 16384
1.86e-05	1.82e-05	1.71e-05	1.80e-05	
Num Msgs 2
SizeMsgs 16384
2.05e-05	2.18e-05	2.00e-05	2.15e-05	
Num Msgs 4
SizeMsgs 16384
2.71e-05	2.88e-05	2.65e-05	2.80e-05	
Num Msgs 8
SizeMsgs 16384
4.11e-05	3.98e-05	3.92e-05	4.16e-05	
Num Msgs 16
SizeMsgs 16384
8.41e-05	8.47e-05	8.46e-05	8.50e-05	
Num Msgs 32
SizeMsgs 16384
9.58e-05	9.55e-05	9.56e-05	9.54e-05	
Num Msgs 64
SizeMsgs 16384
1.21e-04	1.21e-04	1.21e-04	1.21e-04	
Num Msgs 128
SizeMsgs 16384
2.70e-04	2.68e-04	2.70e-04	2.70e-04	
Num Msgs 256
SizeMsgs 16384
1.02e-03	1.04e-03	1.02e-03	1.03e-03	
Num Msgs 512
SizeMsgs 16384
3.87e-03	3.89e-03	3.86e-03	3.86e-03	
Num Msgs 1024
SizeMsgs 16384
1.52e-02	1.40e-02	1.51e-02	1.40e-02	
Num Msgs 2048
SizeMsgs 16384
5.77e-02	5.29e-02	5.76e-02	5.29e-02	
Num Msgs 4096
SizeMsgs 16384
2.25e-01	2.06e-01	2.24e-01	2.06e-01	
Num Msgs 8192
SizeMsgs 16384
1.01e+00	9.18e-01	1.01e+00	9.18e-01	
Num Msgs 16384
SizeMsgs 16384
4.92e+00	4.46e+00	4.91e+00	4.46e+00	

Num Msgs 1
SizeMsgs 32768
3.22e-05	3.21e-05	2.97e-05	3.20e-05	
Num Msgs 2
SizeMsgs 32768
3.38e-05	3.54e-05	3.31e-05	3.56e-05	
Num Msgs 4
SizeMsgs 32768
4.00e-05	4.22e-05	3.95e-05	4.21e-05	
Num Msgs 8
SizeMsgs 32768
5.50e-05	5.63e-05	5.58e-05	5.51e-05	
Num Msgs 16
SizeMsgs 32768
8.36e-05	8.07e-05	8.34e-05	8.04e-05	
Num Msgs 32
SizeMsgs 32768
1.67e-04	1.68e-04	1.68e-04	1.68e-04	
Num Msgs 64
SizeMsgs 32768
1.85e-04	1.85e-04	1.84e-04	1.85e-04	
Num Msgs 128
SizeMsgs 32768
3.30e-04	3.29e-04	3.28e-04	3.29e-04	
Num Msgs 256
SizeMsgs 32768
1.07e-03	1.09e-03	1.07e-03	1.09e-03	
Num Msgs 512
SizeMsgs 32768
3.96e-03	3.96e-03	3.95e-03	3.95e-03	
Num Msgs 1024
SizeMsgs 32768
1.52e-02	1.41e-02	1.52e-02	1.39e-02	
Num Msgs 2048
SizeMsgs 32768
5.77e-02	5.30e-02	5.77e-02	5.29e-02	
Num Msgs 4096
SizeMsgs 32768
2.25e-01	2.06e-01	2.25e-01	2.06e-01	
Num Msgs 8192
SizeMsgs 32768
1.01e+00	9.18e-01	1.01e+00	9.18e-01	
Num Msgs 16384
SizeMsgs 32768
4.91e+00	4.46e+00	4.91e+00	4.46e+00	

Num Msgs 1
SizeMsgs 65536
6.26e-05	5.82e-05	5.83e-05	5.82e-05	
Num Msgs 2
SizeMsgs 65536
6.25e-05	6.18e-05	6.20e-05	6.18e-05	
Num Msgs 4
SizeMsgs 65536
6.89e-05	6.86e-05	6.84e-05	6.85e-05	
Num Msgs 8
SizeMsgs 65536
8.27e-05	8.21e-05	8.22e-05	8.21e-05	
Num Msgs 16
SizeMsgs 65536
1.13e-04	1.14e-04	1.13e-04	1.12e-04	
Num Msgs 32
SizeMsgs 65536
1.72e-04	1.72e-04	1.75e-04	1.72e-04	
Num Msgs 64
SizeMsgs 65536
3.30e-04	3.29e-04	3.29e-04	3.30e-04	
Num Msgs 128
SizeMsgs 65536
4.29e-04	4.26e-04	4.26e-04	4.26e-04	
Num Msgs 256
SizeMsgs 65536
1.19e-03	1.18e-03	1.19e-03	1.18e-03	
Num Msgs 512
SizeMsgs 65536
4.06e-03	4.04e-03	4.03e-03	4.04e-03	
Num Msgs 1024
SizeMsgs 65536
1.54e-02	1.43e-02	1.54e-02	1.40e-02	
Num Msgs 2048
SizeMsgs 65536
5.78e-02	5.30e-02	5.77e-02	5.31e-02	
Num Msgs 4096
SizeMsgs 65536
2.25e-01	2.06e-01	2.25e-01	2.06e-01	
Num Msgs 8192
SizeMsgs 65536
1.01e+00	9.19e-01	1.01e+00	9.19e-01	
Num Msgs 16384
SizeMsgs 65536
4.91e+00	4.46e+00	4.91e+00	4.46e+00	
Pingpong for
master:  0, 2, 4, 6, 8, 10, 12, 14
partner: 1, 3, 5, 7, 9, 11, 13, 15

Num Msgs 1
SizeMsgs 1
1.03e-06	1.02e-06	1.02e-06	1.02e-06	

Num Msgs 1
SizeMsgs 2
1.05e-06	1.05e-06	1.05e-06	1.05e-06	
Num Msgs 2
SizeMsgs 2
2.14e-06	2.14e-06	2.13e-06	2.13e-06	

Num Msgs 1
SizeMsgs 4
1.53e-06	1.52e-06	1.52e-06	1.52e-06	
Num Msgs 2
SizeMsgs 4
2.19e-06	2.20e-06	2.19e-06	2.18e-06	
Num Msgs 4
SizeMsgs 4
3.55e-06	3.53e-06	3.54e-06	3.54e-06	

Num Msgs 1
SizeMsgs 8
1.52e-06	1.52e-06	1.52e-06	1.52e-06	
Num Msgs 2
SizeMsgs 8
2.74e-06	2.74e-06	2.74e-06	2.74e-06	
Num Msgs 4
SizeMsgs 8
3.60e-06	3.60e-06	3.60e-06	3.60e-06	
Num Msgs 8
SizeMsgs 8
6.63e-06	6.64e-06	6.63e-06	6.64e-06	

Num Msgs 1
SizeMsgs 16
1.55e-06	1.55e-06	1.55e-06	1.55e-06	
Num Msgs 2
SizeMsgs 16
2.49e-06	2.50e-06	2.50e-06	2.50e-06	
Num Msgs 4
SizeMsgs 16
4.20e-06	4.19e-06	4.18e-06	4.19e-06	
Num Msgs 8
SizeMsgs 16
6.72e-06	6.73e-06	6.72e-06	6.72e-06	
Num Msgs 16
SizeMsgs 16
1.37e-05	1.27e-05	1.28e-05	1.29e-05	

Num Msgs 1
SizeMsgs 32
1.57e-06	1.57e-06	1.57e-06	1.57e-06	
Num Msgs 2
SizeMsgs 32
2.60e-06	2.61e-06	2.59e-06	2.61e-06	
Num Msgs 4
SizeMsgs 32
4.14e-06	4.14e-06	4.14e-06	4.15e-06	
Num Msgs 8
SizeMsgs 32
7.38e-06	7.38e-06	7.38e-06	7.39e-06	
Num Msgs 16
SizeMsgs 32
1.39e-05	1.29e-05	1.28e-05	1.29e-05	
Num Msgs 32
SizeMsgs 32
2.58e-05	2.44e-05	2.44e-05	2.44e-05	

Num Msgs 1
SizeMsgs 64
1.76e-06	1.76e-06	1.76e-06	1.76e-06	
Num Msgs 2
SizeMsgs 64
2.69e-06	2.69e-06	2.69e-06	2.69e-06	
Num Msgs 4
SizeMsgs 64
4.15e-06	4.15e-06	4.16e-06	4.14e-06	
Num Msgs 8
SizeMsgs 64
7.34e-06	7.34e-06	7.34e-06	7.35e-06	
Num Msgs 16
SizeMsgs 64
1.38e-05	1.32e-05	1.33e-05	1.33e-05	
Num Msgs 32
SizeMsgs 64
2.63e-05	2.48e-05	2.48e-05	2.49e-05	
Num Msgs 64
SizeMsgs 64
5.25e-05	5.19e-05	5.19e-05	5.20e-05	

Num Msgs 1
SizeMsgs 128
2.06e-06	2.06e-06	2.06e-06	2.06e-06	
Num Msgs 2
SizeMsgs 128
3.13e-06	3.13e-06	3.13e-06	3.14e-06	
Num Msgs 4
SizeMsgs 128
4.38e-06	4.37e-06	4.37e-06	4.37e-06	
Num Msgs 8
SizeMsgs 128
7.57e-06	7.59e-06	7.59e-06	7.60e-06	
Num Msgs 16
SizeMsgs 128
1.43e-05	1.32e-05	1.31e-05	1.32e-05	
Num Msgs 32
SizeMsgs 128
2.81e-05	2.68e-05	2.68e-05	2.68e-05	
Num Msgs 64
SizeMsgs 128
5.34e-05	5.27e-05	5.26e-05	5.26e-05	
Num Msgs 128
SizeMsgs 128
2.08e-04	2.03e-04	2.03e-04	2.03e-04	

Num Msgs 1
SizeMsgs 256
2.88e-06	2.89e-06	2.89e-06	2.88e-06	
Num Msgs 2
SizeMsgs 256
3.61e-06	3.61e-06	3.61e-06	3.61e-06	
Num Msgs 4
SizeMsgs 256
5.01e-06	5.00e-06	5.00e-06	5.01e-06	
Num Msgs 8
SizeMsgs 256
7.95e-06	7.95e-06	7.96e-06	7.95e-06	
Num Msgs 16
SizeMsgs 256
1.46e-05	1.42e-05	1.40e-05	1.41e-05	
Num Msgs 32
SizeMsgs 256
2.76e-05	2.71e-05	2.72e-05	2.73e-05	
Num Msgs 64
SizeMsgs 256
5.83e-05	5.75e-05	5.76e-05	5.75e-05	
Num Msgs 128
SizeMsgs 256
2.08e-04	2.03e-04	2.05e-04	2.03e-04	
Num Msgs 256
SizeMsgs 256
9.59e-04	9.71e-04	9.75e-04	9.60e-04	

Num Msgs 1
SizeMsgs 512
4.08e-06	4.08e-06	4.08e-06	4.08e-06	
Num Msgs 2
SizeMsgs 512
4.96e-06	4.96e-06	4.96e-06	4.96e-06	
Num Msgs 4
SizeMsgs 512
6.08e-06	6.07e-06	6.07e-06	6.07e-06	
Num Msgs 8
SizeMsgs 512
9.28e-06	9.29e-06	9.29e-06	9.29e-06	
Num Msgs 16
SizeMsgs 512
1.56e-05	1.54e-05	1.53e-05	1.54e-05	
Num Msgs 32
SizeMsgs 512
2.88e-05	2.83e-05	2.81e-05	2.82e-05	
Num Msgs 64
SizeMsgs 512
5.75e-05	5.65e-05	5.66e-05	5.65e-05	
Num Msgs 128
SizeMsgs 512
2.16e-04	2.10e-04	2.11e-04	2.10e-04	
Num Msgs 256
SizeMsgs 512
9.64e-04	9.70e-04	9.77e-04	9.76e-04	
Num Msgs 512
SizeMsgs 512
3.80e-03	3.80e-03	3.80e-03	3.82e-03	

Num Msgs 1
SizeMsgs 1024
6.46e-06	6.46e-06	6.46e-06	6.46e-06	
Num Msgs 2
SizeMsgs 1024
7.13e-06	7.14e-06	7.13e-06	7.13e-06	
Num Msgs 4
SizeMsgs 1024
8.44e-06	8.44e-06	8.44e-06	8.44e-06	
Num Msgs 8
SizeMsgs 1024
1.13e-05	1.13e-05	1.13e-05	1.13e-05	
Num Msgs 16
SizeMsgs 1024
1.76e-05	1.74e-05	1.74e-05	1.75e-05	
Num Msgs 32
SizeMsgs 1024
3.11e-05	3.10e-05	3.11e-05	3.10e-05	
Num Msgs 64
SizeMsgs 1024
5.93e-05	5.84e-05	5.83e-05	5.84e-05	
Num Msgs 128
SizeMsgs 1024
2.14e-04	2.11e-04	2.10e-04	2.10e-04	
Num Msgs 256
SizeMsgs 1024
9.71e-04	9.92e-04	9.91e-04	9.76e-04	
Num Msgs 512
SizeMsgs 1024
3.82e-03	3.80e-03	3.80e-03	3.81e-03	
Num Msgs 1024
SizeMsgs 1024
1.50e-02	1.39e-02	1.50e-02	1.39e-02	

Num Msgs 1
SizeMsgs 2048
6.47e-06	6.45e-06	6.46e-06	6.46e-06	
Num Msgs 2
SizeMsgs 2048
1.17e-05	1.17e-05	1.17e-05	1.17e-05	
Num Msgs 4
SizeMsgs 2048
1.30e-05	1.30e-05	1.29e-05	1.29e-05	
Num Msgs 8
SizeMsgs 2048
1.54e-05	1.54e-05	1.54e-05	1.54e-05	
Num Msgs 16
SizeMsgs 2048
2.24e-05	2.21e-05	2.22e-05	2.22e-05	
Num Msgs 32
SizeMsgs 2048
3.54e-05	3.54e-05	3.53e-05	3.54e-05	
Num Msgs 64
SizeMsgs 2048
6.32e-05	6.31e-05	6.31e-05	6.31e-05	
Num Msgs 128
SizeMsgs 2048
2.17e-04	2.14e-04	2.14e-04	2.14e-04	
Num Msgs 256
SizeMsgs 2048
9.71e-04	9.80e-04	9.88e-04	9.78e-04	
Num Msgs 512
SizeMsgs 2048
3.84e-03	3.83e-03	3.84e-03	3.85e-03	
Num Msgs 1024
SizeMsgs 2048
1.50e-02	1.39e-02	1.50e-02	1.40e-02	
Num Msgs 2048
SizeMsgs 2048
5.75e-02	5.30e-02	5.73e-02	5.28e-02	

Num Msgs 1
SizeMsgs 4096
7.42e-06	7.39e-06	7.40e-06	7.40e-06	
Num Msgs 2
SizeMsgs 4096
1.17e-05	1.17e-05	1.17e-05	1.17e-05	
Num Msgs 4
SizeMsgs 4096
2.21e-05	2.21e-05	2.21e-05	2.21e-05	
Num Msgs 8
SizeMsgs 4096
2.48e-05	2.48e-05	2.48e-05	2.48e-05	
Num Msgs 16
SizeMsgs 4096
3.11e-05	3.11e-05	3.11e-05	3.10e-05	
Num Msgs 32
SizeMsgs 4096
4.22e-05	4.24e-05	4.22e-05	4.22e-05	
Num Msgs 64
SizeMsgs 4096
7.19e-05	7.20e-05	7.19e-05	7.19e-05	
Num Msgs 128
SizeMsgs 4096
2.24e-04	2.19e-04	2.19e-04	2.19e-04	
Num Msgs 256
SizeMsgs 4096
9.72e-04	9.96e-04	9.94e-04	9.73e-04	
Num Msgs 512
SizeMsgs 4096
3.86e-03	3.83e-03	3.82e-03	3.82e-03	
Num Msgs 1024
SizeMsgs 4096
1.51e-02	1.41e-02	1.51e-02	1.39e-02	
Num Msgs 2048
SizeMsgs 4096
5.75e-02	5.28e-02	5.75e-02	5.28e-02	
Num Msgs 4096
SizeMsgs 4096
2.24e-01	2.06e-01	2.26e-01	2.06e-01	

Num Msgs 1
SizeMsgs 8192
1.08e-05	1.08e-05	1.08e-05	1.08e-05	
Num Msgs 2
SizeMsgs 8192
1.52e-05	1.52e-05	1.52e-05	1.52e-05	
Num Msgs 4
SizeMsgs 8192
2.31e-05	2.31e-05	2.31e-05	2.31e-05	
Num Msgs 8
SizeMsgs 8192
4.29e-05	4.29e-05	4.29e-05	4.29e-05	
Num Msgs 16
SizeMsgs 8192
4.86e-05	4.86e-05	4.84e-05	4.86e-05	
Num Msgs 32
SizeMsgs 8192
6.06e-05	6.05e-05	6.03e-05	6.07e-05	
Num Msgs 64
SizeMsgs 8192
8.65e-05	8.65e-05	8.65e-05	8.67e-05	
Num Msgs 128
SizeMsgs 8192
2.41e-04	2.41e-04	2.41e-04	2.40e-04	
Num Msgs 256
SizeMsgs 8192
9.82e-04	1.01e-03	1.00e-03	9.80e-04	
Num Msgs 512
SizeMsgs 8192
3.84e-03	3.87e-03	3.84e-03	3.83e-03	
Num Msgs 1024
SizeMsgs 8192
1.51e-02	1.40e-02	1.50e-02	1.38e-02	
Num Msgs 2048
SizeMsgs 8192
5.77e-02	5.30e-02	5.76e-02	5.29e-02	
Num Msgs 4096
SizeMsgs 8192
2.24e-01	2.06e-01	2.24e-01	2.06e-01	
Num Msgs 8192
SizeMsgs 8192
1.01e+00	9.18e-01	1.01e+00	9.18e-01	

Num Msgs 1
SizeMsgs 16384
1.89e-05	1.72e-05	1.84e-05	1.86e-05	
Num Msgs 2
SizeMsgs 16384
2.16e-05	2.17e-05	2.32e-05	2.28e-05	
Num Msgs 4
SizeMsgs 16384
3.06e-05	3.05e-05	3.23e-05	3.14e-05	
Num Msgs 8
SizeMsgs 16384
4.68e-05	4.68e-05	4.69e-05	4.67e-05	
Num Msgs 16
SizeMsgs 16384
8.46e-05	8.50e-05	8.53e-05	8.50e-05	
Num Msgs 32
SizeMsgs 16384
9.59e-05	9.57e-05	9.59e-05	9.59e-05	
Num Msgs 64
SizeMsgs 16384
1.21e-04	1.21e-04	1.21e-04	1.21e-04	
Num Msgs 128
SizeMsgs 16384
2.70e-04	2.70e-04	2.70e-04	2.70e-04	
Num Msgs 256
SizeMsgs 16384
1.02e-03	1.05e-03	1.01e-03	1.04e-03	
Num Msgs 512
SizeMsgs 16384
3.86e-03	3.86e-03	3.90e-03	3.85e-03	
Num Msgs 1024
SizeMsgs 16384
1.51e-02	1.40e-02	1.49e-02	1.40e-02	
Num Msgs 2048
SizeMsgs 16384
5.77e-02	5.28e-02	5.76e-02	5.28e-02	
Num Msgs 4096
SizeMsgs 16384
2.25e-01	2.06e-01	2.24e-01	2.06e-01	
Num Msgs 8192
SizeMsgs 16384
1.01e+00	9.18e-01	1.01e+00	9.18e-01	
Num Msgs 16384
SizeMsgs 16384
4.91e+00	4.45e+00	4.91e+00	4.46e+00	

Num Msgs 1
SizeMsgs 32768
3.36e-05	3.36e-05	3.10e-05	3.37e-05	
Num Msgs 2
SizeMsgs 32768
3.54e-05	3.75e-05	3.55e-05	3.75e-05	
Num Msgs 4
SizeMsgs 32768
4.47e-05	4.63e-05	4.51e-05	4.62e-05	
Num Msgs 8
SizeMsgs 32768
6.48e-05	6.47e-05	6.49e-05	6.47e-05	
Num Msgs 16
SizeMsgs 32768
9.86e-05	9.81e-05	9.59e-05	9.83e-05	
Num Msgs 32
SizeMsgs 32768
1.67e-04	1.67e-04	1.68e-04	1.68e-04	
Num Msgs 64
SizeMsgs 32768
1.86e-04	1.86e-04	1.86e-04	1.86e-04	
Num Msgs 128
SizeMsgs 32768
3.31e-04	3.29e-04	3.29e-04	3.29e-04	
Num Msgs 256
SizeMsgs 32768
1.07e-03	1.09e-03	1.07e-03	1.09e-03	
Num Msgs 512
SizeMsgs 32768
3.96e-03	3.95e-03	3.94e-03	3.94e-03	
Num Msgs 1024
SizeMsgs 32768
1.51e-02	1.41e-02	1.52e-02	1.39e-02	
Num Msgs 2048
SizeMsgs 32768
5.76e-02	5.30e-02	5.76e-02	5.30e-02	
Num Msgs 4096
SizeMsgs 32768
2.25e-01	2.06e-01	2.24e-01	2.06e-01	
Num Msgs 8192
SizeMsgs 32768
1.01e+00	9.19e-01	1.01e+00	9.19e-01	
Num Msgs 16384
SizeMsgs 32768
4.91e+00	4.46e+00	4.91e+00	4.46e+00	

Num Msgs 1
SizeMsgs 65536
6.65e-05	6.21e-05	6.24e-05	6.21e-05	
Num Msgs 2
SizeMsgs 65536
6.63e-05	6.52e-05	6.53e-05	6.54e-05	
Num Msgs 4
SizeMsgs 65536
7.34e-05	7.33e-05	7.33e-05	7.33e-05	
Num Msgs 8
SizeMsgs 65536
9.22e-05	9.22e-05	9.21e-05	9.21e-05	
Num Msgs 16
SizeMsgs 65536
1.32e-04	1.29e-04	1.29e-04	1.29e-04	
Num Msgs 32
SizeMsgs 65536
2.02e-04	2.02e-04	2.02e-04	2.02e-04	
Num Msgs 64
SizeMsgs 65536
3.30e-04	3.30e-04	3.30e-04	3.30e-04	
Num Msgs 128
SizeMsgs 65536
4.30e-04	4.28e-04	4.29e-04	4.28e-04	
Num Msgs 256
SizeMsgs 65536
1.19e-03	1.19e-03	1.19e-03	1.19e-03	
Num Msgs 512
SizeMsgs 65536
4.03e-03	4.03e-03	4.04e-03	4.03e-03	
Num Msgs 1024
SizeMsgs 65536
1.54e-02	1.43e-02	1.53e-02	1.42e-02	
Num Msgs 2048
SizeMsgs 65536
5.78e-02	5.30e-02	5.77e-02	5.30e-02	
Num Msgs 4096
SizeMsgs 65536
2.25e-01	2.07e-01	2.25e-01	2.07e-01	
Num Msgs 8192
SizeMsgs 65536
1.01e+00	9.19e-01	1.01e+00	9.19e-01	
Num Msgs 16384
SizeMsgs 65536
4.91e+00	4.46e+00	4.91e+00	4.46e+00	
Application 66148999 resources: utime ~3043s, stime ~10s, Rss ~22628, inblocks ~6994, outblocks ~16454
